000 (1044.001.000) 2022-12-22 14:14:56 Job submitted from host: <10.87.28.129:9618?addrs=10.87.28.129-9618&alias=timmermans.esat.kuleuven.be&noUDP&sock=schedd_2118_59ad>
...
001 (1044.001.000) 2022-12-22 14:15:02 Job executing on host: <10.87.24.49:9618?addrs=10.87.24.49-9618&alias=euler.esat.kuleuven.be&noUDP&sock=startd_1771_5650>
...
006 (1044.001.000) 2022-12-22 14:15:11 Image size of job updated: 2263576
	150  -  MemoryUsage of job (MB)
	152932  -  ResidentSetSize of job (KB)
...
006 (1044.001.000) 2022-12-22 14:20:12 Image size of job updated: 20068560
	6381  -  MemoryUsage of job (MB)
	6533416  -  ResidentSetSize of job (KB)
...
006 (1044.001.000) 2022-12-22 14:25:13 Image size of job updated: 20068560
	6381  -  MemoryUsage of job (MB)
	6533628  -  ResidentSetSize of job (KB)
...
005 (1044.001.000) 2022-12-23 14:28:54 Job terminated.
	(1) Normal termination (return value 0)
		Usr 2 16:40:17, Sys 0 02:35:54  -  Run Remote Usage
		Usr 0 00:00:00, Sys 0 00:00:00  -  Run Local Usage
		Usr 2 16:40:17, Sys 0 02:35:54  -  Total Remote Usage
		Usr 0 00:00:00, Sys 0 00:00:00  -  Total Local Usage
	0  -  Run Bytes Sent By Job
	0  -  Run Bytes Received By Job
	0  -  Total Bytes Sent By Job
	0  -  Total Bytes Received By Job
	Partitionable Resources :    Usage  Request Allocated Assigned
	   Cpus                 :     1.94        8         8 
	   Disk (KB)            :     1           1   7367279 
	   Gpus (Average)       :     0.16        1         1 "CUDA1"
	   GpusMemory (MB)      :  5049                       
	   Memory (MB)          :  6381       16384     16384 

	Job terminated of its own accord at 2022-12-23T13:28:54Z.
...
