[INFO]: Hi, This is root.
[INFO]: After the configurations are successfully processed and dirs are created.
[INFO]: The pipeline of the project will begin now.
2022/12/22 14:15:27	INFO	wandb	Watching
Traceback (most recent call last):
  File "/users/sista/kkontras/Documents/Sleep_Project/main_paper_7.py", line 35, in <module>
    main()
  File "/users/sista/kkontras/Documents/Sleep_Project/main_paper_7.py", line 31, in main
    agent.run()
  File "/users/sista/kkontras/Documents/Sleep_Project/agents/sleep_test/train_c_agent.py", line 180, in run
    self.trainer.sleep_train_step(trial)
  File "/users/sista/kkontras/Documents/Sleep_Project/agents/sleep_test/helpers/Trainer.py", line 52, in sleep_train_step
    loss, pred, label, incomplete_idx  = self.this_train_step_func(served_dict)
  File "/users/sista/kkontras/Documents/Sleep_Project/agents/sleep_test/helpers/Trainer.py", line 321, in sleep_train_one_step_alignment_order_multisupervised
    total_loss.backward()
  File "/esat/smcdata/users/kkontras/Image_Dataset/no_backup/envs/gl_env/lib/python3.7/site-packages/torch/_tensor.py", line 488, in backward
    self, gradient, retain_graph, create_graph, inputs=inputs
  File "/esat/smcdata/users/kkontras/Image_Dataset/no_backup/envs/gl_env/lib/python3.7/site-packages/torch/autograd/__init__.py", line 199, in backward
    allow_unreachable=True, accumulate_grad=True)  # Calls into the C++ engine to run the backward pass
torch.cuda.OutOfMemoryError: CUDA out of memory. Tried to allocate 80.00 MiB (GPU 0; 11.76 GiB total capacity; 1.80 GiB already allocated; 11.56 MiB free; 1.96 GiB reserved in total by PyTorch) If reserved memory is >> allocated memory try setting max_split_size_mb to avoid fragmentation.  See documentation for Memory Management and PYTORCH_CUDA_ALLOC_CONF
