000 (1044.000.000) 2022-12-22 14:14:56 Job submitted from host: <10.87.28.129:9618?addrs=10.87.28.129-9618&alias=timmermans.esat.kuleuven.be&noUDP&sock=schedd_2118_59ad>
...
001 (1044.000.000) 2022-12-22 14:15:06 Job executing on host: <10.87.24.51:9618?addrs=10.87.24.51-9618&alias=spchcl18.esat.kuleuven.be&noUDP&sock=startd_3964_8d81>
...
006 (1044.000.000) 2022-12-22 14:15:14 Image size of job updated: 181756
	178  -  MemoryUsage of job (MB)
	181752  -  ResidentSetSize of job (KB)
...
006 (1044.000.000) 2022-12-22 14:20:14 Image size of job updated: 22409408
	5627  -  MemoryUsage of job (MB)
	5761952  -  ResidentSetSize of job (KB)
...
006 (1044.000.000) 2022-12-22 14:25:15 Image size of job updated: 22429048
	5637  -  MemoryUsage of job (MB)
	5771784  -  ResidentSetSize of job (KB)
...
006 (1044.000.000) 2022-12-22 14:30:16 Image size of job updated: 22429048
	5647  -  MemoryUsage of job (MB)
	5781604  -  ResidentSetSize of job (KB)
...
006 (1044.000.000) 2022-12-22 14:35:16 Image size of job updated: 22429048
	5647  -  MemoryUsage of job (MB)
	5782252  -  ResidentSetSize of job (KB)
...
006 (1044.000.000) 2022-12-22 14:40:16 Image size of job updated: 22429048
	5651  -  MemoryUsage of job (MB)
	5785936  -  ResidentSetSize of job (KB)
...
009 (1044.000.000) 2022-12-25 14:15:12 Job was aborted.
	The system macro SYSTEM_PERIODIC_REMOVE expression '(JobStatus == 5 && CurrentTime - EnteredCurrentStatus > 3600 * 24 * 30) || (JobStatus == 4 && CurrentTime - EnteredCurrentStatus > 3600 * 24 * 30) || (JobStatus == 1 && CurrentTime - EnteredCurrentStatus > 3600 * 24 * 90) || (JobStatus == 2 && (ProportionalSetSizeKb > (1024 * My.RequestMemory))) || (JobStatus == 2 && ((RemoteWallClockTime - CumulativeSuspensionTime) > My.RequestWalltime))' evaluated to TRUE
...
