000 (1045.001.000) 2022-12-22 14:29:28 Job submitted from host: <10.87.28.129:9618?addrs=10.87.28.129-9618&alias=timmermans.esat.kuleuven.be&noUDP&sock=schedd_2118_59ad>
...
001 (1045.001.000) 2022-12-22 14:29:35 Job executing on host: <10.87.24.55:9618?addrs=10.87.24.55-9618&alias=spchcl24.esat.kuleuven.be&noUDP&sock=startd_2078_e9e4>
...
006 (1045.001.000) 2022-12-22 14:29:43 Image size of job updated: 153532
	57  -  MemoryUsage of job (MB)
	58340  -  ResidentSetSize of job (KB)
...
006 (1045.001.000) 2022-12-22 14:30:25 Image size of job updated: 281411748
	57  -  MemoryUsage of job (MB)
	58340  -  ResidentSetSize of job (KB)
...
005 (1045.001.000) 2022-12-22 14:30:25 Job terminated.
	(1) Normal termination (return value 0)
		Usr 0 00:00:16, Sys 0 00:00:05  -  Run Remote Usage
		Usr 0 00:00:00, Sys 0 00:00:00  -  Run Local Usage
		Usr 0 00:00:16, Sys 0 00:00:05  -  Total Remote Usage
		Usr 0 00:00:00, Sys 0 00:00:00  -  Total Local Usage
	0  -  Run Bytes Sent By Job
	0  -  Run Bytes Received By Job
	0  -  Total Bytes Sent By Job
	0  -  Total Bytes Received By Job
	Partitionable Resources :    Usage  Request Allocated Assigned
	   Cpus                 :                 8         8 
	   Disk (KB)            :        1        1    265513 
	   Gpus (Average)       :                 1         1 "CUDA0"
	   Memory (MB)          :       57    16384     16384 

	Job terminated of its own accord at 2022-12-22T13:30:25Z.
...
