000 (1045.002.000) 2022-12-22 14:29:28 Job submitted from host: <10.87.28.129:9618?addrs=10.87.28.129-9618&alias=timmermans.esat.kuleuven.be&noUDP&sock=schedd_2118_59ad>
...
001 (1045.002.000) 2022-12-22 14:29:32 Job executing on host: <10.87.24.100:9618?addrs=10.87.24.100-9618&alias=vladimir.esat.kuleuven.be&noUDP&sock=startd_2101_b091>
...
006 (1045.002.000) 2022-12-22 14:29:41 Image size of job updated: 2275612
	57  -  MemoryUsage of job (MB)
	57684  -  ResidentSetSize of job (KB)
...
006 (1045.002.000) 2022-12-22 14:34:41 Image size of job updated: 224969236
	3768  -  MemoryUsage of job (MB)
	3857792  -  ResidentSetSize of job (KB)
...
006 (1045.002.000) 2022-12-22 14:39:41 Image size of job updated: 225193740
	3768  -  MemoryUsage of job (MB)
	3857792  -  ResidentSetSize of job (KB)
...
006 (1045.002.000) 2022-12-22 14:44:42 Image size of job updated: 225424468
	3768  -  MemoryUsage of job (MB)
	3857792  -  ResidentSetSize of job (KB)
...
006 (1045.002.000) 2022-12-22 14:49:43 Image size of job updated: 225460088
	3768  -  MemoryUsage of job (MB)
	3857792  -  ResidentSetSize of job (KB)
...
006 (1045.002.000) 2022-12-22 15:04:45 Image size of job updated: 236693516
	3768  -  MemoryUsage of job (MB)
	3857792  -  ResidentSetSize of job (KB)
...
006 (1045.002.000) 2022-12-22 15:14:45 Image size of job updated: 236726608
	3768  -  MemoryUsage of job (MB)
	3857792  -  ResidentSetSize of job (KB)
...
006 (1045.002.000) 2022-12-22 16:09:52 Image size of job updated: 236730760
	3768  -  MemoryUsage of job (MB)
	3857792  -  ResidentSetSize of job (KB)
...
006 (1045.002.000) 2022-12-22 16:19:52 Image size of job updated: 236760448
	3768  -  MemoryUsage of job (MB)
	3857792  -  ResidentSetSize of job (KB)
...
006 (1045.002.000) 2022-12-22 16:24:53 Image size of job updated: 236770264
	3768  -  MemoryUsage of job (MB)
	3857792  -  ResidentSetSize of job (KB)
...
006 (1045.002.000) 2022-12-22 16:29:54 Image size of job updated: 236799808
	3768  -  MemoryUsage of job (MB)
	3857792  -  ResidentSetSize of job (KB)
...
006 (1045.002.000) 2022-12-22 17:30:00 Image size of job updated: 236820208
	3768  -  MemoryUsage of job (MB)
	3857792  -  ResidentSetSize of job (KB)
...
006 (1045.002.000) 2022-12-22 17:55:03 Image size of job updated: 236827200
	3768  -  MemoryUsage of job (MB)
	3857792  -  ResidentSetSize of job (KB)
...
006 (1045.002.000) 2022-12-22 18:45:09 Image size of job updated: 236830080
	3768  -  MemoryUsage of job (MB)
	3857792  -  ResidentSetSize of job (KB)
...
006 (1045.002.000) 2022-12-22 18:50:09 Image size of job updated: 236831872
	3768  -  MemoryUsage of job (MB)
	3857792  -  ResidentSetSize of job (KB)
...
006 (1045.002.000) 2022-12-22 19:40:15 Image size of job updated: 236858096
	3768  -  MemoryUsage of job (MB)
	3857792  -  ResidentSetSize of job (KB)
...
006 (1045.002.000) 2022-12-22 20:55:22 Image size of job updated: 236865196
	3768  -  MemoryUsage of job (MB)
	3857792  -  ResidentSetSize of job (KB)
...
006 (1045.002.000) 2022-12-22 21:00:23 Image size of job updated: 236865204
	3768  -  MemoryUsage of job (MB)
	3857792  -  ResidentSetSize of job (KB)
...
006 (1045.002.000) 2022-12-22 21:25:25 Image size of job updated: 236876104
	3768  -  MemoryUsage of job (MB)
	3857792  -  ResidentSetSize of job (KB)
...
006 (1045.002.000) 2022-12-22 21:30:26 Image size of job updated: 236885908
	3768  -  MemoryUsage of job (MB)
	3857792  -  ResidentSetSize of job (KB)
...
006 (1045.002.000) 2022-12-22 21:45:27 Image size of job updated: 236925124
	3768  -  MemoryUsage of job (MB)
	3857792  -  ResidentSetSize of job (KB)
...
006 (1045.002.000) 2022-12-22 23:05:34 Image size of job updated: 236936868
	3768  -  MemoryUsage of job (MB)
	3857792  -  ResidentSetSize of job (KB)
...
006 (1045.002.000) 2022-12-22 23:10:35 Image size of job updated: 236956536
	3768  -  MemoryUsage of job (MB)
	3857792  -  ResidentSetSize of job (KB)
...
006 (1045.002.000) 2022-12-22 23:15:36 Image size of job updated: 236959656
	3768  -  MemoryUsage of job (MB)
	3857792  -  ResidentSetSize of job (KB)
...
006 (1045.002.000) 2022-12-23 00:30:44 Image size of job updated: 236963692
	3768  -  MemoryUsage of job (MB)
	3857792  -  ResidentSetSize of job (KB)
...
006 (1045.002.000) 2022-12-23 00:40:45 Image size of job updated: 236965484
	3768  -  MemoryUsage of job (MB)
	3857792  -  ResidentSetSize of job (KB)
...
006 (1045.002.000) 2022-12-23 00:50:48 Image size of job updated: 236972296
	3768  -  MemoryUsage of job (MB)
	3857792  -  ResidentSetSize of job (KB)
...
006 (1045.002.000) 2022-12-23 01:05:49 Image size of job updated: 236976744
	3768  -  MemoryUsage of job (MB)
	3857792  -  ResidentSetSize of job (KB)
...
006 (1045.002.000) 2022-12-23 01:10:50 Image size of job updated: 236978532
	3768  -  MemoryUsage of job (MB)
	3857792  -  ResidentSetSize of job (KB)
...
006 (1045.002.000) 2022-12-23 01:15:50 Image size of job updated: 236978536
	3768  -  MemoryUsage of job (MB)
	3857792  -  ResidentSetSize of job (KB)
...
006 (1045.002.000) 2022-12-23 01:25:51 Image size of job updated: 236985676
	3768  -  MemoryUsage of job (MB)
	3857792  -  ResidentSetSize of job (KB)
...
006 (1045.002.000) 2022-12-23 01:45:52 Image size of job updated: 237000196
	3768  -  MemoryUsage of job (MB)
	3857792  -  ResidentSetSize of job (KB)
...
006 (1045.002.000) 2022-12-23 02:10:54 Image size of job updated: 237001352
	3768  -  MemoryUsage of job (MB)
	3857792  -  ResidentSetSize of job (KB)
...
006 (1045.002.000) 2022-12-23 02:20:55 Image size of job updated: 237037228
	3768  -  MemoryUsage of job (MB)
	3857792  -  ResidentSetSize of job (KB)
...
006 (1045.002.000) 2022-12-23 02:51:03 Image size of job updated: 237044204
	3768  -  MemoryUsage of job (MB)
	3857792  -  ResidentSetSize of job (KB)
...
006 (1045.002.000) 2022-12-23 03:10:58 Image size of job updated: 237049308
	3768  -  MemoryUsage of job (MB)
	3857792  -  ResidentSetSize of job (KB)
...
006 (1045.002.000) 2022-12-23 03:15:59 Image size of job updated: 237056756
	3768  -  MemoryUsage of job (MB)
	3857792  -  ResidentSetSize of job (KB)
...
006 (1045.002.000) 2022-12-23 03:31:01 Image size of job updated: 237079224
	3768  -  MemoryUsage of job (MB)
	3857792  -  ResidentSetSize of job (KB)
...
006 (1045.002.000) 2022-12-23 04:36:06 Image size of job updated: 237084976
	3768  -  MemoryUsage of job (MB)
	3857792  -  ResidentSetSize of job (KB)
...
006 (1045.002.000) 2022-12-23 04:41:07 Image size of job updated: 237084996
	3768  -  MemoryUsage of job (MB)
	3857792  -  ResidentSetSize of job (KB)
...
006 (1045.002.000) 2022-12-23 04:56:09 Image size of job updated: 237105868
	3768  -  MemoryUsage of job (MB)
	3857792  -  ResidentSetSize of job (KB)
...
006 (1045.002.000) 2022-12-23 05:11:10 Image size of job updated: 237107628
	3768  -  MemoryUsage of job (MB)
	3857792  -  ResidentSetSize of job (KB)
...
006 (1045.002.000) 2022-12-23 05:36:13 Image size of job updated: 237138816
	3768  -  MemoryUsage of job (MB)
	3857792  -  ResidentSetSize of job (KB)
...
006 (1045.002.000) 2022-12-23 06:56:22 Image size of job updated: 237148308
	3768  -  MemoryUsage of job (MB)
	3857792  -  ResidentSetSize of job (KB)
...
006 (1045.002.000) 2022-12-23 07:16:25 Image size of job updated: 237162748
	3768  -  MemoryUsage of job (MB)
	3857792  -  ResidentSetSize of job (KB)
...
006 (1045.002.000) 2022-12-23 07:46:29 Image size of job updated: 237180204
	3768  -  MemoryUsage of job (MB)
	3857792  -  ResidentSetSize of job (KB)
...
006 (1045.002.000) 2022-12-23 08:56:36 Image size of job updated: 237191080
	3768  -  MemoryUsage of job (MB)
	3857792  -  ResidentSetSize of job (KB)
...
006 (1045.002.000) 2022-12-23 09:01:36 Image size of job updated: 237200268
	3768  -  MemoryUsage of job (MB)
	3857792  -  ResidentSetSize of job (KB)
...
006 (1045.002.000) 2022-12-23 09:21:37 Image size of job updated: 237213676
	3768  -  MemoryUsage of job (MB)
	3857792  -  ResidentSetSize of job (KB)
...
006 (1045.002.000) 2022-12-23 09:41:40 Image size of job updated: 237259024
	3768  -  MemoryUsage of job (MB)
	3857792  -  ResidentSetSize of job (KB)
...
006 (1045.002.000) 2022-12-23 10:41:47 Image size of job updated: 237265032
	3768  -  MemoryUsage of job (MB)
	3857792  -  ResidentSetSize of job (KB)
...
006 (1045.002.000) 2022-12-23 11:26:51 Image size of job updated: 237267388
	3768  -  MemoryUsage of job (MB)
	3857792  -  ResidentSetSize of job (KB)
...
006 (1045.002.000) 2022-12-23 11:56:55 Image size of job updated: 237295264
	3768  -  MemoryUsage of job (MB)
	3857792  -  ResidentSetSize of job (KB)
...
004 (1045.002.000) 2022-12-23 12:05:13 Job was evicted.
	(0) CPU times
		Usr 2 06:53:32, Sys 0 17:46:48  -  Run Remote Usage
		Usr 0 00:00:00, Sys 0 00:00:00  -  Run Local Usage
	0  -  Run Bytes Sent By Job
	0  -  Run Bytes Received By Job
	Partitionable Resources :    Usage  Request Allocated Assigned
	   Cpus                 :     2.02        8         8 
	   Disk (KB)            :     1           1   6537725 
	   Gpus (Average)       :     0.41        1         1 "CUDA0"
	   GpusMemory (MB)      :  1521                       
	   Memory (MB)          :  3768       16384     16384 
...
009 (1045.002.000) 2022-12-23 12:05:13 Job was aborted.
	via condor_rm (by user kkontras)
...
