000 (1046.000.000) 2022-12-26 01:56:10 Job submitted from host: <10.87.28.129:9618?addrs=10.87.28.129-9618&alias=timmermans.esat.kuleuven.be&noUDP&sock=schedd_2118_59ad>
...
001 (1046.000.000) 2022-12-26 01:56:12 Job executing on host: <10.87.24.48:9618?addrs=10.87.24.48-9618&alias=askoy.esat.kuleuven.be&noUDP&sock=startd_1804_f8f0>
...
006 (1046.000.000) 2022-12-26 01:56:21 Image size of job updated: 404960
	173  -  MemoryUsage of job (MB)
	176584  -  ResidentSetSize of job (KB)
...
006 (1046.000.000) 2022-12-26 02:01:22 Image size of job updated: 573612492
	6847  -  MemoryUsage of job (MB)
	7011180  -  ResidentSetSize of job (KB)
...
006 (1046.000.000) 2022-12-26 02:06:22 Image size of job updated: 576979652
	6847  -  MemoryUsage of job (MB)
	7011180  -  ResidentSetSize of job (KB)
...
006 (1046.000.000) 2022-12-26 02:11:22 Image size of job updated: 578544556
	6847  -  MemoryUsage of job (MB)
	7011180  -  ResidentSetSize of job (KB)
...
006 (1046.000.000) 2022-12-26 02:16:23 Image size of job updated: 578559312
	6847  -  MemoryUsage of job (MB)
	7011180  -  ResidentSetSize of job (KB)
...
006 (1046.000.000) 2022-12-26 02:21:23 Image size of job updated: 578576468
	6847  -  MemoryUsage of job (MB)
	7011180  -  ResidentSetSize of job (KB)
...
006 (1046.000.000) 2022-12-26 02:26:23 Image size of job updated: 578805584
	6847  -  MemoryUsage of job (MB)
	7011180  -  ResidentSetSize of job (KB)
...
006 (1046.000.000) 2022-12-26 02:31:24 Image size of job updated: 580294316
	6847  -  MemoryUsage of job (MB)
	7011180  -  ResidentSetSize of job (KB)
...
006 (1046.000.000) 2022-12-26 02:36:25 Image size of job updated: 580325132
	6847  -  MemoryUsage of job (MB)
	7011180  -  ResidentSetSize of job (KB)
...
006 (1046.000.000) 2022-12-26 03:01:27 Image size of job updated: 686492076
	6847  -  MemoryUsage of job (MB)
	7011180  -  ResidentSetSize of job (KB)
...
006 (1046.000.000) 2022-12-26 03:06:28 Image size of job updated: 687276944
	6847  -  MemoryUsage of job (MB)
	7011180  -  ResidentSetSize of job (KB)
...
006 (1046.000.000) 2022-12-26 03:11:29 Image size of job updated: 687281856
	6847  -  MemoryUsage of job (MB)
	7011180  -  ResidentSetSize of job (KB)
...
006 (1046.000.000) 2022-12-26 03:16:29 Image size of job updated: 687380080
	6847  -  MemoryUsage of job (MB)
	7011180  -  ResidentSetSize of job (KB)
...
006 (1046.000.000) 2022-12-26 03:21:29 Image size of job updated: 687424280
	6847  -  MemoryUsage of job (MB)
	7011180  -  ResidentSetSize of job (KB)
...
006 (1046.000.000) 2022-12-26 03:26:30 Image size of job updated: 687448304
	6847  -  MemoryUsage of job (MB)
	7011180  -  ResidentSetSize of job (KB)
...
006 (1046.000.000) 2022-12-26 03:31:31 Image size of job updated: 687458128
	6847  -  MemoryUsage of job (MB)
	7011180  -  ResidentSetSize of job (KB)
...
006 (1046.000.000) 2022-12-26 03:41:32 Image size of job updated: 687458132
	6847  -  MemoryUsage of job (MB)
	7011180  -  ResidentSetSize of job (KB)
...
006 (1046.000.000) 2022-12-26 03:46:33 Image size of job updated: 687467940
	6847  -  MemoryUsage of job (MB)
	7011180  -  ResidentSetSize of job (KB)
...
006 (1046.000.000) 2022-12-26 03:51:33 Image size of job updated: 687467952
	6847  -  MemoryUsage of job (MB)
	7011180  -  ResidentSetSize of job (KB)
...
006 (1046.000.000) 2022-12-26 04:06:35 Image size of job updated: 687851112
	6847  -  MemoryUsage of job (MB)
	7011180  -  ResidentSetSize of job (KB)
...
006 (1046.000.000) 2022-12-26 04:11:35 Image size of job updated: 687860944
	6847  -  MemoryUsage of job (MB)
	7011180  -  ResidentSetSize of job (KB)
...
006 (1046.000.000) 2022-12-26 04:26:37 Image size of job updated: 687865304
	6847  -  MemoryUsage of job (MB)
	7011180  -  ResidentSetSize of job (KB)
...
006 (1046.000.000) 2022-12-26 04:46:39 Image size of job updated: 688026740
	6847  -  MemoryUsage of job (MB)
	7011180  -  ResidentSetSize of job (KB)
...
006 (1046.000.000) 2022-12-26 07:16:57 Image size of job updated: 688089092
	6847  -  MemoryUsage of job (MB)
	7011180  -  ResidentSetSize of job (KB)
...
006 (1046.000.000) 2022-12-26 07:21:57 Image size of job updated: 688329324
	6847  -  MemoryUsage of job (MB)
	7011180  -  ResidentSetSize of job (KB)
...
006 (1046.000.000) 2022-12-26 07:47:00 Image size of job updated: 688343488
	6847  -  MemoryUsage of job (MB)
	7011180  -  ResidentSetSize of job (KB)
...
006 (1046.000.000) 2022-12-26 10:37:19 Image size of job updated: 688453080
	6847  -  MemoryUsage of job (MB)
	7011180  -  ResidentSetSize of job (KB)
...
006 (1046.000.000) 2022-12-26 14:32:42 Image size of job updated: 688460312
	6847  -  MemoryUsage of job (MB)
	7011180  -  ResidentSetSize of job (KB)
...
006 (1046.000.000) 2022-12-26 14:37:42 Image size of job updated: 688764932
	6847  -  MemoryUsage of job (MB)
	7011180  -  ResidentSetSize of job (KB)
...
006 (1046.000.000) 2022-12-26 14:42:42 Image size of job updated: 688798788
	6847  -  MemoryUsage of job (MB)
	7011180  -  ResidentSetSize of job (KB)
...
006 (1046.000.000) 2022-12-26 14:47:43 Image size of job updated: 688867616
	6847  -  MemoryUsage of job (MB)
	7011180  -  ResidentSetSize of job (KB)
...
006 (1046.000.000) 2022-12-26 16:17:53 Image size of job updated: 689025016
	6847  -  MemoryUsage of job (MB)
	7011180  -  ResidentSetSize of job (KB)
...
006 (1046.000.000) 2022-12-26 17:38:01 Image size of job updated: 689048968
	6847  -  MemoryUsage of job (MB)
	7011180  -  ResidentSetSize of job (KB)
...
006 (1046.000.000) 2022-12-26 20:43:20 Image size of job updated: 689168680
	6847  -  MemoryUsage of job (MB)
	7011180  -  ResidentSetSize of job (KB)
...
006 (1046.000.000) 2022-12-26 22:03:27 Image size of job updated: 689302944
	6847  -  MemoryUsage of job (MB)
	7011180  -  ResidentSetSize of job (KB)
...
006 (1046.000.000) 2022-12-26 22:23:30 Image size of job updated: 689484188
	6847  -  MemoryUsage of job (MB)
	7011180  -  ResidentSetSize of job (KB)
...
006 (1046.000.000) 2022-12-26 23:23:36 Image size of job updated: 689563056
	6847  -  MemoryUsage of job (MB)
	7011180  -  ResidentSetSize of job (KB)
...
006 (1046.000.000) 2022-12-27 00:03:41 Image size of job updated: 689587044
	6847  -  MemoryUsage of job (MB)
	7011180  -  ResidentSetSize of job (KB)
...
005 (1046.000.000) 2022-12-27 01:15:54 Job terminated.
	(1) Normal termination (return value 0)
		Usr 1 20:57:14, Sys 1 11:16:10  -  Run Remote Usage
		Usr 0 00:00:00, Sys 0 00:00:00  -  Run Local Usage
		Usr 1 20:57:14, Sys 1 11:16:10  -  Total Remote Usage
		Usr 0 00:00:00, Sys 0 00:00:00  -  Total Local Usage
	0  -  Run Bytes Sent By Job
	0  -  Run Bytes Received By Job
	0  -  Total Bytes Sent By Job
	0  -  Total Bytes Received By Job
	Partitionable Resources :    Usage  Request Allocated Assigned
	   Cpus                 :     4.63        8         8 
	   Disk (KB)            :     1           1   3905068 
	   Gpus (Average)       :                 1         1 "CUDA0"
	   Memory (MB)          :  6847       16384     16384 

	Job terminated of its own accord at 2022-12-27T00:15:54Z.
...
