Starting Job
/users/sista/kkontras/Documents/Sleep_Project/main_paper_1.py
/esat/smcdata/users/kkontras/Image_Dataset/no_backup/envs/gl_env/bin/python
Python 3.7.10
/users/sista/kkontras/Documents/Sleep_Project
0
 THE Configuration of your experiment ..
{'agent': 'Sleep_Agent_Init_Train',
 'augmentation': {},
 'channel': 0,
 'dataset': {'cache_datasets': {'test': False, 'train': False, 'valid': False},
             'data_roots': '/esat/biomeddata/SHHS_Dataset/no_backup',
             'data_split': {'split_method': 'patients_test',
                            'test_split_rate': 0.3,
                            'val_split_rate': 0.026},
             'data_view_dir': [{'data_type': 'stft',
                                'list_dir': 'patient_mat_list.txt',
                                'mod': 'eeg',
                                'num_ch': 1},
                               {'data_type': 'stft',
                                'list_dir': 'patient_eog_mat_list.txt',
                                'mod': 'eog',
                                'num_ch': 1}],
             'dataloader_class': 'SleepDataLoader_mat_huy',
             'huy_data': True,
             'inner_overlap': [0.5, 0.5],
             'keep_view': [1, 0],
             'seq_length': [21, 0],
             'seq_views': [False],
             'shuffle_train': True},
 'early_stopping': {'log_interval': 10,
                    'max_epoch': 1000,
                    'n_steps_stop': 250,
                    'n_steps_stop_after': 400,
                    'save_every': 1,
                    'validate_after': 0,
                    'validate_every': 400},
 'exp_name': 'Sleep EEG-EOG BLIP Experiment',
 'lr_finder': False,
 'lr_finder_steps': 100,
 'mode': 'train',
 'model': {'args': {'augment_within': False,
                    'dmodel': 128,
                    'dropout': 0.3,
                    'fc_inner': 1024,
                    'ignore_alignment_val': True,
                    'multi_loss': {'multi_loss_weights': {'alignment_loss': 0.1,
                                                          'multi_supervised_loss': {'combined': 1,
                                                                                    'eeg': 1,
                                                                                    'eog': 1},
                                                          'order_loss': 0}},
                    'num_classes': 5,
                    'shared_pred': False,
                    'three_modes': True,
                    'training_type': 'alignment_order_multisupervised'},
           'encoders': [{'args': {'align_inner': True,
                                  'd_model': 128,
                                  'dim_feedforward': 1024,
                                  'dim_proj': 128,
                                  'dropout': 0.3,
                                  'inner_biased': False,
                                  'mod_token': True,
                                  'num_heads': 8,
                                  'num_layers': 4,
                                  'outer_biased': False,
                                  'outer_rep': False,
                                  'pos': False,
                                  'rpos': True,
                                  'shared': True,
                                  'skip_random_mod': False},
                         'encoders': [],
                         'freeze_encoder': False,
                         'model': 'SleepEnc_EarlyConcat_3pass_EEG_EOG_free_cliplike',
                         'pretrainedEncoder': {'dir': '', 'use': False},
                         'savetrainedEncoder': {'dir': '', 'save': False}}],
           'load_ongoing': False,
           'model_class': 'EEG_SLEEP_BLIP_GM_MultiMode',
           'pretrained_model': {'dir': '', 'use': False},
           'save_dir': '/esat/smcdata/users/kkontras/Image_Dataset/no_backup/data/2021_data/shhs1/multi_modal/paper_models/fourier_transformer_eeg_eog_mat_BLIP_al01_shared_b16_freetrain_rpos_nopos_nonsharedpreds_Early_aligninner_v2_trial2_pt.pth.tar'},
 'normalization': {'calculate_metrics': False,
                   'dir': '/esat/biomeddata/SHHS_Dataset/no_backup/metrics_eeg_eog_emg_stft.pkl',
                   'metrics_type': 'train_dataset',
                   'save_metrics': False,
                   'use': True},
 'num_classes': 5,
 'num_modalities': 1,
 'optimizer': {'beta1': 0.9,
               'beta2': 0.999,
               'learning_rate': 0.0001,
               'momentum': 0.2,
               'type': 'Adam',
               'weight_decay': 0.0001},
 'plots': {'plot_stft_num': 0, 'save': False},
 'post_proc': {'post_proc_step': 15,
               'test_postprocessing': False,
               'val_postprocessing': False},
 'scheduler': {'max_lr': 0.03, 'type': 'cosanneal', 'warm_up': 55},
 'statistics': {'ce_weights': {'temp': 0.1, 'use': False}, 'print': False},
 'training_params': {'adversarial_training': {'adv_epsilon': 0.01,
                                              'use': False},
                     'async_loading': True,
                     'batch_size': 16,
                     'cuda': True,
                     'data_loader_workers': 16,
                     'gpu_device': [0],
                     'pin_memory': True,
                     'rec_test': False,
                     'res': True,
                     'seed': 35,
                     'tdqm_disable': True,
                     'test_batch_size': 16,
                     'test_on_tops': True,
                     'use_test_set': True,
                     'validation': True,
                     'verbose': True,
                     'wandb_disable': True}}
 *************************************** 
The experiment name is Sleep EEG-EOG BLIP Experiment
 *************************************** 
stft_eeg Train 3724 validation 100 test 1639
stft_eog Train 3724 validation 100 test 1639
{'use_type': False, 'skip_skips': True}
{'use_type': False, 'skip_skips': True}
{'use_type': False, 'skip_skips': True}
{'use_type': False, 'skip_skips': True}
Loading metrics from /esat/biomeddata/SHHS_Dataset/no_backup/metrics_eeg_eog_emg_stft.pkl
Weights are [1. 1. 1. 1. 1.]
11074
400
28
tensor([1., 1., 1., 1., 1.], device='cuda:0')
We are not shuffling the data
Training function is sleep_train_one_step_alignment_order_multisupervised
Loss Weights are {'combined': 1, 'eeg': 1, 'eog': 1, 'alignments': 0.1, 'order': 0, 'consistency': 0, 'reconstruction': 0}
We are not shuffling the data
<class 'graphs.models.attention_models.BLIP.SleepEnc_EarlyConcat_3pass_EEG_EOG_free_cliplike'>
Total number of trainable parameters are: 6781711
Available cuda devices: 1, current device:0
Total number of trainable parameters are: 6781711
[37mEpoch 0 step 1 with [31mce_loss_combined : 0.773505 [31mce_loss_eeg : 1.128213 [31mce_loss_eog : 1.174746 [31mtotal : 3.076464 [94mAcc_combined: 70.89 [94mAcc_eeg: 68.25 [94mAcc_eog: 64.11 [92mF1_combined: 52.71 [92mF1_eeg: 45.26 [92mF1_eog: 41.21 [92mK_combined: 0.5846 [92mK_eeg: 0.5337 [92mK_eog: 0.4662 [34mF1_perclass_combined: [79.97, 0.0, 75.14, 73.82, 34.62] [34mF1_perclass_eeg: [78.8, 0.0, 73.06, 74.44, 0.0] [34mF1_perclass_eog: [72.7, 0.0, 71.55, 61.45, 0.34] 
[37mEpoch 0 step 2 with [31mce_loss_combined : 0.688626 [31mce_loss_eeg : 1.056901 [31mce_loss_eog : 1.091694 [31mtotal : 2.837221 [94mAcc_combined: 77.24 [94mAcc_eeg: 70.58 [94mAcc_eog: 69.94 [92mF1_combined: 61.16 [92mF1_eeg: 48.15 [92mF1_eog: 55.41 [92mK_combined: 0.6724 [92mK_eeg: 0.5636 [92mK_eog: 0.5803 [34mF1_perclass_combined: [86.15, 0.0, 79.09, 77.83, 62.74] [34mF1_perclass_eeg: [84.21, 0.0, 73.72, 78.05, 4.75] [34mF1_perclass_eog: [77.3, 0.0, 70.91, 70.13, 58.71] 
[37mEpoch 0 step 3 with [31mce_loss_combined : 0.517615 [31mce_loss_eeg : 0.995149 [31mce_loss_eog : 1.034020 [31mtotal : 2.546783 [94mAcc_combined: 81.94 [94mAcc_eeg: 76.72 [94mAcc_eog: 73.67 [92mF1_combined: 65.99 [92mF1_eeg: 60.28 [92mF1_eog: 58.51 [92mK_combined: 0.7432 [92mK_eeg: 0.6621 [92mK_eog: 0.6232 [34mF1_perclass_combined: [87.11, 0.0, 84.19, 79.47, 79.18] [34mF1_perclass_eeg: [85.25, 0.0, 79.83, 76.4, 59.93] [34mF1_perclass_eog: [77.98, 0.0, 76.91, 68.44, 69.21] 
[37mEpoch 0 step 4 with [31mce_loss_combined : 0.524290 [31mce_loss_eeg : 0.971166 [31mce_loss_eog : 0.989688 [31mtotal : 2.485144 [94mAcc_combined: 80.96 [94mAcc_eeg: 77.19 [94mAcc_eog: 76.14 [92mF1_combined: 64.51 [92mF1_eeg: 60.68 [92mF1_eog: 60.63 [92mK_combined: 0.7257 [92mK_eeg: 0.6717 [92mK_eog: 0.6599 [34mF1_perclass_combined: [87.8, 2.92, 83.35, 66.58, 81.92] [34mF1_perclass_eeg: [86.25, 0.0, 80.2, 69.92, 67.02] [34mF1_perclass_eog: [81.39, 0.0, 78.9, 68.97, 73.91] 
[37mEpoch 0 step 8 with [31mce_loss_combined : 0.443843 [31mce_loss_eeg : 0.888453 [31mce_loss_eog : 0.921023 [31mtotal : 2.253318 [94mAcc_combined: 84.28 [94mAcc_eeg: 79.71 [94mAcc_eog: 77.82 [92mF1_combined: 71.74 [92mF1_eeg: 63.72 [92mF1_eog: 61.98 [92mK_combined: 0.7756 [92mK_eeg: 0.7111 [92mK_eog: 0.6828 [34mF1_perclass_combined: [90.32, 19.39, 85.8, 78.91, 84.28] [34mF1_perclass_eeg: [87.35, 0.0, 82.53, 78.25, 70.45] [34mF1_perclass_eog: [83.12, 0.0, 80.0, 65.9, 80.87] 
[37mEpoch 0 step 11 with [31mce_loss_combined : 0.427803 [31mce_loss_eeg : 0.858227 [31mce_loss_eog : 0.854719 [31mtotal : 2.140750 [94mAcc_combined: 83.97 [94mAcc_eeg: 78.82 [94mAcc_eog: 79.57 [92mF1_combined: 72.58 [92mF1_eeg: 62.73 [92mF1_eog: 64.11 [92mK_combined: 0.7718 [92mK_eeg: 0.6998 [92mK_eog: 0.7078 [34mF1_perclass_combined: [90.13, 27.76, 85.9, 73.53, 85.56] [34mF1_perclass_eeg: [86.74, 0.2, 82.03, 72.45, 72.22] [34mF1_perclass_eog: [85.04, 0.0, 80.98, 71.58, 82.98] 
[37mEpoch 0 step 12 with [31mce_loss_combined : 0.430991 [31mce_loss_eeg : 0.822551 [31mce_loss_eog : 0.843632 [31mtotal : 2.097175 [94mAcc_combined: 84.50 [94mAcc_eeg: 81.16 [94mAcc_eog: 79.75 [92mF1_combined: 76.14 [92mF1_eeg: 65.81 [92mF1_eog: 64.43 [92mK_combined: 0.7833 [92mK_eeg: 0.7342 [92mK_eog: 0.7137 [34mF1_perclass_combined: [88.54, 39.85, 87.03, 81.86, 83.41] [34mF1_perclass_eeg: [87.36, 2.98, 84.17, 81.71, 72.87] [34mF1_perclass_eog: [85.04, 0.0, 80.84, 73.09, 83.2] 
[37mEpoch 0 step 13 with [31mce_loss_combined : 0.377159 [31mce_loss_eeg : 0.802670 [31mce_loss_eog : 0.847930 [31mtotal : 2.027759 [94mAcc_combined: 86.12 [94mAcc_eeg: 81.81 [94mAcc_eog: 78.35 [92mF1_combined: 75.60 [92mF1_eeg: 66.76 [92mF1_eog: 63.16 [92mK_combined: 0.8056 [92mK_eeg: 0.7451 [92mK_eog: 0.6911 [34mF1_perclass_combined: [91.08, 29.14, 86.96, 84.0, 86.82] [34mF1_perclass_eeg: [87.99, 3.86, 83.33, 83.87, 74.77] [34mF1_perclass_eog: [85.11, 0.1, 79.46, 72.61, 78.53] 
[37mEpoch 0 step 14 with [31mce_loss_combined : 0.393962 [31mce_loss_eeg : 0.780521 [31mce_loss_eog : 0.837587 [31mtotal : 2.012069 [94mAcc_combined: 86.24 [94mAcc_eeg: 82.52 [94mAcc_eog: 78.73 [92mF1_combined: 77.67 [92mF1_eeg: 68.81 [92mF1_eog: 63.60 [92mK_combined: 0.8052 [92mK_eeg: 0.7518 [92mK_eog: 0.6941 [34mF1_perclass_combined: [90.7, 40.48, 87.81, 82.86, 86.5] [34mF1_perclass_eeg: [87.5, 13.3, 85.06, 83.73, 74.45] [34mF1_perclass_eog: [83.25, 3.38, 81.16, 68.62, 81.59] 
[37mEpoch 0 step 16 with [31mce_loss_combined : 0.402258 [31mce_loss_eeg : 0.778479 [31mce_loss_eog : 0.796830 [31mtotal : 1.977567 [94mAcc_combined: 85.76 [94mAcc_eeg: 81.07 [94mAcc_eog: 79.89 [92mF1_combined: 75.30 [92mF1_eeg: 67.51 [92mF1_eog: 64.64 [92mK_combined: 0.7976 [92mK_eeg: 0.7292 [92mK_eog: 0.7110 [34mF1_perclass_combined: [90.08, 31.47, 87.54, 81.12, 86.31] [34mF1_perclass_eeg: [85.98, 15.59, 84.33, 80.57, 71.09] [34mF1_perclass_eog: [85.41, 2.39, 81.7, 71.79, 81.89] 
[37mEpoch 0 step 17 with [31mce_loss_combined : 0.363689 [31mce_loss_eeg : 0.729602 [31mce_loss_eog : 0.781447 [31mtotal : 1.874738 [94mAcc_combined: 86.52 [94mAcc_eeg: 83.55 [94mAcc_eog: 80.22 [92mF1_combined: 77.92 [92mF1_eeg: 72.22 [92mF1_eog: 65.68 [92mK_combined: 0.8114 [92mK_eeg: 0.7675 [92mK_eog: 0.7163 [34mF1_perclass_combined: [91.13, 39.65, 87.87, 84.61, 86.34] [34mF1_perclass_eeg: [89.03, 25.11, 85.49, 84.18, 77.32] [34mF1_perclass_eog: [87.07, 4.75, 81.02, 72.34, 83.23] 
[37mEpoch 0 step 21 with [31mce_loss_combined : 0.392013 [31mce_loss_eeg : 0.715015 [31mce_loss_eog : 0.743356 [31mtotal : 1.850383 [94mAcc_combined: 86.00 [94mAcc_eeg: 82.11 [94mAcc_eog: 80.29 [92mF1_combined: 75.59 [92mF1_eeg: 72.27 [92mF1_eog: 66.33 [92mK_combined: 0.8033 [92mK_eeg: 0.7533 [92mK_eog: 0.7182 [34mF1_perclass_combined: [90.14, 30.06, 87.59, 84.29, 85.87] [34mF1_perclass_eeg: [87.92, 29.31, 83.8, 84.79, 75.55] [34mF1_perclass_eog: [86.43, 7.76, 81.28, 70.99, 85.22] 
[37mEpoch 0 step 23 with [31mce_loss_combined : 0.353585 [31mce_loss_eeg : 0.664703 [31mce_loss_eog : 0.721272 [31mtotal : 1.739559 [94mAcc_combined: 87.16 [94mAcc_eeg: 83.83 [94mAcc_eog: 80.27 [92mF1_combined: 79.01 [92mF1_eeg: 74.20 [92mF1_eog: 67.72 [92mK_combined: 0.8192 [92mK_eeg: 0.7703 [92mK_eog: 0.7172 [34mF1_perclass_combined: [91.81, 43.1, 88.35, 83.6, 88.19] [34mF1_perclass_eeg: [89.58, 34.45, 85.46, 82.48, 79.06] [34mF1_perclass_eog: [86.78, 19.48, 81.89, 65.26, 85.21] 
[37mEpoch 0 step 27 with [31mce_loss_combined : 0.368159 [31mce_loss_eeg : 0.634933 [31mce_loss_eog : 0.685229 [31mtotal : 1.688321 [94mAcc_combined: 86.75 [94mAcc_eeg: 84.10 [94mAcc_eog: 81.05 [92mF1_combined: 78.13 [92mF1_eeg: 74.63 [92mF1_eog: 69.21 [92mK_combined: 0.8163 [92mK_eeg: 0.7790 [92mK_eog: 0.7351 [34mF1_perclass_combined: [91.28, 39.46, 87.58, 84.1, 88.23] [34mF1_perclass_eeg: [89.52, 34.38, 85.45, 84.44, 79.37] [34mF1_perclass_eog: [86.76, 17.91, 81.62, 74.81, 84.94] 
[37mEpoch 1 step 29 with [31mce_loss_combined : 0.353275 [31mce_loss_eeg : 0.618247 [31mce_loss_eog : 0.696348 [31mtotal : 1.667870 [94mAcc_combined: 86.84 [94mAcc_eeg: 84.14 [94mAcc_eog: 79.83 [92mF1_combined: 77.27 [92mF1_eeg: 73.59 [92mF1_eog: 67.62 [92mK_combined: 0.8135 [92mK_eeg: 0.7757 [92mK_eog: 0.7086 [34mF1_perclass_combined: [91.88, 35.46, 87.86, 84.15, 87.02] [34mF1_perclass_eeg: [89.73, 29.71, 85.58, 84.74, 78.2] [34mF1_perclass_eog: [86.68, 16.96, 80.88, 71.03, 82.57] 
[37mEpoch 1 step 30 with [31mce_loss_combined : 0.335748 [31mce_loss_eeg : 0.599509 [31mce_loss_eog : 0.681265 [31mtotal : 1.616522 [94mAcc_combined: 87.43 [94mAcc_eeg: 84.86 [94mAcc_eog: 80.44 [92mF1_combined: 79.35 [92mF1_eeg: 75.43 [92mF1_eog: 66.85 [92mK_combined: 0.8232 [92mK_eeg: 0.7877 [92mK_eog: 0.7196 [34mF1_perclass_combined: [92.05, 43.29, 88.57, 84.52, 88.3] [34mF1_perclass_eeg: [89.95, 34.97, 86.19, 84.85, 81.21] [34mF1_perclass_eog: [86.78, 14.76, 81.87, 64.49, 86.33] 
[37mEpoch 1 step 33 with [31mce_loss_combined : 0.344438 [31mce_loss_eeg : 0.597510 [31mce_loss_eog : 0.650228 [31mtotal : 1.592176 [94mAcc_combined: 87.52 [94mAcc_eeg: 84.22 [94mAcc_eog: 81.20 [92mF1_combined: 79.86 [92mF1_eeg: 75.34 [92mF1_eog: 69.34 [92mK_combined: 0.8254 [92mK_eeg: 0.7783 [92mK_eog: 0.7333 [34mF1_perclass_combined: [92.08, 45.24, 88.58, 85.22, 88.19] [34mF1_perclass_eeg: [89.45, 37.84, 85.78, 85.16, 78.47] [34mF1_perclass_eog: [88.21, 17.65, 81.52, 75.01, 84.31] 
[37mEpoch 1 step 35 with [31mce_loss_combined : 0.357178 [31mce_loss_eeg : 0.599543 [31mce_loss_eog : 0.633993 [31mtotal : 1.590714 [94mAcc_combined: 86.63 [94mAcc_eeg: 83.29 [94mAcc_eog: 81.27 [92mF1_combined: 77.59 [92mF1_eeg: 72.46 [92mF1_eog: 67.15 [92mK_combined: 0.8108 [92mK_eeg: 0.7618 [92mK_eog: 0.7321 [34mF1_perclass_combined: [91.67, 38.06, 87.81, 83.29, 87.13] [34mF1_perclass_eeg: [89.35, 27.29, 84.83, 83.58, 77.23] [34mF1_perclass_eog: [88.04, 6.8, 81.84, 74.54, 84.53] 
[37mEpoch 1 step 36 with [31mce_loss_combined : 0.336008 [31mce_loss_eeg : 0.568696 [31mce_loss_eog : 0.614286 [31mtotal : 1.518990 [94mAcc_combined: 87.66 [94mAcc_eeg: 84.79 [94mAcc_eog: 82.12 [92mF1_combined: 80.64 [92mF1_eeg: 76.59 [92mF1_eog: 70.37 [92mK_combined: 0.8272 [92mK_eeg: 0.7854 [92mK_eog: 0.7461 [34mF1_perclass_combined: [92.4, 49.04, 88.7, 84.02, 89.04] [34mF1_perclass_eeg: [90.16, 42.46, 86.33, 82.89, 81.11] [34mF1_perclass_eog: [88.61, 20.9, 82.89, 72.83, 86.63] 
[37mEpoch 1 step 41 with [31mce_loss_combined : 0.331279 [31mce_loss_eeg : 0.542483 [31mce_loss_eog : 0.613565 [31mtotal : 1.487327 [94mAcc_combined: 87.81 [94mAcc_eeg: 85.01 [94mAcc_eog: 81.24 [92mF1_combined: 80.08 [92mF1_eeg: 76.17 [92mF1_eog: 69.93 [92mK_combined: 0.8301 [92mK_eeg: 0.7887 [92mK_eog: 0.7384 [34mF1_perclass_combined: [92.02, 45.09, 88.87, 85.37, 89.04] [34mF1_perclass_eeg: [90.26, 38.71, 86.38, 84.77, 80.71] [34mF1_perclass_eog: [86.75, 20.17, 81.6, 75.28, 85.87] 
[37mEpoch 1 step 42 with [31mce_loss_combined : 0.337336 [31mce_loss_eeg : 0.547422 [31mce_loss_eog : 0.592780 [31mtotal : 1.477538 [94mAcc_combined: 87.52 [94mAcc_eeg: 84.60 [94mAcc_eog: 81.80 [92mF1_combined: 80.91 [92mF1_eeg: 76.91 [92mF1_eog: 72.28 [92mK_combined: 0.8259 [92mK_eeg: 0.7861 [92mK_eog: 0.7469 [34mF1_perclass_combined: [92.63, 51.2, 88.65, 83.07, 89.03] [34mF1_perclass_eeg: [90.78, 43.97, 85.56, 82.68, 81.56] [34mF1_perclass_eog: [88.53, 30.13, 81.93, 73.86, 86.95] 
[37mEpoch 1 step 44 with [31mce_loss_combined : 0.329298 [31mce_loss_eeg : 0.540870 [31mce_loss_eog : 0.587126 [31mtotal : 1.457294 [94mAcc_combined: 87.71 [94mAcc_eeg: 84.17 [94mAcc_eog: 81.84 [92mF1_combined: 80.27 [92mF1_eeg: 76.17 [92mF1_eog: 70.90 [92mK_combined: 0.8281 [92mK_eeg: 0.7803 [92mK_eog: 0.7444 [34mF1_perclass_combined: [92.42, 47.08, 88.88, 84.3, 88.69] [34mF1_perclass_eeg: [90.65, 41.56, 85.18, 84.58, 78.9] [34mF1_perclass_eog: [88.45, 24.52, 82.58, 73.01, 85.95] 
[37mEpoch 1 step 46 with [31mce_loss_combined : 0.328903 [31mce_loss_eeg : 0.522559 [31mce_loss_eog : 0.581649 [31mtotal : 1.433111 [94mAcc_combined: 88.19 [94mAcc_eeg: 85.16 [94mAcc_eog: 81.91 [92mF1_combined: 79.86 [92mF1_eeg: 76.53 [92mF1_eog: 69.23 [92mK_combined: 0.8343 [92mK_eeg: 0.7932 [92mK_eog: 0.7433 [34mF1_perclass_combined: [92.66, 43.28, 89.33, 84.98, 89.07] [34mF1_perclass_eeg: [90.26, 39.41, 86.53, 85.17, 81.29] [34mF1_perclass_eog: [88.69, 14.28, 82.26, 74.62, 86.29] 
[37mEpoch 1 step 48 with [31mce_loss_combined : 0.315867 [31mce_loss_eeg : 0.506747 [31mce_loss_eog : 0.569317 [31mtotal : 1.391931 [94mAcc_combined: 88.29 [94mAcc_eeg: 85.49 [94mAcc_eog: 82.29 [92mF1_combined: 79.85 [92mF1_eeg: 76.20 [92mF1_eog: 70.32 [92mK_combined: 0.8366 [92mK_eeg: 0.7962 [92mK_eog: 0.7507 [34mF1_perclass_combined: [93.08, 42.41, 89.2, 85.0, 89.58] [34mF1_perclass_eeg: [90.98, 36.31, 86.69, 85.22, 81.79] [34mF1_perclass_eog: [88.77, 19.92, 82.99, 73.07, 86.86] 
[37mEpoch 2 step 57 with [31mce_loss_combined : 0.316744 [31mce_loss_eeg : 0.472071 [31mce_loss_eog : 0.532799 [31mtotal : 1.321613 [94mAcc_combined: 88.04 [94mAcc_eeg: 85.60 [94mAcc_eog: 82.54 [92mF1_combined: 79.54 [92mF1_eeg: 76.49 [92mF1_eog: 70.54 [92mK_combined: 0.8312 [92mK_eeg: 0.7966 [92mK_eog: 0.7508 [34mF1_perclass_combined: [92.91, 42.01, 89.1, 83.85, 89.81] [34mF1_perclass_eeg: [90.69, 37.85, 87.04, 83.44, 83.42] [34mF1_perclass_eog: [89.39, 20.31, 83.28, 72.41, 87.33] 
[37mEpoch 2 step 59 with [31mce_loss_combined : 0.307775 [31mce_loss_eeg : 0.461216 [31mce_loss_eog : 0.531071 [31mtotal : 1.300062 [94mAcc_combined: 88.51 [94mAcc_eeg: 86.21 [94mAcc_eog: 82.71 [92mF1_combined: 80.98 [92mF1_eeg: 78.24 [92mF1_eog: 71.85 [92mK_combined: 0.8392 [92mK_eeg: 0.8070 [92mK_eog: 0.7551 [34mF1_perclass_combined: [93.18, 46.97, 89.53, 85.22, 90.0] [34mF1_perclass_eeg: [91.2, 43.36, 87.41, 85.14, 84.11] [34mF1_perclass_eog: [89.59, 27.48, 83.53, 71.16, 87.5] 
[37mEpoch 2 step 60 with [31mce_loss_combined : 0.304123 [31mce_loss_eeg : 0.457029 [31mce_loss_eog : 0.523277 [31mtotal : 1.284429 [94mAcc_combined: 88.70 [94mAcc_eeg: 86.29 [94mAcc_eog: 83.07 [92mF1_combined: 81.37 [92mF1_eeg: 78.17 [92mF1_eog: 71.79 [92mK_combined: 0.8425 [92mK_eeg: 0.8088 [92mK_eog: 0.7615 [34mF1_perclass_combined: [93.34, 48.22, 89.58, 85.75, 89.94] [34mF1_perclass_eeg: [91.33, 42.46, 87.29, 85.69, 84.05] [34mF1_perclass_eog: [89.72, 23.68, 83.59, 74.42, 87.55] 
[37mEpoch 2 step 64 with [31mce_loss_combined : 0.301268 [31mce_loss_eeg : 0.447474 [31mce_loss_eog : 0.519658 [31mtotal : 1.268400 [94mAcc_combined: 88.66 [94mAcc_eeg: 86.45 [94mAcc_eog: 82.99 [92mF1_combined: 81.29 [92mF1_eeg: 78.19 [92mF1_eog: 71.46 [92mK_combined: 0.8412 [92mK_eeg: 0.8098 [92mK_eog: 0.7590 [34mF1_perclass_combined: [93.35, 48.02, 89.52, 85.56, 89.98] [34mF1_perclass_eeg: [91.46, 42.31, 87.59, 85.11, 84.47] [34mF1_perclass_eog: [89.82, 22.86, 83.58, 73.53, 87.52] 
[37mEpoch 2 step 72 with [31mce_loss_combined : 0.306199 [31mce_loss_eeg : 0.443241 [31mce_loss_eog : 0.516370 [31mtotal : 1.265809 [94mAcc_combined: 88.42 [94mAcc_eeg: 86.42 [94mAcc_eog: 82.87 [92mF1_combined: 80.31 [92mF1_eeg: 77.87 [92mF1_eog: 71.03 [92mK_combined: 0.8378 [92mK_eeg: 0.8101 [92mK_eog: 0.7588 [34mF1_perclass_combined: [93.07, 43.76, 89.16, 85.5, 90.03] [34mF1_perclass_eeg: [91.24, 40.35, 87.47, 85.63, 84.65] [34mF1_perclass_eog: [89.92, 19.17, 82.9, 75.57, 87.59] 
[37mEpoch 2 step 75 with [31mce_loss_combined : 0.302703 [31mce_loss_eeg : 0.441293 [31mce_loss_eog : 0.507606 [31mtotal : 1.251602 [94mAcc_combined: 88.73 [94mAcc_eeg: 86.65 [94mAcc_eog: 83.20 [92mF1_combined: 81.47 [92mF1_eeg: 78.80 [92mF1_eog: 72.49 [92mK_combined: 0.8429 [92mK_eeg: 0.8136 [92mK_eog: 0.7633 [34mF1_perclass_combined: [93.26, 48.86, 89.75, 85.72, 89.78] [34mF1_perclass_eeg: [91.45, 44.34, 87.78, 85.81, 84.63] [34mF1_perclass_eog: [89.89, 27.12, 83.83, 73.65, 87.94] 
[37mEpoch 3 step 86 with [31mce_loss_combined : 0.306669 [31mce_loss_eeg : 0.434864 [31mce_loss_eog : 0.502502 [31mtotal : 1.244035 [94mAcc_combined: 88.54 [94mAcc_eeg: 86.23 [94mAcc_eog: 83.00 [92mF1_combined: 81.01 [92mF1_eeg: 78.55 [92mF1_eog: 72.70 [92mK_combined: 0.8394 [92mK_eeg: 0.8070 [92mK_eog: 0.7618 [34mF1_perclass_combined: [93.27, 47.41, 89.43, 84.7, 90.25] [34mF1_perclass_eeg: [91.25, 44.66, 87.24, 84.91, 84.7] [34mF1_perclass_eog: [89.48, 27.43, 83.28, 75.36, 87.97] 
[37mEpoch 3 step 88 with [31mce_loss_combined : 0.314029 [31mce_loss_eeg : 0.427455 [31mce_loss_eog : 0.496904 [31mtotal : 1.238387 [94mAcc_combined: 88.50 [94mAcc_eeg: 86.65 [94mAcc_eog: 82.98 [92mF1_combined: 80.97 [92mF1_eeg: 78.77 [92mF1_eog: 71.96 [92mK_combined: 0.8399 [92mK_eeg: 0.8137 [92mK_eog: 0.7622 [34mF1_perclass_combined: [93.36, 47.75, 89.48, 85.31, 88.94] [34mF1_perclass_eeg: [91.62, 44.46, 87.83, 85.21, 84.74] [34mF1_perclass_eog: [89.75, 25.07, 83.47, 75.04, 86.46] 
[37mEpoch 3 step 90 with [31mce_loss_combined : 0.305437 [31mce_loss_eeg : 0.425638 [31mce_loss_eog : 0.488762 [31mtotal : 1.219837 [94mAcc_combined: 88.57 [94mAcc_eeg: 86.73 [94mAcc_eog: 83.52 [92mF1_combined: 80.46 [92mF1_eeg: 78.03 [92mF1_eog: 72.07 [92mK_combined: 0.8402 [92mK_eeg: 0.8149 [92mK_eog: 0.7685 [34mF1_perclass_combined: [93.49, 44.07, 89.28, 85.37, 90.1] [34mF1_perclass_eeg: [91.54, 39.75, 87.74, 85.66, 85.45] [34mF1_perclass_eog: [90.01, 22.64, 83.86, 75.76, 88.11] 
[37mEpoch 3 step 91 with [31mce_loss_combined : 0.293661 [31mce_loss_eeg : 0.413347 [31mce_loss_eog : 0.492362 [31mtotal : 1.199370 [94mAcc_combined: 89.04 [94mAcc_eeg: 87.12 [94mAcc_eog: 83.36 [92mF1_combined: 81.37 [92mF1_eeg: 79.00 [92mF1_eog: 72.60 [92mK_combined: 0.8469 [92mK_eeg: 0.8201 [92mK_eog: 0.7661 [34mF1_perclass_combined: [93.69, 46.98, 89.88, 86.05, 90.25] [34mF1_perclass_eeg: [91.82, 43.14, 88.17, 86.16, 85.71] [34mF1_perclass_eog: [89.5, 26.57, 83.93, 74.96, 88.06] 
[37mEpoch 3 step 93 with [31mce_loss_combined : 0.295688 [31mce_loss_eeg : 0.414559 [31mce_loss_eog : 0.487368 [31mtotal : 1.197614 [94mAcc_combined: 88.91 [94mAcc_eeg: 87.04 [94mAcc_eog: 83.45 [92mF1_combined: 80.97 [92mF1_eeg: 78.61 [92mF1_eog: 72.27 [92mK_combined: 0.8446 [92mK_eeg: 0.8186 [92mK_eog: 0.7673 [34mF1_perclass_combined: [93.72, 45.14, 89.66, 86.02, 90.31] [34mF1_perclass_eeg: [91.81, 41.47, 88.03, 86.04, 85.72] [34mF1_perclass_eog: [90.01, 23.73, 83.77, 75.65, 88.21] 
[37mEpoch 3 step 94 with [31mce_loss_combined : 0.295192 [31mce_loss_eeg : 0.415488 [31mce_loss_eog : 0.486814 [31mtotal : 1.197494 [94mAcc_combined: 88.90 [94mAcc_eeg: 87.05 [94mAcc_eog: 83.48 [92mF1_combined: 80.91 [92mF1_eeg: 78.57 [92mF1_eog: 72.24 [92mK_combined: 0.8443 [92mK_eeg: 0.8184 [92mK_eog: 0.7668 [34mF1_perclass_combined: [93.7, 44.97, 89.66, 85.8, 90.44] [34mF1_perclass_eeg: [91.95, 41.22, 88.01, 85.89, 85.76] [34mF1_perclass_eog: [90.38, 23.55, 83.77, 75.36, 88.13] 
[37mEpoch 3 step 95 with [31mce_loss_combined : 0.293979 [31mce_loss_eeg : 0.415932 [31mce_loss_eog : 0.484734 [31mtotal : 1.194645 [94mAcc_combined: 88.98 [94mAcc_eeg: 87.05 [94mAcc_eog: 83.57 [92mF1_combined: 81.07 [92mF1_eeg: 78.66 [92mF1_eog: 72.40 [92mK_combined: 0.8457 [92mK_eeg: 0.8188 [92mK_eog: 0.7682 [34mF1_perclass_combined: [93.65, 45.57, 89.79, 85.95, 90.38] [34mF1_perclass_eeg: [91.77, 41.72, 88.08, 85.99, 85.75] [34mF1_perclass_eog: [90.07, 24.72, 84.12, 74.73, 88.36] 
[37mEpoch 4 step 117 with [31mce_loss_combined : 0.297355 [31mce_loss_eeg : 0.400436 [31mce_loss_eog : 0.474046 [31mtotal : 1.171838 [94mAcc_combined: 88.78 [94mAcc_eeg: 86.81 [94mAcc_eog: 83.33 [92mF1_combined: 81.63 [92mF1_eeg: 79.30 [92mF1_eog: 73.38 [92mK_combined: 0.8438 [92mK_eeg: 0.8165 [92mK_eog: 0.7677 [34mF1_perclass_combined: [93.48, 49.02, 89.56, 86.0, 90.09] [34mF1_perclass_eeg: [91.55, 45.78, 87.81, 86.19, 85.15] [34mF1_perclass_eog: [90.2, 29.46, 83.42, 75.92, 87.91] 
[37mEpoch 4 step 124 with [31mce_loss_combined : 0.295938 [31mce_loss_eeg : 0.395165 [31mce_loss_eog : 0.475378 [31mtotal : 1.166480 [94mAcc_combined: 89.00 [94mAcc_eeg: 86.90 [94mAcc_eog: 83.22 [92mF1_combined: 81.01 [92mF1_eeg: 78.14 [92mF1_eog: 71.22 [92mK_combined: 0.8456 [92mK_eeg: 0.8159 [92mK_eog: 0.7621 [34mF1_perclass_combined: [93.64, 45.67, 90.0, 85.56, 90.16] [34mF1_perclass_eeg: [91.85, 40.13, 88.11, 85.65, 84.94] [34mF1_perclass_eog: [90.08, 20.43, 83.87, 74.2, 87.54] 
[37mEpoch 4 step 125 with [31mce_loss_combined : 0.297284 [31mce_loss_eeg : 0.400543 [31mce_loss_eog : 0.466200 [31mtotal : 1.164027 [94mAcc_combined: 89.01 [94mAcc_eeg: 87.06 [94mAcc_eog: 83.66 [92mF1_combined: 81.80 [92mF1_eeg: 79.45 [92mF1_eog: 73.29 [92mK_combined: 0.8465 [92mK_eeg: 0.8193 [92mK_eog: 0.7701 [34mF1_perclass_combined: [93.61, 49.76, 90.08, 85.66, 89.91] [34mF1_perclass_eeg: [91.78, 46.11, 88.23, 85.71, 85.41] [34mF1_perclass_eog: [90.12, 29.35, 84.31, 74.51, 88.17] 
[37mEpoch 4 step 127 with [31mce_loss_combined : 0.294771 [31mce_loss_eeg : 0.390484 [31mce_loss_eog : 0.464209 [31mtotal : 1.149465 [94mAcc_combined: 88.94 [94mAcc_eeg: 87.14 [94mAcc_eog: 83.61 [92mF1_combined: 80.66 [92mF1_eeg: 78.58 [92mF1_eog: 71.47 [92mK_combined: 0.8447 [92mK_eeg: 0.8194 [92mK_eog: 0.7680 [34mF1_perclass_combined: [93.7, 43.7, 89.77, 85.74, 90.39] [34mF1_perclass_eeg: [92.11, 41.24, 88.19, 85.72, 85.63] [34mF1_perclass_eog: [90.67, 19.56, 83.98, 74.9, 88.23] 
[37mEpoch 4 step 130 with [31mce_loss_combined : 0.292874 [31mce_loss_eeg : 0.392452 [31mce_loss_eog : 0.462527 [31mtotal : 1.147853 [94mAcc_combined: 88.99 [94mAcc_eeg: 87.26 [94mAcc_eog: 83.70 [92mF1_combined: 81.73 [92mF1_eeg: 79.55 [92mF1_eog: 73.26 [92mK_combined: 0.8469 [92mK_eeg: 0.8226 [92mK_eog: 0.7708 [34mF1_perclass_combined: [93.74, 49.0, 89.82, 86.01, 90.11] [34mF1_perclass_eeg: [92.03, 45.31, 88.25, 86.41, 85.76] [34mF1_perclass_eog: [90.35, 29.2, 84.39, 74.17, 88.18] 
[37mEpoch 4 step 132 with [31mce_loss_combined : 0.290500 [31mce_loss_eeg : 0.390017 [31mce_loss_eog : 0.465595 [31mtotal : 1.146111 [94mAcc_combined: 89.11 [94mAcc_eeg: 87.27 [94mAcc_eog: 83.57 [92mF1_combined: 81.91 [92mF1_eeg: 79.53 [92mF1_eog: 73.28 [92mK_combined: 0.8481 [92mK_eeg: 0.8223 [92mK_eog: 0.7676 [34mF1_perclass_combined: [93.75, 49.41, 90.02, 86.16, 90.18] [34mF1_perclass_eeg: [92.09, 45.27, 88.31, 86.39, 85.58] [34mF1_perclass_eog: [90.44, 31.34, 84.46, 71.87, 88.31] 
[37mEpoch 4 step 134 with [31mce_loss_combined : 0.290429 [31mce_loss_eeg : 0.389913 [31mce_loss_eog : 0.464711 [31mtotal : 1.145053 [94mAcc_combined: 89.10 [94mAcc_eeg: 87.28 [94mAcc_eog: 83.61 [92mF1_combined: 81.71 [92mF1_eeg: 79.48 [92mF1_eog: 73.19 [92mK_combined: 0.8475 [92mK_eeg: 0.8218 [92mK_eog: 0.7678 [34mF1_perclass_combined: [93.72, 48.65, 90.06, 85.85, 90.26] [34mF1_perclass_eeg: [92.11, 45.24, 88.35, 86.01, 85.68] [34mF1_perclass_eog: [90.56, 30.43, 84.35, 71.86, 88.74] 
[37mEpoch 4 step 135 with [31mce_loss_combined : 0.290551 [31mce_loss_eeg : 0.390996 [31mce_loss_eog : 0.462832 [31mtotal : 1.144379 [94mAcc_combined: 89.07 [94mAcc_eeg: 87.21 [94mAcc_eog: 83.72 [92mF1_combined: 81.69 [92mF1_eeg: 79.34 [92mF1_eog: 73.36 [92mK_combined: 0.8474 [92mK_eeg: 0.8211 [92mK_eog: 0.7696 [34mF1_perclass_combined: [93.71, 48.38, 89.95, 86.14, 90.28] [34mF1_perclass_eeg: [92.09, 44.53, 88.21, 86.4, 85.45] [34mF1_perclass_eog: [90.64, 30.12, 84.35, 73.04, 88.65] 
[37mEpoch 4 step 136 with [31mce_loss_combined : 0.290490 [31mce_loss_eeg : 0.390757 [31mce_loss_eog : 0.461623 [31mtotal : 1.142869 [94mAcc_combined: 89.05 [94mAcc_eeg: 87.23 [94mAcc_eog: 83.76 [92mF1_combined: 81.68 [92mF1_eeg: 79.44 [92mF1_eog: 73.49 [92mK_combined: 0.8472 [92mK_eeg: 0.8215 [92mK_eog: 0.7707 [34mF1_perclass_combined: [93.69, 48.42, 89.93, 86.11, 90.26] [34mF1_perclass_eeg: [92.1, 45.01, 88.19, 86.38, 85.52] [34mF1_perclass_eog: [90.66, 30.24, 84.3, 73.57, 88.7] 
[37mEpoch 6 step 174 with [31mce_loss_combined : 0.293570 [31mce_loss_eeg : 0.376118 [31mce_loss_eog : 0.457413 [31mtotal : 1.127102 [94mAcc_combined: 89.20 [94mAcc_eeg: 87.36 [94mAcc_eog: 83.46 [92mF1_combined: 81.44 [92mF1_eeg: 79.74 [92mF1_eog: 73.45 [92mK_combined: 0.8490 [92mK_eeg: 0.8239 [92mK_eog: 0.7684 [34mF1_perclass_combined: [93.98, 46.84, 90.14, 86.21, 90.01] [34mF1_perclass_eeg: [92.35, 45.96, 88.37, 86.29, 85.72] [34mF1_perclass_eog: [89.84, 30.44, 83.93, 74.72, 88.32] 
[37mEpoch 6 step 187 with [31mce_loss_combined : 0.289827 [31mce_loss_eeg : 0.381261 [31mce_loss_eog : 0.454299 [31mtotal : 1.125387 [94mAcc_combined: 89.12 [94mAcc_eeg: 87.35 [94mAcc_eog: 83.71 [92mF1_combined: 81.82 [92mF1_eeg: 79.46 [92mF1_eog: 73.50 [92mK_combined: 0.8480 [92mK_eeg: 0.8236 [92mK_eog: 0.7695 [34mF1_perclass_combined: [93.76, 49.0, 90.08, 86.07, 90.18] [34mF1_perclass_eeg: [92.2, 44.57, 88.4, 86.55, 85.57] [34mF1_perclass_eog: [90.56, 31.45, 84.58, 72.92, 87.99] 
[37mEpoch 6 step 190 with [31mce_loss_combined : 0.292976 [31mce_loss_eeg : 0.376115 [31mce_loss_eog : 0.450134 [31mtotal : 1.119226 [94mAcc_combined: 88.99 [94mAcc_eeg: 87.21 [94mAcc_eog: 83.65 [92mF1_combined: 82.08 [92mF1_eeg: 79.63 [92mF1_eog: 73.92 [92mK_combined: 0.8468 [92mK_eeg: 0.8217 [92mK_eog: 0.7690 [34mF1_perclass_combined: [93.96, 50.57, 89.66, 85.85, 90.34] [34mF1_perclass_eeg: [92.25, 46.01, 88.11, 86.22, 85.58] [34mF1_perclass_eog: [91.02, 33.73, 84.27, 72.43, 88.14] 
[37mEpoch 7 step 194 with [31mce_loss_combined : 0.298147 [31mce_loss_eeg : 0.372507 [31mce_loss_eog : 0.445529 [31mtotal : 1.116183 [94mAcc_combined: 89.03 [94mAcc_eeg: 87.55 [94mAcc_eog: 83.86 [92mF1_combined: 81.69 [92mF1_eeg: 79.92 [92mF1_eog: 73.82 [92mK_combined: 0.8459 [92mK_eeg: 0.8254 [92mK_eog: 0.7728 [34mF1_perclass_combined: [93.76, 48.92, 89.97, 85.78, 90.04] [34mF1_perclass_eeg: [92.62, 46.46, 88.54, 85.71, 86.25] [34mF1_perclass_eog: [91.05, 30.31, 84.06, 74.89, 88.77] 
[37mEpoch 7 step 195 with [31mce_loss_combined : 0.293305 [31mce_loss_eeg : 0.371790 [31mce_loss_eog : 0.441511 [31mtotal : 1.106605 [94mAcc_combined: 89.01 [94mAcc_eeg: 87.25 [94mAcc_eog: 84.02 [92mF1_combined: 81.24 [92mF1_eeg: 79.41 [92mF1_eog: 73.47 [92mK_combined: 0.8454 [92mK_eeg: 0.8208 [92mK_eog: 0.7742 [34mF1_perclass_combined: [93.89, 46.9, 89.83, 84.89, 90.7] [34mF1_perclass_eeg: [92.28, 45.07, 88.19, 85.21, 86.31] [34mF1_perclass_eog: [91.0, 28.77, 84.41, 74.14, 89.04] 
[37mEpoch 7 step 196 with [31mce_loss_combined : 0.289325 [31mce_loss_eeg : 0.373799 [31mce_loss_eog : 0.436725 [31mtotal : 1.099849 [94mAcc_combined: 89.08 [94mAcc_eeg: 87.25 [94mAcc_eog: 84.14 [92mF1_combined: 81.92 [92mF1_eeg: 79.86 [92mF1_eog: 74.46 [92mK_combined: 0.8481 [92mK_eeg: 0.8227 [92mK_eog: 0.7776 [34mF1_perclass_combined: [93.89, 49.49, 89.77, 85.84, 90.64] [34mF1_perclass_eeg: [92.03, 46.75, 88.06, 86.16, 86.31] [34mF1_perclass_eog: [91.11, 32.61, 84.43, 75.12, 89.02] 
[37mEpoch 7 step 198 with [31mce_loss_combined : 0.288113 [31mce_loss_eeg : 0.371382 [31mce_loss_eog : 0.439613 [31mtotal : 1.099108 [94mAcc_combined: 89.19 [94mAcc_eeg: 87.37 [94mAcc_eog: 84.15 [92mF1_combined: 82.19 [92mF1_eeg: 80.05 [92mF1_eog: 74.34 [92mK_combined: 0.8496 [92mK_eeg: 0.8243 [92mK_eog: 0.7782 [34mF1_perclass_combined: [93.74, 50.43, 90.03, 86.22, 90.53] [34mF1_perclass_eeg: [92.01, 47.19, 88.2, 86.25, 86.59] [34mF1_perclass_eog: [90.68, 32.02, 84.46, 75.69, 88.85] 
[37mEpoch 7 step 200 with [31mce_loss_combined : 0.287330 [31mce_loss_eeg : 0.369756 [31mce_loss_eog : 0.437870 [31mtotal : 1.094956 [94mAcc_combined: 89.24 [94mAcc_eeg: 87.55 [94mAcc_eog: 84.16 [92mF1_combined: 81.86 [92mF1_eeg: 79.85 [92mF1_eog: 74.16 [92mK_combined: 0.8497 [92mK_eeg: 0.8263 [92mK_eog: 0.7783 [34mF1_perclass_combined: [93.75, 48.69, 90.11, 86.34, 90.42] [34mF1_perclass_eeg: [92.33, 45.51, 88.45, 86.41, 86.53] [34mF1_perclass_eog: [90.84, 30.76, 84.4, 75.91, 88.89] 
[37mEpoch 7 step 202 with [31mce_loss_combined : 0.286177 [31mce_loss_eeg : 0.364632 [31mce_loss_eog : 0.440107 [31mtotal : 1.090915 [94mAcc_combined: 89.32 [94mAcc_eeg: 87.54 [94mAcc_eog: 83.98 [92mF1_combined: 81.99 [92mF1_eeg: 79.67 [92mF1_eog: 73.66 [92mK_combined: 0.8506 [92mK_eeg: 0.8259 [92mK_eog: 0.7747 [34mF1_perclass_combined: [93.97, 48.87, 90.14, 86.33, 90.66] [34mF1_perclass_eeg: [92.29, 44.59, 88.49, 86.42, 86.54] [34mF1_perclass_eog: [90.87, 29.02, 84.3, 75.52, 88.59] 
[37mEpoch 7 step 203 with [31mce_loss_combined : 0.285680 [31mce_loss_eeg : 0.366779 [31mce_loss_eog : 0.438182 [31mtotal : 1.090641 [94mAcc_combined: 89.34 [94mAcc_eeg: 87.60 [94mAcc_eog: 84.13 [92mF1_combined: 81.79 [92mF1_eeg: 79.58 [92mF1_eog: 73.75 [92mK_combined: 0.8510 [92mK_eeg: 0.8266 [92mK_eog: 0.7773 [34mF1_perclass_combined: [94.03, 47.86, 90.15, 86.33, 90.56] [34mF1_perclass_eeg: [92.36, 44.13, 88.49, 86.41, 86.53] [34mF1_perclass_eog: [90.85, 28.68, 84.33, 75.96, 88.95] 
[37mEpoch 7 step 211 with [31mce_loss_combined : 0.286152 [31mce_loss_eeg : 0.368255 [31mce_loss_eog : 0.435860 [31mtotal : 1.090266 [94mAcc_combined: 89.29 [94mAcc_eeg: 87.59 [94mAcc_eog: 84.19 [92mF1_combined: 81.68 [92mF1_eeg: 79.68 [92mF1_eog: 73.54 [92mK_combined: 0.8498 [92mK_eeg: 0.8263 [92mK_eog: 0.7781 [34mF1_perclass_combined: [93.92, 47.86, 90.26, 85.9, 90.45] [34mF1_perclass_eeg: [92.24, 44.84, 88.65, 85.99, 86.69] [34mF1_perclass_eog: [91.13, 27.36, 84.38, 75.76, 89.08] 
[37mEpoch 7 step 214 with [31mce_loss_combined : 0.285365 [31mce_loss_eeg : 0.368780 [31mce_loss_eog : 0.435722 [31mtotal : 1.089867 [94mAcc_combined: 89.26 [94mAcc_eeg: 87.65 [94mAcc_eog: 84.14 [92mF1_combined: 82.14 [92mF1_eeg: 80.08 [92mF1_eog: 74.01 [92mK_combined: 0.8505 [92mK_eeg: 0.8278 [92mK_eog: 0.7775 [34mF1_perclass_combined: [93.92, 50.04, 90.16, 86.2, 90.38] [34mF1_perclass_eeg: [92.29, 46.43, 88.64, 86.5, 86.55] [34mF1_perclass_eog: [91.05, 30.64, 84.52, 74.89, 88.96] 
[37mEpoch 7 step 215 with [31mce_loss_combined : 0.285000 [31mce_loss_eeg : 0.367874 [31mce_loss_eog : 0.436280 [31mtotal : 1.089154 [94mAcc_combined: 89.31 [94mAcc_eeg: 87.65 [94mAcc_eog: 84.13 [92mF1_combined: 82.17 [92mF1_eeg: 80.03 [92mF1_eog: 73.98 [92mK_combined: 0.8510 [92mK_eeg: 0.8277 [92mK_eog: 0.7769 [34mF1_perclass_combined: [93.94, 50.04, 90.2, 86.24, 90.42] [34mF1_perclass_eeg: [92.3, 46.21, 88.66, 86.4, 86.59] [34mF1_perclass_eog: [91.01, 30.95, 84.61, 74.46, 88.88] 
[37mEpoch 7 step 216 with [31mce_loss_combined : 0.284387 [31mce_loss_eeg : 0.367021 [31mce_loss_eog : 0.436728 [31mtotal : 1.088137 [94mAcc_combined: 89.29 [94mAcc_eeg: 87.72 [94mAcc_eog: 84.14 [92mF1_combined: 82.10 [92mF1_eeg: 80.14 [92mF1_eog: 73.91 [92mK_combined: 0.8506 [92mK_eeg: 0.8283 [92mK_eog: 0.7765 [34mF1_perclass_combined: [93.94, 49.8, 90.19, 86.13, 90.46] [34mF1_perclass_eeg: [92.37, 46.67, 88.75, 86.29, 86.64] [34mF1_perclass_eog: [91.06, 30.95, 84.7, 73.93, 88.93] 
[37mEpoch 7 step 217 with [31mce_loss_combined : 0.284381 [31mce_loss_eeg : 0.367036 [31mce_loss_eog : 0.436647 [31mtotal : 1.088064 [94mAcc_combined: 89.30 [94mAcc_eeg: 87.70 [94mAcc_eog: 84.15 [92mF1_combined: 82.09 [92mF1_eeg: 80.13 [92mF1_eog: 73.92 [92mK_combined: 0.8506 [92mK_eeg: 0.8280 [92mK_eog: 0.7766 [34mF1_perclass_combined: [93.94, 49.71, 90.21, 86.14, 90.48] [34mF1_perclass_eeg: [92.37, 46.68, 88.73, 86.26, 86.59] [34mF1_perclass_eog: [91.07, 30.93, 84.71, 73.96, 88.94] 
[37mEpoch 7 step 218 with [31mce_loss_combined : 0.284337 [31mce_loss_eeg : 0.366954 [31mce_loss_eog : 0.436598 [31mtotal : 1.087889 [94mAcc_combined: 89.29 [94mAcc_eeg: 87.69 [94mAcc_eog: 84.15 [92mF1_combined: 82.09 [92mF1_eeg: 80.12 [92mF1_eog: 73.93 [92mK_combined: 0.8505 [92mK_eeg: 0.8279 [92mK_eog: 0.7766 [34mF1_perclass_combined: [93.94, 49.72, 90.18, 86.1, 90.51] [34mF1_perclass_eeg: [92.36, 46.63, 88.72, 86.29, 86.59] [34mF1_perclass_eog: [91.09, 30.94, 84.7, 73.94, 88.97] 
[37mEpoch 11 step 306 with [31mce_loss_combined : 0.290583 [31mce_loss_eeg : 0.353986 [31mce_loss_eog : 0.432492 [31mtotal : 1.077062 [94mAcc_combined: 89.19 [94mAcc_eeg: 87.63 [94mAcc_eog: 84.08 [92mF1_combined: 82.22 [92mF1_eeg: 80.12 [92mF1_eog: 74.30 [92mK_combined: 0.8483 [92mK_eeg: 0.8269 [92mK_eog: 0.7752 [34mF1_perclass_combined: [93.9, 50.83, 90.08, 85.75, 90.52] [34mF1_perclass_eeg: [92.52, 46.55, 88.53, 86.11, 86.89] [34mF1_perclass_eog: [91.14, 32.19, 84.5, 75.25, 88.43] 
[37mEpoch 11 step 318 with [31mce_loss_combined : 0.287228 [31mce_loss_eeg : 0.357695 [31mce_loss_eog : 0.429833 [31mtotal : 1.074756 [94mAcc_combined: 89.29 [94mAcc_eeg: 87.57 [94mAcc_eog: 84.08 [92mF1_combined: 82.29 [92mF1_eeg: 79.93 [92mF1_eog: 74.00 [92mK_combined: 0.8514 [92mK_eeg: 0.8272 [92mK_eog: 0.7781 [34mF1_perclass_combined: [94.06, 50.42, 90.08, 86.34, 90.54] [34mF1_perclass_eeg: [92.3, 45.9, 88.51, 86.44, 86.52] [34mF1_perclass_eog: [91.01, 29.92, 84.24, 76.07, 88.78] 
[37mEpoch 11 step 321 with [31mce_loss_combined : 0.290134 [31mce_loss_eeg : 0.356171 [31mce_loss_eog : 0.428309 [31mtotal : 1.074614 [94mAcc_combined: 89.11 [94mAcc_eeg: 87.47 [94mAcc_eog: 84.09 [92mF1_combined: 80.81 [92mF1_eeg: 79.13 [92mF1_eog: 72.59 [92mK_combined: 0.8468 [92mK_eeg: 0.8241 [92mK_eog: 0.7754 [34mF1_perclass_combined: [94.12, 43.45, 89.82, 86.0, 90.66] [34mF1_perclass_eeg: [92.32, 42.22, 88.42, 86.08, 86.62] [34mF1_perclass_eog: [91.36, 22.95, 84.25, 75.52, 88.86] 
[37mEpoch 12 step 334 with [31mce_loss_combined : 0.287241 [31mce_loss_eeg : 0.353732 [31mce_loss_eog : 0.426842 [31mtotal : 1.067815 [94mAcc_combined: 89.23 [94mAcc_eeg: 87.66 [94mAcc_eog: 84.08 [92mF1_combined: 82.77 [92mF1_eeg: 80.78 [92mF1_eog: 74.88 [92mK_combined: 0.8506 [92mK_eeg: 0.8284 [92mK_eog: 0.7770 [34mF1_perclass_combined: [94.08, 52.66, 89.94, 86.13, 91.02] [34mF1_perclass_eeg: [92.4, 49.54, 88.57, 86.22, 87.17] [34mF1_perclass_eog: [91.07, 36.02, 84.62, 73.84, 88.82] 
[37mEpoch 12 step 335 with [31mce_loss_combined : 0.291051 [31mce_loss_eeg : 0.357373 [31mce_loss_eog : 0.419099 [31mtotal : 1.067523 [94mAcc_combined: 89.09 [94mAcc_eeg: 87.63 [94mAcc_eog: 84.41 [92mF1_combined: 82.20 [92mF1_eeg: 80.26 [92mF1_eog: 74.31 [92mK_combined: 0.8471 [92mK_eeg: 0.8265 [92mK_eog: 0.7801 [34mF1_perclass_combined: [93.91, 51.79, 90.0, 84.41, 90.87] [34mF1_perclass_eeg: [92.42, 48.08, 88.74, 84.92, 87.15] [34mF1_perclass_eog: [91.45, 32.24, 85.03, 73.7, 89.12] 
[37mEpoch 12 step 336 with [31mce_loss_combined : 0.280581 [31mce_loss_eeg : 0.350414 [31mce_loss_eog : 0.418628 [31mtotal : 1.049623 [94mAcc_combined: 89.48 [94mAcc_eeg: 87.73 [94mAcc_eog: 84.49 [92mF1_combined: 82.77 [92mF1_eeg: 80.74 [92mF1_eog: 75.04 [92mK_combined: 0.8538 [92mK_eeg: 0.8293 [92mK_eog: 0.7830 [34mF1_perclass_combined: [94.16, 52.01, 90.21, 86.43, 91.04] [34mF1_perclass_eeg: [92.33, 49.01, 88.55, 86.49, 87.31] [34mF1_perclass_eog: [91.37, 34.38, 84.85, 75.43, 89.19] 
[37mEpoch 13 step 362 with [31mce_loss_combined : 0.279801 [31mce_loss_eeg : 0.350913 [31mce_loss_eog : 0.416205 [31mtotal : 1.046918 [94mAcc_combined: 89.54 [94mAcc_eeg: 87.79 [94mAcc_eog: 84.51 [92mF1_combined: 82.61 [92mF1_eeg: 80.52 [92mF1_eog: 75.03 [92mK_combined: 0.8540 [92mK_eeg: 0.8294 [92mK_eog: 0.7826 [34mF1_perclass_combined: [94.12, 51.21, 90.35, 86.41, 90.95] [34mF1_perclass_eeg: [92.29, 47.96, 88.8, 86.35, 87.23] [34mF1_perclass_eog: [91.51, 34.4, 84.88, 75.2, 89.15] 
[37mEpoch 13 step 363 with [31mce_loss_combined : 0.278955 [31mce_loss_eeg : 0.350075 [31mce_loss_eog : 0.416431 [31mtotal : 1.045461 [94mAcc_combined: 89.54 [94mAcc_eeg: 87.79 [94mAcc_eog: 84.49 [92mF1_combined: 82.64 [92mF1_eeg: 80.51 [92mF1_eog: 74.80 [92mK_combined: 0.8539 [92mK_eeg: 0.8294 [92mK_eog: 0.7821 [34mF1_perclass_combined: [94.16, 51.45, 90.35, 86.21, 91.02] [34mF1_perclass_eeg: [92.33, 47.93, 88.77, 86.22, 87.33] [34mF1_perclass_eog: [91.58, 33.64, 84.92, 74.8, 89.04] 
[37mEpoch 13 step 364 with [31mce_loss_combined : 0.278194 [31mce_loss_eeg : 0.349930 [31mce_loss_eog : 0.415271 [31mtotal : 1.043396 [94mAcc_combined: 89.58 [94mAcc_eeg: 87.87 [94mAcc_eog: 84.56 [92mF1_combined: 82.67 [92mF1_eeg: 80.62 [92mF1_eog: 74.84 [92mK_combined: 0.8545 [92mK_eeg: 0.8304 [92mK_eog: 0.7832 [34mF1_perclass_combined: [94.13, 51.36, 90.39, 86.39, 91.06] [34mF1_perclass_eeg: [92.34, 48.15, 88.85, 86.45, 87.31] [34mF1_perclass_eog: [91.6, 33.17, 84.92, 75.39, 89.09] 
{'val_loss': {'ce_loss_combined': 0.27819443, 'ce_loss_eeg': 0.34993044, 'ce_loss_eog': 0.4152713, 'total': 1.0433964}, 'val_acc': {'combined': 0.8957938347026192, 'eeg': 0.8786501750478999, 'eog': 0.8456368433195903}, 'val_f1': {'combined': 0.8266550396869905, 'eeg': 0.8061860790169453, 'eog': 0.748361432569879}, 'val_k': {'combined': 0.854509712653528, 'eeg': 0.8303843855990469, 'eog': 0.7832163174335255}, 'val_perclassf1': {'combined': array([0.94133498, 0.51355207, 0.90386415, 0.8638794 , 0.9106446 ]), 'eeg': array([0.92335624, 0.48153093, 0.88849424, 0.864494  , 0.87305498]), 'eog': array([0.91603907, 0.33172247, 0.84921998, 0.7538801 , 0.89094554])}}
We are in the final state.
Job finished
