Starting Job
/users/sista/kkontras/Documents/Sleep_Project/main_paper_2.py
/esat/smcdata/users/kkontras/Image_Dataset/no_backup/envs/gl_env/bin/python
Python 3.7.10
/users/sista/kkontras/Documents/Sleep_Project
0
 THE Configuration of your experiment ..
{'agent': 'Sleep_Agent_Init_Train',
 'augmentation': {},
 'channel': 0,
 'dataset': {'cache_datasets': {'test': False, 'train': False, 'valid': False},
             'data_roots': '/esat/biomeddata/SHHS_Dataset/no_backup',
             'data_split': {'fold': 0,
                            'fold_size': 7,
                            'folds_file': '/users/sista/kkontras/Documents/Huy_shhs1/HUY '
                                          'SHHS1 CODE/data_split_eval.mat',
                            'rand_split': 0,
                            'rand_splits': 13,
                            'split_method': 'patients_huy',
                            'test_split_rate': 0.3,
                            'val_patient_num': 3,
                            'val_split_rate': 0.01692},
             'data_view_dir': [{'data_type': 'stft',
                                'list_dir': 'patient_mat_list.txt',
                                'mod': 'eeg',
                                'num_ch': 1},
                               {'data_type': 'stft',
                                'list_dir': 'patient_eog_mat_list.txt',
                                'mod': 'eog',
                                'num_ch': 1}],
             'dataloader_class': 'SleepDataLoader_mat_huy',
             'huy_data': True,
             'inner_overlap': [0.5, 0.5],
             'keep_view': [1, 0],
             'seq_length': [21, 0],
             'seq_views': [False],
             'shuffle_train': True},
 'early_stopping': {'log_interval': 10,
                    'max_epoch': 1000,
                    'n_steps_stop': 250,
                    'n_steps_stop_after': 400,
                    'save_every': 1,
                    'validate_after': 0,
                    'validate_every': 400},
 'exp_name': 'Sleep EEG-EOG BLIP Experiment',
 'lr_finder': False,
 'lr_finder_steps': 100,
 'mode': 'train',
 'model': {'args': {'augment_within': False,
                    'dmodel': 128,
                    'dropout': 0.3,
                    'fc_inner': 1024,
                    'ignore_alignment_val': True,
                    'multi_loss': {'multi_loss_weights': {'alignment_loss': 0.1,
                                                          'multi_supervised_loss': {'combined': 1,
                                                                                    'eeg': 1,
                                                                                    'eog': 1},
                                                          'order_loss': 0}},
                    'num_classes': 5,
                    'shared_pred': False,
                    'three_modes': True,
                    'training_type': 'alignment_order_multisupervised'},
           'encoders': [{'args': {'align_inner': True,
                                  'd_model': 128,
                                  'dim_feedforward': 1024,
                                  'dim_proj': 128,
                                  'dropout': 0.3,
                                  'inner_biased': False,
                                  'mod_token': True,
                                  'num_heads': 8,
                                  'num_layers': 4,
                                  'outer_biased': False,
                                  'outer_rep': False,
                                  'pos': False,
                                  'rpos': True,
                                  'shared': True,
                                  'skip_random_mod': False},
                         'encoders': [],
                         'freeze_encoder': False,
                         'model': 'SleepEnc_EarlyConcat_3pass_EEG_EOG_free_cliplike',
                         'pretrainedEncoder': {'dir': '', 'use': False},
                         'savetrainedEncoder': {'dir': '', 'save': False}}],
           'load_ongoing': False,
           'model_class': 'EEG_SLEEP_BLIP_GM_MultiMode',
           'pretrained_model': {'dir': '', 'use': False},
           'save_dir': '/esat/smcdata/users/kkontras/Image_Dataset/no_backup/data/2021_data/shhs1/multi_modal/paper_models/fourier_transformer_eeg_eog_mat_BLIP_al01_shared_b16_freetrain_rpos_nopos_nonsharedpreds_Early_aligninner_v2_trial1.pth.tar'},
 'normalization': {'calculate_metrics': False,
                   'dir': '/esat/biomeddata/SHHS_Dataset/no_backup/metrics_eeg_eog_emg_stft.pkl',
                   'metrics_type': 'train_dataset',
                   'save_metrics': False,
                   'use': True},
 'num_classes': 5,
 'num_modalities': 1,
 'optimizer': {'beta1': 0.9,
               'beta2': 0.999,
               'learning_rate': 0.0001,
               'momentum': 0.2,
               'type': 'Adam',
               'weight_decay': 0.0001},
 'plots': {'plot_stft_num': 0, 'save': False},
 'post_proc': {'post_proc_step': 15,
               'test_postprocessing': False,
               'val_postprocessing': False},
 'scheduler': {'max_lr': 0.03, 'type': 'cosanneal', 'warm_up': 55},
 'statistics': {'ce_weights': {'temp': 0.1, 'use': False}, 'print': False},
 'training_params': {'adversarial_training': {'adv_epsilon': 0.01,
                                              'use': False},
                     'async_loading': True,
                     'batch_size': 16,
                     'cuda': True,
                     'data_loader_workers': 16,
                     'gpu_device': [0],
                     'pin_memory': True,
                     'rec_test': False,
                     'res': True,
                     'seed': 28,
                     'tdqm_disable': True,
                     'test_batch_size': 16,
                     'test_on_tops': True,
                     'use_test_set': True,
                     'validation': True,
                     'verbose': True,
                     'wandb_disable': True}}
 *************************************** 
The experiment name is Sleep EEG-EOG BLIP Experiment
 *************************************** 
We are splitting dataset by huy splits
{'use_type': False, 'skip_skips': True}
{'use_type': False, 'skip_skips': True}
{'use_type': False, 'skip_skips': True}
{'use_type': False, 'skip_skips': True}
Loading metrics from /esat/biomeddata/SHHS_Dataset/no_backup/metrics_eeg_eog_emg_stft.pkl
Weights are [1. 1. 1. 1. 1.]
11070
400
28
tensor([1., 1., 1., 1., 1.], device='cuda:0')
We are not shuffling the data
Training function is sleep_train_one_step_alignment_order_multisupervised
Loss Weights are {'combined': 1, 'eeg': 1, 'eog': 1, 'alignments': 0.1, 'order': 0, 'consistency': 0, 'reconstruction': 0}
We are not shuffling the data
<class 'graphs.models.attention_models.BLIP.SleepEnc_EarlyConcat_3pass_EEG_EOG_free_cliplike'>
Total number of trainable parameters are: 6781711
Available cuda devices: 1, current device:0
Total number of trainable parameters are: 6781711
[37mEpoch 0 step 1 with [31mce_loss_combined : 0.827763 [31mce_loss_eeg : 1.158233 [31mce_loss_eog : 1.181512 [31mtotal : 3.167508 [94mAcc_combined: 68.59 [94mAcc_eeg: 70.34 [94mAcc_eog: 64.85 [92mF1_combined: 50.65 [92mF1_eeg: 46.93 [92mF1_eog: 40.68 [92mK_combined: 0.5583 [92mK_eeg: 0.5655 [92mK_eog: 0.4702 [34mF1_perclass_combined: [84.52, 0.0, 66.6, 71.32, 30.8] [34mF1_perclass_eeg: [84.46, 0.0, 71.8, 78.38, 0.0] [34mF1_perclass_eog: [75.89, 0.0, 71.46, 56.03, 0.0] 
[37mEpoch 0 step 2 with [31mce_loss_combined : 0.659790 [31mce_loss_eeg : 1.065963 [31mce_loss_eog : 1.123980 [31mtotal : 2.849733 [94mAcc_combined: 79.58 [94mAcc_eeg: 74.89 [94mAcc_eog: 70.57 [92mF1_combined: 63.96 [92mF1_eeg: 56.34 [92mF1_eog: 53.88 [92mK_combined: 0.7136 [92mK_eeg: 0.6350 [92mK_eog: 0.5739 [34mF1_perclass_combined: [86.43, 0.0, 80.4, 81.91, 71.06] [34mF1_perclass_eeg: [85.1, 0.0, 77.15, 78.67, 40.79] [34mF1_perclass_eog: [78.28, 0.0, 73.88, 74.33, 42.92] 
[37mEpoch 0 step 3 with [31mce_loss_combined : 0.542125 [31mce_loss_eeg : 1.038261 [31mce_loss_eog : 1.071442 [31mtotal : 2.651829 [94mAcc_combined: 81.79 [94mAcc_eeg: 76.38 [94mAcc_eog: 73.48 [92mF1_combined: 66.51 [92mF1_eeg: 58.60 [92mF1_eog: 57.61 [92mK_combined: 0.7435 [92mK_eeg: 0.6585 [92mK_eog: 0.6237 [34mF1_perclass_combined: [86.76, 1.67, 82.63, 82.26, 79.24] [34mF1_perclass_eeg: [85.74, 0.0, 78.09, 81.07, 48.12] [34mF1_perclass_eog: [79.35, 0.0, 77.8, 62.6, 68.32] 
[37mEpoch 0 step 4 with [31mce_loss_combined : 0.505809 [31mce_loss_eeg : 1.002980 [31mce_loss_eog : 1.036050 [31mtotal : 2.544839 [94mAcc_combined: 82.76 [94mAcc_eeg: 77.86 [94mAcc_eog: 75.69 [92mF1_combined: 70.58 [92mF1_eeg: 62.25 [92mF1_eog: 61.08 [92mK_combined: 0.7597 [92mK_eeg: 0.6882 [92mK_eog: 0.6548 [34mF1_perclass_combined: [88.3, 17.42, 83.58, 82.89, 80.72] [34mF1_perclass_eeg: [85.45, 0.0, 79.47, 79.25, 67.1] [34mF1_perclass_eog: [78.47, 0.0, 77.93, 73.05, 75.93] 
[37mEpoch 0 step 6 with [31mce_loss_combined : 0.497734 [31mce_loss_eeg : 0.967794 [31mce_loss_eog : 1.053315 [31mtotal : 2.518843 [94mAcc_combined: 82.94 [94mAcc_eeg: 78.66 [94mAcc_eog: 70.35 [92mF1_combined: 67.01 [92mF1_eeg: 63.30 [92mF1_eog: 54.25 [92mK_combined: 0.7572 [92mK_eeg: 0.7047 [92mK_eog: 0.5770 [34mF1_perclass_combined: [88.43, 0.0, 83.95, 79.97, 82.69] [34mF1_perclass_eeg: [86.44, 0.0, 80.36, 81.44, 68.26] [34mF1_perclass_eog: [71.69, 0.0, 77.1, 54.19, 68.24] 
[37mEpoch 0 step 9 with [31mce_loss_combined : 0.443793 [31mce_loss_eeg : 0.912642 [31mce_loss_eog : 0.950192 [31mtotal : 2.306627 [94mAcc_combined: 83.97 [94mAcc_eeg: 80.20 [94mAcc_eog: 77.25 [92mF1_combined: 68.82 [92mF1_eeg: 64.78 [92mF1_eog: 62.93 [92mK_combined: 0.7766 [92mK_eeg: 0.7275 [92mK_eog: 0.6848 [34mF1_perclass_combined: [88.99, 2.46, 83.81, 83.33, 85.5] [34mF1_perclass_eeg: [88.03, 0.0, 80.32, 84.09, 71.45] [34mF1_perclass_eog: [82.67, 0.0, 76.59, 74.16, 81.22] 
[37mEpoch 0 step 10 with [31mce_loss_combined : 0.459754 [31mce_loss_eeg : 0.879097 [31mce_loss_eog : 0.931552 [31mtotal : 2.270404 [94mAcc_combined: 84.44 [94mAcc_eeg: 81.23 [94mAcc_eog: 77.67 [92mF1_combined: 74.87 [92mF1_eeg: 65.10 [92mF1_eog: 62.40 [92mK_combined: 0.7799 [92mK_eeg: 0.7340 [92mK_eog: 0.6832 [34mF1_perclass_combined: [89.7, 33.11, 85.56, 80.23, 85.77] [34mF1_perclass_eeg: [88.6, 0.0, 82.52, 78.18, 76.18] [34mF1_perclass_eog: [81.15, 0.0, 79.85, 75.03, 75.98] 
[37mEpoch 0 step 12 with [31mce_loss_combined : 0.444285 [31mce_loss_eeg : 0.866592 [31mce_loss_eog : 0.901714 [31mtotal : 2.212592 [94mAcc_combined: 84.35 [94mAcc_eeg: 80.13 [94mAcc_eog: 77.34 [92mF1_combined: 72.87 [92mF1_eeg: 63.59 [92mF1_eog: 61.16 [92mK_combined: 0.7791 [92mK_eeg: 0.7179 [92mK_eog: 0.6716 [34mF1_perclass_combined: [90.1, 23.63, 84.52, 84.93, 81.13] [34mF1_perclass_eeg: [88.44, 0.22, 80.62, 83.77, 64.88] [34mF1_perclass_eog: [84.02, 0.0, 79.28, 62.43, 80.05] 
[37mEpoch 0 step 13 with [31mce_loss_combined : 0.438792 [31mce_loss_eeg : 0.847502 [31mce_loss_eog : 0.893269 [31mtotal : 2.179563 [94mAcc_combined: 84.68 [94mAcc_eeg: 81.09 [94mAcc_eog: 76.95 [92mF1_combined: 69.44 [92mF1_eeg: 65.05 [92mF1_eog: 61.09 [92mK_combined: 0.7823 [92mK_eeg: 0.7327 [92mK_eog: 0.6663 [34mF1_perclass_combined: [90.64, 4.75, 85.14, 80.16, 86.53] [34mF1_perclass_eeg: [89.2, 0.66, 82.28, 77.27, 75.81] [34mF1_perclass_eog: [82.95, 0.0, 78.9, 65.65, 77.98] 
[37mEpoch 0 step 14 with [31mce_loss_combined : 0.381368 [31mce_loss_eeg : 0.806543 [31mce_loss_eog : 0.858386 [31mtotal : 2.046296 [94mAcc_combined: 86.58 [94mAcc_eeg: 83.12 [94mAcc_eog: 79.01 [92mF1_combined: 77.28 [92mF1_eeg: 70.72 [92mF1_eog: 64.55 [92mK_combined: 0.8129 [92mK_eeg: 0.7641 [92mK_eog: 0.6997 [34mF1_perclass_combined: [91.14, 35.76, 87.03, 85.07, 87.4] [34mF1_perclass_eeg: [89.08, 18.81, 84.11, 83.59, 78.02] [34mF1_perclass_eog: [83.09, 2.64, 80.1, 73.91, 83.0] 
[37mEpoch 0 step 16 with [31mce_loss_combined : 0.400953 [31mce_loss_eeg : 0.782894 [31mce_loss_eog : 0.839698 [31mtotal : 2.023545 [94mAcc_combined: 86.00 [94mAcc_eeg: 82.75 [94mAcc_eog: 78.55 [92mF1_combined: 77.23 [92mF1_eeg: 70.65 [92mF1_eog: 64.61 [92mK_combined: 0.8030 [92mK_eeg: 0.7560 [92mK_eog: 0.6930 [34mF1_perclass_combined: [91.12, 39.7, 86.9, 80.69, 87.73] [34mF1_perclass_eeg: [89.06, 21.74, 84.23, 80.59, 77.64] [34mF1_perclass_eog: [83.6, 8.62, 80.49, 68.27, 82.05] 
[37mEpoch 0 step 19 with [31mce_loss_combined : 0.398014 [31mce_loss_eeg : 0.743910 [31mce_loss_eog : 0.862579 [31mtotal : 2.004503 [94mAcc_combined: 85.88 [94mAcc_eeg: 83.56 [94mAcc_eog: 75.01 [92mF1_combined: 75.65 [92mF1_eeg: 72.69 [92mF1_eog: 61.23 [92mK_combined: 0.8045 [92mK_eeg: 0.7695 [92mK_eog: 0.6484 [34mF1_perclass_combined: [90.32, 30.81, 86.54, 84.94, 85.66] [34mF1_perclass_eeg: [88.52, 27.49, 84.6, 84.65, 78.16] [34mF1_perclass_eog: [74.58, 8.11, 80.81, 70.42, 72.24] 
[37mEpoch 0 step 21 with [31mce_loss_combined : 0.437408 [31mce_loss_eeg : 0.733941 [31mce_loss_eog : 0.797176 [31mtotal : 1.968525 [94mAcc_combined: 84.79 [94mAcc_eeg: 82.87 [94mAcc_eog: 77.83 [92mF1_combined: 75.25 [92mF1_eeg: 72.24 [92mF1_eog: 65.13 [92mK_combined: 0.7850 [92mK_eeg: 0.7573 [92mK_eog: 0.6798 [34mF1_perclass_combined: [89.15, 35.79, 86.87, 83.05, 81.39] [34mF1_perclass_eeg: [88.04, 30.55, 84.99, 83.65, 73.99] [34mF1_perclass_eog: [85.12, 19.98, 79.93, 56.81, 83.79] 
[37mEpoch 0 step 22 with [31mce_loss_combined : 0.436059 [31mce_loss_eeg : 0.725143 [31mce_loss_eog : 0.804212 [31mtotal : 1.965414 [94mAcc_combined: 85.66 [94mAcc_eeg: 82.93 [94mAcc_eog: 77.57 [92mF1_combined: 76.32 [92mF1_eeg: 72.85 [92mF1_eog: 64.17 [92mK_combined: 0.8003 [92mK_eeg: 0.7637 [92mK_eog: 0.6825 [34mF1_perclass_combined: [90.79, 35.73, 86.25, 83.48, 85.36] [34mF1_perclass_eeg: [89.07, 30.3, 83.88, 83.89, 77.1] [34mF1_perclass_eog: [84.61, 15.53, 80.07, 61.51, 79.11] 
[37mEpoch 0 step 23 with [31mce_loss_combined : 0.432642 [31mce_loss_eeg : 0.717158 [31mce_loss_eog : 0.752888 [31mtotal : 1.902688 [94mAcc_combined: 85.01 [94mAcc_eeg: 82.88 [94mAcc_eog: 80.64 [92mF1_combined: 76.39 [92mF1_eeg: 72.56 [92mF1_eog: 68.50 [92mK_combined: 0.7928 [92mK_eeg: 0.7582 [92mK_eog: 0.7270 [34mF1_perclass_combined: [88.12, 37.3, 86.55, 83.33, 86.63] [34mF1_perclass_eeg: [89.13, 30.3, 83.88, 84.97, 74.5] [34mF1_perclass_eog: [84.74, 16.72, 82.23, 74.99, 83.82] 
[37mEpoch 0 step 24 with [31mce_loss_combined : 0.420565 [31mce_loss_eeg : 0.693375 [31mce_loss_eog : 0.744209 [31mtotal : 1.858150 [94mAcc_combined: 85.98 [94mAcc_eeg: 83.83 [94mAcc_eog: 80.89 [92mF1_combined: 78.78 [92mF1_eeg: 75.15 [92mF1_eog: 70.94 [92mK_combined: 0.8061 [92mK_eeg: 0.7771 [92mK_eog: 0.7353 [34mF1_perclass_combined: [90.35, 44.28, 86.35, 84.39, 88.56] [34mF1_perclass_eeg: [89.29, 37.36, 84.46, 84.14, 80.52] [34mF1_perclass_eog: [86.58, 24.85, 80.46, 77.19, 85.65] 
[37mEpoch 0 step 26 with [31mce_loss_combined : 0.393442 [31mce_loss_eeg : 0.704484 [31mce_loss_eog : 0.725840 [31mtotal : 1.823766 [94mAcc_combined: 86.61 [94mAcc_eeg: 81.88 [94mAcc_eog: 80.78 [92mF1_combined: 78.19 [92mF1_eeg: 72.37 [92mF1_eog: 69.54 [92mK_combined: 0.8119 [92mK_eeg: 0.7416 [92mK_eog: 0.7271 [34mF1_perclass_combined: [90.74, 39.97, 87.51, 85.04, 87.7] [34mF1_perclass_eeg: [89.13, 36.93, 83.13, 83.26, 69.41] [34mF1_perclass_eog: [85.55, 19.8, 81.62, 76.28, 84.44] 
[37mEpoch 0 step 27 with [31mce_loss_combined : 0.391361 [31mce_loss_eeg : 0.672007 [31mce_loss_eog : 0.708037 [31mtotal : 1.771405 [94mAcc_combined: 86.36 [94mAcc_eeg: 84.13 [94mAcc_eog: 81.65 [92mF1_combined: 78.74 [92mF1_eeg: 76.15 [92mF1_eog: 71.88 [92mK_combined: 0.8130 [92mK_eeg: 0.7812 [92mK_eog: 0.7447 [34mF1_perclass_combined: [91.2, 43.8, 86.68, 84.56, 87.43] [34mF1_perclass_eeg: [88.57, 41.46, 85.22, 84.55, 80.96] [34mF1_perclass_eog: [86.51, 28.23, 82.37, 77.41, 84.89] 
[37mEpoch 1 step 29 with [31mce_loss_combined : 0.369784 [31mce_loss_eeg : 0.636747 [31mce_loss_eog : 0.726567 [31mtotal : 1.733098 [94mAcc_combined: 86.98 [94mAcc_eeg: 85.14 [94mAcc_eog: 79.56 [92mF1_combined: 76.46 [92mF1_eeg: 74.60 [92mF1_eog: 66.92 [92mK_combined: 0.8167 [92mK_eeg: 0.7904 [92mK_eog: 0.7063 [34mF1_perclass_combined: [91.63, 30.06, 87.36, 84.67, 88.6] [34mF1_perclass_eeg: [90.27, 29.77, 86.05, 84.25, 82.69] [34mF1_perclass_eog: [84.42, 13.14, 80.58, 71.81, 84.64] 
[37mEpoch 1 step 30 with [31mce_loss_combined : 0.362752 [31mce_loss_eeg : 0.628417 [31mce_loss_eog : 0.703826 [31mtotal : 1.694994 [94mAcc_combined: 87.34 [94mAcc_eeg: 85.10 [94mAcc_eog: 80.30 [92mF1_combined: 79.76 [92mF1_eeg: 76.12 [92mF1_eog: 68.22 [92mK_combined: 0.8240 [92mK_eeg: 0.7914 [92mK_eog: 0.7197 [34mF1_perclass_combined: [91.37, 45.2, 88.01, 85.5, 88.71] [34mF1_perclass_eeg: [90.01, 37.17, 85.93, 84.9, 82.58] [34mF1_perclass_eog: [87.24, 22.04, 81.54, 64.46, 85.81] 
[37mEpoch 1 step 31 with [31mce_loss_combined : 0.363115 [31mce_loss_eeg : 0.629296 [31mce_loss_eog : 0.667139 [31mtotal : 1.659550 [94mAcc_combined: 87.14 [94mAcc_eeg: 84.55 [94mAcc_eog: 82.06 [92mF1_combined: 77.15 [92mF1_eeg: 74.08 [92mF1_eog: 68.30 [92mK_combined: 0.8195 [92mK_eeg: 0.7828 [92mK_eog: 0.7457 [34mF1_perclass_combined: [91.79, 33.37, 87.76, 84.08, 88.73] [34mF1_perclass_eeg: [88.75, 30.05, 85.98, 83.59, 82.0] [34mF1_perclass_eog: [87.84, 10.66, 82.86, 74.1, 86.04] 
[37mEpoch 1 step 32 with [31mce_loss_combined : 0.369265 [31mce_loss_eeg : 0.622159 [31mce_loss_eog : 0.659970 [31mtotal : 1.651394 [94mAcc_combined: 86.38 [94mAcc_eeg: 84.67 [94mAcc_eog: 82.56 [92mF1_combined: 77.58 [92mF1_eeg: 74.29 [92mF1_eog: 70.10 [92mK_combined: 0.8121 [92mK_eeg: 0.7879 [92mK_eog: 0.7558 [34mF1_perclass_combined: [92.31, 37.23, 85.81, 83.54, 89.03] [34mF1_perclass_eeg: [90.29, 29.14, 84.76, 84.47, 82.78] [34mF1_perclass_eog: [87.68, 15.52, 82.85, 78.16, 86.29] 
[37mEpoch 1 step 36 with [31mce_loss_combined : 0.365735 [31mce_loss_eeg : 0.593031 [31mce_loss_eog : 0.641654 [31mtotal : 1.600420 [94mAcc_combined: 87.58 [94mAcc_eeg: 85.04 [94mAcc_eog: 82.32 [92mF1_combined: 80.11 [92mF1_eeg: 76.73 [92mF1_eog: 71.89 [92mK_combined: 0.8274 [92mK_eeg: 0.7908 [92mK_eog: 0.7517 [34mF1_perclass_combined: [91.96, 46.19, 88.13, 85.15, 89.12] [34mF1_perclass_eeg: [89.82, 41.01, 86.24, 83.81, 82.75] [34mF1_perclass_eog: [87.5, 25.65, 82.79, 76.81, 86.71] 
[37mEpoch 1 step 37 with [31mce_loss_combined : 0.361639 [31mce_loss_eeg : 0.591240 [31mce_loss_eog : 0.645015 [31mtotal : 1.597893 [94mAcc_combined: 87.41 [94mAcc_eeg: 85.05 [94mAcc_eog: 82.10 [92mF1_combined: 80.03 [92mF1_eeg: 76.56 [92mF1_eog: 71.98 [92mK_combined: 0.8255 [92mK_eeg: 0.7919 [92mK_eog: 0.7512 [34mF1_perclass_combined: [91.55, 45.75, 87.83, 85.88, 89.16] [34mF1_perclass_eeg: [89.71, 39.57, 85.87, 85.4, 82.24] [34mF1_perclass_eog: [87.22, 26.03, 82.04, 77.97, 86.63] 
[37mEpoch 1 step 39 with [31mce_loss_combined : 0.360150 [31mce_loss_eeg : 0.578917 [31mce_loss_eog : 0.646693 [31mtotal : 1.585760 [94mAcc_combined: 87.01 [94mAcc_eeg: 85.12 [94mAcc_eog: 81.44 [92mF1_combined: 77.33 [92mF1_eeg: 75.17 [92mF1_eog: 69.75 [92mK_combined: 0.8186 [92mK_eeg: 0.7920 [92mK_eog: 0.7391 [34mF1_perclass_combined: [91.73, 34.61, 87.57, 83.47, 89.27] [34mF1_perclass_eeg: [89.25, 32.75, 86.28, 83.9, 83.65] [34mF1_perclass_eog: [86.04, 19.34, 82.28, 75.25, 85.85] 
[37mEpoch 1 step 40 with [31mce_loss_combined : 0.345939 [31mce_loss_eeg : 0.568537 [31mce_loss_eog : 0.613542 [31mtotal : 1.528019 [94mAcc_combined: 87.59 [94mAcc_eeg: 85.41 [94mAcc_eog: 82.81 [92mF1_combined: 81.16 [92mF1_eeg: 77.26 [92mF1_eog: 72.41 [92mK_combined: 0.8284 [92mK_eeg: 0.7983 [92mK_eog: 0.7589 [34mF1_perclass_combined: [92.01, 50.37, 87.93, 85.94, 89.55] [34mF1_perclass_eeg: [90.47, 41.49, 86.25, 85.73, 82.36] [34mF1_perclass_eog: [88.54, 26.32, 83.25, 77.4, 86.54] 
[37mEpoch 1 step 44 with [31mce_loss_combined : 0.350021 [31mce_loss_eeg : 0.559857 [31mce_loss_eog : 0.601697 [31mtotal : 1.511575 [94mAcc_combined: 87.58 [94mAcc_eeg: 84.85 [94mAcc_eog: 82.50 [92mF1_combined: 79.54 [92mF1_eeg: 76.03 [92mF1_eog: 70.51 [92mK_combined: 0.8272 [92mK_eeg: 0.7900 [92mK_eog: 0.7537 [34mF1_perclass_combined: [92.71, 43.24, 88.19, 84.57, 88.96] [34mF1_perclass_eeg: [90.37, 38.05, 85.76, 84.4, 81.6] [34mF1_perclass_eog: [88.32, 18.45, 82.9, 76.11, 86.75] 
[37mEpoch 1 step 45 with [31mce_loss_combined : 0.357156 [31mce_loss_eeg : 0.540727 [31mce_loss_eog : 0.591771 [31mtotal : 1.489654 [94mAcc_combined: 87.89 [94mAcc_eeg: 85.60 [94mAcc_eog: 82.86 [92mF1_combined: 79.16 [92mF1_eeg: 76.83 [92mF1_eog: 71.20 [92mK_combined: 0.8305 [92mK_eeg: 0.7984 [92mK_eog: 0.7584 [34mF1_perclass_combined: [92.32, 40.44, 88.51, 85.48, 89.08] [34mF1_perclass_eeg: [89.95, 39.02, 86.58, 84.63, 83.98] [34mF1_perclass_eog: [88.31, 20.95, 83.4, 76.48, 86.85] 
[37mEpoch 1 step 47 with [31mce_loss_combined : 0.344026 [31mce_loss_eeg : 0.536876 [31mce_loss_eog : 0.604732 [31mtotal : 1.485634 [94mAcc_combined: 87.66 [94mAcc_eeg: 85.53 [94mAcc_eog: 81.89 [92mF1_combined: 79.75 [92mF1_eeg: 77.66 [92mF1_eog: 71.72 [92mK_combined: 0.8282 [92mK_eeg: 0.7992 [92mK_eog: 0.7451 [34mF1_perclass_combined: [92.11, 44.3, 88.05, 84.84, 89.43] [34mF1_perclass_eeg: [90.21, 43.67, 86.56, 85.28, 82.56] [34mF1_perclass_eog: [87.81, 27.83, 82.53, 75.77, 84.63] 
[37mEpoch 1 step 48 with [31mce_loss_combined : 0.354033 [31mce_loss_eeg : 0.534072 [31mce_loss_eog : 0.590600 [31mtotal : 1.478705 [94mAcc_combined: 87.50 [94mAcc_eeg: 85.53 [94mAcc_eog: 82.26 [92mF1_combined: 78.29 [92mF1_eeg: 76.06 [92mF1_eog: 71.10 [92mK_combined: 0.8263 [92mK_eeg: 0.7987 [92mK_eog: 0.7499 [34mF1_perclass_combined: [91.72, 37.08, 87.95, 85.61, 89.08] [34mF1_perclass_eeg: [89.67, 34.9, 86.29, 85.34, 84.09] [34mF1_perclass_eog: [87.81, 24.31, 83.2, 73.92, 86.27] 
[37mEpoch 1 step 51 with [31mce_loss_combined : 0.342484 [31mce_loss_eeg : 0.522557 [31mce_loss_eog : 0.575966 [31mtotal : 1.441007 [94mAcc_combined: 87.82 [94mAcc_eeg: 85.56 [94mAcc_eog: 82.22 [92mF1_combined: 80.56 [92mF1_eeg: 77.50 [92mF1_eog: 71.51 [92mK_combined: 0.8317 [92mK_eeg: 0.7995 [92mK_eog: 0.7488 [34mF1_perclass_combined: [92.63, 46.83, 88.12, 85.89, 89.35] [34mF1_perclass_eeg: [90.51, 41.88, 86.16, 85.71, 83.23] [34mF1_perclass_eog: [88.57, 27.21, 83.26, 71.65, 86.87] 
[37mEpoch 1 step 55 with [31mce_loss_combined : 0.333646 [31mce_loss_eeg : 0.506923 [31mce_loss_eog : 0.562132 [31mtotal : 1.402701 [94mAcc_combined: 88.10 [94mAcc_eeg: 85.75 [94mAcc_eog: 82.86 [92mF1_combined: 80.90 [92mF1_eeg: 77.57 [92mF1_eog: 72.44 [92mK_combined: 0.8348 [92mK_eeg: 0.8027 [92mK_eog: 0.7616 [34mF1_perclass_combined: [92.99, 47.8, 88.46, 85.9, 89.34] [34mF1_perclass_eeg: [90.44, 41.81, 86.57, 85.49, 83.53] [34mF1_perclass_eog: [88.82, 24.88, 82.68, 78.15, 87.67] 
[37mEpoch 2 step 56 with [31mce_loss_combined : 0.338488 [31mce_loss_eeg : 0.502595 [31mce_loss_eog : 0.560840 [31mtotal : 1.401924 [94mAcc_combined: 87.94 [94mAcc_eeg: 85.71 [94mAcc_eog: 82.51 [92mF1_combined: 76.75 [92mF1_eeg: 74.59 [92mF1_eog: 69.06 [92mK_combined: 0.8306 [92mK_eeg: 0.7981 [92mK_eog: 0.7524 [34mF1_perclass_combined: [92.85, 27.36, 88.17, 85.91, 89.46] [34mF1_perclass_eeg: [90.98, 27.28, 86.38, 85.37, 82.92] [34mF1_perclass_eog: [88.57, 10.55, 82.5, 76.64, 87.02] 
[37mEpoch 2 step 57 with [31mce_loss_combined : 0.329229 [31mce_loss_eeg : 0.485863 [31mce_loss_eog : 0.548506 [31mtotal : 1.363598 [94mAcc_combined: 88.03 [94mAcc_eeg: 86.55 [94mAcc_eog: 83.03 [92mF1_combined: 79.84 [92mF1_eeg: 77.47 [92mF1_eog: 71.38 [92mK_combined: 0.8335 [92mK_eeg: 0.8121 [92mK_eog: 0.7603 [34mF1_perclass_combined: [92.52, 42.58, 88.36, 85.97, 89.8] [34mF1_perclass_eeg: [91.29, 37.63, 87.14, 86.03, 85.26] [34mF1_perclass_eog: [89.05, 21.59, 83.51, 74.79, 87.96] 
[37mEpoch 2 step 59 with [31mce_loss_combined : 0.327623 [31mce_loss_eeg : 0.484608 [31mce_loss_eog : 0.535568 [31mtotal : 1.347799 [94mAcc_combined: 88.18 [94mAcc_eeg: 86.46 [94mAcc_eog: 83.65 [92mF1_combined: 81.04 [92mF1_eeg: 78.54 [92mF1_eog: 73.08 [92mK_combined: 0.8351 [92mK_eeg: 0.8110 [92mK_eog: 0.7698 [34mF1_perclass_combined: [93.02, 48.49, 88.56, 84.95, 90.15] [34mF1_perclass_eeg: [91.0, 43.6, 87.15, 85.57, 85.35] [34mF1_perclass_eog: [89.76, 27.81, 84.18, 75.56, 88.08] 
[37mEpoch 2 step 60 with [31mce_loss_combined : 0.325774 [31mce_loss_eeg : 0.480596 [31mce_loss_eog : 0.538576 [31mtotal : 1.344946 [94mAcc_combined: 88.38 [94mAcc_eeg: 86.60 [94mAcc_eog: 83.51 [92mF1_combined: 80.89 [92mF1_eeg: 78.50 [92mF1_eog: 72.80 [92mK_combined: 0.8384 [92mK_eeg: 0.8133 [92mK_eog: 0.7679 [34mF1_perclass_combined: [93.04, 46.75, 88.66, 86.0, 89.99] [34mF1_perclass_eeg: [91.11, 42.65, 87.16, 85.93, 85.66] [34mF1_perclass_eog: [89.94, 28.03, 84.16, 74.1, 87.76] 
[37mEpoch 2 step 64 with [31mce_loss_combined : 0.326650 [31mce_loss_eeg : 0.474987 [31mce_loss_eog : 0.529229 [31mtotal : 1.330865 [94mAcc_combined: 88.40 [94mAcc_eeg: 86.65 [94mAcc_eog: 83.62 [92mF1_combined: 80.45 [92mF1_eeg: 78.25 [92mF1_eog: 72.52 [92mK_combined: 0.8381 [92mK_eeg: 0.8132 [92mK_eog: 0.7692 [34mF1_perclass_combined: [92.91, 44.75, 88.81, 85.87, 89.92] [34mF1_perclass_eeg: [91.05, 41.66, 87.37, 85.28, 85.88] [34mF1_perclass_eog: [89.81, 24.71, 84.0, 76.48, 87.61] 
[37mEpoch 2 step 65 with [31mce_loss_combined : 0.323070 [31mce_loss_eeg : 0.471394 [31mce_loss_eog : 0.525725 [31mtotal : 1.320188 [94mAcc_combined: 88.40 [94mAcc_eeg: 86.78 [94mAcc_eog: 83.88 [92mF1_combined: 80.06 [92mF1_eeg: 77.97 [92mF1_eog: 72.43 [92mK_combined: 0.8384 [92mK_eeg: 0.8159 [92mK_eog: 0.7737 [34mF1_perclass_combined: [93.27, 42.4, 88.5, 86.05, 90.07] [34mF1_perclass_eeg: [91.39, 39.11, 87.17, 85.97, 86.2] [34mF1_perclass_eog: [90.13, 22.56, 83.97, 77.36, 88.13] 
[37mEpoch 2 step 72 with [31mce_loss_combined : 0.331115 [31mce_loss_eeg : 0.465535 [31mce_loss_eog : 0.517303 [31mtotal : 1.313952 [94mAcc_combined: 88.20 [94mAcc_eeg: 86.67 [94mAcc_eog: 83.82 [92mF1_combined: 80.86 [92mF1_eeg: 78.67 [92mF1_eog: 73.11 [92mK_combined: 0.8351 [92mK_eeg: 0.8137 [92mK_eog: 0.7720 [34mF1_perclass_combined: [93.12, 48.29, 88.68, 84.29, 89.94] [34mF1_perclass_eeg: [91.3, 43.95, 87.46, 84.5, 86.16] [34mF1_perclass_eog: [90.21, 26.94, 84.15, 76.22, 88.04] 
[37mEpoch 2 step 73 with [31mce_loss_combined : 0.323041 [31mce_loss_eeg : 0.461583 [31mce_loss_eog : 0.512872 [31mtotal : 1.297496 [94mAcc_combined: 88.62 [94mAcc_eeg: 86.89 [94mAcc_eog: 84.00 [92mF1_combined: 80.97 [92mF1_eeg: 78.90 [92mF1_eog: 73.37 [92mK_combined: 0.8414 [92mK_eeg: 0.8173 [92mK_eog: 0.7748 [34mF1_perclass_combined: [93.3, 46.67, 89.04, 85.83, 89.99] [34mF1_perclass_eeg: [91.37, 43.73, 87.56, 85.71, 86.14] [34mF1_perclass_eog: [90.32, 27.12, 84.2, 77.17, 88.06] 
[37mEpoch 2 step 75 with [31mce_loss_combined : 0.319706 [31mce_loss_eeg : 0.459419 [31mce_loss_eog : 0.511634 [31mtotal : 1.290758 [94mAcc_combined: 88.67 [94mAcc_eeg: 86.93 [94mAcc_eog: 83.86 [92mF1_combined: 81.31 [92mF1_eeg: 79.10 [92mF1_eog: 73.38 [92mK_combined: 0.8426 [92mK_eeg: 0.8182 [92mK_eog: 0.7726 [34mF1_perclass_combined: [93.42, 48.02, 88.95, 86.02, 90.12] [34mF1_perclass_eeg: [91.37, 44.55, 87.55, 85.91, 86.11] [34mF1_perclass_eog: [90.43, 28.81, 84.21, 75.19, 88.26] 
[37mEpoch 3 step 85 with [31mce_loss_combined : 0.322801 [31mce_loss_eeg : 0.443991 [31mce_loss_eog : 0.515023 [31mtotal : 1.281814 [94mAcc_combined: 88.54 [94mAcc_eeg: 87.02 [94mAcc_eog: 83.10 [92mF1_combined: 80.94 [92mF1_eeg: 79.53 [92mF1_eog: 73.70 [92mK_combined: 0.8406 [92mK_eeg: 0.8197 [92mK_eog: 0.7623 [34mF1_perclass_combined: [93.25, 46.49, 88.8, 86.03, 90.16] [34mF1_perclass_eeg: [91.71, 46.02, 87.6, 86.06, 86.27] [34mF1_perclass_eog: [89.33, 32.11, 83.53, 75.49, 88.02] 
[37mEpoch 3 step 88 with [31mce_loss_combined : 0.323491 [31mce_loss_eeg : 0.444744 [31mce_loss_eog : 0.507725 [31mtotal : 1.275960 [94mAcc_combined: 88.51 [94mAcc_eeg: 86.90 [94mAcc_eog: 83.16 [92mF1_combined: 80.81 [92mF1_eeg: 78.96 [92mF1_eog: 72.23 [92mK_combined: 0.8395 [92mK_eeg: 0.8166 [92mK_eog: 0.7608 [34mF1_perclass_combined: [93.29, 46.22, 88.93, 85.7, 89.92] [34mF1_perclass_eeg: [91.53, 44.1, 87.55, 85.44, 86.16] [34mF1_perclass_eog: [90.45, 27.85, 83.79, 70.84, 88.2] 
[37mEpoch 3 step 90 with [31mce_loss_combined : 0.320578 [31mce_loss_eeg : 0.441067 [31mce_loss_eog : 0.494111 [31mtotal : 1.255755 [94mAcc_combined: 88.47 [94mAcc_eeg: 86.95 [94mAcc_eog: 83.92 [92mF1_combined: 79.76 [92mF1_eeg: 77.92 [92mF1_eog: 71.92 [92mK_combined: 0.8384 [92mK_eeg: 0.8170 [92mK_eog: 0.7729 [34mF1_perclass_combined: [93.25, 41.31, 88.82, 85.26, 90.17] [34mF1_perclass_eeg: [91.6, 38.39, 87.5, 85.25, 86.84] [34mF1_perclass_eog: [90.65, 20.46, 84.04, 76.0, 88.43] 
[37mEpoch 3 step 91 with [31mce_loss_combined : 0.317476 [31mce_loss_eeg : 0.435524 [31mce_loss_eog : 0.490725 [31mtotal : 1.243725 [94mAcc_combined: 88.50 [94mAcc_eeg: 87.16 [94mAcc_eog: 84.14 [92mF1_combined: 80.37 [92mF1_eeg: 78.84 [92mF1_eog: 73.13 [92mK_combined: 0.8401 [92mK_eeg: 0.8216 [92mK_eog: 0.7768 [34mF1_perclass_combined: [93.28, 43.71, 88.65, 86.2, 90.02] [34mF1_perclass_eeg: [91.63, 42.0, 87.61, 86.22, 86.72] [34mF1_perclass_eog: [90.74, 26.17, 84.4, 76.06, 88.28] 
[37mEpoch 3 step 92 with [31mce_loss_combined : 0.317049 [31mce_loss_eeg : 0.435492 [31mce_loss_eog : 0.489472 [31mtotal : 1.242013 [94mAcc_combined: 88.60 [94mAcc_eeg: 87.17 [94mAcc_eog: 84.22 [92mF1_combined: 80.32 [92mF1_eeg: 78.53 [92mF1_eog: 73.06 [92mK_combined: 0.8410 [92mK_eeg: 0.8210 [92mK_eog: 0.7780 [34mF1_perclass_combined: [93.37, 43.09, 88.83, 86.08, 90.23] [34mF1_perclass_eeg: [91.73, 40.44, 87.61, 86.0, 86.89] [34mF1_perclass_eog: [90.94, 24.88, 84.33, 76.79, 88.34] 
[37mEpoch 3 step 93 with [31mce_loss_combined : 0.316061 [31mce_loss_eeg : 0.434193 [31mce_loss_eog : 0.487717 [31mtotal : 1.237970 [94mAcc_combined: 88.73 [94mAcc_eeg: 87.27 [94mAcc_eog: 84.41 [92mF1_combined: 80.76 [92mF1_eeg: 78.84 [92mF1_eog: 73.72 [92mK_combined: 0.8428 [92mK_eeg: 0.8223 [92mK_eog: 0.7812 [34mF1_perclass_combined: [93.39, 44.81, 89.0, 86.29, 90.32] [34mF1_perclass_eeg: [91.66, 41.53, 87.78, 86.18, 87.06] [34mF1_perclass_eog: [90.89, 27.37, 84.57, 77.35, 88.43] 
[37mEpoch 3 step 94 with [31mce_loss_combined : 0.314111 [31mce_loss_eeg : 0.434656 [31mce_loss_eog : 0.485537 [31mtotal : 1.234304 [94mAcc_combined: 88.74 [94mAcc_eeg: 87.20 [94mAcc_eog: 84.33 [92mF1_combined: 80.70 [92mF1_eeg: 78.77 [92mF1_eog: 73.51 [92mK_combined: 0.8429 [92mK_eeg: 0.8213 [92mK_eog: 0.7796 [34mF1_perclass_combined: [93.53, 44.41, 89.01, 86.27, 90.29] [34mF1_perclass_eeg: [91.63, 41.27, 87.64, 86.12, 87.18] [34mF1_perclass_eog: [91.02, 26.37, 84.44, 77.16, 88.57] 
[37mEpoch 4 step 112 with [31mce_loss_combined : 0.315000 [31mce_loss_eeg : 0.421283 [31mce_loss_eog : 0.480013 [31mtotal : 1.216296 [94mAcc_combined: 88.69 [94mAcc_eeg: 87.20 [94mAcc_eog: 84.12 [92mF1_combined: 79.93 [92mF1_eeg: 78.56 [92mF1_eog: 72.70 [92mK_combined: 0.8421 [92mK_eeg: 0.8215 [92mK_eog: 0.7764 [34mF1_perclass_combined: [93.29, 40.98, 89.1, 86.33, 89.93] [34mF1_perclass_eeg: [91.57, 40.61, 87.82, 86.26, 86.56] [34mF1_perclass_eog: [90.24, 23.77, 84.46, 76.64, 88.38] 
[37mEpoch 4 step 118 with [31mce_loss_combined : 0.319675 [31mce_loss_eeg : 0.417751 [31mce_loss_eog : 0.476030 [31mtotal : 1.213456 [94mAcc_combined: 88.54 [94mAcc_eeg: 87.21 [94mAcc_eog: 84.23 [92mF1_combined: 80.37 [92mF1_eeg: 78.75 [92mF1_eog: 72.40 [92mK_combined: 0.8407 [92mK_eeg: 0.8222 [92mK_eog: 0.7793 [34mF1_perclass_combined: [93.51, 43.6, 88.67, 86.21, 89.87] [34mF1_perclass_eeg: [91.83, 41.31, 87.62, 86.14, 86.83] [34mF1_perclass_eog: [90.84, 19.78, 83.82, 78.71, 88.85] 
[37mEpoch 4 step 122 with [31mce_loss_combined : 0.312378 [31mce_loss_eeg : 0.424756 [31mce_loss_eog : 0.471114 [31mtotal : 1.208247 [94mAcc_combined: 88.63 [94mAcc_eeg: 86.84 [94mAcc_eog: 84.15 [92mF1_combined: 81.13 [92mF1_eeg: 78.78 [92mF1_eog: 73.95 [92mK_combined: 0.8420 [92mK_eeg: 0.8178 [92mK_eog: 0.7768 [34mF1_perclass_combined: [93.54, 46.91, 88.82, 86.12, 90.29] [34mF1_perclass_eeg: [91.66, 43.16, 87.15, 86.01, 85.91] [34mF1_perclass_eog: [90.77, 30.41, 84.55, 75.38, 88.63] 
[37mEpoch 4 step 123 with [31mce_loss_combined : 0.315302 [31mce_loss_eeg : 0.418056 [31mce_loss_eog : 0.470036 [31mtotal : 1.203394 [94mAcc_combined: 88.46 [94mAcc_eeg: 87.00 [94mAcc_eog: 84.07 [92mF1_combined: 80.42 [92mF1_eeg: 78.49 [92mF1_eog: 73.07 [92mK_combined: 0.8397 [92mK_eeg: 0.8193 [92mK_eog: 0.7747 [34mF1_perclass_combined: [93.72, 43.77, 88.4, 86.04, 90.18] [34mF1_perclass_eeg: [91.96, 40.75, 87.19, 86.23, 86.33] [34mF1_perclass_eog: [91.01, 26.17, 84.35, 75.52, 88.29] 
[37mEpoch 4 step 124 with [31mce_loss_combined : 0.315188 [31mce_loss_eeg : 0.411924 [31mce_loss_eog : 0.465385 [31mtotal : 1.192496 [94mAcc_combined: 88.82 [94mAcc_eeg: 87.42 [94mAcc_eog: 84.50 [92mF1_combined: 81.21 [92mF1_eeg: 79.12 [92mF1_eog: 73.78 [92mK_combined: 0.8444 [92mK_eeg: 0.8247 [92mK_eog: 0.7825 [34mF1_perclass_combined: [93.28, 46.91, 89.17, 86.34, 90.37] [34mF1_perclass_eeg: [91.65, 42.44, 87.98, 86.26, 87.29] [34mF1_perclass_eog: [90.84, 27.22, 84.75, 77.9, 88.17] 
[37mEpoch 4 step 125 with [31mce_loss_combined : 0.313187 [31mce_loss_eeg : 0.412204 [31mce_loss_eog : 0.463627 [31mtotal : 1.189019 [94mAcc_combined: 88.77 [94mAcc_eeg: 87.34 [94mAcc_eog: 84.67 [92mF1_combined: 81.66 [92mF1_eeg: 79.72 [92mF1_eog: 75.04 [92mK_combined: 0.8443 [92mK_eeg: 0.8243 [92mK_eog: 0.7859 [34mF1_perclass_combined: [93.56, 49.18, 89.0, 86.46, 90.11] [34mF1_perclass_eeg: [91.84, 45.54, 87.74, 86.43, 87.04] [34mF1_perclass_eog: [91.21, 32.46, 84.82, 78.29, 88.45] 
[37mEpoch 4 step 127 with [31mce_loss_combined : 0.312525 [31mce_loss_eeg : 0.409031 [31mce_loss_eog : 0.462361 [31mtotal : 1.183917 [94mAcc_combined: 88.73 [94mAcc_eeg: 87.43 [94mAcc_eog: 84.69 [92mF1_combined: 80.57 [92mF1_eeg: 79.01 [92mF1_eog: 73.03 [92mK_combined: 0.8428 [92mK_eeg: 0.8250 [92mK_eog: 0.7846 [34mF1_perclass_combined: [93.64, 43.89, 88.98, 86.01, 90.31] [34mF1_perclass_eeg: [92.08, 41.77, 87.86, 86.17, 87.14] [34mF1_perclass_eog: [91.38, 22.4, 84.79, 77.61, 88.99] 
[37mEpoch 4 step 130 with [31mce_loss_combined : 0.309689 [31mce_loss_eeg : 0.407955 [31mce_loss_eog : 0.464264 [31mtotal : 1.181908 [94mAcc_combined: 88.93 [94mAcc_eeg: 87.56 [94mAcc_eog: 84.35 [92mF1_combined: 81.74 [92mF1_eeg: 80.02 [92mF1_eog: 74.27 [92mK_combined: 0.8463 [92mK_eeg: 0.8273 [92mK_eog: 0.7796 [34mF1_perclass_combined: [93.75, 49.12, 89.16, 86.3, 90.35] [34mF1_perclass_eeg: [92.06, 46.48, 88.0, 86.16, 87.43] [34mF1_perclass_eog: [91.3, 31.94, 84.72, 74.23, 89.14] 
[37mEpoch 4 step 133 with [31mce_loss_combined : 0.307470 [31mce_loss_eeg : 0.404695 [31mce_loss_eog : 0.469569 [31mtotal : 1.181733 [94mAcc_combined: 88.92 [94mAcc_eeg: 87.57 [94mAcc_eog: 84.04 [92mF1_combined: 81.34 [92mF1_eeg: 79.87 [92mF1_eog: 73.97 [92mK_combined: 0.8457 [92mK_eeg: 0.8270 [92mK_eog: 0.7742 [34mF1_perclass_combined: [93.81, 47.0, 89.18, 86.28, 90.44] [34mF1_perclass_eeg: [92.19, 45.6, 88.02, 86.34, 87.2] [34mF1_perclass_eog: [91.23, 32.6, 84.52, 72.28, 89.2] 
[37mEpoch 4 step 134 with [31mce_loss_combined : 0.307096 [31mce_loss_eeg : 0.404110 [31mce_loss_eog : 0.465064 [31mtotal : 1.176270 [94mAcc_combined: 88.96 [94mAcc_eeg: 87.58 [94mAcc_eog: 84.21 [92mF1_combined: 81.38 [92mF1_eeg: 79.84 [92mF1_eog: 74.12 [92mK_combined: 0.8462 [92mK_eeg: 0.8269 [92mK_eog: 0.7769 [34mF1_perclass_combined: [93.8, 47.17, 89.23, 86.23, 90.47] [34mF1_perclass_eeg: [92.21, 45.51, 88.05, 86.31, 87.11] [34mF1_perclass_eog: [91.26, 32.11, 84.64, 73.33, 89.24] 
[37mEpoch 4 step 135 with [31mce_loss_combined : 0.306529 [31mce_loss_eeg : 0.404390 [31mce_loss_eog : 0.460421 [31mtotal : 1.171340 [94mAcc_combined: 88.92 [94mAcc_eeg: 87.56 [94mAcc_eog: 84.53 [92mF1_combined: 81.46 [92mF1_eeg: 79.90 [92mF1_eog: 74.59 [92mK_combined: 0.8460 [92mK_eeg: 0.8269 [92mK_eog: 0.7820 [34mF1_perclass_combined: [93.78, 47.58, 89.13, 86.33, 90.48] [34mF1_perclass_eeg: [92.19, 45.76, 87.96, 86.48, 87.11] [34mF1_perclass_eog: [91.26, 32.33, 84.89, 75.2, 89.24] 
[37mEpoch 4 step 136 with [31mce_loss_combined : 0.306402 [31mce_loss_eeg : 0.404074 [31mce_loss_eog : 0.458850 [31mtotal : 1.169326 [94mAcc_combined: 88.90 [94mAcc_eeg: 87.59 [94mAcc_eog: 84.59 [92mF1_combined: 81.43 [92mF1_eeg: 79.93 [92mF1_eog: 74.72 [92mK_combined: 0.8457 [92mK_eeg: 0.8275 [92mK_eog: 0.7832 [34mF1_perclass_combined: [93.72, 47.52, 89.11, 86.35, 90.45] [34mF1_perclass_eeg: [92.15, 45.73, 87.99, 86.56, 87.21] [34mF1_perclass_eog: [91.28, 32.51, 84.9, 75.73, 89.17] 
[37mEpoch 6 step 177 with [31mce_loss_combined : 0.312195 [31mce_loss_eeg : 0.396953 [31mce_loss_eog : 0.447020 [31mtotal : 1.156168 [94mAcc_combined: 88.84 [94mAcc_eeg: 87.47 [94mAcc_eog: 84.74 [92mF1_combined: 81.93 [92mF1_eeg: 80.00 [92mF1_eog: 75.30 [92mK_combined: 0.8453 [92mK_eeg: 0.8261 [92mK_eog: 0.7872 [34mF1_perclass_combined: [93.6, 50.11, 89.05, 86.58, 90.3] [34mF1_perclass_eeg: [92.14, 46.55, 87.76, 86.31, 87.22] [34mF1_perclass_eog: [91.27, 33.35, 84.77, 78.89, 88.22] 
[37mEpoch 6 step 189 with [31mce_loss_combined : 0.309859 [31mce_loss_eeg : 0.386077 [31mce_loss_eog : 0.457502 [31mtotal : 1.153438 [94mAcc_combined: 88.92 [94mAcc_eeg: 87.74 [94mAcc_eog: 83.93 [92mF1_combined: 81.45 [92mF1_eeg: 80.08 [92mF1_eog: 73.91 [92mK_combined: 0.8462 [92mK_eeg: 0.8296 [92mK_eog: 0.7737 [34mF1_perclass_combined: [93.7, 47.51, 89.13, 86.52, 90.39] [34mF1_perclass_eeg: [92.32, 45.79, 88.06, 86.74, 87.51] [34mF1_perclass_eog: [91.19, 32.98, 84.54, 72.71, 88.13] 
[37mEpoch 6 step 191 with [31mce_loss_combined : 0.308889 [31mce_loss_eeg : 0.388243 [31mce_loss_eog : 0.441752 [31mtotal : 1.138885 [94mAcc_combined: 89.09 [94mAcc_eeg: 87.51 [94mAcc_eog: 84.84 [92mF1_combined: 81.21 [92mF1_eeg: 79.28 [92mF1_eog: 74.57 [92mK_combined: 0.8483 [92mK_eeg: 0.8264 [92mK_eog: 0.7886 [34mF1_perclass_combined: [93.65, 45.75, 89.37, 86.67, 90.62] [34mF1_perclass_eeg: [91.87, 42.69, 88.01, 86.52, 87.29] [34mF1_perclass_eog: [91.33, 29.01, 84.69, 78.85, 88.97] 
[37mEpoch 7 step 195 with [31mce_loss_combined : 0.304093 [31mce_loss_eeg : 0.381801 [31mce_loss_eog : 0.438026 [31mtotal : 1.123919 [94mAcc_combined: 89.02 [94mAcc_eeg: 87.69 [94mAcc_eog: 84.89 [92mF1_combined: 81.47 [92mF1_eeg: 80.05 [92mF1_eog: 74.45 [92mK_combined: 0.8476 [92mK_eeg: 0.8290 [92mK_eog: 0.7880 [34mF1_perclass_combined: [93.86, 47.19, 89.18, 86.64, 90.48] [34mF1_perclass_eeg: [92.28, 45.91, 87.99, 86.69, 87.37] [34mF1_perclass_eog: [91.53, 29.0, 84.99, 77.43, 89.28] 
[37mEpoch 7 step 207 with [31mce_loss_combined : 0.304035 [31mce_loss_eeg : 0.380526 [31mce_loss_eog : 0.434534 [31mtotal : 1.119096 [94mAcc_combined: 89.10 [94mAcc_eeg: 87.86 [94mAcc_eog: 84.92 [92mF1_combined: 81.54 [92mF1_eeg: 80.03 [92mF1_eog: 74.93 [92mK_combined: 0.8482 [92mK_eeg: 0.8308 [92mK_eog: 0.7881 [34mF1_perclass_combined: [94.01, 47.54, 89.37, 86.34, 90.47] [34mF1_perclass_eeg: [92.43, 45.28, 88.26, 86.49, 87.69] [34mF1_perclass_eog: [91.85, 32.26, 85.18, 76.36, 89.0] 
[37mEpoch 7 step 208 with [31mce_loss_combined : 0.304763 [31mce_loss_eeg : 0.381790 [31mce_loss_eog : 0.432029 [31mtotal : 1.118582 [94mAcc_combined: 89.11 [94mAcc_eeg: 87.84 [94mAcc_eog: 85.04 [92mF1_combined: 81.83 [92mF1_eeg: 80.06 [92mF1_eog: 75.20 [92mK_combined: 0.8489 [92mK_eeg: 0.8312 [92mK_eog: 0.7906 [34mF1_perclass_combined: [93.95, 48.75, 89.34, 86.59, 90.51] [34mF1_perclass_eeg: [92.49, 45.34, 88.17, 86.66, 87.64] [34mF1_perclass_eog: [91.78, 32.65, 85.26, 77.43, 88.87] 
[37mEpoch 7 step 210 with [31mce_loss_combined : 0.305226 [31mce_loss_eeg : 0.380081 [31mce_loss_eog : 0.432429 [31mtotal : 1.117736 [94mAcc_combined: 89.05 [94mAcc_eeg: 87.83 [94mAcc_eog: 85.07 [92mF1_combined: 81.20 [92mF1_eeg: 79.75 [92mF1_eog: 74.49 [92mK_combined: 0.8472 [92mK_eeg: 0.8305 [92mK_eog: 0.7904 [34mF1_perclass_combined: [94.01, 46.12, 89.36, 86.09, 90.45] [34mF1_perclass_eeg: [92.54, 43.96, 88.19, 86.41, 87.65] [34mF1_perclass_eog: [91.9, 28.71, 85.2, 77.38, 89.25] 
[37mEpoch 10 step 293 with [31mce_loss_combined : 0.309517 [31mce_loss_eeg : 0.370975 [31mce_loss_eog : 0.426869 [31mtotal : 1.107360 [94mAcc_combined: 89.02 [94mAcc_eeg: 87.74 [94mAcc_eog: 85.15 [92mF1_combined: 80.67 [92mF1_eeg: 79.21 [92mF1_eog: 73.89 [92mK_combined: 0.8467 [92mK_eeg: 0.8295 [92mK_eog: 0.7921 [34mF1_perclass_combined: [93.83, 43.46, 89.32, 86.35, 90.41] [34mF1_perclass_eeg: [92.39, 41.54, 88.17, 86.72, 87.23] [34mF1_perclass_eog: [91.66, 24.91, 85.27, 78.61, 89.0] 
[37mEpoch 11 step 319 with [31mce_loss_combined : 0.309522 [31mce_loss_eeg : 0.372860 [31mce_loss_eog : 0.422775 [31mtotal : 1.105157 [94mAcc_combined: 88.99 [94mAcc_eeg: 87.51 [94mAcc_eog: 85.17 [92mF1_combined: 80.98 [92mF1_eeg: 79.19 [92mF1_eog: 74.39 [92mK_combined: 0.8470 [92mK_eeg: 0.8266 [92mK_eog: 0.7926 [34mF1_perclass_combined: [94.05, 44.43, 88.99, 86.54, 90.89] [34mF1_perclass_eeg: [92.27, 41.89, 87.65, 86.65, 87.48] [34mF1_perclass_eog: [92.18, 26.86, 84.94, 78.77, 89.19] 
[37mEpoch 11 step 320 with [31mce_loss_combined : 0.305743 [31mce_loss_eeg : 0.368251 [31mce_loss_eog : 0.426546 [31mtotal : 1.100540 [94mAcc_combined: 89.09 [94mAcc_eeg: 87.69 [94mAcc_eog: 85.08 [92mF1_combined: 81.41 [92mF1_eeg: 79.40 [92mF1_eog: 74.27 [92mK_combined: 0.8483 [92mK_eeg: 0.8286 [92mK_eog: 0.7905 [34mF1_perclass_combined: [94.02, 46.72, 89.21, 86.48, 90.62] [34mF1_perclass_eeg: [92.59, 42.4, 87.93, 86.61, 87.44] [34mF1_perclass_eog: [91.92, 26.85, 85.01, 78.35, 89.2] 
[37mEpoch 12 step 334 with [31mce_loss_combined : 0.304270 [31mce_loss_eeg : 0.366320 [31mce_loss_eog : 0.422029 [31mtotal : 1.092618 [94mAcc_combined: 89.12 [94mAcc_eeg: 87.69 [94mAcc_eog: 85.02 [92mF1_combined: 82.26 [92mF1_eeg: 80.45 [92mF1_eog: 75.58 [92mK_combined: 0.8494 [92mK_eeg: 0.8294 [92mK_eog: 0.7906 [34mF1_perclass_combined: [93.96, 50.6, 89.28, 86.66, 90.8] [34mF1_perclass_eeg: [92.36, 47.8, 88.05, 86.53, 87.49] [34mF1_perclass_eog: [91.71, 34.2, 85.28, 77.45, 89.26] 
[37mEpoch 12 step 340 with [31mce_loss_combined : 0.303507 [31mce_loss_eeg : 0.365103 [31mce_loss_eog : 0.419810 [31mtotal : 1.088421 [94mAcc_combined: 89.07 [94mAcc_eeg: 87.94 [94mAcc_eog: 85.11 [92mF1_combined: 81.51 [92mF1_eeg: 80.17 [92mF1_eog: 75.06 [92mK_combined: 0.8480 [92mK_eeg: 0.8322 [92mK_eog: 0.7914 [34mF1_perclass_combined: [94.02, 47.36, 89.27, 86.39, 90.49] [34mF1_perclass_eeg: [92.56, 45.5, 88.28, 86.74, 87.76] [34mF1_perclass_eog: [91.98, 31.5, 85.23, 77.3, 89.28] 
[37mEpoch 12 step 346 with [31mce_loss_combined : 0.303421 [31mce_loss_eeg : 0.365768 [31mce_loss_eog : 0.416027 [31mtotal : 1.085216 [94mAcc_combined: 89.21 [94mAcc_eeg: 87.93 [94mAcc_eog: 85.28 [92mF1_combined: 81.89 [92mF1_eeg: 80.21 [92mF1_eog: 75.48 [92mK_combined: 0.8501 [92mK_eeg: 0.8324 [92mK_eog: 0.7940 [34mF1_perclass_combined: [94.21, 48.84, 89.39, 86.4, 90.59] [34mF1_perclass_eeg: [92.63, 45.81, 88.26, 86.64, 87.72] [34mF1_perclass_eog: [92.14, 33.12, 85.45, 77.44, 89.23] 
[37mEpoch 12 step 356 with [31mce_loss_combined : 0.302902 [31mce_loss_eeg : 0.361441 [31mce_loss_eog : 0.418185 [31mtotal : 1.082529 [94mAcc_combined: 89.22 [94mAcc_eeg: 87.86 [94mAcc_eog: 85.14 [92mF1_combined: 81.72 [92mF1_eeg: 80.19 [92mF1_eog: 75.30 [92mK_combined: 0.8498 [92mK_eeg: 0.8310 [92mK_eog: 0.7907 [34mF1_perclass_combined: [94.05, 47.95, 89.43, 86.53, 90.66] [34mF1_perclass_eeg: [92.62, 46.02, 88.15, 86.8, 87.36] [34mF1_perclass_eog: [92.05, 33.49, 85.47, 76.05, 89.44] 
[37mEpoch 12 step 357 with [31mce_loss_combined : 0.303077 [31mce_loss_eeg : 0.360136 [31mce_loss_eog : 0.413345 [31mtotal : 1.076558 [94mAcc_combined: 89.20 [94mAcc_eeg: 87.99 [94mAcc_eog: 85.43 [92mF1_combined: 81.75 [92mF1_eeg: 80.35 [92mF1_eog: 75.66 [92mK_combined: 0.8500 [92mK_eeg: 0.8334 [92mK_eog: 0.7971 [34mF1_perclass_combined: [93.86, 48.19, 89.39, 86.62, 90.71] [34mF1_perclass_eeg: [92.5, 46.23, 88.27, 86.84, 87.92] [34mF1_perclass_eog: [92.21, 32.46, 85.26, 78.83, 89.56] 
[37mEpoch 13 step 361 with [31mce_loss_combined : 0.300504 [31mce_loss_eeg : 0.358399 [31mce_loss_eog : 0.414617 [31mtotal : 1.073520 [94mAcc_combined: 89.30 [94mAcc_eeg: 87.96 [94mAcc_eog: 85.25 [92mF1_combined: 81.74 [92mF1_eeg: 80.35 [92mF1_eog: 75.35 [92mK_combined: 0.8510 [92mK_eeg: 0.8325 [92mK_eog: 0.7935 [34mF1_perclass_combined: [94.19, 47.77, 89.53, 86.49, 90.73] [34mF1_perclass_eeg: [92.58, 46.44, 88.31, 86.7, 87.72] [34mF1_perclass_eog: [92.06, 32.18, 85.32, 77.66, 89.52] 
[37mEpoch 13 step 362 with [31mce_loss_combined : 0.300339 [31mce_loss_eeg : 0.358465 [31mce_loss_eog : 0.412982 [31mtotal : 1.071786 [94mAcc_combined: 89.28 [94mAcc_eeg: 87.97 [94mAcc_eog: 85.38 [92mF1_combined: 81.92 [92mF1_eeg: 80.53 [92mF1_eog: 75.72 [92mK_combined: 0.8510 [92mK_eeg: 0.8327 [92mK_eog: 0.7952 [34mF1_perclass_combined: [94.13, 48.6, 89.48, 86.67, 90.71] [34mF1_perclass_eeg: [92.61, 47.29, 88.28, 86.72, 87.75] [34mF1_perclass_eog: [92.26, 33.71, 85.48, 77.5, 89.64] 
[37mEpoch 21 step 606 with [31mce_loss_combined : 0.305542 [31mce_loss_eeg : 0.353128 [31mce_loss_eog : 0.409175 [31mtotal : 1.067845 [94mAcc_combined: 89.19 [94mAcc_eeg: 88.08 [94mAcc_eog: 85.27 [92mF1_combined: 81.70 [92mF1_eeg: 80.21 [92mF1_eog: 74.91 [92mK_combined: 0.8500 [92mK_eeg: 0.8348 [92mK_eog: 0.7952 [34mF1_perclass_combined: [93.92, 48.25, 89.4, 86.58, 90.37] [34mF1_perclass_eeg: [92.9, 45.22, 88.34, 86.88, 87.7] [34mF1_perclass_eog: [92.29, 29.12, 84.93, 79.01, 89.19] 
[37mEpoch 22 step 628 with [31mce_loss_combined : 0.304967 [31mce_loss_eeg : 0.352258 [31mce_loss_eog : 0.407496 [31mtotal : 1.064721 [94mAcc_combined: 89.28 [94mAcc_eeg: 88.08 [94mAcc_eog: 85.35 [92mF1_combined: 81.98 [92mF1_eeg: 80.59 [92mF1_eog: 75.82 [92mK_combined: 0.8514 [92mK_eeg: 0.8347 [92mK_eog: 0.7948 [34mF1_perclass_combined: [94.11, 49.0, 89.5, 86.92, 90.38] [34mF1_perclass_eeg: [92.78, 46.9, 88.32, 86.85, 88.09] [34mF1_perclass_eog: [92.46, 35.08, 85.5, 76.63, 89.43] 
[37mEpoch 23 step 638 with [31mce_loss_combined : 0.302790 [31mce_loss_eeg : 0.350122 [31mce_loss_eog : 0.407653 [31mtotal : 1.060565 [94mAcc_combined: 89.19 [94mAcc_eeg: 88.11 [94mAcc_eog: 85.40 [92mF1_combined: 81.64 [92mF1_eeg: 80.49 [92mF1_eog: 75.29 [92mK_combined: 0.8497 [92mK_eeg: 0.8346 [92mK_eog: 0.7956 [34mF1_perclass_combined: [93.92, 47.74, 89.48, 86.75, 90.33] [34mF1_perclass_eeg: [92.82, 46.41, 88.36, 86.9, 87.97] [34mF1_perclass_eog: [92.3, 31.2, 85.41, 78.07, 89.47] 
[37mEpoch 23 step 652 with [31mce_loss_combined : 0.302711 [31mce_loss_eeg : 0.349625 [31mce_loss_eog : 0.406923 [31mtotal : 1.059259 [94mAcc_combined: 89.24 [94mAcc_eeg: 88.08 [94mAcc_eog: 85.45 [92mF1_combined: 81.89 [92mF1_eeg: 80.45 [92mF1_eog: 75.72 [92mK_combined: 0.8502 [92mK_eeg: 0.8341 [92mK_eog: 0.7964 [34mF1_perclass_combined: [94.11, 48.72, 89.5, 86.52, 90.63] [34mF1_perclass_eeg: [93.04, 46.37, 88.35, 86.64, 87.84] [34mF1_perclass_eog: [92.51, 33.22, 85.43, 77.74, 89.69] 
[37mEpoch 24 step 666 with [31mce_loss_combined : 0.301491 [31mce_loss_eeg : 0.349256 [31mce_loss_eog : 0.406772 [31mtotal : 1.057520 [94mAcc_combined: 89.25 [94mAcc_eeg: 88.19 [94mAcc_eog: 85.40 [92mF1_combined: 81.98 [92mF1_eeg: 80.77 [92mF1_eog: 75.89 [92mK_combined: 0.8504 [92mK_eeg: 0.8357 [92mK_eog: 0.7955 [34mF1_perclass_combined: [94.05, 49.28, 89.53, 86.49, 90.52] [34mF1_perclass_eeg: [92.99, 47.65, 88.5, 86.71, 87.98] [34mF1_perclass_eog: [92.32, 34.69, 85.51, 77.35, 89.57] 
[37mEpoch 25 step 694 with [31mce_loss_combined : 0.302657 [31mce_loss_eeg : 0.350827 [31mce_loss_eog : 0.403790 [31mtotal : 1.057274 [94mAcc_combined: 89.32 [94mAcc_eeg: 88.12 [94mAcc_eog: 85.50 [92mF1_combined: 82.21 [92mF1_eeg: 80.65 [92mF1_eog: 76.04 [92mK_combined: 0.8516 [92mK_eeg: 0.8349 [92mK_eog: 0.7972 [34mF1_perclass_combined: [94.11, 50.07, 89.53, 86.65, 90.68] [34mF1_perclass_eeg: [92.97, 47.24, 88.42, 86.8, 87.8] [34mF1_perclass_eog: [92.46, 34.78, 85.55, 77.77, 89.61] 
