Starting Job
/users/sista/kkontras/Documents/Sleep_Project/main_paper_5.py
/esat/smcdata/users/kkontras/Image_Dataset/no_backup/envs/gl_env/bin/python
Python 3.7.10
/users/sista/kkontras/Documents/Sleep_Project
0
 THE Configuration of your experiment ..
{'agent': 'Sleep_Agent_Init_Train',
 'augmentation': {},
 'channel': 0,
 'dataset': {'cache_datasets': {'test': False, 'train': False, 'valid': False},
             'data_roots': '/esat/biomeddata/SHHS_Dataset/no_backup',
             'data_split': {'split_method': 'patients_test',
                            'test_split_rate': 0.3,
                            'val_split_rate': 0.026},
             'data_view_dir': [{'data_type': 'stft',
                                'list_dir': 'patient_mat_list.txt',
                                'mod': 'eeg',
                                'num_ch': 1},
                               {'data_type': 'stft',
                                'list_dir': 'patient_eog_mat_list.txt',
                                'mod': 'eog',
                                'num_ch': 1}],
             'dataloader_class': 'SleepDataLoader_mat_huy',
             'huy_data': True,
             'inner_overlap': [0.5, 0.5],
             'keep_view': [1, 0],
             'seq_length': [21, 0],
             'seq_views': [False],
             'shuffle_train': True},
 'early_stopping': {'log_interval': 10,
                    'max_epoch': 1000,
                    'n_steps_stop': 250,
                    'n_steps_stop_after': 400,
                    'save_every': 1,
                    'validate_after': 0,
                    'validate_every': 400},
 'exp_name': 'Sleep EEG-EOG BLIP Experiment',
 'lr_finder': False,
 'lr_finder_steps': 100,
 'mode': 'train',
 'model': {'args': {'augment_within': False,
                    'dmodel': 128,
                    'dropout': 0.3,
                    'fc_inner': 1024,
                    'ignore_alignment_val': True,
                    'multi_loss': {'multi_loss_weights': {'alignment_loss': 0.1,
                                                          'multi_supervised_loss': {'combined': 1,
                                                                                    'eeg': 0,
                                                                                    'eog': 0},
                                                          'order_loss': 0}},
                    'num_classes': 5,
                    'shared_pred': False,
                    'three_modes': True,
                    'training_type': 'alignment_order_multisupervised'},
           'encoders': [{'args': {'align_inner': True,
                                  'd_model': 128,
                                  'dim_feedforward': 1024,
                                  'dim_proj': 128,
                                  'dropout': 0.3,
                                  'inner_biased': False,
                                  'mod_token': True,
                                  'num_heads': 8,
                                  'num_layers': 4,
                                  'outer_biased': False,
                                  'outer_rep': False,
                                  'pos': False,
                                  'rpos': True,
                                  'shared': True,
                                  'skip_random_mod': False},
                         'encoders': [],
                         'freeze_encoder': False,
                         'model': 'SleepEnc_EarlyConcat_3pass_EEG_EOG_free_cliplike',
                         'pretrainedEncoder': {'dir': '', 'use': False},
                         'savetrainedEncoder': {'dir': '', 'save': False}}],
           'load_ongoing': False,
           'model_class': 'EEG_SLEEP_BLIP_GM_MultiMode',
           'pretrained_model': {'dir': '', 'use': False},
           'save_dir': '/esat/smcdata/users/kkontras/Image_Dataset/no_backup/data/2021_data/shhs1/multi_modal/paper_models/fourier_transformer_eeg_eog_mat_BLIP_al01_shared_b16_freetrain_rpos_nopos_nonsharedpreds_Early_nomult_al01_aligninner_v2_trial1_pt.pth.tar'},
 'normalization': {'calculate_metrics': False,
                   'dir': '/esat/biomeddata/SHHS_Dataset/no_backup/metrics_eeg_eog_emg_stft.pkl',
                   'metrics_type': 'train_dataset',
                   'save_metrics': False,
                   'use': True},
 'num_classes': 5,
 'num_modalities': 1,
 'optimizer': {'beta1': 0.9,
               'beta2': 0.999,
               'learning_rate': 0.0001,
               'momentum': 0.2,
               'type': 'Adam',
               'weight_decay': 0.0001},
 'plots': {'plot_stft_num': 0, 'save': False},
 'post_proc': {'post_proc_step': 15,
               'test_postprocessing': False,
               'val_postprocessing': False},
 'scheduler': {'max_lr': 0.03, 'type': 'cosanneal', 'warm_up': 55},
 'statistics': {'ce_weights': {'temp': 0.1, 'use': False}, 'print': False},
 'training_params': {'adversarial_training': {'adv_epsilon': 0.01,
                                              'use': False},
                     'async_loading': True,
                     'batch_size': 16,
                     'cuda': True,
                     'data_loader_workers': 16,
                     'gpu_device': [0],
                     'pin_memory': True,
                     'rec_test': False,
                     'res': True,
                     'seed': 28,
                     'tdqm_disable': True,
                     'test_batch_size': 16,
                     'test_on_tops': True,
                     'use_test_set': True,
                     'validation': True,
                     'verbose': True,
                     'wandb_disable': True}}
 *************************************** 
The experiment name is Sleep EEG-EOG BLIP Experiment
 *************************************** 
stft_eeg Train 3724 validation 100 test 1639
stft_eog Train 3724 validation 100 test 1639
{'use_type': False, 'skip_skips': True}
{'use_type': False, 'skip_skips': True}
{'use_type': False, 'skip_skips': True}
{'use_type': False, 'skip_skips': True}
Loading metrics from /esat/biomeddata/SHHS_Dataset/no_backup/metrics_eeg_eog_emg_stft.pkl
Weights are [1. 1. 1. 1. 1.]
11089
400
28
tensor([1., 1., 1., 1., 1.], device='cuda:0')
We are not shuffling the data
Training function is sleep_train_one_step_alignment_order_multisupervised
Loss Weights are {'combined': 1, 'eeg': 0, 'eog': 0, 'alignments': 0.1, 'order': 0, 'consistency': 0, 'reconstruction': 0}
We are not shuffling the data
<class 'graphs.models.attention_models.BLIP.SleepEnc_EarlyConcat_3pass_EEG_EOG_free_cliplike'>
Total number of trainable parameters are: 6781711
Available cuda devices: 1, current device:0
Total number of trainable parameters are: 6781711
[37mEpoch 0 step 1 with [31mce_loss_combined : 1.004985 [31mce_loss_eeg : 1.505903 [31mce_loss_eog : 1.523362 [31mtotal : 1.004985 [94mAcc_combined: 66.82 [94mAcc_eeg: 51.40 [94mAcc_eog: 50.07 [92mF1_combined: 52.41 [92mF1_eeg: 31.85 [92mF1_eog: 28.57 [92mK_combined: 0.5281 [92mK_eeg: 0.2629 [92mK_eog: 0.2486 [34mF1_perclass_combined: [68.7, 0.0, 71.85, 66.59, 54.91] [34mF1_perclass_eeg: [28.5, 0.0, 60.99, 69.71, 0.04] [34mF1_perclass_eog: [37.07, 0.0, 65.52, 40.26, 0.0] 
[37mEpoch 0 step 2 with [31mce_loss_combined : 0.642758 [31mce_loss_eeg : 1.481245 [31mce_loss_eog : 1.500559 [31mtotal : 0.642758 [94mAcc_combined: 78.26 [94mAcc_eeg: 59.81 [94mAcc_eog: 61.02 [92mF1_combined: 61.92 [92mF1_eeg: 40.93 [92mF1_eog: 39.55 [92mK_combined: 0.6889 [92mK_eeg: 0.3938 [92mK_eog: 0.4182 [34mF1_perclass_combined: [85.89, 0.0, 80.21, 78.59, 64.89] [34mF1_perclass_eeg: [65.95, 0.0, 63.76, 74.88, 0.05] [34mF1_perclass_eog: [72.23, 0.0, 66.81, 58.58, 0.14] 
[37mEpoch 0 step 3 with [31mce_loss_combined : 0.593876 [31mce_loss_eeg : 1.517550 [31mce_loss_eog : 1.512719 [31mtotal : 0.593876 [94mAcc_combined: 79.30 [94mAcc_eeg: 51.01 [94mAcc_eog: 54.85 [92mF1_combined: 64.14 [92mF1_eeg: 33.15 [92mF1_eog: 33.03 [92mK_combined: 0.7104 [92mK_eeg: 0.2499 [92mK_eog: 0.3035 [34mF1_perclass_combined: [86.64, 0.54, 78.9, 80.75, 73.86] [34mF1_perclass_eeg: [41.31, 0.0, 59.42, 64.94, 0.06] [34mF1_perclass_eog: [64.94, 0.0, 63.07, 35.86, 1.29] 
[37mEpoch 0 step 4 with [31mce_loss_combined : 0.499443 [31mce_loss_eeg : 1.500194 [31mce_loss_eog : 1.499354 [31mtotal : 0.499443 [94mAcc_combined: 82.74 [94mAcc_eeg: 52.44 [94mAcc_eog: 60.90 [92mF1_combined: 67.39 [92mF1_eeg: 33.65 [92mF1_eog: 41.30 [92mK_combined: 0.7564 [92mK_eeg: 0.2715 [92mK_eog: 0.4204 [34mF1_perclass_combined: [87.97, 1.61, 83.41, 82.21, 81.76] [34mF1_perclass_eeg: [45.59, 0.0, 62.15, 60.48, 0.01] [34mF1_perclass_eog: [70.92, 0.0, 64.86, 68.64, 2.08] 
[37mEpoch 0 step 5 with [31mce_loss_combined : 0.477150 [31mce_loss_eeg : 1.500759 [31mce_loss_eog : 1.502829 [31mtotal : 0.477150 [94mAcc_combined: 83.22 [94mAcc_eeg: 61.59 [94mAcc_eog: 62.53 [92mF1_combined: 71.01 [92mF1_eeg: 41.03 [92mF1_eog: 41.65 [92mK_combined: 0.7633 [92mK_eeg: 0.4230 [92mK_eog: 0.4504 [34mF1_perclass_combined: [88.54, 18.46, 84.37, 79.95, 83.76] [34mF1_perclass_eeg: [69.94, 0.0, 67.13, 68.06, 0.0] [34mF1_perclass_eog: [72.04, 0.0, 67.62, 68.13, 0.45] 
[37mEpoch 0 step 7 with [31mce_loss_combined : 0.463770 [31mce_loss_eeg : 1.494686 [31mce_loss_eog : 1.506444 [31mtotal : 0.463770 [94mAcc_combined: 83.21 [94mAcc_eeg: 56.21 [94mAcc_eog: 59.05 [92mF1_combined: 69.35 [92mF1_eeg: 36.65 [92mF1_eog: 36.10 [92mK_combined: 0.7670 [92mK_eeg: 0.3320 [92mK_eog: 0.3975 [34mF1_perclass_combined: [89.05, 7.43, 82.65, 82.41, 85.2] [34mF1_perclass_eeg: [55.32, 0.0, 64.61, 63.34, 0.0] [34mF1_perclass_eog: [68.56, 0.0, 68.78, 42.96, 0.19] 
[37mEpoch 0 step 8 with [31mce_loss_combined : 0.458510 [31mce_loss_eeg : 1.506840 [31mce_loss_eog : 1.501451 [31mtotal : 0.458510 [94mAcc_combined: 83.98 [94mAcc_eeg: 55.97 [94mAcc_eog: 59.58 [92mF1_combined: 72.23 [92mF1_eeg: 35.64 [92mF1_eog: 37.56 [92mK_combined: 0.7755 [92mK_eeg: 0.3289 [92mK_eog: 0.4024 [34mF1_perclass_combined: [88.55, 20.11, 84.76, 83.71, 84.0] [34mF1_perclass_eeg: [57.47, 0.0, 65.23, 55.51, 0.0] [34mF1_perclass_eog: [67.91, 0.0, 68.95, 46.36, 4.57] 
[37mEpoch 0 step 10 with [31mce_loss_combined : 0.414744 [31mce_loss_eeg : 1.508300 [31mce_loss_eog : 1.506501 [31mtotal : 0.414744 [94mAcc_combined: 85.02 [94mAcc_eeg: 51.32 [94mAcc_eog: 57.18 [92mF1_combined: 73.50 [92mF1_eeg: 30.37 [92mF1_eog: 36.07 [92mK_combined: 0.7897 [92mK_eeg: 0.2444 [92mK_eog: 0.3646 [34mF1_perclass_combined: [90.25, 22.19, 85.53, 83.19, 86.37] [34mF1_perclass_eeg: [43.84, 0.0, 64.13, 43.87, 0.01] [34mF1_perclass_eog: [64.8, 0.0, 67.16, 42.65, 5.75] 
[37mEpoch 0 step 11 with [31mce_loss_combined : 0.404858 [31mce_loss_eeg : 1.499180 [31mce_loss_eog : 1.503245 [31mtotal : 0.404858 [94mAcc_combined: 85.46 [94mAcc_eeg: 55.05 [94mAcc_eog: 57.09 [92mF1_combined: 72.82 [92mF1_eeg: 32.93 [92mF1_eog: 35.34 [92mK_combined: 0.7981 [92mK_eeg: 0.3145 [92mK_eog: 0.3710 [34mF1_perclass_combined: [89.53, 17.4, 86.26, 84.62, 86.3] [34mF1_perclass_eeg: [57.9, 0.0, 66.56, 40.17, 0.03] [34mF1_perclass_eog: [65.97, 0.0, 67.52, 37.15, 6.06] 
[37mEpoch 0 step 13 with [31mce_loss_combined : 0.377198 [31mce_loss_eeg : 1.503695 [31mce_loss_eog : 1.507302 [31mtotal : 0.377198 [94mAcc_combined: 86.47 [94mAcc_eeg: 58.68 [94mAcc_eog: 57.80 [92mF1_combined: 75.66 [92mF1_eeg: 36.76 [92mF1_eog: 34.56 [92mK_combined: 0.8122 [92mK_eeg: 0.3767 [92mK_eog: 0.3840 [34mF1_perclass_combined: [91.54, 28.18, 86.94, 84.5, 87.16] [34mF1_perclass_eeg: [65.42, 0.0, 67.89, 50.48, 0.0] [34mF1_perclass_eog: [64.86, 0.0, 70.19, 33.66, 4.09] 
[37mEpoch 0 step 14 with [31mce_loss_combined : 0.360041 [31mce_loss_eeg : 1.503000 [31mce_loss_eog : 1.504842 [31mtotal : 0.360041 [94mAcc_combined: 86.79 [94mAcc_eeg: 58.62 [94mAcc_eog: 57.57 [92mF1_combined: 77.01 [92mF1_eeg: 35.10 [92mF1_eog: 34.56 [92mK_combined: 0.8170 [92mK_eeg: 0.3775 [92mK_eog: 0.3758 [34mF1_perclass_combined: [91.92, 33.77, 87.3, 85.04, 87.01] [34mF1_perclass_eeg: [67.65, 0.0, 68.83, 38.93, 0.08] [34mF1_perclass_eog: [65.16, 0.0, 69.85, 29.94, 7.85] 
[37mEpoch 0 step 17 with [31mce_loss_combined : 0.356634 [31mce_loss_eeg : 1.526394 [31mce_loss_eog : 1.522478 [31mtotal : 0.356634 [94mAcc_combined: 86.89 [94mAcc_eeg: 45.75 [94mAcc_eog: 49.10 [92mF1_combined: 77.83 [92mF1_eeg: 24.81 [92mF1_eog: 28.42 [92mK_combined: 0.8183 [92mK_eeg: 0.1698 [92mK_eog: 0.2441 [34mF1_perclass_combined: [91.83, 37.36, 87.93, 85.03, 87.0] [34mF1_perclass_eeg: [36.81, 0.0, 62.86, 23.31, 1.09] [34mF1_perclass_eog: [51.67, 0.05, 63.51, 11.1, 15.75] 
[37mEpoch 0 step 20 with [31mce_loss_combined : 0.351607 [31mce_loss_eeg : 1.511488 [31mce_loss_eog : 1.518316 [31mtotal : 0.351607 [94mAcc_combined: 87.33 [94mAcc_eeg: 53.11 [94mAcc_eog: 56.22 [92mF1_combined: 78.36 [92mF1_eeg: 28.38 [92mF1_eog: 36.13 [92mK_combined: 0.8255 [92mK_eeg: 0.2909 [92mK_eog: 0.3665 [34mF1_perclass_combined: [92.72, 38.07, 87.51, 84.93, 88.59] [34mF1_perclass_eeg: [59.19, 0.0, 66.54, 15.24, 0.92] [34mF1_perclass_eog: [61.06, 0.05, 69.72, 15.43, 34.37] 
[37mEpoch 0 step 22 with [31mce_loss_combined : 0.336931 [31mce_loss_eeg : 1.514237 [31mce_loss_eog : 1.521145 [31mtotal : 0.336931 [94mAcc_combined: 87.76 [94mAcc_eeg: 53.07 [94mAcc_eog: 55.73 [92mF1_combined: 79.21 [92mF1_eeg: 29.87 [92mF1_eog: 35.53 [92mK_combined: 0.8299 [92mK_eeg: 0.2953 [92mK_eog: 0.3690 [34mF1_perclass_combined: [92.53, 41.03, 88.43, 84.86, 89.2] [34mF1_perclass_eeg: [59.69, 0.0, 65.75, 20.18, 3.74] [34mF1_perclass_eog: [61.63, 0.0, 70.66, 22.83, 22.54] 
[37mEpoch 1 step 33 with [31mce_loss_combined : 0.335627 [31mce_loss_eeg : 1.540172 [31mce_loss_eog : 1.541131 [31mtotal : 0.335627 [94mAcc_combined: 87.63 [94mAcc_eeg: 51.63 [94mAcc_eog: 48.92 [92mF1_combined: 79.31 [92mF1_eeg: 33.68 [92mF1_eog: 32.44 [92mK_combined: 0.8297 [92mK_eeg: 0.2994 [92mK_eog: 0.2852 [34mF1_perclass_combined: [92.83, 41.34, 87.87, 84.68, 89.84] [34mF1_perclass_eeg: [60.47, 0.0, 61.78, 20.69, 25.46] [34mF1_perclass_eog: [61.79, 0.0, 55.25, 19.74, 25.4] 
[37mEpoch 1 step 40 with [31mce_loss_combined : 0.330862 [31mce_loss_eeg : 1.534973 [31mce_loss_eog : 1.533205 [31mtotal : 0.330862 [94mAcc_combined: 87.68 [94mAcc_eeg: 50.15 [94mAcc_eog: 55.34 [92mF1_combined: 76.31 [92mF1_eeg: 31.28 [92mF1_eog: 36.63 [92mK_combined: 0.8273 [92mK_eeg: 0.2718 [92mK_eog: 0.3578 [34mF1_perclass_combined: [92.48, 27.26, 88.5, 84.36, 88.94] [34mF1_perclass_eeg: [57.85, 0.11, 61.85, 22.76, 13.85] [34mF1_perclass_eog: [64.32, 1.16, 65.47, 22.62, 29.57] 
[37mEpoch 1 step 42 with [31mce_loss_combined : 0.324663 [31mce_loss_eeg : 1.526124 [31mce_loss_eog : 1.533408 [31mtotal : 0.324663 [94mAcc_combined: 87.70 [94mAcc_eeg: 52.46 [94mAcc_eog: 52.08 [92mF1_combined: 78.50 [92mF1_eeg: 29.08 [92mF1_eog: 30.80 [92mK_combined: 0.8276 [92mK_eeg: 0.2917 [92mK_eog: 0.3037 [34mF1_perclass_combined: [93.28, 38.17, 87.91, 82.87, 90.28] [34mF1_perclass_eeg: [58.98, 0.16, 66.72, 4.4, 15.13] [34mF1_perclass_eog: [59.2, 0.53, 65.7, 2.08, 26.49] 
[37mEpoch 1 step 45 with [31mce_loss_combined : 0.323797 [31mce_loss_eeg : 1.534091 [31mce_loss_eog : 1.546352 [31mtotal : 0.323797 [94mAcc_combined: 88.24 [94mAcc_eeg: 47.81 [94mAcc_eog: 44.28 [92mF1_combined: 78.95 [92mF1_eeg: 30.40 [92mF1_eog: 27.69 [92mK_combined: 0.8362 [92mK_eeg: 0.2285 [92mK_eog: 0.1912 [34mF1_perclass_combined: [92.69, 37.79, 88.81, 85.35, 90.12] [34mF1_perclass_eeg: [49.73, 0.05, 61.48, 27.29, 13.45] [34mF1_perclass_eog: [50.86, 0.11, 56.23, 16.04, 15.22] 
[37mEpoch 1 step 46 with [31mce_loss_combined : 0.317549 [31mce_loss_eeg : 1.544562 [31mce_loss_eog : 1.548287 [31mtotal : 0.317549 [94mAcc_combined: 88.36 [94mAcc_eeg: 48.69 [94mAcc_eog: 48.95 [92mF1_combined: 80.15 [92mF1_eeg: 30.17 [92mF1_eog: 29.92 [92mK_combined: 0.8386 [92mK_eeg: 0.2574 [92mK_eog: 0.2597 [34mF1_perclass_combined: [93.12, 42.81, 88.82, 85.74, 90.27] [34mF1_perclass_eeg: [57.91, 1.2, 60.86, 11.7, 19.17] [34mF1_perclass_eog: [57.23, 0.92, 62.41, 10.17, 18.87] 
[37mEpoch 1 step 47 with [31mce_loss_combined : 0.312361 [31mce_loss_eeg : 1.526827 [31mce_loss_eog : 1.539541 [31mtotal : 0.312361 [94mAcc_combined: 88.15 [94mAcc_eeg: 54.06 [94mAcc_eog: 51.04 [92mF1_combined: 79.68 [92mF1_eeg: 35.21 [92mF1_eog: 33.68 [92mK_combined: 0.8358 [92mK_eeg: 0.3207 [92mK_eog: 0.2924 [34mF1_perclass_combined: [93.05, 41.53, 88.5, 84.99, 90.32] [34mF1_perclass_eeg: [60.2, 0.0, 65.9, 35.81, 14.15] [34mF1_perclass_eog: [58.83, 0.05, 62.61, 25.88, 21.01] 
[37mEpoch 2 step 60 with [31mce_loss_combined : 0.300513 [31mce_loss_eeg : 1.556923 [31mce_loss_eog : 1.555695 [31mtotal : 0.300513 [94mAcc_combined: 88.67 [94mAcc_eeg: 38.79 [94mAcc_eog: 40.28 [92mF1_combined: 80.86 [92mF1_eeg: 27.48 [92mF1_eog: 25.90 [92mK_combined: 0.8435 [92mK_eeg: 0.1276 [92mK_eog: 0.1403 [34mF1_perclass_combined: [93.71, 44.85, 88.74, 85.97, 91.05] [34mF1_perclass_eeg: [45.66, 0.21, 48.03, 29.36, 14.12] [34mF1_perclass_eog: [47.84, 0.56, 51.25, 15.77, 14.1] 
[37mEpoch 2 step 64 with [31mce_loss_combined : 0.300275 [31mce_loss_eeg : 1.549612 [31mce_loss_eog : 1.553393 [31mtotal : 0.300275 [94mAcc_combined: 88.72 [94mAcc_eeg: 45.80 [94mAcc_eog: 43.15 [92mF1_combined: 80.96 [92mF1_eeg: 33.46 [92mF1_eog: 30.80 [92mK_combined: 0.8439 [92mK_eeg: 0.2129 [92mK_eog: 0.1720 [34mF1_perclass_combined: [93.86, 45.34, 88.77, 86.02, 90.79] [34mF1_perclass_eeg: [45.76, 0.0, 55.56, 48.76, 17.19] [34mF1_perclass_eog: [40.99, 0.11, 53.34, 42.97, 16.59] 
[37mEpoch 2 step 65 with [31mce_loss_combined : 0.298124 [31mce_loss_eeg : 1.551958 [31mce_loss_eog : 1.551739 [31mtotal : 0.298124 [94mAcc_combined: 88.77 [94mAcc_eeg: 45.33 [94mAcc_eog: 45.02 [92mF1_combined: 80.33 [92mF1_eeg: 33.64 [92mF1_eog: 31.58 [92mK_combined: 0.8440 [92mK_eeg: 0.2097 [92mK_eog: 0.1915 [34mF1_perclass_combined: [93.9, 41.84, 88.77, 86.1, 91.02] [34mF1_perclass_eeg: [45.3, 0.0, 54.3, 51.0, 17.6] [34mF1_perclass_eog: [41.37, 0.05, 56.0, 45.65, 14.82] 
[37mEpoch 2 step 75 with [31mce_loss_combined : 0.293560 [31mce_loss_eeg : 1.550945 [31mce_loss_eog : 1.550809 [31mtotal : 0.293560 [94mAcc_combined: 88.98 [94mAcc_eeg: 42.40 [94mAcc_eog: 43.98 [92mF1_combined: 81.51 [92mF1_eeg: 27.64 [92mF1_eog: 25.63 [92mK_combined: 0.8477 [92mK_eeg: 0.1716 [92mK_eog: 0.1741 [34mF1_perclass_combined: [93.99, 47.17, 89.07, 86.06, 91.26] [34mF1_perclass_eeg: [52.4, 0.11, 53.16, 17.7, 14.85] [34mF1_perclass_eog: [49.58, 0.16, 57.66, 8.63, 12.14] 
[37mEpoch 3 step 88 with [31mce_loss_combined : 0.293377 [31mce_loss_eeg : 1.559526 [31mce_loss_eog : 1.557575 [31mtotal : 0.293377 [94mAcc_combined: 88.96 [94mAcc_eeg: 38.24 [94mAcc_eog: 40.10 [92mF1_combined: 81.26 [92mF1_eeg: 22.67 [92mF1_eog: 22.80 [92mK_combined: 0.8464 [92mK_eeg: 0.0874 [92mK_eog: 0.0987 [34mF1_perclass_combined: [94.05, 46.36, 89.19, 85.3, 91.42] [34mF1_perclass_eeg: [31.17, 0.26, 54.65, 10.97, 16.29] [34mF1_perclass_eog: [30.58, 0.21, 56.87, 12.39, 13.96] 
[37mEpoch 3 step 89 with [31mce_loss_combined : 0.289042 [31mce_loss_eeg : 1.554005 [31mce_loss_eog : 1.553692 [31mtotal : 0.289042 [94mAcc_combined: 89.14 [94mAcc_eeg: 39.18 [94mAcc_eog: 40.49 [92mF1_combined: 81.05 [92mF1_eeg: 22.19 [92mF1_eog: 22.74 [92mK_combined: 0.8489 [92mK_eeg: 0.0808 [92mK_eog: 0.0931 [34mF1_perclass_combined: [94.14, 44.56, 89.37, 85.65, 91.52] [34mF1_perclass_eeg: [27.48, 0.26, 55.98, 15.42, 11.82] [34mF1_perclass_eog: [28.41, 0.16, 56.96, 16.66, 11.5] 
[37mEpoch 3 step 90 with [31mce_loss_combined : 0.288061 [31mce_loss_eeg : 1.555660 [31mce_loss_eog : 1.555260 [31mtotal : 0.288061 [94mAcc_combined: 89.21 [94mAcc_eeg: 38.48 [94mAcc_eog: 39.75 [92mF1_combined: 81.10 [92mF1_eeg: 23.02 [92mF1_eog: 23.20 [92mK_combined: 0.8502 [92mK_eeg: 0.0770 [92mK_eog: 0.0851 [34mF1_perclass_combined: [94.18, 44.3, 89.35, 86.1, 91.55] [34mF1_perclass_eeg: [24.95, 0.42, 54.96, 21.59, 13.17] [34mF1_perclass_eog: [24.01, 0.1, 56.29, 25.13, 10.46] 
[37mEpoch 3 step 95 with [31mce_loss_combined : 0.287419 [31mce_loss_eeg : 1.555919 [31mce_loss_eog : 1.554786 [31mtotal : 0.287419 [94mAcc_combined: 89.08 [94mAcc_eeg: 38.71 [94mAcc_eog: 39.70 [92mF1_combined: 81.16 [92mF1_eeg: 23.89 [92mF1_eog: 23.13 [92mK_combined: 0.8486 [92mK_eeg: 0.0906 [92mK_eog: 0.0889 [34mF1_perclass_combined: [94.08, 44.94, 89.16, 86.2, 91.44] [34mF1_perclass_eeg: [30.41, 0.21, 54.05, 17.83, 16.96] [34mF1_perclass_eog: [28.5, 0.05, 55.89, 19.7, 11.51] 
[37mEpoch 4 step 124 with [31mce_loss_combined : 0.285925 [31mce_loss_eeg : 1.560574 [31mce_loss_eog : 1.559498 [31mtotal : 0.285925 [94mAcc_combined: 89.14 [94mAcc_eeg: 35.36 [94mAcc_eog: 37.06 [92mF1_combined: 81.45 [92mF1_eeg: 15.86 [92mF1_eog: 15.56 [92mK_combined: 0.8498 [92mK_eeg: -0.0010 [92mK_eog: 0.0111 [34mF1_perclass_combined: [94.04, 46.17, 89.16, 86.29, 91.62] [34mF1_perclass_eeg: [11.02, 0.05, 54.73, 3.51, 9.99] [34mF1_perclass_eog: [11.93, 0.0, 56.35, 4.35, 5.18] 
[37mEpoch 4 step 128 with [31mce_loss_combined : 0.285078 [31mce_loss_eeg : 1.559029 [31mce_loss_eog : 1.560664 [31mtotal : 0.285078 [94mAcc_combined: 89.30 [94mAcc_eeg: 36.20 [94mAcc_eog: 35.51 [92mF1_combined: 81.39 [92mF1_eeg: 16.74 [92mF1_eog: 17.50 [92mK_combined: 0.8521 [92mK_eeg: 0.0127 [92mK_eog: 0.0090 [34mF1_perclass_combined: [94.17, 45.25, 89.33, 86.65, 91.55] [34mF1_perclass_eeg: [14.3, 0.05, 55.06, 3.11, 11.17] [34mF1_perclass_eog: [16.88, 0.05, 53.7, 4.34, 12.55] 
[37mEpoch 4 step 130 with [31mce_loss_combined : 0.284047 [31mce_loss_eeg : 1.558547 [31mce_loss_eog : 1.558752 [31mtotal : 0.284047 [94mAcc_combined: 89.28 [94mAcc_eeg: 36.45 [94mAcc_eog: 37.76 [92mF1_combined: 81.99 [92mF1_eeg: 16.40 [92mF1_eog: 17.21 [92mK_combined: 0.8517 [92mK_eeg: 0.0118 [92mK_eog: 0.0289 [34mF1_perclass_combined: [94.21, 48.49, 89.37, 86.26, 91.62] [34mF1_perclass_eeg: [12.92, 0.05, 55.46, 3.21, 10.38] [34mF1_perclass_eog: [14.97, 0.0, 56.48, 4.18, 10.42] 
[37mEpoch 4 step 131 with [31mce_loss_combined : 0.283715 [31mce_loss_eeg : 1.559115 [31mce_loss_eog : 1.558515 [31mtotal : 0.283715 [94mAcc_combined: 89.29 [94mAcc_eeg: 36.28 [94mAcc_eog: 37.89 [92mF1_combined: 82.03 [92mF1_eeg: 16.19 [92mF1_eog: 17.11 [92mK_combined: 0.8519 [92mK_eeg: 0.0085 [92mK_eog: 0.0298 [34mF1_perclass_combined: [94.16, 48.65, 89.41, 86.33, 91.6] [34mF1_perclass_eeg: [12.9, 0.05, 55.35, 3.15, 9.48] [34mF1_perclass_eog: [15.06, 0.0, 56.61, 3.26, 10.63] 
[37mEpoch 4 step 132 with [31mce_loss_combined : 0.283214 [31mce_loss_eeg : 1.559023 [31mce_loss_eog : 1.558979 [31mtotal : 0.283214 [94mAcc_combined: 89.29 [94mAcc_eeg: 36.03 [94mAcc_eog: 37.71 [92mF1_combined: 82.15 [92mF1_eeg: 16.20 [92mF1_eog: 17.22 [92mK_combined: 0.8521 [92mK_eeg: 0.0048 [92mK_eog: 0.0271 [34mF1_perclass_combined: [94.23, 49.07, 89.34, 86.59, 91.54] [34mF1_perclass_eeg: [12.15, 0.11, 54.92, 3.54, 10.3] [34mF1_perclass_eog: [14.49, 0.0, 56.2, 3.97, 11.46] 
[37mEpoch 4 step 133 with [31mce_loss_combined : 0.282109 [31mce_loss_eeg : 1.559275 [31mce_loss_eog : 1.558979 [31mtotal : 0.282109 [94mAcc_combined: 89.23 [94mAcc_eeg: 36.14 [94mAcc_eog: 38.18 [92mF1_combined: 81.67 [92mF1_eeg: 16.24 [92mF1_eog: 17.31 [92mK_combined: 0.8505 [92mK_eeg: 0.0058 [92mK_eog: 0.0327 [34mF1_perclass_combined: [94.29, 47.13, 89.35, 86.13, 91.45] [34mF1_perclass_eeg: [12.22, 0.11, 54.91, 3.4, 10.55] [34mF1_perclass_eog: [14.77, 0.0, 56.57, 3.49, 11.72] 
[37mEpoch 4 step 134 with [31mce_loss_combined : 0.281700 [31mce_loss_eeg : 1.559170 [31mce_loss_eog : 1.559239 [31mtotal : 0.281700 [94mAcc_combined: 89.31 [94mAcc_eeg: 36.14 [94mAcc_eog: 37.98 [92mF1_combined: 81.78 [92mF1_eeg: 16.12 [92mF1_eog: 17.38 [92mK_combined: 0.8517 [92mK_eeg: 0.0050 [92mK_eog: 0.0307 [34mF1_perclass_combined: [94.27, 47.49, 89.47, 86.16, 91.51] [34mF1_perclass_eeg: [12.17, 0.11, 54.99, 3.48, 9.85] [34mF1_perclass_eog: [14.82, 0.0, 56.37, 3.67, 12.02] 
Job finished
