000 (1047.001.000) 2022-12-26 11:46:12 Job submitted from host: <10.87.28.129:9618?addrs=10.87.28.129-9618&alias=timmermans.esat.kuleuven.be&noUDP&sock=schedd_2118_59ad>
...
001 (1047.001.000) 2022-12-26 11:46:26 Job executing on host: <10.87.24.51:9618?addrs=10.87.24.51-9618&alias=spchcl18.esat.kuleuven.be&noUDP&sock=startd_3964_8d81>
...
006 (1047.001.000) 2022-12-26 11:46:35 Image size of job updated: 7088
	5  -  MemoryUsage of job (MB)
	4188  -  ResidentSetSize of job (KB)
...
006 (1047.001.000) 2022-12-26 11:51:36 Image size of job updated: 324432232
	6220  -  MemoryUsage of job (MB)
	6369092  -  ResidentSetSize of job (KB)
...
006 (1047.001.000) 2022-12-26 11:56:37 Image size of job updated: 675016780
	6379  -  MemoryUsage of job (MB)
	6531212  -  ResidentSetSize of job (KB)
...
006 (1047.001.000) 2022-12-26 12:01:37 Image size of job updated: 708847996
	6969  -  MemoryUsage of job (MB)
	7135468  -  ResidentSetSize of job (KB)
...
006 (1047.001.000) 2022-12-26 12:06:38 Image size of job updated: 712310572
	6969  -  MemoryUsage of job (MB)
	7135476  -  ResidentSetSize of job (KB)
...
006 (1047.001.000) 2022-12-26 12:11:39 Image size of job updated: 712544176
	6969  -  MemoryUsage of job (MB)
	7135476  -  ResidentSetSize of job (KB)
...
006 (1047.001.000) 2022-12-26 12:26:40 Image size of job updated: 713213760
	6969  -  MemoryUsage of job (MB)
	7135476  -  ResidentSetSize of job (KB)
...
006 (1047.001.000) 2022-12-26 12:31:40 Image size of job updated: 716431312
	6969  -  MemoryUsage of job (MB)
	7135476  -  ResidentSetSize of job (KB)
...
006 (1047.001.000) 2022-12-26 13:06:44 Image size of job updated: 716457960
	6969  -  MemoryUsage of job (MB)
	7135476  -  ResidentSetSize of job (KB)
...
006 (1047.001.000) 2022-12-26 13:11:44 Image size of job updated: 716489908
	6969  -  MemoryUsage of job (MB)
	7135476  -  ResidentSetSize of job (KB)
...
006 (1047.001.000) 2022-12-26 13:16:45 Image size of job updated: 716531076
	6969  -  MemoryUsage of job (MB)
	7135476  -  ResidentSetSize of job (KB)
...
006 (1047.001.000) 2022-12-26 13:36:47 Image size of job updated: 716612676
	6969  -  MemoryUsage of job (MB)
	7135476  -  ResidentSetSize of job (KB)
...
006 (1047.001.000) 2022-12-26 13:46:48 Image size of job updated: 807687076
	6969  -  MemoryUsage of job (MB)
	7135476  -  ResidentSetSize of job (KB)
...
006 (1047.001.000) 2022-12-26 14:01:50 Image size of job updated: 807828976
	6969  -  MemoryUsage of job (MB)
	7135476  -  ResidentSetSize of job (KB)
...
006 (1047.001.000) 2022-12-26 14:06:50 Image size of job updated: 807878120
	6969  -  MemoryUsage of job (MB)
	7135476  -  ResidentSetSize of job (KB)
...
006 (1047.001.000) 2022-12-26 14:26:52 Image size of job updated: 807907600
	6969  -  MemoryUsage of job (MB)
	7135476  -  ResidentSetSize of job (KB)
...
006 (1047.001.000) 2022-12-26 14:46:55 Image size of job updated: 807946944
	6969  -  MemoryUsage of job (MB)
	7135476  -  ResidentSetSize of job (KB)
...
006 (1047.001.000) 2022-12-26 14:56:56 Image size of job updated: 809347276
	6969  -  MemoryUsage of job (MB)
	7135476  -  ResidentSetSize of job (KB)
...
006 (1047.001.000) 2022-12-26 15:01:56 Image size of job updated: 809563480
	6969  -  MemoryUsage of job (MB)
	7135476  -  ResidentSetSize of job (KB)
...
006 (1047.001.000) 2022-12-26 15:06:57 Image size of job updated: 809573300
	6969  -  MemoryUsage of job (MB)
	7135476  -  ResidentSetSize of job (KB)
...
006 (1047.001.000) 2022-12-26 15:21:58 Image size of job updated: 809676448
	6969  -  MemoryUsage of job (MB)
	7135476  -  ResidentSetSize of job (KB)
...
006 (1047.001.000) 2022-12-26 15:36:59 Image size of job updated: 810720312
	6969  -  MemoryUsage of job (MB)
	7135476  -  ResidentSetSize of job (KB)
...
006 (1047.001.000) 2022-12-26 15:42:00 Image size of job updated: 811444044
	6969  -  MemoryUsage of job (MB)
	7135476  -  ResidentSetSize of job (KB)
...
006 (1047.001.000) 2022-12-26 15:47:00 Image size of job updated: 811655216
	6969  -  MemoryUsage of job (MB)
	7135476  -  ResidentSetSize of job (KB)
...
006 (1047.001.000) 2022-12-26 16:47:06 Image size of job updated: 811796440
	6969  -  MemoryUsage of job (MB)
	7135476  -  ResidentSetSize of job (KB)
...
006 (1047.001.000) 2022-12-26 19:22:22 Image size of job updated: 811882604
	6969  -  MemoryUsage of job (MB)
	7135476  -  ResidentSetSize of job (KB)
...
006 (1047.001.000) 2022-12-26 20:47:32 Image size of job updated: 811939848
	6969  -  MemoryUsage of job (MB)
	7135476  -  ResidentSetSize of job (KB)
...
006 (1047.001.000) 2022-12-26 21:01:20 Image size of job updated: 811939944
	6969  -  MemoryUsage of job (MB)
	7135476  -  ResidentSetSize of job (KB)
...
005 (1047.001.000) 2022-12-26 21:01:20 Job terminated.
	(1) Normal termination (return value 0)
		Usr 0 21:03:41, Sys 0 12:00:05  -  Run Remote Usage
		Usr 0 00:00:00, Sys 0 00:00:00  -  Run Local Usage
		Usr 0 21:03:41, Sys 0 12:00:05  -  Total Remote Usage
		Usr 0 00:00:00, Sys 0 00:00:00  -  Total Local Usage
	0  -  Run Bytes Sent By Job
	0  -  Run Bytes Received By Job
	0  -  Total Bytes Sent By Job
	0  -  Total Bytes Received By Job
	Partitionable Resources :    Usage  Request Allocated Assigned
	   Cpus                 :     0.01       16        16 
	   Disk (KB)            :     1           1    275681 
	   Gpus (Average)       :     0.55        1         1 "CUDA0"
	   GpusMemory (MB)      :  3493                       
	   Memory (MB)          :  6969       16384     16384 

	Job terminated of its own accord at 2022-12-26T20:01:20Z.
...
