000 (1048.002.000) 2022-12-28 10:40:53 Job submitted from host: <10.87.28.129:9618?addrs=10.87.28.129-9618&alias=timmermans.esat.kuleuven.be&noUDP&sock=schedd_2118_59ad>
...
001 (1048.002.000) 2022-12-28 10:41:20 Job executing on host: <10.87.24.138:9618?addrs=10.87.24.138-9618&alias=grape.esat.kuleuven.be&noUDP&sock=startd_2326_0560>
...
006 (1048.002.000) 2022-12-28 10:41:29 Image size of job updated: 3175148
	185  -  MemoryUsage of job (MB)
	188964  -  ResidentSetSize of job (KB)
...
006 (1048.002.000) 2022-12-28 10:46:30 Image size of job updated: 621092032
	7754  -  MemoryUsage of job (MB)
	7939368  -  ResidentSetSize of job (KB)
...
006 (1048.002.000) 2022-12-28 10:51:31 Image size of job updated: 622356180
	7754  -  MemoryUsage of job (MB)
	7939368  -  ResidentSetSize of job (KB)
...
006 (1048.002.000) 2022-12-28 10:56:31 Image size of job updated: 623151012
	7754  -  MemoryUsage of job (MB)
	7939368  -  ResidentSetSize of job (KB)
...
006 (1048.002.000) 2022-12-28 11:01:32 Image size of job updated: 623151012
	7809  -  MemoryUsage of job (MB)
	7995604  -  ResidentSetSize of job (KB)
...
006 (1048.002.000) 2022-12-28 11:06:33 Image size of job updated: 623495284
	7809  -  MemoryUsage of job (MB)
	7995704  -  ResidentSetSize of job (KB)
...
006 (1048.002.000) 2022-12-28 11:16:33 Image size of job updated: 624337384
	7809  -  MemoryUsage of job (MB)
	7995704  -  ResidentSetSize of job (KB)
...
006 (1048.002.000) 2022-12-28 11:21:35 Image size of job updated: 624436936
	7809  -  MemoryUsage of job (MB)
	7995704  -  ResidentSetSize of job (KB)
...
006 (1048.002.000) 2022-12-28 11:46:37 Image size of job updated: 724630284
	7809  -  MemoryUsage of job (MB)
	7995704  -  ResidentSetSize of job (KB)
...
006 (1048.002.000) 2022-12-28 11:51:37 Image size of job updated: 724900376
	7809  -  MemoryUsage of job (MB)
	7995704  -  ResidentSetSize of job (KB)
...
006 (1048.002.000) 2022-12-28 11:56:38 Image size of job updated: 725141252
	7809  -  MemoryUsage of job (MB)
	7995704  -  ResidentSetSize of job (KB)
...
006 (1048.002.000) 2022-12-28 12:36:42 Image size of job updated: 725322928
	7809  -  MemoryUsage of job (MB)
	7995704  -  ResidentSetSize of job (KB)
...
006 (1048.002.000) 2022-12-28 12:46:43 Image size of job updated: 725681004
	7809  -  MemoryUsage of job (MB)
	7995704  -  ResidentSetSize of job (KB)
...
006 (1048.002.000) 2022-12-28 12:51:44 Image size of job updated: 726222544
	7809  -  MemoryUsage of job (MB)
	7995704  -  ResidentSetSize of job (KB)
...
006 (1048.002.000) 2022-12-28 12:56:44 Image size of job updated: 726473220
	7809  -  MemoryUsage of job (MB)
	7995704  -  ResidentSetSize of job (KB)
...
006 (1048.002.000) 2022-12-28 13:16:45 Image size of job updated: 726497524
	7809  -  MemoryUsage of job (MB)
	7995704  -  ResidentSetSize of job (KB)
...
006 (1048.002.000) 2022-12-28 13:41:49 Image size of job updated: 726722732
	7809  -  MemoryUsage of job (MB)
	7995704  -  ResidentSetSize of job (KB)
...
006 (1048.002.000) 2022-12-28 13:51:49 Image size of job updated: 727446792
	7809  -  MemoryUsage of job (MB)
	7995704  -  ResidentSetSize of job (KB)
...
006 (1048.002.000) 2022-12-28 14:56:57 Image size of job updated: 727486456
	7809  -  MemoryUsage of job (MB)
	7995704  -  ResidentSetSize of job (KB)
...
006 (1048.002.000) 2022-12-29 00:32:59 Image size of job updated: 727610908
	7809  -  MemoryUsage of job (MB)
	7995704  -  ResidentSetSize of job (KB)
...
006 (1048.002.000) 2022-12-29 03:13:16 Image size of job updated: 727616088
	7809  -  MemoryUsage of job (MB)
	7995704  -  ResidentSetSize of job (KB)
...
006 (1048.002.000) 2022-12-29 03:18:17 Image size of job updated: 727846500
	7809  -  MemoryUsage of job (MB)
	7995704  -  ResidentSetSize of job (KB)
...
006 (1048.002.000) 2022-12-29 03:28:18 Image size of job updated: 727866148
	7809  -  MemoryUsage of job (MB)
	7995704  -  ResidentSetSize of job (KB)
...
006 (1048.002.000) 2022-12-29 04:53:27 Image size of job updated: 727884640
	7809  -  MemoryUsage of job (MB)
	7995704  -  ResidentSetSize of job (KB)
...
005 (1048.002.000) 2022-12-29 07:53:15 Job terminated.
	(1) Normal termination (return value 0)
		Usr 1 16:44:12, Sys 0 13:54:02  -  Run Remote Usage
		Usr 0 00:00:00, Sys 0 00:00:00  -  Run Local Usage
		Usr 1 16:44:12, Sys 0 13:54:02  -  Total Remote Usage
		Usr 0 00:00:00, Sys 0 00:00:00  -  Total Local Usage
	0  -  Run Bytes Sent By Job
	0  -  Run Bytes Received By Job
	0  -  Total Bytes Sent By Job
	0  -  Total Bytes Received By Job
	Partitionable Resources :    Usage  Request Allocated Assigned
	   Cpus                 :     2.09       16        16 
	   Disk (KB)            :     1           1   1648209 
	   Gpus (Average)       :     0.51        1         1 "CUDA2"
	   GpusMemory (MB)      :  3807                       
	   Memory (MB)          :  7809       16384     16384 

	Job terminated of its own accord at 2022-12-29T06:53:15Z.
...
