Starting Job
/users/sista/kkontras/Documents/Sleep_Project/main_paper_2.py
/esat/smcdata/users/kkontras/Image_Dataset/no_backup/envs/gl_env/bin/python
Python 3.7.10
/users/sista/kkontras/Documents/Sleep_Project
2
 THE Configuration of your experiment ..
{'agent': 'Sleep_Agent_Init_Train',
 'augmentation': {},
 'channel': 0,
 'dataset': {'cache_datasets': {'test': False, 'train': False, 'valid': False},
             'data_roots': '/esat/biomeddata/SHHS_Dataset/no_backup',
             'data_split': {'fold': 0,
                            'fold_size': 7,
                            'folds_file': '/users/sista/kkontras/Documents/Huy_shhs1/HUY '
                                          'SHHS1 CODE/data_split_eval.mat',
                            'rand_split': 0,
                            'rand_splits': 13,
                            'split_method': 'patients_huy',
                            'test_split_rate': 0.3,
                            'val_patient_num': 3,
                            'val_split_rate': 0.01692},
             'data_view_dir': [{'data_type': 'stft',
                                'list_dir': 'patient_mat_list.txt',
                                'mod': 'eeg',
                                'num_ch': 1},
                               {'data_type': 'stft',
                                'list_dir': 'patient_eog_mat_list.txt',
                                'mod': 'eog',
                                'num_ch': 1}],
             'dataloader_class': 'SleepDataLoader_mat_huy',
             'huy_data': True,
             'inner_overlap': [0.5, 0.5],
             'keep_view': [1, 0],
             'seq_length': [21, 0],
             'seq_views': [False],
             'shuffle_train': True},
 'early_stopping': {'log_interval': 10,
                    'max_epoch': 1000,
                    'n_steps_stop': 250,
                    'n_steps_stop_after': 400,
                    'save_every': 1,
                    'validate_after': 0,
                    'validate_every': 400},
 'exp_name': 'Sleep EEG-EOG BLIP Experiment',
 'lr_finder': False,
 'lr_finder_steps': 100,
 'mode': 'train',
 'model': {'args': {'augment_within': False,
                    'dmodel': 128,
                    'dropout': 0.3,
                    'fc_inner': 1024,
                    'ignore_alignment_val': True,
                    'multi_loss': {'multi_loss_weights': {'alignment_loss': 0.1,
                                                          'multi_supervised_loss': {'combined': 1,
                                                                                    'eeg': 1,
                                                                                    'eog': 1},
                                                          'order_loss': 0}},
                    'num_classes': 5,
                    'shared_pred': False,
                    'three_modes': True,
                    'training_type': 'alignment_order_multisupervised'},
           'encoders': [{'args': {'align_inner': True,
                                  'd_model': 128,
                                  'dim_feedforward': 1024,
                                  'dim_proj': 128,
                                  'dropout': 0.3,
                                  'inner_biased': False,
                                  'mod_token': False,
                                  'num_heads': 8,
                                  'num_layers': 4,
                                  'outer_biased': False,
                                  'outer_rep': False,
                                  'pos': False,
                                  'rpos': True,
                                  'shared': True,
                                  'skip_random_mod': False},
                         'encoders': [],
                         'freeze_encoder': False,
                         'model': 'SleepEnc_BLIP_EEG_EOG_sharedall_free_cliplike',
                         'pretrainedEncoder': {'dir': '', 'use': False},
                         'savetrainedEncoder': {'dir': '', 'save': False}}],
           'load_ongoing': False,
           'model_class': 'EEG_SLEEP_BLIP_GM_MultiMode',
           'pretrained_model': {'dir': '', 'use': False},
           'save_dir': '/esat/smcdata/users/kkontras/Image_Dataset/no_backup/data/2021_data/shhs1/multi_modal/paper_models/fourier_transformer_eeg_eog_mat_BLIP_al01_sharedall_b16_freetrain_rpos_nopos_nonsharedpreds_drop03_aligninner_trial2.pth.tar'},
 'normalization': {'calculate_metrics': False,
                   'dir': '/esat/biomeddata/SHHS_Dataset/no_backup/metrics_eeg_eog_emg_stft.pkl',
                   'metrics_type': 'train_dataset',
                   'save_metrics': False,
                   'use': True},
 'num_classes': 5,
 'num_modalities': 1,
 'optimizer': {'beta1': 0.9,
               'beta2': 0.999,
               'learning_rate': 0.0001,
               'momentum': 0.2,
               'type': 'Adam',
               'weight_decay': 0.0001},
 'plots': {'plot_stft_num': 0, 'save': False},
 'post_proc': {'post_proc_step': 15,
               'test_postprocessing': False,
               'val_postprocessing': False},
 'scheduler': {'max_lr': 0.03, 'type': 'cosanneal', 'warm_up': 55},
 'statistics': {'ce_weights': {'temp': 0.1, 'use': False}, 'print': False},
 'training_params': {'adversarial_training': {'adv_epsilon': 0.01,
                                              'use': False},
                     'async_loading': True,
                     'batch_size': 16,
                     'cuda': True,
                     'data_loader_workers': 16,
                     'gpu_device': [0],
                     'pin_memory': True,
                     'rec_test': False,
                     'res': True,
                     'seed': 35,
                     'tdqm_disable': True,
                     'test_batch_size': 16,
                     'test_on_tops': True,
                     'use_test_set': True,
                     'validation': True,
                     'verbose': True,
                     'wandb_disable': False}}
 *************************************** 
The experiment name is Sleep EEG-EOG BLIP Experiment
 *************************************** 
We are splitting dataset by huy splits
{'use_type': False, 'skip_skips': True}
{'use_type': False, 'skip_skips': True}
{'use_type': False, 'skip_skips': True}
{'use_type': False, 'skip_skips': True}
Loading metrics from /esat/biomeddata/SHHS_Dataset/no_backup/metrics_eeg_eog_emg_stft.pkl
Weights are [1. 1. 1. 1. 1.]
11070
400
28
tensor([1., 1., 1., 1., 1.], device='cuda:0')
We are not shuffling the data
Training function is sleep_train_one_step_alignment_order_multisupervised
Loss Weights are {'combined': 1, 'eeg': 1, 'eog': 1, 'alignments': 0.1, 'order': 0, 'consistency': 0, 'reconstruction': 0}
We are not shuffling the data
<class 'graphs.models.attention_models.BLIP.SleepEnc_BLIP_EEG_EOG_sharedall_free_cliplike'>
Total number of trainable parameters are: 6781455
Available cuda devices: 1, current device:0
Total number of trainable parameters are: 6781455
[37mEpoch 0 step 1 with [31mce_loss_combined : 0.810160 [31mce_loss_eeg : 1.145948 [31mce_loss_eog : 1.161100 [31mtotal : 3.117208 [94mAcc_combined: 70.87 [94mAcc_eeg: 66.57 [94mAcc_eog: 66.66 [92mF1_combined: 52.66 [92mF1_eeg: 46.12 [92mF1_eog: 45.33 [92mK_combined: 0.5888 [92mK_eeg: 0.5283 [92mK_eog: 0.5149 [34mF1_perclass_combined: [82.25, 0.0, 70.7, 75.21, 35.12] [34mF1_perclass_eeg: [82.26, 0.0, 64.88, 71.59, 11.85] [34mF1_perclass_eog: [76.51, 0.0, 70.43, 70.63, 9.09] 
[37mEpoch 0 step 2 with [31mce_loss_combined : 0.706520 [31mce_loss_eeg : 1.044258 [31mce_loss_eog : 1.114430 [31mtotal : 2.865208 [94mAcc_combined: 73.98 [94mAcc_eeg: 75.57 [94mAcc_eog: 69.64 [92mF1_combined: 58.83 [92mF1_eeg: 59.50 [92mF1_eog: 54.92 [92mK_combined: 0.6354 [92mK_eeg: 0.6571 [92mK_eog: 0.5686 [34mF1_perclass_combined: [84.15, 0.0, 74.16, 76.16, 59.69] [34mF1_perclass_eeg: [85.13, 0.0, 75.74, 79.59, 57.05] [34mF1_perclass_eog: [73.93, 0.0, 73.48, 73.7, 53.47] 
[37mEpoch 0 step 3 with [31mce_loss_combined : 0.561309 [31mce_loss_eeg : 1.019272 [31mce_loss_eog : 1.037945 [31mtotal : 2.618526 [94mAcc_combined: 80.64 [94mAcc_eeg: 76.72 [94mAcc_eog: 74.85 [92mF1_combined: 65.36 [92mF1_eeg: 60.41 [92mF1_eog: 59.78 [92mK_combined: 0.7284 [92mK_eeg: 0.6690 [92mK_eog: 0.6464 [34mF1_perclass_combined: [86.52, 1.84, 82.03, 81.89, 74.54] [34mF1_perclass_eeg: [85.7, 0.0, 77.61, 81.43, 57.32] [34mF1_perclass_eog: [78.63, 0.0, 78.72, 72.81, 68.75] 
[37mEpoch 0 step 4 with [31mce_loss_combined : 0.499977 [31mce_loss_eeg : 0.978117 [31mce_loss_eog : 1.001674 [31mtotal : 2.479768 [94mAcc_combined: 82.36 [94mAcc_eeg: 77.98 [94mAcc_eog: 76.31 [92mF1_combined: 71.05 [92mF1_eeg: 62.54 [92mF1_eog: 61.80 [92mK_combined: 0.7553 [92mK_eeg: 0.6909 [92mK_eog: 0.6635 [34mF1_perclass_combined: [88.64, 21.63, 82.89, 82.11, 79.97] [34mF1_perclass_eeg: [86.45, 0.0, 78.74, 80.97, 66.57] [34mF1_perclass_eog: [79.26, 0.0, 78.04, 74.59, 77.09] 
[37mEpoch 0 step 6 with [31mce_loss_combined : 0.498877 [31mce_loss_eeg : 0.936480 [31mce_loss_eog : 0.968654 [31mtotal : 2.404011 [94mAcc_combined: 82.54 [94mAcc_eeg: 79.56 [94mAcc_eog: 76.61 [92mF1_combined: 66.63 [92mF1_eeg: 63.78 [92mF1_eog: 61.74 [92mK_combined: 0.7499 [92mK_eeg: 0.7136 [92mK_eog: 0.6650 [34mF1_perclass_combined: [88.75, 0.0, 83.24, 80.18, 81.0] [34mF1_perclass_eeg: [86.6, 0.0, 81.51, 80.22, 70.54] [34mF1_perclass_eog: [80.57, 0.0, 78.37, 71.18, 78.57] 
[37mEpoch 0 step 9 with [31mce_loss_combined : 0.434485 [31mce_loss_eeg : 0.892264 [31mce_loss_eog : 0.918329 [31mtotal : 2.245077 [94mAcc_combined: 84.21 [94mAcc_eeg: 79.85 [94mAcc_eog: 77.94 [92mF1_combined: 69.66 [92mF1_eeg: 64.53 [92mF1_eog: 63.56 [92mK_combined: 0.7798 [92mK_eeg: 0.7232 [92mK_eog: 0.6950 [34mF1_perclass_combined: [88.55, 5.48, 84.2, 83.89, 86.18] [34mF1_perclass_eeg: [87.19, 0.0, 79.42, 82.94, 73.12] [34mF1_perclass_eog: [83.02, 0.0, 77.22, 75.0, 82.58] 
[37mEpoch 0 step 10 with [31mce_loss_combined : 0.448290 [31mce_loss_eeg : 0.851463 [31mce_loss_eog : 0.900289 [31mtotal : 2.200043 [94mAcc_combined: 83.90 [94mAcc_eeg: 81.90 [94mAcc_eog: 78.41 [92mF1_combined: 73.16 [92mF1_eeg: 66.08 [92mF1_eog: 63.42 [92mK_combined: 0.7708 [92mK_eeg: 0.7450 [92mK_eog: 0.6958 [34mF1_perclass_combined: [89.67, 26.68, 84.81, 79.05, 85.58] [34mF1_perclass_eeg: [87.79, 0.0, 82.66, 83.3, 76.64] [34mF1_perclass_eog: [82.02, 0.0, 79.73, 76.67, 78.69] 
[37mEpoch 0 step 12 with [31mce_loss_combined : 0.415187 [31mce_loss_eeg : 0.829926 [31mce_loss_eog : 0.875010 [31mtotal : 2.120123 [94mAcc_combined: 85.49 [94mAcc_eeg: 81.95 [94mAcc_eog: 78.87 [92mF1_combined: 72.45 [92mF1_eeg: 65.77 [92mF1_eog: 63.28 [92mK_combined: 0.7950 [92mK_eeg: 0.7435 [92mK_eog: 0.6995 [34mF1_perclass_combined: [90.14, 15.9, 86.09, 84.15, 85.98] [34mF1_perclass_eeg: [87.84, 0.0, 83.12, 83.94, 73.95] [34mF1_perclass_eog: [83.21, 0.0, 80.84, 71.84, 80.51] 
[37mEpoch 0 step 14 with [31mce_loss_combined : 0.393696 [31mce_loss_eeg : 0.787379 [31mce_loss_eog : 0.844509 [31mtotal : 2.025584 [94mAcc_combined: 86.12 [94mAcc_eeg: 83.32 [94mAcc_eog: 79.22 [92mF1_combined: 77.69 [92mF1_eeg: 70.49 [92mF1_eog: 64.77 [92mK_combined: 0.8072 [92mK_eeg: 0.7659 [92mK_eog: 0.7038 [34mF1_perclass_combined: [90.46, 39.79, 86.87, 84.32, 87.02] [34mF1_perclass_eeg: [88.77, 16.6, 84.38, 83.52, 79.18] [34mF1_perclass_eog: [82.72, 1.26, 79.97, 76.36, 83.52] 
[37mEpoch 0 step 16 with [31mce_loss_combined : 0.394281 [31mce_loss_eeg : 0.770345 [31mce_loss_eog : 0.817147 [31mtotal : 1.981772 [94mAcc_combined: 86.13 [94mAcc_eeg: 82.87 [94mAcc_eog: 79.68 [92mF1_combined: 77.42 [92mF1_eeg: 69.95 [92mF1_eog: 65.44 [92mK_combined: 0.8054 [92mK_eeg: 0.7580 [92mK_eog: 0.7117 [34mF1_perclass_combined: [91.1, 39.11, 87.07, 81.83, 88.01] [34mF1_perclass_eeg: [88.82, 16.87, 84.34, 80.89, 78.8] [34mF1_perclass_eog: [83.85, 4.71, 80.92, 74.84, 82.88] 
[37mEpoch 0 step 19 with [31mce_loss_combined : 0.383237 [31mce_loss_eeg : 0.730804 [31mce_loss_eog : 0.844183 [31mtotal : 1.958224 [94mAcc_combined: 86.24 [94mAcc_eeg: 83.44 [94mAcc_eog: 75.63 [92mF1_combined: 74.55 [92mF1_eeg: 71.97 [92mF1_eog: 61.90 [92mK_combined: 0.8091 [92mK_eeg: 0.7699 [92mK_eog: 0.6622 [34mF1_perclass_combined: [90.56, 23.15, 86.69, 84.98, 87.36] [34mF1_perclass_eeg: [88.0, 23.03, 84.18, 84.15, 80.52] [34mF1_perclass_eog: [75.9, 5.47, 80.19, 75.3, 72.62] 
[37mEpoch 0 step 21 with [31mce_loss_combined : 0.392845 [31mce_loss_eeg : 0.714841 [31mce_loss_eog : 0.775971 [31mtotal : 1.883657 [94mAcc_combined: 86.20 [94mAcc_eeg: 83.43 [94mAcc_eog: 79.02 [92mF1_combined: 77.73 [92mF1_eeg: 73.20 [92mF1_eog: 66.29 [92mK_combined: 0.8063 [92mK_eeg: 0.7663 [92mK_eog: 0.6993 [34mF1_perclass_combined: [90.68, 40.78, 87.48, 83.59, 86.12] [34mF1_perclass_eeg: [87.49, 31.8, 85.51, 83.88, 77.32] [34mF1_perclass_eog: [85.29, 17.98, 80.73, 62.32, 85.15] 
[37mEpoch 0 step 23 with [31mce_loss_combined : 0.409586 [31mce_loss_eeg : 0.693940 [31mce_loss_eog : 0.736698 [31mtotal : 1.840223 [94mAcc_combined: 86.10 [94mAcc_eeg: 83.45 [94mAcc_eog: 80.90 [92mF1_combined: 77.67 [92mF1_eeg: 72.80 [92mF1_eog: 69.03 [92mK_combined: 0.8075 [92mK_eeg: 0.7668 [92mK_eog: 0.7317 [34mF1_perclass_combined: [90.11, 39.67, 87.19, 82.74, 88.65] [34mF1_perclass_eeg: [89.49, 29.18, 84.16, 84.75, 76.43] [34mF1_perclass_eog: [84.77, 17.32, 82.11, 76.11, 84.82] 
[37mEpoch 0 step 24 with [31mce_loss_combined : 0.392676 [31mce_loss_eeg : 0.692188 [31mce_loss_eog : 0.740501 [31mtotal : 1.825364 [94mAcc_combined: 86.02 [94mAcc_eeg: 83.18 [94mAcc_eog: 79.99 [92mF1_combined: 78.35 [92mF1_eeg: 74.89 [92mF1_eog: 70.16 [92mK_combined: 0.8067 [92mK_eeg: 0.7693 [92mK_eog: 0.7252 [34mF1_perclass_combined: [90.52, 42.0, 86.2, 84.24, 88.81] [34mF1_perclass_eeg: [88.98, 38.42, 83.22, 81.57, 82.28] [34mF1_perclass_eog: [86.51, 23.88, 78.91, 75.6, 85.88] 
[37mEpoch 0 step 25 with [31mce_loss_combined : 0.421820 [31mce_loss_eeg : 0.691605 [31mce_loss_eog : 0.707605 [31mtotal : 1.821030 [94mAcc_combined: 85.20 [94mAcc_eeg: 82.75 [94mAcc_eog: 81.49 [92mF1_combined: 77.64 [92mF1_eeg: 73.96 [92mF1_eog: 71.04 [92mK_combined: 0.7972 [92mK_eeg: 0.7627 [92mK_eog: 0.7426 [34mF1_perclass_combined: [89.54, 39.77, 85.23, 85.33, 88.35] [34mF1_perclass_eeg: [87.73, 35.7, 83.33, 84.95, 78.1] [34mF1_perclass_eog: [86.18, 23.95, 81.72, 77.33, 86.03] 
[37mEpoch 0 step 26 with [31mce_loss_combined : 0.386890 [31mce_loss_eeg : 0.670536 [31mce_loss_eog : 0.723872 [31mtotal : 1.781298 [94mAcc_combined: 86.62 [94mAcc_eeg: 83.35 [94mAcc_eog: 80.14 [92mF1_combined: 77.85 [92mF1_eeg: 73.54 [92mF1_eog: 68.50 [92mK_combined: 0.8118 [92mK_eeg: 0.7640 [92mK_eog: 0.7176 [34mF1_perclass_combined: [91.07, 37.95, 87.3, 85.04, 87.9] [34mF1_perclass_eeg: [89.18, 33.71, 84.51, 83.73, 76.56] [34mF1_perclass_eog: [84.31, 16.17, 80.78, 76.91, 84.31] 
[37mEpoch 0 step 27 with [31mce_loss_combined : 0.383696 [31mce_loss_eeg : 0.643176 [31mce_loss_eog : 0.693681 [31mtotal : 1.720552 [94mAcc_combined: 86.61 [94mAcc_eeg: 84.73 [94mAcc_eog: 81.47 [92mF1_combined: 78.77 [92mF1_eeg: 76.49 [92mF1_eog: 70.96 [92mK_combined: 0.8162 [92mK_eeg: 0.7892 [92mK_eog: 0.7425 [34mF1_perclass_combined: [91.45, 42.69, 86.7, 84.72, 88.3] [34mF1_perclass_eeg: [89.65, 40.32, 85.39, 84.83, 82.24] [34mF1_perclass_eog: [86.5, 23.82, 81.99, 77.71, 84.77] 
[37mEpoch 1 step 29 with [31mce_loss_combined : 0.371334 [31mce_loss_eeg : 0.627029 [31mce_loss_eog : 0.683568 [31mtotal : 1.681931 [94mAcc_combined: 87.01 [94mAcc_eeg: 84.73 [94mAcc_eog: 81.57 [92mF1_combined: 75.06 [92mF1_eeg: 73.70 [92mF1_eog: 68.24 [92mK_combined: 0.8178 [92mK_eeg: 0.7846 [92mK_eog: 0.7390 [34mF1_perclass_combined: [91.22, 22.49, 87.62, 85.63, 88.33] [34mF1_perclass_eeg: [89.53, 26.55, 85.61, 84.87, 81.92] [34mF1_perclass_eog: [86.39, 10.29, 82.1, 77.25, 85.2] 
[37mEpoch 1 step 31 with [31mce_loss_combined : 0.366397 [31mce_loss_eeg : 0.613473 [31mce_loss_eog : 0.655651 [31mtotal : 1.635522 [94mAcc_combined: 87.24 [94mAcc_eeg: 84.82 [94mAcc_eog: 82.19 [92mF1_combined: 76.94 [92mF1_eeg: 74.83 [92mF1_eog: 68.71 [92mK_combined: 0.8209 [92mK_eeg: 0.7870 [92mK_eog: 0.7489 [34mF1_perclass_combined: [91.74, 32.04, 87.98, 84.46, 88.45] [34mF1_perclass_eeg: [88.89, 32.58, 86.13, 84.17, 82.39] [34mF1_perclass_eog: [87.2, 11.15, 83.06, 76.23, 85.91] 
[37mEpoch 1 step 33 with [31mce_loss_combined : 0.362760 [31mce_loss_eeg : 0.601037 [31mce_loss_eog : 0.660308 [31mtotal : 1.624105 [94mAcc_combined: 87.18 [94mAcc_eeg: 84.70 [94mAcc_eog: 81.74 [92mF1_combined: 78.22 [92mF1_eeg: 75.86 [92mF1_eog: 70.16 [92mK_combined: 0.8219 [92mK_eeg: 0.7884 [92mK_eog: 0.7445 [34mF1_perclass_combined: [91.2, 38.03, 87.72, 85.49, 88.66] [34mF1_perclass_eeg: [88.78, 37.18, 85.42, 85.2, 82.72] [34mF1_perclass_eog: [86.06, 19.8, 82.64, 76.3, 86.0] 
[37mEpoch 1 step 36 with [31mce_loss_combined : 0.357217 [31mce_loss_eeg : 0.573435 [31mce_loss_eog : 0.632467 [31mtotal : 1.563119 [94mAcc_combined: 87.61 [94mAcc_eeg: 85.45 [94mAcc_eog: 82.13 [92mF1_combined: 80.31 [92mF1_eeg: 77.35 [92mF1_eog: 71.59 [92mK_combined: 0.8280 [92mK_eeg: 0.7966 [92mK_eog: 0.7496 [34mF1_perclass_combined: [92.36, 47.3, 88.05, 84.93, 88.9] [34mF1_perclass_eeg: [90.28, 42.16, 86.41, 84.87, 83.03] [34mF1_perclass_eog: [87.27, 24.36, 82.53, 77.3, 86.52] 
[37mEpoch 1 step 39 with [31mce_loss_combined : 0.353995 [31mce_loss_eeg : 0.564678 [31mce_loss_eog : 0.614720 [31mtotal : 1.533393 [94mAcc_combined: 87.50 [94mAcc_eeg: 85.28 [94mAcc_eog: 82.24 [92mF1_combined: 79.00 [92mF1_eeg: 76.25 [92mF1_eog: 71.37 [92mK_combined: 0.8256 [92mK_eeg: 0.7949 [92mK_eog: 0.7503 [34mF1_perclass_combined: [92.44, 41.61, 87.98, 83.9, 89.06] [34mF1_perclass_eeg: [89.95, 37.49, 86.05, 84.05, 83.7] [34mF1_perclass_eog: [87.49, 24.17, 82.79, 75.45, 86.96] 
[37mEpoch 1 step 40 with [31mce_loss_combined : 0.345337 [31mce_loss_eeg : 0.559173 [31mce_loss_eog : 0.608811 [31mtotal : 1.513321 [94mAcc_combined: 87.43 [94mAcc_eeg: 85.16 [94mAcc_eog: 82.15 [92mF1_combined: 80.83 [92mF1_eeg: 77.00 [92mF1_eog: 71.70 [92mK_combined: 0.8261 [92mK_eeg: 0.7951 [92mK_eog: 0.7481 [34mF1_perclass_combined: [92.04, 49.0, 87.96, 85.99, 89.17] [34mF1_perclass_eeg: [90.15, 40.81, 85.93, 85.59, 82.5] [34mF1_perclass_eog: [87.61, 25.58, 82.81, 76.06, 86.43] 
[37mEpoch 1 step 44 with [31mce_loss_combined : 0.344303 [31mce_loss_eeg : 0.544062 [31mce_loss_eog : 0.587894 [31mtotal : 1.476258 [94mAcc_combined: 87.84 [94mAcc_eeg: 85.06 [94mAcc_eog: 82.80 [92mF1_combined: 80.09 [92mF1_eeg: 76.79 [92mF1_eog: 71.28 [92mK_combined: 0.8311 [92mK_eeg: 0.7936 [92mK_eog: 0.7588 [34mF1_perclass_combined: [92.93, 45.17, 88.27, 84.95, 89.14] [34mF1_perclass_eeg: [90.41, 40.86, 85.62, 84.87, 82.2] [34mF1_perclass_eog: [88.41, 21.25, 83.27, 76.92, 86.56] 
[37mEpoch 1 step 45 with [31mce_loss_combined : 0.351958 [31mce_loss_eeg : 0.541533 [31mce_loss_eog : 0.580710 [31mtotal : 1.474201 [94mAcc_combined: 87.89 [94mAcc_eeg: 84.97 [94mAcc_eog: 82.96 [92mF1_combined: 79.66 [92mF1_eeg: 76.04 [92mF1_eog: 71.51 [92mK_combined: 0.8313 [92mK_eeg: 0.7900 [92mK_eog: 0.7607 [34mF1_perclass_combined: [92.26, 42.77, 88.39, 85.96, 88.91] [34mF1_perclass_eeg: [88.97, 37.93, 86.28, 84.99, 82.03] [34mF1_perclass_eog: [88.02, 21.53, 83.5, 77.69, 86.81] 
[37mEpoch 1 step 47 with [31mce_loss_combined : 0.337181 [31mce_loss_eeg : 0.521415 [31mce_loss_eog : 0.593116 [31mtotal : 1.451713 [94mAcc_combined: 87.82 [94mAcc_eeg: 85.45 [94mAcc_eog: 81.86 [92mF1_combined: 80.07 [92mF1_eeg: 77.20 [92mF1_eog: 71.36 [92mK_combined: 0.8307 [92mK_eeg: 0.7986 [92mK_eog: 0.7437 [34mF1_perclass_combined: [92.56, 45.13, 88.17, 85.36, 89.12] [34mF1_perclass_eeg: [89.91, 41.45, 86.48, 85.72, 82.45] [34mF1_perclass_eog: [88.01, 26.63, 82.54, 75.8, 83.81] 
[37mEpoch 1 step 51 with [31mce_loss_combined : 0.350989 [31mce_loss_eeg : 0.512532 [31mce_loss_eog : 0.570487 [31mtotal : 1.434009 [94mAcc_combined: 87.67 [94mAcc_eeg: 85.36 [94mAcc_eog: 82.09 [92mF1_combined: 80.59 [92mF1_eeg: 77.50 [92mF1_eog: 71.72 [92mK_combined: 0.8296 [92mK_eeg: 0.7977 [92mK_eog: 0.7479 [34mF1_perclass_combined: [92.09, 47.74, 88.35, 86.14, 88.62] [34mF1_perclass_eeg: [90.63, 42.57, 85.78, 85.81, 82.69] [34mF1_perclass_eog: [88.11, 27.81, 83.19, 73.29, 86.18] 
[37mEpoch 1 step 52 with [31mce_loss_combined : 0.363177 [31mce_loss_eeg : 0.498677 [31mce_loss_eog : 0.559275 [31mtotal : 1.421129 [94mAcc_combined: 87.18 [94mAcc_eeg: 85.86 [94mAcc_eog: 82.97 [92mF1_combined: 79.05 [92mF1_eeg: 77.03 [92mF1_eog: 71.50 [92mK_combined: 0.8227 [92mK_eeg: 0.8032 [92mK_eog: 0.7633 [34mF1_perclass_combined: [92.14, 42.41, 87.33, 85.11, 88.25] [34mF1_perclass_eeg: [90.64, 38.41, 86.4, 85.11, 84.59] [34mF1_perclass_eog: [88.77, 20.51, 82.82, 78.26, 87.15] 
[37mEpoch 1 step 55 with [31mce_loss_combined : 0.327807 [31mce_loss_eeg : 0.498558 [31mce_loss_eog : 0.551099 [31mtotal : 1.377464 [94mAcc_combined: 88.31 [94mAcc_eeg: 85.59 [94mAcc_eog: 82.94 [92mF1_combined: 81.30 [92mF1_eeg: 77.83 [92mF1_eog: 73.49 [92mK_combined: 0.8378 [92mK_eeg: 0.8010 [92mK_eog: 0.7636 [34mF1_perclass_combined: [92.89, 48.9, 88.74, 86.23, 89.74] [34mF1_perclass_eeg: [90.18, 43.45, 86.17, 85.74, 83.62] [34mF1_perclass_eog: [88.8, 29.97, 82.85, 78.18, 87.65] 
[37mEpoch 2 step 57 with [31mce_loss_combined : 0.324569 [31mce_loss_eeg : 0.477195 [31mce_loss_eog : 0.537799 [31mtotal : 1.339562 [94mAcc_combined: 88.34 [94mAcc_eeg: 86.36 [94mAcc_eog: 83.05 [92mF1_combined: 80.02 [92mF1_eeg: 77.65 [92mF1_eog: 71.75 [92mK_combined: 0.8374 [92mK_eeg: 0.8094 [92mK_eog: 0.7610 [34mF1_perclass_combined: [93.01, 42.45, 88.65, 86.19, 89.78] [34mF1_perclass_eeg: [90.97, 39.69, 87.06, 85.83, 84.68] [34mF1_perclass_eog: [88.83, 22.91, 83.55, 75.78, 87.69] 
[37mEpoch 2 step 59 with [31mce_loss_combined : 0.325747 [31mce_loss_eeg : 0.472589 [31mce_loss_eog : 0.523696 [31mtotal : 1.322032 [94mAcc_combined: 88.33 [94mAcc_eeg: 86.44 [94mAcc_eog: 83.73 [92mF1_combined: 80.93 [92mF1_eeg: 78.34 [92mF1_eog: 73.43 [92mK_combined: 0.8372 [92mK_eeg: 0.8113 [92mK_eog: 0.7720 [34mF1_perclass_combined: [93.18, 47.53, 88.69, 85.44, 89.83] [34mF1_perclass_eeg: [90.97, 42.56, 87.06, 86.03, 85.08] [34mF1_perclass_eog: [89.65, 28.15, 84.14, 77.39, 87.82] 
[37mEpoch 2 step 60 with [31mce_loss_combined : 0.325277 [31mce_loss_eeg : 0.469344 [31mce_loss_eog : 0.522195 [31mtotal : 1.316815 [94mAcc_combined: 88.39 [94mAcc_eeg: 86.56 [94mAcc_eog: 83.66 [92mF1_combined: 80.87 [92mF1_eeg: 78.47 [92mF1_eog: 73.09 [92mK_combined: 0.8387 [92mK_eeg: 0.8129 [92mK_eog: 0.7706 [34mF1_perclass_combined: [93.14, 46.78, 88.69, 86.04, 89.72] [34mF1_perclass_eeg: [91.01, 42.72, 87.18, 85.79, 85.66] [34mF1_perclass_eog: [89.93, 27.94, 84.24, 75.45, 87.89] 
[37mEpoch 2 step 64 with [31mce_loss_combined : 0.322931 [31mce_loss_eeg : 0.468169 [31mce_loss_eog : 0.519712 [31mtotal : 1.310812 [94mAcc_combined: 88.54 [94mAcc_eeg: 86.34 [94mAcc_eog: 83.61 [92mF1_combined: 80.85 [92mF1_eeg: 77.97 [92mF1_eog: 72.57 [92mK_combined: 0.8401 [92mK_eeg: 0.8094 [92mK_eog: 0.7693 [34mF1_perclass_combined: [93.2, 46.42, 88.9, 85.64, 90.09] [34mF1_perclass_eeg: [90.61, 41.58, 87.21, 84.96, 85.5] [34mF1_perclass_eog: [89.77, 24.91, 84.03, 76.5, 87.62] 
[37mEpoch 2 step 65 with [31mce_loss_combined : 0.320419 [31mce_loss_eeg : 0.466909 [31mce_loss_eog : 0.516983 [31mtotal : 1.304310 [94mAcc_combined: 88.44 [94mAcc_eeg: 86.37 [94mAcc_eog: 83.76 [92mF1_combined: 80.17 [92mF1_eeg: 77.54 [92mF1_eog: 72.24 [92mK_combined: 0.8390 [92mK_eeg: 0.8105 [92mK_eog: 0.7725 [34mF1_perclass_combined: [93.39, 42.92, 88.56, 85.99, 89.96] [34mF1_perclass_eeg: [90.83, 38.79, 86.94, 85.76, 85.38] [34mF1_perclass_eog: [89.94, 21.86, 83.89, 77.73, 87.79] 
[37mEpoch 2 step 71 with [31mce_loss_combined : 0.329481 [31mce_loss_eeg : 0.460515 [31mce_loss_eog : 0.509573 [31mtotal : 1.299569 [94mAcc_combined: 88.25 [94mAcc_eeg: 86.39 [94mAcc_eog: 83.91 [92mF1_combined: 79.46 [92mF1_eeg: 76.97 [92mF1_eog: 71.70 [92mK_combined: 0.8349 [92mK_eeg: 0.8094 [92mK_eog: 0.7737 [34mF1_perclass_combined: [93.28, 40.78, 88.62, 84.82, 89.77] [34mF1_perclass_eeg: [91.05, 36.25, 87.1, 85.23, 85.24] [34mF1_perclass_eog: [90.15, 18.52, 84.08, 78.36, 87.36] 
[37mEpoch 2 step 72 with [31mce_loss_combined : 0.323733 [31mce_loss_eeg : 0.457088 [31mce_loss_eog : 0.509267 [31mtotal : 1.290088 [94mAcc_combined: 88.39 [94mAcc_eeg: 86.49 [94mAcc_eog: 83.85 [92mF1_combined: 80.75 [92mF1_eeg: 78.26 [92mF1_eog: 72.84 [92mK_combined: 0.8378 [92mK_eeg: 0.8110 [92mK_eog: 0.7726 [34mF1_perclass_combined: [93.34, 46.83, 88.84, 84.83, 89.92] [34mF1_perclass_eeg: [91.16, 42.66, 87.32, 84.6, 85.54] [34mF1_perclass_eog: [90.16, 25.33, 84.29, 76.89, 87.51] 
[37mEpoch 2 step 73 with [31mce_loss_combined : 0.319579 [31mce_loss_eeg : 0.452560 [31mce_loss_eog : 0.503222 [31mtotal : 1.275360 [94mAcc_combined: 88.64 [94mAcc_eeg: 86.74 [94mAcc_eog: 83.98 [92mF1_combined: 81.24 [92mF1_eeg: 78.88 [92mF1_eog: 73.53 [92mK_combined: 0.8419 [92mK_eeg: 0.8154 [92mK_eog: 0.7753 [34mF1_perclass_combined: [93.35, 47.98, 89.04, 85.93, 89.91] [34mF1_perclass_eeg: [91.33, 44.32, 87.38, 85.64, 85.72] [34mF1_perclass_eog: [90.27, 27.83, 84.21, 77.63, 87.69] 
[37mEpoch 2 step 75 with [31mce_loss_combined : 0.316284 [31mce_loss_eeg : 0.451820 [31mce_loss_eog : 0.501787 [31mtotal : 1.269890 [94mAcc_combined: 88.71 [94mAcc_eeg: 86.73 [94mAcc_eog: 83.95 [92mF1_combined: 81.34 [92mF1_eeg: 78.96 [92mF1_eog: 73.68 [92mK_combined: 0.8431 [92mK_eeg: 0.8155 [92mK_eog: 0.7746 [34mF1_perclass_combined: [93.45, 48.0, 89.0, 86.18, 90.07] [34mF1_perclass_eeg: [91.18, 44.65, 87.38, 85.73, 85.85] [34mF1_perclass_eog: [90.33, 29.52, 84.3, 76.06, 88.18] 
[37mEpoch 3 step 85 with [31mce_loss_combined : 0.320031 [31mce_loss_eeg : 0.436505 [31mce_loss_eog : 0.502750 [31mtotal : 1.259286 [94mAcc_combined: 88.64 [94mAcc_eeg: 86.71 [94mAcc_eog: 83.39 [92mF1_combined: 81.11 [92mF1_eeg: 79.11 [92mF1_eog: 73.60 [92mK_combined: 0.8421 [92mK_eeg: 0.8150 [92mK_eog: 0.7663 [34mF1_perclass_combined: [93.21, 46.93, 88.92, 86.51, 89.99] [34mF1_perclass_eeg: [91.34, 45.29, 87.4, 86.12, 85.4] [34mF1_perclass_eog: [89.72, 30.53, 83.74, 76.12, 87.89] 
[37mEpoch 3 step 88 with [31mce_loss_combined : 0.319671 [31mce_loss_eeg : 0.435769 [31mce_loss_eog : 0.498077 [31mtotal : 1.253517 [94mAcc_combined: 88.49 [94mAcc_eeg: 86.69 [94mAcc_eog: 83.25 [92mF1_combined: 80.69 [92mF1_eeg: 78.34 [92mF1_eog: 72.15 [92mK_combined: 0.8394 [92mK_eeg: 0.8134 [92mK_eog: 0.7625 [34mF1_perclass_combined: [93.27, 45.53, 88.82, 85.98, 89.84] [34mF1_perclass_eeg: [91.5, 41.89, 87.31, 85.24, 85.77] [34mF1_perclass_eog: [90.43, 26.41, 83.87, 72.07, 87.96] 
[37mEpoch 3 step 90 with [31mce_loss_combined : 0.319139 [31mce_loss_eeg : 0.430585 [31mce_loss_eog : 0.483988 [31mtotal : 1.233712 [94mAcc_combined: 88.41 [94mAcc_eeg: 86.82 [94mAcc_eog: 84.01 [92mF1_combined: 79.84 [92mF1_eeg: 77.83 [92mF1_eog: 72.09 [92mK_combined: 0.8378 [92mK_eeg: 0.8151 [92mK_eog: 0.7746 [34mF1_perclass_combined: [93.33, 42.03, 88.73, 85.3, 89.83] [34mF1_perclass_eeg: [91.71, 38.6, 87.25, 85.19, 86.41] [34mF1_perclass_eog: [90.52, 20.69, 84.18, 76.9, 88.14] 
[37mEpoch 3 step 91 with [31mce_loss_combined : 0.314496 [31mce_loss_eeg : 0.427999 [31mce_loss_eog : 0.483243 [31mtotal : 1.225737 [94mAcc_combined: 88.52 [94mAcc_eeg: 86.95 [94mAcc_eog: 83.96 [92mF1_combined: 80.62 [92mF1_eeg: 78.63 [92mF1_eog: 72.76 [92mK_combined: 0.8405 [92mK_eeg: 0.8185 [92mK_eog: 0.7746 [34mF1_perclass_combined: [93.42, 44.93, 88.66, 86.22, 89.85] [34mF1_perclass_eeg: [91.54, 41.79, 87.38, 86.19, 86.26] [34mF1_perclass_eog: [90.27, 24.64, 84.29, 76.53, 88.07] 
[37mEpoch 3 step 93 with [31mce_loss_combined : 0.314268 [31mce_loss_eeg : 0.426081 [31mce_loss_eog : 0.478577 [31mtotal : 1.218926 [94mAcc_combined: 88.70 [94mAcc_eeg: 87.00 [94mAcc_eog: 84.18 [92mF1_combined: 80.88 [92mF1_eeg: 78.74 [92mF1_eog: 73.47 [92mK_combined: 0.8426 [92mK_eeg: 0.8188 [92mK_eog: 0.7784 [34mF1_perclass_combined: [93.47, 45.56, 88.93, 86.34, 90.08] [34mF1_perclass_eeg: [91.48, 42.23, 87.49, 86.25, 86.26] [34mF1_perclass_eog: [90.44, 26.54, 84.33, 77.81, 88.24] 
[37mEpoch 3 step 94 with [31mce_loss_combined : 0.313037 [31mce_loss_eeg : 0.425012 [31mce_loss_eog : 0.476937 [31mtotal : 1.214986 [94mAcc_combined: 88.71 [94mAcc_eeg: 86.97 [94mAcc_eog: 84.19 [92mF1_combined: 80.82 [92mF1_eeg: 78.59 [92mF1_eog: 73.23 [92mK_combined: 0.8425 [92mK_eeg: 0.8183 [92mK_eog: 0.7779 [34mF1_perclass_combined: [93.56, 45.15, 88.93, 86.31, 90.12] [34mF1_perclass_eeg: [91.52, 41.53, 87.46, 86.22, 86.23] [34mF1_perclass_eog: [90.64, 25.36, 84.32, 77.52, 88.33] 
[37mEpoch 4 step 112 with [31mce_loss_combined : 0.315522 [31mce_loss_eeg : 0.412242 [31mce_loss_eog : 0.474053 [31mtotal : 1.201817 [94mAcc_combined: 88.66 [94mAcc_eeg: 87.02 [94mAcc_eog: 84.09 [92mF1_combined: 79.93 [92mF1_eeg: 78.30 [92mF1_eog: 72.45 [92mK_combined: 0.8418 [92mK_eeg: 0.8191 [92mK_eog: 0.7764 [34mF1_perclass_combined: [93.25, 40.92, 88.96, 86.49, 90.05] [34mF1_perclass_eeg: [91.46, 39.84, 87.52, 86.35, 86.34] [34mF1_perclass_eog: [90.23, 22.38, 84.42, 77.36, 87.87] 
[37mEpoch 4 step 118 with [31mce_loss_combined : 0.315170 [31mce_loss_eeg : 0.407072 [31mce_loss_eog : 0.470527 [31mtotal : 1.192770 [94mAcc_combined: 88.61 [94mAcc_eeg: 87.17 [94mAcc_eog: 84.06 [92mF1_combined: 80.60 [92mF1_eeg: 78.72 [92mF1_eog: 72.63 [92mK_combined: 0.8416 [92mK_eeg: 0.8215 [92mK_eog: 0.7774 [34mF1_perclass_combined: [93.63, 44.45, 88.76, 86.2, 89.96] [34mF1_perclass_eeg: [91.82, 41.17, 87.48, 86.22, 86.94] [34mF1_perclass_eog: [90.42, 21.95, 83.82, 78.58, 88.38] 
[37mEpoch 4 step 122 with [31mce_loss_combined : 0.312383 [31mce_loss_eeg : 0.413825 [31mce_loss_eog : 0.462490 [31mtotal : 1.188698 [94mAcc_combined: 88.59 [94mAcc_eeg: 86.83 [94mAcc_eog: 84.16 [92mF1_combined: 81.10 [92mF1_eeg: 78.84 [92mF1_eog: 73.89 [92mK_combined: 0.8416 [92mK_eeg: 0.8176 [92mK_eog: 0.7770 [34mF1_perclass_combined: [93.44, 46.8, 88.81, 86.32, 90.11] [34mF1_perclass_eeg: [91.55, 43.4, 87.13, 86.06, 86.05] [34mF1_perclass_eog: [90.75, 30.02, 84.59, 75.67, 88.41] 
[37mEpoch 4 step 123 with [31mce_loss_combined : 0.314927 [31mce_loss_eeg : 0.408194 [31mce_loss_eog : 0.460959 [31mtotal : 1.184080 [94mAcc_combined: 88.48 [94mAcc_eeg: 86.95 [94mAcc_eog: 84.15 [92mF1_combined: 80.65 [92mF1_eeg: 78.62 [92mF1_eog: 73.02 [92mK_combined: 0.8399 [92mK_eeg: 0.8185 [92mK_eog: 0.7761 [34mF1_perclass_combined: [93.64, 45.04, 88.45, 86.38, 89.71] [34mF1_perclass_eeg: [91.8, 41.64, 87.16, 86.34, 86.15] [34mF1_perclass_eog: [90.93, 25.63, 84.48, 76.08, 88.0] 
[37mEpoch 4 step 124 with [31mce_loss_combined : 0.311299 [31mce_loss_eeg : 0.401646 [31mce_loss_eog : 0.453591 [31mtotal : 1.166537 [94mAcc_combined: 88.81 [94mAcc_eeg: 87.23 [94mAcc_eog: 84.53 [92mF1_combined: 81.33 [92mF1_eeg: 79.16 [92mF1_eog: 73.94 [92mK_combined: 0.8444 [92mK_eeg: 0.8222 [92mK_eog: 0.7828 [34mF1_perclass_combined: [93.32, 47.49, 89.14, 86.6, 90.1] [34mF1_perclass_eeg: [91.53, 43.53, 87.79, 86.27, 86.69] [34mF1_perclass_eog: [90.83, 28.05, 84.83, 77.87, 88.1] 
[37mEpoch 4 step 127 with [31mce_loss_combined : 0.308544 [31mce_loss_eeg : 0.400058 [31mce_loss_eog : 0.451759 [31mtotal : 1.160361 [94mAcc_combined: 88.79 [94mAcc_eeg: 87.25 [94mAcc_eog: 84.63 [92mF1_combined: 80.72 [92mF1_eeg: 78.83 [92mF1_eog: 73.11 [92mK_combined: 0.8437 [92mK_eeg: 0.8224 [92mK_eog: 0.7841 [34mF1_perclass_combined: [93.74, 44.29, 88.97, 86.16, 90.42] [34mF1_perclass_eeg: [91.9, 41.6, 87.69, 86.12, 86.88] [34mF1_perclass_eog: [91.33, 22.85, 84.66, 77.97, 88.73] 
[37mEpoch 4 step 130 with [31mce_loss_combined : 0.307144 [31mce_loss_eeg : 0.399154 [31mce_loss_eog : 0.453880 [31mtotal : 1.160178 [94mAcc_combined: 88.95 [94mAcc_eeg: 87.28 [94mAcc_eog: 84.33 [92mF1_combined: 81.88 [92mF1_eeg: 79.79 [92mF1_eog: 74.27 [92mK_combined: 0.8467 [92mK_eeg: 0.8234 [92mK_eog: 0.7797 [34mF1_perclass_combined: [93.76, 49.75, 89.16, 86.37, 90.37] [34mF1_perclass_eeg: [91.82, 46.42, 87.71, 86.07, 86.95] [34mF1_perclass_eog: [91.14, 31.52, 84.66, 74.98, 89.07] 
[37mEpoch 4 step 135 with [31mce_loss_combined : 0.304976 [31mce_loss_eeg : 0.398452 [31mce_loss_eog : 0.451504 [31mtotal : 1.154931 [94mAcc_combined: 88.95 [94mAcc_eeg: 87.28 [94mAcc_eog: 84.40 [92mF1_combined: 81.61 [92mF1_eeg: 79.61 [92mF1_eog: 74.35 [92mK_combined: 0.8464 [92mK_eeg: 0.8230 [92mK_eog: 0.7802 [34mF1_perclass_combined: [93.81, 48.15, 89.11, 86.48, 90.51] [34mF1_perclass_eeg: [91.82, 45.29, 87.69, 86.42, 86.82] [34mF1_perclass_eog: [91.23, 31.53, 84.78, 75.22, 88.99] 
[37mEpoch 4 step 136 with [31mce_loss_combined : 0.304672 [31mce_loss_eeg : 0.398080 [31mce_loss_eog : 0.449901 [31mtotal : 1.152654 [94mAcc_combined: 88.97 [94mAcc_eeg: 87.30 [94mAcc_eog: 84.50 [92mF1_combined: 81.64 [92mF1_eeg: 79.66 [92mF1_eog: 74.52 [92mK_combined: 0.8468 [92mK_eeg: 0.8236 [92mK_eog: 0.7820 [34mF1_perclass_combined: [93.8, 48.25, 89.12, 86.49, 90.55] [34mF1_perclass_eeg: [91.8, 45.44, 87.71, 86.51, 86.83] [34mF1_perclass_eog: [91.21, 31.68, 84.85, 75.81, 89.06] 
[37mEpoch 6 step 177 with [31mce_loss_combined : 0.307760 [31mce_loss_eeg : 0.390011 [31mce_loss_eog : 0.437991 [31mtotal : 1.135761 [94mAcc_combined: 88.87 [94mAcc_eeg: 87.30 [94mAcc_eog: 84.66 [92mF1_combined: 81.75 [92mF1_eeg: 79.62 [92mF1_eog: 74.59 [92mK_combined: 0.8455 [92mK_eeg: 0.8241 [92mK_eog: 0.7862 [34mF1_perclass_combined: [93.78, 49.18, 89.11, 86.45, 90.25] [34mF1_perclass_eeg: [91.93, 45.44, 87.58, 86.33, 86.84] [34mF1_perclass_eog: [91.28, 29.97, 84.62, 78.92, 88.18] 
[37mEpoch 6 step 180 with [31mce_loss_combined : 0.310145 [31mce_loss_eeg : 0.381174 [31mce_loss_eog : 0.441283 [31mtotal : 1.132602 [94mAcc_combined: 88.91 [94mAcc_eeg: 87.54 [94mAcc_eog: 84.39 [92mF1_combined: 82.29 [92mF1_eeg: 80.44 [92mF1_eog: 75.25 [92mK_combined: 0.8460 [92mK_eeg: 0.8271 [92mK_eog: 0.7813 [34mF1_perclass_combined: [93.77, 52.07, 89.26, 86.18, 90.18] [34mF1_perclass_eeg: [92.13, 48.7, 88.05, 86.01, 87.31] [34mF1_perclass_eog: [91.13, 36.0, 84.83, 76.02, 88.29] 
[37mEpoch 6 step 191 with [31mce_loss_combined : 0.308342 [31mce_loss_eeg : 0.381767 [31mce_loss_eog : 0.437938 [31mtotal : 1.128046 [94mAcc_combined: 88.94 [94mAcc_eeg: 87.23 [94mAcc_eog: 84.58 [92mF1_combined: 81.31 [92mF1_eeg: 79.34 [92mF1_eog: 74.30 [92mK_combined: 0.8465 [92mK_eeg: 0.8226 [92mK_eog: 0.7853 [34mF1_perclass_combined: [93.28, 46.72, 89.22, 86.75, 90.57] [34mF1_perclass_eeg: [91.34, 44.08, 87.77, 86.57, 86.92] [34mF1_perclass_eog: [91.03, 28.45, 84.36, 78.9, 88.78] 
[37mEpoch 7 step 194 with [31mce_loss_combined : 0.309577 [31mce_loss_eeg : 0.380382 [31mce_loss_eog : 0.435281 [31mtotal : 1.125239 [94mAcc_combined: 88.84 [94mAcc_eeg: 87.48 [94mAcc_eog: 84.72 [92mF1_combined: 81.35 [92mF1_eeg: 79.89 [92mF1_eog: 74.43 [92mK_combined: 0.8442 [92mK_eeg: 0.8260 [92mK_eog: 0.7854 [34mF1_perclass_combined: [93.64, 47.7, 89.22, 85.9, 90.28] [34mF1_perclass_eeg: [92.0, 46.21, 87.93, 86.22, 87.09] [34mF1_perclass_eog: [91.61, 30.23, 84.99, 76.44, 88.86] 
[37mEpoch 7 step 195 with [31mce_loss_combined : 0.304093 [31mce_loss_eeg : 0.372024 [31mce_loss_eog : 0.433842 [31mtotal : 1.109959 [94mAcc_combined: 89.03 [94mAcc_eeg: 87.71 [94mAcc_eog: 84.86 [92mF1_combined: 81.70 [92mF1_eeg: 80.37 [92mF1_eog: 74.61 [92mK_combined: 0.8475 [92mK_eeg: 0.8294 [92mK_eog: 0.7879 [34mF1_perclass_combined: [93.73, 48.37, 89.23, 86.7, 90.46] [34mF1_perclass_eeg: [92.28, 47.5, 88.02, 86.7, 87.37] [34mF1_perclass_eog: [91.51, 29.86, 84.98, 77.55, 89.16] 
[37mEpoch 7 step 202 with [31mce_loss_combined : 0.304892 [31mce_loss_eeg : 0.371751 [31mce_loss_eog : 0.431532 [31mtotal : 1.108174 [94mAcc_combined: 88.93 [94mAcc_eeg: 87.62 [94mAcc_eog: 84.76 [92mF1_combined: 81.58 [92mF1_eeg: 80.11 [92mF1_eog: 74.43 [92mK_combined: 0.8459 [92mK_eeg: 0.8278 [92mK_eog: 0.7859 [34mF1_perclass_combined: [93.77, 48.34, 89.18, 86.27, 90.33] [34mF1_perclass_eeg: [92.25, 46.58, 87.92, 86.29, 87.52] [34mF1_perclass_eog: [91.41, 29.48, 84.92, 77.49, 88.82] 
[37mEpoch 7 step 207 with [31mce_loss_combined : 0.302809 [31mce_loss_eeg : 0.371103 [31mce_loss_eog : 0.428141 [31mtotal : 1.102052 [94mAcc_combined: 88.99 [94mAcc_eeg: 87.69 [94mAcc_eog: 84.79 [92mF1_combined: 81.53 [92mF1_eeg: 80.08 [92mF1_eog: 74.55 [92mK_combined: 0.8467 [92mK_eeg: 0.8286 [92mK_eog: 0.7864 [34mF1_perclass_combined: [93.83, 47.94, 89.25, 86.42, 90.2] [34mF1_perclass_eeg: [92.32, 46.25, 88.05, 86.48, 87.26] [34mF1_perclass_eog: [91.59, 30.6, 85.08, 76.6, 88.88] 
[37mEpoch 7 step 208 with [31mce_loss_combined : 0.303066 [31mce_loss_eeg : 0.372185 [31mce_loss_eog : 0.424931 [31mtotal : 1.100181 [94mAcc_combined: 89.00 [94mAcc_eeg: 87.73 [94mAcc_eog: 85.02 [92mF1_combined: 81.86 [92mF1_eeg: 80.36 [92mF1_eog: 75.09 [92mK_combined: 0.8475 [92mK_eeg: 0.8298 [92mK_eog: 0.7905 [34mF1_perclass_combined: [93.85, 49.44, 89.22, 86.55, 90.25] [34mF1_perclass_eeg: [92.34, 47.34, 88.01, 86.68, 87.42] [34mF1_perclass_eog: [91.7, 31.95, 85.24, 77.66, 88.89] 
[37mEpoch 7 step 210 with [31mce_loss_combined : 0.302724 [31mce_loss_eeg : 0.371224 [31mce_loss_eog : 0.425037 [31mtotal : 1.098986 [94mAcc_combined: 89.02 [94mAcc_eeg: 87.72 [94mAcc_eog: 85.07 [92mF1_combined: 81.31 [92mF1_eeg: 79.98 [92mF1_eog: 74.51 [92mK_combined: 0.8468 [92mK_eeg: 0.8291 [92mK_eog: 0.7906 [34mF1_perclass_combined: [93.91, 46.79, 89.31, 86.17, 90.39] [34mF1_perclass_eeg: [92.33, 45.65, 88.1, 86.3, 87.52] [34mF1_perclass_eog: [91.83, 28.7, 85.2, 77.63, 89.18] 
[37mEpoch 7 step 211 with [31mce_loss_combined : 0.302567 [31mce_loss_eeg : 0.371974 [31mce_loss_eog : 0.424233 [31mtotal : 1.098774 [94mAcc_combined: 89.05 [94mAcc_eeg: 87.72 [94mAcc_eog: 85.14 [92mF1_combined: 81.71 [92mF1_eeg: 80.14 [92mF1_eog: 74.78 [92mK_combined: 0.8477 [92mK_eeg: 0.8294 [92mK_eog: 0.7921 [34mF1_perclass_combined: [93.89, 48.62, 89.31, 86.33, 90.39] [34mF1_perclass_eeg: [92.3, 46.44, 88.08, 86.4, 87.5] [34mF1_perclass_eog: [91.8, 29.63, 85.25, 78.12, 89.1] 
[37mEpoch 10 step 293 with [31mce_loss_combined : 0.303527 [31mce_loss_eeg : 0.364706 [31mce_loss_eog : 0.419322 [31mtotal : 1.087555 [94mAcc_combined: 89.10 [94mAcc_eeg: 87.73 [94mAcc_eog: 85.12 [92mF1_combined: 81.00 [92mF1_eeg: 79.64 [92mF1_eog: 74.18 [92mK_combined: 0.8481 [92mK_eeg: 0.8296 [92mK_eog: 0.7920 [34mF1_perclass_combined: [93.73, 44.79, 89.42, 86.52, 90.55] [34mF1_perclass_eeg: [92.34, 43.73, 88.04, 86.68, 87.41] [34mF1_perclass_eog: [91.66, 26.39, 85.15, 78.88, 88.8] 
[37mEpoch 11 step 320 with [31mce_loss_combined : 0.303371 [31mce_loss_eeg : 0.360830 [31mce_loss_eog : 0.422779 [31mtotal : 1.086980 [94mAcc_combined: 89.07 [94mAcc_eeg: 87.85 [94mAcc_eog: 84.94 [92mF1_combined: 81.42 [92mF1_eeg: 79.70 [92mF1_eog: 73.97 [92mK_combined: 0.8481 [92mK_eeg: 0.8307 [92mK_eog: 0.7886 [34mF1_perclass_combined: [93.96, 46.83, 89.22, 86.69, 90.38] [34mF1_perclass_eeg: [92.75, 43.31, 88.04, 86.75, 87.64] [34mF1_perclass_eog: [91.71, 25.75, 84.87, 78.42, 89.09] 
[37mEpoch 12 step 334 with [31mce_loss_combined : 0.302487 [31mce_loss_eeg : 0.360759 [31mce_loss_eog : 0.420016 [31mtotal : 1.083262 [94mAcc_combined: 89.06 [94mAcc_eeg: 87.71 [94mAcc_eog: 84.90 [92mF1_combined: 82.30 [92mF1_eeg: 80.80 [92mF1_eog: 75.70 [92mK_combined: 0.8487 [92mK_eeg: 0.8297 [92mK_eog: 0.7891 [34mF1_perclass_combined: [93.81, 51.11, 89.28, 86.75, 90.56] [34mF1_perclass_eeg: [92.26, 49.32, 88.01, 86.5, 87.92] [34mF1_perclass_eog: [91.67, 35.15, 85.08, 77.44, 89.16] 
[37mEpoch 12 step 336 with [31mce_loss_combined : 0.302395 [31mce_loss_eeg : 0.360942 [31mce_loss_eog : 0.415320 [31mtotal : 1.078657 [94mAcc_combined: 89.06 [94mAcc_eeg: 87.80 [94mAcc_eog: 85.14 [92mF1_combined: 81.85 [92mF1_eeg: 80.33 [92mF1_eog: 74.99 [92mK_combined: 0.8480 [92mK_eeg: 0.8305 [92mK_eog: 0.7919 [34mF1_perclass_combined: [93.79, 49.01, 89.31, 86.71, 90.41] [34mF1_perclass_eeg: [92.51, 46.77, 88.07, 86.74, 87.58] [34mF1_perclass_eog: [92.03, 30.27, 85.12, 78.24, 89.28] 
[37mEpoch 12 step 340 with [31mce_loss_combined : 0.300503 [31mce_loss_eeg : 0.357901 [31mce_loss_eog : 0.416095 [31mtotal : 1.074499 [94mAcc_combined: 89.08 [94mAcc_eeg: 87.93 [94mAcc_eog: 85.04 [92mF1_combined: 81.55 [92mF1_eeg: 80.33 [92mF1_eog: 74.90 [92mK_combined: 0.8481 [92mK_eeg: 0.8320 [92mK_eog: 0.7902 [34mF1_perclass_combined: [93.88, 47.58, 89.32, 86.65, 90.3] [34mF1_perclass_eeg: [92.59, 46.51, 88.2, 86.67, 87.71] [34mF1_perclass_eog: [91.75, 30.93, 85.14, 77.64, 89.05] 
[37mEpoch 12 step 346 with [31mce_loss_combined : 0.300770 [31mce_loss_eeg : 0.358122 [31mce_loss_eog : 0.411082 [31mtotal : 1.069974 [94mAcc_combined: 89.14 [94mAcc_eeg: 88.02 [94mAcc_eog: 85.22 [92mF1_combined: 82.04 [92mF1_eeg: 80.66 [92mF1_eog: 75.55 [92mK_combined: 0.8493 [92mK_eeg: 0.8337 [92mK_eog: 0.7933 [34mF1_perclass_combined: [93.93, 49.94, 89.39, 86.7, 90.25] [34mF1_perclass_eeg: [92.62, 47.75, 88.31, 86.66, 87.95] [34mF1_perclass_eog: [91.94, 33.6, 85.36, 77.65, 89.19] 
[37mEpoch 12 step 356 with [31mce_loss_combined : 0.299354 [31mce_loss_eeg : 0.353049 [31mce_loss_eog : 0.412834 [31mtotal : 1.065236 [94mAcc_combined: 89.10 [94mAcc_eeg: 87.93 [94mAcc_eog: 85.16 [92mF1_combined: 81.74 [92mF1_eeg: 80.60 [92mF1_eog: 75.28 [92mK_combined: 0.8483 [92mK_eeg: 0.8321 [92mK_eog: 0.7911 [34mF1_perclass_combined: [93.9, 48.62, 89.38, 86.54, 90.27] [34mF1_perclass_eeg: [92.61, 47.87, 88.21, 86.74, 87.55] [34mF1_perclass_eog: [92.22, 33.16, 85.43, 76.02, 89.56] 
[37mEpoch 12 step 357 with [31mce_loss_combined : 0.299097 [31mce_loss_eeg : 0.352738 [31mce_loss_eog : 0.408937 [31mtotal : 1.060771 [94mAcc_combined: 89.20 [94mAcc_eeg: 88.02 [94mAcc_eog: 85.42 [92mF1_combined: 81.80 [92mF1_eeg: 80.65 [92mF1_eog: 75.69 [92mK_combined: 0.8502 [92mK_eeg: 0.8341 [92mK_eog: 0.7969 [34mF1_perclass_combined: [93.8, 48.38, 89.44, 86.88, 90.51] [34mF1_perclass_eeg: [92.52, 47.54, 88.26, 86.83, 88.08] [34mF1_perclass_eog: [92.23, 32.73, 85.25, 78.9, 89.34] 
[37mEpoch 13 step 362 with [31mce_loss_combined : 0.297464 [31mce_loss_eeg : 0.351973 [31mce_loss_eog : 0.409673 [31mtotal : 1.059110 [94mAcc_combined: 89.21 [94mAcc_eeg: 88.04 [94mAcc_eog: 85.33 [92mF1_combined: 82.03 [92mF1_eeg: 80.85 [92mF1_eog: 75.81 [92mK_combined: 0.8501 [92mK_eeg: 0.8338 [92mK_eog: 0.7948 [34mF1_perclass_combined: [93.96, 49.49, 89.41, 86.74, 90.54] [34mF1_perclass_eeg: [92.65, 48.66, 88.31, 86.73, 87.9] [34mF1_perclass_eog: [92.21, 34.12, 85.38, 77.82, 89.5] 
{'val_loss': {'ce_loss_combined': 0.29746392, 'ce_loss_eeg': 0.3519727, 'ce_loss_eog': 0.4096734, 'total': 1.05911}, 'val_acc': {'combined': 0.8920621629434692, 'eeg': 0.8804390083435509, 'eog': 0.8533448966775322}, 'val_f1': {'combined': 0.8202923466203768, 'eeg': 0.8085288093248849, 'eog': 0.7580542562831456}, 'val_k': {'combined': 0.8500799555162792, 'eeg': 0.8338236556107648, 'eog': 0.79479092162299}, 'val_perclassf1': {'combined': array([0.93962686, 0.4948521 , 0.89411911, 0.86741691, 0.90544675]), 'eeg': array([0.92650247, 0.486639  , 0.88313639, 0.86732765, 0.87903853]), 'eog': array([0.92206259, 0.34117004, 0.85383998, 0.77824039, 0.89495828])}}
We are in the final state.
Job finished
