Starting Job
/users/sista/kkontras/Documents/Sleep_Project/main_paper_6.py
/esat/smcdata/users/kkontras/Image_Dataset/no_backup/envs/gl_env/bin/python
Python 3.7.10
/users/sista/kkontras/Documents/Sleep_Project
0
 THE Configuration of your experiment ..
{'agent': 'Sleep_Agent_Init_Train',
 'augmentation': {},
 'channel': 0,
 'dataset': {'cache_datasets': {'test': False, 'train': False, 'valid': False},
             'data_roots': '/esat/biomeddata/SHHS_Dataset/no_backup',
             'data_split': {'fold': 0,
                            'fold_size': 7,
                            'folds_file': '/users/sista/kkontras/Documents/Huy_shhs1/HUY '
                                          'SHHS1 CODE/data_split_eval.mat',
                            'rand_split': 0,
                            'rand_splits': 13,
                            'split_method': 'patients_huy',
                            'test_split_rate': 0.3,
                            'val_patient_num': 3,
                            'val_split_rate': 0.01692},
             'data_view_dir': [{'data_type': 'stft',
                                'list_dir': 'patient_mat_list.txt',
                                'mod': 'eeg',
                                'num_ch': 1},
                               {'data_type': 'stft',
                                'list_dir': 'patient_eog_mat_list.txt',
                                'mod': 'eog',
                                'num_ch': 1}],
             'dataloader_class': 'SleepDataLoader_mat_huy',
             'huy_data': True,
             'inner_overlap': [0.5, 0.5],
             'keep_view': [1, 0],
             'seq_length': [21, 0],
             'seq_views': [False],
             'shuffle_train': True},
 'early_stopping': {'log_interval': 10,
                    'max_epoch': 1000,
                    'n_steps_stop': 250,
                    'n_steps_stop_after': 400,
                    'save_every': 1,
                    'validate_after': 0,
                    'validate_every': 400},
 'exp_name': 'Sleep EEG-EOG BLIP Experiment',
 'lr_finder': False,
 'lr_finder_steps': 100,
 'mode': 'train',
 'model': {'args': {'augment_within': False,
                    'dmodel': 128,
                    'dropout': 0.3,
                    'fc_inner': 1024,
                    'ignore_alignment_val': True,
                    'multi_loss': {'multi_loss_weights': {'alignment_loss': 0.1,
                                                          'multi_supervised_loss': {'combined': 1,
                                                                                    'eeg': 1,
                                                                                    'eog': 1},
                                                          'order_loss': 0}},
                    'num_classes': 5,
                    'shared_pred': False,
                    'three_modes': True,
                    'training_type': 'alignment_order_multisupervised'},
           'encoders': [{'args': {'align_inner': True,
                                  'd_model': 128,
                                  'dim_feedforward': 1024,
                                  'dim_proj': 128,
                                  'dropout': 0.3,
                                  'inner_biased': False,
                                  'mod_token': False,
                                  'num_heads': 8,
                                  'num_layers': 4,
                                  'outer_biased': False,
                                  'outer_rep': False,
                                  'pos': False,
                                  'rpos': True,
                                  'shared': True,
                                  'skip_random_mod': False},
                         'encoders': [],
                         'freeze_encoder': False,
                         'model': 'SleepEnc_BLIP_EEG_EOG_shared_free_cliplike',
                         'pretrainedEncoder': {'dir': '', 'use': False},
                         'savetrainedEncoder': {'dir': '', 'save': False}}],
           'load_ongoing': False,
           'model_class': 'EEG_SLEEP_BLIP_GM_MultiMode',
           'pretrained_model': {'dir': '', 'use': False},
           'save_dir': '/esat/smcdata/users/kkontras/Image_Dataset/no_backup/data/2021_data/shhs1/multi_modal/paper_models/fourier_transformer_eeg_eog_mat_BLIP_al01_shared_b16_freetrain_rpos_nopos_nonsharedpreds_drop03_aligninner_v2_trial2.pth.tar'},
 'normalization': {'calculate_metrics': False,
                   'dir': '/esat/biomeddata/SHHS_Dataset/no_backup/metrics_eeg_eog_emg_stft.pkl',
                   'metrics_type': 'train_dataset',
                   'save_metrics': False,
                   'use': True},
 'num_classes': 5,
 'num_modalities': 1,
 'optimizer': {'beta1': 0.9,
               'beta2': 0.999,
               'learning_rate': 0.0001,
               'momentum': 0.2,
               'type': 'Adam',
               'weight_decay': 0.0001},
 'plots': {'plot_stft_num': 0, 'save': False},
 'post_proc': {'post_proc_step': 15,
               'test_postprocessing': False,
               'val_postprocessing': False},
 'scheduler': {'max_lr': 0.03, 'type': 'cosanneal', 'warm_up': 55},
 'statistics': {'ce_weights': {'temp': 0.1, 'use': False}, 'print': False},
 'training_params': {'adversarial_training': {'adv_epsilon': 0.01,
                                              'use': False},
                     'async_loading': True,
                     'batch_size': 16,
                     'cuda': True,
                     'data_loader_workers': 16,
                     'gpu_device': [0],
                     'pin_memory': True,
                     'rec_test': False,
                     'res': True,
                     'seed': 35,
                     'tdqm_disable': True,
                     'test_batch_size': 16,
                     'test_on_tops': True,
                     'use_test_set': True,
                     'validation': True,
                     'verbose': True,
                     'wandb_disable': False}}
 *************************************** 
The experiment name is Sleep EEG-EOG BLIP Experiment
 *************************************** 
We are splitting dataset by huy splits
{'use_type': False, 'skip_skips': True}
{'use_type': False, 'skip_skips': True}
{'use_type': False, 'skip_skips': True}
{'use_type': False, 'skip_skips': True}
Loading metrics from /esat/biomeddata/SHHS_Dataset/no_backup/metrics_eeg_eog_emg_stft.pkl
Weights are [1. 1. 1. 1. 1.]
11070
400
28
tensor([1., 1., 1., 1., 1.], device='cuda:0')
We are not shuffling the data
Training function is sleep_train_one_step_alignment_order_multisupervised
Loss Weights are {'combined': 1, 'eeg': 1, 'eog': 1, 'alignments': 0.1, 'order': 0, 'consistency': 0, 'reconstruction': 0}
We are not shuffling the data
<class 'graphs.models.attention_models.BLIP.SleepEnc_BLIP_EEG_EOG_shared_free_cliplike'>
Total number of trainable parameters are: 10001935
Available cuda devices: 1, current device:0
Total number of trainable parameters are: 10001935
[37mEpoch 0 step 1 with [31mce_loss_combined : 0.715700 [31mce_loss_eeg : 1.157287 [31mce_loss_eog : 1.188460 [31mtotal : 3.061448 [94mAcc_combined: 73.77 [94mAcc_eeg: 72.08 [94mAcc_eog: 66.33 [92mF1_combined: 57.53 [92mF1_eeg: 52.06 [92mF1_eog: 45.75 [92mK_combined: 0.6277 [92mK_eeg: 0.5920 [92mK_eog: 0.4963 [34mF1_perclass_combined: [86.08, 0.0, 73.59, 74.07, 53.91] [34mF1_perclass_eeg: [85.47, 0.0, 74.06, 77.89, 22.85] [34mF1_perclass_eog: [77.5, 0.0, 72.01, 50.83, 28.42] 
[37mEpoch 0 step 2 with [31mce_loss_combined : 0.611576 [31mce_loss_eeg : 1.062953 [31mce_loss_eog : 1.130186 [31mtotal : 2.804716 [94mAcc_combined: 77.29 [94mAcc_eeg: 77.17 [94mAcc_eog: 72.01 [92mF1_combined: 62.16 [92mF1_eeg: 60.84 [92mF1_eog: 57.14 [92mK_combined: 0.6761 [92mK_eeg: 0.6750 [92mK_eog: 0.5944 [34mF1_perclass_combined: [83.53, 0.0, 77.96, 78.29, 71.01] [34mF1_perclass_eeg: [85.67, 0.0, 78.86, 78.15, 61.5] [34mF1_perclass_eog: [77.21, 0.0, 74.14, 73.07, 61.27] 
[37mEpoch 0 step 3 with [31mce_loss_combined : 0.539327 [31mce_loss_eeg : 1.047061 [31mce_loss_eog : 1.077623 [31mtotal : 2.664011 [94mAcc_combined: 81.41 [94mAcc_eeg: 76.97 [94mAcc_eog: 72.16 [92mF1_combined: 66.20 [92mF1_eeg: 60.81 [92mF1_eog: 55.92 [92mK_combined: 0.7410 [92mK_eeg: 0.6727 [92mK_eog: 0.6064 [34mF1_perclass_combined: [86.35, 2.15, 82.82, 82.49, 77.2] [34mF1_perclass_eeg: [85.24, 0.0, 77.99, 81.84, 58.97] [34mF1_perclass_eog: [79.22, 0.0, 76.22, 54.44, 69.71] 
[37mEpoch 0 step 4 with [31mce_loss_combined : 0.495855 [31mce_loss_eeg : 1.001562 [31mce_loss_eog : 1.056818 [31mtotal : 2.554235 [94mAcc_combined: 82.79 [94mAcc_eeg: 78.88 [94mAcc_eog: 74.13 [92mF1_combined: 71.35 [92mF1_eeg: 63.20 [92mF1_eog: 59.58 [92mK_combined: 0.7610 [92mK_eeg: 0.7037 [92mK_eog: 0.6326 [34mF1_perclass_combined: [87.94, 21.7, 83.78, 82.12, 81.19] [34mF1_perclass_eeg: [86.19, 0.0, 79.83, 82.67, 67.31] [34mF1_perclass_eog: [76.35, 0.0, 77.21, 72.01, 72.31] 
[37mEpoch 0 step 6 with [31mce_loss_combined : 0.488160 [31mce_loss_eeg : 0.975110 [31mce_loss_eog : 1.006644 [31mtotal : 2.469915 [94mAcc_combined: 82.74 [94mAcc_eeg: 78.90 [94mAcc_eog: 75.48 [92mF1_combined: 67.05 [92mF1_eeg: 63.33 [92mF1_eog: 60.58 [92mK_combined: 0.7550 [92mK_eeg: 0.7067 [92mK_eog: 0.6443 [34mF1_perclass_combined: [88.25, 0.11, 83.34, 81.27, 82.26] [34mF1_perclass_eeg: [86.28, 0.0, 80.54, 79.89, 69.94] [34mF1_perclass_eog: [80.16, 0.0, 77.28, 67.22, 78.22] 
[37mEpoch 0 step 9 with [31mce_loss_combined : 0.450763 [31mce_loss_eeg : 0.921358 [31mce_loss_eog : 0.960791 [31mtotal : 2.332911 [94mAcc_combined: 84.14 [94mAcc_eeg: 79.84 [94mAcc_eog: 76.97 [92mF1_combined: 68.83 [92mF1_eeg: 64.47 [92mF1_eog: 62.77 [92mK_combined: 0.7795 [92mK_eeg: 0.7232 [92mK_eog: 0.6827 [34mF1_perclass_combined: [88.46, 1.65, 84.13, 84.19, 85.71] [34mF1_perclass_eeg: [87.38, 0.11, 79.82, 83.79, 71.24] [34mF1_perclass_eog: [82.08, 0.0, 76.06, 73.81, 81.92] 
[37mEpoch 0 step 10 with [31mce_loss_combined : 0.437676 [31mce_loss_eeg : 0.876751 [31mce_loss_eog : 0.942711 [31mtotal : 2.257138 [94mAcc_combined: 84.77 [94mAcc_eeg: 82.24 [94mAcc_eog: 77.91 [92mF1_combined: 72.62 [92mF1_eeg: 66.80 [92mF1_eog: 62.49 [92mK_combined: 0.7842 [92mK_eeg: 0.7508 [92mK_eog: 0.6869 [34mF1_perclass_combined: [89.8, 20.26, 85.74, 82.19, 85.12] [34mF1_perclass_eeg: [88.19, 2.1, 83.1, 83.93, 76.66] [34mF1_perclass_eog: [81.46, 0.0, 80.24, 76.45, 74.3] 
[37mEpoch 0 step 12 with [31mce_loss_combined : 0.441488 [31mce_loss_eeg : 0.881170 [31mce_loss_eog : 0.928580 [31mtotal : 2.251238 [94mAcc_combined: 84.45 [94mAcc_eeg: 80.08 [94mAcc_eog: 77.19 [92mF1_combined: 71.48 [92mF1_eeg: 65.25 [92mF1_eog: 60.83 [92mK_combined: 0.7808 [92mK_eeg: 0.7207 [92mK_eog: 0.6705 [34mF1_perclass_combined: [89.4, 16.1, 84.96, 85.03, 81.92] [34mF1_perclass_eeg: [88.45, 5.92, 79.88, 81.92, 70.06] [34mF1_perclass_eog: [83.18, 0.0, 79.68, 62.3, 78.99] 
[37mEpoch 0 step 13 with [31mce_loss_combined : 0.437066 [31mce_loss_eeg : 0.852154 [31mce_loss_eog : 0.903761 [31mtotal : 2.192981 [94mAcc_combined: 84.49 [94mAcc_eeg: 81.47 [94mAcc_eog: 77.88 [92mF1_combined: 68.93 [92mF1_eeg: 66.25 [92mF1_eog: 62.00 [92mK_combined: 0.7796 [92mK_eeg: 0.7396 [92mK_eog: 0.6820 [34mF1_perclass_combined: [90.21, 3.16, 85.13, 79.76, 86.38] [34mF1_perclass_eeg: [88.56, 3.15, 82.46, 82.14, 74.93] [34mF1_perclass_eog: [83.28, 0.0, 79.75, 65.23, 81.77] 
[37mEpoch 0 step 14 with [31mce_loss_combined : 0.394571 [31mce_loss_eeg : 0.814280 [31mce_loss_eog : 0.882580 [31mtotal : 2.091431 [94mAcc_combined: 86.37 [94mAcc_eeg: 83.53 [94mAcc_eog: 78.37 [92mF1_combined: 78.16 [92mF1_eeg: 71.87 [92mF1_eog: 63.83 [92mK_combined: 0.8109 [92mK_eeg: 0.7694 [92mK_eog: 0.6914 [34mF1_perclass_combined: [90.43, 41.04, 87.15, 84.89, 87.31] [34mF1_perclass_eeg: [88.65, 23.27, 84.85, 83.68, 78.92] [34mF1_perclass_eog: [81.01, 0.0, 79.37, 75.58, 83.2] 
[37mEpoch 0 step 16 with [31mce_loss_combined : 0.398187 [31mce_loss_eeg : 0.804455 [31mce_loss_eog : 0.848559 [31mtotal : 2.051202 [94mAcc_combined: 86.01 [94mAcc_eeg: 82.39 [94mAcc_eog: 79.60 [92mF1_combined: 76.95 [92mF1_eeg: 70.71 [92mF1_eog: 64.22 [92mK_combined: 0.8039 [92mK_eeg: 0.7530 [92mK_eog: 0.7098 [34mF1_perclass_combined: [90.95, 37.36, 86.98, 82.17, 87.31] [34mF1_perclass_eeg: [88.64, 23.15, 83.87, 80.52, 77.36] [34mF1_perclass_eog: [84.5, 0.0, 80.86, 72.41, 83.32] 
[37mEpoch 0 step 18 with [31mce_loss_combined : 0.399024 [31mce_loss_eeg : 0.784226 [31mce_loss_eog : 0.834633 [31mtotal : 2.017882 [94mAcc_combined: 85.94 [94mAcc_eeg: 82.58 [94mAcc_eog: 79.13 [92mF1_combined: 78.99 [92mF1_eeg: 73.13 [92mF1_eog: 64.40 [92mK_combined: 0.8042 [92mK_eeg: 0.7535 [92mK_eog: 0.7002 [34mF1_perclass_combined: [91.08, 46.92, 87.2, 81.93, 87.82] [34mF1_perclass_eeg: [88.5, 35.87, 84.47, 79.78, 77.01] [34mF1_perclass_eog: [84.58, 2.4, 79.98, 71.17, 83.88] 
[37mEpoch 0 step 19 with [31mce_loss_combined : 0.387992 [31mce_loss_eeg : 0.771018 [31mce_loss_eog : 0.814475 [31mtotal : 1.973485 [94mAcc_combined: 86.34 [94mAcc_eeg: 82.87 [94mAcc_eog: 79.66 [92mF1_combined: 74.58 [92mF1_eeg: 72.05 [92mF1_eog: 64.36 [92mK_combined: 0.8101 [92mK_eeg: 0.7631 [92mK_eog: 0.7109 [34mF1_perclass_combined: [90.58, 22.96, 86.85, 84.95, 87.54] [34mF1_perclass_eeg: [87.71, 26.09, 83.7, 84.12, 78.64] [34mF1_perclass_eog: [84.56, 1.32, 81.16, 71.73, 83.03] 
[37mEpoch 0 step 21 with [31mce_loss_combined : 0.399825 [31mce_loss_eeg : 0.748644 [31mce_loss_eog : 0.802922 [31mtotal : 1.951391 [94mAcc_combined: 86.09 [94mAcc_eeg: 83.04 [94mAcc_eog: 79.02 [92mF1_combined: 77.02 [92mF1_eeg: 72.02 [92mF1_eog: 64.68 [92mK_combined: 0.8044 [92mK_eeg: 0.7619 [92mK_eog: 0.6977 [34mF1_perclass_combined: [90.45, 37.7, 87.41, 84.55, 84.97] [34mF1_perclass_eeg: [86.72, 27.03, 85.41, 84.35, 76.59] [34mF1_perclass_eog: [85.35, 9.19, 80.73, 64.55, 83.58] 
[37mEpoch 0 step 23 with [31mce_loss_combined : 0.416251 [31mce_loss_eeg : 0.720699 [31mce_loss_eog : 0.786241 [31mtotal : 1.923191 [94mAcc_combined: 85.79 [94mAcc_eeg: 83.89 [94mAcc_eog: 80.17 [92mF1_combined: 78.01 [92mF1_eeg: 74.16 [92mF1_eog: 66.83 [92mK_combined: 0.8033 [92mK_eeg: 0.7736 [92mK_eog: 0.7203 [34mF1_perclass_combined: [90.09, 42.49, 86.91, 82.43, 88.12] [34mF1_perclass_eeg: [89.68, 33.72, 84.74, 84.47, 78.16] [34mF1_perclass_eog: [84.61, 8.98, 81.19, 76.47, 82.89] 
[37mEpoch 0 step 24 with [31mce_loss_combined : 0.397462 [31mce_loss_eeg : 0.709969 [31mce_loss_eog : 0.778367 [31mtotal : 1.885798 [94mAcc_combined: 85.91 [94mAcc_eeg: 83.43 [94mAcc_eog: 79.67 [92mF1_combined: 77.93 [92mF1_eeg: 74.74 [92mF1_eog: 67.15 [92mK_combined: 0.8056 [92mK_eeg: 0.7722 [92mK_eog: 0.7184 [34mF1_perclass_combined: [90.78, 40.47, 85.9, 83.92, 88.58] [34mF1_perclass_eeg: [88.9, 36.44, 84.1, 83.44, 80.82] [34mF1_perclass_eog: [86.48, 10.24, 78.38, 75.54, 85.13] 
[37mEpoch 0 step 26 with [31mce_loss_combined : 0.384549 [31mce_loss_eeg : 0.706691 [31mce_loss_eog : 0.750648 [31mtotal : 1.841889 [94mAcc_combined: 86.61 [94mAcc_eeg: 82.95 [94mAcc_eog: 80.38 [92mF1_combined: 78.18 [92mF1_eeg: 73.95 [92mF1_eog: 67.03 [92mK_combined: 0.8123 [92mK_eeg: 0.7588 [92mK_eog: 0.7192 [34mF1_perclass_combined: [90.96, 39.46, 87.44, 85.26, 87.75] [34mF1_perclass_eeg: [88.71, 37.16, 84.32, 83.27, 76.28] [34mF1_perclass_eog: [85.64, 9.25, 80.98, 75.89, 83.39] 
[37mEpoch 0 step 27 with [31mce_loss_combined : 0.398870 [31mce_loss_eeg : 0.678556 [31mce_loss_eog : 0.724291 [31mtotal : 1.801717 [94mAcc_combined: 86.46 [94mAcc_eeg: 84.36 [94mAcc_eog: 81.78 [92mF1_combined: 79.11 [92mF1_eeg: 76.14 [92mF1_eog: 70.47 [92mK_combined: 0.8145 [92mK_eeg: 0.7847 [92mK_eog: 0.7451 [34mF1_perclass_combined: [91.63, 45.16, 86.48, 84.34, 87.95] [34mF1_perclass_eeg: [89.18, 39.93, 85.01, 84.07, 82.49] [34mF1_perclass_eog: [87.2, 20.07, 82.01, 77.0, 86.09] 
[37mEpoch 1 step 29 with [31mce_loss_combined : 0.367457 [31mce_loss_eeg : 0.663572 [31mce_loss_eog : 0.742152 [31mtotal : 1.773182 [94mAcc_combined: 87.29 [94mAcc_eeg: 84.61 [94mAcc_eog: 79.06 [92mF1_combined: 75.02 [92mF1_eeg: 73.65 [92mF1_eog: 64.88 [92mK_combined: 0.8216 [92mK_eeg: 0.7856 [92mK_eog: 0.6981 [34mF1_perclass_combined: [91.78, 21.61, 87.88, 85.52, 88.29] [34mF1_perclass_eeg: [89.65, 27.11, 85.72, 85.04, 80.74] [34mF1_perclass_eog: [84.66, 8.13, 80.47, 66.73, 84.41] 
[37mEpoch 1 step 31 with [31mce_loss_combined : 0.364413 [31mce_loss_eeg : 0.640179 [31mce_loss_eog : 0.694777 [31mtotal : 1.699369 [94mAcc_combined: 87.16 [94mAcc_eeg: 84.73 [94mAcc_eog: 81.63 [92mF1_combined: 77.43 [92mF1_eeg: 74.63 [92mF1_eog: 68.32 [92mK_combined: 0.8197 [92mK_eeg: 0.7857 [92mK_eog: 0.7398 [34mF1_perclass_combined: [92.01, 34.94, 87.76, 84.26, 88.19] [34mF1_perclass_eeg: [89.26, 31.84, 85.92, 83.84, 82.31] [34mF1_perclass_eog: [86.96, 11.26, 82.4, 75.8, 85.17] 
[37mEpoch 1 step 32 with [31mce_loss_combined : 0.367422 [31mce_loss_eeg : 0.636408 [31mce_loss_eog : 0.692644 [31mtotal : 1.696473 [94mAcc_combined: 86.76 [94mAcc_eeg: 84.59 [94mAcc_eog: 82.22 [92mF1_combined: 76.99 [92mF1_eeg: 74.93 [92mF1_eog: 68.58 [92mK_combined: 0.8163 [92mK_eeg: 0.7874 [92mK_eog: 0.7495 [34mF1_perclass_combined: [92.49, 33.05, 86.46, 84.5, 88.44] [34mF1_perclass_eeg: [90.07, 33.1, 84.92, 84.3, 82.24] [34mF1_perclass_eog: [87.38, 9.48, 82.78, 77.73, 85.53] 
[37mEpoch 1 step 33 with [31mce_loss_combined : 0.363140 [31mce_loss_eeg : 0.623868 [31mce_loss_eog : 0.698538 [31mtotal : 1.685546 [94mAcc_combined: 87.06 [94mAcc_eeg: 84.82 [94mAcc_eog: 81.34 [92mF1_combined: 78.71 [92mF1_eeg: 76.21 [92mF1_eog: 68.80 [92mK_combined: 0.8207 [92mK_eeg: 0.7904 [92mK_eog: 0.7370 [34mF1_perclass_combined: [91.25, 41.02, 87.43, 85.5, 88.36] [34mF1_perclass_eeg: [89.71, 38.47, 85.23, 85.07, 82.58] [34mF1_perclass_eog: [86.18, 15.02, 82.27, 75.49, 85.07] 
[37mEpoch 1 step 36 with [31mce_loss_combined : 0.356298 [31mce_loss_eeg : 0.605187 [31mce_loss_eog : 0.663041 [31mtotal : 1.624526 [94mAcc_combined: 87.63 [94mAcc_eeg: 85.12 [94mAcc_eog: 82.16 [92mF1_combined: 79.99 [92mF1_eeg: 76.78 [92mF1_eog: 70.71 [92mK_combined: 0.8283 [92mK_eeg: 0.7921 [92mK_eog: 0.7499 [34mF1_perclass_combined: [92.33, 45.52, 88.03, 85.36, 88.7] [34mF1_perclass_eeg: [89.7, 40.77, 86.31, 84.06, 83.07] [34mF1_perclass_eog: [87.68, 19.78, 82.36, 77.92, 85.8] 
[37mEpoch 1 step 40 with [31mce_loss_combined : 0.347033 [31mce_loss_eeg : 0.587743 [31mce_loss_eog : 0.635837 [31mtotal : 1.570613 [94mAcc_combined: 87.59 [94mAcc_eeg: 85.30 [94mAcc_eog: 82.49 [92mF1_combined: 80.86 [92mF1_eeg: 77.43 [92mF1_eog: 70.46 [92mK_combined: 0.8281 [92mK_eeg: 0.7976 [92mK_eog: 0.7529 [34mF1_perclass_combined: [92.38, 49.15, 87.85, 86.0, 88.91] [34mF1_perclass_eeg: [90.43, 42.26, 85.91, 85.75, 82.81] [34mF1_perclass_eog: [88.43, 17.9, 82.86, 78.31, 84.81] 
[37mEpoch 1 step 44 with [31mce_loss_combined : 0.343172 [31mce_loss_eeg : 0.580520 [31mce_loss_eog : 0.621527 [31mtotal : 1.545220 [94mAcc_combined: 87.89 [94mAcc_eeg: 84.52 [94mAcc_eog: 82.52 [92mF1_combined: 79.85 [92mF1_eeg: 75.10 [92mF1_eog: 69.88 [92mK_combined: 0.8315 [92mK_eeg: 0.7859 [92mK_eog: 0.7540 [34mF1_perclass_combined: [92.81, 43.79, 88.24, 85.5, 88.89] [34mF1_perclass_eeg: [90.29, 34.49, 85.21, 84.83, 80.66] [34mF1_perclass_eog: [88.29, 14.73, 82.73, 77.37, 86.26] 
[37mEpoch 1 step 48 with [31mce_loss_combined : 0.353244 [31mce_loss_eeg : 0.561741 [31mce_loss_eog : 0.605651 [31mtotal : 1.520635 [94mAcc_combined: 87.57 [94mAcc_eeg: 84.78 [94mAcc_eog: 82.40 [92mF1_combined: 78.39 [92mF1_eeg: 74.82 [92mF1_eog: 70.62 [92mK_combined: 0.8274 [92mK_eeg: 0.7885 [92mK_eog: 0.7517 [34mF1_perclass_combined: [92.08, 37.36, 87.9, 85.41, 89.19] [34mF1_perclass_eeg: [88.75, 32.11, 85.92, 84.82, 82.48] [34mF1_perclass_eog: [87.83, 20.82, 83.34, 74.92, 86.21] 
[37mEpoch 1 step 52 with [31mce_loss_combined : 0.356491 [31mce_loss_eeg : 0.539621 [31mce_loss_eog : 0.586988 [31mtotal : 1.483100 [94mAcc_combined: 87.43 [94mAcc_eeg: 84.97 [94mAcc_eog: 82.93 [92mF1_combined: 78.81 [92mF1_eeg: 76.04 [92mF1_eog: 71.42 [92mK_combined: 0.8254 [92mK_eeg: 0.7893 [92mK_eog: 0.7633 [34mF1_perclass_combined: [92.33, 40.19, 87.64, 85.25, 88.62] [34mF1_perclass_eeg: [89.87, 37.77, 85.92, 84.55, 82.06] [34mF1_perclass_eog: [89.01, 20.1, 82.68, 78.59, 86.73] 
[37mEpoch 1 step 55 with [31mce_loss_combined : 0.335167 [31mce_loss_eeg : 0.539910 [31mce_loss_eog : 0.581220 [31mtotal : 1.456297 [94mAcc_combined: 88.12 [94mAcc_eeg: 84.90 [94mAcc_eog: 82.56 [92mF1_combined: 80.90 [92mF1_eeg: 76.90 [92mF1_eog: 71.70 [92mK_combined: 0.8353 [92mK_eeg: 0.7914 [92mK_eog: 0.7564 [34mF1_perclass_combined: [92.69, 47.49, 88.57, 86.21, 89.53] [34mF1_perclass_eeg: [89.39, 41.87, 85.83, 85.68, 81.7] [34mF1_perclass_eog: [88.65, 22.56, 82.51, 78.09, 86.69] 
[37mEpoch 2 step 57 with [31mce_loss_combined : 0.330408 [31mce_loss_eeg : 0.506013 [31mce_loss_eog : 0.574035 [31mtotal : 1.410457 [94mAcc_combined: 88.19 [94mAcc_eeg: 86.25 [94mAcc_eog: 82.61 [92mF1_combined: 80.11 [92mF1_eeg: 77.83 [92mF1_eog: 70.73 [92mK_combined: 0.8357 [92mK_eeg: 0.8087 [92mK_eog: 0.7544 [34mF1_perclass_combined: [92.85, 43.37, 88.51, 86.26, 89.54] [34mF1_perclass_eeg: [90.89, 40.81, 86.97, 86.09, 84.42] [34mF1_perclass_eog: [88.49, 19.89, 83.25, 75.1, 86.9] 
[37mEpoch 2 step 59 with [31mce_loss_combined : 0.326445 [31mce_loss_eeg : 0.497278 [31mce_loss_eog : 0.562261 [31mtotal : 1.385984 [94mAcc_combined: 88.37 [94mAcc_eeg: 86.37 [94mAcc_eog: 83.31 [92mF1_combined: 80.99 [92mF1_eeg: 78.11 [92mF1_eog: 72.44 [92mK_combined: 0.8378 [92mK_eeg: 0.8098 [92mK_eog: 0.7658 [34mF1_perclass_combined: [93.18, 47.59, 88.72, 85.7, 89.76] [34mF1_perclass_eeg: [91.24, 42.0, 87.04, 85.36, 84.91] [34mF1_perclass_eog: [89.11, 25.11, 83.88, 76.92, 87.15] 
[37mEpoch 2 step 60 with [31mce_loss_combined : 0.325528 [31mce_loss_eeg : 0.494987 [31mce_loss_eog : 0.556860 [31mtotal : 1.377375 [94mAcc_combined: 88.46 [94mAcc_eeg: 86.43 [94mAcc_eog: 83.23 [92mF1_combined: 80.95 [92mF1_eeg: 78.32 [92mF1_eog: 72.04 [92mK_combined: 0.8394 [92mK_eeg: 0.8112 [92mK_eog: 0.7641 [34mF1_perclass_combined: [93.31, 46.91, 88.69, 86.1, 89.73] [34mF1_perclass_eeg: [91.2, 42.55, 87.09, 85.74, 84.98] [34mF1_perclass_eog: [89.74, 24.98, 83.86, 74.55, 87.07] 
[37mEpoch 2 step 64 with [31mce_loss_combined : 0.323975 [31mce_loss_eeg : 0.490499 [31mce_loss_eog : 0.552074 [31mtotal : 1.366548 [94mAcc_combined: 88.42 [94mAcc_eeg: 86.37 [94mAcc_eog: 83.15 [92mF1_combined: 80.62 [92mF1_eeg: 77.85 [92mF1_eog: 71.46 [92mK_combined: 0.8385 [92mK_eeg: 0.8098 [92mK_eog: 0.7625 [34mF1_perclass_combined: [93.18, 45.66, 88.73, 85.75, 89.79] [34mF1_perclass_eeg: [90.88, 40.74, 87.17, 84.96, 85.48] [34mF1_perclass_eog: [89.24, 20.9, 83.57, 76.51, 87.08] 
[37mEpoch 2 step 65 with [31mce_loss_combined : 0.321764 [31mce_loss_eeg : 0.488849 [31mce_loss_eog : 0.548571 [31mtotal : 1.359184 [94mAcc_combined: 88.41 [94mAcc_eeg: 86.54 [94mAcc_eog: 83.36 [92mF1_combined: 80.02 [92mF1_eeg: 77.44 [92mF1_eog: 71.61 [92mK_combined: 0.8385 [92mK_eeg: 0.8126 [92mK_eog: 0.7665 [34mF1_perclass_combined: [93.39, 42.31, 88.48, 86.09, 89.83] [34mF1_perclass_eeg: [91.12, 37.57, 87.07, 85.86, 85.6] [34mF1_perclass_eog: [89.49, 20.22, 83.52, 77.39, 87.43] 
[37mEpoch 2 step 72 with [31mce_loss_combined : 0.329488 [31mce_loss_eeg : 0.480451 [31mce_loss_eog : 0.538881 [31mtotal : 1.348820 [94mAcc_combined: 88.28 [94mAcc_eeg: 86.42 [94mAcc_eog: 83.42 [92mF1_combined: 80.70 [92mF1_eeg: 77.93 [92mF1_eog: 72.12 [92mK_combined: 0.8362 [92mK_eeg: 0.8098 [92mK_eog: 0.7667 [34mF1_perclass_combined: [93.2, 47.17, 88.75, 84.71, 89.69] [34mF1_perclass_eeg: [91.21, 41.34, 87.29, 84.39, 85.43] [34mF1_perclass_eog: [89.67, 23.29, 83.85, 77.0, 86.79] 
[37mEpoch 2 step 73 with [31mce_loss_combined : 0.324342 [31mce_loss_eeg : 0.477712 [31mce_loss_eog : 0.534632 [31mtotal : 1.336686 [94mAcc_combined: 88.60 [94mAcc_eeg: 86.64 [94mAcc_eog: 83.55 [92mF1_combined: 81.16 [92mF1_eeg: 78.64 [92mF1_eog: 72.66 [92mK_combined: 0.8412 [92mK_eeg: 0.8138 [92mK_eog: 0.7691 [34mF1_perclass_combined: [93.27, 47.88, 89.08, 85.94, 89.62] [34mF1_perclass_eeg: [91.16, 43.63, 87.45, 85.71, 85.23] [34mF1_perclass_eog: [89.72, 25.23, 83.95, 77.53, 86.87] 
[37mEpoch 2 step 74 with [31mce_loss_combined : 0.323838 [31mce_loss_eeg : 0.479708 [31mce_loss_eog : 0.532311 [31mtotal : 1.335856 [94mAcc_combined: 88.55 [94mAcc_eeg: 86.53 [94mAcc_eog: 83.64 [92mF1_combined: 81.41 [92mF1_eeg: 78.78 [92mF1_eog: 72.58 [92mK_combined: 0.8411 [92mK_eeg: 0.8131 [92mK_eog: 0.7708 [34mF1_perclass_combined: [93.24, 49.06, 88.85, 86.2, 89.7] [34mF1_perclass_eeg: [90.98, 44.54, 87.21, 85.95, 85.25] [34mF1_perclass_eog: [89.76, 23.96, 83.84, 77.95, 87.41] 
[37mEpoch 2 step 75 with [31mce_loss_combined : 0.319282 [31mce_loss_eeg : 0.474527 [31mce_loss_eog : 0.533510 [31mtotal : 1.327319 [94mAcc_combined: 88.70 [94mAcc_eeg: 86.72 [94mAcc_eog: 83.40 [92mF1_combined: 81.60 [92mF1_eeg: 79.06 [92mF1_eog: 72.48 [92mK_combined: 0.8431 [92mK_eeg: 0.8157 [92mK_eog: 0.7662 [34mF1_perclass_combined: [93.45, 49.39, 88.95, 86.25, 89.95] [34mF1_perclass_eeg: [91.26, 45.11, 87.35, 86.15, 85.43] [34mF1_perclass_eog: [89.83, 25.88, 83.83, 75.23, 87.61] 
[37mEpoch 3 step 85 with [31mce_loss_combined : 0.325984 [31mce_loss_eeg : 0.457672 [31mce_loss_eog : 0.533171 [31mtotal : 1.316826 [94mAcc_combined: 88.63 [94mAcc_eeg: 86.76 [94mAcc_eog: 82.87 [92mF1_combined: 80.92 [92mF1_eeg: 79.18 [92mF1_eog: 72.92 [92mK_combined: 0.8416 [92mK_eeg: 0.8161 [92mK_eog: 0.7585 [34mF1_perclass_combined: [93.38, 46.06, 88.87, 86.36, 89.94] [34mF1_perclass_eeg: [91.3, 45.31, 87.41, 86.26, 85.65] [34mF1_perclass_eog: [89.34, 29.35, 83.37, 75.25, 87.3] 
[37mEpoch 3 step 87 with [31mce_loss_combined : 0.328263 [31mce_loss_eeg : 0.468265 [31mce_loss_eog : 0.513200 [31mtotal : 1.309728 [94mAcc_combined: 88.18 [94mAcc_eeg: 86.12 [94mAcc_eog: 83.79 [92mF1_combined: 79.54 [92mF1_eeg: 77.24 [92mF1_eog: 71.23 [92mK_combined: 0.8341 [92mK_eeg: 0.8048 [92mK_eog: 0.7712 [34mF1_perclass_combined: [93.3, 41.72, 88.54, 84.34, 89.81] [34mF1_perclass_eeg: [90.97, 39.37, 87.03, 83.39, 85.44] [34mF1_perclass_eog: [90.52, 18.21, 84.24, 75.73, 87.46] 
[37mEpoch 3 step 88 with [31mce_loss_combined : 0.323314 [31mce_loss_eeg : 0.456953 [31mce_loss_eog : 0.526324 [31mtotal : 1.306591 [94mAcc_combined: 88.51 [94mAcc_eeg: 86.82 [94mAcc_eog: 82.86 [92mF1_combined: 80.73 [92mF1_eeg: 78.63 [92mF1_eog: 71.19 [92mK_combined: 0.8395 [92mK_eeg: 0.8156 [92mK_eog: 0.7569 [34mF1_perclass_combined: [93.3, 45.77, 88.85, 86.23, 89.51] [34mF1_perclass_eeg: [91.59, 42.4, 87.34, 86.16, 85.68] [34mF1_perclass_eog: [90.07, 23.53, 83.58, 71.78, 87.01] 
[37mEpoch 3 step 90 with [31mce_loss_combined : 0.319959 [31mce_loss_eeg : 0.456457 [31mce_loss_eog : 0.511271 [31mtotal : 1.287687 [94mAcc_combined: 88.42 [94mAcc_eeg: 86.63 [94mAcc_eog: 83.78 [92mF1_combined: 80.04 [92mF1_eeg: 77.63 [92mF1_eog: 71.88 [92mK_combined: 0.8379 [92mK_eeg: 0.8125 [92mK_eog: 0.7715 [34mF1_perclass_combined: [93.31, 42.95, 88.72, 85.43, 89.8] [34mF1_perclass_eeg: [91.45, 38.6, 87.25, 84.84, 86.04] [34mF1_perclass_eog: [90.23, 20.92, 84.12, 76.32, 87.79] 
[37mEpoch 3 step 91 with [31mce_loss_combined : 0.314593 [31mce_loss_eeg : 0.450409 [31mce_loss_eog : 0.512003 [31mtotal : 1.277005 [94mAcc_combined: 88.56 [94mAcc_eeg: 86.99 [94mAcc_eog: 83.81 [92mF1_combined: 80.62 [92mF1_eeg: 78.43 [92mF1_eog: 72.28 [92mK_combined: 0.8409 [92mK_eeg: 0.8193 [92mK_eog: 0.7721 [34mF1_perclass_combined: [93.43, 44.83, 88.66, 86.35, 89.85] [34mF1_perclass_eeg: [91.6, 40.65, 87.47, 86.31, 86.13] [34mF1_perclass_eog: [90.38, 22.99, 84.18, 76.26, 87.59] 
[37mEpoch 3 step 92 with [31mce_loss_combined : 0.316700 [31mce_loss_eeg : 0.450766 [31mce_loss_eog : 0.508818 [31mtotal : 1.276284 [94mAcc_combined: 88.54 [94mAcc_eeg: 86.96 [94mAcc_eog: 83.81 [92mF1_combined: 80.14 [92mF1_eeg: 77.84 [92mF1_eog: 72.39 [92mK_combined: 0.8400 [92mK_eeg: 0.8179 [92mK_eog: 0.7721 [34mF1_perclass_combined: [93.5, 42.55, 88.67, 86.19, 89.79] [34mF1_perclass_eeg: [91.62, 37.84, 87.46, 86.07, 86.21] [34mF1_perclass_eog: [90.53, 23.05, 84.03, 76.76, 87.56] 
[37mEpoch 3 step 93 with [31mce_loss_combined : 0.314794 [31mce_loss_eeg : 0.449212 [31mce_loss_eog : 0.507670 [31mtotal : 1.271676 [94mAcc_combined: 88.73 [94mAcc_eeg: 87.05 [94mAcc_eog: 83.85 [92mF1_combined: 80.85 [92mF1_eeg: 78.59 [92mF1_eog: 73.02 [92mK_combined: 0.8429 [92mK_eeg: 0.8193 [92mK_eog: 0.7739 [34mF1_perclass_combined: [93.57, 45.29, 88.91, 86.33, 90.12] [34mF1_perclass_eeg: [91.59, 41.23, 87.56, 86.25, 86.32] [34mF1_perclass_eog: [90.21, 25.71, 84.06, 77.45, 87.68] 
[37mEpoch 3 step 94 with [31mce_loss_combined : 0.313593 [31mce_loss_eeg : 0.449870 [31mce_loss_eog : 0.504317 [31mtotal : 1.267780 [94mAcc_combined: 88.75 [94mAcc_eeg: 87.02 [94mAcc_eog: 83.94 [92mF1_combined: 80.91 [92mF1_eeg: 78.58 [92mF1_eog: 72.71 [92mK_combined: 0.8430 [92mK_eeg: 0.8189 [92mK_eog: 0.7743 [34mF1_perclass_combined: [93.61, 45.53, 88.95, 86.29, 90.18] [34mF1_perclass_eeg: [91.61, 41.29, 87.56, 86.15, 86.28] [34mF1_perclass_eog: [90.62, 23.66, 84.06, 77.26, 87.95] 
[37mEpoch 4 step 112 with [31mce_loss_combined : 0.321001 [31mce_loss_eeg : 0.437762 [31mce_loss_eog : 0.499083 [31mtotal : 1.257847 [94mAcc_combined: 88.66 [94mAcc_eeg: 86.99 [94mAcc_eog: 83.72 [92mF1_combined: 79.97 [92mF1_eeg: 78.06 [92mF1_eog: 72.17 [92mK_combined: 0.8419 [92mK_eeg: 0.8188 [92mK_eog: 0.7712 [34mF1_perclass_combined: [93.4, 41.22, 88.93, 86.47, 89.84] [34mF1_perclass_eeg: [91.48, 38.76, 87.52, 86.2, 86.35] [34mF1_perclass_eog: [89.94, 22.36, 84.12, 77.28, 87.13] 
[37mEpoch 4 step 117 with [31mce_loss_combined : 0.324207 [31mce_loss_eeg : 0.437149 [31mce_loss_eog : 0.489940 [31mtotal : 1.251296 [94mAcc_combined: 88.18 [94mAcc_eeg: 86.74 [94mAcc_eog: 83.93 [92mF1_combined: 79.67 [92mF1_eeg: 77.76 [92mF1_eog: 72.04 [92mK_combined: 0.8356 [92mK_eeg: 0.8158 [92mK_eog: 0.7744 [34mF1_perclass_combined: [93.29, 41.48, 88.19, 85.62, 89.78] [34mF1_perclass_eeg: [91.53, 37.92, 87.0, 85.84, 86.49] [34mF1_perclass_eog: [90.27, 20.67, 84.16, 77.17, 87.93] 
[37mEpoch 4 step 122 with [31mce_loss_combined : 0.313071 [31mce_loss_eeg : 0.438945 [31mce_loss_eog : 0.487837 [31mtotal : 1.239853 [94mAcc_combined: 88.60 [94mAcc_eeg: 86.70 [94mAcc_eog: 83.87 [92mF1_combined: 81.00 [92mF1_eeg: 78.59 [92mF1_eog: 73.35 [92mK_combined: 0.8415 [92mK_eeg: 0.8163 [92mK_eog: 0.7723 [34mF1_perclass_combined: [93.32, 46.36, 88.87, 86.45, 90.01] [34mF1_perclass_eeg: [91.47, 42.7, 87.1, 86.37, 85.3] [34mF1_perclass_eog: [90.52, 28.25, 84.34, 75.8, 87.82] 
[37mEpoch 4 step 124 with [31mce_loss_combined : 0.317045 [31mce_loss_eeg : 0.431075 [31mce_loss_eog : 0.480684 [31mtotal : 1.228803 [94mAcc_combined: 88.75 [94mAcc_eeg: 87.04 [94mAcc_eog: 84.18 [92mF1_combined: 81.26 [92mF1_eeg: 78.84 [92mF1_eog: 72.88 [92mK_combined: 0.8434 [92mK_eeg: 0.8194 [92mK_eog: 0.7778 [34mF1_perclass_combined: [93.17, 47.43, 89.1, 86.51, 90.1] [34mF1_perclass_eeg: [91.16, 42.77, 87.84, 86.0, 86.43] [34mF1_perclass_eog: [90.53, 23.87, 84.52, 78.01, 87.47] 
[37mEpoch 4 step 125 with [31mce_loss_combined : 0.316784 [31mce_loss_eeg : 0.429318 [31mce_loss_eog : 0.481627 [31mtotal : 1.227729 [94mAcc_combined: 88.70 [94mAcc_eeg: 87.05 [94mAcc_eog: 84.15 [92mF1_combined: 81.65 [92mF1_eeg: 79.44 [92mF1_eog: 73.79 [92mK_combined: 0.8434 [92mK_eeg: 0.8204 [92mK_eog: 0.7785 [34mF1_perclass_combined: [93.41, 49.4, 88.93, 86.65, 89.87] [34mF1_perclass_eeg: [91.31, 45.52, 87.72, 86.46, 86.16] [34mF1_perclass_eog: [90.46, 28.21, 84.47, 78.59, 87.25] 
[37mEpoch 4 step 126 with [31mce_loss_combined : 0.314404 [31mce_loss_eeg : 0.428956 [31mce_loss_eog : 0.481484 [31mtotal : 1.224845 [94mAcc_combined: 88.78 [94mAcc_eeg: 87.08 [94mAcc_eog: 84.21 [92mF1_combined: 80.70 [92mF1_eeg: 78.68 [92mF1_eog: 72.56 [92mK_combined: 0.8436 [92mK_eeg: 0.8200 [92mK_eog: 0.7784 [34mF1_perclass_combined: [93.59, 44.21, 88.98, 86.5, 90.23] [34mF1_perclass_eeg: [91.44, 41.71, 87.76, 86.38, 86.12] [34mF1_perclass_eog: [90.81, 21.9, 84.32, 77.85, 87.93] 
[37mEpoch 4 step 127 with [31mce_loss_combined : 0.312288 [31mce_loss_eeg : 0.426494 [31mce_loss_eog : 0.479187 [31mtotal : 1.217970 [94mAcc_combined: 88.72 [94mAcc_eeg: 87.17 [94mAcc_eog: 84.23 [92mF1_combined: 80.70 [92mF1_eeg: 78.96 [92mF1_eog: 72.34 [92mK_combined: 0.8428 [92mK_eeg: 0.8215 [92mK_eog: 0.7780 [34mF1_perclass_combined: [93.59, 44.55, 88.97, 86.23, 90.14] [34mF1_perclass_eeg: [91.77, 42.71, 87.67, 86.11, 86.56] [34mF1_perclass_eog: [90.9, 21.05, 84.4, 77.35, 88.01] 
[37mEpoch 4 step 130 with [31mce_loss_combined : 0.310898 [31mce_loss_eeg : 0.423718 [31mce_loss_eog : 0.481932 [31mtotal : 1.216548 [94mAcc_combined: 88.84 [94mAcc_eeg: 87.30 [94mAcc_eog: 83.88 [92mF1_combined: 81.75 [92mF1_eeg: 79.79 [92mF1_eog: 73.22 [92mK_combined: 0.8452 [92mK_eeg: 0.8242 [92mK_eog: 0.7725 [34mF1_perclass_combined: [93.65, 49.54, 89.01, 86.42, 90.15] [34mF1_perclass_eeg: [91.78, 46.18, 87.74, 86.61, 86.65] [34mF1_perclass_eog: [90.96, 28.5, 84.32, 74.15, 88.16] 
[37mEpoch 4 step 133 with [31mce_loss_combined : 0.309114 [31mce_loss_eeg : 0.421364 [31mce_loss_eog : 0.485671 [31mtotal : 1.216149 [94mAcc_combined: 88.91 [94mAcc_eeg: 87.39 [94mAcc_eog: 83.68 [92mF1_combined: 81.48 [92mF1_eeg: 79.69 [92mF1_eog: 72.95 [92mK_combined: 0.8457 [92mK_eeg: 0.8247 [92mK_eog: 0.7692 [34mF1_perclass_combined: [93.71, 47.82, 89.15, 86.43, 90.31] [34mF1_perclass_eeg: [91.92, 45.37, 87.91, 86.58, 86.7] [34mF1_perclass_eog: [91.09, 28.76, 84.22, 72.36, 88.31] 
[37mEpoch 4 step 134 with [31mce_loss_combined : 0.308785 [31mce_loss_eeg : 0.420886 [31mce_loss_eog : 0.481375 [31mtotal : 1.211046 [94mAcc_combined: 88.92 [94mAcc_eeg: 87.36 [94mAcc_eog: 83.91 [92mF1_combined: 81.57 [92mF1_eeg: 79.69 [92mF1_eog: 73.19 [92mK_combined: 0.8458 [92mK_eeg: 0.8241 [92mK_eog: 0.7728 [34mF1_perclass_combined: [93.7, 48.34, 89.17, 86.29, 90.32] [34mF1_perclass_eeg: [91.81, 45.6, 87.96, 86.4, 86.66] [34mF1_perclass_eog: [91.09, 28.41, 84.39, 73.75, 88.31] 
[37mEpoch 4 step 135 with [31mce_loss_combined : 0.307986 [31mce_loss_eeg : 0.420631 [31mce_loss_eog : 0.477594 [31mtotal : 1.206211 [94mAcc_combined: 88.92 [94mAcc_eeg: 87.35 [94mAcc_eog: 84.11 [92mF1_combined: 81.59 [92mF1_eeg: 79.73 [92mF1_eog: 73.47 [92mK_combined: 0.8460 [92mK_eeg: 0.8241 [92mK_eog: 0.7761 [34mF1_perclass_combined: [93.67, 48.27, 89.12, 86.5, 90.4] [34mF1_perclass_eeg: [91.81, 45.78, 87.88, 86.55, 86.6] [34mF1_perclass_eog: [91.08, 28.28, 84.54, 75.17, 88.3] 
[37mEpoch 4 step 136 with [31mce_loss_combined : 0.307818 [31mce_loss_eeg : 0.420560 [31mce_loss_eog : 0.476127 [31mtotal : 1.204505 [94mAcc_combined: 88.93 [94mAcc_eeg: 87.36 [94mAcc_eog: 84.22 [92mF1_combined: 81.62 [92mF1_eeg: 79.72 [92mF1_eog: 73.66 [92mK_combined: 0.8462 [92mK_eeg: 0.8243 [92mK_eog: 0.7779 [34mF1_perclass_combined: [93.65, 48.38, 89.13, 86.53, 90.4] [34mF1_perclass_eeg: [91.78, 45.7, 87.88, 86.6, 86.65] [34mF1_perclass_eog: [91.06, 28.49, 84.6, 75.87, 88.29] 
[37mEpoch 6 step 177 with [31mce_loss_combined : 0.311080 [31mce_loss_eeg : 0.412563 [31mce_loss_eog : 0.461189 [31mtotal : 1.184831 [94mAcc_combined: 88.85 [94mAcc_eeg: 87.30 [94mAcc_eog: 84.50 [92mF1_combined: 81.75 [92mF1_eeg: 79.77 [92mF1_eog: 74.24 [92mK_combined: 0.8454 [92mK_eeg: 0.8241 [92mK_eog: 0.7837 [34mF1_perclass_combined: [93.6, 49.23, 89.15, 86.59, 90.18] [34mF1_perclass_eeg: [91.88, 46.07, 87.75, 86.41, 86.74] [34mF1_perclass_eog: [90.83, 28.85, 84.53, 78.93, 88.08] 
[37mEpoch 6 step 191 with [31mce_loss_combined : 0.312107 [31mce_loss_eeg : 0.403514 [31mce_loss_eog : 0.463386 [31mtotal : 1.179007 [94mAcc_combined: 88.80 [94mAcc_eeg: 87.23 [94mAcc_eog: 84.24 [92mF1_combined: 81.18 [92mF1_eeg: 79.02 [92mF1_eog: 73.77 [92mK_combined: 0.8446 [92mK_eeg: 0.8227 [92mK_eog: 0.7805 [34mF1_perclass_combined: [93.18, 46.48, 89.08, 86.63, 90.52] [34mF1_perclass_eeg: [91.36, 42.17, 87.69, 86.62, 87.24] [34mF1_perclass_eog: [90.59, 27.1, 84.14, 78.84, 88.16] 
[37mEpoch 7 step 194 with [31mce_loss_combined : 0.310355 [31mce_loss_eeg : 0.398842 [31mce_loss_eog : 0.461762 [31mtotal : 1.170959 [94mAcc_combined: 88.91 [94mAcc_eeg: 87.43 [94mAcc_eog: 84.30 [92mF1_combined: 81.39 [92mF1_eeg: 79.77 [92mF1_eog: 73.53 [92mK_combined: 0.8454 [92mK_eeg: 0.8252 [92mK_eog: 0.7792 [34mF1_perclass_combined: [93.66, 47.55, 89.3, 86.22, 90.22] [34mF1_perclass_eeg: [92.05, 45.63, 87.93, 86.21, 87.04] [34mF1_perclass_eog: [90.94, 27.04, 84.64, 76.9, 88.11] 
[37mEpoch 7 step 195 with [31mce_loss_combined : 0.308714 [31mce_loss_eeg : 0.394802 [31mce_loss_eog : 0.457478 [31mtotal : 1.160995 [94mAcc_combined: 88.98 [94mAcc_eeg: 87.57 [94mAcc_eog: 84.50 [92mF1_combined: 81.42 [92mF1_eeg: 79.74 [92mF1_eog: 73.99 [92mK_combined: 0.8470 [92mK_eeg: 0.8275 [92mK_eog: 0.7823 [34mF1_perclass_combined: [93.76, 47.07, 89.18, 86.75, 90.36] [34mF1_perclass_eeg: [92.06, 44.57, 87.9, 86.79, 87.39] [34mF1_perclass_eog: [91.12, 28.16, 84.69, 77.72, 88.23] 
[37mEpoch 7 step 207 with [31mce_loss_combined : 0.305548 [31mce_loss_eeg : 0.395176 [31mce_loss_eog : 0.453702 [31mtotal : 1.154426 [94mAcc_combined: 89.04 [94mAcc_eeg: 87.61 [94mAcc_eog: 84.50 [92mF1_combined: 81.64 [92mF1_eeg: 79.84 [92mF1_eog: 73.79 [92mK_combined: 0.8474 [92mK_eeg: 0.8275 [92mK_eog: 0.7820 [34mF1_perclass_combined: [93.8, 48.29, 89.34, 86.55, 90.2] [34mF1_perclass_eeg: [92.04, 45.19, 88.07, 86.49, 87.4] [34mF1_perclass_eog: [91.35, 27.64, 84.72, 76.7, 88.55] 
[37mEpoch 7 step 208 with [31mce_loss_combined : 0.306166 [31mce_loss_eeg : 0.396682 [31mce_loss_eog : 0.450171 [31mtotal : 1.153019 [94mAcc_combined: 89.06 [94mAcc_eeg: 87.65 [94mAcc_eog: 84.68 [92mF1_combined: 81.87 [92mF1_eeg: 80.11 [92mF1_eog: 74.22 [92mK_combined: 0.8482 [92mK_eeg: 0.8288 [92mK_eog: 0.7852 [34mF1_perclass_combined: [93.83, 49.26, 89.29, 86.72, 90.28] [34mF1_perclass_eeg: [92.06, 46.24, 88.05, 86.79, 87.43] [34mF1_perclass_eog: [91.36, 28.62, 84.85, 77.68, 88.57] 
[37mEpoch 7 step 209 with [31mce_loss_combined : 0.305959 [31mce_loss_eeg : 0.395018 [31mce_loss_eog : 0.451115 [31mtotal : 1.152093 [94mAcc_combined: 88.98 [94mAcc_eeg: 87.60 [94mAcc_eog: 84.74 [92mF1_combined: 81.12 [92mF1_eeg: 79.61 [92mF1_eog: 73.74 [92mK_combined: 0.8467 [92mK_eeg: 0.8278 [92mK_eog: 0.7860 [34mF1_perclass_combined: [93.85, 45.57, 89.16, 86.83, 90.17] [34mF1_perclass_eeg: [92.05, 43.73, 87.95, 86.88, 87.43] [34mF1_perclass_eog: [91.41, 25.55, 84.73, 78.4, 88.63] 
[37mEpoch 7 step 210 with [31mce_loss_combined : 0.306089 [31mce_loss_eeg : 0.396009 [31mce_loss_eog : 0.449949 [31mtotal : 1.152047 [94mAcc_combined: 88.98 [94mAcc_eeg: 87.50 [94mAcc_eog: 84.75 [92mF1_combined: 81.20 [92mF1_eeg: 79.42 [92mF1_eog: 73.72 [92mK_combined: 0.8463 [92mK_eeg: 0.8259 [92mK_eog: 0.7858 [34mF1_perclass_combined: [93.85, 46.32, 89.27, 86.31, 90.24] [34mF1_perclass_eeg: [92.0, 43.61, 87.99, 86.21, 87.29] [34mF1_perclass_eog: [91.39, 25.69, 84.83, 77.96, 88.72] 
[37mEpoch 10 step 293 with [31mce_loss_combined : 0.306317 [31mce_loss_eeg : 0.392017 [31mce_loss_eog : 0.440652 [31mtotal : 1.138987 [94mAcc_combined: 89.03 [94mAcc_eeg: 87.45 [94mAcc_eog: 84.99 [92mF1_combined: 80.78 [92mF1_eeg: 79.01 [92mF1_eog: 73.64 [92mK_combined: 0.8472 [92mK_eeg: 0.8255 [92mK_eog: 0.7900 [34mF1_perclass_combined: [93.61, 43.79, 89.32, 86.74, 90.46] [34mF1_perclass_eeg: [92.04, 41.68, 87.81, 86.66, 86.86] [34mF1_perclass_eog: [91.48, 23.97, 85.03, 78.93, 88.78] 
[37mEpoch 11 step 319 with [31mce_loss_combined : 0.309501 [31mce_loss_eeg : 0.382869 [31mce_loss_eog : 0.437701 [31mtotal : 1.130072 [94mAcc_combined: 89.02 [94mAcc_eeg: 87.68 [94mAcc_eog: 85.01 [92mF1_combined: 81.12 [92mF1_eeg: 79.63 [92mF1_eog: 73.88 [92mK_combined: 0.8474 [92mK_eeg: 0.8288 [92mK_eog: 0.7906 [34mF1_perclass_combined: [93.98, 45.29, 89.12, 86.73, 90.5] [34mF1_perclass_eeg: [92.2, 43.56, 88.05, 86.94, 87.41] [34mF1_perclass_eog: [91.63, 24.99, 84.93, 78.96, 88.9] 
[37mEpoch 12 step 334 with [31mce_loss_combined : 0.306178 [31mce_loss_eeg : 0.377003 [31mce_loss_eog : 0.438762 [31mtotal : 1.121943 [94mAcc_combined: 89.10 [94mAcc_eeg: 87.82 [94mAcc_eog: 84.79 [92mF1_combined: 82.24 [92mF1_eeg: 80.75 [92mF1_eog: 75.42 [92mK_combined: 0.8492 [92mK_eeg: 0.8313 [92mK_eog: 0.7875 [34mF1_perclass_combined: [93.88, 50.59, 89.29, 86.94, 90.5] [34mF1_perclass_eeg: [92.34, 48.63, 88.14, 86.92, 87.71] [34mF1_perclass_eog: [91.45, 34.02, 85.01, 77.89, 88.75] 
[37mEpoch 12 step 346 with [31mce_loss_combined : 0.304386 [31mce_loss_eeg : 0.380693 [31mce_loss_eog : 0.432153 [31mtotal : 1.117231 [94mAcc_combined: 89.13 [94mAcc_eeg: 87.86 [94mAcc_eog: 84.97 [92mF1_combined: 81.75 [92mF1_eeg: 80.15 [92mF1_eog: 74.76 [92mK_combined: 0.8491 [92mK_eeg: 0.8315 [92mK_eog: 0.7895 [34mF1_perclass_combined: [93.91, 48.38, 89.42, 86.75, 90.26] [34mF1_perclass_eeg: [92.3, 45.7, 88.33, 86.75, 87.66] [34mF1_perclass_eog: [91.6, 30.65, 85.19, 77.4, 88.97] 
[37mEpoch 12 step 356 with [31mce_loss_combined : 0.302289 [31mce_loss_eeg : 0.375516 [31mce_loss_eog : 0.433083 [31mtotal : 1.110888 [94mAcc_combined: 89.19 [94mAcc_eeg: 87.78 [94mAcc_eog: 84.84 [92mF1_combined: 81.77 [92mF1_eeg: 80.03 [92mF1_eog: 74.74 [92mK_combined: 0.8495 [92mK_eeg: 0.8299 [92mK_eog: 0.7865 [34mF1_perclass_combined: [93.77, 48.19, 89.5, 86.88, 90.51] [34mF1_perclass_eeg: [92.34, 45.5, 88.26, 86.8, 87.26] [34mF1_perclass_eog: [91.76, 31.47, 85.19, 76.31, 88.96] 
[37mEpoch 12 step 357 with [31mce_loss_combined : 0.302493 [31mce_loss_eeg : 0.377405 [31mce_loss_eog : 0.430344 [31mtotal : 1.110242 [94mAcc_combined: 89.13 [94mAcc_eeg: 87.76 [94mAcc_eog: 85.07 [92mF1_combined: 81.59 [92mF1_eeg: 80.04 [92mF1_eog: 75.35 [92mK_combined: 0.8492 [92mK_eeg: 0.8303 [92mK_eog: 0.7922 [34mF1_perclass_combined: [93.7, 47.49, 89.37, 86.84, 90.57] [34mF1_perclass_eeg: [92.16, 45.54, 88.12, 87.03, 87.35] [34mF1_perclass_eog: [91.81, 32.02, 84.97, 78.89, 89.05] 
[37mEpoch 13 step 361 with [31mce_loss_combined : 0.300715 [31mce_loss_eeg : 0.372316 [31mce_loss_eog : 0.431279 [31mtotal : 1.104311 [94mAcc_combined: 89.28 [94mAcc_eeg: 87.83 [94mAcc_eog: 85.06 [92mF1_combined: 81.74 [92mF1_eeg: 80.12 [92mF1_eog: 74.96 [92mK_combined: 0.8509 [92mK_eeg: 0.8309 [92mK_eog: 0.7906 [34mF1_perclass_combined: [93.98, 47.68, 89.55, 86.82, 90.66] [34mF1_perclass_eeg: [92.36, 45.62, 88.22, 86.84, 87.56] [34mF1_perclass_eog: [91.8, 30.92, 85.18, 77.7, 89.21] 
[37mEpoch 13 step 362 with [31mce_loss_combined : 0.300725 [31mce_loss_eeg : 0.372164 [31mce_loss_eog : 0.430604 [31mtotal : 1.103493 [94mAcc_combined: 89.28 [94mAcc_eeg: 87.89 [94mAcc_eog: 85.04 [92mF1_combined: 81.89 [92mF1_eeg: 80.43 [92mF1_eog: 75.17 [92mK_combined: 0.8511 [92mK_eeg: 0.8319 [92mK_eog: 0.7904 [34mF1_perclass_combined: [93.93, 48.33, 89.54, 86.95, 90.71] [34mF1_perclass_eeg: [92.38, 46.85, 88.24, 87.05, 87.64] [34mF1_perclass_eog: [91.77, 32.16, 85.23, 77.45, 89.23] 
[37mEpoch 22 step 611 with [31mce_loss_combined : 0.305548 [31mce_loss_eeg : 0.372993 [31mce_loss_eog : 0.423899 [31mtotal : 1.102440 [94mAcc_combined: 89.19 [94mAcc_eeg: 87.76 [94mAcc_eog: 85.01 [92mF1_combined: 81.99 [92mF1_eeg: 80.39 [92mF1_eog: 75.36 [92mK_combined: 0.8498 [92mK_eeg: 0.8300 [92mK_eog: 0.7895 [34mF1_perclass_combined: [93.84, 49.28, 89.41, 87.01, 90.41] [34mF1_perclass_eeg: [92.4, 47.35, 88.06, 86.79, 87.35] [34mF1_perclass_eog: [91.97, 33.42, 85.27, 77.12, 89.03] 
[37mEpoch 23 step 638 with [31mce_loss_combined : 0.302720 [31mce_loss_eeg : 0.369523 [31mce_loss_eog : 0.421378 [31mtotal : 1.093621 [94mAcc_combined: 89.24 [94mAcc_eeg: 87.88 [94mAcc_eog: 85.26 [92mF1_combined: 81.63 [92mF1_eeg: 80.44 [92mF1_eog: 75.00 [92mK_combined: 0.8505 [92mK_eeg: 0.8318 [92mK_eog: 0.7937 [34mF1_perclass_combined: [93.86, 47.28, 89.54, 87.02, 90.42] [34mF1_perclass_eeg: [92.52, 47.13, 88.19, 86.93, 87.43] [34mF1_perclass_eog: [92.06, 30.37, 85.43, 78.13, 89.02] 
[37mEpoch 24 step 666 with [31mce_loss_combined : 0.302051 [31mce_loss_eeg : 0.367796 [31mce_loss_eog : 0.418671 [31mtotal : 1.088518 [94mAcc_combined: 89.28 [94mAcc_eeg: 87.95 [94mAcc_eog: 85.24 [92mF1_combined: 82.06 [92mF1_eeg: 80.63 [92mF1_eog: 75.51 [92mK_combined: 0.8509 [92mK_eeg: 0.8325 [92mK_eog: 0.7932 [34mF1_perclass_combined: [93.85, 49.42, 89.6, 86.92, 90.52] [34mF1_perclass_eeg: [92.53, 47.91, 88.32, 86.89, 87.49] [34mF1_perclass_eog: [92.15, 33.34, 85.42, 77.37, 89.28] 
{'val_loss': {'ce_loss_combined': 0.30205137, 'ce_loss_eeg': 0.36779583, 'ce_loss_eog': 0.4186706, 'total': 1.0885177}, 'val_acc': {'combined': 0.8927599509554711, 'eeg': 0.8794920103272625, 'eog': 0.8523679934607294}, 'val_f1': {'combined': 0.8206314698219315, 'eeg': 0.806281753649235, 'eog': 0.7551006931330971}, 'val_k': {'combined': 0.8508989149454461, 'eeg': 0.8324614431958417, 'eog': 0.7932191794335843}, 'val_perclassf1': {'combined': array([0.93854951, 0.4941984 , 0.89601072, 0.869207  , 0.90519172]), 'eeg': array([0.92530654, 0.47905976, 0.88323327, 0.86887931, 0.87492989]), 'eog': array([0.92145097, 0.33339426, 0.85416111, 0.77370496, 0.89279216])}}
We are in the final state.
Job finished
