[INFO]: Hi, This is root.
[INFO]: After the configurations are successfully processed and dirs are created.
[INFO]: The pipeline of the project will begin now.
2022/12/28 10:41:39	INFO	wandb	multiprocessing start_methods=fork,spawn,forkserver, using: spawn
2022/12/28 10:41:43	INFO	wandb	communicating current version
2022/12/28 10:41:43	INFO	wandb	got version response upgrade_message: "wandb version 0.13.7 is available!  To upgrade, please run:\n $ pip install wandb --upgrade"

2022/12/28 10:41:45	INFO	wandb	atexit reg
2022/12/28 10:41:45	INFO	wandb	redirect: SettingsConsole.WRAP_RAW
2022/12/28 10:41:45	INFO	wandb	Wrapping output streams.
2022/12/28 10:41:45	INFO	wandb	Redirects installed.
2022/12/28 10:41:53	INFO	wandb	Watching
wandb: Network error (ReadTimeout), entering retry loop.
wandb: Network error (ReadTimeout), entering retry loop.
2022/12/29 23:19:53	INFO	wandb	finishing run kkontras/sleep_transformers/ac0sjxvn
2022/12/29 23:19:53	INFO	wandb	got exitcode: 0
2022/12/29 23:19:53	INFO	wandb	restore
2022/12/29 23:19:53	INFO	wandb	restore done
2022/12/29 23:19:54	INFO	wandb	got exit ret: file_counts {
  wandb_count: 1
}
pusher_stats {
  uploaded_bytes: 637
  total_bytes: 637
}

2022/12/29 23:19:54	INFO	wandb	got exit ret: file_counts {
  wandb_count: 1
}
pusher_stats {
  uploaded_bytes: 637
  total_bytes: 637
}

2022/12/29 23:19:54	INFO	wandb	got exit ret: file_counts {
  wandb_count: 1
}
pusher_stats {
  uploaded_bytes: 637
  total_bytes: 637
}

2022/12/29 23:19:57	INFO	wandb	got exit ret: file_counts {
  wandb_count: 1
}
pusher_stats {
  uploaded_bytes: 637
  total_bytes: 637
}

2022/12/29 23:19:58	INFO	wandb	got exit ret: file_counts {
  wandb_count: 1
}
pusher_stats {
  uploaded_bytes: 637
  total_bytes: 637
}

2022/12/29 23:19:59	INFO	wandb	got exit ret: file_counts {
  wandb_count: 5
}
pusher_stats {
  uploaded_bytes: 637
  total_bytes: 896935
}

2022/12/29 23:19:59	INFO	wandb	got exit ret: file_counts {
  wandb_count: 6
}
pusher_stats {
  uploaded_bytes: 637
  total_bytes: 1990843
}

2022/12/29 23:20:00	INFO	wandb	got exit ret: file_counts {
  wandb_count: 6
}
pusher_stats {
  uploaded_bytes: 637
  total_bytes: 1990843
}

2022/12/29 23:20:00	INFO	wandb	got exit ret: file_counts {
  wandb_count: 6
}
pusher_stats {
  uploaded_bytes: 1990843
  total_bytes: 1990843
}

2022/12/29 23:20:00	INFO	wandb	got exit ret: file_counts {
  wandb_count: 6
}
pusher_stats {
  uploaded_bytes: 1990843
  total_bytes: 1990843
}

2022/12/29 23:20:00	INFO	wandb	got exit ret: file_counts {
  wandb_count: 6
}
pusher_stats {
  uploaded_bytes: 1990843
  total_bytes: 1990843
}

2022/12/29 23:20:00	INFO	wandb	got exit ret: file_counts {
  wandb_count: 6
}
pusher_stats {
  uploaded_bytes: 1990843
  total_bytes: 1990843
}

2022/12/29 23:20:00	INFO	wandb	got exit ret: file_counts {
  wandb_count: 6
}
pusher_stats {
  uploaded_bytes: 1990843
  total_bytes: 1990843
}

2022/12/29 23:20:00	INFO	wandb	got exit ret: file_counts {
  wandb_count: 6
}
pusher_stats {
  uploaded_bytes: 1990843
  total_bytes: 1990843
}

2022/12/29 23:20:01	INFO	wandb	got exit ret: file_counts {
  wandb_count: 6
}
pusher_stats {
  uploaded_bytes: 1990843
  total_bytes: 1990843
}

2022/12/29 23:20:01	INFO	wandb	got exit ret: done: true
exit_result {
}
file_counts {
  wandb_count: 6
}
pusher_stats {
  uploaded_bytes: 1990843
  total_bytes: 1990843
}
local_info {
}

