Starting Job
/users/sista/kkontras/Documents/Sleep_Project/main_paper_1.py
/esat/smcdata/users/kkontras/Image_Dataset/no_backup/envs/gl_env/bin/python
Python 3.7.10
/users/sista/kkontras/Documents/Sleep_Project
0
 THE Configuration of your experiment ..
{'agent': 'Sleep_Agent_Init_Train',
 'augmentation': {},
 'channel': 0,
 'dataset': {'cache_datasets': {'test': False, 'train': False, 'valid': False},
             'data_roots': '/esat/biomeddata/SHHS_Dataset/no_backup',
             'data_split': {'split_method': 'patients_test',
                            'test_split_rate': 0.3,
                            'val_split_rate': 0.026},
             'data_view_dir': [{'data_type': 'stft',
                                'list_dir': 'patient_mat_list.txt',
                                'mod': 'eeg',
                                'num_ch': 1},
                               {'data_type': 'stft',
                                'list_dir': 'patient_eog_mat_list.txt',
                                'mod': 'eog',
                                'num_ch': 1}],
             'dataloader_class': 'SleepDataLoader_mat_huy',
             'huy_data': True,
             'inner_overlap': [0.5, 0.5],
             'keep_view': [1, 0],
             'seq_length': [21, 0],
             'seq_views': [False],
             'shuffle_train': True},
 'early_stopping': {'log_interval': 10,
                    'max_epoch': 1000,
                    'n_steps_stop': 250,
                    'n_steps_stop_after': 400,
                    'save_every': 1,
                    'validate_after': 0,
                    'validate_every': 400},
 'exp_name': 'Sleep EEG-EOG BLIP Experiment',
 'lr_finder': False,
 'lr_finder_steps': 100,
 'mode': 'train',
 'model': {'args': {'augment_within': False,
                    'dmodel': 128,
                    'dropout': 0.3,
                    'fc_inner': 1024,
                    'ignore_alignment_val': True,
                    'multi_loss': {'multi_loss_weights': {'alignment_loss': 0.1,
                                                          'multi_supervised_loss': {'combined': 1,
                                                                                    'eeg': 1,
                                                                                    'eog': 1},
                                                          'order_loss': 0}},
                    'num_classes': 5,
                    'shared_pred': False,
                    'three_modes': True,
                    'training_type': 'alignment_order_multisupervised'},
           'encoders': [{'args': {'align_inner': True,
                                  'd_model': 128,
                                  'dim_feedforward': 1024,
                                  'dim_proj': 128,
                                  'dropout': 0.3,
                                  'inner_biased': False,
                                  'mod_token': False,
                                  'num_heads': 8,
                                  'num_layers': 4,
                                  'outer_biased': False,
                                  'outer_rep': False,
                                  'pos': False,
                                  'rpos': True,
                                  'shared': True,
                                  'skip_random_mod': False},
                         'encoders': [],
                         'freeze_encoder': False,
                         'model': 'SleepEnc_BLIP_EEG_EOG_sharedall_free_cliplike',
                         'pretrainedEncoder': {'dir': '', 'use': False},
                         'savetrainedEncoder': {'dir': '', 'save': False}}],
           'load_ongoing': False,
           'model_class': 'EEG_SLEEP_BLIP_GM_MultiMode',
           'pretrained_model': {'dir': '', 'use': False},
           'save_dir': '/esat/smcdata/users/kkontras/Image_Dataset/no_backup/data/2021_data/shhs1/multi_modal/paper_models/fourier_transformer_eeg_eog_mat_BLIP_al01_sharedall_b16_freetrain_rpos_nopos_nonsharedpreds_drop03_aligninner_trial2_pt.pth.tar'},
 'normalization': {'calculate_metrics': False,
                   'dir': '/esat/biomeddata/SHHS_Dataset/no_backup/metrics_eeg_eog_emg_stft.pkl',
                   'metrics_type': 'train_dataset',
                   'save_metrics': False,
                   'use': True},
 'num_classes': 5,
 'num_modalities': 1,
 'optimizer': {'beta1': 0.9,
               'beta2': 0.999,
               'learning_rate': 0.0001,
               'momentum': 0.2,
               'type': 'Adam',
               'weight_decay': 0.0001},
 'plots': {'plot_stft_num': 0, 'save': False},
 'post_proc': {'post_proc_step': 15,
               'test_postprocessing': False,
               'val_postprocessing': False},
 'scheduler': {'max_lr': 0.03, 'type': 'cosanneal', 'warm_up': 55},
 'statistics': {'ce_weights': {'temp': 0.1, 'use': False}, 'print': False},
 'training_params': {'adversarial_training': {'adv_epsilon': 0.01,
                                              'use': False},
                     'async_loading': True,
                     'batch_size': 16,
                     'cuda': True,
                     'data_loader_workers': 8,
                     'gpu_device': [0],
                     'pin_memory': True,
                     'rec_test': False,
                     'res': True,
                     'seed': 35,
                     'tdqm_disable': True,
                     'test_batch_size': 16,
                     'test_on_tops': True,
                     'use_test_set': True,
                     'validation': True,
                     'verbose': True,
                     'wandb_disable': False}}
 *************************************** 
The experiment name is Sleep EEG-EOG BLIP Experiment
 *************************************** 
stft_eeg Train 3724 validation 100 test 1639
stft_eog Train 3724 validation 100 test 1639
{'use_type': False, 'skip_skips': True}
{'use_type': False, 'skip_skips': True}
{'use_type': False, 'skip_skips': True}
{'use_type': False, 'skip_skips': True}
Loading metrics from /esat/biomeddata/SHHS_Dataset/no_backup/metrics_eeg_eog_emg_stft.pkl
Weights are [1. 1. 1. 1. 1.]
11074
400
28
tensor([1., 1., 1., 1., 1.], device='cuda:0')
We are not shuffling the data
Training function is sleep_train_one_step_alignment_order_multisupervised
Loss Weights are {'combined': 1, 'eeg': 1, 'eog': 1, 'alignments': 0.1, 'order': 0, 'consistency': 0, 'reconstruction': 0}
We are not shuffling the data
<class 'graphs.models.attention_models.BLIP.SleepEnc_BLIP_EEG_EOG_sharedall_free_cliplike'>
Total number of trainable parameters are: 6781455
Available cuda devices: 1, current device:0
Total number of trainable parameters are: 6781455
[37mEpoch 0 step 1 with [31mce_loss_combined : 0.672528 [31mce_loss_eeg : 1.113822 [31mce_loss_eog : 1.150599 [31mtotal : 2.936949 [94mAcc_combined: 75.38 [94mAcc_eeg: 70.86 [94mAcc_eog: 67.94 [92mF1_combined: 60.36 [92mF1_eeg: 50.91 [92mF1_eog: 49.81 [92mK_combined: 0.6530 [92mK_eeg: 0.5735 [92mK_eog: 0.5330 [34mF1_perclass_combined: [85.69, 0.0, 76.36, 73.04, 66.73] [34mF1_perclass_eeg: [83.94, 0.0, 73.23, 77.38, 20.02] [34mF1_perclass_eog: [79.19, 0.0, 71.52, 69.13, 29.21] 
[37mEpoch 0 step 2 with [31mce_loss_combined : 0.563426 [31mce_loss_eeg : 1.041939 [31mce_loss_eog : 1.067382 [31mtotal : 2.672747 [94mAcc_combined: 79.38 [94mAcc_eeg: 75.69 [94mAcc_eog: 73.83 [92mF1_combined: 64.68 [92mF1_eeg: 59.59 [92mF1_eog: 58.63 [92mK_combined: 0.7118 [92mK_eeg: 0.6551 [92mK_eog: 0.6270 [34mF1_perclass_combined: [87.66, 2.59, 79.8, 77.78, 75.56] [34mF1_perclass_eeg: [84.56, 0.0, 77.38, 79.51, 56.5] [34mF1_perclass_eog: [80.23, 0.0, 76.07, 70.84, 66.0] 
[37mEpoch 0 step 3 with [31mce_loss_combined : 0.549047 [31mce_loss_eeg : 1.006166 [31mce_loss_eog : 1.060478 [31mtotal : 2.615691 [94mAcc_combined: 79.13 [94mAcc_eeg: 77.13 [94mAcc_eog: 72.52 [92mF1_combined: 64.34 [92mF1_eeg: 61.13 [92mF1_eog: 58.26 [92mK_combined: 0.7072 [92mK_eeg: 0.6742 [92mK_eog: 0.6163 [34mF1_perclass_combined: [87.79, 2.35, 79.14, 76.13, 76.27] [34mF1_perclass_eeg: [85.26, 0.0, 79.05, 80.43, 60.94] [34mF1_perclass_eog: [77.16, 0.0, 74.36, 70.1, 69.66] 
[37mEpoch 0 step 4 with [31mce_loss_combined : 0.496851 [31mce_loss_eeg : 0.978306 [31mce_loss_eog : 0.995025 [31mtotal : 2.470182 [94mAcc_combined: 81.05 [94mAcc_eeg: 77.96 [94mAcc_eog: 77.01 [92mF1_combined: 64.31 [92mF1_eeg: 62.42 [92mF1_eog: 60.91 [92mK_combined: 0.7268 [92mK_eeg: 0.6893 [92mK_eog: 0.6690 [34mF1_perclass_combined: [87.73, 1.15, 83.32, 66.69, 82.68] [34mF1_perclass_eeg: [85.08, 0.0, 80.36, 79.23, 67.44] [34mF1_perclass_eog: [83.6, 0.0, 79.43, 63.99, 77.53] 
[37mEpoch 0 step 5 with [31mce_loss_combined : 0.497983 [31mce_loss_eeg : 0.965091 [31mce_loss_eog : 0.973056 [31mtotal : 2.436131 [94mAcc_combined: 82.17 [94mAcc_eeg: 77.75 [94mAcc_eog: 77.35 [92mF1_combined: 70.80 [92mF1_eeg: 61.77 [92mF1_eog: 62.24 [92mK_combined: 0.7467 [92mK_eeg: 0.6768 [92mK_eog: 0.6772 [34mF1_perclass_combined: [87.21, 21.87, 84.63, 79.75, 80.56] [34mF1_perclass_eeg: [84.99, 0.0, 80.02, 81.61, 62.21] [34mF1_perclass_eog: [81.97, 0.0, 79.68, 70.75, 78.79] 
[37mEpoch 0 step 6 with [31mce_loss_combined : 0.501578 [31mce_loss_eeg : 0.963571 [31mce_loss_eog : 0.958920 [31mtotal : 2.424069 [94mAcc_combined: 82.23 [94mAcc_eeg: 76.25 [94mAcc_eog: 77.52 [92mF1_combined: 69.45 [92mF1_eeg: 58.66 [92mF1_eog: 61.89 [92mK_combined: 0.7422 [92mK_eeg: 0.6484 [92mK_eog: 0.6717 [34mF1_perclass_combined: [89.01, 16.9, 83.75, 74.71, 82.86] [34mF1_perclass_eeg: [85.8, 0.0, 79.03, 78.74, 49.73] [34mF1_perclass_eog: [84.56, 0.0, 79.25, 68.09, 77.53] 
[37mEpoch 0 step 8 with [31mce_loss_combined : 0.427827 [31mce_loss_eeg : 0.896070 [31mce_loss_eog : 0.922706 [31mtotal : 2.246604 [94mAcc_combined: 84.48 [94mAcc_eeg: 80.32 [94mAcc_eog: 78.68 [92mF1_combined: 73.46 [92mF1_eeg: 64.46 [92mF1_eog: 63.14 [92mK_combined: 0.7806 [92mK_eeg: 0.7202 [92mK_eog: 0.6961 [34mF1_perclass_combined: [89.47, 25.7, 85.8, 80.89, 85.43] [34mF1_perclass_eeg: [87.09, 0.0, 82.71, 80.51, 71.97] [34mF1_perclass_eog: [83.88, 0.0, 80.47, 69.38, 81.98] 
[37mEpoch 0 step 11 with [31mce_loss_combined : 0.396074 [31mce_loss_eeg : 0.878133 [31mce_loss_eog : 0.869735 [31mtotal : 2.143943 [94mAcc_combined: 85.65 [94mAcc_eeg: 78.88 [94mAcc_eog: 79.63 [92mF1_combined: 75.28 [92mF1_eeg: 63.55 [92mF1_eog: 64.18 [92mK_combined: 0.7971 [92mK_eeg: 0.7050 [92mK_eog: 0.7081 [34mF1_perclass_combined: [90.22, 31.22, 87.22, 80.29, 87.44] [34mF1_perclass_eeg: [84.82, 0.0, 82.17, 79.51, 71.23] [34mF1_perclass_eog: [85.11, 0.0, 81.05, 71.46, 83.29] 
[37mEpoch 0 step 12 with [31mce_loss_combined : 0.413864 [31mce_loss_eeg : 0.831400 [31mce_loss_eog : 0.856650 [31mtotal : 2.101915 [94mAcc_combined: 84.84 [94mAcc_eeg: 81.46 [94mAcc_eog: 79.61 [92mF1_combined: 76.61 [92mF1_eeg: 65.84 [92mF1_eog: 64.36 [92mK_combined: 0.7879 [92mK_eeg: 0.7394 [92mK_eog: 0.7121 [34mF1_perclass_combined: [88.75, 40.81, 87.21, 82.3, 84.0] [34mF1_perclass_eeg: [87.16, 0.51, 83.92, 84.01, 73.59] [34mF1_perclass_eog: [85.22, 0.0, 80.59, 73.11, 82.91] 
[37mEpoch 0 step 13 with [31mce_loss_combined : 0.375701 [31mce_loss_eeg : 0.817826 [31mce_loss_eog : 0.863475 [31mtotal : 2.057002 [94mAcc_combined: 86.23 [94mAcc_eeg: 81.81 [94mAcc_eog: 78.55 [92mF1_combined: 75.30 [92mF1_eeg: 66.19 [92mF1_eog: 63.09 [92mK_combined: 0.8070 [92mK_eeg: 0.7447 [92mK_eog: 0.6939 [34mF1_perclass_combined: [90.57, 27.59, 87.51, 83.46, 87.39] [34mF1_perclass_eeg: [87.4, 0.66, 83.37, 83.97, 75.54] [34mF1_perclass_eog: [83.59, 0.0, 80.49, 70.61, 80.74] 
[37mEpoch 0 step 14 with [31mce_loss_combined : 0.378966 [31mce_loss_eeg : 0.794934 [31mce_loss_eog : 0.832074 [31mtotal : 2.005974 [94mAcc_combined: 86.54 [94mAcc_eeg: 82.42 [94mAcc_eog: 79.83 [92mF1_combined: 77.72 [92mF1_eeg: 68.00 [92mF1_eog: 64.55 [92mK_combined: 0.8103 [92mK_eeg: 0.7504 [92mK_eog: 0.7121 [34mF1_perclass_combined: [91.1, 39.07, 87.95, 83.24, 87.25] [34mF1_perclass_eeg: [87.46, 9.3, 84.82, 83.96, 74.44] [34mF1_perclass_eog: [84.9, 0.45, 81.19, 72.77, 83.43] 
[37mEpoch 0 step 16 with [31mce_loss_combined : 0.404510 [31mce_loss_eeg : 0.782699 [31mce_loss_eog : 0.807772 [31mtotal : 1.994980 [94mAcc_combined: 85.43 [94mAcc_eeg: 81.78 [94mAcc_eog: 80.04 [92mF1_combined: 74.85 [92mF1_eeg: 67.35 [92mF1_eog: 64.66 [92mK_combined: 0.7932 [92mK_eeg: 0.7404 [92mK_eog: 0.7151 [34mF1_perclass_combined: [89.75, 30.89, 87.42, 80.35, 85.85] [34mF1_perclass_eeg: [86.87, 9.85, 84.54, 80.74, 74.75] [34mF1_perclass_eog: [85.42, 0.25, 81.35, 72.91, 83.37] 
[37mEpoch 0 step 17 with [31mce_loss_combined : 0.351420 [31mce_loss_eeg : 0.742684 [31mce_loss_eog : 0.794969 [31mtotal : 1.889073 [94mAcc_combined: 86.86 [94mAcc_eeg: 83.57 [94mAcc_eog: 80.03 [92mF1_combined: 78.15 [92mF1_eeg: 71.20 [92mF1_eog: 64.99 [92mK_combined: 0.8154 [92mK_eeg: 0.7685 [92mK_eog: 0.7151 [34mF1_perclass_combined: [91.67, 39.99, 88.19, 84.02, 86.87] [34mF1_perclass_eeg: [88.65, 19.2, 85.49, 84.69, 77.95] [34mF1_perclass_eog: [86.75, 1.45, 80.79, 72.99, 82.98] 
[37mEpoch 0 step 19 with [31mce_loss_combined : 0.384209 [31mce_loss_eeg : 0.731717 [31mce_loss_eog : 0.769624 [31mtotal : 1.885549 [94mAcc_combined: 85.78 [94mAcc_eeg: 83.05 [94mAcc_eog: 80.43 [92mF1_combined: 76.57 [92mF1_eeg: 71.81 [92mF1_eog: 65.65 [92mK_combined: 0.8035 [92mK_eeg: 0.7643 [92mK_eog: 0.7245 [34mF1_perclass_combined: [91.08, 36.44, 87.09, 84.19, 84.07] [34mF1_perclass_eeg: [87.68, 24.03, 84.78, 84.54, 78.01] [34mF1_perclass_eog: [85.91, 3.87, 81.49, 72.86, 84.12] 
[37mEpoch 0 step 22 with [31mce_loss_combined : 0.405796 [31mce_loss_eeg : 0.710216 [31mce_loss_eog : 0.760971 [31mtotal : 1.876983 [94mAcc_combined: 84.05 [94mAcc_eeg: 82.55 [94mAcc_eog: 79.03 [92mF1_combined: 77.46 [92mF1_eeg: 73.82 [92mF1_eog: 67.36 [92mK_combined: 0.7841 [92mK_eeg: 0.7606 [92mK_eog: 0.7086 [34mF1_perclass_combined: [90.86, 46.73, 84.31, 82.38, 83.05] [34mF1_perclass_eeg: [88.69, 35.84, 83.65, 83.94, 76.95] [34mF1_perclass_eog: [86.28, 19.39, 80.17, 71.89, 79.07] 
[37mEpoch 0 step 23 with [31mce_loss_combined : 0.352512 [31mce_loss_eeg : 0.683020 [31mce_loss_eog : 0.735966 [31mtotal : 1.771498 [94mAcc_combined: 87.05 [94mAcc_eeg: 83.85 [94mAcc_eog: 80.49 [92mF1_combined: 78.70 [92mF1_eeg: 74.42 [92mF1_eog: 67.48 [92mK_combined: 0.8176 [92mK_eeg: 0.7709 [92mK_eog: 0.7212 [34mF1_perclass_combined: [91.86, 42.09, 88.22, 82.67, 88.66] [34mF1_perclass_eeg: [89.51, 35.78, 85.64, 81.85, 79.32] [34mF1_perclass_eog: [86.97, 16.53, 81.88, 66.88, 85.16] 
[37mEpoch 0 step 27 with [31mce_loss_combined : 0.346452 [31mce_loss_eeg : 0.647507 [31mce_loss_eog : 0.694943 [31mtotal : 1.688902 [94mAcc_combined: 87.27 [94mAcc_eeg: 84.19 [94mAcc_eog: 81.17 [92mF1_combined: 78.30 [92mF1_eeg: 74.34 [92mF1_eog: 69.68 [92mK_combined: 0.8227 [92mK_eeg: 0.7795 [92mK_eog: 0.7365 [34mF1_perclass_combined: [91.7, 38.24, 88.29, 84.46, 88.82] [34mF1_perclass_eeg: [89.1, 32.41, 85.86, 85.05, 79.25] [34mF1_perclass_eog: [86.89, 19.86, 81.86, 74.8, 84.99] 
[37mEpoch 1 step 29 with [31mce_loss_combined : 0.354223 [31mce_loss_eeg : 0.633458 [31mce_loss_eog : 0.687910 [31mtotal : 1.675592 [94mAcc_combined: 86.67 [94mAcc_eeg: 83.81 [94mAcc_eog: 80.97 [92mF1_combined: 75.68 [92mF1_eeg: 73.69 [92mF1_eog: 67.98 [92mK_combined: 0.8118 [92mK_eeg: 0.7711 [92mK_eog: 0.7279 [34mF1_perclass_combined: [91.3, 27.3, 87.68, 83.79, 88.31] [34mF1_perclass_eeg: [89.48, 30.96, 85.3, 84.69, 78.04] [34mF1_perclass_eog: [87.33, 13.07, 81.93, 73.87, 83.72] 
[37mEpoch 1 step 30 with [31mce_loss_combined : 0.335793 [31mce_loss_eeg : 0.617069 [31mce_loss_eog : 0.694696 [31mtotal : 1.647558 [94mAcc_combined: 87.56 [94mAcc_eeg: 84.56 [94mAcc_eog: 80.45 [92mF1_combined: 80.10 [92mF1_eeg: 75.96 [92mF1_eog: 67.37 [92mK_combined: 0.8260 [92mK_eeg: 0.7830 [92mK_eog: 0.7207 [34mF1_perclass_combined: [91.98, 46.01, 88.74, 84.57, 89.22] [34mF1_perclass_eeg: [89.99, 39.62, 86.1, 84.17, 79.93] [34mF1_perclass_eog: [86.46, 16.34, 81.84, 65.82, 86.39] 
[37mEpoch 1 step 33 with [31mce_loss_combined : 0.340391 [31mce_loss_eeg : 0.618892 [31mce_loss_eog : 0.673308 [31mtotal : 1.632592 [94mAcc_combined: 87.59 [94mAcc_eeg: 83.78 [94mAcc_eog: 80.73 [92mF1_combined: 78.76 [92mF1_eeg: 74.28 [92mF1_eog: 68.93 [92mK_combined: 0.8248 [92mK_eeg: 0.7704 [92mK_eog: 0.7263 [34mF1_perclass_combined: [92.24, 40.14, 88.94, 84.97, 87.5] [34mF1_perclass_eeg: [89.41, 35.86, 85.54, 85.07, 75.54] [34mF1_perclass_eog: [87.64, 17.95, 81.29, 74.85, 82.9] 
[37mEpoch 1 step 34 with [31mce_loss_combined : 0.330627 [31mce_loss_eeg : 0.597816 [31mce_loss_eog : 0.640307 [31mtotal : 1.568751 [94mAcc_combined: 87.58 [94mAcc_eeg: 84.30 [94mAcc_eog: 81.84 [92mF1_combined: 80.47 [92mF1_eeg: 76.48 [92mF1_eog: 71.25 [92mK_combined: 0.8273 [92mK_eeg: 0.7814 [92mK_eog: 0.7441 [34mF1_perclass_combined: [92.46, 47.55, 88.3, 84.75, 89.27] [34mF1_perclass_eeg: [89.15, 43.02, 86.31, 84.84, 79.09] [34mF1_perclass_eog: [87.86, 25.89, 82.65, 73.86, 86.0] 
[37mEpoch 1 step 36 with [31mce_loss_combined : 0.337987 [31mce_loss_eeg : 0.586353 [31mce_loss_eog : 0.628222 [31mtotal : 1.552562 [94mAcc_combined: 87.55 [94mAcc_eeg: 84.59 [94mAcc_eog: 81.94 [92mF1_combined: 80.34 [92mF1_eeg: 76.30 [92mF1_eog: 70.95 [92mK_combined: 0.8250 [92mK_eeg: 0.7820 [92mK_eog: 0.7444 [34mF1_perclass_combined: [92.53, 48.43, 88.77, 83.32, 88.66] [34mF1_perclass_eeg: [90.05, 42.2, 86.26, 82.52, 80.48] [34mF1_perclass_eog: [88.46, 24.07, 82.71, 73.5, 86.0] 
[37mEpoch 1 step 41 with [31mce_loss_combined : 0.345532 [31mce_loss_eeg : 0.562420 [31mce_loss_eog : 0.619580 [31mtotal : 1.527533 [94mAcc_combined: 87.16 [94mAcc_eeg: 84.22 [94mAcc_eog: 81.47 [92mF1_combined: 79.07 [92mF1_eeg: 75.12 [92mF1_eog: 69.90 [92mK_combined: 0.8219 [92mK_eeg: 0.7770 [92mK_eog: 0.7405 [34mF1_perclass_combined: [91.05, 41.55, 87.93, 85.39, 89.42] [34mF1_perclass_eeg: [89.49, 37.43, 85.8, 84.35, 78.52] [34mF1_perclass_eog: [87.1, 19.31, 81.93, 75.0, 86.19] 
[37mEpoch 1 step 42 with [31mce_loss_combined : 0.328098 [31mce_loss_eeg : 0.555599 [31mce_loss_eog : 0.605641 [31mtotal : 1.489338 [94mAcc_combined: 87.80 [94mAcc_eeg: 84.61 [94mAcc_eog: 81.63 [92mF1_combined: 81.17 [92mF1_eeg: 76.83 [92mF1_eog: 71.68 [92mK_combined: 0.8302 [92mK_eeg: 0.7863 [92mK_eog: 0.7445 [34mF1_perclass_combined: [93.21, 51.15, 88.76, 83.35, 89.38] [34mF1_perclass_eeg: [90.3, 43.04, 85.72, 82.81, 82.27] [34mF1_perclass_eog: [87.84, 28.19, 81.91, 73.8, 86.68] 
[37mEpoch 1 step 46 with [31mce_loss_combined : 0.323383 [31mce_loss_eeg : 0.522882 [31mce_loss_eog : 0.592483 [31mtotal : 1.438747 [94mAcc_combined: 88.08 [94mAcc_eeg: 85.54 [94mAcc_eog: 81.54 [92mF1_combined: 80.72 [92mF1_eeg: 77.49 [92mF1_eog: 70.43 [92mK_combined: 0.8335 [92mK_eeg: 0.7986 [92mK_eog: 0.7385 [34mF1_perclass_combined: [92.58, 47.43, 89.08, 85.2, 89.29] [34mF1_perclass_eeg: [90.37, 42.12, 86.97, 85.62, 82.35] [34mF1_perclass_eog: [88.07, 21.63, 81.93, 74.2, 86.32] 
[37mEpoch 1 step 48 with [31mce_loss_combined : 0.310336 [31mce_loss_eeg : 0.521980 [31mce_loss_eog : 0.577521 [31mtotal : 1.409837 [94mAcc_combined: 88.38 [94mAcc_eeg: 85.23 [94mAcc_eog: 82.20 [92mF1_combined: 80.09 [92mF1_eeg: 76.15 [92mF1_eog: 70.72 [92mK_combined: 0.8376 [92mK_eeg: 0.7925 [92mK_eog: 0.7478 [34mF1_perclass_combined: [93.11, 42.96, 89.18, 85.18, 90.03] [34mF1_perclass_eeg: [90.49, 37.3, 86.51, 85.09, 81.33] [34mF1_perclass_eog: [88.83, 23.63, 83.1, 71.08, 86.99] 
[37mEpoch 2 step 57 with [31mce_loss_combined : 0.318082 [31mce_loss_eeg : 0.484111 [31mce_loss_eog : 0.541876 [31mtotal : 1.344069 [94mAcc_combined: 88.01 [94mAcc_eeg: 85.37 [94mAcc_eog: 82.58 [92mF1_combined: 79.19 [92mF1_eeg: 76.51 [92mF1_eog: 70.71 [92mK_combined: 0.8308 [92mK_eeg: 0.7925 [92mK_eog: 0.7516 [34mF1_perclass_combined: [92.62, 39.85, 89.09, 84.53, 89.88] [34mF1_perclass_eeg: [91.23, 39.32, 86.66, 83.46, 81.89] [34mF1_perclass_eog: [89.33, 20.66, 83.27, 73.25, 87.04] 
[37mEpoch 2 step 59 with [31mce_loss_combined : 0.302482 [31mce_loss_eeg : 0.462744 [31mce_loss_eog : 0.535220 [31mtotal : 1.300445 [94mAcc_combined: 88.65 [94mAcc_eeg: 86.55 [94mAcc_eog: 82.72 [92mF1_combined: 80.77 [92mF1_eeg: 78.67 [92mF1_eog: 71.59 [92mK_combined: 0.8407 [92mK_eeg: 0.8115 [92mK_eog: 0.7554 [34mF1_perclass_combined: [93.49, 45.45, 89.58, 85.0, 90.32] [34mF1_perclass_eeg: [91.61, 44.39, 87.79, 85.19, 84.38] [34mF1_perclass_eog: [89.45, 25.64, 83.52, 71.79, 87.55] 
[37mEpoch 2 step 60 with [31mce_loss_combined : 0.297631 [31mce_loss_eeg : 0.463430 [31mce_loss_eog : 0.531668 [31mtotal : 1.292728 [94mAcc_combined: 88.76 [94mAcc_eeg: 86.55 [94mAcc_eog: 82.97 [92mF1_combined: 81.00 [92mF1_eeg: 78.52 [92mF1_eog: 71.84 [92mK_combined: 0.8433 [92mK_eeg: 0.8124 [92mK_eog: 0.7603 [34mF1_perclass_combined: [93.49, 45.82, 89.55, 85.9, 90.23] [34mF1_perclass_eeg: [91.39, 43.28, 87.7, 85.75, 84.48] [34mF1_perclass_eog: [89.56, 23.99, 83.39, 74.77, 87.47] 
[37mEpoch 2 step 64 with [31mce_loss_combined : 0.298575 [31mce_loss_eeg : 0.455842 [31mce_loss_eog : 0.524865 [31mtotal : 1.279281 [94mAcc_combined: 88.70 [94mAcc_eeg: 86.44 [94mAcc_eog: 83.04 [92mF1_combined: 81.17 [92mF1_eeg: 78.44 [92mF1_eog: 72.22 [92mK_combined: 0.8418 [92mK_eeg: 0.8099 [92mK_eog: 0.7603 [34mF1_perclass_combined: [93.5, 47.35, 89.63, 85.19, 90.18] [34mF1_perclass_eeg: [91.31, 43.78, 87.74, 84.77, 84.59] [34mF1_perclass_eog: [89.81, 26.33, 83.61, 73.77, 87.6] 
[37mEpoch 2 step 72 with [31mce_loss_combined : 0.301421 [31mce_loss_eeg : 0.449683 [31mce_loss_eog : 0.519934 [31mtotal : 1.271037 [94mAcc_combined: 88.66 [94mAcc_eeg: 86.51 [94mAcc_eog: 82.89 [92mF1_combined: 80.64 [92mF1_eeg: 78.18 [92mF1_eog: 71.65 [92mK_combined: 0.8412 [92mK_eeg: 0.8112 [92mK_eog: 0.7590 [34mF1_perclass_combined: [93.38, 44.54, 89.39, 85.6, 90.27] [34mF1_perclass_eeg: [91.32, 41.69, 87.62, 85.6, 84.69] [34mF1_perclass_eog: [89.87, 22.38, 82.94, 75.32, 87.74] 
[37mEpoch 2 step 75 with [31mce_loss_combined : 0.299232 [31mce_loss_eeg : 0.446587 [31mce_loss_eog : 0.511175 [31mtotal : 1.256995 [94mAcc_combined: 88.84 [94mAcc_eeg: 86.61 [94mAcc_eog: 83.18 [92mF1_combined: 81.62 [92mF1_eeg: 78.98 [92mF1_eog: 72.90 [92mK_combined: 0.8445 [92mK_eeg: 0.8132 [92mK_eog: 0.7634 [34mF1_perclass_combined: [93.44, 48.91, 89.77, 85.85, 90.1] [34mF1_perclass_eeg: [91.27, 45.48, 87.87, 85.67, 84.63] [34mF1_perclass_eog: [89.92, 29.03, 83.71, 73.98, 87.86] 
[37mEpoch 3 step 86 with [31mce_loss_combined : 0.298789 [31mce_loss_eeg : 0.428328 [31mce_loss_eog : 0.500508 [31mtotal : 1.227624 [94mAcc_combined: 88.71 [94mAcc_eeg: 86.45 [94mAcc_eog: 83.26 [92mF1_combined: 80.72 [92mF1_eeg: 78.73 [92mF1_eog: 72.95 [92mK_combined: 0.8421 [92mK_eeg: 0.8108 [92mK_eog: 0.7650 [34mF1_perclass_combined: [93.3, 44.83, 89.62, 85.53, 90.31] [34mF1_perclass_eeg: [91.24, 44.57, 87.63, 85.32, 84.88] [34mF1_perclass_eog: [89.72, 27.86, 83.59, 75.53, 88.08] 
[37mEpoch 3 step 91 with [31mce_loss_combined : 0.290531 [31mce_loss_eeg : 0.417291 [31mce_loss_eog : 0.497783 [31mtotal : 1.205606 [94mAcc_combined: 89.10 [94mAcc_eeg: 87.02 [94mAcc_eog: 83.24 [92mF1_combined: 81.14 [92mF1_eeg: 78.91 [92mF1_eog: 72.76 [92mK_combined: 0.8476 [92mK_eeg: 0.8188 [92mK_eog: 0.7647 [34mF1_perclass_combined: [93.89, 45.46, 89.9, 85.96, 90.49] [34mF1_perclass_eeg: [91.74, 43.26, 88.18, 85.96, 85.4] [34mF1_perclass_eog: [89.49, 27.84, 83.78, 74.92, 87.74] 
[37mEpoch 3 step 93 with [31mce_loss_combined : 0.291864 [31mce_loss_eeg : 0.419721 [31mce_loss_eog : 0.493670 [31mtotal : 1.205256 [94mAcc_combined: 89.01 [94mAcc_eeg: 87.02 [94mAcc_eog: 83.41 [92mF1_combined: 80.98 [92mF1_eeg: 78.67 [92mF1_eog: 72.61 [92mK_combined: 0.8459 [92mK_eeg: 0.8183 [92mK_eog: 0.7667 [34mF1_perclass_combined: [93.91, 44.68, 89.68, 85.97, 90.63] [34mF1_perclass_eeg: [91.78, 42.0, 88.07, 86.01, 85.52] [34mF1_perclass_eog: [89.99, 25.75, 83.71, 75.63, 87.99] 
[37mEpoch 3 step 94 with [31mce_loss_combined : 0.291511 [31mce_loss_eeg : 0.420067 [31mce_loss_eog : 0.491576 [31mtotal : 1.203154 [94mAcc_combined: 89.04 [94mAcc_eeg: 87.00 [94mAcc_eog: 83.48 [92mF1_combined: 80.94 [92mF1_eeg: 78.62 [92mF1_eog: 72.55 [92mK_combined: 0.8463 [92mK_eeg: 0.8179 [92mK_eog: 0.7672 [34mF1_perclass_combined: [93.91, 44.41, 89.77, 85.9, 90.73] [34mF1_perclass_eeg: [91.86, 41.83, 88.05, 85.79, 85.56] [34mF1_perclass_eog: [90.25, 25.2, 83.77, 75.46, 88.09] 
[37mEpoch 3 step 95 with [31mce_loss_combined : 0.290740 [31mce_loss_eeg : 0.420398 [31mce_loss_eog : 0.491060 [31mtotal : 1.202198 [94mAcc_combined: 89.08 [94mAcc_eeg: 87.00 [94mAcc_eog: 83.52 [92mF1_combined: 80.98 [92mF1_eeg: 78.64 [92mF1_eog: 72.72 [92mK_combined: 0.8471 [92mK_eeg: 0.8183 [92mK_eog: 0.7679 [34mF1_perclass_combined: [93.83, 44.61, 89.86, 85.95, 90.64] [34mF1_perclass_eeg: [91.79, 42.0, 88.08, 85.82, 85.5] [34mF1_perclass_eog: [89.94, 26.54, 83.99, 74.98, 88.16] 
[37mEpoch 4 step 114 with [31mce_loss_combined : 0.298863 [31mce_loss_eeg : 0.416429 [31mce_loss_eog : 0.484571 [31mtotal : 1.199863 [94mAcc_combined: 88.75 [94mAcc_eeg: 86.28 [94mAcc_eog: 83.16 [92mF1_combined: 81.90 [92mF1_eeg: 79.06 [92mF1_eog: 73.77 [92mK_combined: 0.8436 [92mK_eeg: 0.8087 [92mK_eog: 0.7654 [34mF1_perclass_combined: [93.75, 50.61, 89.45, 85.63, 90.08] [34mF1_perclass_eeg: [91.13, 46.57, 87.33, 85.7, 84.57] [34mF1_perclass_eog: [90.06, 31.69, 83.12, 76.24, 87.73] 
[37mEpoch 4 step 117 with [31mce_loss_combined : 0.299635 [31mce_loss_eeg : 0.408251 [31mce_loss_eog : 0.479396 [31mtotal : 1.187282 [94mAcc_combined: 88.82 [94mAcc_eeg: 86.72 [94mAcc_eog: 83.39 [92mF1_combined: 81.33 [92mF1_eeg: 78.81 [92mF1_eog: 73.23 [92mK_combined: 0.8440 [92mK_eeg: 0.8146 [92mK_eog: 0.7682 [34mF1_perclass_combined: [93.57, 47.44, 89.65, 85.84, 90.13] [34mF1_perclass_eeg: [91.49, 43.88, 87.88, 86.2, 84.59] [34mF1_perclass_eog: [90.45, 28.39, 83.5, 75.93, 87.86] 
[37mEpoch 4 step 119 with [31mce_loss_combined : 0.301898 [31mce_loss_eeg : 0.397384 [31mce_loss_eog : 0.486046 [31mtotal : 1.185329 [94mAcc_combined: 88.87 [94mAcc_eeg: 86.99 [94mAcc_eog: 83.21 [92mF1_combined: 80.81 [92mF1_eeg: 78.36 [92mF1_eog: 71.23 [92mK_combined: 0.8436 [92mK_eeg: 0.8173 [92mK_eog: 0.7618 [34mF1_perclass_combined: [93.54, 45.1, 89.77, 85.32, 90.34] [34mF1_perclass_eeg: [91.9, 40.71, 88.1, 85.16, 85.92] [34mF1_perclass_eog: [90.26, 20.22, 83.66, 74.47, 87.55] 
[37mEpoch 4 step 120 with [31mce_loss_combined : 0.297400 [31mce_loss_eeg : 0.407717 [31mce_loss_eog : 0.480125 [31mtotal : 1.185241 [94mAcc_combined: 88.83 [94mAcc_eeg: 86.64 [94mAcc_eog: 83.30 [92mF1_combined: 81.02 [92mF1_eeg: 78.38 [92mF1_eog: 72.66 [92mK_combined: 0.8437 [92mK_eeg: 0.8131 [92mK_eog: 0.7658 [34mF1_perclass_combined: [93.77, 45.57, 89.43, 85.88, 90.44] [34mF1_perclass_eeg: [91.36, 41.81, 87.66, 86.12, 84.92] [34mF1_perclass_eog: [90.31, 25.7, 83.27, 76.03, 88.01] 
[37mEpoch 4 step 124 with [31mce_loss_combined : 0.292955 [31mce_loss_eeg : 0.399765 [31mce_loss_eog : 0.478369 [31mtotal : 1.171089 [94mAcc_combined: 89.04 [94mAcc_eeg: 86.96 [94mAcc_eog: 83.34 [92mF1_combined: 80.88 [92mF1_eeg: 78.19 [92mF1_eog: 71.85 [92mK_combined: 0.8461 [92mK_eeg: 0.8168 [92mK_eog: 0.7642 [34mF1_perclass_combined: [93.81, 44.77, 89.98, 85.5, 90.32] [34mF1_perclass_eeg: [91.76, 39.71, 88.12, 86.05, 85.29] [34mF1_perclass_eog: [90.08, 22.84, 83.89, 74.78, 87.64] 
[37mEpoch 4 step 125 with [31mce_loss_combined : 0.294140 [31mce_loss_eeg : 0.405337 [31mce_loss_eog : 0.469993 [31mtotal : 1.169470 [94mAcc_combined: 89.05 [94mAcc_eeg: 87.09 [94mAcc_eog: 83.68 [92mF1_combined: 81.84 [92mF1_eeg: 79.44 [92mF1_eog: 73.52 [92mK_combined: 0.8471 [92mK_eeg: 0.8200 [92mK_eog: 0.7704 [34mF1_perclass_combined: [93.77, 49.53, 89.95, 85.58, 90.37] [34mF1_perclass_eeg: [91.85, 45.81, 88.24, 85.62, 85.69] [34mF1_perclass_eog: [90.36, 30.26, 84.21, 74.58, 88.21] 
[37mEpoch 4 step 127 with [31mce_loss_combined : 0.292988 [31mce_loss_eeg : 0.396078 [31mce_loss_eog : 0.470611 [31mtotal : 1.159677 [94mAcc_combined: 89.01 [94mAcc_eeg: 87.19 [94mAcc_eog: 83.47 [92mF1_combined: 80.65 [92mF1_eeg: 78.37 [92mF1_eog: 71.53 [92mK_combined: 0.8456 [92mK_eeg: 0.8200 [92mK_eog: 0.7661 [34mF1_perclass_combined: [93.91, 43.29, 89.75, 85.66, 90.65] [34mF1_perclass_eeg: [91.89, 39.82, 88.37, 85.64, 86.12] [34mF1_perclass_eog: [90.61, 20.24, 83.75, 74.88, 88.15] 
[37mEpoch 4 step 130 with [31mce_loss_combined : 0.290391 [31mce_loss_eeg : 0.396282 [31mce_loss_eog : 0.466327 [31mtotal : 1.153000 [94mAcc_combined: 89.13 [94mAcc_eeg: 87.29 [94mAcc_eog: 83.72 [92mF1_combined: 82.03 [92mF1_eeg: 79.76 [92mF1_eog: 73.52 [92mK_combined: 0.8486 [92mK_eeg: 0.8230 [92mK_eog: 0.7714 [34mF1_perclass_combined: [93.84, 49.86, 89.9, 86.04, 90.49] [34mF1_perclass_eeg: [91.85, 46.15, 88.4, 86.34, 86.1] [34mF1_perclass_eog: [90.53, 30.0, 84.21, 74.48, 88.4] 
[37mEpoch 4 step 136 with [31mce_loss_combined : 0.288635 [31mce_loss_eeg : 0.395907 [31mce_loss_eog : 0.467407 [31mtotal : 1.151949 [94mAcc_combined: 89.18 [94mAcc_eeg: 87.21 [94mAcc_eog: 83.73 [92mF1_combined: 81.91 [92mF1_eeg: 79.40 [92mF1_eog: 73.45 [92mK_combined: 0.8489 [92mK_eeg: 0.8213 [92mK_eog: 0.7701 [34mF1_perclass_combined: [93.88, 49.12, 89.94, 86.08, 90.55] [34mF1_perclass_eeg: [91.86, 44.63, 88.26, 86.34, 85.88] [34mF1_perclass_eog: [90.57, 30.25, 84.34, 73.58, 88.49] 
[37mEpoch 6 step 169 with [31mce_loss_combined : 0.294113 [31mce_loss_eeg : 0.385710 [31mce_loss_eog : 0.468130 [31mtotal : 1.147953 [94mAcc_combined: 88.94 [94mAcc_eeg: 87.01 [94mAcc_eog: 83.13 [92mF1_combined: 81.90 [92mF1_eeg: 79.78 [92mF1_eog: 73.17 [92mK_combined: 0.8459 [92mK_eeg: 0.8194 [92mK_eog: 0.7628 [34mF1_perclass_combined: [93.85, 49.57, 89.64, 85.93, 90.51] [34mF1_perclass_eeg: [91.88, 46.96, 87.91, 86.13, 86.01] [34mF1_perclass_eog: [89.71, 28.79, 83.36, 75.93, 88.06] 
[37mEpoch 6 step 170 with [31mce_loss_combined : 0.293826 [31mce_loss_eeg : 0.384841 [31mce_loss_eog : 0.468387 [31mtotal : 1.147054 [94mAcc_combined: 88.89 [94mAcc_eeg: 86.99 [94mAcc_eog: 83.17 [92mF1_combined: 80.49 [92mF1_eeg: 78.32 [92mF1_eog: 72.40 [92mK_combined: 0.8438 [92mK_eeg: 0.8179 [92mK_eog: 0.7649 [34mF1_perclass_combined: [94.06, 43.11, 89.62, 84.96, 90.69] [34mF1_perclass_eeg: [91.88, 39.26, 87.99, 85.86, 86.58] [34mF1_perclass_eog: [90.36, 24.23, 82.92, 76.31, 88.15] 
[37mEpoch 6 step 174 with [31mce_loss_combined : 0.295015 [31mce_loss_eeg : 0.379488 [31mce_loss_eog : 0.463014 [31mtotal : 1.137516 [94mAcc_combined: 88.97 [94mAcc_eeg: 87.23 [94mAcc_eog: 83.31 [92mF1_combined: 80.87 [92mF1_eeg: 79.45 [92mF1_eog: 72.68 [92mK_combined: 0.8460 [92mK_eeg: 0.8225 [92mK_eog: 0.7663 [34mF1_perclass_combined: [93.92, 45.16, 90.03, 85.91, 89.32] [34mF1_perclass_eeg: [92.02, 45.05, 88.27, 86.15, 85.75] [34mF1_perclass_eog: [89.85, 27.2, 83.81, 74.62, 87.91] 
[37mEpoch 6 step 179 with [31mce_loss_combined : 0.290322 [31mce_loss_eeg : 0.383294 [31mce_loss_eog : 0.462343 [31mtotal : 1.135959 [94mAcc_combined: 89.03 [94mAcc_eeg: 86.83 [94mAcc_eog: 83.42 [92mF1_combined: 81.99 [92mF1_eeg: 79.26 [92mF1_eog: 73.56 [92mK_combined: 0.8479 [92mK_eeg: 0.8167 [92mK_eog: 0.7678 [34mF1_perclass_combined: [94.21, 49.67, 89.58, 85.87, 90.62] [34mF1_perclass_eeg: [91.73, 45.27, 87.77, 86.21, 85.33] [34mF1_perclass_eog: [89.86, 30.39, 83.76, 75.75, 88.06] 
[37mEpoch 6 step 189 with [31mce_loss_combined : 0.290204 [31mce_loss_eeg : 0.385171 [31mce_loss_eog : 0.459316 [31mtotal : 1.134691 [94mAcc_combined: 89.11 [94mAcc_eeg: 87.17 [94mAcc_eog: 83.47 [92mF1_combined: 81.99 [92mF1_eeg: 79.29 [92mF1_eog: 72.85 [92mK_combined: 0.8475 [92mK_eeg: 0.8199 [92mK_eog: 0.7652 [34mF1_perclass_combined: [93.79, 50.28, 90.01, 85.49, 90.4] [34mF1_perclass_eeg: [91.87, 45.02, 88.56, 84.97, 86.03] [34mF1_perclass_eog: [90.85, 29.29, 84.27, 71.65, 88.2] 
[37mEpoch 6 step 190 with [31mce_loss_combined : 0.293088 [31mce_loss_eeg : 0.378857 [31mce_loss_eog : 0.454560 [31mtotal : 1.126505 [94mAcc_combined: 88.98 [94mAcc_eeg: 87.23 [94mAcc_eog: 83.77 [92mF1_combined: 82.07 [92mF1_eeg: 79.85 [92mF1_eog: 74.23 [92mK_combined: 0.8466 [92mK_eeg: 0.8221 [92mK_eog: 0.7712 [34mF1_perclass_combined: [93.94, 50.62, 89.59, 85.83, 90.39] [34mF1_perclass_eeg: [92.08, 46.9, 88.15, 86.25, 85.87] [34mF1_perclass_eog: [90.95, 34.23, 84.42, 73.45, 88.09] 
[37mEpoch 7 step 194 with [31mce_loss_combined : 0.290992 [31mce_loss_eeg : 0.375218 [31mce_loss_eog : 0.449096 [31mtotal : 1.115305 [94mAcc_combined: 89.21 [94mAcc_eeg: 87.54 [94mAcc_eog: 83.91 [92mF1_combined: 81.82 [92mF1_eeg: 79.93 [92mF1_eog: 73.82 [92mK_combined: 0.8483 [92mK_eeg: 0.8257 [92mK_eog: 0.7735 [34mF1_perclass_combined: [94.08, 48.58, 89.99, 85.79, 90.65] [34mF1_perclass_eeg: [92.26, 46.35, 88.64, 86.03, 86.39] [34mF1_perclass_eog: [91.11, 29.86, 84.05, 75.28, 88.79] 
[37mEpoch 7 step 195 with [31mce_loss_combined : 0.289026 [31mce_loss_eeg : 0.372749 [31mce_loss_eog : 0.445429 [31mtotal : 1.107204 [94mAcc_combined: 89.15 [94mAcc_eeg: 87.35 [94mAcc_eog: 84.03 [92mF1_combined: 81.64 [92mF1_eeg: 79.60 [92mF1_eog: 73.18 [92mK_combined: 0.8477 [92mK_eeg: 0.8226 [92mK_eog: 0.7743 [34mF1_perclass_combined: [94.08, 48.24, 89.87, 85.3, 90.7] [34mF1_perclass_eeg: [92.4, 45.65, 88.28, 85.0, 86.68] [34mF1_perclass_eog: [91.11, 27.12, 84.43, 74.62, 88.64] 
[37mEpoch 7 step 196 with [31mce_loss_combined : 0.287229 [31mce_loss_eeg : 0.373145 [31mce_loss_eog : 0.439372 [31mtotal : 1.099746 [94mAcc_combined: 89.18 [94mAcc_eeg: 87.37 [94mAcc_eog: 84.16 [92mF1_combined: 82.13 [92mF1_eeg: 80.18 [92mF1_eog: 74.44 [92mK_combined: 0.8495 [92mK_eeg: 0.8243 [92mK_eog: 0.7780 [34mF1_perclass_combined: [94.03, 50.07, 89.76, 86.0, 90.81] [34mF1_perclass_eeg: [92.11, 47.77, 88.21, 86.17, 86.65] [34mF1_perclass_eog: [90.94, 32.17, 84.4, 75.7, 88.98] 
[37mEpoch 7 step 198 with [31mce_loss_combined : 0.286148 [31mce_loss_eeg : 0.371793 [31mce_loss_eog : 0.440874 [31mtotal : 1.098816 [94mAcc_combined: 89.27 [94mAcc_eeg: 87.53 [94mAcc_eog: 84.13 [92mF1_combined: 82.23 [92mF1_eeg: 80.33 [92mF1_eog: 74.05 [92mK_combined: 0.8509 [92mK_eeg: 0.8267 [92mK_eog: 0.7780 [34mF1_perclass_combined: [93.95, 50.07, 89.99, 86.38, 90.78] [34mF1_perclass_eeg: [92.19, 47.84, 88.4, 86.28, 86.93] [34mF1_perclass_eog: [90.63, 30.45, 84.47, 76.05, 88.64] 
[37mEpoch 7 step 200 with [31mce_loss_combined : 0.285905 [31mce_loss_eeg : 0.371407 [31mce_loss_eog : 0.440615 [31mtotal : 1.097927 [94mAcc_combined: 89.36 [94mAcc_eeg: 87.66 [94mAcc_eog: 84.18 [92mF1_combined: 81.97 [92mF1_eeg: 80.17 [92mF1_eog: 74.08 [92mK_combined: 0.8514 [92mK_eeg: 0.8278 [92mK_eog: 0.7786 [34mF1_perclass_combined: [93.92, 48.74, 90.2, 86.35, 90.65] [34mF1_perclass_eeg: [92.19, 46.71, 88.67, 86.45, 86.83] [34mF1_perclass_eog: [90.78, 30.32, 84.58, 76.19, 88.52] 
[37mEpoch 7 step 202 with [31mce_loss_combined : 0.284244 [31mce_loss_eeg : 0.366082 [31mce_loss_eog : 0.444362 [31mtotal : 1.094688 [94mAcc_combined: 89.39 [94mAcc_eeg: 87.67 [94mAcc_eog: 84.10 [92mF1_combined: 82.12 [92mF1_eeg: 80.10 [92mF1_eog: 74.15 [92mK_combined: 0.8516 [92mK_eeg: 0.8278 [92mK_eog: 0.7766 [34mF1_perclass_combined: [94.2, 49.21, 90.11, 86.36, 90.71] [34mF1_perclass_eeg: [92.3, 46.19, 88.63, 86.38, 86.99] [34mF1_perclass_eog: [91.02, 30.9, 84.42, 75.77, 88.63] 
[37mEpoch 7 step 203 with [31mce_loss_combined : 0.283504 [31mce_loss_eeg : 0.368815 [31mce_loss_eog : 0.442107 [31mtotal : 1.094427 [94mAcc_combined: 89.36 [94mAcc_eeg: 87.57 [94mAcc_eog: 84.20 [92mF1_combined: 81.76 [92mF1_eeg: 79.82 [92mF1_eog: 73.93 [92mK_combined: 0.8513 [92mK_eeg: 0.8264 [92mK_eog: 0.7784 [34mF1_perclass_combined: [94.17, 47.52, 90.06, 86.33, 90.74] [34mF1_perclass_eeg: [92.2, 45.34, 88.46, 86.4, 86.7] [34mF1_perclass_eog: [90.81, 29.26, 84.41, 76.13, 89.07] 
[37mEpoch 7 step 207 with [31mce_loss_combined : 0.282355 [31mce_loss_eeg : 0.368097 [31mce_loss_eog : 0.441051 [31mtotal : 1.091503 [94mAcc_combined: 89.43 [94mAcc_eeg: 87.56 [94mAcc_eog: 84.16 [92mF1_combined: 81.88 [92mF1_eeg: 79.77 [92mF1_eog: 73.72 [92mK_combined: 0.8523 [92mK_eeg: 0.8260 [92mK_eog: 0.7769 [34mF1_perclass_combined: [94.09, 47.97, 90.21, 86.33, 90.79] [34mF1_perclass_eeg: [92.18, 45.37, 88.59, 86.33, 86.4] [34mF1_perclass_eog: [90.75, 29.59, 84.73, 74.75, 88.79] 
[37mEpoch 7 step 214 with [31mce_loss_combined : 0.282163 [31mce_loss_eeg : 0.371089 [31mce_loss_eog : 0.437462 [31mtotal : 1.090714 [94mAcc_combined: 89.42 [94mAcc_eeg: 87.65 [94mAcc_eog: 84.27 [92mF1_combined: 82.38 [92mF1_eeg: 80.33 [92mF1_eog: 74.22 [92mK_combined: 0.8527 [92mK_eeg: 0.8279 [92mK_eog: 0.7793 [34mF1_perclass_combined: [94.19, 50.48, 90.16, 86.33, 90.74] [34mF1_perclass_eeg: [92.21, 47.65, 88.64, 86.31, 86.83] [34mF1_perclass_eog: [91.27, 31.05, 84.59, 75.31, 88.87] 
[37mEpoch 7 step 215 with [31mce_loss_combined : 0.282011 [31mce_loss_eeg : 0.370640 [31mce_loss_eog : 0.437703 [31mtotal : 1.090354 [94mAcc_combined: 89.43 [94mAcc_eeg: 87.69 [94mAcc_eog: 84.29 [92mF1_combined: 82.33 [92mF1_eeg: 80.34 [92mF1_eog: 74.20 [92mK_combined: 0.8527 [92mK_eeg: 0.8283 [92mK_eog: 0.7793 [34mF1_perclass_combined: [94.19, 50.25, 90.18, 86.32, 90.73] [34mF1_perclass_eeg: [92.2, 47.53, 88.71, 86.32, 86.93] [34mF1_perclass_eog: [91.23, 31.21, 84.72, 75.0, 88.84] 
[37mEpoch 7 step 216 with [31mce_loss_combined : 0.281436 [31mce_loss_eeg : 0.369725 [31mce_loss_eog : 0.437946 [31mtotal : 1.089107 [94mAcc_combined: 89.45 [94mAcc_eeg: 87.74 [94mAcc_eog: 84.29 [92mF1_combined: 82.29 [92mF1_eeg: 80.32 [92mF1_eog: 74.18 [92mK_combined: 0.8528 [92mK_eeg: 0.8287 [92mK_eog: 0.7788 [34mF1_perclass_combined: [94.24, 50.01, 90.22, 86.28, 90.72] [34mF1_perclass_eeg: [92.26, 47.35, 88.8, 86.16, 87.06] [34mF1_perclass_eog: [91.28, 31.39, 84.77, 74.63, 88.85] 
[37mEpoch 7 step 217 with [31mce_loss_combined : 0.281345 [31mce_loss_eeg : 0.369539 [31mce_loss_eog : 0.438048 [31mtotal : 1.088932 [94mAcc_combined: 89.46 [94mAcc_eeg: 87.73 [94mAcc_eog: 84.30 [92mF1_combined: 82.29 [92mF1_eeg: 80.31 [92mF1_eog: 74.20 [92mK_combined: 0.8528 [92mK_eeg: 0.8285 [92mK_eog: 0.7789 [34mF1_perclass_combined: [94.23, 50.0, 90.23, 86.28, 90.73] [34mF1_perclass_eeg: [92.25, 47.32, 88.79, 86.15, 87.03] [34mF1_perclass_eog: [91.29, 31.41, 84.78, 74.63, 88.87] 
[37mEpoch 7 step 218 with [31mce_loss_combined : 0.281315 [31mce_loss_eeg : 0.369365 [31mce_loss_eog : 0.438052 [31mtotal : 1.088732 [94mAcc_combined: 89.45 [94mAcc_eeg: 87.73 [94mAcc_eog: 84.29 [92mF1_combined: 82.28 [92mF1_eeg: 80.33 [92mF1_eog: 74.20 [92mK_combined: 0.8527 [92mK_eeg: 0.8286 [92mK_eog: 0.7788 [34mF1_perclass_combined: [94.23, 49.94, 90.21, 86.27, 90.74] [34mF1_perclass_eeg: [92.26, 47.38, 88.79, 86.19, 87.01] [34mF1_perclass_eog: [91.29, 31.43, 84.78, 74.62, 88.88] 
[37mEpoch 10 step 291 with [31mce_loss_combined : 0.288317 [31mce_loss_eeg : 0.369664 [31mce_loss_eog : 0.430130 [31mtotal : 1.088111 [94mAcc_combined: 89.26 [94mAcc_eeg: 87.35 [94mAcc_eog: 84.31 [92mF1_combined: 81.12 [92mF1_eeg: 79.03 [92mF1_eog: 72.91 [92mK_combined: 0.8493 [92mK_eeg: 0.8226 [92mK_eog: 0.7782 [34mF1_perclass_combined: [94.06, 45.3, 90.15, 85.72, 90.39] [34mF1_perclass_eeg: [92.17, 42.78, 88.49, 85.56, 86.16] [34mF1_perclass_eog: [91.1, 24.86, 84.83, 74.94, 88.8] 
[37mEpoch 11 step 306 with [31mce_loss_combined : 0.289500 [31mce_loss_eeg : 0.354959 [31mce_loss_eog : 0.433899 [31mtotal : 1.078357 [94mAcc_combined: 89.35 [94mAcc_eeg: 87.50 [94mAcc_eog: 84.15 [92mF1_combined: 82.34 [92mF1_eeg: 80.06 [92mF1_eog: 74.29 [92mK_combined: 0.8509 [92mK_eeg: 0.8252 [92mK_eog: 0.7762 [34mF1_perclass_combined: [93.94, 50.68, 90.23, 86.15, 90.72] [34mF1_perclass_eeg: [92.35, 46.69, 88.43, 86.22, 86.62] [34mF1_perclass_eog: [91.34, 31.65, 84.5, 75.5, 88.46] 
[37mEpoch 11 step 318 with [31mce_loss_combined : 0.284675 [31mce_loss_eeg : 0.359218 [31mce_loss_eog : 0.429794 [31mtotal : 1.073687 [94mAcc_combined: 89.32 [94mAcc_eeg: 87.54 [94mAcc_eog: 84.17 [92mF1_combined: 82.33 [92mF1_eeg: 79.92 [92mF1_eog: 74.23 [92mK_combined: 0.8518 [92mK_eeg: 0.8269 [92mK_eog: 0.7793 [34mF1_perclass_combined: [94.24, 50.59, 90.03, 86.39, 90.4] [34mF1_perclass_eeg: [92.24, 46.03, 88.59, 86.5, 86.23] [34mF1_perclass_eog: [91.45, 31.05, 84.34, 75.93, 88.39] 
[37mEpoch 11 step 320 with [31mce_loss_combined : 0.286443 [31mce_loss_eeg : 0.357091 [31mce_loss_eog : 0.429659 [31mtotal : 1.073193 [94mAcc_combined: 89.48 [94mAcc_eeg: 87.83 [94mAcc_eog: 84.19 [92mF1_combined: 82.41 [92mF1_eeg: 80.32 [92mF1_eog: 73.71 [92mK_combined: 0.8529 [92mK_eeg: 0.8297 [92mK_eog: 0.7777 [34mF1_perclass_combined: [94.22, 50.34, 90.17, 86.51, 90.8] [34mF1_perclass_eeg: [92.34, 46.98, 88.84, 86.49, 86.95] [34mF1_perclass_eog: [91.51, 28.14, 84.34, 75.94, 88.63] 
[37mEpoch 11 step 321 with [31mce_loss_combined : 0.290291 [31mce_loss_eeg : 0.353553 [31mce_loss_eog : 0.425699 [31mtotal : 1.069543 [94mAcc_combined: 89.18 [94mAcc_eeg: 87.56 [94mAcc_eog: 84.26 [92mF1_combined: 81.32 [92mF1_eeg: 79.39 [92mF1_eog: 73.02 [92mK_combined: 0.8479 [92mK_eeg: 0.8255 [92mK_eog: 0.7779 [34mF1_perclass_combined: [94.18, 45.88, 89.85, 85.93, 90.76] [34mF1_perclass_eeg: [92.35, 43.05, 88.51, 86.18, 86.86] [34mF1_perclass_eog: [91.49, 24.49, 84.49, 75.58, 89.04] 
[37mEpoch 12 step 334 with [31mce_loss_combined : 0.284225 [31mce_loss_eeg : 0.352654 [31mce_loss_eog : 0.426114 [31mtotal : 1.062993 [94mAcc_combined: 89.37 [94mAcc_eeg: 87.70 [94mAcc_eog: 84.24 [92mF1_combined: 82.99 [92mF1_eeg: 81.01 [92mF1_eog: 75.13 [92mK_combined: 0.8525 [92mK_eeg: 0.8288 [92mK_eog: 0.7794 [34mF1_perclass_combined: [94.27, 53.47, 89.97, 86.23, 91.01] [34mF1_perclass_eeg: [92.47, 50.55, 88.53, 86.19, 87.33] [34mF1_perclass_eog: [91.04, 36.24, 84.79, 74.76, 88.84] 
[37mEpoch 12 step 336 with [31mce_loss_combined : 0.279330 [31mce_loss_eeg : 0.352598 [31mce_loss_eog : 0.420777 [31mtotal : 1.052705 [94mAcc_combined: 89.54 [94mAcc_eeg: 87.80 [94mAcc_eog: 84.55 [92mF1_combined: 82.89 [92mF1_eeg: 81.01 [92mF1_eog: 75.11 [92mK_combined: 0.8546 [92mK_eeg: 0.8302 [92mK_eog: 0.7841 [34mF1_perclass_combined: [94.31, 52.45, 90.17, 86.53, 90.99] [34mF1_perclass_eeg: [92.38, 50.17, 88.59, 86.55, 87.37] [34mF1_perclass_eog: [91.33, 34.3, 84.97, 76.05, 88.88] 
[37mEpoch 13 step 362 with [31mce_loss_combined : 0.278067 [31mce_loss_eeg : 0.348976 [31mce_loss_eog : 0.419388 [31mtotal : 1.046432 [94mAcc_combined: 89.56 [94mAcc_eeg: 87.96 [94mAcc_eog: 84.66 [92mF1_combined: 82.70 [92mF1_eeg: 80.97 [92mF1_eog: 75.21 [92mK_combined: 0.8544 [92mK_eeg: 0.8318 [92mK_eog: 0.7849 [34mF1_perclass_combined: [94.37, 51.54, 90.22, 86.37, 90.99] [34mF1_perclass_eeg: [92.49, 49.56, 88.86, 86.41, 87.53] [34mF1_perclass_eog: [91.71, 34.51, 85.06, 75.69, 89.07] 
[37mEpoch 13 step 363 with [31mce_loss_combined : 0.277825 [31mce_loss_eeg : 0.348695 [31mce_loss_eog : 0.419324 [31mtotal : 1.045843 [94mAcc_combined: 89.56 [94mAcc_eeg: 87.89 [94mAcc_eog: 84.60 [92mF1_combined: 82.69 [92mF1_eeg: 80.89 [92mF1_eog: 75.12 [92mK_combined: 0.8543 [92mK_eeg: 0.8309 [92mK_eog: 0.7839 [34mF1_perclass_combined: [94.39, 51.61, 90.22, 86.26, 90.98] [34mF1_perclass_eeg: [92.37, 49.48, 88.83, 86.21, 87.56] [34mF1_perclass_eog: [91.62, 34.71, 85.1, 75.36, 88.83] 
[37mEpoch 13 step 364 with [31mce_loss_combined : 0.277210 [31mce_loss_eeg : 0.348636 [31mce_loss_eog : 0.418090 [31mtotal : 1.043936 [94mAcc_combined: 89.60 [94mAcc_eeg: 87.93 [94mAcc_eog: 84.66 [92mF1_combined: 82.82 [92mF1_eeg: 80.90 [92mF1_eog: 74.99 [92mK_combined: 0.8549 [92mK_eeg: 0.8313 [92mK_eog: 0.7847 [34mF1_perclass_combined: [94.35, 52.12, 90.26, 86.33, 91.05] [34mF1_perclass_eeg: [92.42, 49.27, 88.83, 86.34, 87.63] [34mF1_perclass_eog: [91.68, 33.5, 85.09, 75.73, 88.95] 
{'val_loss': {'ce_loss_combined': 0.27720997, 'ce_loss_eeg': 0.3486357, 'ce_loss_eog': 0.41809002, 'total': 1.0439357}, 'val_acc': {'combined': 0.8960245568629811, 'eeg': 0.8792721217410495, 'eog': 0.8466299517489743}, 'val_f1': {'combined': 0.8282302507943907, 'eeg': 0.8089665333647501, 'eog': 0.7498910472374969}, 'val_k': {'combined': 0.8548764976751035, 'eeg': 0.8313144818170406, 'eog': 0.7846966712245108}, 'val_perclassf1': {'combined': array([0.94349299, 0.52119309, 0.90259156, 0.86332963, 0.91054399]), 'eeg': array([0.92418813, 0.49269006, 0.88825905, 0.86340225, 0.87629318]), 'eog': array([0.91676327, 0.33504098, 0.85086297, 0.75733592, 0.8894521 ])}}
We are in the final state.
Job finished
