Starting Job
/users/sista/kkontras/Documents/Sleep_Project/main_paper.py
/esat/smcdata/users/kkontras/Image_Dataset/no_backup/envs/gl_env/bin/python
Python 3.7.10
/users/sista/kkontras/Documents/Sleep_Project
0
 THE Configuration of your experiment ..
{'agent': 'Sleep_Agent_Init_Train',
 'augmentation': {},
 'channel': 0,
 'dataset': {'cache_datasets': {'test': False, 'train': False, 'valid': False},
             'data_roots': '/esat/biomeddata/SHHS_Dataset/no_backup',
             'data_split': {'split_method': 'patients_test',
                            'test_split_rate': 0.3,
                            'val_split_rate': 0.026},
             'data_view_dir': [{'data_type': 'stft',
                                'list_dir': 'patient_mat_list.txt',
                                'mod': 'eeg',
                                'num_ch': 1},
                               {'data_type': 'stft',
                                'list_dir': 'patient_eog_mat_list.txt',
                                'mod': 'eog',
                                'num_ch': 1}],
             'dataloader_class': 'SleepDataLoader_mat_huy',
             'huy_data': True,
             'inner_overlap': [0.5, 0.5],
             'keep_view': [1, 0],
             'seq_length': [21, 0],
             'seq_views': [False],
             'shuffle_train': True},
 'early_stopping': {'log_interval': 10,
                    'max_epoch': 1000,
                    'n_steps_stop': 250,
                    'n_steps_stop_after': 400,
                    'save_every': 1,
                    'validate_after': 0,
                    'validate_every': 400},
 'exp_name': 'Sleep EEG-EOG BLIP Experiment',
 'lr_finder': False,
 'lr_finder_steps': 100,
 'mode': 'train',
 'model': {'args': {'augment_within': False,
                    'dmodel': 128,
                    'dropout': 0.3,
                    'fc_inner': 1024,
                    'ignore_alignment_val': True,
                    'multi_loss': {'multi_loss_weights': {'alignment_loss': 0.1,
                                                          'multi_supervised_loss': {'combined': 1,
                                                                                    'eeg': 1,
                                                                                    'eog': 1},
                                                          'order_loss': 0}},
                    'num_classes': 5,
                    'shared_pred': False,
                    'three_modes': True,
                    'training_type': 'alignment_order_multisupervised'},
           'encoders': [{'args': {'align_inner': True,
                                  'd_model': 128,
                                  'dim_feedforward': 1024,
                                  'dim_proj': 128,
                                  'dropout': 0.3,
                                  'inner_biased': False,
                                  'mod_token': False,
                                  'num_heads': 8,
                                  'num_layers': 4,
                                  'outer_biased': False,
                                  'outer_rep': False,
                                  'pos': False,
                                  'rpos': True,
                                  'shared': True,
                                  'skip_random_mod': False},
                         'encoders': [],
                         'freeze_encoder': False,
                         'model': 'SleepEnc_BLIP_EEG_EOG_sharedall_free_cliplike',
                         'pretrainedEncoder': {'dir': '', 'use': False},
                         'savetrainedEncoder': {'dir': '', 'save': False}}],
           'load_ongoing': False,
           'model_class': 'EEG_SLEEP_BLIP_GM_MultiMode',
           'pretrained_model': {'dir': '', 'use': False},
           'save_dir': '/esat/smcdata/users/kkontras/Image_Dataset/no_backup/data/2021_data/shhs1/multi_modal/paper_models/fourier_transformer_eeg_eog_mat_BLIP_al01_sharedall_b16_freetrain_rpos_nopos_nonsharedpreds_drop03_aligninner_trial1_pt.pth.tar'},
 'normalization': {'calculate_metrics': False,
                   'dir': '/esat/biomeddata/SHHS_Dataset/no_backup/metrics_eeg_eog_emg_stft.pkl',
                   'metrics_type': 'train_dataset',
                   'save_metrics': False,
                   'use': True},
 'num_classes': 5,
 'num_modalities': 1,
 'optimizer': {'beta1': 0.9,
               'beta2': 0.999,
               'learning_rate': 0.0001,
               'momentum': 0.2,
               'type': 'Adam',
               'weight_decay': 0.0001},
 'plots': {'plot_stft_num': 0, 'save': False},
 'post_proc': {'post_proc_step': 15,
               'test_postprocessing': False,
               'val_postprocessing': False},
 'scheduler': {'max_lr': 0.03, 'type': 'cosanneal', 'warm_up': 55},
 'statistics': {'ce_weights': {'temp': 0.1, 'use': False}, 'print': False},
 'training_params': {'adversarial_training': {'adv_epsilon': 0.01,
                                              'use': False},
                     'async_loading': True,
                     'batch_size': 16,
                     'cuda': True,
                     'data_loader_workers': 8,
                     'gpu_device': [0],
                     'pin_memory': True,
                     'rec_test': False,
                     'res': True,
                     'seed': 28,
                     'tdqm_disable': True,
                     'test_batch_size': 16,
                     'test_on_tops': True,
                     'use_test_set': True,
                     'validation': True,
                     'verbose': True,
                     'wandb_disable': False}}
 *************************************** 
The experiment name is Sleep EEG-EOG BLIP Experiment
 *************************************** 
stft_eeg Train 3724 validation 100 test 1639
stft_eog Train 3724 validation 100 test 1639
{'use_type': False, 'skip_skips': True}
{'use_type': False, 'skip_skips': True}
{'use_type': False, 'skip_skips': True}
{'use_type': False, 'skip_skips': True}
Loading metrics from /esat/biomeddata/SHHS_Dataset/no_backup/metrics_eeg_eog_emg_stft.pkl
Weights are [1. 1. 1. 1. 1.]
11089
400
28
tensor([1., 1., 1., 1., 1.], device='cuda:0')
We are not shuffling the data
Training function is sleep_train_one_step_alignment_order_multisupervised
Loss Weights are {'combined': 1, 'eeg': 1, 'eog': 1, 'alignments': 0.1, 'order': 0, 'consistency': 0, 'reconstruction': 0}
We are not shuffling the data
<class 'graphs.models.attention_models.BLIP.SleepEnc_BLIP_EEG_EOG_sharedall_free_cliplike'>
Total number of trainable parameters are: 6781455
Available cuda devices: 1, current device:0
Total number of trainable parameters are: 6781455
[37mEpoch 0 step 1 with [31mce_loss_combined : 0.794807 [31mce_loss_eeg : 1.158836 [31mce_loss_eog : 1.252202 [31mtotal : 3.205845 [94mAcc_combined: 71.22 [94mAcc_eeg: 70.52 [94mAcc_eog: 59.53 [92mF1_combined: 56.36 [92mF1_eeg: 50.31 [92mF1_eog: 38.23 [92mK_combined: 0.5976 [92mK_eeg: 0.5643 [92mK_eog: 0.3824 [34mF1_perclass_combined: [75.33, 0.0, 76.46, 67.14, 62.86] [34mF1_perclass_eeg: [84.35, 0.0, 72.89, 78.56, 15.77] [34mF1_perclass_eog: [67.6, 0.0, 67.56, 55.14, 0.85] 
[37mEpoch 0 step 2 with [31mce_loss_combined : 0.712663 [31mce_loss_eeg : 1.105782 [31mce_loss_eog : 1.111721 [31mtotal : 2.930164 [94mAcc_combined: 74.36 [94mAcc_eeg: 72.87 [94mAcc_eog: 73.08 [92mF1_combined: 58.64 [92mF1_eeg: 55.13 [92mF1_eog: 57.44 [92mK_combined: 0.6305 [92mK_eeg: 0.6081 [92mK_eog: 0.6176 [34mF1_perclass_combined: [79.81, 8.85, 80.16, 63.98, 60.43] [34mF1_perclass_eeg: [79.32, 0.0, 77.87, 72.57, 45.89] [34mF1_perclass_eog: [77.06, 0.0, 77.59, 66.41, 66.15] 
[37mEpoch 0 step 3 with [31mce_loss_combined : 0.527629 [31mce_loss_eeg : 1.062671 [31mce_loss_eog : 1.064828 [31mtotal : 2.655129 [94mAcc_combined: 81.03 [94mAcc_eeg: 75.31 [94mAcc_eog: 75.10 [92mF1_combined: 67.57 [92mF1_eeg: 58.58 [92mF1_eog: 60.24 [92mK_combined: 0.7343 [92mK_eeg: 0.6461 [92mK_eog: 0.6537 [34mF1_perclass_combined: [88.07, 10.0, 81.36, 81.14, 77.28] [34mF1_perclass_eeg: [86.02, 0.0, 76.04, 82.79, 48.06] [34mF1_perclass_eog: [80.27, 0.0, 78.21, 72.17, 70.53] 
[37mEpoch 0 step 4 with [31mce_loss_combined : 0.475760 [31mce_loss_eeg : 1.011498 [31mce_loss_eog : 1.055978 [31mtotal : 2.543236 [94mAcc_combined: 82.92 [94mAcc_eeg: 78.09 [94mAcc_eog: 73.79 [92mF1_combined: 67.60 [92mF1_eeg: 62.25 [92mF1_eog: 59.20 [92mK_combined: 0.7566 [92mK_eeg: 0.6889 [92mK_eog: 0.6231 [34mF1_perclass_combined: [89.59, 5.21, 84.04, 75.84, 83.33] [34mF1_perclass_eeg: [86.16, 0.0, 79.96, 75.76, 69.38] [34mF1_perclass_eog: [74.23, 0.0, 77.27, 70.51, 73.98] 
[37mEpoch 0 step 5 with [31mce_loss_combined : 0.435024 [31mce_loss_eeg : 0.974226 [31mce_loss_eog : 0.990703 [31mtotal : 2.399952 [94mAcc_combined: 84.65 [94mAcc_eeg: 80.09 [94mAcc_eog: 78.46 [92mF1_combined: 72.47 [92mF1_eeg: 64.68 [92mF1_eog: 63.38 [92mK_combined: 0.7848 [92mK_eeg: 0.7218 [92mK_eog: 0.6940 [34mF1_perclass_combined: [90.27, 18.74, 85.3, 84.27, 83.79] [34mF1_perclass_eeg: [86.53, 0.0, 81.08, 83.61, 72.16] [34mF1_perclass_eog: [82.07, 0.0, 80.27, 74.41, 80.17] 
[37mEpoch 0 step 7 with [31mce_loss_combined : 0.427516 [31mce_loss_eeg : 0.944781 [31mce_loss_eog : 0.953455 [31mtotal : 2.325752 [94mAcc_combined: 84.16 [94mAcc_eeg: 80.46 [94mAcc_eog: 79.72 [92mF1_combined: 68.92 [92mF1_eeg: 65.31 [92mF1_eog: 64.66 [92mK_combined: 0.7790 [92mK_eeg: 0.7269 [92mK_eog: 0.7129 [34mF1_perclass_combined: [89.96, 1.13, 83.65, 83.33, 86.55] [34mF1_perclass_eeg: [85.76, 0.0, 81.4, 83.46, 75.93] [34mF1_perclass_eog: [84.42, 0.0, 80.5, 77.65, 80.72] 
[37mEpoch 0 step 8 with [31mce_loss_combined : 0.419069 [31mce_loss_eeg : 0.925775 [31mce_loss_eog : 0.941528 [31mtotal : 2.286372 [94mAcc_combined: 85.02 [94mAcc_eeg: 81.14 [94mAcc_eog: 80.09 [92mF1_combined: 73.09 [92mF1_eeg: 65.59 [92mF1_eog: 64.94 [92mK_combined: 0.7912 [92mK_eeg: 0.7371 [92mK_eog: 0.7206 [34mF1_perclass_combined: [90.19, 20.25, 85.31, 83.83, 85.86] [34mF1_perclass_eeg: [87.52, 0.05, 82.19, 83.46, 74.72] [34mF1_perclass_eog: [84.25, 0.0, 81.06, 76.78, 82.63] 
[37mEpoch 0 step 10 with [31mce_loss_combined : 0.434456 [31mce_loss_eeg : 0.901006 [31mce_loss_eog : 0.920579 [31mtotal : 2.256041 [94mAcc_combined: 83.89 [94mAcc_eeg: 80.55 [94mAcc_eog: 79.33 [92mF1_combined: 73.55 [92mF1_eeg: 65.02 [92mF1_eog: 64.74 [92mK_combined: 0.7723 [92mK_eeg: 0.7216 [92mK_eog: 0.7067 [34mF1_perclass_combined: [88.93, 27.46, 85.28, 78.84, 87.26] [34mF1_perclass_eeg: [87.31, 1.39, 81.86, 78.07, 76.47] [34mF1_perclass_eog: [82.8, 0.16, 79.84, 77.42, 83.46] 
[37mEpoch 0 step 11 with [31mce_loss_combined : 0.377660 [31mce_loss_eeg : 0.869147 [31mce_loss_eog : 0.892387 [31mtotal : 2.139193 [94mAcc_combined: 86.28 [94mAcc_eeg: 82.48 [94mAcc_eog: 80.56 [92mF1_combined: 73.25 [92mF1_eeg: 66.99 [92mF1_eog: 65.32 [92mK_combined: 0.8082 [92mK_eeg: 0.7564 [92mK_eog: 0.7253 [34mF1_perclass_combined: [91.14, 15.96, 86.67, 85.15, 87.33] [34mF1_perclass_eeg: [87.4, 1.45, 83.92, 84.45, 77.72] [34mF1_perclass_eog: [84.56, 0.0, 81.6, 76.87, 83.56] 
[37mEpoch 0 step 13 with [31mce_loss_combined : 0.355698 [31mce_loss_eeg : 0.838220 [31mce_loss_eog : 0.874467 [31mtotal : 2.068385 [94mAcc_combined: 87.10 [94mAcc_eeg: 83.21 [94mAcc_eog: 80.36 [92mF1_combined: 75.39 [92mF1_eeg: 69.07 [92mF1_eog: 64.94 [92mK_combined: 0.8206 [92mK_eeg: 0.7661 [92mK_eog: 0.7225 [34mF1_perclass_combined: [91.83, 23.48, 87.45, 85.55, 88.63] [34mF1_perclass_eeg: [87.57, 8.51, 84.31, 84.03, 80.91] [34mF1_perclass_eog: [84.16, 0.7, 81.77, 73.78, 84.28] 
[37mEpoch 0 step 14 with [31mce_loss_combined : 0.350373 [31mce_loss_eeg : 0.826303 [31mce_loss_eog : 0.842208 [31mtotal : 2.018884 [94mAcc_combined: 87.25 [94mAcc_eeg: 82.96 [94mAcc_eog: 81.58 [92mF1_combined: 77.65 [92mF1_eeg: 69.94 [92mF1_eog: 66.86 [92mK_combined: 0.8243 [92mK_eeg: 0.7654 [92mK_eog: 0.7421 [34mF1_perclass_combined: [92.18, 34.02, 87.41, 85.25, 89.39] [34mF1_perclass_eeg: [89.04, 14.24, 84.15, 84.33, 77.94] [34mF1_perclass_eog: [85.85, 3.26, 82.16, 77.43, 85.62] 
[37mEpoch 0 step 16 with [31mce_loss_combined : 0.374258 [31mce_loss_eeg : 0.791920 [31mce_loss_eog : 0.819246 [31mtotal : 1.985423 [94mAcc_combined: 86.33 [94mAcc_eeg: 83.67 [94mAcc_eog: 81.72 [92mF1_combined: 73.64 [92mF1_eeg: 70.76 [92mF1_eog: 67.24 [92mK_combined: 0.8101 [92mK_eeg: 0.7723 [92mK_eog: 0.7452 [34mF1_perclass_combined: [91.34, 17.82, 86.52, 84.48, 88.07] [34mF1_perclass_eeg: [87.97, 15.88, 84.96, 85.06, 79.94] [34mF1_perclass_eog: [86.59, 3.16, 81.58, 78.83, 86.05] 
[37mEpoch 0 step 17 with [31mce_loss_combined : 0.334450 [31mce_loss_eeg : 0.778232 [31mce_loss_eog : 0.814681 [31mtotal : 1.927362 [94mAcc_combined: 87.67 [94mAcc_eeg: 83.92 [94mAcc_eog: 81.13 [92mF1_combined: 78.31 [92mF1_eeg: 72.70 [92mF1_eog: 67.86 [92mK_combined: 0.8293 [92mK_eeg: 0.7780 [92mK_eog: 0.7348 [34mF1_perclass_combined: [92.39, 35.91, 88.11, 85.57, 89.6] [34mF1_perclass_eeg: [89.32, 24.22, 85.09, 84.48, 80.36] [34mF1_perclass_eog: [84.9, 9.05, 81.78, 77.58, 86.0] 
[37mEpoch 0 step 18 with [31mce_loss_combined : 0.337538 [31mce_loss_eeg : 0.781808 [31mce_loss_eog : 0.799833 [31mtotal : 1.919180 [94mAcc_combined: 87.73 [94mAcc_eeg: 82.92 [94mAcc_eog: 81.36 [92mF1_combined: 79.16 [92mF1_eeg: 72.24 [92mF1_eog: 68.80 [92mK_combined: 0.8304 [92mK_eeg: 0.7628 [92mK_eog: 0.7355 [34mF1_perclass_combined: [92.45, 39.55, 88.2, 85.67, 89.94] [34mF1_perclass_eeg: [86.79, 26.49, 84.77, 83.03, 80.13] [34mF1_perclass_eog: [86.86, 17.28, 82.42, 71.45, 85.98] 
[37mEpoch 0 step 20 with [31mce_loss_combined : 0.329640 [31mce_loss_eeg : 0.733440 [31mce_loss_eog : 0.763123 [31mtotal : 1.826203 [94mAcc_combined: 88.02 [94mAcc_eeg: 84.59 [94mAcc_eog: 82.45 [92mF1_combined: 79.26 [92mF1_eeg: 74.79 [92mF1_eog: 70.44 [92mK_combined: 0.8340 [92mK_eeg: 0.7858 [92mK_eog: 0.7532 [34mF1_perclass_combined: [92.76, 39.59, 88.43, 85.89, 89.61] [34mF1_perclass_eeg: [88.89, 32.58, 85.9, 84.99, 81.57] [34mF1_perclass_eog: [87.63, 18.26, 82.91, 76.99, 86.42] 
[37mEpoch 0 step 22 with [31mce_loss_combined : 0.323508 [31mce_loss_eeg : 0.710765 [31mce_loss_eog : 0.770779 [31mtotal : 1.805051 [94mAcc_combined: 88.06 [94mAcc_eeg: 84.88 [94mAcc_eog: 80.59 [92mF1_combined: 79.02 [92mF1_eeg: 74.62 [92mF1_eog: 67.45 [92mK_combined: 0.8345 [92mK_eeg: 0.7892 [92mK_eog: 0.7249 [34mF1_perclass_combined: [93.16, 38.71, 88.56, 85.55, 89.1] [34mF1_perclass_eeg: [89.96, 30.77, 86.08, 83.44, 82.85] [34mF1_perclass_eog: [87.52, 16.75, 81.6, 66.33, 85.06] 
[37mEpoch 0 step 23 with [31mce_loss_combined : 0.326548 [31mce_loss_eeg : 0.710288 [31mce_loss_eog : 0.748906 [31mtotal : 1.785742 [94mAcc_combined: 87.84 [94mAcc_eeg: 84.18 [94mAcc_eog: 81.56 [92mF1_combined: 77.87 [92mF1_eeg: 74.91 [92mF1_eog: 70.81 [92mK_combined: 0.8298 [92mK_eeg: 0.7807 [92mK_eog: 0.7414 [34mF1_perclass_combined: [92.94, 34.14, 88.34, 83.98, 89.98] [34mF1_perclass_eeg: [88.57, 34.63, 85.43, 84.54, 81.4] [34mF1_perclass_eog: [86.69, 25.3, 82.29, 73.6, 86.16] 
[37mEpoch 0 step 25 with [31mce_loss_combined : 0.354793 [31mce_loss_eeg : 0.692080 [31mce_loss_eog : 0.719624 [31mtotal : 1.766498 [94mAcc_combined: 87.18 [94mAcc_eeg: 84.33 [94mAcc_eog: 82.33 [92mF1_combined: 77.01 [92mF1_eeg: 73.80 [92mF1_eog: 69.83 [92mK_combined: 0.8224 [92mK_eeg: 0.7841 [92mK_eog: 0.7565 [34mF1_perclass_combined: [90.94, 31.06, 87.8, 85.31, 89.9] [34mF1_perclass_eeg: [88.59, 27.33, 85.06, 84.76, 83.26] [34mF1_perclass_eog: [86.76, 13.71, 82.02, 79.58, 87.08] 
[37mEpoch 0 step 26 with [31mce_loss_combined : 0.339624 [31mce_loss_eeg : 0.685357 [31mce_loss_eog : 0.715681 [31mtotal : 1.740662 [94mAcc_combined: 87.57 [94mAcc_eeg: 84.18 [94mAcc_eog: 82.20 [92mF1_combined: 78.57 [92mF1_eeg: 75.08 [92mF1_eog: 70.02 [92mK_combined: 0.8283 [92mK_eeg: 0.7816 [92mK_eog: 0.7519 [34mF1_perclass_combined: [93.08, 37.84, 87.53, 84.82, 89.59] [34mF1_perclass_eeg: [89.43, 35.17, 84.61, 84.13, 82.05] [34mF1_perclass_eog: [86.34, 16.54, 82.9, 79.54, 84.8] 
[37mEpoch 1 step 30 with [31mce_loss_combined : 0.327503 [31mce_loss_eeg : 0.638414 [31mce_loss_eog : 0.680547 [31mtotal : 1.646464 [94mAcc_combined: 88.02 [94mAcc_eeg: 85.16 [94mAcc_eog: 82.56 [92mF1_combined: 80.70 [92mF1_eeg: 77.65 [92mF1_eog: 72.37 [92mK_combined: 0.8353 [92mK_eeg: 0.7959 [92mK_eog: 0.7569 [34mF1_perclass_combined: [93.12, 45.95, 88.14, 85.6, 90.69] [34mF1_perclass_eeg: [89.72, 43.41, 85.87, 84.66, 84.58] [34mF1_perclass_eog: [87.68, 27.69, 82.81, 76.11, 87.54] 
[37mEpoch 1 step 33 with [31mce_loss_combined : 0.325162 [31mce_loss_eeg : 0.614221 [31mce_loss_eog : 0.647439 [31mtotal : 1.586822 [94mAcc_combined: 88.11 [94mAcc_eeg: 85.18 [94mAcc_eog: 83.31 [92mF1_combined: 80.01 [92mF1_eeg: 76.75 [92mF1_eog: 72.58 [92mK_combined: 0.8361 [92mK_eeg: 0.7948 [92mK_eog: 0.7682 [34mF1_perclass_combined: [93.02, 42.86, 88.31, 85.23, 90.61] [34mF1_perclass_eeg: [90.03, 39.1, 85.88, 84.4, 84.32] [34mF1_perclass_eog: [88.27, 24.69, 83.48, 78.94, 87.52] 
[37mEpoch 1 step 37 with [31mce_loss_combined : 0.331513 [31mce_loss_eeg : 0.592621 [31mce_loss_eog : 0.615514 [31mtotal : 1.539648 [94mAcc_combined: 87.56 [94mAcc_eeg: 85.04 [94mAcc_eog: 83.50 [92mF1_combined: 75.31 [92mF1_eeg: 73.29 [92mF1_eog: 69.65 [92mK_combined: 0.8277 [92mK_eeg: 0.7928 [92mK_eog: 0.7670 [34mF1_perclass_combined: [93.25, 20.68, 87.3, 85.11, 90.18] [34mF1_perclass_eeg: [90.01, 21.31, 85.22, 84.87, 85.02] [34mF1_perclass_eog: [88.84, 9.53, 83.62, 77.94, 88.34] 
[37mEpoch 1 step 38 with [31mce_loss_combined : 0.332217 [31mce_loss_eeg : 0.581721 [31mce_loss_eog : 0.618113 [31mtotal : 1.532051 [94mAcc_combined: 87.51 [94mAcc_eeg: 85.35 [94mAcc_eog: 83.27 [92mF1_combined: 77.07 [92mF1_eeg: 74.70 [92mF1_eog: 70.17 [92mK_combined: 0.8239 [92mK_eeg: 0.7947 [92mK_eog: 0.7629 [34mF1_perclass_combined: [93.08, 31.2, 87.7, 82.91, 90.46] [34mF1_perclass_eeg: [90.31, 27.95, 85.98, 83.9, 85.34] [34mF1_perclass_eog: [88.79, 12.92, 83.38, 78.15, 87.61] 
[37mEpoch 1 step 42 with [31mce_loss_combined : 0.310450 [31mce_loss_eeg : 0.558452 [31mce_loss_eog : 0.593708 [31mtotal : 1.462610 [94mAcc_combined: 88.45 [94mAcc_eeg: 85.78 [94mAcc_eog: 83.66 [92mF1_combined: 79.58 [92mF1_eeg: 76.49 [92mF1_eog: 71.50 [92mK_combined: 0.8388 [92mK_eeg: 0.8030 [92mK_eog: 0.7694 [34mF1_perclass_combined: [93.29, 39.84, 88.75, 85.42, 90.61] [34mF1_perclass_eeg: [90.18, 35.47, 86.48, 85.04, 85.28] [34mF1_perclass_eog: [88.84, 18.43, 83.89, 77.89, 88.44] 
[37mEpoch 1 step 43 with [31mce_loss_combined : 0.318750 [31mce_loss_eeg : 0.548799 [31mce_loss_eog : 0.587793 [31mtotal : 1.455342 [94mAcc_combined: 88.68 [94mAcc_eeg: 86.12 [94mAcc_eog: 84.00 [92mF1_combined: 79.86 [92mF1_eeg: 76.96 [92mF1_eog: 71.78 [92mK_combined: 0.8435 [92mK_eeg: 0.8080 [92mK_eog: 0.7762 [34mF1_perclass_combined: [93.78, 39.72, 88.73, 86.32, 90.73] [34mF1_perclass_eeg: [90.79, 35.95, 86.53, 85.53, 86.0] [34mF1_perclass_eog: [89.21, 17.5, 83.95, 80.15, 88.07] 
[37mEpoch 1 step 45 with [31mce_loss_combined : 0.313033 [31mce_loss_eeg : 0.556373 [31mce_loss_eog : 0.580622 [31mtotal : 1.450028 [94mAcc_combined: 88.65 [94mAcc_eeg: 85.05 [94mAcc_eog: 83.48 [92mF1_combined: 79.56 [92mF1_eeg: 75.44 [92mF1_eog: 71.17 [92mK_combined: 0.8420 [92mK_eeg: 0.7900 [92mK_eog: 0.7662 [34mF1_perclass_combined: [93.27, 38.94, 89.04, 85.76, 90.8] [34mF1_perclass_eeg: [90.6, 34.39, 85.71, 84.88, 81.65] [34mF1_perclass_eog: [89.35, 18.43, 83.7, 76.59, 87.81] 
[37mEpoch 1 step 46 with [31mce_loss_combined : 0.310405 [31mce_loss_eeg : 0.532348 [31mce_loss_eog : 0.575550 [31mtotal : 1.418303 [94mAcc_combined: 88.61 [94mAcc_eeg: 86.10 [94mAcc_eog: 83.44 [92mF1_combined: 80.64 [92mF1_eeg: 77.71 [92mF1_eog: 71.99 [92mK_combined: 0.8417 [92mK_eeg: 0.8074 [92mK_eog: 0.7667 [34mF1_perclass_combined: [93.29, 44.23, 89.05, 85.4, 91.23] [34mF1_perclass_eeg: [90.27, 40.24, 87.1, 84.99, 85.96] [34mF1_perclass_eog: [88.71, 22.75, 83.84, 76.57, 88.06] 
[37mEpoch 1 step 47 with [31mce_loss_combined : 0.308779 [31mce_loss_eeg : 0.534110 [31mce_loss_eog : 0.566488 [31mtotal : 1.409377 [94mAcc_combined: 88.51 [94mAcc_eeg: 85.90 [94mAcc_eog: 84.05 [92mF1_combined: 79.86 [92mF1_eeg: 77.69 [92mF1_eog: 72.37 [92mK_combined: 0.8405 [92mK_eeg: 0.8056 [92mK_eog: 0.7769 [34mF1_perclass_combined: [93.24, 40.97, 88.96, 85.4, 90.72] [34mF1_perclass_eeg: [90.87, 40.92, 86.3, 84.73, 85.62] [34mF1_perclass_eog: [89.02, 20.93, 84.19, 79.35, 88.34] 
[37mEpoch 1 step 51 with [31mce_loss_combined : 0.318300 [31mce_loss_eeg : 0.525693 [31mce_loss_eog : 0.561420 [31mtotal : 1.405412 [94mAcc_combined: 88.15 [94mAcc_eeg: 85.34 [94mAcc_eog: 83.25 [92mF1_combined: 78.73 [92mF1_eeg: 76.35 [92mF1_eog: 71.96 [92mK_combined: 0.8359 [92mK_eeg: 0.7969 [92mK_eog: 0.7662 [34mF1_perclass_combined: [92.69, 36.11, 88.38, 85.99, 90.46] [34mF1_perclass_eeg: [89.26, 36.63, 86.27, 85.48, 84.12] [34mF1_perclass_eog: [87.36, 21.92, 83.59, 78.77, 88.16] 
[37mEpoch 1 step 53 with [31mce_loss_combined : 0.310737 [31mce_loss_eeg : 0.510577 [31mce_loss_eog : 0.547593 [31mtotal : 1.368907 [94mAcc_combined: 88.66 [94mAcc_eeg: 86.01 [94mAcc_eog: 83.85 [92mF1_combined: 80.09 [92mF1_eeg: 77.01 [92mF1_eog: 72.54 [92mK_combined: 0.8424 [92mK_eeg: 0.8067 [92mK_eog: 0.7750 [34mF1_perclass_combined: [93.35, 41.72, 89.08, 85.44, 90.84] [34mF1_perclass_eeg: [90.6, 37.08, 86.57, 85.24, 85.55] [34mF1_perclass_eog: [88.3, 22.34, 84.06, 79.75, 88.26] 
[37mEpoch 1 step 55 with [31mce_loss_combined : 0.313691 [31mce_loss_eeg : 0.496915 [31mce_loss_eog : 0.540282 [31mtotal : 1.350887 [94mAcc_combined: 88.57 [94mAcc_eeg: 86.24 [94mAcc_eog: 83.98 [92mF1_combined: 80.42 [92mF1_eeg: 78.11 [92mF1_eog: 72.97 [92mK_combined: 0.8402 [92mK_eeg: 0.8089 [92mK_eog: 0.7748 [34mF1_perclass_combined: [93.51, 43.56, 88.87, 84.78, 91.36] [34mF1_perclass_eeg: [90.45, 41.81, 86.95, 84.08, 87.25] [34mF1_perclass_eog: [89.58, 24.7, 84.14, 78.03, 88.39] 
[37mEpoch 2 step 57 with [31mce_loss_combined : 0.304098 [31mce_loss_eeg : 0.485126 [31mce_loss_eog : 0.527115 [31mtotal : 1.316339 [94mAcc_combined: 88.61 [94mAcc_eeg: 86.43 [94mAcc_eog: 84.12 [92mF1_combined: 80.55 [92mF1_eeg: 78.27 [92mF1_eog: 72.86 [92mK_combined: 0.8413 [92mK_eeg: 0.8106 [92mK_eog: 0.7757 [34mF1_perclass_combined: [93.54, 43.36, 88.85, 85.78, 91.21] [34mF1_perclass_eeg: [91.14, 41.53, 86.96, 85.23, 86.49] [34mF1_perclass_eog: [90.06, 23.57, 84.15, 77.96, 88.59] 
[37mEpoch 2 step 58 with [31mce_loss_combined : 0.307571 [31mce_loss_eeg : 0.483449 [31mce_loss_eog : 0.518225 [31mtotal : 1.309245 [94mAcc_combined: 88.64 [94mAcc_eeg: 86.62 [94mAcc_eog: 84.45 [92mF1_combined: 80.92 [92mF1_eeg: 78.78 [92mF1_eog: 73.90 [92mK_combined: 0.8438 [92mK_eeg: 0.8156 [92mK_eog: 0.7836 [34mF1_perclass_combined: [93.7, 45.53, 88.76, 86.39, 90.24] [34mF1_perclass_eeg: [90.95, 43.16, 87.16, 85.71, 86.94] [34mF1_perclass_eog: [89.91, 27.06, 84.43, 79.54, 88.57] 
[37mEpoch 2 step 60 with [31mce_loss_combined : 0.290870 [31mce_loss_eeg : 0.473803 [31mce_loss_eog : 0.513685 [31mtotal : 1.278357 [94mAcc_combined: 89.07 [94mAcc_eeg: 86.70 [94mAcc_eog: 84.65 [92mF1_combined: 81.25 [92mF1_eeg: 78.73 [92mF1_eog: 74.15 [92mK_combined: 0.8491 [92mK_eeg: 0.8163 [92mK_eog: 0.7861 [34mF1_perclass_combined: [93.89, 45.12, 89.16, 86.51, 91.57] [34mF1_perclass_eeg: [91.16, 42.35, 87.05, 85.89, 87.21] [34mF1_perclass_eog: [89.89, 26.81, 84.49, 79.98, 89.6] 
[37mEpoch 2 step 64 with [31mce_loss_combined : 0.294350 [31mce_loss_eeg : 0.469597 [31mce_loss_eog : 0.512025 [31mtotal : 1.275971 [94mAcc_combined: 88.95 [94mAcc_eeg: 86.82 [94mAcc_eog: 84.55 [92mF1_combined: 81.20 [92mF1_eeg: 78.75 [92mF1_eog: 73.66 [92mK_combined: 0.8468 [92mK_eeg: 0.8174 [92mK_eog: 0.7845 [34mF1_perclass_combined: [93.82, 45.66, 89.08, 86.13, 91.33] [34mF1_perclass_eeg: [91.11, 42.25, 87.29, 85.63, 87.48] [34mF1_perclass_eog: [90.41, 24.16, 83.98, 80.44, 89.34] 
[37mEpoch 2 step 65 with [31mce_loss_combined : 0.289533 [31mce_loss_eeg : 0.468626 [31mce_loss_eog : 0.501694 [31mtotal : 1.259853 [94mAcc_combined: 89.09 [94mAcc_eeg: 86.87 [94mAcc_eog: 84.87 [92mF1_combined: 80.83 [92mF1_eeg: 78.38 [92mF1_eog: 73.54 [92mK_combined: 0.8486 [92mK_eeg: 0.8182 [92mK_eog: 0.7886 [34mF1_perclass_combined: [94.05, 43.07, 89.08, 86.39, 91.57] [34mF1_perclass_eeg: [91.16, 40.06, 87.21, 85.67, 87.81] [34mF1_perclass_eog: [90.24, 23.06, 84.75, 80.36, 89.3] 
[37mEpoch 2 step 72 with [31mce_loss_combined : 0.287899 [31mce_loss_eeg : 0.452392 [31mce_loss_eog : 0.487191 [31mtotal : 1.227482 [94mAcc_combined: 89.25 [94mAcc_eeg: 87.00 [94mAcc_eog: 85.15 [92mF1_combined: 81.05 [92mF1_eeg: 78.64 [92mF1_eog: 73.60 [92mK_combined: 0.8511 [92mK_eeg: 0.8205 [92mK_eog: 0.7926 [34mF1_perclass_combined: [94.33, 43.69, 89.33, 86.54, 91.37] [34mF1_perclass_eeg: [91.26, 40.76, 87.37, 86.21, 87.59] [34mF1_perclass_eog: [90.7, 21.95, 84.87, 80.78, 89.72] 
[37mEpoch 2 step 75 with [31mce_loss_combined : 0.285244 [31mce_loss_eeg : 0.447635 [31mce_loss_eog : 0.483911 [31mtotal : 1.216790 [94mAcc_combined: 89.42 [94mAcc_eeg: 87.08 [94mAcc_eog: 85.16 [92mF1_combined: 82.11 [92mF1_eeg: 79.63 [92mF1_eog: 75.10 [92mK_combined: 0.8538 [92mK_eeg: 0.8215 [92mK_eog: 0.7928 [34mF1_perclass_combined: [94.25, 48.49, 89.58, 86.56, 91.67] [34mF1_perclass_eeg: [91.15, 45.56, 87.62, 85.78, 88.04] [34mF1_perclass_eog: [90.78, 30.2, 85.05, 79.74, 89.75] 
[37mEpoch 3 step 87 with [31mce_loss_combined : 0.297257 [31mce_loss_eeg : 0.439276 [31mce_loss_eog : 0.478998 [31mtotal : 1.215531 [94mAcc_combined: 88.91 [94mAcc_eeg: 86.60 [94mAcc_eog: 84.65 [92mF1_combined: 81.31 [92mF1_eeg: 78.68 [92mF1_eog: 74.13 [92mK_combined: 0.8473 [92mK_eeg: 0.8155 [92mK_eog: 0.7878 [34mF1_perclass_combined: [93.8, 46.08, 88.9, 86.2, 91.59] [34mF1_perclass_eeg: [91.19, 42.31, 86.69, 85.35, 87.88] [34mF1_perclass_eog: [90.11, 26.07, 84.16, 80.41, 89.9] 
[37mEpoch 3 step 88 with [31mce_loss_combined : 0.286127 [31mce_loss_eeg : 0.427228 [31mce_loss_eog : 0.475338 [31mtotal : 1.188692 [94mAcc_combined: 89.22 [94mAcc_eeg: 87.08 [94mAcc_eog: 84.97 [92mF1_combined: 81.63 [92mF1_eeg: 79.42 [92mF1_eog: 74.49 [92mK_combined: 0.8502 [92mK_eeg: 0.8210 [92mK_eog: 0.7892 [34mF1_perclass_combined: [94.13, 47.07, 89.45, 85.67, 91.82] [34mF1_perclass_eeg: [91.23, 44.4, 87.55, 85.74, 88.17] [34mF1_perclass_eog: [90.82, 28.62, 85.03, 78.15, 89.83] 
[37mEpoch 3 step 89 with [31mce_loss_combined : 0.283735 [31mce_loss_eeg : 0.426780 [31mce_loss_eog : 0.468449 [31mtotal : 1.178964 [94mAcc_combined: 89.35 [94mAcc_eeg: 87.20 [94mAcc_eog: 84.96 [92mF1_combined: 81.36 [92mF1_eeg: 78.86 [92mF1_eog: 73.34 [92mK_combined: 0.8518 [92mK_eeg: 0.8223 [92mK_eog: 0.7889 [34mF1_perclass_combined: [94.23, 45.08, 89.52, 86.34, 91.63] [34mF1_perclass_eeg: [91.36, 41.14, 87.64, 85.97, 88.21] [34mF1_perclass_eog: [90.55, 22.3, 84.96, 79.28, 89.6] 
[37mEpoch 3 step 90 with [31mce_loss_combined : 0.281975 [31mce_loss_eeg : 0.430281 [31mce_loss_eog : 0.462884 [31mtotal : 1.175139 [94mAcc_combined: 89.46 [94mAcc_eeg: 87.08 [94mAcc_eog: 85.26 [92mF1_combined: 81.59 [92mF1_eeg: 78.64 [92mF1_eog: 74.18 [92mK_combined: 0.8537 [92mK_eeg: 0.8207 [92mK_eog: 0.7937 [34mF1_perclass_combined: [94.29, 45.75, 89.61, 86.43, 91.87] [34mF1_perclass_eeg: [91.31, 40.6, 87.57, 85.52, 88.21] [34mF1_perclass_eog: [90.78, 25.37, 85.21, 79.68, 89.86] 
[37mEpoch 3 step 92 with [31mce_loss_combined : 0.284007 [31mce_loss_eeg : 0.424840 [31mce_loss_eog : 0.464322 [31mtotal : 1.173169 [94mAcc_combined: 89.22 [94mAcc_eeg: 87.05 [94mAcc_eog: 85.30 [92mF1_combined: 81.40 [92mF1_eeg: 78.91 [92mF1_eog: 74.31 [92mK_combined: 0.8502 [92mK_eeg: 0.8202 [92mK_eog: 0.7942 [34mF1_perclass_combined: [94.2, 45.52, 89.27, 86.24, 91.75] [34mF1_perclass_eeg: [91.25, 42.01, 87.46, 85.53, 88.29] [34mF1_perclass_eog: [90.85, 25.36, 85.18, 80.47, 89.7] 
[37mEpoch 3 step 93 with [31mce_loss_combined : 0.284102 [31mce_loss_eeg : 0.423392 [31mce_loss_eog : 0.460420 [31mtotal : 1.167914 [94mAcc_combined: 89.19 [94mAcc_eeg: 87.09 [94mAcc_eog: 85.38 [92mF1_combined: 80.61 [92mF1_eeg: 78.39 [92mF1_eog: 74.05 [92mK_combined: 0.8498 [92mK_eeg: 0.8210 [92mK_eog: 0.7958 [34mF1_perclass_combined: [94.21, 41.43, 89.14, 86.54, 91.73] [34mF1_perclass_eeg: [91.3, 38.87, 87.35, 85.97, 88.45] [34mF1_perclass_eog: [91.11, 23.4, 85.06, 80.8, 89.85] 
[37mEpoch 3 step 94 with [31mce_loss_combined : 0.283244 [31mce_loss_eeg : 0.421863 [31mce_loss_eog : 0.460887 [31mtotal : 1.165994 [94mAcc_combined: 89.20 [94mAcc_eeg: 87.09 [94mAcc_eog: 85.37 [92mF1_combined: 81.05 [92mF1_eeg: 78.63 [92mF1_eog: 74.26 [92mK_combined: 0.8501 [92mK_eeg: 0.8210 [92mK_eog: 0.7955 [34mF1_perclass_combined: [94.24, 43.58, 89.15, 86.52, 91.77] [34mF1_perclass_eeg: [91.33, 40.07, 87.34, 85.94, 88.49] [34mF1_perclass_eog: [91.2, 24.51, 85.04, 80.73, 89.8] 
[37mEpoch 3 step 95 with [31mce_loss_combined : 0.280614 [31mce_loss_eeg : 0.420375 [31mce_loss_eog : 0.459316 [31mtotal : 1.160305 [94mAcc_combined: 89.39 [94mAcc_eeg: 87.22 [94mAcc_eog: 85.44 [92mF1_combined: 81.53 [92mF1_eeg: 79.03 [92mF1_eog: 74.71 [92mK_combined: 0.8529 [92mK_eeg: 0.8229 [92mK_eog: 0.7963 [34mF1_perclass_combined: [94.28, 45.56, 89.46, 86.55, 91.83] [34mF1_perclass_eeg: [91.41, 41.82, 87.56, 85.88, 88.46] [34mF1_perclass_eog: [91.04, 27.18, 85.38, 80.1, 89.83] 
[37mEpoch 4 step 118 with [31mce_loss_combined : 0.284204 [31mce_loss_eeg : 0.412164 [31mce_loss_eog : 0.448194 [31mtotal : 1.144562 [94mAcc_combined: 89.27 [94mAcc_eeg: 86.93 [94mAcc_eog: 85.12 [92mF1_combined: 79.99 [92mF1_eeg: 77.88 [92mF1_eog: 72.94 [92mK_combined: 0.8513 [92mK_eeg: 0.8186 [92mK_eog: 0.7932 [34mF1_perclass_combined: [94.03, 38.15, 89.42, 86.74, 91.59] [34mF1_perclass_eeg: [90.94, 37.37, 87.46, 86.12, 87.5] [34mF1_perclass_eog: [90.25, 18.77, 84.91, 81.13, 89.61] 
[37mEpoch 4 step 120 with [31mce_loss_combined : 0.285159 [31mce_loss_eeg : 0.417025 [31mce_loss_eog : 0.437401 [31mtotal : 1.139585 [94mAcc_combined: 89.27 [94mAcc_eeg: 87.01 [94mAcc_eog: 85.52 [92mF1_combined: 79.24 [92mF1_eeg: 77.48 [92mF1_eog: 73.18 [92mK_combined: 0.8505 [92mK_eeg: 0.8192 [92mK_eog: 0.7970 [34mF1_perclass_combined: [94.23, 34.29, 89.33, 86.72, 91.63] [34mF1_perclass_eeg: [91.34, 34.67, 87.23, 86.11, 88.05] [34mF1_perclass_eog: [91.26, 18.99, 85.32, 80.17, 90.14] 
[37mEpoch 4 step 122 with [31mce_loss_combined : 0.283988 [31mce_loss_eeg : 0.398900 [31mce_loss_eog : 0.437003 [31mtotal : 1.119890 [94mAcc_combined: 89.31 [94mAcc_eeg: 87.37 [94mAcc_eog: 85.40 [92mF1_combined: 82.01 [92mF1_eeg: 79.49 [92mF1_eog: 75.47 [92mK_combined: 0.8522 [92mK_eeg: 0.8250 [92mK_eog: 0.7956 [34mF1_perclass_combined: [94.07, 48.17, 89.38, 86.67, 91.75] [34mF1_perclass_eeg: [91.51, 43.42, 87.72, 86.2, 88.58] [34mF1_perclass_eog: [91.13, 31.85, 85.53, 78.76, 90.07] 
[37mEpoch 4 step 124 with [31mce_loss_combined : 0.279203 [31mce_loss_eeg : 0.400115 [31mce_loss_eog : 0.438152 [31mtotal : 1.117469 [94mAcc_combined: 89.41 [94mAcc_eeg: 87.34 [94mAcc_eog: 85.37 [92mF1_combined: 81.52 [92mF1_eeg: 79.42 [92mF1_eog: 74.64 [92mK_combined: 0.8535 [92mK_eeg: 0.8252 [92mK_eog: 0.7957 [34mF1_perclass_combined: [94.2, 45.42, 89.49, 86.69, 91.79] [34mF1_perclass_eeg: [91.44, 43.2, 87.62, 86.19, 88.65] [34mF1_perclass_eog: [90.77, 27.51, 85.52, 79.67, 89.71] 
[37mEpoch 4 step 125 with [31mce_loss_combined : 0.281815 [31mce_loss_eeg : 0.399609 [31mce_loss_eog : 0.432715 [31mtotal : 1.114139 [94mAcc_combined: 89.34 [94mAcc_eeg: 87.17 [94mAcc_eog: 85.59 [92mF1_combined: 82.16 [92mF1_eeg: 79.41 [92mF1_eog: 75.49 [92mK_combined: 0.8529 [92mK_eeg: 0.8231 [92mK_eog: 0.7995 [34mF1_perclass_combined: [94.26, 48.9, 89.36, 86.55, 91.72] [34mF1_perclass_eeg: [91.34, 43.85, 87.48, 85.99, 88.4] [34mF1_perclass_eog: [91.19, 30.26, 85.52, 80.59, 89.9] 
[37mEpoch 4 step 127 with [31mce_loss_combined : 0.279819 [31mce_loss_eeg : 0.394063 [31mce_loss_eog : 0.430574 [31mtotal : 1.104457 [94mAcc_combined: 89.51 [94mAcc_eeg: 87.31 [94mAcc_eog: 85.66 [92mF1_combined: 80.93 [92mF1_eeg: 78.70 [92mF1_eog: 73.80 [92mK_combined: 0.8536 [92mK_eeg: 0.8236 [92mK_eog: 0.7986 [34mF1_perclass_combined: [94.64, 42.55, 89.68, 85.94, 91.84] [34mF1_perclass_eeg: [91.69, 39.91, 87.61, 85.62, 88.69] [34mF1_perclass_eog: [91.66, 21.08, 85.33, 80.8, 90.12] 
[37mEpoch 4 step 128 with [31mce_loss_combined : 0.276202 [31mce_loss_eeg : 0.391167 [31mce_loss_eog : 0.427868 [31mtotal : 1.095238 [94mAcc_combined: 89.60 [94mAcc_eeg: 87.69 [94mAcc_eog: 85.73 [92mF1_combined: 81.79 [92mF1_eeg: 79.43 [92mF1_eog: 74.67 [92mK_combined: 0.8562 [92mK_eeg: 0.8295 [92mK_eog: 0.8013 [34mF1_perclass_combined: [94.51, 46.09, 89.68, 86.79, 91.87] [34mF1_perclass_eeg: [92.09, 42.13, 88.01, 86.16, 88.79] [34mF1_perclass_eog: [91.46, 24.99, 85.34, 81.28, 90.26] 
[37mEpoch 4 step 132 with [31mce_loss_combined : 0.273839 [31mce_loss_eeg : 0.392131 [31mce_loss_eog : 0.428985 [31mtotal : 1.094955 [94mAcc_combined: 89.63 [94mAcc_eeg: 87.64 [94mAcc_eog: 85.39 [92mF1_combined: 82.65 [92mF1_eeg: 80.33 [92mF1_eog: 75.60 [92mK_combined: 0.8570 [92mK_eeg: 0.8292 [92mK_eog: 0.7952 [34mF1_perclass_combined: [94.57, 50.27, 89.69, 86.88, 91.85] [34mF1_perclass_eeg: [91.81, 46.71, 88.05, 86.22, 88.84] [34mF1_perclass_eog: [91.66, 33.38, 85.53, 77.28, 90.17] 
[37mEpoch 4 step 136 with [31mce_loss_combined : 0.273215 [31mce_loss_eeg : 0.394289 [31mce_loss_eog : 0.427367 [31mtotal : 1.094871 [94mAcc_combined: 89.67 [94mAcc_eeg: 87.54 [94mAcc_eog: 85.55 [92mF1_combined: 82.44 [92mF1_eeg: 79.95 [92mF1_eog: 75.47 [92mK_combined: 0.8571 [92mK_eeg: 0.8276 [92mK_eog: 0.7972 [34mF1_perclass_combined: [94.62, 49.15, 89.74, 86.82, 91.87] [34mF1_perclass_eeg: [91.7, 45.03, 87.87, 86.38, 88.76] [34mF1_perclass_eog: [91.61, 31.52, 85.63, 78.33, 90.26] 
[37mEpoch 6 step 173 with [31mce_loss_combined : 0.280783 [31mce_loss_eeg : 0.392840 [31mce_loss_eog : 0.418946 [31mtotal : 1.092569 [94mAcc_combined: 89.34 [94mAcc_eeg: 86.93 [94mAcc_eog: 85.57 [92mF1_combined: 80.85 [92mF1_eeg: 78.35 [92mF1_eog: 74.44 [92mK_combined: 0.8514 [92mK_eeg: 0.8179 [92mK_eog: 0.7985 [34mF1_perclass_combined: [94.32, 42.93, 89.57, 85.59, 91.84] [34mF1_perclass_eeg: [91.29, 40.34, 87.47, 84.28, 88.37] [34mF1_perclass_eog: [91.17, 25.41, 85.51, 80.24, 89.88] 
[37mEpoch 6 step 180 with [31mce_loss_combined : 0.288388 [31mce_loss_eeg : 0.382702 [31mce_loss_eog : 0.417928 [31mtotal : 1.089018 [94mAcc_combined: 89.19 [94mAcc_eeg: 87.28 [94mAcc_eog: 85.53 [92mF1_combined: 81.54 [92mF1_eeg: 79.36 [92mF1_eog: 75.46 [92mK_combined: 0.8504 [92mK_eeg: 0.8240 [92mK_eog: 0.7988 [34mF1_perclass_combined: [94.11, 46.61, 89.34, 85.87, 91.77] [34mF1_perclass_eeg: [91.64, 43.34, 87.64, 85.83, 88.34] [34mF1_perclass_eog: [91.2, 30.68, 85.54, 80.22, 89.67] 
[37mEpoch 6 step 182 with [31mce_loss_combined : 0.280606 [31mce_loss_eeg : 0.375138 [31mce_loss_eog : 0.412534 [31mtotal : 1.068279 [94mAcc_combined: 89.52 [94mAcc_eeg: 87.27 [94mAcc_eog: 85.58 [92mF1_combined: 81.95 [92mF1_eeg: 79.40 [92mF1_eog: 74.45 [92mK_combined: 0.8541 [92mK_eeg: 0.8231 [92mK_eog: 0.7973 [34mF1_perclass_combined: [94.62, 47.91, 89.74, 85.63, 91.83] [34mF1_perclass_eeg: [91.66, 43.97, 87.64, 85.06, 88.69] [34mF1_perclass_eog: [91.69, 25.25, 85.41, 80.13, 89.78] 
[37mEpoch 6 step 193 with [31mce_loss_combined : 0.277233 [31mce_loss_eeg : 0.375112 [31mce_loss_eog : 0.405859 [31mtotal : 1.058204 [94mAcc_combined: 89.63 [94mAcc_eeg: 87.70 [94mAcc_eog: 85.84 [92mF1_combined: 81.86 [92mF1_eeg: 80.04 [92mF1_eog: 75.66 [92mK_combined: 0.8559 [92mK_eeg: 0.8293 [92mK_eog: 0.8022 [34mF1_perclass_combined: [94.63, 46.72, 89.81, 86.3, 91.85] [34mF1_perclass_eeg: [92.27, 45.66, 88.13, 85.37, 88.78] [34mF1_perclass_eog: [92.0, 30.84, 85.76, 79.71, 90.01] 
[37mEpoch 7 step 197 with [31mce_loss_combined : 0.273350 [31mce_loss_eeg : 0.370540 [31mce_loss_eog : 0.408852 [31mtotal : 1.052743 [94mAcc_combined: 89.58 [94mAcc_eeg: 87.78 [94mAcc_eog: 85.69 [92mF1_combined: 82.62 [92mF1_eeg: 80.88 [92mF1_eog: 76.09 [92mK_combined: 0.8558 [92mK_eeg: 0.8308 [92mK_eog: 0.8000 [34mF1_perclass_combined: [94.66, 50.63, 89.69, 86.2, 91.91] [34mF1_perclass_eeg: [92.39, 49.24, 88.06, 85.65, 89.05] [34mF1_perclass_eog: [91.77, 33.86, 85.71, 78.75, 90.37] 
[37mEpoch 7 step 198 with [31mce_loss_combined : 0.274038 [31mce_loss_eeg : 0.368919 [31mce_loss_eog : 0.408796 [31mtotal : 1.051753 [94mAcc_combined: 89.59 [94mAcc_eeg: 87.79 [94mAcc_eog: 85.85 [92mF1_combined: 81.75 [92mF1_eeg: 79.88 [92mF1_eog: 75.25 [92mK_combined: 0.8556 [92mK_eeg: 0.8309 [92mK_eog: 0.8027 [34mF1_perclass_combined: [94.51, 46.09, 89.68, 86.53, 91.95] [34mF1_perclass_eeg: [92.42, 44.01, 88.02, 86.15, 88.79] [34mF1_perclass_eog: [91.72, 27.9, 85.59, 80.68, 90.35] 
[37mEpoch 7 step 199 with [31mce_loss_combined : 0.273144 [31mce_loss_eeg : 0.368319 [31mce_loss_eog : 0.407122 [31mtotal : 1.048585 [94mAcc_combined: 89.62 [94mAcc_eeg: 87.85 [94mAcc_eog: 85.80 [92mF1_combined: 82.24 [92mF1_eeg: 80.74 [92mF1_eog: 76.06 [92mK_combined: 0.8565 [92mK_eeg: 0.8320 [92mK_eog: 0.8019 [34mF1_perclass_combined: [94.52, 48.36, 89.71, 86.6, 92.02] [34mF1_perclass_eeg: [92.37, 48.08, 88.05, 86.13, 89.09] [34mF1_perclass_eog: [91.62, 32.92, 85.79, 79.64, 90.36] 
[37mEpoch 7 step 201 with [31mce_loss_combined : 0.271015 [31mce_loss_eeg : 0.366890 [31mce_loss_eog : 0.402468 [31mtotal : 1.040373 [94mAcc_combined: 89.67 [94mAcc_eeg: 87.82 [94mAcc_eog: 86.01 [92mF1_combined: 81.92 [92mF1_eeg: 80.02 [92mF1_eog: 75.51 [92mK_combined: 0.8565 [92mK_eeg: 0.8309 [92mK_eog: 0.8044 [34mF1_perclass_combined: [94.57, 46.7, 89.8, 86.48, 92.05] [34mF1_perclass_eeg: [92.18, 44.76, 88.18, 85.92, 89.06] [34mF1_perclass_eog: [91.86, 28.89, 85.83, 80.39, 90.6] 
[37mEpoch 7 step 205 with [31mce_loss_combined : 0.271422 [31mce_loss_eeg : 0.367433 [31mce_loss_eog : 0.399199 [31mtotal : 1.038054 [94mAcc_combined: 89.65 [94mAcc_eeg: 87.72 [94mAcc_eog: 86.13 [92mF1_combined: 82.17 [92mF1_eeg: 80.07 [92mF1_eog: 75.96 [92mK_combined: 0.8567 [92mK_eeg: 0.8297 [92mK_eog: 0.8064 [34mF1_perclass_combined: [94.65, 47.85, 89.69, 86.61, 92.06] [34mF1_perclass_eeg: [92.12, 45.08, 87.91, 86.11, 89.13] [34mF1_perclass_eog: [91.9, 30.57, 85.98, 80.89, 90.48] 
[37mEpoch 7 step 207 with [31mce_loss_combined : 0.270487 [31mce_loss_eeg : 0.365307 [31mce_loss_eog : 0.400563 [31mtotal : 1.036358 [94mAcc_combined: 89.67 [94mAcc_eeg: 87.96 [94mAcc_eog: 85.94 [92mF1_combined: 82.16 [92mF1_eeg: 80.55 [92mF1_eog: 76.10 [92mK_combined: 0.8572 [92mK_eeg: 0.8335 [92mK_eog: 0.8036 [34mF1_perclass_combined: [94.58, 47.66, 89.74, 86.78, 92.06] [34mF1_perclass_eeg: [92.45, 46.78, 88.18, 86.29, 89.07] [34mF1_perclass_eog: [91.77, 32.73, 85.93, 79.61, 90.47] 
[37mEpoch 7 step 210 with [31mce_loss_combined : 0.270465 [31mce_loss_eeg : 0.364605 [31mce_loss_eog : 0.401104 [31mtotal : 1.036174 [94mAcc_combined: 89.71 [94mAcc_eeg: 87.92 [94mAcc_eog: 86.03 [92mF1_combined: 82.05 [92mF1_eeg: 80.00 [92mF1_eog: 75.26 [92mK_combined: 0.8571 [92mK_eeg: 0.8325 [92mK_eog: 0.8044 [34mF1_perclass_combined: [94.75, 47.12, 89.79, 86.62, 91.96] [34mF1_perclass_eeg: [92.54, 43.93, 88.11, 86.26, 89.13] [34mF1_perclass_eog: [91.93, 27.35, 85.84, 80.78, 90.41] 
[37mEpoch 7 step 211 with [31mce_loss_combined : 0.268905 [31mce_loss_eeg : 0.363371 [31mce_loss_eog : 0.399362 [31mtotal : 1.031638 [94mAcc_combined: 89.78 [94mAcc_eeg: 88.00 [94mAcc_eog: 86.06 [92mF1_combined: 82.23 [92mF1_eeg: 80.30 [92mF1_eog: 75.46 [92mK_combined: 0.8580 [92mK_eeg: 0.8336 [92mK_eog: 0.8050 [34mF1_perclass_combined: [94.8, 47.87, 89.87, 86.55, 92.07] [34mF1_perclass_eeg: [92.56, 45.38, 88.23, 86.19, 89.17] [34mF1_perclass_eog: [91.89, 28.41, 85.94, 80.54, 90.54] 
[37mEpoch 7 step 212 with [31mce_loss_combined : 0.268913 [31mce_loss_eeg : 0.364256 [31mce_loss_eog : 0.398465 [31mtotal : 1.031635 [94mAcc_combined: 89.77 [94mAcc_eeg: 87.93 [94mAcc_eog: 86.16 [92mF1_combined: 82.32 [92mF1_eeg: 80.44 [92mF1_eog: 75.94 [92mK_combined: 0.8583 [92mK_eeg: 0.8329 [92mK_eog: 0.8072 [34mF1_perclass_combined: [94.67, 48.31, 89.89, 86.62, 92.12] [34mF1_perclass_eeg: [92.47, 46.4, 88.15, 86.1, 89.07] [34mF1_perclass_eog: [91.88, 30.29, 85.98, 81.03, 90.53] 
[37mEpoch 7 step 215 with [31mce_loss_combined : 0.268661 [31mce_loss_eeg : 0.363884 [31mce_loss_eog : 0.398224 [31mtotal : 1.030768 [94mAcc_combined: 89.77 [94mAcc_eeg: 88.02 [94mAcc_eog: 86.08 [92mF1_combined: 82.54 [92mF1_eeg: 80.81 [92mF1_eog: 76.15 [92mK_combined: 0.8587 [92mK_eeg: 0.8343 [92mK_eog: 0.8056 [34mF1_perclass_combined: [94.71, 49.23, 89.86, 86.8, 92.11] [34mF1_perclass_eeg: [92.57, 47.93, 88.25, 86.13, 89.19] [34mF1_perclass_eog: [91.9, 32.16, 86.05, 80.18, 90.45] 
[37mEpoch 7 step 216 with [31mce_loss_combined : 0.268282 [31mce_loss_eeg : 0.363610 [31mce_loss_eog : 0.398357 [31mtotal : 1.030248 [94mAcc_combined: 89.76 [94mAcc_eeg: 88.04 [94mAcc_eog: 86.08 [92mF1_combined: 82.55 [92mF1_eeg: 80.79 [92mF1_eog: 76.12 [92mK_combined: 0.8584 [92mK_eeg: 0.8345 [92mK_eog: 0.8054 [34mF1_perclass_combined: [94.7, 49.33, 89.84, 86.79, 92.06] [34mF1_perclass_eeg: [92.57, 47.69, 88.28, 86.2, 89.2] [34mF1_perclass_eog: [91.94, 32.16, 86.08, 79.88, 90.54] 
[37mEpoch 10 step 293 with [31mce_loss_combined : 0.273753 [31mce_loss_eeg : 0.359216 [31mce_loss_eog : 0.388818 [31mtotal : 1.021788 [94mAcc_combined: 89.74 [94mAcc_eeg: 87.52 [94mAcc_eog: 85.96 [92mF1_combined: 82.35 [92mF1_eeg: 80.11 [92mF1_eog: 75.74 [92mK_combined: 0.8579 [92mK_eeg: 0.8275 [92mK_eog: 0.8037 [34mF1_perclass_combined: [94.65, 48.6, 89.88, 86.63, 91.98] [34mF1_perclass_eeg: [91.75, 46.27, 87.78, 86.07, 88.68] [34mF1_perclass_eog: [91.92, 30.76, 85.91, 79.81, 90.32] 
[37mEpoch 11 step 318 with [31mce_loss_combined : 0.271426 [31mce_loss_eeg : 0.356713 [31mce_loss_eog : 0.388903 [31mtotal : 1.017043 [94mAcc_combined: 89.63 [94mAcc_eeg: 87.80 [94mAcc_eog: 85.97 [92mF1_combined: 81.95 [92mF1_eeg: 80.04 [92mF1_eog: 75.75 [92mK_combined: 0.8564 [92mK_eeg: 0.8314 [92mK_eog: 0.8039 [34mF1_perclass_combined: [94.6, 46.81, 89.64, 86.75, 91.94] [34mF1_perclass_eeg: [92.35, 44.87, 88.09, 86.19, 88.68] [34mF1_perclass_eog: [92.11, 31.11, 85.96, 79.3, 90.25] 
[37mEpoch 12 step 336 with [31mce_loss_combined : 0.268122 [31mce_loss_eeg : 0.356438 [31mce_loss_eog : 0.391542 [31mtotal : 1.016101 [94mAcc_combined: 89.77 [94mAcc_eeg: 87.87 [94mAcc_eog: 85.93 [92mF1_combined: 82.04 [92mF1_eeg: 80.18 [92mF1_eog: 75.64 [92mK_combined: 0.8583 [92mK_eeg: 0.8318 [92mK_eog: 0.8030 [34mF1_perclass_combined: [94.61, 47.0, 89.84, 86.62, 92.13] [34mF1_perclass_eeg: [92.38, 45.31, 88.17, 85.99, 89.08] [34mF1_perclass_eog: [91.95, 30.78, 85.93, 78.93, 90.59] 
[37mEpoch 12 step 338 with [31mce_loss_combined : 0.269452 [31mce_loss_eeg : 0.356567 [31mce_loss_eog : 0.388606 [31mtotal : 1.014624 [94mAcc_combined: 89.70 [94mAcc_eeg: 87.85 [94mAcc_eog: 86.06 [92mF1_combined: 82.79 [92mF1_eeg: 80.98 [92mF1_eog: 76.79 [92mK_combined: 0.8580 [92mK_eeg: 0.8322 [92mK_eog: 0.8057 [34mF1_perclass_combined: [94.75, 50.79, 89.69, 86.71, 92.03] [34mF1_perclass_eeg: [92.43, 49.21, 88.05, 86.23, 88.99] [34mF1_perclass_eog: [92.18, 35.38, 86.0, 79.86, 90.51] 
[37mEpoch 12 step 342 with [31mce_loss_combined : 0.271494 [31mce_loss_eeg : 0.358687 [31mce_loss_eog : 0.381061 [31mtotal : 1.011242 [94mAcc_combined: 89.68 [94mAcc_eeg: 87.57 [94mAcc_eog: 86.33 [92mF1_combined: 81.63 [92mF1_eeg: 79.50 [92mF1_eog: 75.87 [92mK_combined: 0.8571 [92mK_eeg: 0.8280 [92mK_eog: 0.8094 [34mF1_perclass_combined: [94.77, 44.85, 89.57, 86.88, 92.07] [34mF1_perclass_eeg: [92.14, 42.68, 87.57, 86.15, 88.99] [34mF1_perclass_eog: [92.3, 29.27, 86.07, 81.17, 90.54] 
[37mEpoch 12 step 346 with [31mce_loss_combined : 0.268133 [31mce_loss_eeg : 0.352970 [31mce_loss_eog : 0.384678 [31mtotal : 1.005782 [94mAcc_combined: 89.72 [94mAcc_eeg: 87.84 [94mAcc_eog: 86.03 [92mF1_combined: 82.67 [92mF1_eeg: 80.56 [92mF1_eog: 76.24 [92mK_combined: 0.8573 [92mK_eeg: 0.8311 [92mK_eog: 0.8042 [34mF1_perclass_combined: [94.7, 50.43, 89.9, 86.32, 91.99] [34mF1_perclass_eeg: [92.37, 47.33, 88.08, 86.06, 88.97] [34mF1_perclass_eog: [92.25, 33.32, 86.1, 79.11, 90.43] 
[37mEpoch 12 step 349 with [31mce_loss_combined : 0.268316 [31mce_loss_eeg : 0.348268 [31mce_loss_eog : 0.382160 [31mtotal : 0.998743 [94mAcc_combined: 89.72 [94mAcc_eeg: 88.00 [94mAcc_eog: 86.09 [92mF1_combined: 82.08 [92mF1_eeg: 80.32 [92mF1_eog: 75.27 [92mK_combined: 0.8569 [92mK_eeg: 0.8331 [92mK_eog: 0.8048 [34mF1_perclass_combined: [94.84, 47.55, 89.84, 86.23, 91.94] [34mF1_perclass_eeg: [92.75, 45.64, 88.24, 85.77, 89.18] [34mF1_perclass_eog: [92.28, 27.41, 85.91, 80.39, 90.36] 
[37mEpoch 12 step 350 with [31mce_loss_combined : 0.268092 [31mce_loss_eeg : 0.347517 [31mce_loss_eog : 0.380399 [31mtotal : 0.996008 [94mAcc_combined: 89.78 [94mAcc_eeg: 87.98 [94mAcc_eog: 86.28 [92mF1_combined: 82.43 [92mF1_eeg: 80.55 [92mF1_eog: 75.98 [92mK_combined: 0.8586 [92mK_eeg: 0.8335 [92mK_eog: 0.8091 [34mF1_perclass_combined: [94.67, 48.92, 89.91, 86.65, 92.02] [34mF1_perclass_eeg: [92.6, 46.76, 88.18, 85.98, 89.21] [34mF1_perclass_eog: [92.17, 29.88, 86.04, 81.22, 90.61] 
[37mEpoch 13 step 370 with [31mce_loss_combined : 0.266404 [31mce_loss_eeg : 0.349093 [31mce_loss_eog : 0.380326 [31mtotal : 0.995823 [94mAcc_combined: 89.79 [94mAcc_eeg: 87.98 [94mAcc_eog: 86.33 [92mF1_combined: 82.21 [92mF1_eeg: 80.39 [92mF1_eog: 76.33 [92mK_combined: 0.8587 [92mK_eeg: 0.8337 [92mK_eog: 0.8095 [34mF1_perclass_combined: [94.84, 47.5, 89.79, 86.89, 92.06] [34mF1_perclass_eeg: [92.63, 45.64, 88.11, 86.38, 89.16] [34mF1_perclass_eog: [92.3, 31.6, 86.12, 81.0, 90.62] 
[37mEpoch 13 step 372 with [31mce_loss_combined : 0.265719 [31mce_loss_eeg : 0.347591 [31mce_loss_eog : 0.379587 [31mtotal : 0.992897 [94mAcc_combined: 89.80 [94mAcc_eeg: 88.01 [94mAcc_eog: 86.35 [92mF1_combined: 82.39 [92mF1_eeg: 80.57 [92mF1_eog: 76.53 [92mK_combined: 0.8588 [92mK_eeg: 0.8340 [92mK_eog: 0.8096 [34mF1_perclass_combined: [94.79, 48.42, 89.83, 86.84, 92.07] [34mF1_perclass_eeg: [92.6, 46.56, 88.19, 86.34, 89.16] [34mF1_perclass_eog: [92.26, 32.77, 86.24, 80.71, 90.68] 
[37mEpoch 13 step 377 with [31mce_loss_combined : 0.265492 [31mce_loss_eeg : 0.347619 [31mce_loss_eog : 0.379518 [31mtotal : 0.992629 [94mAcc_combined: 89.79 [94mAcc_eeg: 88.03 [94mAcc_eog: 86.33 [92mF1_combined: 82.29 [92mF1_eeg: 80.55 [92mF1_eog: 76.35 [92mK_combined: 0.8585 [92mK_eeg: 0.8342 [92mK_eog: 0.8090 [34mF1_perclass_combined: [94.81, 47.95, 89.84, 86.79, 92.05] [34mF1_perclass_eeg: [92.67, 46.42, 88.2, 86.3, 89.18] [34mF1_perclass_eog: [92.33, 32.0, 86.23, 80.57, 90.61] 
[37mEpoch 13 step 378 with [31mce_loss_combined : 0.265375 [31mce_loss_eeg : 0.347567 [31mce_loss_eog : 0.379401 [31mtotal : 0.992343 [94mAcc_combined: 89.79 [94mAcc_eeg: 88.03 [94mAcc_eog: 86.36 [92mF1_combined: 82.36 [92mF1_eeg: 80.54 [92mF1_eog: 76.44 [92mK_combined: 0.8586 [92mK_eeg: 0.8342 [92mK_eog: 0.8096 [34mF1_perclass_combined: [94.81, 48.34, 89.84, 86.77, 92.05] [34mF1_perclass_eeg: [92.64, 46.38, 88.21, 86.3, 89.17] [34mF1_perclass_eog: [92.33, 32.33, 86.26, 80.67, 90.6] 
[37mEpoch 13 step 379 with [31mce_loss_combined : 0.265307 [31mce_loss_eeg : 0.347602 [31mce_loss_eog : 0.379270 [31mtotal : 0.992179 [94mAcc_combined: 89.79 [94mAcc_eeg: 88.02 [94mAcc_eog: 86.36 [92mF1_combined: 82.37 [92mF1_eeg: 80.50 [92mF1_eog: 76.42 [92mK_combined: 0.8587 [92mK_eeg: 0.8341 [92mK_eog: 0.8096 [34mF1_perclass_combined: [94.79, 48.37, 89.85, 86.73, 92.09] [34mF1_perclass_eeg: [92.63, 46.2, 88.21, 86.3, 89.17] [34mF1_perclass_eog: [92.31, 32.22, 86.27, 80.69, 90.61] 
[37mEpoch 13 step 382 with [31mce_loss_combined : 0.265298 [31mce_loss_eeg : 0.347630 [31mce_loss_eog : 0.379249 [31mtotal : 0.992176 [94mAcc_combined: 89.80 [94mAcc_eeg: 88.02 [94mAcc_eog: 86.36 [92mF1_combined: 82.39 [92mF1_eeg: 80.54 [92mF1_eog: 76.44 [92mK_combined: 0.8588 [92mK_eeg: 0.8341 [92mK_eog: 0.8097 [34mF1_perclass_combined: [94.78, 48.47, 89.86, 86.76, 92.11] [34mF1_perclass_eeg: [92.61, 46.45, 88.22, 86.28, 89.16] [34mF1_perclass_eog: [92.3, 32.36, 86.28, 80.67, 90.61] 
