000 (1048.000.000) 2022-12-28 10:40:53 Job submitted from host: <10.87.28.129:9618?addrs=10.87.28.129-9618&alias=timmermans.esat.kuleuven.be&noUDP&sock=schedd_2118_59ad>
...
001 (1048.000.000) 2022-12-28 10:41:16 Job executing on host: <10.87.24.51:9618?addrs=10.87.24.51-9618&alias=spchcl18.esat.kuleuven.be&noUDP&sock=startd_3964_8d81>
...
006 (1048.000.000) 2022-12-28 10:41:25 Image size of job updated: 69636
	20  -  MemoryUsage of job (MB)
	19732  -  ResidentSetSize of job (KB)
...
006 (1048.000.000) 2022-12-28 10:46:26 Image size of job updated: 177559528
	6035  -  MemoryUsage of job (MB)
	6178932  -  ResidentSetSize of job (KB)
...
006 (1048.000.000) 2022-12-28 10:51:26 Image size of job updated: 344966952
	6078  -  MemoryUsage of job (MB)
	6223544  -  ResidentSetSize of job (KB)
...
006 (1048.000.000) 2022-12-28 10:56:26 Image size of job updated: 350585072
	6078  -  MemoryUsage of job (MB)
	6223544  -  ResidentSetSize of job (KB)
...
006 (1048.000.000) 2022-12-28 11:01:27 Image size of job updated: 351657336
	6078  -  MemoryUsage of job (MB)
	6223544  -  ResidentSetSize of job (KB)
...
006 (1048.000.000) 2022-12-28 11:06:28 Image size of job updated: 351793656
	6078  -  MemoryUsage of job (MB)
	6223544  -  ResidentSetSize of job (KB)
...
006 (1048.000.000) 2022-12-28 11:26:30 Image size of job updated: 351913648
	6078  -  MemoryUsage of job (MB)
	6223544  -  ResidentSetSize of job (KB)
...
006 (1048.000.000) 2022-12-28 11:31:30 Image size of job updated: 351949268
	6078  -  MemoryUsage of job (MB)
	6223544  -  ResidentSetSize of job (KB)
...
006 (1048.000.000) 2022-12-28 11:41:31 Image size of job updated: 351976260
	6078  -  MemoryUsage of job (MB)
	6223544  -  ResidentSetSize of job (KB)
...
006 (1048.000.000) 2022-12-28 11:51:32 Image size of job updated: 352046892
	6078  -  MemoryUsage of job (MB)
	6223544  -  ResidentSetSize of job (KB)
...
006 (1048.000.000) 2022-12-28 12:11:33 Image size of job updated: 352107896
	6078  -  MemoryUsage of job (MB)
	6223544  -  ResidentSetSize of job (KB)
...
006 (1048.000.000) 2022-12-28 12:56:39 Image size of job updated: 352181140
	6078  -  MemoryUsage of job (MB)
	6223544  -  ResidentSetSize of job (KB)
...
006 (1048.000.000) 2022-12-28 13:11:40 Image size of job updated: 377243732
	6078  -  MemoryUsage of job (MB)
	6223544  -  ResidentSetSize of job (KB)
...
006 (1048.000.000) 2022-12-28 13:16:41 Image size of job updated: 377287296
	6078  -  MemoryUsage of job (MB)
	6223544  -  ResidentSetSize of job (KB)
...
006 (1048.000.000) 2022-12-28 13:21:41 Image size of job updated: 378176380
	6078  -  MemoryUsage of job (MB)
	6223544  -  ResidentSetSize of job (KB)
...
006 (1048.000.000) 2022-12-28 13:26:41 Image size of job updated: 378186348
	6078  -  MemoryUsage of job (MB)
	6223544  -  ResidentSetSize of job (KB)
...
006 (1048.000.000) 2022-12-28 13:31:42 Image size of job updated: 378197380
	6078  -  MemoryUsage of job (MB)
	6223544  -  ResidentSetSize of job (KB)
...
006 (1048.000.000) 2022-12-28 13:51:45 Image size of job updated: 378215560
	6078  -  MemoryUsage of job (MB)
	6223544  -  ResidentSetSize of job (KB)
...
006 (1048.000.000) 2022-12-28 13:56:45 Image size of job updated: 378318696
	6078  -  MemoryUsage of job (MB)
	6223544  -  ResidentSetSize of job (KB)
...
006 (1048.000.000) 2022-12-28 14:06:47 Image size of job updated: 378331020
	6078  -  MemoryUsage of job (MB)
	6223544  -  ResidentSetSize of job (KB)
...
006 (1048.000.000) 2022-12-28 15:11:53 Image size of job updated: 378346936
	6078  -  MemoryUsage of job (MB)
	6223544  -  ResidentSetSize of job (KB)
...
006 (1048.000.000) 2022-12-28 15:26:55 Image size of job updated: 378404080
	6078  -  MemoryUsage of job (MB)
	6223544  -  ResidentSetSize of job (KB)
...
006 (1048.000.000) 2022-12-28 15:41:57 Image size of job updated: 379280572
	6078  -  MemoryUsage of job (MB)
	6223544  -  ResidentSetSize of job (KB)
...
006 (1048.000.000) 2022-12-28 16:11:59 Image size of job updated: 379504252
	6078  -  MemoryUsage of job (MB)
	6223544  -  ResidentSetSize of job (KB)
...
006 (1048.000.000) 2022-12-28 16:17:00 Image size of job updated: 379631088
	6078  -  MemoryUsage of job (MB)
	6223544  -  ResidentSetSize of job (KB)
...
006 (1048.000.000) 2022-12-28 16:22:00 Image size of job updated: 379631112
	6078  -  MemoryUsage of job (MB)
	6223544  -  ResidentSetSize of job (KB)
...
006 (1048.000.000) 2022-12-28 17:02:05 Image size of job updated: 379658336
	6078  -  MemoryUsage of job (MB)
	6223544  -  ResidentSetSize of job (KB)
...
006 (1048.000.000) 2022-12-28 20:42:26 Image size of job updated: 379719036
	6078  -  MemoryUsage of job (MB)
	6223544  -  ResidentSetSize of job (KB)
...
006 (1048.000.000) 2022-12-28 20:47:27 Image size of job updated: 379728860
	6078  -  MemoryUsage of job (MB)
	6223544  -  ResidentSetSize of job (KB)
...
006 (1048.000.000) 2022-12-28 22:47:39 Image size of job updated: 379770396
	6078  -  MemoryUsage of job (MB)
	6223544  -  ResidentSetSize of job (KB)
...
006 (1048.000.000) 2022-12-28 23:02:40 Image size of job updated: 379940232
	6078  -  MemoryUsage of job (MB)
	6223544  -  ResidentSetSize of job (KB)
...
006 (1048.000.000) 2022-12-28 23:07:41 Image size of job updated: 380001480
	6078  -  MemoryUsage of job (MB)
	6223544  -  ResidentSetSize of job (KB)
...
006 (1048.000.000) 2022-12-28 23:17:42 Image size of job updated: 380050624
	6078  -  MemoryUsage of job (MB)
	6223544  -  ResidentSetSize of job (KB)
...
006 (1048.000.000) 2022-12-29 09:03:42 Image size of job updated: 380152264
	6078  -  MemoryUsage of job (MB)
	6223544  -  ResidentSetSize of job (KB)
...
006 (1048.000.000) 2022-12-29 10:23:49 Image size of job updated: 380343304
	6078  -  MemoryUsage of job (MB)
	6223544  -  ResidentSetSize of job (KB)
...
006 (1048.000.000) 2022-12-29 10:28:50 Image size of job updated: 380362956
	6078  -  MemoryUsage of job (MB)
	6223544  -  ResidentSetSize of job (KB)
...
004 (1048.000.000) 2022-12-30 12:36:13 Job was evicted.
	(0) CPU times
		Usr 4 07:14:09, Sys 1 06:04:32  -  Run Remote Usage
		Usr 0 00:00:00, Sys 0 00:00:00  -  Run Local Usage
	0  -  Run Bytes Sent By Job
	0  -  Run Bytes Received By Job
	Partitionable Resources :    Usage  Request Allocated Assigned
	   Cpus                 :     2.19       16        16 
	   Disk (KB)            :     1           1    275681 
	   Gpus (Average)       :     0.52        1         1 "CUDA0"
	   GpusMemory (MB)      :  3741                       
	   Memory (MB)          :  6078       16384     16384 
...
009 (1048.000.000) 2022-12-30 12:36:13 Job was aborted.
	via condor_rm (by user kkontras)
...
