000 (1049.002.000) 2022-12-29 14:07:09 Job submitted from host: <10.87.28.129:9618?addrs=10.87.28.129-9618&alias=timmermans.esat.kuleuven.be&noUDP&sock=schedd_2118_59ad>
...
001 (1049.002.000) 2022-12-29 14:07:19 Job executing on host: <10.87.24.53:9618?addrs=10.87.24.53-9618&alias=spchcl21.esat.kuleuven.be&noUDP&sock=startd_22823_4215>
...
006 (1049.002.000) 2022-12-29 14:07:28 Image size of job updated: 147528
	57  -  MemoryUsage of job (MB)
	57936  -  ResidentSetSize of job (KB)
...
006 (1049.002.000) 2022-12-29 14:08:34 Image size of job updated: 14769840
	57  -  MemoryUsage of job (MB)
	57936  -  ResidentSetSize of job (KB)
...
005 (1049.002.000) 2022-12-29 14:08:35 Job terminated.
	(1) Normal termination (return value 0)
		Usr 0 00:00:43, Sys 0 00:00:13  -  Run Remote Usage
		Usr 0 00:00:00, Sys 0 00:00:00  -  Run Local Usage
		Usr 0 00:00:43, Sys 0 00:00:13  -  Total Remote Usage
		Usr 0 00:00:00, Sys 0 00:00:00  -  Total Local Usage
	0  -  Run Bytes Sent By Job
	0  -  Run Bytes Received By Job
	0  -  Total Bytes Sent By Job
	0  -  Total Bytes Received By Job
	Partitionable Resources :    Usage  Request Allocated Assigned
	   Cpus                 :                16        16 
	   Disk (KB)            :        1        1    265513 
	   Gpus (Average)       :                 1         1 "CUDA0"
	   Memory (MB)          :       57    16384     16384 

	Job terminated of its own accord at 2022-12-29T13:08:34Z.
...
