000 (1049.007.000) 2022-12-29 14:07:10 Job submitted from host: <10.87.28.129:9618?addrs=10.87.28.129-9618&alias=timmermans.esat.kuleuven.be&noUDP&sock=schedd_2118_59ad>
...
001 (1049.007.000) 2022-12-29 14:10:43 Job executing on host: <10.87.24.56:9618?addrs=10.87.24.56-9618&alias=gauss.esat.kuleuven.be&noUDP&sock=startd_1803_4958>
...
006 (1049.007.000) 2022-12-29 14:10:52 Image size of job updated: 101256
	99  -  MemoryUsage of job (MB)
	101256  -  ResidentSetSize of job (KB)
...
006 (1049.007.000) 2022-12-29 14:15:53 Image size of job updated: 384839088
	7822  -  MemoryUsage of job (MB)
	8008880  -  ResidentSetSize of job (KB)
...
006 (1049.007.000) 2022-12-29 14:20:53 Image size of job updated: 385385056
	7823  -  MemoryUsage of job (MB)
	8010100  -  ResidentSetSize of job (KB)
...
006 (1049.007.000) 2022-12-29 14:25:53 Image size of job updated: 433618436
	7823  -  MemoryUsage of job (MB)
	8010100  -  ResidentSetSize of job (KB)
...
006 (1049.007.000) 2022-12-29 14:45:55 Image size of job updated: 433875128
	7823  -  MemoryUsage of job (MB)
	8010100  -  ResidentSetSize of job (KB)
...
006 (1049.007.000) 2022-12-29 14:50:56 Image size of job updated: 434260032
	7823  -  MemoryUsage of job (MB)
	8010100  -  ResidentSetSize of job (KB)
...
006 (1049.007.000) 2022-12-29 15:15:59 Image size of job updated: 434936272
	7823  -  MemoryUsage of job (MB)
	8010100  -  ResidentSetSize of job (KB)
...
006 (1049.007.000) 2022-12-29 16:36:06 Image size of job updated: 446711228
	9277  -  MemoryUsage of job (MB)
	9498852  -  ResidentSetSize of job (KB)
...
006 (1049.007.000) 2022-12-29 16:41:07 Image size of job updated: 446802336
	10002  -  MemoryUsage of job (MB)
	10241360  -  ResidentSetSize of job (KB)
...
006 (1049.007.000) 2022-12-29 16:46:07 Image size of job updated: 457234756
	10002  -  MemoryUsage of job (MB)
	10241364  -  ResidentSetSize of job (KB)
...
006 (1049.007.000) 2022-12-29 16:51:08 Image size of job updated: 457286772
	10190  -  MemoryUsage of job (MB)
	10434040  -  ResidentSetSize of job (KB)
...
006 (1049.007.000) 2022-12-29 17:01:09 Image size of job updated: 457624372
	10190  -  MemoryUsage of job (MB)
	10434040  -  ResidentSetSize of job (KB)
...
006 (1049.007.000) 2022-12-29 17:06:09 Image size of job updated: 457734376
	10190  -  MemoryUsage of job (MB)
	10434040  -  ResidentSetSize of job (KB)
...
006 (1049.007.000) 2022-12-29 17:11:10 Image size of job updated: 457793316
	10190  -  MemoryUsage of job (MB)
	10434040  -  ResidentSetSize of job (KB)
...
006 (1049.007.000) 2022-12-29 17:36:12 Image size of job updated: 458353336
	10190  -  MemoryUsage of job (MB)
	10434040  -  ResidentSetSize of job (KB)
...
006 (1049.007.000) 2022-12-29 17:46:13 Image size of job updated: 458409880
	10190  -  MemoryUsage of job (MB)
	10434040  -  ResidentSetSize of job (KB)
...
006 (1049.007.000) 2022-12-29 19:16:24 Image size of job updated: 458529840
	10190  -  MemoryUsage of job (MB)
	10434040  -  ResidentSetSize of job (KB)
...
006 (1049.007.000) 2022-12-29 20:16:28 Image size of job updated: 464835152
	10190  -  MemoryUsage of job (MB)
	10434040  -  ResidentSetSize of job (KB)
...
006 (1049.007.000) 2022-12-29 20:26:30 Image size of job updated: 470252372
	10190  -  MemoryUsage of job (MB)
	10434040  -  ResidentSetSize of job (KB)
...
006 (1049.007.000) 2022-12-29 21:01:34 Image size of job updated: 470386244
	10190  -  MemoryUsage of job (MB)
	10434040  -  ResidentSetSize of job (KB)
...
006 (1049.007.000) 2022-12-29 21:06:34 Image size of job updated: 470750260
	10190  -  MemoryUsage of job (MB)
	10434040  -  ResidentSetSize of job (KB)
...
006 (1049.007.000) 2022-12-29 21:11:34 Image size of job updated: 470791576
	10190  -  MemoryUsage of job (MB)
	10434040  -  ResidentSetSize of job (KB)
...
006 (1049.007.000) 2022-12-29 21:16:35 Image size of job updated: 471067492
	10190  -  MemoryUsage of job (MB)
	10434040  -  ResidentSetSize of job (KB)
...
005 (1049.007.000) 2022-12-29 23:46:33 Job terminated.
	(1) Normal termination (return value 0)
		Usr 1 15:13:50, Sys 0 09:39:25  -  Run Remote Usage
		Usr 0 00:00:00, Sys 0 00:00:00  -  Run Local Usage
		Usr 1 15:13:50, Sys 0 09:39:25  -  Total Remote Usage
		Usr 0 00:00:00, Sys 0 00:00:00  -  Total Local Usage
	0  -  Run Bytes Sent By Job
	0  -  Run Bytes Received By Job
	0  -  Total Bytes Sent By Job
	0  -  Total Bytes Received By Job
	Partitionable Resources :    Usage  Request Allocated Assigned
	   Cpus                 :     6.93       16        16 
	   Disk (KB)            :     1           1   7367279 
	   Gpus (Average)       :     0.47        1         1 "CUDA1"
	   GpusMemory (MB)      :  5897                       
	   Memory (MB)          : 10190       16384     16384 

	Job terminated of its own accord at 2022-12-29T22:46:33Z.
...
