000 (1049.008.000) 2022-12-29 14:07:10 Job submitted from host: <10.87.28.129:9618?addrs=10.87.28.129-9618&alias=timmermans.esat.kuleuven.be&noUDP&sock=schedd_2118_59ad>
...
001 (1049.008.000) 2022-12-29 23:21:09 Job executing on host: <10.87.24.4:9618?addrs=10.87.24.4-9618&alias=aristoteles.esat.kuleuven.be&noUDP&sock=startd_2769_e1d5>
...
006 (1049.008.000) 2022-12-29 23:21:18 Image size of job updated: 242340
	204  -  MemoryUsage of job (MB)
	208412  -  ResidentSetSize of job (KB)
...
006 (1049.008.000) 2022-12-29 23:26:19 Image size of job updated: 387198008
	11589  -  MemoryUsage of job (MB)
	11866280  -  ResidentSetSize of job (KB)
...
006 (1049.008.000) 2022-12-29 23:31:20 Image size of job updated: 387747052
	11589  -  MemoryUsage of job (MB)
	11866280  -  ResidentSetSize of job (KB)
...
006 (1049.008.000) 2022-12-29 23:41:21 Image size of job updated: 436227620
	11589  -  MemoryUsage of job (MB)
	11866280  -  ResidentSetSize of job (KB)
...
006 (1049.008.000) 2022-12-29 23:46:22 Image size of job updated: 436543820
	11589  -  MemoryUsage of job (MB)
	11866280  -  ResidentSetSize of job (KB)
...
006 (1049.008.000) 2022-12-29 23:51:22 Image size of job updated: 437234360
	11589  -  MemoryUsage of job (MB)
	11866280  -  ResidentSetSize of job (KB)
...
006 (1049.008.000) 2022-12-30 00:11:24 Image size of job updated: 437596448
	11589  -  MemoryUsage of job (MB)
	11866280  -  ResidentSetSize of job (KB)
...
006 (1049.008.000) 2022-12-30 00:16:24 Image size of job updated: 437697384
	11589  -  MemoryUsage of job (MB)
	11866280  -  ResidentSetSize of job (KB)
...
006 (1049.008.000) 2022-12-30 00:21:25 Image size of job updated: 437894140
	11589  -  MemoryUsage of job (MB)
	11866280  -  ResidentSetSize of job (KB)
...
006 (1049.008.000) 2022-12-30 01:41:31 Image size of job updated: 445751928
	11589  -  MemoryUsage of job (MB)
	11866280  -  ResidentSetSize of job (KB)
...
006 (1049.008.000) 2022-12-30 01:46:31 Image size of job updated: 446823524
	11589  -  MemoryUsage of job (MB)
	11866280  -  ResidentSetSize of job (KB)
...
006 (1049.008.000) 2022-12-30 01:56:33 Image size of job updated: 453939832
	11589  -  MemoryUsage of job (MB)
	11866280  -  ResidentSetSize of job (KB)
...
006 (1049.008.000) 2022-12-30 02:01:34 Image size of job updated: 455052132
	11589  -  MemoryUsage of job (MB)
	11866280  -  ResidentSetSize of job (KB)
...
006 (1049.008.000) 2022-12-30 02:06:34 Image size of job updated: 455110716
	11589  -  MemoryUsage of job (MB)
	11866280  -  ResidentSetSize of job (KB)
...
006 (1049.008.000) 2022-12-30 02:16:34 Image size of job updated: 455129872
	11589  -  MemoryUsage of job (MB)
	11866280  -  ResidentSetSize of job (KB)
...
006 (1049.008.000) 2022-12-30 02:26:36 Image size of job updated: 455525312
	11589  -  MemoryUsage of job (MB)
	11866280  -  ResidentSetSize of job (KB)
...
006 (1049.008.000) 2022-12-30 02:36:37 Image size of job updated: 455671864
	11589  -  MemoryUsage of job (MB)
	11866280  -  ResidentSetSize of job (KB)
...
006 (1049.008.000) 2022-12-30 03:06:40 Image size of job updated: 455917160
	11589  -  MemoryUsage of job (MB)
	11866280  -  ResidentSetSize of job (KB)
...
006 (1049.008.000) 2022-12-30 03:56:45 Image size of job updated: 455951980
	11589  -  MemoryUsage of job (MB)
	11866280  -  ResidentSetSize of job (KB)
...
006 (1049.008.000) 2022-12-30 04:56:51 Image size of job updated: 456214040
	11589  -  MemoryUsage of job (MB)
	11866280  -  ResidentSetSize of job (KB)
...
006 (1049.008.000) 2022-12-30 05:01:51 Image size of job updated: 456226468
	11589  -  MemoryUsage of job (MB)
	11866280  -  ResidentSetSize of job (KB)
...
006 (1049.008.000) 2022-12-30 05:21:53 Image size of job updated: 456997456
	11589  -  MemoryUsage of job (MB)
	11866280  -  ResidentSetSize of job (KB)
...
006 (1049.008.000) 2022-12-30 05:31:55 Image size of job updated: 457145088
	11589  -  MemoryUsage of job (MB)
	11866280  -  ResidentSetSize of job (KB)
...
006 (1049.008.000) 2022-12-30 05:46:56 Image size of job updated: 457778384
	11589  -  MemoryUsage of job (MB)
	11866280  -  ResidentSetSize of job (KB)
...
006 (1049.008.000) 2022-12-30 05:51:57 Image size of job updated: 459006820
	11589  -  MemoryUsage of job (MB)
	11866280  -  ResidentSetSize of job (KB)
...
006 (1049.008.000) 2022-12-30 08:27:13 Image size of job updated: 459496480
	11589  -  MemoryUsage of job (MB)
	11866280  -  ResidentSetSize of job (KB)
...
005 (1049.008.000) 2022-12-30 08:44:47 Job terminated.
	(1) Normal termination (return value 0)
		Usr 1 21:34:35, Sys 0 12:54:15  -  Run Remote Usage
		Usr 0 00:00:00, Sys 0 00:00:00  -  Run Local Usage
		Usr 1 21:34:35, Sys 0 12:54:15  -  Total Remote Usage
		Usr 0 00:00:00, Sys 0 00:00:00  -  Total Local Usage
	0  -  Run Bytes Sent By Job
	0  -  Run Bytes Received By Job
	0  -  Total Bytes Sent By Job
	0  -  Total Bytes Received By Job
	Partitionable Resources :    Usage  Request Allocated Assigned
	   Cpus                 :     8.22       16        16 
	   Disk (KB)            :     1           1    394190 
	   Gpus (Average)       :     0.45        1         1 "CUDA0"
	   GpusMemory (MB)      :  6914                       
	   Memory (MB)          : 11589       16384     16384 

	Job terminated of its own accord at 2022-12-30T07:44:47Z.
...
