000 (1049.004.000) 2022-12-29 14:07:09 Job submitted from host: <10.87.28.129:9618?addrs=10.87.28.129-9618&alias=timmermans.esat.kuleuven.be&noUDP&sock=schedd_2118_59ad>
...
001 (1049.004.000) 2022-12-29 14:08:35 Job executing on host: <10.87.24.53:9618?addrs=10.87.24.53-9618&alias=spchcl21.esat.kuleuven.be&noUDP&sock=startd_22823_4215>
...
006 (1049.004.000) 2022-12-29 14:08:43 Image size of job updated: 173260
	170  -  MemoryUsage of job (MB)
	173256  -  ResidentSetSize of job (KB)
...
006 (1049.004.000) 2022-12-29 14:13:43 Image size of job updated: 435347912
	10045  -  MemoryUsage of job (MB)
	10285700  -  ResidentSetSize of job (KB)
...
006 (1049.004.000) 2022-12-29 14:18:44 Image size of job updated: 437350084
	10045  -  MemoryUsage of job (MB)
	10285700  -  ResidentSetSize of job (KB)
...
006 (1049.004.000) 2022-12-29 14:23:45 Image size of job updated: 481966196
	10045  -  MemoryUsage of job (MB)
	10285700  -  ResidentSetSize of job (KB)
...
006 (1049.004.000) 2022-12-29 14:28:45 Image size of job updated: 481990448
	10045  -  MemoryUsage of job (MB)
	10285700  -  ResidentSetSize of job (KB)
...
006 (1049.004.000) 2022-12-29 14:48:47 Image size of job updated: 482827820
	10045  -  MemoryUsage of job (MB)
	10285700  -  ResidentSetSize of job (KB)
...
006 (1049.004.000) 2022-12-29 15:28:52 Image size of job updated: 484957800
	10045  -  MemoryUsage of job (MB)
	10285700  -  ResidentSetSize of job (KB)
...
006 (1049.004.000) 2022-12-29 17:44:05 Image size of job updated: 485152184
	10045  -  MemoryUsage of job (MB)
	10285700  -  ResidentSetSize of job (KB)
...
006 (1049.004.000) 2022-12-29 18:34:11 Image size of job updated: 489456112
	10045  -  MemoryUsage of job (MB)
	10285700  -  ResidentSetSize of job (KB)
...
006 (1049.004.000) 2022-12-29 18:44:12 Image size of job updated: 495935364
	10045  -  MemoryUsage of job (MB)
	10285700  -  ResidentSetSize of job (KB)
...
006 (1049.004.000) 2022-12-29 18:49:12 Image size of job updated: 496132036
	10045  -  MemoryUsage of job (MB)
	10285700  -  ResidentSetSize of job (KB)
...
006 (1049.004.000) 2022-12-29 18:54:13 Image size of job updated: 500044512
	10045  -  MemoryUsage of job (MB)
	10285700  -  ResidentSetSize of job (KB)
...
006 (1049.004.000) 2022-12-29 22:24:35 Image size of job updated: 500051088
	10045  -  MemoryUsage of job (MB)
	10285700  -  ResidentSetSize of job (KB)
...
006 (1049.004.000) 2022-12-29 23:04:39 Image size of job updated: 501394312
	10045  -  MemoryUsage of job (MB)
	10285700  -  ResidentSetSize of job (KB)
...
006 (1049.004.000) 2022-12-29 23:14:41 Image size of job updated: 502444012
	10045  -  MemoryUsage of job (MB)
	10285700  -  ResidentSetSize of job (KB)
...
006 (1049.004.000) 2022-12-29 23:19:41 Image size of job updated: 502522588
	10045  -  MemoryUsage of job (MB)
	10285700  -  ResidentSetSize of job (KB)
...
006 (1049.004.000) 2022-12-29 23:39:43 Image size of job updated: 502679908
	10045  -  MemoryUsage of job (MB)
	10285700  -  ResidentSetSize of job (KB)
...
006 (1049.004.000) 2022-12-30 00:29:49 Image size of job updated: 507789588
	10045  -  MemoryUsage of job (MB)
	10285700  -  ResidentSetSize of job (KB)
...
006 (1049.004.000) 2022-12-30 01:54:59 Image size of job updated: 507806972
	10045  -  MemoryUsage of job (MB)
	10285700  -  ResidentSetSize of job (KB)
...
006 (1049.004.000) 2022-12-30 03:20:08 Image size of job updated: 507868044
	10045  -  MemoryUsage of job (MB)
	10285700  -  ResidentSetSize of job (KB)
...
006 (1049.004.000) 2022-12-30 06:05:25 Image size of job updated: 507902956
	10045  -  MemoryUsage of job (MB)
	10285700  -  ResidentSetSize of job (KB)
...
005 (1049.004.000) 2022-12-30 08:38:03 Job terminated.
	(1) Normal termination (return value 0)
		Usr 1 22:00:16, Sys 0 20:14:49  -  Run Remote Usage
		Usr 0 00:00:00, Sys 0 00:00:00  -  Run Local Usage
		Usr 1 22:00:16, Sys 0 20:14:49  -  Total Remote Usage
		Usr 0 00:00:00, Sys 0 00:00:00  -  Total Local Usage
	0  -  Run Bytes Sent By Job
	0  -  Run Bytes Received By Job
	0  -  Total Bytes Sent By Job
	0  -  Total Bytes Received By Job
	Partitionable Resources :    Usage  Request Allocated Assigned
	   Cpus                 :     2.55       16        16 
	   Disk (KB)            :     1           1    265513 
	   Gpus (Average)       :     0.40        1         1 "CUDA0"
	   GpusMemory (MB)      :  5352                       
	   Memory (MB)          : 10045       16384     16384 

	Job terminated of its own accord at 2022-12-30T07:38:03Z.
...
