000 (1049.005.000) 2022-12-29 14:07:10 Job submitted from host: <10.87.28.129:9618?addrs=10.87.28.129-9618&alias=timmermans.esat.kuleuven.be&noUDP&sock=schedd_2118_59ad>
...
001 (1049.005.000) 2022-12-29 14:09:12 Job executing on host: <10.87.24.56:9618?addrs=10.87.24.56-9618&alias=gauss.esat.kuleuven.be&noUDP&sock=startd_1803_4958>
...
006 (1049.005.000) 2022-12-29 14:09:21 Image size of job updated: 238792
	114  -  MemoryUsage of job (MB)
	115988  -  ResidentSetSize of job (KB)
...
006 (1049.005.000) 2022-12-29 14:14:22 Image size of job updated: 385588940
	7792  -  MemoryUsage of job (MB)
	7978220  -  ResidentSetSize of job (KB)
...
006 (1049.005.000) 2022-12-29 14:19:22 Image size of job updated: 436350880
	7853  -  MemoryUsage of job (MB)
	8040596  -  ResidentSetSize of job (KB)
...
006 (1049.005.000) 2022-12-29 14:24:22 Image size of job updated: 437119728
	7853  -  MemoryUsage of job (MB)
	8040596  -  ResidentSetSize of job (KB)
...
006 (1049.005.000) 2022-12-29 14:29:23 Image size of job updated: 438250416
	7853  -  MemoryUsage of job (MB)
	8040596  -  ResidentSetSize of job (KB)
...
006 (1049.005.000) 2022-12-29 14:44:25 Image size of job updated: 438908936
	7853  -  MemoryUsage of job (MB)
	8040596  -  ResidentSetSize of job (KB)
...
006 (1049.005.000) 2022-12-29 15:14:28 Image size of job updated: 439049512
	7853  -  MemoryUsage of job (MB)
	8040596  -  ResidentSetSize of job (KB)
...
006 (1049.005.000) 2022-12-29 15:49:31 Image size of job updated: 444761128
	8523  -  MemoryUsage of job (MB)
	8727080  -  ResidentSetSize of job (KB)
...
006 (1049.005.000) 2022-12-29 15:54:32 Image size of job updated: 448209428
	8523  -  MemoryUsage of job (MB)
	8727080  -  ResidentSetSize of job (KB)
...
006 (1049.005.000) 2022-12-29 15:59:33 Image size of job updated: 448370136
	8523  -  MemoryUsage of job (MB)
	8727080  -  ResidentSetSize of job (KB)
...
006 (1049.005.000) 2022-12-29 16:19:35 Image size of job updated: 448648312
	8523  -  MemoryUsage of job (MB)
	8727080  -  ResidentSetSize of job (KB)
...
006 (1049.005.000) 2022-12-29 17:24:43 Image size of job updated: 454415856
	8523  -  MemoryUsage of job (MB)
	8727080  -  ResidentSetSize of job (KB)
...
006 (1049.005.000) 2022-12-29 17:49:44 Image size of job updated: 455930620
	8523  -  MemoryUsage of job (MB)
	8727080  -  ResidentSetSize of job (KB)
...
006 (1049.005.000) 2022-12-29 18:54:52 Image size of job updated: 456167332
	8523  -  MemoryUsage of job (MB)
	8727080  -  ResidentSetSize of job (KB)
...
005 (1049.005.000) 2022-12-29 20:48:30 Job terminated.
	(1) Normal termination (return value 0)
		Usr 1 00:12:27, Sys 0 06:19:59  -  Run Remote Usage
		Usr 0 00:00:00, Sys 0 00:00:00  -  Run Local Usage
		Usr 1 00:12:27, Sys 0 06:19:59  -  Total Remote Usage
		Usr 0 00:00:00, Sys 0 00:00:00  -  Total Local Usage
	0  -  Run Bytes Sent By Job
	0  -  Run Bytes Received By Job
	0  -  Total Bytes Sent By Job
	0  -  Total Bytes Received By Job
	Partitionable Resources :    Usage  Request Allocated Assigned
	   Cpus                 :     2.66       16        16 
	   Disk (KB)            :     1           1   7367279 
	   Gpus (Average)       :                 1         1 "CUDA0"
	   GpusMemory (MB)      :  6077                       
	   Memory (MB)          :  8523       16384     16384 

	Job terminated of its own accord at 2022-12-29T19:48:30Z.
...
