Starting Job
/users/sista/kkontras/Documents/Sleep_Project/main_paper.py
/esat/smcdata/users/kkontras/Image_Dataset/no_backup/envs/gl_env/bin/python
Python 3.7.10
/users/sista/kkontras/Documents/Sleep_Project
0
 THE Configuration of your experiment ..
{'agent': 'Sleep_Agent_Init_Train',
 'augmentation': {},
 'channel': 0,
 'dataset': {'cache_datasets': {'test': False, 'train': False, 'valid': False},
             'data_roots': '/esat/biomeddata/SHHS_Dataset/no_backup',
             'data_split': {'split_method': 'patients_test',
                            'test_split_rate': 0.3,
                            'val_split_rate': 0.026},
             'data_view_dir': [{'data_type': 'stft',
                                'list_dir': 'patient_mat_list.txt',
                                'mod': 'eeg',
                                'num_ch': 1},
                               {'data_type': 'stft',
                                'list_dir': 'patient_eog_mat_list.txt',
                                'mod': 'eog',
                                'num_ch': 1}],
             'dataloader_class': 'SleepDataLoader_mat_huy',
             'huy_data': True,
             'inner_overlap': [0.5, 0.5],
             'keep_view': [1, 0],
             'seq_length': [5, 0],
             'seq_views': [False],
             'shuffle_train': True},
 'early_stopping': {'log_interval': 10,
                    'max_epoch': 1000,
                    'n_steps_stop': 250,
                    'n_steps_stop_after': 400,
                    'save_every': 1,
                    'validate_after': 0,
                    'validate_every': 400},
 'exp_name': 'Sleep EEG-EOG BLIP Experiment',
 'lr_finder': False,
 'lr_finder_steps': 100,
 'mode': 'train',
 'model': {'args': {'augment_within': False,
                    'dmodel': 128,
                    'dropout': 0.3,
                    'fc_inner': 1024,
                    'ignore_alignment_val': True,
                    'multi_loss': {'multi_loss_weights': {'alignment_loss': 0.1,
                                                          'multi_supervised_loss': {'combined': 1,
                                                                                    'eeg': 1,
                                                                                    'eog': 1},
                                                          'order_loss': 0}},
                    'num_classes': 5,
                    'shared_pred': False,
                    'three_modes': True,
                    'training_type': 'alignment_order_multisupervised'},
           'encoders': [{'args': {'align_inner': True,
                                  'd_model': 128,
                                  'dim_feedforward': 1024,
                                  'dim_proj': 128,
                                  'dropout': 0.3,
                                  'inner_biased': False,
                                  'mod_token': False,
                                  'num_heads': 8,
                                  'num_layers': 4,
                                  'outer_biased': False,
                                  'outer_rep': False,
                                  'pos': False,
                                  'rpos': True,
                                  'shared': True,
                                  'skip_random_mod': False},
                         'encoders': [],
                         'freeze_encoder': False,
                         'model': 'SleepEnc_BLIP_EEG_EOG_shared_free_cliplike',
                         'pretrainedEncoder': {'dir': '', 'use': False},
                         'savetrainedEncoder': {'dir': '', 'save': False}}],
           'load_ongoing': False,
           'model_class': 'EEG_SLEEP_BLIP_GM_MultiMode',
           'pretrained_model': {'dir': '', 'use': False},
           'save_dir': '/esat/smcdata/users/kkontras/Image_Dataset/no_backup/data/2021_data/shhs1/multi_modal/paper_models/fourier_transformer_eeg_eog_mat_BLIP_al01_shared_b16_freetrain_rpos_nopos_nonsharedpreds_drop03_aligninner_al5_trial1_pt.pth.tar'},
 'normalization': {'calculate_metrics': False,
                   'dir': '/esat/biomeddata/SHHS_Dataset/no_backup/metrics_eeg_eog_emg_stft.pkl',
                   'metrics_type': 'train_dataset',
                   'save_metrics': False,
                   'use': True},
 'num_classes': 5,
 'num_modalities': 1,
 'optimizer': {'beta1': 0.9,
               'beta2': 0.999,
               'learning_rate': 0.0001,
               'momentum': 0.2,
               'type': 'Adam',
               'weight_decay': 0.0001},
 'plots': {'plot_stft_num': 0, 'save': False},
 'post_proc': {'post_proc_step': 15,
               'test_postprocessing': False,
               'val_postprocessing': False},
 'scheduler': {'max_lr': 0.03, 'type': 'cosanneal', 'warm_up': 55},
 'statistics': {'ce_weights': {'temp': 0.1, 'use': False}, 'print': False},
 'training_params': {'adversarial_training': {'adv_epsilon': 0.01,
                                              'use': False},
                     'async_loading': True,
                     'batch_size': 16,
                     'cuda': True,
                     'data_loader_workers': 8,
                     'gpu_device': [0],
                     'pin_memory': True,
                     'rec_test': False,
                     'res': True,
                     'seed': 28,
                     'tdqm_disable': True,
                     'test_batch_size': 16,
                     'test_on_tops': True,
                     'use_test_set': True,
                     'validation': True,
                     'verbose': True,
                     'wandb_disable': False}}
 *************************************** 
The experiment name is Sleep EEG-EOG BLIP Experiment
 *************************************** 
stft_eeg Train 3724 validation 100 test 1639
stft_eog Train 3724 validation 100 test 1639
{'use_type': False, 'skip_skips': True}
{'use_type': False, 'skip_skips': True}
{'use_type': False, 'skip_skips': True}
{'use_type': False, 'skip_skips': True}
Loading metrics from /esat/biomeddata/SHHS_Dataset/no_backup/metrics_eeg_eog_emg_stft.pkl
Weights are [1. 1. 1. 1. 1.]
46572
400
117
tensor([1., 1., 1., 1., 1.], device='cuda:0')
We are not shuffling the data
Training function is sleep_train_one_step_alignment_order_multisupervised
Loss Weights are {'combined': 1, 'eeg': 1, 'eog': 1, 'alignments': 0.1, 'order': 0, 'consistency': 0, 'reconstruction': 0}
We are not shuffling the data
<class 'graphs.models.attention_models.BLIP.SleepEnc_BLIP_EEG_EOG_shared_free_cliplike'>
Total number of trainable parameters are: 10001935
Available cuda devices: 1, current device:0
Total number of trainable parameters are: 10001935
[37mEpoch 0 step 1 with [31mce_loss_combined : 0.767367 [31mce_loss_eeg : 1.251088 [31mce_loss_eog : 1.328508 [31mtotal : 3.346963 [94mAcc_combined: 72.52 [94mAcc_eeg: 61.92 [94mAcc_eog: 56.86 [92mF1_combined: 57.56 [92mF1_eeg: 36.16 [92mF1_eog: 28.02 [92mK_combined: 0.6222 [92mK_eeg: 0.4311 [92mK_eog: 0.3240 [34mF1_perclass_combined: [81.84, 0.0, 73.97, 76.76, 55.24] [34mF1_perclass_eeg: [75.75, 0.0, 70.17, 0.03, 34.84] [34mF1_perclass_eog: [74.78, 0.0, 65.33, 0.0, 0.0] 
[37mEpoch 0 step 3 with [31mce_loss_combined : 0.740939 [31mce_loss_eeg : 1.150367 [31mce_loss_eog : 1.220442 [31mtotal : 3.111748 [94mAcc_combined: 72.98 [94mAcc_eeg: 70.06 [94mAcc_eog: 67.03 [92mF1_combined: 58.97 [92mF1_eeg: 51.08 [92mF1_eog: 54.11 [92mK_combined: 0.6357 [92mK_eeg: 0.5575 [92mK_eog: 0.5514 [34mF1_perclass_combined: [86.12, 0.0, 70.04, 73.09, 65.59] [34mF1_perclass_eeg: [84.73, 0.0, 73.78, 60.41, 36.51] [34mF1_perclass_eog: [74.16, 0.0, 68.59, 69.24, 58.57] 
[37mEpoch 0 step 4 with [31mce_loss_combined : 0.686916 [31mce_loss_eeg : 1.126125 [31mce_loss_eog : 1.189656 [31mtotal : 3.002697 [94mAcc_combined: 75.73 [94mAcc_eeg: 73.94 [94mAcc_eog: 67.16 [92mF1_combined: 59.99 [92mF1_eeg: 59.28 [92mF1_eog: 53.73 [92mK_combined: 0.6613 [92mK_eeg: 0.6456 [92mK_eog: 0.5539 [34mF1_perclass_combined: [83.52, 0.0, 78.07, 70.68, 67.66] [34mF1_perclass_eeg: [82.82, 0.0, 73.14, 77.68, 62.77] [34mF1_perclass_eog: [75.94, 0.0, 71.43, 64.19, 57.07] 
[37mEpoch 0 step 5 with [31mce_loss_combined : 0.644105 [31mce_loss_eeg : 1.085498 [31mce_loss_eog : 1.167053 [31mtotal : 2.896657 [94mAcc_combined: 77.65 [94mAcc_eeg: 77.24 [94mAcc_eog: 68.44 [92mF1_combined: 62.69 [92mF1_eeg: 61.79 [92mF1_eog: 54.20 [92mK_combined: 0.6957 [92mK_eeg: 0.6845 [92mK_eog: 0.5641 [34mF1_perclass_combined: [83.75, 0.05, 79.92, 80.08, 69.66] [34mF1_perclass_eeg: [84.49, 0.0, 78.72, 80.32, 65.43] [34mF1_perclass_eog: [66.91, 0.0, 78.19, 68.15, 57.75] 
[37mEpoch 0 step 7 with [31mce_loss_combined : 0.624672 [31mce_loss_eeg : 1.068940 [31mce_loss_eog : 1.089245 [31mtotal : 2.782858 [94mAcc_combined: 78.07 [94mAcc_eeg: 76.50 [94mAcc_eog: 75.58 [92mF1_combined: 67.90 [92mF1_eeg: 61.47 [92mF1_eog: 60.70 [92mK_combined: 0.7029 [92mK_eeg: 0.6754 [92mK_eog: 0.6519 [34mF1_perclass_combined: [87.36, 20.43, 78.52, 79.96, 73.25] [34mF1_perclass_eeg: [86.4, 0.0, 77.74, 77.18, 66.0] [34mF1_perclass_eog: [79.95, 0.0, 77.79, 72.48, 73.27] 
[37mEpoch 0 step 8 with [31mce_loss_combined : 0.579795 [31mce_loss_eeg : 1.068765 [31mce_loss_eog : 1.084904 [31mtotal : 2.733464 [94mAcc_combined: 78.41 [94mAcc_eeg: 75.12 [94mAcc_eog: 74.24 [92mF1_combined: 63.20 [92mF1_eeg: 59.13 [92mF1_eog: 59.06 [92mK_combined: 0.6986 [92mK_eeg: 0.6542 [92mK_eog: 0.6298 [34mF1_perclass_combined: [84.39, 3.62, 80.45, 78.79, 68.73] [34mF1_perclass_eeg: [80.85, 0.0, 77.88, 78.94, 58.0] [34mF1_perclass_eog: [78.64, 0.0, 77.11, 64.23, 75.33] 
[37mEpoch 0 step 11 with [31mce_loss_combined : 0.589659 [31mce_loss_eeg : 1.030887 [31mce_loss_eog : 1.051143 [31mtotal : 2.671688 [94mAcc_combined: 79.11 [94mAcc_eeg: 76.45 [94mAcc_eog: 76.46 [92mF1_combined: 63.12 [92mF1_eeg: 59.13 [92mF1_eog: 61.44 [92mK_combined: 0.7001 [92mK_eeg: 0.6610 [92mK_eog: 0.6680 [34mF1_perclass_combined: [83.71, 3.64, 82.91, 71.72, 73.63] [34mF1_perclass_eeg: [82.03, 0.0, 80.93, 78.4, 54.3] [34mF1_perclass_eog: [80.95, 0.0, 78.89, 72.53, 74.81] 
[37mEpoch 0 step 12 with [31mce_loss_combined : 0.548792 [31mce_loss_eeg : 1.030262 [31mce_loss_eog : 1.021501 [31mtotal : 2.600555 [94mAcc_combined: 80.47 [94mAcc_eeg: 75.96 [94mAcc_eog: 77.04 [92mF1_combined: 66.86 [92mF1_eeg: 60.65 [92mF1_eog: 61.80 [92mK_combined: 0.7307 [92mK_eeg: 0.6561 [92mK_eog: 0.6753 [34mF1_perclass_combined: [86.94, 8.34, 81.26, 80.68, 77.1] [34mF1_perclass_eeg: [82.77, 0.0, 77.75, 83.27, 59.46] [34mF1_perclass_eog: [80.97, 0.0, 79.7, 71.23, 77.12] 
[37mEpoch 0 step 13 with [31mce_loss_combined : 0.500725 [31mce_loss_eeg : 0.993319 [31mce_loss_eog : 1.050156 [31mtotal : 2.544200 [94mAcc_combined: 82.04 [94mAcc_eeg: 78.07 [94mAcc_eog: 73.40 [92mF1_combined: 68.61 [92mF1_eeg: 61.54 [92mF1_eog: 57.28 [92mK_combined: 0.7448 [92mK_eeg: 0.6875 [92mK_eog: 0.6082 [34mF1_perclass_combined: [87.89, 13.1, 83.47, 80.07, 78.53] [34mF1_perclass_eeg: [84.54, 0.0, 80.66, 82.59, 59.91] [34mF1_perclass_eog: [79.84, 0.0, 76.27, 54.73, 75.57] 
[37mEpoch 0 step 14 with [31mce_loss_combined : 0.530019 [31mce_loss_eeg : 0.978447 [31mce_loss_eog : 1.035588 [31mtotal : 2.544054 [94mAcc_combined: 81.56 [94mAcc_eeg: 78.82 [94mAcc_eog: 74.98 [92mF1_combined: 68.07 [92mF1_eeg: 62.71 [92mF1_eog: 61.23 [92mK_combined: 0.7467 [92mK_eeg: 0.7007 [92mK_eog: 0.6473 [34mF1_perclass_combined: [87.62, 9.98, 82.42, 82.68, 77.63] [34mF1_perclass_eeg: [85.13, 0.0, 81.48, 79.92, 67.03] [34mF1_perclass_eog: [76.19, 0.0, 76.03, 76.91, 77.03] 
[37mEpoch 0 step 15 with [31mce_loss_combined : 0.537863 [31mce_loss_eeg : 0.967041 [31mce_loss_eog : 0.998828 [31mtotal : 2.503732 [94mAcc_combined: 81.82 [94mAcc_eeg: 78.97 [94mAcc_eog: 77.42 [92mF1_combined: 70.98 [92mF1_eeg: 63.03 [92mF1_eog: 62.58 [92mK_combined: 0.7475 [92mK_eeg: 0.7047 [92mK_eog: 0.6859 [34mF1_perclass_combined: [85.49, 23.84, 84.24, 81.23, 80.1] [34mF1_perclass_eeg: [83.77, 0.0, 81.88, 81.54, 67.95] [34mF1_perclass_eog: [81.28, 0.0, 79.21, 76.28, 76.16] 
[37mEpoch 0 step 17 with [31mce_loss_combined : 0.538772 [31mce_loss_eeg : 0.966460 [31mce_loss_eog : 0.988199 [31mtotal : 2.493431 [94mAcc_combined: 80.05 [94mAcc_eeg: 77.68 [94mAcc_eog: 77.00 [92mF1_combined: 68.54 [92mF1_eeg: 62.67 [92mF1_eog: 62.09 [92mK_combined: 0.7264 [92mK_eeg: 0.6894 [92mK_eog: 0.6743 [34mF1_perclass_combined: [86.45, 17.36, 81.06, 78.97, 78.87] [34mF1_perclass_eeg: [85.31, 0.0, 78.57, 80.2, 69.25] [34mF1_perclass_eog: [79.9, 0.0, 79.37, 73.55, 77.63] 
[37mEpoch 0 step 18 with [31mce_loss_combined : 0.489320 [31mce_loss_eeg : 0.929467 [31mce_loss_eog : 0.961658 [31mtotal : 2.380445 [94mAcc_combined: 82.14 [94mAcc_eeg: 79.91 [94mAcc_eog: 78.41 [92mF1_combined: 72.26 [92mF1_eeg: 64.85 [92mF1_eog: 63.36 [92mK_combined: 0.7553 [92mK_eeg: 0.7212 [92mK_eog: 0.6975 [34mF1_perclass_combined: [88.06, 27.23, 83.46, 82.24, 80.33] [34mF1_perclass_eeg: [85.15, 3.15, 81.86, 82.98, 71.1] [34mF1_perclass_eog: [82.74, 0.0, 80.08, 75.54, 78.46] 
[37mEpoch 0 step 20 with [31mce_loss_combined : 0.476737 [31mce_loss_eeg : 0.920459 [31mce_loss_eog : 0.956172 [31mtotal : 2.353368 [94mAcc_combined: 83.47 [94mAcc_eeg: 79.41 [94mAcc_eog: 77.42 [92mF1_combined: 73.07 [92mF1_eeg: 63.90 [92mF1_eog: 62.27 [92mK_combined: 0.7671 [92mK_eeg: 0.7069 [92mK_eog: 0.6806 [34mF1_perclass_combined: [89.36, 29.32, 85.21, 78.96, 82.49] [34mF1_perclass_eeg: [86.4, 1.23, 81.18, 81.65, 69.06] [34mF1_perclass_eog: [80.39, 0.0, 79.87, 72.58, 78.49] 
[37mEpoch 0 step 24 with [31mce_loss_combined : 0.483142 [31mce_loss_eeg : 0.892012 [31mce_loss_eog : 0.930249 [31mtotal : 2.305403 [94mAcc_combined: 82.89 [94mAcc_eeg: 79.21 [94mAcc_eog: 77.27 [92mF1_combined: 67.23 [92mF1_eeg: 63.93 [92mF1_eog: 62.42 [92mK_combined: 0.7603 [92mK_eeg: 0.7100 [92mK_eog: 0.6815 [34mF1_perclass_combined: [87.18, 0.0, 84.23, 83.69, 81.05] [34mF1_perclass_eeg: [85.1, 1.39, 82.57, 82.4, 68.18] [34mF1_perclass_eog: [79.91, 0.0, 79.8, 76.01, 76.39] 
[37mEpoch 0 step 27 with [31mce_loss_combined : 0.441041 [31mce_loss_eeg : 0.867872 [31mce_loss_eog : 0.882613 [31mtotal : 2.191526 [94mAcc_combined: 84.11 [94mAcc_eeg: 79.30 [94mAcc_eog: 79.17 [92mF1_combined: 70.44 [92mF1_eeg: 64.22 [92mF1_eog: 64.14 [92mK_combined: 0.7770 [92mK_eeg: 0.7072 [92mK_eog: 0.7069 [34mF1_perclass_combined: [88.55, 10.88, 84.89, 83.97, 83.93] [34mF1_perclass_eeg: [84.91, 6.62, 81.88, 83.18, 64.5] [34mF1_perclass_eog: [82.57, 0.0, 80.45, 76.84, 80.84] 
[37mEpoch 0 step 28 with [31mce_loss_combined : 0.424109 [31mce_loss_eeg : 0.849448 [31mce_loss_eog : 0.886281 [31mtotal : 2.159837 [94mAcc_combined: 85.02 [94mAcc_eeg: 80.40 [94mAcc_eog: 78.21 [92mF1_combined: 73.21 [92mF1_eeg: 66.66 [92mF1_eog: 62.65 [92mK_combined: 0.7911 [92mK_eeg: 0.7248 [92mK_eog: 0.6897 [34mF1_perclass_combined: [88.76, 21.55, 86.37, 84.82, 84.53] [34mF1_perclass_eeg: [85.42, 11.92, 83.02, 82.54, 70.4] [34mF1_perclass_eog: [81.81, 0.0, 80.51, 70.03, 80.91] 
[37mEpoch 0 step 32 with [31mce_loss_combined : 0.431936 [31mce_loss_eeg : 0.833412 [31mce_loss_eog : 0.854895 [31mtotal : 2.120242 [94mAcc_combined: 83.69 [94mAcc_eeg: 80.27 [94mAcc_eog: 79.17 [92mF1_combined: 70.59 [92mF1_eeg: 65.95 [92mF1_eog: 63.99 [92mK_combined: 0.7760 [92mK_eeg: 0.7287 [92mK_eog: 0.7073 [34mF1_perclass_combined: [90.33, 13.44, 83.55, 81.42, 84.22] [34mF1_perclass_eeg: [87.34, 5.57, 81.34, 82.59, 72.92] [34mF1_perclass_eog: [83.28, 0.0, 80.83, 76.1, 79.75] 
[37mEpoch 0 step 37 with [31mce_loss_combined : 0.433666 [31mce_loss_eeg : 0.799248 [31mce_loss_eog : 0.857849 [31mtotal : 2.090762 [94mAcc_combined: 84.60 [94mAcc_eeg: 80.71 [94mAcc_eog: 77.42 [92mF1_combined: 69.73 [92mF1_eeg: 66.53 [92mF1_eog: 61.83 [92mK_combined: 0.7840 [92mK_eeg: 0.7293 [92mK_eog: 0.6788 [34mF1_perclass_combined: [89.99, 5.94, 85.22, 84.23, 83.27] [34mF1_perclass_eeg: [87.28, 8.6, 82.09, 83.91, 70.76] [34mF1_perclass_eog: [81.19, 0.0, 80.08, 69.94, 77.97] 
[37mEpoch 0 step 39 with [31mce_loss_combined : 0.468569 [31mce_loss_eeg : 0.792410 [31mce_loss_eog : 0.829728 [31mtotal : 2.090707 [94mAcc_combined: 83.46 [94mAcc_eeg: 80.19 [94mAcc_eog: 78.65 [92mF1_combined: 68.66 [92mF1_eeg: 65.93 [92mF1_eog: 63.32 [92mK_combined: 0.7667 [92mK_eeg: 0.7204 [92mK_eog: 0.6982 [34mF1_perclass_combined: [87.46, 6.62, 84.95, 79.06, 85.21] [34mF1_perclass_eeg: [85.56, 9.83, 82.9, 79.23, 72.12] [34mF1_perclass_eog: [82.08, 0.0, 80.66, 73.01, 80.84] 
[37mEpoch 0 step 42 with [31mce_loss_combined : 0.423123 [31mce_loss_eeg : 0.761521 [31mce_loss_eog : 0.818440 [31mtotal : 2.003084 [94mAcc_combined: 84.89 [94mAcc_eeg: 80.86 [94mAcc_eog: 78.16 [92mF1_combined: 75.86 [92mF1_eeg: 68.87 [92mF1_eog: 63.56 [92mK_combined: 0.7894 [92mK_eeg: 0.7293 [92mK_eog: 0.6917 [34mF1_perclass_combined: [89.83, 35.54, 86.1, 83.61, 84.23] [34mF1_perclass_eeg: [86.76, 21.64, 83.34, 81.53, 71.09] [34mF1_perclass_eog: [82.12, 0.0, 78.76, 76.85, 80.06] 
[37mEpoch 0 step 43 with [31mce_loss_combined : 0.412118 [31mce_loss_eeg : 0.769153 [31mce_loss_eog : 0.811141 [31mtotal : 1.992412 [94mAcc_combined: 84.99 [94mAcc_eeg: 80.67 [94mAcc_eog: 78.44 [92mF1_combined: 73.56 [92mF1_eeg: 66.57 [92mF1_eog: 63.91 [92mK_combined: 0.7923 [92mK_eeg: 0.7347 [92mK_eog: 0.6995 [34mF1_perclass_combined: [91.18, 22.58, 84.71, 83.32, 86.02] [34mF1_perclass_eeg: [87.67, 5.94, 81.14, 83.65, 74.43] [34mF1_perclass_eog: [83.02, 0.0, 78.25, 77.87, 80.4] 
[37mEpoch 0 step 47 with [31mce_loss_combined : 0.442710 [31mce_loss_eeg : 0.742378 [31mce_loss_eog : 0.805008 [31mtotal : 1.990095 [94mAcc_combined: 84.63 [94mAcc_eeg: 81.30 [94mAcc_eog: 78.12 [92mF1_combined: 74.16 [92mF1_eeg: 68.63 [92mF1_eog: 62.28 [92mK_combined: 0.7840 [92mK_eeg: 0.7393 [92mK_eog: 0.6859 [34mF1_perclass_combined: [89.44, 28.57, 85.77, 83.94, 83.1] [34mF1_perclass_eeg: [86.13, 16.39, 83.37, 83.89, 73.35] [34mF1_perclass_eog: [82.78, 0.0, 80.54, 70.98, 77.12] 
[37mEpoch 0 step 49 with [31mce_loss_combined : 0.436768 [31mce_loss_eeg : 0.727836 [31mce_loss_eog : 0.802161 [31mtotal : 1.966765 [94mAcc_combined: 84.54 [94mAcc_eeg: 81.29 [94mAcc_eog: 78.14 [92mF1_combined: 74.47 [92mF1_eeg: 68.22 [92mF1_eog: 62.76 [92mK_combined: 0.7846 [92mK_eeg: 0.7387 [92mK_eog: 0.6918 [34mF1_perclass_combined: [89.49, 30.94, 85.73, 81.68, 84.51] [34mF1_perclass_eeg: [88.13, 14.21, 82.99, 81.5, 74.27] [34mF1_perclass_eog: [81.9, 0.0, 79.93, 70.75, 81.22] 
[37mEpoch 0 step 52 with [31mce_loss_combined : 0.434420 [31mce_loss_eeg : 0.735189 [31mce_loss_eog : 0.774247 [31mtotal : 1.943857 [94mAcc_combined: 84.66 [94mAcc_eeg: 80.70 [94mAcc_eog: 78.76 [92mF1_combined: 75.27 [92mF1_eeg: 68.45 [92mF1_eog: 63.53 [92mK_combined: 0.7896 [92mK_eeg: 0.7363 [92mK_eog: 0.7019 [34mF1_perclass_combined: [90.77, 32.41, 85.27, 84.55, 83.34] [34mF1_perclass_eeg: [87.44, 16.13, 81.22, 82.52, 74.92] [34mF1_perclass_eog: [84.14, 0.0, 80.13, 75.15, 78.26] 
[37mEpoch 0 step 55 with [31mce_loss_combined : 0.425699 [31mce_loss_eeg : 0.701862 [31mce_loss_eog : 0.755292 [31mtotal : 1.882853 [94mAcc_combined: 84.82 [94mAcc_eeg: 81.55 [94mAcc_eog: 79.75 [92mF1_combined: 73.83 [92mF1_eeg: 68.34 [92mF1_eog: 64.40 [92mK_combined: 0.7866 [92mK_eeg: 0.7428 [92mK_eog: 0.7134 [34mF1_perclass_combined: [89.33, 26.27, 85.74, 81.07, 86.75] [34mF1_perclass_eeg: [87.39, 13.83, 83.56, 82.19, 74.74] [34mF1_perclass_eog: [83.45, 0.0, 81.26, 75.97, 81.34] 
[37mEpoch 0 step 56 with [31mce_loss_combined : 0.402969 [31mce_loss_eeg : 0.748440 [31mce_loss_eog : 0.731405 [31mtotal : 1.882814 [94mAcc_combined: 85.27 [94mAcc_eeg: 78.69 [94mAcc_eog: 80.35 [92mF1_combined: 75.19 [92mF1_eeg: 66.42 [92mF1_eog: 65.10 [92mK_combined: 0.7925 [92mK_eeg: 0.6950 [92mK_eog: 0.7211 [34mF1_perclass_combined: [90.7, 32.05, 86.16, 80.1, 86.94] [34mF1_perclass_eeg: [85.26, 17.5, 80.93, 78.23, 70.18] [34mF1_perclass_eog: [84.63, 0.0, 81.39, 77.23, 82.24] 
[37mEpoch 0 step 58 with [31mce_loss_combined : 0.384995 [31mce_loss_eeg : 0.685929 [31mce_loss_eog : 0.767033 [31mtotal : 1.837956 [94mAcc_combined: 86.01 [94mAcc_eeg: 82.17 [94mAcc_eog: 78.12 [92mF1_combined: 74.74 [92mF1_eeg: 70.51 [92mF1_eog: 63.23 [92mK_combined: 0.8038 [92mK_eeg: 0.7511 [92mK_eog: 0.6866 [34mF1_perclass_combined: [90.99, 25.04, 86.78, 85.08, 85.81] [34mF1_perclass_eeg: [87.86, 21.26, 84.01, 83.1, 76.33] [34mF1_perclass_eog: [81.3, 0.0, 79.8, 75.11, 79.94] 
[37mEpoch 0 step 59 with [31mce_loss_combined : 0.384585 [31mce_loss_eeg : 0.689290 [31mce_loss_eog : 0.747797 [31mtotal : 1.821673 [94mAcc_combined: 85.90 [94mAcc_eeg: 81.73 [94mAcc_eog: 78.79 [92mF1_combined: 76.87 [92mF1_eeg: 69.51 [92mF1_eog: 63.19 [92mK_combined: 0.8028 [92mK_eeg: 0.7450 [92mK_eog: 0.6964 [34mF1_perclass_combined: [90.81, 37.2, 87.32, 83.66, 85.37] [34mF1_perclass_eeg: [87.45, 19.37, 83.9, 82.63, 74.2] [34mF1_perclass_eog: [83.28, 0.0, 80.7, 71.43, 80.53] 
[37mEpoch 0 step 60 with [31mce_loss_combined : 0.371064 [31mce_loss_eeg : 0.684091 [31mce_loss_eog : 0.728792 [31mtotal : 1.783946 [94mAcc_combined: 86.36 [94mAcc_eeg: 82.08 [94mAcc_eog: 79.85 [92mF1_combined: 76.13 [92mF1_eeg: 70.07 [92mF1_eog: 64.45 [92mK_combined: 0.8099 [92mK_eeg: 0.7510 [92mK_eog: 0.7129 [34mF1_perclass_combined: [90.96, 30.88, 87.29, 84.69, 86.81] [34mF1_perclass_eeg: [87.46, 19.88, 83.88, 83.26, 75.88] [34mF1_perclass_eog: [84.29, 0.16, 81.31, 74.48, 81.99] 
[37mEpoch 0 step 64 with [31mce_loss_combined : 0.378101 [31mce_loss_eeg : 0.668296 [31mce_loss_eog : 0.705551 [31mtotal : 1.751948 [94mAcc_combined: 86.62 [94mAcc_eeg: 82.70 [94mAcc_eog: 80.78 [92mF1_combined: 76.20 [92mF1_eeg: 70.47 [92mF1_eog: 65.38 [92mK_combined: 0.8144 [92mK_eeg: 0.7593 [92mK_eog: 0.7278 [34mF1_perclass_combined: [91.87, 29.76, 87.01, 85.17, 87.21] [34mF1_perclass_eeg: [88.02, 19.42, 84.54, 83.97, 76.42] [34mF1_perclass_eog: [85.52, 0.0, 81.64, 76.49, 83.25] 
[37mEpoch 0 step 65 with [31mce_loss_combined : 0.366106 [31mce_loss_eeg : 0.665119 [31mce_loss_eog : 0.707138 [31mtotal : 1.738363 [94mAcc_combined: 86.50 [94mAcc_eeg: 82.76 [94mAcc_eog: 80.89 [92mF1_combined: 76.21 [92mF1_eeg: 70.65 [92mF1_eog: 65.72 [92mK_combined: 0.8126 [92mK_eeg: 0.7611 [92mK_eog: 0.7298 [34mF1_perclass_combined: [92.12, 30.17, 86.79, 84.86, 87.13] [34mF1_perclass_eeg: [88.4, 19.43, 84.34, 84.29, 76.8] [34mF1_perclass_eog: [85.7, 0.0, 81.41, 78.59, 82.9] 
[37mEpoch 0 step 70 with [31mce_loss_combined : 0.372137 [31mce_loss_eeg : 0.654132 [31mce_loss_eog : 0.693855 [31mtotal : 1.720124 [94mAcc_combined: 86.57 [94mAcc_eeg: 82.40 [94mAcc_eog: 80.64 [92mF1_combined: 75.98 [92mF1_eeg: 70.99 [92mF1_eog: 65.33 [92mK_combined: 0.8135 [92mK_eeg: 0.7559 [92mK_eog: 0.7274 [34mF1_perclass_combined: [91.38, 29.58, 87.29, 85.05, 86.61] [34mF1_perclass_eeg: [88.19, 23.08, 84.14, 83.04, 76.49] [34mF1_perclass_eog: [84.89, 0.43, 81.76, 76.86, 82.72] 
[37mEpoch 0 step 73 with [31mce_loss_combined : 0.357859 [31mce_loss_eeg : 0.645639 [31mce_loss_eog : 0.683086 [31mtotal : 1.686584 [94mAcc_combined: 86.90 [94mAcc_eeg: 82.56 [94mAcc_eog: 81.14 [92mF1_combined: 77.80 [92mF1_eeg: 71.16 [92mF1_eog: 66.24 [92mK_combined: 0.8179 [92mK_eeg: 0.7569 [92mK_eog: 0.7347 [34mF1_perclass_combined: [91.65, 37.15, 87.79, 84.91, 87.52] [34mF1_perclass_eeg: [88.13, 23.93, 84.52, 82.17, 77.05] [34mF1_perclass_eog: [86.04, 1.77, 81.64, 78.96, 82.81] 
[37mEpoch 0 step 74 with [31mce_loss_combined : 0.360551 [31mce_loss_eeg : 0.646133 [31mce_loss_eog : 0.679091 [31mtotal : 1.685775 [94mAcc_combined: 86.90 [94mAcc_eeg: 82.67 [94mAcc_eog: 81.21 [92mF1_combined: 78.05 [92mF1_eeg: 71.56 [92mF1_eog: 66.47 [92mK_combined: 0.8183 [92mK_eeg: 0.7596 [92mK_eog: 0.7352 [34mF1_perclass_combined: [91.64, 38.29, 87.74, 85.06, 87.53] [34mF1_perclass_eeg: [87.8, 24.79, 84.62, 83.78, 76.79] [34mF1_perclass_eog: [85.7, 3.35, 82.1, 78.1, 83.13] 
[37mEpoch 0 step 75 with [31mce_loss_combined : 0.353189 [31mce_loss_eeg : 0.643884 [31mce_loss_eog : 0.678461 [31mtotal : 1.675534 [94mAcc_combined: 87.07 [94mAcc_eeg: 82.79 [94mAcc_eog: 81.18 [92mF1_combined: 78.40 [92mF1_eeg: 71.87 [92mF1_eog: 66.77 [92mK_combined: 0.8209 [92mK_eeg: 0.7616 [92mK_eog: 0.7346 [34mF1_perclass_combined: [91.94, 39.05, 87.8, 85.46, 87.77] [34mF1_perclass_eeg: [87.88, 25.6, 84.65, 84.27, 76.93] [34mF1_perclass_eog: [85.89, 4.68, 81.91, 78.16, 83.21] 
[37mEpoch 0 step 86 with [31mce_loss_combined : 0.364137 [31mce_loss_eeg : 0.629643 [31mce_loss_eog : 0.668416 [31mtotal : 1.662195 [94mAcc_combined: 86.59 [94mAcc_eeg: 82.23 [94mAcc_eog: 80.46 [92mF1_combined: 76.29 [92mF1_eeg: 70.00 [92mF1_eog: 67.14 [92mK_combined: 0.8127 [92mK_eeg: 0.7511 [92mK_eog: 0.7221 [34mF1_perclass_combined: [91.33, 30.93, 87.35, 84.36, 87.48] [34mF1_perclass_eeg: [87.0, 20.61, 84.76, 83.02, 74.61] [34mF1_perclass_eog: [86.46, 13.75, 81.83, 69.64, 84.03] 
[37mEpoch 0 step 87 with [31mce_loss_combined : 0.356479 [31mce_loss_eeg : 0.624524 [31mce_loss_eog : 0.670837 [31mtotal : 1.651840 [94mAcc_combined: 87.05 [94mAcc_eeg: 82.63 [94mAcc_eog: 80.17 [92mF1_combined: 78.66 [92mF1_eeg: 73.19 [92mF1_eog: 67.32 [92mK_combined: 0.8213 [92mK_eeg: 0.7598 [92mK_eog: 0.7178 [34mF1_perclass_combined: [92.47, 40.44, 87.62, 85.11, 87.68] [34mF1_perclass_eeg: [88.3, 32.23, 84.08, 84.52, 76.83] [34mF1_perclass_eog: [86.53, 16.64, 81.67, 67.74, 84.01] 
[37mEpoch 0 step 89 with [31mce_loss_combined : 0.359352 [31mce_loss_eeg : 0.610889 [31mce_loss_eog : 0.668685 [31mtotal : 1.638926 [94mAcc_combined: 86.90 [94mAcc_eeg: 83.05 [94mAcc_eog: 80.36 [92mF1_combined: 76.99 [92mF1_eeg: 72.59 [92mF1_eog: 66.80 [92mK_combined: 0.8185 [92mK_eeg: 0.7653 [92mK_eog: 0.7263 [34mF1_perclass_combined: [92.34, 33.56, 87.61, 84.84, 86.61] [34mF1_perclass_eeg: [88.24, 28.2, 84.9, 84.21, 77.39] [34mF1_perclass_eog: [85.6, 9.5, 81.43, 76.07, 81.41] 
[37mEpoch 0 step 90 with [31mce_loss_combined : 0.357171 [31mce_loss_eeg : 0.612361 [31mce_loss_eog : 0.656572 [31mtotal : 1.626104 [94mAcc_combined: 86.84 [94mAcc_eeg: 82.68 [94mAcc_eog: 80.68 [92mF1_combined: 76.23 [92mF1_eeg: 71.02 [92mF1_eog: 66.63 [92mK_combined: 0.8150 [92mK_eeg: 0.7570 [92mK_eog: 0.7253 [34mF1_perclass_combined: [91.84, 30.62, 87.84, 83.19, 87.64] [34mF1_perclass_eeg: [87.73, 23.16, 84.83, 83.31, 76.08] [34mF1_perclass_eog: [86.48, 9.85, 81.91, 70.61, 84.28] 
[37mEpoch 0 step 92 with [31mce_loss_combined : 0.340809 [31mce_loss_eeg : 0.605281 [31mce_loss_eog : 0.655737 [31mtotal : 1.601826 [94mAcc_combined: 87.43 [94mAcc_eeg: 83.42 [94mAcc_eog: 80.66 [92mF1_combined: 77.78 [92mF1_eeg: 72.34 [92mF1_eog: 66.32 [92mK_combined: 0.8252 [92mK_eeg: 0.7702 [92mK_eog: 0.7250 [34mF1_perclass_combined: [92.89, 34.82, 87.86, 85.39, 87.96] [34mF1_perclass_eeg: [88.74, 24.92, 84.95, 85.01, 78.08] [34mF1_perclass_eog: [86.58, 8.38, 81.91, 70.49, 84.22] 
[37mEpoch 0 step 94 with [31mce_loss_combined : 0.339802 [31mce_loss_eeg : 0.604263 [31mce_loss_eog : 0.642782 [31mtotal : 1.586846 [94mAcc_combined: 87.45 [94mAcc_eeg: 83.37 [94mAcc_eog: 81.33 [92mF1_combined: 77.92 [92mF1_eeg: 72.68 [92mF1_eog: 66.91 [92mK_combined: 0.8259 [92mK_eeg: 0.7689 [92mK_eog: 0.7345 [34mF1_perclass_combined: [92.93, 35.32, 87.79, 85.49, 88.1] [34mF1_perclass_eeg: [88.72, 26.92, 84.8, 85.03, 77.92] [34mF1_perclass_eog: [86.82, 7.02, 82.38, 73.61, 84.72] 
[37mEpoch 0 step 95 with [31mce_loss_combined : 0.337296 [31mce_loss_eeg : 0.600797 [31mce_loss_eog : 0.641615 [31mtotal : 1.579708 [94mAcc_combined: 87.62 [94mAcc_eeg: 83.48 [94mAcc_eog: 81.46 [92mF1_combined: 78.26 [92mF1_eeg: 72.83 [92mF1_eog: 67.27 [92mK_combined: 0.8279 [92mK_eeg: 0.7701 [92mK_eog: 0.7369 [34mF1_perclass_combined: [92.96, 36.55, 88.11, 85.52, 88.15] [34mF1_perclass_eeg: [88.8, 27.39, 85.02, 84.72, 78.2] [34mF1_perclass_eog: [86.88, 8.24, 82.5, 73.89, 84.86] 
[37mEpoch 0 step 116 with [31mce_loss_combined : 0.360015 [31mce_loss_eeg : 0.594845 [31mce_loss_eog : 0.614993 [31mtotal : 1.569853 [94mAcc_combined: 86.87 [94mAcc_eeg: 82.44 [94mAcc_eog: 81.40 [92mF1_combined: 78.18 [92mF1_eeg: 72.60 [92mF1_eog: 69.45 [92mK_combined: 0.8191 [92mK_eeg: 0.7562 [92mK_eog: 0.7381 [34mF1_perclass_combined: [92.25, 38.53, 87.1, 84.83, 88.22] [34mF1_perclass_eeg: [87.86, 30.74, 83.87, 84.3, 76.26] [34mF1_perclass_eog: [87.04, 17.48, 81.91, 77.02, 83.82] 
[37mEpoch 1 step 120 with [31mce_loss_combined : 0.359343 [31mce_loss_eeg : 0.585717 [31mce_loss_eog : 0.614587 [31mtotal : 1.559646 [94mAcc_combined: 86.94 [94mAcc_eeg: 82.65 [94mAcc_eog: 80.88 [92mF1_combined: 77.74 [92mF1_eeg: 71.69 [92mF1_eog: 66.80 [92mK_combined: 0.8181 [92mK_eeg: 0.7579 [92mK_eog: 0.7262 [34mF1_perclass_combined: [92.27, 36.06, 87.31, 85.72, 87.36] [34mF1_perclass_eeg: [88.02, 26.46, 84.19, 84.75, 75.02] [34mF1_perclass_eog: [86.71, 7.89, 81.67, 73.8, 83.93] 
[37mEpoch 1 step 122 with [31mce_loss_combined : 0.357520 [31mce_loss_eeg : 0.578261 [31mce_loss_eog : 0.610251 [31mtotal : 1.546032 [94mAcc_combined: 86.76 [94mAcc_eeg: 82.75 [94mAcc_eog: 81.60 [92mF1_combined: 76.95 [92mF1_eeg: 71.89 [92mF1_eog: 68.30 [92mK_combined: 0.8146 [92mK_eeg: 0.7573 [92mK_eog: 0.7390 [34mF1_perclass_combined: [91.84, 33.88, 87.37, 83.72, 87.94] [34mF1_perclass_eeg: [88.84, 27.05, 84.29, 82.17, 77.1] [34mF1_perclass_eog: [87.24, 11.29, 82.18, 77.67, 83.09] 
[37mEpoch 1 step 123 with [31mce_loss_combined : 0.338337 [31mce_loss_eeg : 0.564946 [31mce_loss_eog : 0.601922 [31mtotal : 1.505206 [94mAcc_combined: 87.44 [94mAcc_eeg: 83.47 [94mAcc_eog: 81.70 [92mF1_combined: 77.98 [92mF1_eeg: 72.75 [92mF1_eog: 68.45 [92mK_combined: 0.8249 [92mK_eeg: 0.7693 [92mK_eog: 0.7405 [34mF1_perclass_combined: [92.6, 35.53, 87.79, 85.73, 88.25] [34mF1_perclass_eeg: [88.75, 27.77, 85.05, 84.54, 77.62] [34mF1_perclass_eog: [87.38, 13.02, 82.48, 74.42, 84.96] 
[37mEpoch 1 step 127 with [31mce_loss_combined : 0.338780 [31mce_loss_eeg : 0.555099 [31mce_loss_eog : 0.598920 [31mtotal : 1.492799 [94mAcc_combined: 87.51 [94mAcc_eeg: 83.92 [94mAcc_eog: 81.99 [92mF1_combined: 78.82 [92mF1_eeg: 73.95 [92mF1_eog: 69.24 [92mK_combined: 0.8272 [92mK_eeg: 0.7768 [92mK_eog: 0.7468 [34mF1_perclass_combined: [92.38, 39.4, 87.99, 86.02, 88.33] [34mF1_perclass_eeg: [89.02, 31.28, 85.42, 84.98, 79.04] [34mF1_perclass_eog: [87.08, 13.84, 82.41, 78.54, 84.31] 
[37mEpoch 1 step 129 with [31mce_loss_combined : 0.333271 [31mce_loss_eeg : 0.558596 [31mce_loss_eog : 0.596667 [31mtotal : 1.488535 [94mAcc_combined: 87.59 [94mAcc_eeg: 83.64 [94mAcc_eog: 81.84 [92mF1_combined: 78.56 [92mF1_eeg: 73.37 [92mF1_eog: 69.35 [92mK_combined: 0.8270 [92mK_eeg: 0.7705 [92mK_eog: 0.7439 [34mF1_perclass_combined: [93.02, 38.38, 88.07, 84.89, 88.42] [34mF1_perclass_eeg: [89.48, 29.93, 84.94, 84.0, 78.5] [34mF1_perclass_eog: [87.32, 16.04, 82.46, 76.05, 84.88] 
[37mEpoch 1 step 130 with [31mce_loss_combined : 0.333861 [31mce_loss_eeg : 0.555661 [31mce_loss_eog : 0.593925 [31mtotal : 1.483448 [94mAcc_combined: 87.62 [94mAcc_eeg: 83.77 [94mAcc_eog: 81.97 [92mF1_combined: 78.24 [92mF1_eeg: 73.17 [92mF1_eog: 69.17 [92mK_combined: 0.8273 [92mK_eeg: 0.7728 [92mK_eog: 0.7447 [34mF1_perclass_combined: [92.63, 36.4, 88.14, 85.55, 88.47] [34mF1_perclass_eeg: [89.11, 28.73, 85.26, 84.5, 78.27] [34mF1_perclass_eog: [87.42, 14.4, 82.61, 76.41, 85.02] 
[37mEpoch 1 step 132 with [31mce_loss_combined : 0.331405 [31mce_loss_eeg : 0.552895 [31mce_loss_eog : 0.592199 [31mtotal : 1.476499 [94mAcc_combined: 87.74 [94mAcc_eeg: 83.95 [94mAcc_eog: 82.08 [92mF1_combined: 78.63 [92mF1_eeg: 73.53 [92mF1_eog: 69.30 [92mK_combined: 0.8299 [92mK_eeg: 0.7766 [92mK_eog: 0.7471 [34mF1_perclass_combined: [92.82, 37.51, 88.1, 86.0, 88.7] [34mF1_perclass_eeg: [89.19, 29.2, 85.31, 85.22, 78.75] [34mF1_perclass_eog: [87.28, 14.37, 82.75, 76.8, 85.31] 
[37mEpoch 1 step 133 with [31mce_loss_combined : 0.329949 [31mce_loss_eeg : 0.551141 [31mce_loss_eog : 0.591169 [31mtotal : 1.472260 [94mAcc_combined: 87.81 [94mAcc_eeg: 84.06 [94mAcc_eog: 82.23 [92mF1_combined: 78.63 [92mF1_eeg: 73.68 [92mF1_eog: 69.17 [92mK_combined: 0.8307 [92mK_eeg: 0.7783 [92mK_eog: 0.7502 [34mF1_perclass_combined: [92.88, 37.36, 88.2, 85.92, 88.78] [34mF1_perclass_eeg: [89.31, 29.34, 85.41, 85.02, 79.3] [34mF1_perclass_eog: [87.18, 12.23, 82.68, 78.53, 85.22] 
[37mEpoch 1 step 135 with [31mce_loss_combined : 0.329834 [31mce_loss_eeg : 0.550946 [31mce_loss_eog : 0.589767 [31mtotal : 1.470546 [94mAcc_combined: 87.80 [94mAcc_eeg: 84.13 [94mAcc_eog: 82.28 [92mF1_combined: 78.96 [92mF1_eeg: 73.95 [92mF1_eog: 69.47 [92mK_combined: 0.8309 [92mK_eeg: 0.7795 [92mK_eog: 0.7508 [34mF1_perclass_combined: [93.01, 38.96, 88.09, 85.98, 88.74] [34mF1_perclass_eeg: [89.48, 30.23, 85.35, 85.21, 79.47] [34mF1_perclass_eog: [87.4, 13.64, 82.69, 78.22, 85.41] 
[37mEpoch 1 step 177 with [31mce_loss_combined : 0.336971 [31mce_loss_eeg : 0.531272 [31mce_loss_eog : 0.582532 [31mtotal : 1.450775 [94mAcc_combined: 87.60 [94mAcc_eeg: 83.92 [94mAcc_eog: 81.56 [92mF1_combined: 79.34 [92mF1_eeg: 74.25 [92mF1_eog: 68.38 [92mK_combined: 0.8291 [92mK_eeg: 0.7786 [92mK_eog: 0.7416 [34mF1_perclass_combined: [92.87, 41.73, 87.9, 85.72, 88.48] [34mF1_perclass_eeg: [88.7, 32.24, 85.25, 85.2, 79.85] [34mF1_perclass_eog: [85.82, 11.58, 82.42, 77.94, 84.17] 
[37mEpoch 1 step 181 with [31mce_loss_combined : 0.347250 [31mce_loss_eeg : 0.521316 [31mce_loss_eog : 0.565321 [31mtotal : 1.433887 [94mAcc_combined: 87.30 [94mAcc_eeg: 84.28 [94mAcc_eog: 82.34 [92mF1_combined: 77.75 [92mF1_eeg: 73.10 [92mF1_eog: 68.39 [92mK_combined: 0.8239 [92mK_eeg: 0.7828 [92mK_eog: 0.7526 [34mF1_perclass_combined: [93.08, 34.72, 87.36, 85.24, 88.34] [34mF1_perclass_eeg: [89.73, 24.91, 85.24, 84.84, 80.78] [34mF1_perclass_eog: [87.96, 6.98, 82.22, 79.74, 85.03] 
[37mEpoch 1 step 184 with [31mce_loss_combined : 0.336788 [31mce_loss_eeg : 0.519915 [31mce_loss_eog : 0.564911 [31mtotal : 1.421614 [94mAcc_combined: 87.55 [94mAcc_eeg: 84.32 [94mAcc_eog: 82.14 [92mF1_combined: 76.08 [92mF1_eeg: 73.13 [92mF1_eog: 67.41 [92mK_combined: 0.8253 [92mK_eeg: 0.7825 [92mK_eog: 0.7474 [34mF1_perclass_combined: [92.88, 25.91, 87.96, 85.4, 88.24] [34mF1_perclass_eeg: [89.74, 25.57, 85.7, 84.77, 79.88] [34mF1_perclass_eog: [87.88, 3.62, 82.31, 79.4, 83.84] 
[37mEpoch 1 step 185 with [31mce_loss_combined : 0.332779 [31mce_loss_eeg : 0.518601 [31mce_loss_eog : 0.555852 [31mtotal : 1.407232 [94mAcc_combined: 87.66 [94mAcc_eeg: 84.22 [94mAcc_eog: 82.22 [92mF1_combined: 78.53 [92mF1_eeg: 74.07 [92mF1_eog: 68.56 [92mK_combined: 0.8271 [92mK_eeg: 0.7793 [92mK_eog: 0.7492 [34mF1_perclass_combined: [93.42, 38.67, 88.19, 83.55, 88.82] [34mF1_perclass_eeg: [89.91, 31.35, 85.77, 82.98, 80.35] [34mF1_perclass_eog: [87.42, 10.86, 83.03, 76.46, 85.05] 
[37mEpoch 1 step 189 with [31mce_loss_combined : 0.331469 [31mce_loss_eeg : 0.511961 [31mce_loss_eog : 0.560875 [31mtotal : 1.404305 [94mAcc_combined: 87.71 [94mAcc_eeg: 84.47 [94mAcc_eog: 81.94 [92mF1_combined: 78.96 [92mF1_eeg: 74.49 [92mF1_eog: 68.25 [92mK_combined: 0.8285 [92mK_eeg: 0.7837 [92mK_eog: 0.7429 [34mF1_perclass_combined: [92.77, 39.98, 88.3, 85.17, 88.6] [34mF1_perclass_eeg: [89.27, 32.13, 86.1, 84.14, 80.8] [34mF1_perclass_eog: [88.43, 9.65, 82.2, 77.48, 83.49] 
[37mEpoch 1 step 190 with [31mce_loss_combined : 0.333243 [31mce_loss_eeg : 0.511281 [31mce_loss_eog : 0.550478 [31mtotal : 1.395002 [94mAcc_combined: 87.93 [94mAcc_eeg: 84.54 [94mAcc_eog: 82.47 [92mF1_combined: 79.71 [92mF1_eeg: 74.48 [92mF1_eog: 70.12 [92mK_combined: 0.8334 [92mK_eeg: 0.7866 [92mK_eog: 0.7552 [34mF1_perclass_combined: [93.01, 42.14, 88.33, 86.23, 88.86] [34mF1_perclass_eeg: [89.63, 30.95, 85.98, 85.33, 80.52] [34mF1_perclass_eog: [87.67, 15.73, 82.6, 79.57, 85.05] 
[37mEpoch 1 step 198 with [31mce_loss_combined : 0.323021 [31mce_loss_eeg : 0.502683 [31mce_loss_eog : 0.557404 [31mtotal : 1.383109 [94mAcc_combined: 88.02 [94mAcc_eeg: 84.87 [94mAcc_eog: 82.07 [92mF1_combined: 79.89 [92mF1_eeg: 75.18 [92mF1_eog: 70.61 [92mK_combined: 0.8345 [92mK_eeg: 0.7913 [92mK_eog: 0.7467 [34mF1_perclass_combined: [93.14, 42.55, 88.36, 86.1, 89.3] [34mF1_perclass_eeg: [89.88, 32.9, 86.0, 85.51, 81.61] [34mF1_perclass_eog: [87.78, 22.42, 83.1, 73.99, 85.76] 
[37mEpoch 1 step 199 with [31mce_loss_combined : 0.327830 [31mce_loss_eeg : 0.509931 [31mce_loss_eog : 0.544624 [31mtotal : 1.382385 [94mAcc_combined: 87.95 [94mAcc_eeg: 84.48 [94mAcc_eog: 82.56 [92mF1_combined: 78.34 [92mF1_eeg: 74.29 [92mF1_eog: 70.07 [92mK_combined: 0.8327 [92mK_eeg: 0.7847 [92mK_eog: 0.7531 [34mF1_perclass_combined: [93.39, 34.87, 87.98, 86.11, 89.34] [34mF1_perclass_eeg: [89.88, 30.2, 85.43, 85.14, 80.81] [34mF1_perclass_eog: [88.61, 16.68, 83.02, 76.52, 85.52] 
[37mEpoch 1 step 201 with [31mce_loss_combined : 0.326684 [31mce_loss_eeg : 0.507282 [31mce_loss_eog : 0.543560 [31mtotal : 1.377526 [94mAcc_combined: 87.95 [94mAcc_eeg: 84.71 [94mAcc_eog: 82.66 [92mF1_combined: 79.54 [92mF1_eeg: 74.94 [92mF1_eog: 70.96 [92mK_combined: 0.8338 [92mK_eeg: 0.7892 [92mK_eog: 0.7559 [34mF1_perclass_combined: [93.33, 41.3, 88.19, 86.08, 88.8] [34mF1_perclass_eeg: [90.02, 32.23, 85.69, 85.25, 81.5] [34mF1_perclass_eog: [88.68, 21.15, 83.2, 76.03, 85.76] 
[37mEpoch 1 step 202 with [31mce_loss_combined : 0.322347 [31mce_loss_eeg : 0.505627 [31mce_loss_eog : 0.549242 [31mtotal : 1.377216 [94mAcc_combined: 88.07 [94mAcc_eeg: 84.74 [94mAcc_eog: 82.33 [92mF1_combined: 79.63 [92mF1_eeg: 75.14 [92mF1_eog: 70.46 [92mK_combined: 0.8348 [92mK_eeg: 0.7889 [92mK_eog: 0.7512 [34mF1_perclass_combined: [93.35, 41.4, 88.39, 85.74, 89.25] [34mF1_perclass_eeg: [89.96, 33.3, 85.84, 85.04, 81.53] [34mF1_perclass_eog: [88.43, 20.84, 83.05, 74.41, 85.59] 
[37mEpoch 1 step 204 with [31mce_loss_combined : 0.322809 [31mce_loss_eeg : 0.505338 [31mce_loss_eog : 0.544366 [31mtotal : 1.372513 [94mAcc_combined: 88.02 [94mAcc_eeg: 84.74 [94mAcc_eog: 82.56 [92mF1_combined: 79.76 [92mF1_eeg: 75.18 [92mF1_eog: 71.24 [92mK_combined: 0.8342 [92mK_eeg: 0.7887 [92mK_eog: 0.7545 [34mF1_perclass_combined: [93.19, 42.02, 88.41, 86.22, 88.97] [34mF1_perclass_eeg: [90.01, 33.41, 85.81, 85.25, 81.43] [34mF1_perclass_eog: [88.61, 23.01, 83.21, 75.41, 85.96] 
[37mEpoch 1 step 206 with [31mce_loss_combined : 0.319080 [31mce_loss_eeg : 0.500962 [31mce_loss_eog : 0.552275 [31mtotal : 1.372317 [94mAcc_combined: 88.14 [94mAcc_eeg: 84.90 [94mAcc_eog: 82.08 [92mF1_combined: 79.31 [92mF1_eeg: 75.03 [92mF1_eog: 69.95 [92mK_combined: 0.8354 [92mK_eeg: 0.7910 [92mK_eog: 0.7475 [34mF1_perclass_combined: [93.33, 39.73, 88.58, 86.0, 88.93] [34mF1_perclass_eeg: [89.87, 32.04, 86.23, 85.43, 81.56] [34mF1_perclass_eog: [88.37, 19.82, 82.88, 73.29, 85.37] 
[37mEpoch 1 step 207 with [31mce_loss_combined : 0.318541 [31mce_loss_eeg : 0.501166 [31mce_loss_eog : 0.547830 [31mtotal : 1.367536 [94mAcc_combined: 88.10 [94mAcc_eeg: 84.89 [94mAcc_eog: 82.26 [92mF1_combined: 79.31 [92mF1_eeg: 74.92 [92mF1_eog: 70.33 [92mK_combined: 0.8340 [92mK_eeg: 0.7897 [92mK_eog: 0.7490 [34mF1_perclass_combined: [93.28, 40.08, 88.58, 85.25, 89.36] [34mF1_perclass_eeg: [89.89, 31.84, 86.26, 84.89, 81.7] [34mF1_perclass_eog: [88.54, 20.83, 83.04, 73.22, 86.01] 
[37mEpoch 1 step 211 with [31mce_loss_combined : 0.316437 [31mce_loss_eeg : 0.499845 [31mce_loss_eog : 0.542419 [31mtotal : 1.358700 [94mAcc_combined: 88.15 [94mAcc_eeg: 85.04 [94mAcc_eog: 82.60 [92mF1_combined: 79.25 [92mF1_eeg: 75.05 [92mF1_eog: 70.37 [92mK_combined: 0.8355 [92mK_eeg: 0.7925 [92mK_eog: 0.7542 [34mF1_perclass_combined: [93.33, 39.17, 88.52, 86.1, 89.11] [34mF1_perclass_eeg: [89.95, 31.54, 86.29, 85.56, 81.89] [34mF1_perclass_eog: [88.55, 18.71, 83.25, 75.23, 86.12] 
[37mEpoch 1 step 212 with [31mce_loss_combined : 0.316830 [31mce_loss_eeg : 0.499283 [31mce_loss_eog : 0.541837 [31mtotal : 1.357951 [94mAcc_combined: 88.14 [94mAcc_eeg: 85.02 [94mAcc_eog: 82.63 [92mF1_combined: 79.15 [92mF1_eeg: 74.96 [92mF1_eog: 70.44 [92mK_combined: 0.8353 [92mK_eeg: 0.7920 [92mK_eog: 0.7549 [34mF1_perclass_combined: [93.3, 38.95, 88.58, 85.86, 89.07] [34mF1_perclass_eeg: [90.01, 31.43, 86.28, 85.16, 81.93] [34mF1_perclass_eog: [88.56, 19.12, 83.3, 75.22, 86.01] 
[37mEpoch 1 step 215 with [31mce_loss_combined : 0.315671 [31mce_loss_eeg : 0.498611 [31mce_loss_eog : 0.543007 [31mtotal : 1.357290 [94mAcc_combined: 88.19 [94mAcc_eeg: 85.08 [94mAcc_eog: 82.50 [92mF1_combined: 79.32 [92mF1_eeg: 75.04 [92mF1_eog: 70.38 [92mK_combined: 0.8360 [92mK_eeg: 0.7927 [92mK_eog: 0.7527 [34mF1_perclass_combined: [93.37, 39.39, 88.56, 86.04, 89.25] [34mF1_perclass_eeg: [90.04, 31.42, 86.29, 85.52, 81.91] [34mF1_perclass_eog: [88.56, 19.44, 83.18, 74.7, 86.01] 
[37mEpoch 1 step 217 with [31mce_loss_combined : 0.315617 [31mce_loss_eeg : 0.498940 [31mce_loss_eog : 0.542571 [31mtotal : 1.357128 [94mAcc_combined: 88.22 [94mAcc_eeg: 85.06 [94mAcc_eog: 82.52 [92mF1_combined: 79.33 [92mF1_eeg: 74.99 [92mF1_eog: 70.35 [92mK_combined: 0.8365 [92mK_eeg: 0.7925 [92mK_eog: 0.7529 [34mF1_perclass_combined: [93.37, 39.2, 88.57, 86.23, 89.29] [34mF1_perclass_eeg: [90.05, 31.23, 86.24, 85.59, 81.83] [34mF1_perclass_eog: [88.57, 19.22, 83.19, 74.76, 86.02] 
[37mEpoch 1 step 218 with [31mce_loss_combined : 0.315590 [31mce_loss_eeg : 0.498894 [31mce_loss_eog : 0.542181 [31mtotal : 1.356665 [94mAcc_combined: 88.23 [94mAcc_eeg: 85.06 [94mAcc_eog: 82.55 [92mF1_combined: 79.33 [92mF1_eeg: 74.98 [92mF1_eog: 70.39 [92mK_combined: 0.8366 [92mK_eeg: 0.7925 [92mK_eog: 0.7534 [34mF1_perclass_combined: [93.37, 39.17, 88.57, 86.24, 89.32] [34mF1_perclass_eeg: [90.05, 31.2, 86.23, 85.58, 81.83] [34mF1_perclass_eog: [88.57, 19.19, 83.22, 74.94, 86.05] 
[37mEpoch 2 step 292 with [31mce_loss_combined : 0.326371 [31mce_loss_eeg : 0.484727 [31mce_loss_eog : 0.527812 [31mtotal : 1.338911 [94mAcc_combined: 87.93 [94mAcc_eeg: 84.83 [94mAcc_eog: 82.46 [92mF1_combined: 80.37 [92mF1_eeg: 75.16 [92mF1_eog: 71.70 [92mK_combined: 0.8338 [92mK_eeg: 0.7906 [92mK_eog: 0.7559 [34mF1_perclass_combined: [93.25, 45.28, 88.43, 86.29, 88.61] [34mF1_perclass_eeg: [89.86, 32.98, 86.03, 85.19, 81.72] [34mF1_perclass_eog: [88.03, 23.42, 82.53, 79.43, 85.08] 
[37mEpoch 2 step 299 with [31mce_loss_combined : 0.327277 [31mce_loss_eeg : 0.480193 [31mce_loss_eog : 0.527528 [31mtotal : 1.334997 [94mAcc_combined: 87.95 [94mAcc_eeg: 84.56 [94mAcc_eog: 82.37 [92mF1_combined: 78.96 [92mF1_eeg: 73.76 [92mF1_eog: 69.50 [92mK_combined: 0.8323 [92mK_eeg: 0.7864 [92mK_eog: 0.7502 [34mF1_perclass_combined: [93.56, 39.37, 88.43, 84.47, 88.98] [34mF1_perclass_eeg: [89.75, 27.46, 85.79, 84.7, 81.08] [34mF1_perclass_eog: [88.45, 16.01, 83.12, 74.48, 85.45] 
[37mEpoch 2 step 303 with [31mce_loss_combined : 0.327207 [31mce_loss_eeg : 0.481829 [31mce_loss_eog : 0.519915 [31mtotal : 1.328951 [94mAcc_combined: 87.95 [94mAcc_eeg: 84.76 [94mAcc_eog: 82.66 [92mF1_combined: 78.39 [92mF1_eeg: 74.70 [92mF1_eog: 70.08 [92mK_combined: 0.8332 [92mK_eeg: 0.7883 [92mK_eog: 0.7572 [34mF1_perclass_combined: [93.59, 35.34, 87.9, 85.94, 89.17] [34mF1_perclass_eeg: [89.93, 30.85, 85.55, 85.48, 81.68] [34mF1_perclass_eog: [88.07, 14.13, 82.61, 80.1, 85.52] 
[37mEpoch 2 step 306 with [31mce_loss_combined : 0.332683 [31mce_loss_eeg : 0.480827 [31mce_loss_eog : 0.507937 [31mtotal : 1.321448 [94mAcc_combined: 87.86 [94mAcc_eeg: 84.55 [94mAcc_eog: 83.22 [92mF1_combined: 80.13 [92mF1_eeg: 75.47 [92mF1_eog: 70.67 [92mK_combined: 0.8328 [92mK_eeg: 0.7874 [92mK_eog: 0.7647 [34mF1_perclass_combined: [92.91, 44.06, 88.28, 86.4, 88.99] [34mF1_perclass_eeg: [89.58, 35.63, 85.69, 85.55, 80.9] [34mF1_perclass_eog: [88.81, 15.72, 83.44, 79.59, 85.8] 
[37mEpoch 2 step 319 with [31mce_loss_combined : 0.318800 [31mce_loss_eeg : 0.470935 [31mce_loss_eog : 0.528873 [31mtotal : 1.318608 [94mAcc_combined: 88.20 [94mAcc_eeg: 84.91 [94mAcc_eog: 81.82 [92mF1_combined: 79.07 [92mF1_eeg: 74.58 [92mF1_eog: 69.38 [92mK_combined: 0.8356 [92mK_eeg: 0.7890 [92mK_eog: 0.7415 [34mF1_perclass_combined: [93.17, 38.29, 88.77, 85.74, 89.38] [34mF1_perclass_eeg: [89.94, 30.33, 86.06, 84.87, 81.69] [34mF1_perclass_eog: [88.59, 20.58, 82.83, 68.88, 86.03] 
[37mEpoch 2 step 320 with [31mce_loss_combined : 0.320277 [31mce_loss_eeg : 0.465811 [31mce_loss_eog : 0.519976 [31mtotal : 1.306064 [94mAcc_combined: 88.13 [94mAcc_eeg: 85.12 [94mAcc_eog: 82.45 [92mF1_combined: 79.77 [92mF1_eeg: 76.27 [92mF1_eog: 71.12 [92mK_combined: 0.8355 [92mK_eeg: 0.7937 [92mK_eog: 0.7535 [34mF1_perclass_combined: [93.38, 42.03, 88.52, 85.44, 89.46] [34mF1_perclass_eeg: [90.16, 37.37, 86.24, 84.64, 82.91] [34mF1_perclass_eog: [89.02, 24.15, 83.09, 73.94, 85.39] 
[37mEpoch 2 step 325 with [31mce_loss_combined : 0.316018 [31mce_loss_eeg : 0.473949 [31mce_loss_eog : 0.508288 [31mtotal : 1.298254 [94mAcc_combined: 88.27 [94mAcc_eeg: 85.12 [94mAcc_eog: 83.03 [92mF1_combined: 79.21 [92mF1_eeg: 75.05 [92mF1_eog: 70.23 [92mK_combined: 0.8375 [92mK_eeg: 0.7945 [92mK_eog: 0.7617 [34mF1_perclass_combined: [93.62, 38.72, 88.7, 86.34, 88.65] [34mF1_perclass_eeg: [90.23, 31.27, 86.25, 85.52, 81.96] [34mF1_perclass_eog: [89.02, 15.93, 83.54, 77.25, 85.42] 
[37mEpoch 2 step 339 with [31mce_loss_combined : 0.325277 [31mce_loss_eeg : 0.464497 [31mce_loss_eog : 0.507073 [31mtotal : 1.296846 [94mAcc_combined: 88.10 [94mAcc_eeg: 85.24 [94mAcc_eog: 83.10 [92mF1_combined: 79.17 [92mF1_eeg: 75.23 [92mF1_eog: 70.12 [92mK_combined: 0.8356 [92mK_eeg: 0.7961 [92mK_eog: 0.7641 [34mF1_perclass_combined: [92.88, 38.63, 88.53, 86.41, 89.41] [34mF1_perclass_eeg: [89.81, 31.33, 86.27, 85.68, 83.08] [34mF1_perclass_eog: [88.14, 13.18, 83.31, 79.86, 86.1] 
[37mEpoch 2 step 343 with [31mce_loss_combined : 0.316637 [31mce_loss_eeg : 0.460301 [31mce_loss_eog : 0.505817 [31mtotal : 1.282755 [94mAcc_combined: 88.36 [94mAcc_eeg: 85.16 [94mAcc_eog: 82.93 [92mF1_combined: 80.01 [92mF1_eeg: 76.13 [92mF1_eog: 71.25 [92mK_combined: 0.8382 [92mK_eeg: 0.7942 [92mK_eog: 0.7612 [34mF1_perclass_combined: [93.67, 42.29, 88.72, 86.26, 89.12] [34mF1_perclass_eeg: [89.97, 36.54, 86.39, 85.39, 82.38] [34mF1_perclass_eog: [89.13, 19.33, 82.7, 79.67, 85.41] 
[37mEpoch 2 step 345 with [31mce_loss_combined : 0.317531 [31mce_loss_eeg : 0.467619 [31mce_loss_eog : 0.497398 [31mtotal : 1.282548 [94mAcc_combined: 88.24 [94mAcc_eeg: 84.94 [94mAcc_eog: 83.34 [92mF1_combined: 79.43 [92mF1_eeg: 75.41 [92mF1_eog: 71.71 [92mK_combined: 0.8358 [92mK_eeg: 0.7898 [92mK_eog: 0.7659 [34mF1_perclass_combined: [93.64, 40.29, 88.67, 85.26, 89.28] [34mF1_perclass_eeg: [89.68, 34.45, 86.35, 84.44, 82.15] [34mF1_perclass_eog: [89.23, 20.94, 83.54, 78.92, 85.95] 
[37mEpoch 2 step 349 with [31mce_loss_combined : 0.319812 [31mce_loss_eeg : 0.462433 [31mce_loss_eog : 0.498676 [31mtotal : 1.280921 [94mAcc_combined: 88.20 [94mAcc_eeg: 85.25 [94mAcc_eog: 83.32 [92mF1_combined: 80.16 [92mF1_eeg: 76.24 [92mF1_eog: 72.53 [92mK_combined: 0.8366 [92mK_eeg: 0.7952 [92mK_eog: 0.7671 [34mF1_perclass_combined: [93.41, 43.47, 88.61, 85.97, 89.34] [34mF1_perclass_eeg: [90.29, 36.67, 86.41, 85.35, 82.48] [34mF1_perclass_eog: [89.49, 24.22, 83.15, 79.46, 86.33] 
[37mEpoch 3 step 350 with [31mce_loss_combined : 0.311136 [31mce_loss_eeg : 0.455082 [31mce_loss_eog : 0.496258 [31mtotal : 1.262476 [94mAcc_combined: 88.40 [94mAcc_eeg: 85.41 [94mAcc_eog: 83.50 [92mF1_combined: 80.45 [92mF1_eeg: 76.31 [92mF1_eog: 72.04 [92mK_combined: 0.8395 [92mK_eeg: 0.7982 [92mK_eog: 0.7685 [34mF1_perclass_combined: [93.8, 43.99, 88.56, 86.22, 89.69] [34mF1_perclass_eeg: [90.52, 36.03, 86.22, 85.55, 83.24] [34mF1_perclass_eog: [89.48, 22.15, 83.69, 78.31, 86.55] 
[37mEpoch 3 step 351 with [31mce_loss_combined : 0.309512 [31mce_loss_eeg : 0.456515 [31mce_loss_eog : 0.494438 [31mtotal : 1.260466 [94mAcc_combined: 88.51 [94mAcc_eeg: 85.45 [94mAcc_eog: 83.46 [92mF1_combined: 80.26 [92mF1_eeg: 76.40 [92mF1_eog: 71.45 [92mK_combined: 0.8404 [92mK_eeg: 0.7981 [92mK_eog: 0.7673 [34mF1_perclass_combined: [93.8, 42.63, 88.71, 86.39, 89.77] [34mF1_perclass_eeg: [90.37, 36.58, 86.43, 85.58, 83.06] [34mF1_perclass_eog: [89.39, 18.99, 83.58, 78.79, 86.49] 
[37mEpoch 3 step 358 with [31mce_loss_combined : 0.310745 [31mce_loss_eeg : 0.454551 [31mce_loss_eog : 0.494252 [31mtotal : 1.259549 [94mAcc_combined: 88.30 [94mAcc_eeg: 85.64 [94mAcc_eog: 83.50 [92mF1_combined: 79.53 [92mF1_eeg: 76.17 [92mF1_eog: 71.54 [92mK_combined: 0.8370 [92mK_eeg: 0.8000 [92mK_eog: 0.7678 [34mF1_perclass_combined: [93.49, 39.82, 88.54, 86.11, 89.68] [34mF1_perclass_eeg: [90.9, 34.79, 86.55, 85.48, 83.12] [34mF1_perclass_eog: [89.41, 19.76, 83.79, 78.13, 86.58] 
[37mEpoch 3 step 360 with [31mce_loss_combined : 0.308611 [31mce_loss_eeg : 0.450150 [31mce_loss_eog : 0.497574 [31mtotal : 1.256335 [94mAcc_combined: 88.44 [94mAcc_eeg: 85.55 [94mAcc_eog: 83.48 [92mF1_combined: 80.09 [92mF1_eeg: 76.38 [92mF1_eog: 72.03 [92mK_combined: 0.8399 [92mK_eeg: 0.7999 [92mK_eog: 0.7686 [34mF1_perclass_combined: [93.57, 41.93, 88.62, 86.45, 89.86] [34mF1_perclass_eeg: [90.49, 35.97, 86.43, 85.74, 83.27] [34mF1_perclass_eog: [89.05, 22.0, 83.7, 78.88, 86.5] 
[37mEpoch 3 step 361 with [31mce_loss_combined : 0.308673 [31mce_loss_eeg : 0.451250 [31mce_loss_eog : 0.493730 [31mtotal : 1.253653 [94mAcc_combined: 88.39 [94mAcc_eeg: 85.62 [94mAcc_eog: 83.60 [92mF1_combined: 80.14 [92mF1_eeg: 76.53 [92mF1_eog: 72.02 [92mK_combined: 0.8392 [92mK_eeg: 0.8005 [92mK_eog: 0.7699 [34mF1_perclass_combined: [93.57, 42.35, 88.55, 86.43, 89.82] [34mF1_perclass_eeg: [90.67, 36.44, 86.55, 85.65, 83.32] [34mF1_perclass_eog: [89.48, 21.17, 83.67, 79.12, 86.65] 
[37mEpoch 3 step 363 with [31mce_loss_combined : 0.307690 [31mce_loss_eeg : 0.449841 [31mce_loss_eog : 0.494438 [31mtotal : 1.251969 [94mAcc_combined: 88.45 [94mAcc_eeg: 85.75 [94mAcc_eog: 83.48 [92mF1_combined: 79.73 [92mF1_eeg: 76.28 [92mF1_eog: 71.61 [92mK_combined: 0.8395 [92mK_eeg: 0.8021 [92mK_eog: 0.7678 [34mF1_perclass_combined: [93.53, 40.39, 88.72, 86.27, 89.75] [34mF1_perclass_eeg: [90.72, 34.92, 86.73, 85.54, 83.52] [34mF1_perclass_eog: [89.31, 20.2, 83.74, 78.27, 86.52] 
[37mEpoch 3 step 379 with [31mce_loss_combined : 0.308003 [31mce_loss_eeg : 0.449738 [31mce_loss_eog : 0.494052 [31mtotal : 1.251794 [94mAcc_combined: 88.48 [94mAcc_eeg: 85.68 [94mAcc_eog: 83.54 [92mF1_combined: 79.94 [92mF1_eeg: 76.39 [92mF1_eog: 71.56 [92mK_combined: 0.8401 [92mK_eeg: 0.8010 [92mK_eog: 0.7687 [34mF1_perclass_combined: [93.59, 41.11, 88.69, 86.36, 89.96] [34mF1_perclass_eeg: [90.6, 35.72, 86.63, 85.58, 83.42] [34mF1_perclass_eog: [89.22, 19.38, 83.79, 78.84, 86.56] 
[37mEpoch 4 step 538 with [31mce_loss_combined : 0.316462 [31mce_loss_eeg : 0.437986 [31mce_loss_eog : 0.493017 [31mtotal : 1.247465 [94mAcc_combined: 88.28 [94mAcc_eeg: 85.50 [94mAcc_eog: 83.08 [92mF1_combined: 80.69 [92mF1_eeg: 77.18 [92mF1_eog: 71.74 [92mK_combined: 0.8381 [92mK_eeg: 0.7998 [92mK_eog: 0.7640 [34mF1_perclass_combined: [93.47, 45.44, 88.54, 86.29, 89.72] [34mF1_perclass_eeg: [90.2, 40.14, 86.67, 85.47, 83.41] [34mF1_perclass_eog: [89.48, 20.47, 82.6, 80.13, 86.03] 
[37mEpoch 4 step 578 with [31mce_loss_combined : 0.314369 [31mce_loss_eeg : 0.450070 [31mce_loss_eog : 0.475540 [31mtotal : 1.239979 [94mAcc_combined: 88.42 [94mAcc_eeg: 85.19 [94mAcc_eog: 83.71 [92mF1_combined: 79.88 [92mF1_eeg: 75.53 [92mF1_eog: 72.34 [92mK_combined: 0.8387 [92mK_eeg: 0.7934 [92mK_eog: 0.7711 [34mF1_perclass_combined: [93.71, 41.43, 88.84, 85.98, 89.45] [34mF1_perclass_eeg: [90.21, 33.89, 86.51, 84.59, 82.48] [34mF1_perclass_eog: [89.56, 22.62, 83.95, 79.45, 86.1] 
[37mEpoch 5 step 584 with [31mce_loss_combined : 0.315617 [31mce_loss_eeg : 0.446509 [31mce_loss_eog : 0.475312 [31mtotal : 1.237437 [94mAcc_combined: 88.40 [94mAcc_eeg: 85.51 [94mAcc_eog: 83.68 [92mF1_combined: 79.59 [92mF1_eeg: 76.25 [92mF1_eog: 71.38 [92mK_combined: 0.8396 [92mK_eeg: 0.7999 [92mK_eog: 0.7715 [34mF1_perclass_combined: [93.91, 39.52, 88.43, 86.24, 89.87] [34mF1_perclass_eeg: [90.12, 35.5, 86.51, 85.57, 83.57] [34mF1_perclass_eog: [89.65, 16.98, 83.48, 80.15, 86.62] 
[37mEpoch 5 step 586 with [31mce_loss_combined : 0.317140 [31mce_loss_eeg : 0.441398 [31mce_loss_eog : 0.475903 [31mtotal : 1.234441 [94mAcc_combined: 88.37 [94mAcc_eeg: 85.46 [94mAcc_eog: 83.59 [92mF1_combined: 78.69 [92mF1_eeg: 75.71 [92mF1_eog: 71.01 [92mK_combined: 0.8384 [92mK_eeg: 0.7988 [92mK_eog: 0.7691 [34mF1_perclass_combined: [93.22, 34.92, 88.52, 86.74, 90.04] [34mF1_perclass_eeg: [89.63, 32.92, 86.5, 85.97, 83.51] [34mF1_perclass_eog: [89.2, 16.56, 83.87, 78.5, 86.9] 
[37mEpoch 5 step 587 with [31mce_loss_combined : 0.319905 [31mce_loss_eeg : 0.435870 [31mce_loss_eog : 0.476304 [31mtotal : 1.232078 [94mAcc_combined: 88.12 [94mAcc_eeg: 85.71 [94mAcc_eog: 83.80 [92mF1_combined: 79.55 [92mF1_eeg: 76.19 [92mF1_eog: 72.46 [92mK_combined: 0.8363 [92mK_eeg: 0.8028 [92mK_eog: 0.7749 [34mF1_perclass_combined: [93.11, 39.93, 88.14, 86.74, 89.81] [34mF1_perclass_eeg: [90.49, 34.12, 86.53, 85.88, 83.91] [34mF1_perclass_eog: [89.21, 22.05, 83.82, 80.64, 86.56] 
[37mEpoch 5 step 589 with [31mce_loss_combined : 0.311193 [31mce_loss_eeg : 0.438944 [31mce_loss_eog : 0.479494 [31mtotal : 1.229631 [94mAcc_combined: 88.27 [94mAcc_eeg: 85.57 [94mAcc_eog: 83.49 [92mF1_combined: 79.84 [92mF1_eeg: 76.21 [92mF1_eog: 72.21 [92mK_combined: 0.8367 [92mK_eeg: 0.7988 [92mK_eog: 0.7679 [34mF1_perclass_combined: [93.39, 41.6, 88.5, 86.19, 89.54] [34mF1_perclass_eeg: [90.79, 35.3, 86.49, 85.06, 83.38] [34mF1_perclass_eog: [89.43, 23.48, 83.86, 77.77, 86.5] 
[37mEpoch 5 step 593 with [31mce_loss_combined : 0.309595 [31mce_loss_eeg : 0.432760 [31mce_loss_eog : 0.476851 [31mtotal : 1.219206 [94mAcc_combined: 88.57 [94mAcc_eeg: 85.86 [94mAcc_eog: 83.67 [92mF1_combined: 80.74 [92mF1_eeg: 76.94 [92mF1_eog: 73.14 [92mK_combined: 0.8418 [92mK_eeg: 0.8040 [92mK_eog: 0.7713 [34mF1_perclass_combined: [93.87, 45.11, 88.88, 86.13, 89.72] [34mF1_perclass_eeg: [90.87, 37.44, 86.78, 85.38, 84.23] [34mF1_perclass_eog: [89.87, 27.41, 84.03, 77.99, 86.38] 
[37mEpoch 5 step 596 with [31mce_loss_combined : 0.310067 [31mce_loss_eeg : 0.430425 [31mce_loss_eog : 0.478606 [31mtotal : 1.219098 [94mAcc_combined: 88.54 [94mAcc_eeg: 85.79 [94mAcc_eog: 83.52 [92mF1_combined: 78.96 [92mF1_eeg: 75.70 [92mF1_eog: 71.09 [92mK_combined: 0.8415 [92mK_eeg: 0.8039 [92mK_eog: 0.7688 [34mF1_perclass_combined: [93.73, 36.26, 88.8, 86.62, 89.39] [34mF1_perclass_eeg: [90.84, 31.54, 86.59, 85.73, 83.79] [34mF1_perclass_eog: [89.55, 17.44, 83.71, 78.24, 86.52] 
[37mEpoch 5 step 598 with [31mce_loss_combined : 0.305833 [31mce_loss_eeg : 0.421903 [31mce_loss_eog : 0.479420 [31mtotal : 1.207156 [94mAcc_combined: 88.75 [94mAcc_eeg: 85.98 [94mAcc_eog: 83.63 [92mF1_combined: 80.39 [92mF1_eeg: 76.81 [92mF1_eog: 72.56 [92mK_combined: 0.8440 [92mK_eeg: 0.8055 [92mK_eog: 0.7715 [34mF1_perclass_combined: [93.78, 42.53, 89.07, 86.56, 90.02] [34mF1_perclass_eeg: [90.82, 36.38, 86.86, 85.62, 84.37] [34mF1_perclass_eog: [89.33, 23.86, 83.79, 79.09, 86.75] 
