[INFO]: Hi, This is root.
[INFO]: After the configurations are successfully processed and dirs are created.
[INFO]: The pipeline of the project will begin now.
2022/12/30 16:32:57	INFO	wandb	multiprocessing start_methods=fork,spawn,forkserver, using: spawn
2022/12/30 16:33:00	INFO	wandb	communicating current version
2022/12/30 16:33:00	INFO	wandb	got version response upgrade_message: "wandb version 0.13.7 is available!  To upgrade, please run:\n $ pip install wandb --upgrade"

2022/12/30 16:33:04	INFO	wandb	atexit reg
2022/12/30 16:33:04	INFO	wandb	redirect: SettingsConsole.WRAP_RAW
2022/12/30 16:33:04	INFO	wandb	Wrapping output streams.
2022/12/30 16:33:04	INFO	wandb	Redirects installed.
2022/12/30 16:33:21	INFO	wandb	Watching
2023/01/01 00:23:20	INFO	wandb	finishing run kkontras/sleep_transformers/2n8qryne
2023/01/01 00:23:20	INFO	wandb	got exitcode: 0
2023/01/01 00:23:20	INFO	wandb	restore
2023/01/01 00:23:20	INFO	wandb	restore done
2023/01/01 00:23:20	INFO	wandb	got exit ret: file_counts {
  wandb_count: 1
}
pusher_stats {
  uploaded_bytes: 637
  total_bytes: 637
}

2023/01/01 00:23:20	INFO	wandb	got exit ret: file_counts {
  wandb_count: 1
}
pusher_stats {
  uploaded_bytes: 637
  total_bytes: 637
}

2023/01/01 00:23:23	INFO	wandb	got exit ret: file_counts {
  wandb_count: 1
}
pusher_stats {
  uploaded_bytes: 637
  total_bytes: 637
}

2023/01/01 00:23:23	INFO	wandb	got exit ret: file_counts {
  wandb_count: 1
}
pusher_stats {
  uploaded_bytes: 637
  total_bytes: 637
}

2023/01/01 00:23:24	INFO	wandb	got exit ret: file_counts {
  wandb_count: 5
}
pusher_stats {
  uploaded_bytes: 637
  total_bytes: 900228
}

2023/01/01 00:23:24	INFO	wandb	got exit ret: file_counts {
  wandb_count: 6
}
pusher_stats {
  uploaded_bytes: 637
  total_bytes: 1993944
}

2023/01/01 00:23:24	INFO	wandb	got exit ret: file_counts {
  wandb_count: 6
}
pusher_stats {
  uploaded_bytes: 637
  total_bytes: 1993944
}

2023/01/01 00:23:24	INFO	wandb	got exit ret: file_counts {
  wandb_count: 6
}
pusher_stats {
  uploaded_bytes: 1956467
  total_bytes: 1993944
}

2023/01/01 00:23:24	INFO	wandb	got exit ret: file_counts {
  wandb_count: 6
}
pusher_stats {
  uploaded_bytes: 1993944
  total_bytes: 1993944
}

2023/01/01 00:23:24	INFO	wandb	got exit ret: file_counts {
  wandb_count: 6
}
pusher_stats {
  uploaded_bytes: 1993944
  total_bytes: 1993944
}

2023/01/01 00:23:24	INFO	wandb	got exit ret: file_counts {
  wandb_count: 6
}
pusher_stats {
  uploaded_bytes: 1993944
  total_bytes: 1993944
}

2023/01/01 00:23:24	INFO	wandb	got exit ret: file_counts {
  wandb_count: 6
}
pusher_stats {
  uploaded_bytes: 1993944
  total_bytes: 1993944
}

2023/01/01 00:23:25	INFO	wandb	got exit ret: file_counts {
  wandb_count: 6
}
pusher_stats {
  uploaded_bytes: 1993944
  total_bytes: 1993944
}

2023/01/01 00:23:25	INFO	wandb	got exit ret: file_counts {
  wandb_count: 6
}
pusher_stats {
  uploaded_bytes: 1993944
  total_bytes: 1993944
}

2023/01/01 00:23:26	INFO	wandb	got exit ret: file_counts {
  wandb_count: 6
}
pusher_stats {
  uploaded_bytes: 1993944
  total_bytes: 1993944
}

2023/01/01 00:23:26	INFO	wandb	got exit ret: done: true
exit_result {
}
file_counts {
  wandb_count: 6
}
pusher_stats {
  uploaded_bytes: 1993944
  total_bytes: 1993944
}
local_info {
}

