000 (1050.000.000) 2022-12-30 16:32:13 Job submitted from host: <10.87.28.129:9618?addrs=10.87.28.129-9618&alias=timmermans.esat.kuleuven.be&noUDP&sock=schedd_2118_59ad>
...
001 (1050.000.000) 2022-12-30 16:32:34 Job executing on host: <10.87.24.51:9618?addrs=10.87.24.51-9618&alias=spchcl18.esat.kuleuven.be&noUDP&sock=startd_3964_8d81>
...
006 (1050.000.000) 2022-12-30 16:32:43 Image size of job updated: 109536
	42  -  MemoryUsage of job (MB)
	42620  -  ResidentSetSize of job (KB)
...
006 (1050.000.000) 2022-12-30 16:37:44 Image size of job updated: 210859376
	9895  -  MemoryUsage of job (MB)
	10131656  -  ResidentSetSize of job (KB)
...
006 (1050.000.000) 2022-12-30 16:42:44 Image size of job updated: 407875396
	9982  -  MemoryUsage of job (MB)
	10221352  -  ResidentSetSize of job (KB)
...
006 (1050.000.000) 2022-12-30 16:47:44 Image size of job updated: 413556040
	10194  -  MemoryUsage of job (MB)
	10438088  -  ResidentSetSize of job (KB)
...
006 (1050.000.000) 2022-12-30 16:52:45 Image size of job updated: 413558584
	10194  -  MemoryUsage of job (MB)
	10438088  -  ResidentSetSize of job (KB)
...
006 (1050.000.000) 2022-12-30 16:57:46 Image size of job updated: 413558596
	10194  -  MemoryUsage of job (MB)
	10438088  -  ResidentSetSize of job (KB)
...
006 (1050.000.000) 2022-12-30 17:02:46 Image size of job updated: 413559120
	10194  -  MemoryUsage of job (MB)
	10438088  -  ResidentSetSize of job (KB)
...
006 (1050.000.000) 2022-12-30 17:17:48 Image size of job updated: 413559864
	10194  -  MemoryUsage of job (MB)
	10438088  -  ResidentSetSize of job (KB)
...
006 (1050.000.000) 2022-12-30 17:32:50 Image size of job updated: 413561668
	10194  -  MemoryUsage of job (MB)
	10438088  -  ResidentSetSize of job (KB)
...
006 (1050.000.000) 2022-12-30 17:37:50 Image size of job updated: 413561672
	10194  -  MemoryUsage of job (MB)
	10438088  -  ResidentSetSize of job (KB)
...
006 (1050.000.000) 2022-12-30 17:52:51 Image size of job updated: 413561676
	10194  -  MemoryUsage of job (MB)
	10438088  -  ResidentSetSize of job (KB)
...
006 (1050.000.000) 2022-12-30 17:57:51 Image size of job updated: 413566640
	10194  -  MemoryUsage of job (MB)
	10438088  -  ResidentSetSize of job (KB)
...
006 (1050.000.000) 2022-12-30 18:12:53 Image size of job updated: 413569408
	10194  -  MemoryUsage of job (MB)
	10438088  -  ResidentSetSize of job (KB)
...
006 (1050.000.000) 2022-12-30 19:12:59 Image size of job updated: 413577208
	10194  -  MemoryUsage of job (MB)
	10438088  -  ResidentSetSize of job (KB)
...
006 (1050.000.000) 2022-12-30 21:13:10 Image size of job updated: 413579244
	10194  -  MemoryUsage of job (MB)
	10438088  -  ResidentSetSize of job (KB)
...
006 (1050.000.000) 2022-12-30 21:18:11 Image size of job updated: 413581608
	10194  -  MemoryUsage of job (MB)
	10438088  -  ResidentSetSize of job (KB)
...
006 (1050.000.000) 2022-12-30 21:23:12 Image size of job updated: 413583948
	10194  -  MemoryUsage of job (MB)
	10438088  -  ResidentSetSize of job (KB)
...
006 (1050.000.000) 2022-12-30 23:08:22 Image size of job updated: 413585480
	10194  -  MemoryUsage of job (MB)
	10438088  -  ResidentSetSize of job (KB)
...
006 (1050.000.000) 2022-12-31 02:43:44 Image size of job updated: 413586908
	10194  -  MemoryUsage of job (MB)
	10438088  -  ResidentSetSize of job (KB)
...
006 (1050.000.000) 2022-12-31 04:33:55 Image size of job updated: 413594116
	10194  -  MemoryUsage of job (MB)
	10438088  -  ResidentSetSize of job (KB)
...
006 (1050.000.000) 2022-12-31 05:39:01 Image size of job updated: 413601356
	10194  -  MemoryUsage of job (MB)
	10438088  -  ResidentSetSize of job (KB)
...
006 (1050.000.000) 2022-12-31 06:34:06 Image size of job updated: 432986776
	10194  -  MemoryUsage of job (MB)
	10438088  -  ResidentSetSize of job (KB)
...
006 (1050.000.000) 2022-12-31 06:39:08 Image size of job updated: 432986780
	10194  -  MemoryUsage of job (MB)
	10438088  -  ResidentSetSize of job (KB)
...
006 (1050.000.000) 2022-12-31 07:04:10 Image size of job updated: 433002408
	10194  -  MemoryUsage of job (MB)
	10438088  -  ResidentSetSize of job (KB)
...
006 (1050.000.000) 2022-12-31 07:09:10 Image size of job updated: 433002412
	10194  -  MemoryUsage of job (MB)
	10438088  -  ResidentSetSize of job (KB)
...
006 (1050.000.000) 2022-12-31 08:44:21 Image size of job updated: 433002588
	10194  -  MemoryUsage of job (MB)
	10438088  -  ResidentSetSize of job (KB)
...
006 (1050.000.000) 2022-12-31 10:44:34 Image size of job updated: 433007948
	10194  -  MemoryUsage of job (MB)
	10438088  -  ResidentSetSize of job (KB)
...
006 (1050.000.000) 2022-12-31 13:24:52 Image size of job updated: 433012580
	10194  -  MemoryUsage of job (MB)
	10438088  -  ResidentSetSize of job (KB)
...
006 (1050.000.000) 2022-12-31 13:29:53 Image size of job updated: 433019300
	10194  -  MemoryUsage of job (MB)
	10438088  -  ResidentSetSize of job (KB)
...
006 (1050.000.000) 2022-12-31 13:34:54 Image size of job updated: 433019304
	10194  -  MemoryUsage of job (MB)
	10438088  -  ResidentSetSize of job (KB)
...
006 (1050.000.000) 2022-12-31 15:50:08 Image size of job updated: 433022456
	10194  -  MemoryUsage of job (MB)
	10438088  -  ResidentSetSize of job (KB)
...
006 (1050.000.000) 2022-12-31 17:20:17 Image size of job updated: 433034416
	10194  -  MemoryUsage of job (MB)
	10438088  -  ResidentSetSize of job (KB)
...
006 (1050.000.000) 2022-12-31 18:10:21 Image size of job updated: 433045532
	10194  -  MemoryUsage of job (MB)
	10438088  -  ResidentSetSize of job (KB)
...
006 (1050.000.000) 2022-12-31 20:25:36 Image size of job updated: 433048112
	10194  -  MemoryUsage of job (MB)
	10438088  -  ResidentSetSize of job (KB)
...
006 (1050.000.000) 2022-12-31 20:40:38 Image size of job updated: 433048116
	10194  -  MemoryUsage of job (MB)
	10438088  -  ResidentSetSize of job (KB)
...
006 (1050.000.000) 2022-12-31 20:45:38 Image size of job updated: 433048380
	10194  -  MemoryUsage of job (MB)
	10438088  -  ResidentSetSize of job (KB)
...
006 (1050.000.000) 2022-12-31 21:30:42 Image size of job updated: 433050168
	10194  -  MemoryUsage of job (MB)
	10438088  -  ResidentSetSize of job (KB)
...
006 (1050.000.000) 2022-12-31 21:45:43 Image size of job updated: 433050664
	10194  -  MemoryUsage of job (MB)
	10438088  -  ResidentSetSize of job (KB)
...
006 (1050.000.000) 2022-12-31 21:55:45 Image size of job updated: 433057680
	10194  -  MemoryUsage of job (MB)
	10438088  -  ResidentSetSize of job (KB)
...
006 (1050.000.000) 2022-12-31 22:00:45 Image size of job updated: 433062384
	10194  -  MemoryUsage of job (MB)
	10438088  -  ResidentSetSize of job (KB)
...
006 (1050.000.000) 2022-12-31 22:40:49 Image size of job updated: 433071196
	10194  -  MemoryUsage of job (MB)
	10438088  -  ResidentSetSize of job (KB)
...
006 (1050.000.000) 2022-12-31 23:30:55 Image size of job updated: 433076072
	10194  -  MemoryUsage of job (MB)
	10438088  -  ResidentSetSize of job (KB)
...
006 (1050.000.000) 2023-01-01 03:26:19 Image size of job updated: 433077964
	10194  -  MemoryUsage of job (MB)
	10438088  -  ResidentSetSize of job (KB)
...
006 (1050.000.000) 2023-01-01 05:41:33 Image size of job updated: 433079720
	10194  -  MemoryUsage of job (MB)
	10438088  -  ResidentSetSize of job (KB)
...
006 (1050.000.000) 2023-01-01 06:16:37 Image size of job updated: 433090216
	10194  -  MemoryUsage of job (MB)
	10438088  -  ResidentSetSize of job (KB)
...
006 (1050.000.000) 2023-01-01 08:21:50 Image size of job updated: 433097388
	10194  -  MemoryUsage of job (MB)
	10438088  -  ResidentSetSize of job (KB)
...
006 (1050.000.000) 2023-01-01 10:22:00 Image size of job updated: 433104452
	10194  -  MemoryUsage of job (MB)
	10438088  -  ResidentSetSize of job (KB)
...
006 (1050.000.000) 2023-01-01 10:27:01 Image size of job updated: 433104708
	10194  -  MemoryUsage of job (MB)
	10438088  -  ResidentSetSize of job (KB)
...
006 (1050.000.000) 2023-01-01 10:32:01 Image size of job updated: 433104728
	10194  -  MemoryUsage of job (MB)
	10438088  -  ResidentSetSize of job (KB)
...
006 (1050.000.000) 2023-01-01 10:37:01 Image size of job updated: 433119236
	10194  -  MemoryUsage of job (MB)
	10438088  -  ResidentSetSize of job (KB)
...
006 (1050.000.000) 2023-01-01 12:02:11 Image size of job updated: 433124404
	10194  -  MemoryUsage of job (MB)
	10438088  -  ResidentSetSize of job (KB)
...
006 (1050.000.000) 2023-01-01 13:27:20 Image size of job updated: 433132824
	10194  -  MemoryUsage of job (MB)
	10438088  -  ResidentSetSize of job (KB)
...
006 (1050.000.000) 2023-01-01 14:42:27 Image size of job updated: 433140116
	10194  -  MemoryUsage of job (MB)
	10438088  -  ResidentSetSize of job (KB)
...
006 (1050.000.000) 2023-01-01 17:07:43 Image size of job updated: 433184864
	10194  -  MemoryUsage of job (MB)
	10438088  -  ResidentSetSize of job (KB)
...
006 (1050.000.000) 2023-01-02 00:53:32 Image size of job updated: 433187144
	10194  -  MemoryUsage of job (MB)
	10438088  -  ResidentSetSize of job (KB)
...
006 (1050.000.000) 2023-01-02 02:38:42 Image size of job updated: 433195188
	10194  -  MemoryUsage of job (MB)
	10438088  -  ResidentSetSize of job (KB)
...
006 (1050.000.000) 2023-01-02 04:53:56 Image size of job updated: 433201644
	10194  -  MemoryUsage of job (MB)
	10438088  -  ResidentSetSize of job (KB)
...
006 (1050.000.000) 2023-01-02 06:39:07 Image size of job updated: 433204672
	10194  -  MemoryUsage of job (MB)
	10438088  -  ResidentSetSize of job (KB)
...
006 (1050.000.000) 2023-01-02 06:44:07 Image size of job updated: 433206992
	10194  -  MemoryUsage of job (MB)
	10438088  -  ResidentSetSize of job (KB)
...
006 (1050.000.000) 2023-01-02 07:09:11 Image size of job updated: 433230928
	10194  -  MemoryUsage of job (MB)
	10438088  -  ResidentSetSize of job (KB)
...
006 (1050.000.000) 2023-01-02 13:34:52 Image size of job updated: 433235564
	10194  -  MemoryUsage of job (MB)
	10438088  -  ResidentSetSize of job (KB)
...
006 (1050.000.000) 2023-01-02 14:04:55 Image size of job updated: 433260500
	10194  -  MemoryUsage of job (MB)
	10438088  -  ResidentSetSize of job (KB)
...
006 (1050.000.000) 2023-01-02 14:09:56 Image size of job updated: 433272688
	10194  -  MemoryUsage of job (MB)
	10438088  -  ResidentSetSize of job (KB)
...
006 (1050.000.000) 2023-01-02 14:14:57 Image size of job updated: 433272712
	10194  -  MemoryUsage of job (MB)
	10438088  -  ResidentSetSize of job (KB)
...
006 (1050.000.000) 2023-01-02 14:50:01 Image size of job updated: 433274992
	10194  -  MemoryUsage of job (MB)
	10438088  -  ResidentSetSize of job (KB)
...
006 (1050.000.000) 2023-01-02 16:00:08 Image size of job updated: 433276848
	10194  -  MemoryUsage of job (MB)
	10438088  -  ResidentSetSize of job (KB)
...
009 (1050.000.000) 2023-01-02 16:33:38 Job was aborted.
	The system macro SYSTEM_PERIODIC_REMOVE expression '(JobStatus == 5 && CurrentTime - EnteredCurrentStatus > 3600 * 24 * 30) || (JobStatus == 4 && CurrentTime - EnteredCurrentStatus > 3600 * 24 * 30) || (JobStatus == 1 && CurrentTime - EnteredCurrentStatus > 3600 * 24 * 90) || (JobStatus == 2 && (ProportionalSetSizeKb > (1024 * My.RequestMemory))) || (JobStatus == 2 && ((RemoteWallClockTime - CumulativeSuspensionTime) > My.RequestWalltime))' evaluated to TRUE
...
