000 (1050.001.000) 2022-12-30 16:32:13 Job submitted from host: <10.87.28.129:9618?addrs=10.87.28.129-9618&alias=timmermans.esat.kuleuven.be&noUDP&sock=schedd_2118_59ad>
...
001 (1050.001.000) 2022-12-30 16:32:30 Job executing on host: <10.87.24.56:9618?addrs=10.87.24.56-9618&alias=gauss.esat.kuleuven.be&noUDP&sock=startd_1833_dd30>
...
006 (1050.001.000) 2022-12-30 16:32:39 Image size of job updated: 270364
	14  -  MemoryUsage of job (MB)
	13360  -  ResidentSetSize of job (KB)
...
006 (1050.001.000) 2022-12-30 16:37:40 Image size of job updated: 371414344
	11121  -  MemoryUsage of job (MB)
	11387392  -  ResidentSetSize of job (KB)
...
006 (1050.001.000) 2022-12-30 16:42:40 Image size of job updated: 372340664
	11121  -  MemoryUsage of job (MB)
	11387392  -  ResidentSetSize of job (KB)
...
006 (1050.001.000) 2022-12-30 18:32:52 Image size of job updated: 401837200
	11121  -  MemoryUsage of job (MB)
	11387392  -  ResidentSetSize of job (KB)
...
006 (1050.001.000) 2022-12-30 18:37:53 Image size of job updated: 401840040
	11121  -  MemoryUsage of job (MB)
	11387392  -  ResidentSetSize of job (KB)
...
006 (1050.001.000) 2022-12-30 18:42:53 Image size of job updated: 401886564
	11121  -  MemoryUsage of job (MB)
	11387392  -  ResidentSetSize of job (KB)
...
006 (1050.001.000) 2022-12-30 18:47:53 Image size of job updated: 401886588
	11121  -  MemoryUsage of job (MB)
	11387392  -  ResidentSetSize of job (KB)
...
006 (1050.001.000) 2022-12-30 19:22:56 Image size of job updated: 401895852
	11121  -  MemoryUsage of job (MB)
	11387392  -  ResidentSetSize of job (KB)
...
006 (1050.001.000) 2022-12-30 20:03:01 Image size of job updated: 401898348
	11121  -  MemoryUsage of job (MB)
	11387392  -  ResidentSetSize of job (KB)
...
006 (1050.001.000) 2022-12-30 20:13:02 Image size of job updated: 401899388
	11121  -  MemoryUsage of job (MB)
	11387392  -  ResidentSetSize of job (KB)
...
006 (1050.001.000) 2022-12-30 20:43:05 Image size of job updated: 401908944
	11121  -  MemoryUsage of job (MB)
	11387392  -  ResidentSetSize of job (KB)
...
006 (1050.001.000) 2022-12-30 20:53:06 Image size of job updated: 401920880
	11121  -  MemoryUsage of job (MB)
	11387392  -  ResidentSetSize of job (KB)
...
006 (1050.001.000) 2022-12-30 21:48:12 Image size of job updated: 401943152
	11121  -  MemoryUsage of job (MB)
	11387392  -  ResidentSetSize of job (KB)
...
006 (1050.001.000) 2022-12-30 22:48:18 Image size of job updated: 401944120
	11121  -  MemoryUsage of job (MB)
	11387392  -  ResidentSetSize of job (KB)
...
006 (1050.001.000) 2022-12-30 23:03:21 Image size of job updated: 401946400
	11121  -  MemoryUsage of job (MB)
	11387392  -  ResidentSetSize of job (KB)
...
006 (1050.001.000) 2022-12-30 23:08:21 Image size of job updated: 401948700
	11121  -  MemoryUsage of job (MB)
	11387392  -  ResidentSetSize of job (KB)
...
006 (1050.001.000) 2022-12-30 23:28:23 Image size of job updated: 401979220
	11121  -  MemoryUsage of job (MB)
	11387392  -  ResidentSetSize of job (KB)
...
006 (1050.001.000) 2022-12-31 01:43:37 Image size of job updated: 401984036
	11121  -  MemoryUsage of job (MB)
	11387392  -  ResidentSetSize of job (KB)
...
006 (1050.001.000) 2022-12-31 02:13:41 Image size of job updated: 401984784
	11121  -  MemoryUsage of job (MB)
	11387392  -  ResidentSetSize of job (KB)
...
006 (1050.001.000) 2022-12-31 02:18:41 Image size of job updated: 401985016
	11121  -  MemoryUsage of job (MB)
	11387392  -  ResidentSetSize of job (KB)
...
006 (1050.001.000) 2022-12-31 02:23:42 Image size of job updated: 402003512
	11121  -  MemoryUsage of job (MB)
	11387392  -  ResidentSetSize of job (KB)
...
006 (1050.001.000) 2022-12-31 03:08:47 Image size of job updated: 402011420
	11121  -  MemoryUsage of job (MB)
	11387392  -  ResidentSetSize of job (KB)
...
006 (1050.001.000) 2022-12-31 03:33:49 Image size of job updated: 402039728
	11121  -  MemoryUsage of job (MB)
	11387392  -  ResidentSetSize of job (KB)
...
006 (1050.001.000) 2022-12-31 04:38:55 Image size of job updated: 402041456
	11121  -  MemoryUsage of job (MB)
	11387392  -  ResidentSetSize of job (KB)
...
006 (1050.001.000) 2022-12-31 04:53:57 Image size of job updated: 402045052
	11121  -  MemoryUsage of job (MB)
	11387392  -  ResidentSetSize of job (KB)
...
006 (1050.001.000) 2022-12-31 05:34:02 Image size of job updated: 402049672
	11121  -  MemoryUsage of job (MB)
	11387392  -  ResidentSetSize of job (KB)
...
006 (1050.001.000) 2022-12-31 06:44:10 Image size of job updated: 402092324
	11121  -  MemoryUsage of job (MB)
	11387392  -  ResidentSetSize of job (KB)
...
006 (1050.001.000) 2022-12-31 06:49:11 Image size of job updated: 402097004
	11121  -  MemoryUsage of job (MB)
	11387392  -  ResidentSetSize of job (KB)
...
006 (1050.001.000) 2022-12-31 08:04:20 Image size of job updated: 402098792
	11121  -  MemoryUsage of job (MB)
	11387392  -  ResidentSetSize of job (KB)
...
006 (1050.001.000) 2022-12-31 08:44:24 Image size of job updated: 402117188
	11121  -  MemoryUsage of job (MB)
	11387392  -  ResidentSetSize of job (KB)
...
006 (1050.001.000) 2022-12-31 09:44:31 Image size of job updated: 402117612
	11121  -  MemoryUsage of job (MB)
	11387392  -  ResidentSetSize of job (KB)
...
006 (1050.001.000) 2022-12-31 09:54:32 Image size of job updated: 402127460
	11121  -  MemoryUsage of job (MB)
	11387392  -  ResidentSetSize of job (KB)
...
006 (1050.001.000) 2022-12-31 11:19:42 Image size of job updated: 402131152
	11121  -  MemoryUsage of job (MB)
	11387392  -  ResidentSetSize of job (KB)
...
006 (1050.001.000) 2022-12-31 11:24:42 Image size of job updated: 402140268
	11121  -  MemoryUsage of job (MB)
	11387392  -  ResidentSetSize of job (KB)
...
006 (1050.001.000) 2022-12-31 11:44:45 Image size of job updated: 402148056
	11121  -  MemoryUsage of job (MB)
	11387392  -  ResidentSetSize of job (KB)
...
006 (1050.001.000) 2022-12-31 12:14:48 Image size of job updated: 402148496
	11121  -  MemoryUsage of job (MB)
	11387392  -  ResidentSetSize of job (KB)
...
006 (1050.001.000) 2022-12-31 12:24:49 Image size of job updated: 402155228
	11121  -  MemoryUsage of job (MB)
	11387392  -  ResidentSetSize of job (KB)
...
006 (1050.001.000) 2022-12-31 12:59:53 Image size of job updated: 402155912
	11121  -  MemoryUsage of job (MB)
	11387392  -  ResidentSetSize of job (KB)
...
006 (1050.001.000) 2022-12-31 13:04:54 Image size of job updated: 402160592
	11121  -  MemoryUsage of job (MB)
	11387392  -  ResidentSetSize of job (KB)
...
006 (1050.001.000) 2022-12-31 13:39:57 Image size of job updated: 402178520
	11121  -  MemoryUsage of job (MB)
	11387392  -  ResidentSetSize of job (KB)
...
006 (1050.001.000) 2022-12-31 14:25:00 Image size of job updated: 402192732
	11121  -  MemoryUsage of job (MB)
	11387392  -  ResidentSetSize of job (KB)
...
006 (1050.001.000) 2022-12-31 15:45:08 Image size of job updated: 402214456
	11121  -  MemoryUsage of job (MB)
	11387392  -  ResidentSetSize of job (KB)
...
006 (1050.001.000) 2022-12-31 17:15:18 Image size of job updated: 402234548
	11121  -  MemoryUsage of job (MB)
	11387392  -  ResidentSetSize of job (KB)
...
006 (1050.001.000) 2022-12-31 17:55:21 Image size of job updated: 402249060
	11121  -  MemoryUsage of job (MB)
	11387392  -  ResidentSetSize of job (KB)
...
006 (1050.001.000) 2022-12-31 18:30:24 Image size of job updated: 402250008
	11121  -  MemoryUsage of job (MB)
	11387392  -  ResidentSetSize of job (KB)
...
006 (1050.001.000) 2022-12-31 18:50:26 Image size of job updated: 402258360
	11121  -  MemoryUsage of job (MB)
	11387392  -  ResidentSetSize of job (KB)
...
006 (1050.001.000) 2022-12-31 19:40:31 Image size of job updated: 402272536
	11121  -  MemoryUsage of job (MB)
	11387392  -  ResidentSetSize of job (KB)
...
006 (1050.001.000) 2022-12-31 20:05:34 Image size of job updated: 402279532
	11121  -  MemoryUsage of job (MB)
	11387392  -  ResidentSetSize of job (KB)
...
006 (1050.001.000) 2022-12-31 20:45:38 Image size of job updated: 402279724
	11121  -  MemoryUsage of job (MB)
	11387392  -  ResidentSetSize of job (KB)
...
006 (1050.001.000) 2022-12-31 21:35:44 Image size of job updated: 402298320
	11121  -  MemoryUsage of job (MB)
	11387392  -  ResidentSetSize of job (KB)
...
006 (1050.001.000) 2022-12-31 21:40:44 Image size of job updated: 402303252
	11121  -  MemoryUsage of job (MB)
	11387392  -  ResidentSetSize of job (KB)
...
006 (1050.001.000) 2022-12-31 22:00:45 Image size of job updated: 402309728
	11121  -  MemoryUsage of job (MB)
	11387392  -  ResidentSetSize of job (KB)
...
005 (1050.001.000) 2022-12-31 22:54:00 Job terminated.
	(1) Normal termination (return value 0)
		Usr 4 15:59:17, Sys 0 11:55:04  -  Run Remote Usage
		Usr 0 00:00:00, Sys 0 00:00:00  -  Run Local Usage
		Usr 4 15:59:17, Sys 0 11:55:04  -  Total Remote Usage
		Usr 0 00:00:00, Sys 0 00:00:00  -  Total Local Usage
	0  -  Run Bytes Sent By Job
	0  -  Run Bytes Received By Job
	0  -  Total Bytes Sent By Job
	0  -  Total Bytes Received By Job
	Partitionable Resources :    Usage  Request Allocated Assigned
	   Cpus                 :     6.83       16        16 
	   Disk (KB)            :     1           1   7367279 
	   Gpus (Average)       :     0.38        1         1 "CUDA0"
	   GpusMemory (MB)      :  3141                       
	   Memory (MB)          : 11121       16384     16384 

	Job terminated of its own accord at 2022-12-31T21:54:00Z.
...
