000 (1050.002.000) 2022-12-30 16:32:13 Job submitted from host: <10.87.28.129:9618?addrs=10.87.28.129-9618&alias=timmermans.esat.kuleuven.be&noUDP&sock=schedd_2118_59ad>
...
001 (1050.002.000) 2022-12-30 16:32:28 Job executing on host: <10.87.24.4:9618?addrs=10.87.24.4-9618&alias=aristoteles.esat.kuleuven.be&noUDP&sock=startd_2769_e1d5>
...
006 (1050.002.000) 2022-12-30 16:32:37 Image size of job updated: 270364
	10  -  MemoryUsage of job (MB)
	9760  -  ResidentSetSize of job (KB)
...
006 (1050.002.000) 2022-12-30 16:32:53 Image size of job updated: 2286636
	10  -  MemoryUsage of job (MB)
	9760  -  ResidentSetSize of job (KB)
...
005 (1050.002.000) 2022-12-30 16:32:53 Job terminated.
	(1) Normal termination (return value 0)
		Usr 0 00:00:03, Sys 0 00:00:02  -  Run Remote Usage
		Usr 0 00:00:00, Sys 0 00:00:00  -  Run Local Usage
		Usr 0 00:00:03, Sys 0 00:00:02  -  Total Remote Usage
		Usr 0 00:00:00, Sys 0 00:00:00  -  Total Local Usage
	0  -  Run Bytes Sent By Job
	0  -  Run Bytes Received By Job
	0  -  Total Bytes Sent By Job
	0  -  Total Bytes Received By Job
	Partitionable Resources :    Usage  Request Allocated Assigned
	   Cpus                 :                16        16 
	   Disk (KB)            :        1        1    394190 
	   Gpus (Average)       :                 1         1 "CUDA0"
	   Memory (MB)          :       10    16384     16384 

	Job terminated of its own accord at 2022-12-30T15:32:53Z.
...
