Starting Job
/users/sista/kkontras/Documents/Sleep_Project/main_paper_1.py
/esat/smcdata/users/kkontras/Image_Dataset/no_backup/envs/gl_env/bin/python
Python 3.7.10
/users/sista/kkontras/Documents/Sleep_Project
0
 THE Configuration of your experiment ..
{'agent': 'Sleep_Agent_Init_Train',
 'augmentation': {},
 'channel': 0,
 'dataset': {'cache_datasets': {'test': False, 'train': False, 'valid': False},
             'data_roots': '/esat/biomeddata/SHHS_Dataset/no_backup',
             'data_split': {'split_method': 'patients_test',
                            'test_split_rate': 0.3,
                            'val_split_rate': 0.026},
             'data_view_dir': [{'data_type': 'stft',
                                'list_dir': 'patient_mat_list.txt',
                                'mod': 'eeg',
                                'num_ch': 1},
                               {'data_type': 'stft',
                                'list_dir': 'patient_eog_mat_list.txt',
                                'mod': 'eog',
                                'num_ch': 1}],
             'dataloader_class': 'SleepDataLoader_mat_huy',
             'huy_data': True,
             'inner_overlap': [0.5, 0.5],
             'keep_view': [1, 0],
             'seq_length': [10, 0],
             'seq_views': [False],
             'shuffle_train': True},
 'early_stopping': {'log_interval': 10,
                    'max_epoch': 1000,
                    'n_steps_stop': 250,
                    'n_steps_stop_after': 400,
                    'save_every': 1,
                    'validate_after': 0,
                    'validate_every': 400},
 'exp_name': 'Sleep EEG-EOG BLIP Experiment',
 'lr_finder': False,
 'lr_finder_steps': 100,
 'mode': 'train',
 'model': {'args': {'augment_within': False,
                    'dmodel': 128,
                    'dropout': 0.3,
                    'fc_inner': 1024,
                    'ignore_alignment_val': True,
                    'multi_loss': {'multi_loss_weights': {'alignment_loss': 0.1,
                                                          'multi_supervised_loss': {'combined': 1,
                                                                                    'eeg': 1,
                                                                                    'eog': 1},
                                                          'order_loss': 0}},
                    'num_classes': 5,
                    'shared_pred': False,
                    'three_modes': True,
                    'training_type': 'alignment_order_multisupervised'},
           'encoders': [{'args': {'align_inner': True,
                                  'd_model': 128,
                                  'dim_feedforward': 1024,
                                  'dim_proj': 128,
                                  'dropout': 0.3,
                                  'inner_biased': False,
                                  'mod_token': False,
                                  'num_heads': 8,
                                  'num_layers': 4,
                                  'outer_biased': False,
                                  'outer_rep': False,
                                  'pos': False,
                                  'rpos': True,
                                  'shared': True,
                                  'skip_random_mod': False},
                         'encoders': [],
                         'freeze_encoder': False,
                         'model': 'SleepEnc_BLIP_EEG_EOG_shared_free_cliplike',
                         'pretrainedEncoder': {'dir': '', 'use': False},
                         'savetrainedEncoder': {'dir': '', 'save': False}}],
           'load_ongoing': False,
           'model_class': 'EEG_SLEEP_BLIP_GM_MultiMode',
           'pretrained_model': {'dir': '', 'use': False},
           'save_dir': '/esat/smcdata/users/kkontras/Image_Dataset/no_backup/data/2021_data/shhs1/multi_modal/paper_models/fourier_transformer_eeg_eog_mat_BLIP_al01_shared_b16_freetrain_rpos_nopos_nonsharedpreds_drop03_aligninner_al10_trial1_pt.pth.tar'},
 'normalization': {'calculate_metrics': False,
                   'dir': '/esat/biomeddata/SHHS_Dataset/no_backup/metrics_eeg_eog_emg_stft.pkl',
                   'metrics_type': 'train_dataset',
                   'save_metrics': False,
                   'use': True},
 'num_classes': 5,
 'num_modalities': 1,
 'optimizer': {'beta1': 0.9,
               'beta2': 0.999,
               'learning_rate': 0.0001,
               'momentum': 0.2,
               'type': 'Adam',
               'weight_decay': 0.0001},
 'plots': {'plot_stft_num': 0, 'save': False},
 'post_proc': {'post_proc_step': 15,
               'test_postprocessing': False,
               'val_postprocessing': False},
 'scheduler': {'max_lr': 0.03, 'type': 'cosanneal', 'warm_up': 55},
 'statistics': {'ce_weights': {'temp': 0.1, 'use': False}, 'print': False},
 'training_params': {'adversarial_training': {'adv_epsilon': 0.01,
                                              'use': False},
                     'async_loading': True,
                     'batch_size': 16,
                     'cuda': True,
                     'data_loader_workers': 8,
                     'gpu_device': [0],
                     'pin_memory': True,
                     'rec_test': False,
                     'res': True,
                     'seed': 28,
                     'tdqm_disable': True,
                     'test_batch_size': 16,
                     'test_on_tops': True,
                     'use_test_set': True,
                     'validation': True,
                     'verbose': True,
                     'wandb_disable': False}}
 *************************************** 
The experiment name is Sleep EEG-EOG BLIP Experiment
 *************************************** 
stft_eeg Train 3724 validation 100 test 1639
stft_eog Train 3724 validation 100 test 1639
{'use_type': False, 'skip_skips': True}
{'use_type': False, 'skip_skips': True}
{'use_type': False, 'skip_skips': True}
{'use_type': False, 'skip_skips': True}
Loading metrics from /esat/biomeddata/SHHS_Dataset/no_backup/metrics_eeg_eog_emg_stft.pkl
Weights are [1. 1. 1. 1. 1.]
23286
400
59
tensor([1., 1., 1., 1., 1.], device='cuda:0')
We are not shuffling the data
Training function is sleep_train_one_step_alignment_order_multisupervised
Loss Weights are {'combined': 1, 'eeg': 1, 'eog': 1, 'alignments': 0.1, 'order': 0, 'consistency': 0, 'reconstruction': 0}
We are not shuffling the data
<class 'graphs.models.attention_models.BLIP.SleepEnc_BLIP_EEG_EOG_shared_free_cliplike'>
Total number of trainable parameters are: 10001935
Available cuda devices: 1, current device:0
Total number of trainable parameters are: 10001935
[37mEpoch 0 step 1 with [31mce_loss_combined : 0.970971 [31mce_loss_eeg : 1.272944 [31mce_loss_eog : 1.297321 [31mtotal : 3.541236 [94mAcc_combined: 56.52 [94mAcc_eeg: 64.33 [94mAcc_eog: 57.64 [92mF1_combined: 43.46 [92mF1_eeg: 44.74 [92mF1_eog: 32.11 [92mK_combined: 0.4127 [92mK_eeg: 0.4928 [92mK_eog: 0.3597 [34mF1_perclass_combined: [78.55, 0.0, 45.36, 55.15, 38.25] [34mF1_perclass_eeg: [84.18, 0.0, 62.21, 69.63, 7.67] [34mF1_perclass_eog: [70.65, 0.0, 65.75, 22.03, 2.13] 
[37mEpoch 0 step 2 with [31mce_loss_combined : 0.645489 [31mce_loss_eeg : 1.142898 [31mce_loss_eog : 1.176934 [31mtotal : 2.965321 [94mAcc_combined: 77.53 [94mAcc_eeg: 73.99 [94mAcc_eog: 71.75 [92mF1_combined: 62.29 [92mF1_eeg: 58.89 [92mF1_eog: 57.28 [92mK_combined: 0.6904 [92mK_eeg: 0.6405 [92mK_eog: 0.6082 [34mF1_perclass_combined: [84.34, 0.0, 78.36, 80.07, 68.68] [34mF1_perclass_eeg: [80.66, 0.0, 75.82, 80.71, 57.25] [34mF1_perclass_eog: [77.29, 0.0, 75.08, 73.1, 60.91] 
[37mEpoch 0 step 3 with [31mce_loss_combined : 0.698083 [31mce_loss_eeg : 1.111083 [31mce_loss_eog : 1.151133 [31mtotal : 2.960299 [94mAcc_combined: 75.21 [94mAcc_eeg: 75.03 [94mAcc_eog: 70.90 [92mF1_combined: 58.25 [92mF1_eeg: 58.77 [92mF1_eog: 54.68 [92mK_combined: 0.6453 [92mK_eeg: 0.6445 [92mK_eog: 0.5815 [34mF1_perclass_combined: [82.87, 0.16, 79.09, 61.25, 67.85] [34mF1_perclass_eeg: [83.65, 0.0, 78.02, 70.02, 62.17] [34mF1_perclass_eog: [75.28, 0.0, 75.96, 56.63, 65.51] 
[37mEpoch 0 step 5 with [31mce_loss_combined : 0.759180 [31mce_loss_eeg : 1.116999 [31mce_loss_eog : 1.076549 [31mtotal : 2.952728 [94mAcc_combined: 73.58 [94mAcc_eeg: 73.06 [94mAcc_eog: 76.71 [92mF1_combined: 58.19 [92mF1_eeg: 57.82 [92mF1_eog: 61.53 [92mK_combined: 0.6227 [92mK_eeg: 0.6176 [92mK_eog: 0.6726 [34mF1_perclass_combined: [78.7, 1.55, 75.58, 58.43, 76.68] [34mF1_perclass_eeg: [76.58, 0.0, 76.45, 76.04, 60.03] [34mF1_perclass_eog: [80.43, 0.0, 79.02, 69.67, 78.55] 
[37mEpoch 0 step 6 with [31mce_loss_combined : 0.531011 [31mce_loss_eeg : 1.061496 [31mce_loss_eog : 1.054327 [31mtotal : 2.646834 [94mAcc_combined: 81.06 [94mAcc_eeg: 76.47 [94mAcc_eog: 77.04 [92mF1_combined: 67.06 [92mF1_eeg: 60.93 [92mF1_eog: 61.77 [92mK_combined: 0.7357 [92mK_eeg: 0.6629 [92mK_eog: 0.6724 [34mF1_perclass_combined: [89.15, 6.3, 80.69, 81.1, 78.04] [34mF1_perclass_eeg: [84.18, 0.0, 78.07, 82.78, 59.6] [34mF1_perclass_eog: [81.69, 0.0, 79.19, 69.87, 78.11] 
[37mEpoch 0 step 7 with [31mce_loss_combined : 0.500390 [31mce_loss_eeg : 1.042988 [31mce_loss_eog : 1.056210 [31mtotal : 2.599588 [94mAcc_combined: 82.00 [94mAcc_eeg: 77.20 [94mAcc_eog: 76.18 [92mF1_combined: 72.31 [92mF1_eeg: 60.62 [92mF1_eog: 62.08 [92mK_combined: 0.7501 [92mK_eeg: 0.6744 [92mK_eog: 0.6628 [34mF1_perclass_combined: [87.68, 29.43, 83.07, 82.16, 79.2] [34mF1_perclass_eeg: [84.35, 0.0, 79.63, 82.03, 57.09] [34mF1_perclass_eog: [78.1, 0.0, 77.32, 74.91, 80.08] 
[37mEpoch 0 step 9 with [31mce_loss_combined : 0.517217 [31mce_loss_eeg : 1.005293 [31mce_loss_eog : 1.016935 [31mtotal : 2.539445 [94mAcc_combined: 82.61 [94mAcc_eeg: 78.71 [94mAcc_eog: 77.51 [92mF1_combined: 72.85 [92mF1_eeg: 62.90 [92mF1_eog: 61.86 [92mK_combined: 0.7553 [92mK_eeg: 0.6964 [92mK_eog: 0.6803 [34mF1_perclass_combined: [87.93, 29.44, 84.61, 79.19, 83.09] [34mF1_perclass_eeg: [85.43, 0.6, 80.9, 76.96, 70.59] [34mF1_perclass_eog: [82.08, 0.0, 79.99, 67.5, 79.74] 
[37mEpoch 0 step 10 with [31mce_loss_combined : 0.470716 [31mce_loss_eeg : 0.986345 [31mce_loss_eog : 1.001495 [31mtotal : 2.458556 [94mAcc_combined: 82.93 [94mAcc_eeg: 79.22 [94mAcc_eog: 78.26 [92mF1_combined: 71.69 [92mF1_eeg: 63.99 [92mF1_eog: 63.34 [92mK_combined: 0.7642 [92mK_eeg: 0.7088 [92mK_eog: 0.6923 [34mF1_perclass_combined: [89.16, 20.38, 82.97, 82.32, 83.63] [34mF1_perclass_eeg: [86.53, 1.34, 80.3, 82.99, 68.81] [34mF1_perclass_eog: [81.86, 0.0, 79.81, 74.7, 80.34] 
[37mEpoch 0 step 11 with [31mce_loss_combined : 0.492673 [31mce_loss_eeg : 0.982238 [31mce_loss_eog : 0.980013 [31mtotal : 2.454924 [94mAcc_combined: 82.77 [94mAcc_eeg: 78.35 [94mAcc_eog: 78.79 [92mF1_combined: 69.60 [92mF1_eeg: 63.31 [92mF1_eog: 63.99 [92mK_combined: 0.7570 [92mK_eeg: 0.6917 [92mK_eog: 0.7038 [34mF1_perclass_combined: [88.11, 13.58, 83.84, 80.25, 82.2] [34mF1_perclass_eeg: [84.9, 5.05, 80.77, 79.18, 66.65] [34mF1_perclass_eog: [82.88, 0.0, 79.7, 76.31, 81.08] 
[37mEpoch 0 step 12 with [31mce_loss_combined : 0.471103 [31mce_loss_eeg : 0.951016 [31mce_loss_eog : 0.969642 [31mtotal : 2.391761 [94mAcc_combined: 83.16 [94mAcc_eeg: 80.32 [94mAcc_eog: 78.87 [92mF1_combined: 67.67 [92mF1_eeg: 65.18 [92mF1_eog: 63.97 [92mK_combined: 0.7666 [92mK_eeg: 0.7274 [92mK_eog: 0.7050 [34mF1_perclass_combined: [87.46, 0.0, 83.57, 82.95, 84.37] [34mF1_perclass_eeg: [87.08, 1.71, 81.24, 82.63, 73.22] [34mF1_perclass_eog: [82.29, 0.0, 80.13, 75.81, 81.64] 
[37mEpoch 0 step 14 with [31mce_loss_combined : 0.434502 [31mce_loss_eeg : 0.934839 [31mce_loss_eog : 0.951344 [31mtotal : 2.320684 [94mAcc_combined: 84.52 [94mAcc_eeg: 80.07 [94mAcc_eog: 78.46 [92mF1_combined: 72.36 [92mF1_eeg: 65.61 [92mF1_eog: 62.84 [92mK_combined: 0.7835 [92mK_eeg: 0.7210 [92mK_eog: 0.6931 [34mF1_perclass_combined: [87.69, 19.55, 86.29, 84.23, 84.04] [34mF1_perclass_eeg: [84.65, 7.41, 82.76, 82.64, 70.6] [34mF1_perclass_eog: [82.36, 0.0, 80.62, 70.06, 81.15] 
[37mEpoch 0 step 16 with [31mce_loss_combined : 0.440385 [31mce_loss_eeg : 0.921588 [31mce_loss_eog : 0.932606 [31mtotal : 2.294580 [94mAcc_combined: 84.08 [94mAcc_eeg: 80.81 [94mAcc_eog: 78.71 [92mF1_combined: 68.42 [92mF1_eeg: 65.93 [92mF1_eog: 63.28 [92mK_combined: 0.7804 [92mK_eeg: 0.7348 [92mK_eog: 0.7014 [34mF1_perclass_combined: [90.28, 0.76, 84.27, 82.56, 84.24] [34mF1_perclass_eeg: [87.72, 3.65, 82.39, 82.25, 73.64] [34mF1_perclass_eog: [83.59, 0.0, 80.51, 72.96, 79.32] 
[37mEpoch 0 step 19 with [31mce_loss_combined : 0.411168 [31mce_loss_eeg : 0.877843 [31mce_loss_eog : 0.896933 [31mtotal : 2.185945 [94mAcc_combined: 85.02 [94mAcc_eeg: 80.95 [94mAcc_eog: 79.87 [92mF1_combined: 74.66 [92mF1_eeg: 67.63 [92mF1_eog: 64.94 [92mK_combined: 0.7919 [92mK_eeg: 0.7335 [92mK_eog: 0.7152 [34mF1_perclass_combined: [90.25, 28.27, 85.22, 84.16, 85.41] [34mF1_perclass_eeg: [87.76, 12.97, 81.81, 83.74, 71.86] [34mF1_perclass_eog: [83.72, 0.0, 80.56, 78.06, 82.34] 
[37mEpoch 0 step 21 with [31mce_loss_combined : 0.398150 [31mce_loss_eeg : 0.850395 [31mce_loss_eog : 0.890188 [31mtotal : 2.138733 [94mAcc_combined: 85.43 [94mAcc_eeg: 81.85 [94mAcc_eog: 79.12 [92mF1_combined: 77.08 [92mF1_eeg: 70.06 [92mF1_eog: 64.29 [92mK_combined: 0.7989 [92mK_eeg: 0.7447 [92mK_eog: 0.7068 [34mF1_perclass_combined: [90.54, 38.32, 85.96, 84.81, 85.79] [34mF1_perclass_eeg: [87.62, 21.51, 83.63, 83.29, 74.24] [34mF1_perclass_eog: [82.82, 0.0, 79.88, 76.39, 82.34] 
[37mEpoch 0 step 24 with [31mce_loss_combined : 0.419842 [31mce_loss_eeg : 0.840392 [31mce_loss_eog : 0.863369 [31mtotal : 2.123603 [94mAcc_combined: 84.74 [94mAcc_eeg: 80.60 [94mAcc_eog: 79.85 [92mF1_combined: 75.03 [92mF1_eeg: 68.73 [92mF1_eog: 64.52 [92mK_combined: 0.7847 [92mK_eeg: 0.7232 [92mK_eog: 0.7153 [34mF1_perclass_combined: [90.23, 34.12, 85.97, 78.44, 86.37] [34mF1_perclass_eeg: [87.11, 22.45, 82.69, 78.62, 72.78] [34mF1_perclass_eog: [84.23, 0.0, 81.2, 75.83, 81.35] 
[37mEpoch 0 step 26 with [31mce_loss_combined : 0.391886 [31mce_loss_eeg : 0.813640 [31mce_loss_eog : 0.834412 [31mtotal : 2.039938 [94mAcc_combined: 86.13 [94mAcc_eeg: 81.89 [94mAcc_eog: 80.45 [92mF1_combined: 75.20 [92mF1_eeg: 69.75 [92mF1_eog: 65.16 [92mK_combined: 0.8086 [92mK_eeg: 0.7507 [92mK_eog: 0.7259 [34mF1_perclass_combined: [90.93, 26.87, 86.72, 85.03, 86.43] [34mF1_perclass_eeg: [87.18, 18.1, 83.03, 83.92, 76.53] [34mF1_perclass_eog: [84.83, 0.0, 81.5, 77.32, 82.15] 
[37mEpoch 0 step 27 with [31mce_loss_combined : 0.385266 [31mce_loss_eeg : 0.800036 [31mce_loss_eog : 0.846092 [31mtotal : 2.031394 [94mAcc_combined: 86.04 [94mAcc_eeg: 81.92 [94mAcc_eog: 78.91 [92mF1_combined: 75.88 [92mF1_eeg: 70.55 [92mF1_eog: 63.95 [92mK_combined: 0.8072 [92mK_eeg: 0.7503 [92mK_eog: 0.6960 [34mF1_perclass_combined: [91.72, 29.96, 85.81, 83.89, 88.01] [34mF1_perclass_eeg: [88.26, 22.29, 82.39, 82.89, 76.9] [34mF1_perclass_eog: [83.0, 0.0, 79.89, 73.45, 83.43] 
[37mEpoch 0 step 30 with [31mce_loss_combined : 0.374741 [31mce_loss_eeg : 0.797868 [31mce_loss_eog : 0.813271 [31mtotal : 1.985879 [94mAcc_combined: 86.19 [94mAcc_eeg: 80.77 [94mAcc_eog: 80.31 [92mF1_combined: 75.32 [92mF1_eeg: 68.46 [92mF1_eog: 65.37 [92mK_combined: 0.8063 [92mK_eeg: 0.7331 [92mK_eog: 0.7228 [34mF1_perclass_combined: [90.37, 27.94, 87.28, 83.92, 87.06] [34mF1_perclass_eeg: [86.77, 17.49, 82.39, 80.72, 74.95] [34mF1_perclass_eog: [84.97, 0.0, 80.66, 78.61, 82.61] 
[37mEpoch 0 step 31 with [31mce_loss_combined : 0.354235 [31mce_loss_eeg : 0.755887 [31mce_loss_eog : 0.820441 [31mtotal : 1.930563 [94mAcc_combined: 87.08 [94mAcc_eeg: 82.96 [94mAcc_eog: 79.27 [92mF1_combined: 76.49 [92mF1_eeg: 72.11 [92mF1_eog: 64.68 [92mK_combined: 0.8202 [92mK_eeg: 0.7638 [92mK_eog: 0.7137 [34mF1_perclass_combined: [92.61, 29.53, 87.38, 85.01, 87.91] [34mF1_perclass_eeg: [88.13, 25.98, 84.48, 83.74, 78.22] [34mF1_perclass_eog: [84.18, 0.0, 78.85, 77.52, 82.85] 
[37mEpoch 0 step 35 with [31mce_loss_combined : 0.363411 [31mce_loss_eeg : 0.725561 [31mce_loss_eog : 0.764214 [31mtotal : 1.853186 [94mAcc_combined: 87.04 [94mAcc_eeg: 83.07 [94mAcc_eog: 80.97 [92mF1_combined: 75.95 [92mF1_eeg: 72.41 [92mF1_eog: 65.75 [92mK_combined: 0.8201 [92mK_eeg: 0.7647 [92mK_eog: 0.7328 [34mF1_perclass_combined: [91.94, 27.06, 87.47, 85.31, 87.96] [34mF1_perclass_eeg: [88.49, 27.6, 84.71, 83.3, 77.92] [34mF1_perclass_eog: [85.31, 0.27, 81.7, 77.59, 83.9] 
[37mEpoch 0 step 37 with [31mce_loss_combined : 0.365866 [31mce_loss_eeg : 0.726857 [31mce_loss_eog : 0.758185 [31mtotal : 1.850909 [94mAcc_combined: 86.56 [94mAcc_eeg: 82.11 [94mAcc_eog: 80.61 [92mF1_combined: 77.29 [92mF1_eeg: 71.55 [92mF1_eog: 66.15 [92mK_combined: 0.8130 [92mK_eeg: 0.7521 [92mK_eog: 0.7275 [34mF1_perclass_combined: [91.96, 36.3, 87.32, 82.64, 88.21] [34mF1_perclass_eeg: [88.13, 27.49, 83.66, 81.82, 76.67] [34mF1_perclass_eog: [84.84, 5.24, 81.81, 75.24, 83.61] 
[37mEpoch 0 step 40 with [31mce_loss_combined : 0.372783 [31mce_loss_eeg : 0.696874 [31mce_loss_eog : 0.749356 [31mtotal : 1.819013 [94mAcc_combined: 86.48 [94mAcc_eeg: 82.64 [94mAcc_eog: 80.20 [92mF1_combined: 78.32 [92mF1_eeg: 72.61 [92mF1_eog: 66.21 [92mK_combined: 0.8121 [92mK_eeg: 0.7572 [92mK_eog: 0.7222 [34mF1_perclass_combined: [92.44, 42.95, 87.14, 81.41, 87.67] [34mF1_perclass_eeg: [89.23, 31.94, 84.34, 78.75, 78.77] [34mF1_perclass_eog: [84.65, 7.79, 81.65, 74.15, 82.82] 
[37mEpoch 0 step 42 with [31mce_loss_combined : 0.363377 [31mce_loss_eeg : 0.691896 [31mce_loss_eog : 0.711036 [31mtotal : 1.766309 [94mAcc_combined: 87.00 [94mAcc_eeg: 82.53 [94mAcc_eog: 81.67 [92mF1_combined: 77.54 [92mF1_eeg: 72.54 [92mF1_eog: 67.00 [92mK_combined: 0.8211 [92mK_eeg: 0.7599 [92mK_eog: 0.7414 [34mF1_perclass_combined: [92.4, 35.07, 87.01, 84.91, 88.28] [34mF1_perclass_eeg: [88.55, 29.92, 83.35, 83.89, 76.98] [34mF1_perclass_eog: [86.96, 4.33, 82.3, 76.26, 85.17] 
[37mEpoch 0 step 45 with [31mce_loss_combined : 0.359454 [31mce_loss_eeg : 0.662530 [31mce_loss_eog : 0.719192 [31mtotal : 1.741176 [94mAcc_combined: 86.70 [94mAcc_eeg: 82.85 [94mAcc_eog: 80.33 [92mF1_combined: 76.36 [92mF1_eeg: 71.86 [92mF1_eog: 66.20 [92mK_combined: 0.8130 [92mK_eeg: 0.7585 [92mK_eog: 0.7203 [34mF1_perclass_combined: [91.94, 31.41, 87.43, 82.82, 88.19] [34mF1_perclass_eeg: [88.64, 26.35, 84.33, 82.28, 77.7] [34mF1_perclass_eog: [85.88, 9.36, 81.74, 69.79, 84.21] 
[37mEpoch 0 step 46 with [31mce_loss_combined : 0.368996 [31mce_loss_eeg : 0.668163 [31mce_loss_eog : 0.692377 [31mtotal : 1.729537 [94mAcc_combined: 86.12 [94mAcc_eeg: 82.62 [94mAcc_eog: 81.60 [92mF1_combined: 78.10 [92mF1_eeg: 73.24 [92mF1_eog: 68.71 [92mK_combined: 0.8099 [92mK_eeg: 0.7624 [92mK_eog: 0.7408 [34mF1_perclass_combined: [90.92, 41.06, 86.57, 85.43, 86.5] [34mF1_perclass_eeg: [88.9, 31.94, 83.24, 84.41, 77.7] [34mF1_perclass_eog: [86.57, 14.04, 82.51, 75.15, 85.31] 
[37mEpoch 0 step 49 with [31mce_loss_combined : 0.388538 [31mce_loss_eeg : 0.645987 [31mce_loss_eog : 0.687000 [31mtotal : 1.721526 [94mAcc_combined: 84.99 [94mAcc_eeg: 83.24 [94mAcc_eog: 81.37 [92mF1_combined: 78.42 [92mF1_eeg: 74.74 [92mF1_eog: 69.05 [92mK_combined: 0.7968 [92mK_eeg: 0.7694 [92mK_eog: 0.7395 [34mF1_perclass_combined: [91.82, 46.27, 84.39, 81.3, 88.35] [34mF1_perclass_eeg: [89.56, 37.28, 83.72, 83.05, 80.1] [34mF1_perclass_eog: [85.7, 14.46, 82.27, 77.58, 85.25] 
[37mEpoch 0 step 51 with [31mce_loss_combined : 0.373005 [31mce_loss_eeg : 0.642054 [31mce_loss_eog : 0.668336 [31mtotal : 1.683396 [94mAcc_combined: 86.52 [94mAcc_eeg: 82.85 [94mAcc_eog: 81.85 [92mF1_combined: 78.39 [92mF1_eeg: 72.91 [92mF1_eog: 71.33 [92mK_combined: 0.8141 [92mK_eeg: 0.7627 [92mK_eog: 0.7461 [34mF1_perclass_combined: [91.18, 40.19, 86.65, 84.99, 88.94] [34mF1_perclass_eeg: [87.31, 29.69, 84.37, 84.55, 78.6] [34mF1_perclass_eog: [86.63, 23.24, 82.08, 78.26, 86.42] 
[37mEpoch 0 step 53 with [31mce_loss_combined : 0.361889 [31mce_loss_eeg : 0.615381 [31mce_loss_eog : 0.671936 [31mtotal : 1.649205 [94mAcc_combined: 86.91 [94mAcc_eeg: 83.92 [94mAcc_eog: 81.42 [92mF1_combined: 77.39 [92mF1_eeg: 73.94 [92mF1_eog: 68.70 [92mK_combined: 0.8194 [92mK_eeg: 0.7779 [92mK_eog: 0.7402 [34mF1_perclass_combined: [91.74, 34.97, 87.48, 85.01, 87.73] [34mF1_perclass_eeg: [89.14, 30.58, 84.92, 84.42, 80.63] [34mF1_perclass_eog: [85.32, 12.95, 82.07, 78.37, 84.8] 
[37mEpoch 0 step 55 with [31mce_loss_combined : 0.347240 [31mce_loss_eeg : 0.605105 [31mce_loss_eog : 0.696405 [31mtotal : 1.648749 [94mAcc_combined: 87.19 [94mAcc_eeg: 83.88 [94mAcc_eog: 79.82 [92mF1_combined: 77.87 [92mF1_eeg: 74.72 [92mF1_eog: 67.63 [92mK_combined: 0.8201 [92mK_eeg: 0.7754 [92mK_eog: 0.7171 [34mF1_perclass_combined: [92.79, 36.5, 87.62, 83.75, 88.68] [34mF1_perclass_eeg: [89.64, 35.97, 85.27, 81.87, 80.86] [34mF1_perclass_eog: [84.02, 11.36, 79.83, 78.75, 84.16] 
[37mEpoch 0 step 56 with [31mce_loss_combined : 0.340520 [31mce_loss_eeg : 0.602913 [31mce_loss_eog : 0.640791 [31mtotal : 1.584224 [94mAcc_combined: 87.76 [94mAcc_eeg: 83.91 [94mAcc_eog: 82.39 [92mF1_combined: 78.22 [92mF1_eeg: 74.26 [92mF1_eog: 70.12 [92mK_combined: 0.8291 [92mK_eeg: 0.7748 [92mK_eog: 0.7517 [34mF1_perclass_combined: [92.61, 36.05, 88.32, 85.05, 89.09] [34mF1_perclass_eeg: [88.8, 33.93, 85.53, 83.93, 79.11] [34mF1_perclass_eog: [87.57, 17.74, 83.12, 76.0, 86.16] 
[37mEpoch 1 step 59 with [31mce_loss_combined : 0.342969 [31mce_loss_eeg : 0.591796 [31mce_loss_eog : 0.642763 [31mtotal : 1.577528 [94mAcc_combined: 87.48 [94mAcc_eeg: 84.16 [94mAcc_eog: 82.17 [92mF1_combined: 79.51 [92mF1_eeg: 75.56 [92mF1_eog: 68.88 [92mK_combined: 0.8277 [92mK_eeg: 0.7820 [92mK_eog: 0.7498 [34mF1_perclass_combined: [92.45, 42.87, 87.68, 85.14, 89.4] [34mF1_perclass_eeg: [89.05, 37.96, 85.3, 83.96, 81.5] [34mF1_perclass_eog: [86.59, 11.68, 82.78, 77.32, 86.05] 
[37mEpoch 1 step 60 with [31mce_loss_combined : 0.333211 [31mce_loss_eeg : 0.587936 [31mce_loss_eog : 0.631549 [31mtotal : 1.552696 [94mAcc_combined: 87.74 [94mAcc_eeg: 84.36 [94mAcc_eog: 82.51 [92mF1_combined: 76.93 [92mF1_eeg: 74.08 [92mF1_eog: 68.78 [92mK_combined: 0.8287 [92mK_eeg: 0.7814 [92mK_eog: 0.7543 [34mF1_perclass_combined: [92.92, 28.78, 87.84, 85.3, 89.84] [34mF1_perclass_eeg: [89.34, 30.49, 85.65, 83.77, 81.12] [34mF1_perclass_eog: [87.38, 7.87, 82.42, 79.87, 86.33] 
[37mEpoch 1 step 64 with [31mce_loss_combined : 0.320032 [31mce_loss_eeg : 0.570180 [31mce_loss_eog : 0.624219 [31mtotal : 1.514431 [94mAcc_combined: 88.13 [94mAcc_eeg: 84.91 [94mAcc_eog: 82.29 [92mF1_combined: 79.80 [92mF1_eeg: 75.99 [92mF1_eog: 69.70 [92mK_combined: 0.8356 [92mK_eeg: 0.7900 [92mK_eog: 0.7508 [34mF1_perclass_combined: [93.29, 41.57, 88.29, 86.21, 89.65] [34mF1_perclass_eeg: [89.87, 36.82, 85.8, 85.21, 82.26] [34mF1_perclass_eog: [87.5, 14.14, 82.52, 78.08, 86.27] 
[37mEpoch 1 step 65 with [31mce_loss_combined : 0.314846 [31mce_loss_eeg : 0.569920 [31mce_loss_eog : 0.615762 [31mtotal : 1.500528 [94mAcc_combined: 88.23 [94mAcc_eeg: 84.85 [94mAcc_eog: 82.65 [92mF1_combined: 79.52 [92mF1_eeg: 75.55 [92mF1_eog: 70.31 [92mK_combined: 0.8363 [92mK_eeg: 0.7881 [92mK_eog: 0.7556 [34mF1_perclass_combined: [93.22, 40.18, 88.49, 85.87, 89.85] [34mF1_perclass_eeg: [89.92, 35.35, 85.88, 84.84, 81.74] [34mF1_perclass_eog: [88.05, 16.68, 82.99, 77.25, 86.58] 
[37mEpoch 1 step 73 with [31mce_loss_combined : 0.325987 [31mce_loss_eeg : 0.551983 [31mce_loss_eog : 0.605244 [31mtotal : 1.483214 [94mAcc_combined: 87.81 [94mAcc_eeg: 85.16 [94mAcc_eog: 82.79 [92mF1_combined: 77.94 [92mF1_eeg: 75.51 [92mF1_eog: 69.74 [92mK_combined: 0.8300 [92mK_eeg: 0.7935 [92mK_eog: 0.7578 [34mF1_perclass_combined: [93.05, 33.54, 87.84, 86.0, 89.29] [34mF1_perclass_eeg: [89.86, 33.09, 86.05, 85.7, 82.85] [34mF1_perclass_eog: [88.16, 11.8, 82.73, 80.02, 86.01] 
[37mEpoch 1 step 74 with [31mce_loss_combined : 0.320032 [31mce_loss_eeg : 0.552508 [31mce_loss_eog : 0.596215 [31mtotal : 1.468754 [94mAcc_combined: 88.11 [94mAcc_eeg: 85.23 [94mAcc_eog: 83.25 [92mF1_combined: 78.96 [92mF1_eeg: 75.79 [92mF1_eog: 69.81 [92mK_combined: 0.8351 [92mK_eeg: 0.7944 [92mK_eog: 0.7657 [34mF1_perclass_combined: [93.2, 37.83, 88.26, 86.01, 89.52] [34mF1_perclass_eeg: [90.06, 34.52, 86.18, 85.71, 82.51] [34mF1_perclass_eog: [88.49, 10.3, 83.14, 80.1, 87.01] 
[37mEpoch 1 step 75 with [31mce_loss_combined : 0.318466 [31mce_loss_eeg : 0.550645 [31mce_loss_eog : 0.595845 [31mtotal : 1.464955 [94mAcc_combined: 88.21 [94mAcc_eeg: 85.32 [94mAcc_eog: 83.23 [92mF1_combined: 79.13 [92mF1_eeg: 76.00 [92mF1_eog: 70.05 [92mK_combined: 0.8363 [92mK_eeg: 0.7955 [92mK_eog: 0.7646 [34mF1_perclass_combined: [93.22, 38.31, 88.4, 86.05, 89.68] [34mF1_perclass_eeg: [90.19, 35.32, 86.19, 85.66, 82.64] [34mF1_perclass_eog: [88.46, 11.95, 83.29, 79.71, 86.83] 
[37mEpoch 1 step 88 with [31mce_loss_combined : 0.326780 [31mce_loss_eeg : 0.539763 [31mce_loss_eog : 0.580977 [31mtotal : 1.447520 [94mAcc_combined: 87.77 [94mAcc_eeg: 84.75 [94mAcc_eog: 82.83 [92mF1_combined: 78.58 [92mF1_eeg: 75.43 [92mF1_eog: 70.14 [92mK_combined: 0.8300 [92mK_eeg: 0.7885 [92mK_eog: 0.7575 [34mF1_perclass_combined: [92.3, 37.4, 88.52, 85.58, 89.13] [34mF1_perclass_eeg: [88.74, 35.04, 86.33, 84.89, 82.14] [34mF1_perclass_eog: [88.03, 14.34, 83.11, 78.49, 86.73] 
[37mEpoch 1 step 89 with [31mce_loss_combined : 0.319863 [31mce_loss_eeg : 0.534506 [31mce_loss_eog : 0.577294 [31mtotal : 1.431663 [94mAcc_combined: 88.06 [94mAcc_eeg: 85.02 [94mAcc_eog: 83.07 [92mF1_combined: 79.85 [92mF1_eeg: 75.84 [92mF1_eog: 70.77 [92mK_combined: 0.8348 [92mK_eeg: 0.7943 [92mK_eog: 0.7636 [34mF1_perclass_combined: [93.34, 42.02, 88.01, 86.05, 89.85] [34mF1_perclass_eeg: [90.26, 34.89, 85.58, 85.32, 83.15] [34mF1_perclass_eog: [88.35, 15.34, 82.79, 80.27, 87.11] 
[37mEpoch 1 step 90 with [31mce_loss_combined : 0.320791 [31mce_loss_eeg : 0.528627 [31mce_loss_eog : 0.576732 [31mtotal : 1.426150 [94mAcc_combined: 88.27 [94mAcc_eeg: 85.56 [94mAcc_eog: 82.97 [92mF1_combined: 78.68 [92mF1_eeg: 75.46 [92mF1_eog: 69.13 [92mK_combined: 0.8359 [92mK_eeg: 0.7990 [92mK_eog: 0.7583 [34mF1_perclass_combined: [93.54, 36.33, 88.63, 85.13, 89.75] [34mF1_perclass_eeg: [90.2, 31.62, 86.59, 84.7, 84.19] [34mF1_perclass_eog: [88.65, 9.59, 83.25, 76.99, 87.18] 
[37mEpoch 1 step 91 with [31mce_loss_combined : 0.310850 [31mce_loss_eeg : 0.527803 [31mce_loss_eog : 0.567979 [31mtotal : 1.406633 [94mAcc_combined: 88.56 [94mAcc_eeg: 85.38 [94mAcc_eog: 83.41 [92mF1_combined: 79.42 [92mF1_eeg: 75.83 [92mF1_eog: 70.30 [92mK_combined: 0.8404 [92mK_eeg: 0.7966 [92mK_eog: 0.7669 [34mF1_perclass_combined: [93.73, 38.62, 88.86, 85.79, 90.1] [34mF1_perclass_eeg: [89.94, 34.45, 86.68, 84.83, 83.23] [34mF1_perclass_eog: [88.96, 12.2, 83.32, 79.78, 87.22] 
[37mEpoch 1 step 92 with [31mce_loss_combined : 0.306190 [31mce_loss_eeg : 0.522519 [31mce_loss_eog : 0.565803 [31mtotal : 1.394513 [94mAcc_combined: 88.66 [94mAcc_eeg: 85.64 [94mAcc_eog: 83.43 [92mF1_combined: 79.21 [92mF1_eeg: 76.02 [92mF1_eog: 70.08 [92mK_combined: 0.8417 [92mK_eeg: 0.8005 [92mK_eog: 0.7669 [34mF1_perclass_combined: [93.8, 37.1, 88.97, 85.97, 90.2] [34mF1_perclass_eeg: [90.21, 34.17, 86.79, 85.27, 83.67] [34mF1_perclass_eog: [88.93, 11.18, 83.45, 79.77, 87.07] 
[37mEpoch 1 step 93 with [31mce_loss_combined : 0.303395 [31mce_loss_eeg : 0.519330 [31mce_loss_eog : 0.563377 [31mtotal : 1.386102 [94mAcc_combined: 88.66 [94mAcc_eeg: 85.86 [94mAcc_eog: 83.58 [92mF1_combined: 79.84 [92mF1_eeg: 76.51 [92mF1_eog: 70.38 [92mK_combined: 0.8422 [92mK_eeg: 0.8040 [92mK_eog: 0.7689 [34mF1_perclass_combined: [93.81, 40.02, 88.84, 86.28, 90.27] [34mF1_perclass_eeg: [90.49, 35.37, 86.8, 85.58, 84.28] [34mF1_perclass_eog: [89.02, 12.45, 83.71, 79.32, 87.38] 
[37mEpoch 1 step 94 with [31mce_loss_combined : 0.301918 [31mce_loss_eeg : 0.518330 [31mce_loss_eog : 0.563650 [31mtotal : 1.383899 [94mAcc_combined: 88.72 [94mAcc_eeg: 85.81 [94mAcc_eog: 83.56 [92mF1_combined: 80.46 [92mF1_eeg: 76.68 [92mF1_eog: 70.88 [92mK_combined: 0.8433 [92mK_eeg: 0.8030 [92mK_eog: 0.7690 [34mF1_perclass_combined: [93.76, 43.07, 89.0, 86.22, 90.23] [34mF1_perclass_eeg: [90.24, 36.69, 86.94, 85.37, 84.18] [34mF1_perclass_eog: [88.88, 14.69, 83.59, 79.89, 87.33] 
[37mEpoch 1 step 95 with [31mce_loss_combined : 0.302067 [31mce_loss_eeg : 0.519128 [31mce_loss_eog : 0.562498 [31mtotal : 1.383693 [94mAcc_combined: 88.76 [94mAcc_eeg: 85.76 [94mAcc_eog: 83.66 [92mF1_combined: 80.47 [92mF1_eeg: 76.62 [92mF1_eog: 71.06 [92mK_combined: 0.8439 [92mK_eeg: 0.8022 [92mK_eog: 0.7709 [34mF1_perclass_combined: [93.71, 42.98, 89.04, 86.34, 90.28] [34mF1_perclass_eeg: [90.09, 36.67, 86.97, 85.32, 84.03] [34mF1_perclass_eog: [88.97, 15.24, 83.65, 80.04, 87.4] 
[37mEpoch 2 step 118 with [31mce_loss_combined : 0.329853 [31mce_loss_eeg : 0.498693 [31mce_loss_eog : 0.550616 [31mtotal : 1.379161 [94mAcc_combined: 87.98 [94mAcc_eeg: 85.21 [94mAcc_eog: 82.99 [92mF1_combined: 78.46 [92mF1_eeg: 75.95 [92mF1_eog: 69.78 [92mK_combined: 0.8336 [92mK_eeg: 0.7961 [92mK_eog: 0.7623 [34mF1_perclass_combined: [92.7, 35.84, 88.28, 85.69, 89.79] [34mF1_perclass_eeg: [89.9, 35.14, 85.94, 84.61, 84.15] [34mF1_perclass_eog: [87.86, 12.61, 83.35, 78.79, 86.28] 
[37mEpoch 2 step 120 with [31mce_loss_combined : 0.324740 [31mce_loss_eeg : 0.494480 [31mce_loss_eog : 0.540941 [31mtotal : 1.360161 [94mAcc_combined: 87.97 [94mAcc_eeg: 85.33 [94mAcc_eog: 83.07 [92mF1_combined: 80.73 [92mF1_eeg: 77.24 [92mF1_eog: 72.68 [92mK_combined: 0.8345 [92mK_eeg: 0.7979 [92mK_eog: 0.7641 [34mF1_perclass_combined: [93.16, 46.81, 88.21, 86.15, 89.33] [34mF1_perclass_eeg: [90.27, 41.31, 86.32, 84.82, 83.51] [34mF1_perclass_eog: [89.13, 26.95, 83.24, 77.75, 86.34] 
[37mEpoch 2 step 121 with [31mce_loss_combined : 0.312763 [31mce_loss_eeg : 0.492513 [31mce_loss_eog : 0.533495 [31mtotal : 1.338771 [94mAcc_combined: 88.41 [94mAcc_eeg: 85.38 [94mAcc_eog: 83.69 [92mF1_combined: 79.85 [92mF1_eeg: 76.89 [92mF1_eog: 71.77 [92mK_combined: 0.8391 [92mK_eeg: 0.7968 [92mK_eog: 0.7714 [34mF1_perclass_combined: [93.53, 40.68, 88.49, 86.44, 90.09] [34mF1_perclass_eeg: [90.4, 39.19, 86.15, 85.57, 83.16] [34mF1_perclass_eog: [89.22, 19.12, 83.67, 79.1, 87.75] 
[37mEpoch 2 step 122 with [31mce_loss_combined : 0.308390 [31mce_loss_eeg : 0.483425 [31mce_loss_eog : 0.537681 [31mtotal : 1.329496 [94mAcc_combined: 88.41 [94mAcc_eeg: 85.83 [94mAcc_eog: 83.16 [92mF1_combined: 80.43 [92mF1_eeg: 77.02 [92mF1_eog: 71.06 [92mK_combined: 0.8389 [92mK_eeg: 0.8027 [92mK_eog: 0.7615 [34mF1_perclass_combined: [93.52, 44.46, 88.8, 85.06, 90.31] [34mF1_perclass_eeg: [90.38, 38.63, 86.96, 84.24, 84.88] [34mF1_perclass_eog: [89.15, 19.14, 83.58, 76.29, 87.12] 
[37mEpoch 2 step 125 with [31mce_loss_combined : 0.304843 [31mce_loss_eeg : 0.480768 [31mce_loss_eog : 0.530265 [31mtotal : 1.315876 [94mAcc_combined: 88.61 [94mAcc_eeg: 85.91 [94mAcc_eog: 83.63 [92mF1_combined: 80.60 [92mF1_eeg: 77.35 [92mF1_eog: 71.90 [92mK_combined: 0.8426 [92mK_eeg: 0.8050 [92mK_eog: 0.7704 [34mF1_perclass_combined: [93.61, 43.77, 88.82, 86.36, 90.43] [34mF1_perclass_eeg: [90.64, 39.08, 86.65, 85.57, 84.82] [34mF1_perclass_eog: [88.94, 20.36, 83.9, 78.55, 87.72] 
[37mEpoch 2 step 128 with [31mce_loss_combined : 0.300998 [31mce_loss_eeg : 0.475316 [31mce_loss_eog : 0.527788 [31mtotal : 1.304103 [94mAcc_combined: 88.73 [94mAcc_eeg: 86.07 [94mAcc_eog: 83.78 [92mF1_combined: 80.45 [92mF1_eeg: 77.52 [92mF1_eog: 71.63 [92mK_combined: 0.8437 [92mK_eeg: 0.8070 [92mK_eog: 0.7718 [34mF1_perclass_combined: [93.76, 42.72, 88.92, 86.46, 90.39] [34mF1_perclass_eeg: [90.62, 39.5, 86.9, 85.65, 84.91] [34mF1_perclass_eog: [89.54, 18.19, 83.82, 78.86, 87.74] 
[37mEpoch 2 step 130 with [31mce_loss_combined : 0.302259 [31mce_loss_eeg : 0.478864 [31mce_loss_eog : 0.522271 [31mtotal : 1.303394 [94mAcc_combined: 88.67 [94mAcc_eeg: 85.95 [94mAcc_eog: 84.07 [92mF1_combined: 79.70 [92mF1_eeg: 77.05 [92mF1_eog: 72.00 [92mK_combined: 0.8420 [92mK_eeg: 0.8040 [92mK_eog: 0.7762 [34mF1_perclass_combined: [93.77, 39.3, 88.9, 86.27, 90.25] [34mF1_perclass_eeg: [90.69, 38.19, 86.91, 85.1, 84.34] [34mF1_perclass_eog: [89.63, 18.94, 84.16, 79.66, 87.61] 
[37mEpoch 2 step 131 with [31mce_loss_combined : 0.300549 [31mce_loss_eeg : 0.474514 [31mce_loss_eog : 0.522320 [31mtotal : 1.297384 [94mAcc_combined: 88.69 [94mAcc_eeg: 86.11 [94mAcc_eog: 83.97 [92mF1_combined: 80.13 [92mF1_eeg: 77.43 [92mF1_eog: 71.96 [92mK_combined: 0.8425 [92mK_eeg: 0.8069 [92mK_eog: 0.7746 [34mF1_perclass_combined: [93.73, 41.47, 88.96, 86.14, 90.33] [34mF1_perclass_eeg: [90.74, 39.24, 87.03, 85.08, 85.04] [34mF1_perclass_eog: [89.54, 19.07, 84.08, 79.41, 87.7] 
[37mEpoch 2 step 134 with [31mce_loss_combined : 0.301244 [31mce_loss_eeg : 0.474655 [31mce_loss_eog : 0.521464 [31mtotal : 1.297363 [94mAcc_combined: 88.67 [94mAcc_eeg: 86.16 [94mAcc_eog: 84.16 [92mF1_combined: 80.03 [92mF1_eeg: 77.35 [92mF1_eog: 72.09 [92mK_combined: 0.8428 [92mK_eeg: 0.8079 [92mK_eog: 0.7776 [34mF1_perclass_combined: [93.78, 40.82, 88.83, 86.45, 90.29] [34mF1_perclass_eeg: [90.77, 38.35, 86.93, 85.73, 84.95] [34mF1_perclass_eog: [89.78, 18.86, 84.18, 79.9, 87.73] 
[37mEpoch 2 step 135 with [31mce_loss_combined : 0.300599 [31mce_loss_eeg : 0.474469 [31mce_loss_eog : 0.521213 [31mtotal : 1.296282 [94mAcc_combined: 88.70 [94mAcc_eeg: 86.16 [94mAcc_eog: 84.18 [92mF1_combined: 80.15 [92mF1_eeg: 77.40 [92mF1_eog: 72.11 [92mK_combined: 0.8431 [92mK_eeg: 0.8078 [92mK_eog: 0.7780 [34mF1_perclass_combined: [93.79, 41.33, 88.86, 86.44, 90.32] [34mF1_perclass_eeg: [90.78, 38.63, 86.92, 85.67, 85.02] [34mF1_perclass_eog: [89.81, 18.84, 84.2, 79.9, 87.78] 
[37mEpoch 3 step 178 with [31mce_loss_combined : 0.312057 [31mce_loss_eeg : 0.453092 [31mce_loss_eog : 0.509877 [31mtotal : 1.275027 [94mAcc_combined: 88.19 [94mAcc_eeg: 85.71 [94mAcc_eog: 83.18 [92mF1_combined: 80.11 [92mF1_eeg: 77.26 [92mF1_eog: 71.51 [92mK_combined: 0.8349 [92mK_eeg: 0.8007 [92mK_eog: 0.7620 [34mF1_perclass_combined: [93.34, 43.69, 88.51, 84.81, 90.18] [34mF1_perclass_eeg: [90.49, 40.58, 86.81, 83.67, 84.73] [34mF1_perclass_eog: [89.31, 22.74, 83.72, 74.03, 87.76] 
[37mEpoch 3 step 180 with [31mce_loss_combined : 0.300469 [31mce_loss_eeg : 0.445388 [31mce_loss_eog : 0.493345 [31mtotal : 1.239202 [94mAcc_combined: 88.82 [94mAcc_eeg: 86.21 [94mAcc_eog: 83.99 [92mF1_combined: 81.06 [92mF1_eeg: 78.10 [92mF1_eog: 73.26 [92mK_combined: 0.8458 [92mK_eeg: 0.8093 [92mK_eog: 0.7768 [34mF1_perclass_combined: [93.92, 45.44, 88.95, 86.43, 90.58] [34mF1_perclass_eeg: [90.69, 41.83, 86.95, 85.72, 85.33] [34mF1_perclass_eog: [89.7, 25.54, 84.02, 79.4, 87.65] 
[37mEpoch 3 step 189 with [31mce_loss_combined : 0.299979 [31mce_loss_eeg : 0.447699 [31mce_loss_eog : 0.488798 [31mtotal : 1.236476 [94mAcc_combined: 88.85 [94mAcc_eeg: 86.22 [94mAcc_eog: 84.00 [92mF1_combined: 80.76 [92mF1_eeg: 77.45 [92mF1_eog: 72.06 [92mK_combined: 0.8456 [92mK_eeg: 0.8099 [92mK_eog: 0.7747 [34mF1_perclass_combined: [93.85, 43.94, 89.17, 86.41, 90.41] [34mF1_perclass_eeg: [90.89, 38.44, 87.02, 85.81, 85.07] [34mF1_perclass_eog: [89.66, 20.3, 84.33, 78.13, 87.87] 
[37mEpoch 3 step 197 with [31mce_loss_combined : 0.299486 [31mce_loss_eeg : 0.437477 [31mce_loss_eog : 0.479648 [31mtotal : 1.216611 [94mAcc_combined: 88.79 [94mAcc_eeg: 86.52 [94mAcc_eog: 84.48 [92mF1_combined: 79.83 [92mF1_eeg: 76.99 [92mF1_eog: 71.62 [92mK_combined: 0.8440 [92mK_eeg: 0.8123 [92mK_eog: 0.7819 [34mF1_perclass_combined: [93.75, 39.34, 88.97, 86.4, 90.71] [34mF1_perclass_eeg: [91.1, 34.96, 87.17, 85.62, 86.11] [34mF1_perclass_eog: [90.4, 15.27, 84.41, 79.65, 88.34] 
[37mEpoch 3 step 199 with [31mce_loss_combined : 0.294439 [31mce_loss_eeg : 0.430950 [31mce_loss_eog : 0.491023 [31mtotal : 1.216411 [94mAcc_combined: 88.92 [94mAcc_eeg: 86.52 [94mAcc_eog: 84.04 [92mF1_combined: 80.95 [92mF1_eeg: 78.13 [92mF1_eog: 72.71 [92mK_combined: 0.8464 [92mK_eeg: 0.8131 [92mK_eog: 0.7766 [34mF1_perclass_combined: [93.82, 44.51, 89.15, 86.56, 90.74] [34mF1_perclass_eeg: [90.9, 40.52, 87.18, 85.7, 86.33] [34mF1_perclass_eog: [89.37, 23.25, 84.34, 78.56, 88.01] 
[37mEpoch 3 step 201 with [31mce_loss_combined : 0.296180 [31mce_loss_eeg : 0.433153 [31mce_loss_eog : 0.481869 [31mtotal : 1.211203 [94mAcc_combined: 88.87 [94mAcc_eeg: 86.46 [94mAcc_eog: 84.21 [92mF1_combined: 80.60 [92mF1_eeg: 77.71 [92mF1_eog: 72.38 [92mK_combined: 0.8457 [92mK_eeg: 0.8119 [92mK_eog: 0.7778 [34mF1_perclass_combined: [93.72, 42.83, 89.11, 86.82, 90.51] [34mF1_perclass_eeg: [91.18, 38.86, 87.17, 85.79, 85.56] [34mF1_perclass_eog: [90.33, 22.04, 84.52, 77.06, 87.97] 
[37mEpoch 3 step 202 with [31mce_loss_combined : 0.293907 [31mce_loss_eeg : 0.431010 [31mce_loss_eog : 0.484450 [31mtotal : 1.209367 [94mAcc_combined: 88.98 [94mAcc_eeg: 86.55 [94mAcc_eog: 84.26 [92mF1_combined: 81.07 [92mF1_eeg: 78.16 [92mF1_eog: 72.97 [92mK_combined: 0.8474 [92mK_eeg: 0.8143 [92mK_eog: 0.7793 [34mF1_perclass_combined: [93.93, 44.81, 89.16, 86.69, 90.76] [34mF1_perclass_eeg: [90.92, 40.45, 87.18, 85.95, 86.29] [34mF1_perclass_eog: [89.68, 24.0, 84.68, 78.69, 87.83] 
[37mEpoch 3 step 204 with [31mce_loss_combined : 0.298089 [31mce_loss_eeg : 0.432681 [31mce_loss_eog : 0.477433 [31mtotal : 1.208203 [94mAcc_combined: 88.84 [94mAcc_eeg: 86.43 [94mAcc_eog: 84.55 [92mF1_combined: 80.40 [92mF1_eeg: 77.73 [92mF1_eog: 72.80 [92mK_combined: 0.8449 [92mK_eeg: 0.8116 [92mK_eog: 0.7832 [34mF1_perclass_combined: [93.86, 42.51, 89.19, 85.68, 90.75] [34mF1_perclass_eeg: [90.97, 39.39, 87.22, 84.76, 86.32] [34mF1_perclass_eog: [90.26, 21.63, 84.75, 79.29, 88.07] 
[37mEpoch 3 step 205 with [31mce_loss_combined : 0.294757 [31mce_loss_eeg : 0.430585 [31mce_loss_eog : 0.479131 [31mtotal : 1.204473 [94mAcc_combined: 88.98 [94mAcc_eeg: 86.55 [94mAcc_eog: 84.48 [92mF1_combined: 80.99 [92mF1_eeg: 78.14 [92mF1_eog: 72.88 [92mK_combined: 0.8476 [92mK_eeg: 0.8144 [92mK_eog: 0.7820 [34mF1_perclass_combined: [93.92, 44.24, 89.15, 86.79, 90.83] [34mF1_perclass_eeg: [90.91, 40.35, 87.18, 86.01, 86.28] [34mF1_perclass_eog: [90.15, 21.92, 84.62, 79.91, 87.78] 
[37mEpoch 3 step 208 with [31mce_loss_combined : 0.292079 [31mce_loss_eeg : 0.428565 [31mce_loss_eog : 0.475935 [31mtotal : 1.196580 [94mAcc_combined: 89.05 [94mAcc_eeg: 86.54 [94mAcc_eog: 84.60 [92mF1_combined: 80.50 [92mF1_eeg: 77.70 [92mF1_eog: 72.38 [92mK_combined: 0.8476 [92mK_eeg: 0.8129 [92mK_eog: 0.7839 [34mF1_perclass_combined: [94.1, 41.78, 89.23, 86.55, 90.86] [34mF1_perclass_eeg: [90.97, 38.28, 87.26, 85.76, 86.23] [34mF1_perclass_eog: [90.44, 18.28, 84.44, 80.38, 88.36] 
[37mEpoch 3 step 209 with [31mce_loss_combined : 0.292529 [31mce_loss_eeg : 0.428123 [31mce_loss_eog : 0.475157 [31mtotal : 1.195809 [94mAcc_combined: 88.98 [94mAcc_eeg: 86.53 [94mAcc_eog: 84.56 [92mF1_combined: 80.42 [92mF1_eeg: 77.67 [92mF1_eog: 72.04 [92mK_combined: 0.8463 [92mK_eeg: 0.8127 [92mK_eog: 0.7829 [34mF1_perclass_combined: [94.1, 41.92, 89.23, 86.04, 90.83] [34mF1_perclass_eeg: [91.06, 38.48, 87.26, 85.19, 86.37] [34mF1_perclass_eog: [90.46, 17.16, 84.52, 79.73, 88.32] 
[37mEpoch 3 step 210 with [31mce_loss_combined : 0.289959 [31mce_loss_eeg : 0.427656 [31mce_loss_eog : 0.474632 [31mtotal : 1.192247 [94mAcc_combined: 89.04 [94mAcc_eeg: 86.61 [94mAcc_eog: 84.65 [92mF1_combined: 80.75 [92mF1_eeg: 78.00 [92mF1_eog: 72.58 [92mK_combined: 0.8477 [92mK_eeg: 0.8141 [92mK_eog: 0.7847 [34mF1_perclass_combined: [94.1, 42.98, 89.25, 86.52, 90.88] [34mF1_perclass_eeg: [91.11, 39.62, 87.29, 85.57, 86.39] [34mF1_perclass_eog: [90.41, 19.23, 84.56, 80.36, 88.36] 
[37mEpoch 3 step 211 with [31mce_loss_combined : 0.289869 [31mce_loss_eeg : 0.427574 [31mce_loss_eog : 0.473570 [31mtotal : 1.191012 [94mAcc_combined: 89.12 [94mAcc_eeg: 86.58 [94mAcc_eog: 84.70 [92mF1_combined: 80.92 [92mF1_eeg: 78.01 [92mF1_eog: 72.68 [92mK_combined: 0.8489 [92mK_eeg: 0.8137 [92mK_eog: 0.7860 [34mF1_perclass_combined: [94.05, 43.61, 89.35, 86.65, 90.93] [34mF1_perclass_eeg: [90.93, 39.93, 87.34, 85.49, 86.33] [34mF1_perclass_eog: [90.36, 19.42, 84.58, 80.66, 88.36] 
[37mEpoch 5 step 299 with [31mce_loss_combined : 0.296041 [31mce_loss_eeg : 0.409565 [31mce_loss_eog : 0.466878 [31mtotal : 1.172484 [94mAcc_combined: 88.92 [94mAcc_eeg: 86.51 [94mAcc_eog: 84.28 [92mF1_combined: 80.92 [92mF1_eeg: 78.07 [92mF1_eog: 73.47 [92mK_combined: 0.8464 [92mK_eeg: 0.8130 [92mK_eog: 0.7807 [34mF1_perclass_combined: [93.74, 44.4, 89.18, 86.62, 90.67] [34mF1_perclass_eeg: [90.88, 40.36, 87.3, 85.47, 86.35] [34mF1_perclass_eog: [89.68, 25.21, 84.28, 79.69, 88.51] 
[37mEpoch 5 step 321 with [31mce_loss_combined : 0.293327 [31mce_loss_eeg : 0.415001 [31mce_loss_eog : 0.458467 [31mtotal : 1.166795 [94mAcc_combined: 88.87 [94mAcc_eeg: 86.47 [94mAcc_eog: 84.33 [92mF1_combined: 80.36 [92mF1_eeg: 77.93 [92mF1_eog: 72.14 [92mK_combined: 0.8453 [92mK_eeg: 0.8129 [92mK_eog: 0.7789 [34mF1_perclass_combined: [93.88, 41.95, 89.13, 86.05, 90.81] [34mF1_perclass_eeg: [91.02, 39.87, 87.05, 85.15, 86.56] [34mF1_perclass_eog: [90.26, 19.26, 84.56, 78.4, 88.21] 
[37mEpoch 5 step 322 with [31mce_loss_combined : 0.289994 [31mce_loss_eeg : 0.408219 [31mce_loss_eog : 0.457239 [31mtotal : 1.155451 [94mAcc_combined: 89.10 [94mAcc_eeg: 86.71 [94mAcc_eog: 84.58 [92mF1_combined: 80.73 [92mF1_eeg: 77.99 [92mF1_eog: 72.13 [92mK_combined: 0.8489 [92mK_eeg: 0.8166 [92mK_eog: 0.7837 [34mF1_perclass_combined: [94.22, 42.48, 89.13, 86.86, 90.98] [34mF1_perclass_eeg: [91.26, 38.82, 87.12, 85.94, 86.82] [34mF1_perclass_eog: [90.04, 17.82, 84.71, 79.74, 88.36] 
[37mEpoch 5 step 324 with [31mce_loss_combined : 0.289187 [31mce_loss_eeg : 0.407219 [31mce_loss_eog : 0.455605 [31mtotal : 1.152011 [94mAcc_combined: 89.26 [94mAcc_eeg: 86.83 [94mAcc_eog: 84.51 [92mF1_combined: 81.47 [92mF1_eeg: 78.95 [92mF1_eog: 72.21 [92mK_combined: 0.8510 [92mK_eeg: 0.8177 [92mK_eog: 0.7825 [34mF1_perclass_combined: [94.34, 45.8, 89.49, 86.7, 90.99] [34mF1_perclass_eeg: [91.26, 43.19, 87.44, 85.83, 87.02] [34mF1_perclass_eog: [90.63, 17.56, 84.34, 80.36, 88.13] 
[37mEpoch 5 step 327 with [31mce_loss_combined : 0.290052 [31mce_loss_eeg : 0.407719 [31mce_loss_eog : 0.450857 [31mtotal : 1.148628 [94mAcc_combined: 89.17 [94mAcc_eeg: 86.73 [94mAcc_eog: 84.75 [92mF1_combined: 80.71 [92mF1_eeg: 78.25 [92mF1_eog: 72.74 [92mK_combined: 0.8499 [92mK_eeg: 0.8158 [92mK_eog: 0.7882 [34mF1_perclass_combined: [94.22, 42.19, 89.25, 86.9, 91.02] [34mF1_perclass_eeg: [91.16, 40.22, 87.28, 86.01, 86.61] [34mF1_perclass_eog: [90.22, 19.47, 84.64, 80.93, 88.45] 
[37mEpoch 5 step 335 with [31mce_loss_combined : 0.288286 [31mce_loss_eeg : 0.405769 [31mce_loss_eog : 0.445179 [31mtotal : 1.139234 [94mAcc_combined: 89.08 [94mAcc_eeg: 86.72 [94mAcc_eog: 84.88 [92mF1_combined: 81.21 [92mF1_eeg: 78.88 [92mF1_eog: 74.18 [92mK_combined: 0.8484 [92mK_eeg: 0.8159 [92mK_eog: 0.7875 [34mF1_perclass_combined: [94.11, 45.2, 89.31, 86.82, 90.63] [34mF1_perclass_eeg: [91.31, 43.48, 87.32, 85.82, 86.48] [34mF1_perclass_eog: [91.3, 27.73, 85.08, 78.35, 88.44] 
[37mEpoch 6 step 350 with [31mce_loss_combined : 0.287789 [31mce_loss_eeg : 0.405653 [31mce_loss_eog : 0.445171 [31mtotal : 1.138613 [94mAcc_combined: 89.04 [94mAcc_eeg: 86.78 [94mAcc_eog: 84.94 [92mF1_combined: 81.43 [92mF1_eeg: 79.29 [92mF1_eog: 74.36 [92mK_combined: 0.8476 [92mK_eeg: 0.8168 [92mK_eog: 0.7889 [34mF1_perclass_combined: [94.28, 46.55, 89.31, 86.24, 90.79] [34mF1_perclass_eeg: [91.26, 45.36, 87.42, 85.43, 86.97] [34mF1_perclass_eog: [91.24, 27.73, 84.97, 79.37, 88.51] 
[37mEpoch 6 step 353 with [31mce_loss_combined : 0.289150 [31mce_loss_eeg : 0.404312 [31mce_loss_eog : 0.441117 [31mtotal : 1.134579 [94mAcc_combined: 89.01 [94mAcc_eeg: 87.02 [94mAcc_eog: 85.11 [92mF1_combined: 81.28 [92mF1_eeg: 79.19 [92mF1_eog: 74.53 [92mK_combined: 0.8479 [92mK_eeg: 0.8205 [92mK_eog: 0.7922 [34mF1_perclass_combined: [93.97, 45.47, 89.07, 86.95, 90.94] [34mF1_perclass_eeg: [91.8, 43.77, 87.48, 86.07, 86.85] [34mF1_perclass_eog: [91.22, 27.45, 85.03, 80.26, 88.68] 
[37mEpoch 6 step 355 with [31mce_loss_combined : 0.285980 [31mce_loss_eeg : 0.401366 [31mce_loss_eog : 0.442779 [31mtotal : 1.130125 [94mAcc_combined: 89.09 [94mAcc_eeg: 87.07 [94mAcc_eog: 84.96 [92mF1_combined: 81.36 [92mF1_eeg: 79.36 [92mF1_eog: 74.04 [92mK_combined: 0.8489 [92mK_eeg: 0.8210 [92mK_eog: 0.7895 [34mF1_perclass_combined: [94.15, 45.82, 89.24, 86.58, 90.99] [34mF1_perclass_eeg: [91.86, 44.57, 87.62, 85.77, 86.98] [34mF1_perclass_eog: [91.08, 25.81, 84.95, 79.69, 88.68] 
[37mEpoch 6 step 356 with [31mce_loss_combined : 0.284557 [31mce_loss_eeg : 0.403169 [31mce_loss_eog : 0.442206 [31mtotal : 1.129932 [94mAcc_combined: 89.21 [94mAcc_eeg: 87.06 [94mAcc_eog: 84.93 [92mF1_combined: 81.01 [92mF1_eeg: 78.84 [92mF1_eog: 73.91 [92mK_combined: 0.8502 [92mK_eeg: 0.8203 [92mK_eog: 0.7891 [34mF1_perclass_combined: [94.22, 43.49, 89.3, 86.9, 91.14] [34mF1_perclass_eeg: [92.03, 42.01, 87.57, 86.01, 86.6] [34mF1_perclass_eog: [90.94, 25.3, 84.94, 79.61, 88.75] 
[37mEpoch 6 step 363 with [31mce_loss_combined : 0.285639 [31mce_loss_eeg : 0.401406 [31mce_loss_eog : 0.441769 [31mtotal : 1.128814 [94mAcc_combined: 89.14 [94mAcc_eeg: 86.91 [94mAcc_eog: 85.04 [92mF1_combined: 80.92 [92mF1_eeg: 78.65 [92mF1_eog: 73.86 [92mK_combined: 0.8495 [92mK_eeg: 0.8183 [92mK_eog: 0.7907 [34mF1_perclass_combined: [94.13, 43.26, 89.24, 86.98, 91.0] [34mF1_perclass_eeg: [91.58, 41.61, 87.47, 86.09, 86.48] [34mF1_perclass_eog: [91.02, 24.52, 85.0, 80.21, 88.57] 
[37mEpoch 6 step 364 with [31mce_loss_combined : 0.284618 [31mce_loss_eeg : 0.399570 [31mce_loss_eog : 0.440992 [31mtotal : 1.125181 [94mAcc_combined: 89.17 [94mAcc_eeg: 86.89 [94mAcc_eog: 85.06 [92mF1_combined: 80.86 [92mF1_eeg: 78.50 [92mF1_eog: 73.80 [92mK_combined: 0.8495 [92mK_eeg: 0.8181 [92mK_eog: 0.7909 [34mF1_perclass_combined: [94.16, 42.97, 89.31, 86.88, 90.98] [34mF1_perclass_eeg: [91.4, 40.92, 87.49, 85.84, 86.88] [34mF1_perclass_eog: [91.08, 24.08, 85.02, 80.27, 88.55] 
[37mEpoch 6 step 373 with [31mce_loss_combined : 0.285447 [31mce_loss_eeg : 0.400164 [31mce_loss_eog : 0.439450 [31mtotal : 1.125061 [94mAcc_combined: 89.14 [94mAcc_eeg: 87.09 [94mAcc_eog: 85.15 [92mF1_combined: 80.83 [92mF1_eeg: 78.54 [92mF1_eog: 74.03 [92mK_combined: 0.8494 [92mK_eeg: 0.8212 [92mK_eog: 0.7922 [34mF1_perclass_combined: [94.19, 42.76, 89.18, 87.0, 91.03] [34mF1_perclass_eeg: [91.76, 40.1, 87.56, 86.26, 87.01] [34mF1_perclass_eog: [91.28, 25.01, 85.1, 80.26, 88.53] 
[37mEpoch 6 step 374 with [31mce_loss_combined : 0.284500 [31mce_loss_eeg : 0.399376 [31mce_loss_eog : 0.439400 [31mtotal : 1.123275 [94mAcc_combined: 89.19 [94mAcc_eeg: 87.09 [94mAcc_eog: 85.11 [92mF1_combined: 80.97 [92mF1_eeg: 78.60 [92mF1_eog: 74.07 [92mK_combined: 0.8501 [92mK_eeg: 0.8212 [92mK_eog: 0.7916 [34mF1_perclass_combined: [94.19, 43.35, 89.29, 86.97, 91.03] [34mF1_perclass_eeg: [91.68, 40.44, 87.59, 86.23, 87.07] [34mF1_perclass_eog: [91.13, 25.57, 85.18, 79.89, 88.58] 
[37mEpoch 9 step 554 with [31mce_loss_combined : 0.285040 [31mce_loss_eeg : 0.395664 [31mce_loss_eog : 0.435015 [31mtotal : 1.115720 [94mAcc_combined: 89.24 [94mAcc_eeg: 86.71 [94mAcc_eog: 84.90 [92mF1_combined: 81.55 [92mF1_eeg: 78.80 [92mF1_eog: 74.12 [92mK_combined: 0.8509 [92mK_eeg: 0.8165 [92mK_eog: 0.7896 [34mF1_perclass_combined: [94.36, 46.4, 89.36, 86.55, 91.07] [34mF1_perclass_eeg: [91.36, 43.22, 87.19, 85.3, 86.94] [34mF1_perclass_eog: [91.13, 26.15, 84.79, 80.26, 88.27] 
[37mEpoch 9 step 557 with [31mce_loss_combined : 0.288206 [31mce_loss_eeg : 0.394657 [31mce_loss_eog : 0.432301 [31mtotal : 1.115164 [94mAcc_combined: 89.29 [94mAcc_eeg: 86.94 [94mAcc_eog: 85.13 [92mF1_combined: 81.44 [92mF1_eeg: 78.96 [92mF1_eog: 74.30 [92mK_combined: 0.8510 [92mK_eeg: 0.8187 [92mK_eog: 0.7914 [34mF1_perclass_combined: [94.43, 46.09, 89.59, 85.95, 91.13] [34mF1_perclass_eeg: [91.38, 43.31, 87.65, 85.02, 87.41] [34mF1_perclass_eog: [91.46, 27.63, 85.37, 78.64, 88.42] 
[37mEpoch 10 step 583 with [31mce_loss_combined : 0.288242 [31mce_loss_eeg : 0.396615 [31mce_loss_eog : 0.428148 [31mtotal : 1.113005 [94mAcc_combined: 89.19 [94mAcc_eeg: 86.94 [94mAcc_eog: 85.20 [92mF1_combined: 81.44 [92mF1_eeg: 79.04 [92mF1_eog: 74.32 [92mK_combined: 0.8506 [92mK_eeg: 0.8197 [92mK_eog: 0.7934 [34mF1_perclass_combined: [94.48, 45.56, 89.13, 86.92, 91.09] [34mF1_perclass_eeg: [91.33, 42.94, 87.38, 86.29, 87.25] [34mF1_perclass_eog: [91.58, 26.56, 85.17, 79.85, 88.44] 
[37mEpoch 10 step 590 with [31mce_loss_combined : 0.287509 [31mce_loss_eeg : 0.382738 [31mce_loss_eog : 0.437303 [31mtotal : 1.107550 [94mAcc_combined: 89.23 [94mAcc_eeg: 87.23 [94mAcc_eog: 84.85 [92mF1_combined: 81.41 [92mF1_eeg: 79.05 [92mF1_eog: 74.43 [92mK_combined: 0.8508 [92mK_eeg: 0.8228 [92mK_eog: 0.7891 [34mF1_perclass_combined: [94.19, 45.55, 89.31, 86.82, 91.17] [34mF1_perclass_eeg: [91.95, 42.31, 87.76, 86.0, 87.22] [34mF1_perclass_eog: [90.57, 28.21, 85.02, 79.8, 88.54] 
[37mEpoch 10 step 609 with [31mce_loss_combined : 0.288018 [31mce_loss_eeg : 0.383707 [31mce_loss_eog : 0.429162 [31mtotal : 1.100887 [94mAcc_combined: 89.22 [94mAcc_eeg: 87.19 [94mAcc_eog: 85.10 [92mF1_combined: 81.65 [92mF1_eeg: 79.51 [92mF1_eog: 74.33 [92mK_combined: 0.8510 [92mK_eeg: 0.8227 [92mK_eog: 0.7928 [34mF1_perclass_combined: [94.28, 46.86, 89.35, 86.58, 91.16] [34mF1_perclass_eeg: [91.78, 44.69, 87.74, 85.93, 87.4] [34mF1_perclass_eog: [91.13, 27.03, 85.22, 79.8, 88.49] 
[37mEpoch 10 step 613 with [31mce_loss_combined : 0.286700 [31mce_loss_eeg : 0.384302 [31mce_loss_eog : 0.427485 [31mtotal : 1.098487 [94mAcc_combined: 89.18 [94mAcc_eeg: 87.09 [94mAcc_eog: 85.22 [92mF1_combined: 81.50 [92mF1_eeg: 79.25 [92mF1_eog: 73.94 [92mK_combined: 0.8496 [92mK_eeg: 0.8212 [92mK_eog: 0.7932 [34mF1_perclass_combined: [94.43, 46.23, 89.29, 86.48, 91.05] [34mF1_perclass_eeg: [91.51, 43.78, 87.58, 85.65, 87.73] [34mF1_perclass_eog: [91.45, 24.18, 85.1, 80.48, 88.47] 
[37mEpoch 10 step 615 with [31mce_loss_combined : 0.284066 [31mce_loss_eeg : 0.384408 [31mce_loss_eog : 0.424206 [31mtotal : 1.092679 [94mAcc_combined: 89.36 [94mAcc_eeg: 87.07 [94mAcc_eog: 85.32 [92mF1_combined: 81.22 [92mF1_eeg: 78.89 [92mF1_eog: 73.71 [92mK_combined: 0.8517 [92mK_eeg: 0.8200 [92mK_eog: 0.7947 [34mF1_perclass_combined: [94.52, 44.54, 89.57, 86.24, 91.24] [34mF1_perclass_eeg: [91.46, 42.43, 87.7, 85.19, 87.69] [34mF1_perclass_eog: [91.72, 22.45, 85.15, 80.55, 88.66] 
[37mEpoch 10 step 617 with [31mce_loss_combined : 0.281140 [31mce_loss_eeg : 0.383915 [31mce_loss_eog : 0.420923 [31mtotal : 1.085979 [94mAcc_combined: 89.39 [94mAcc_eeg: 87.18 [94mAcc_eog: 85.43 [92mF1_combined: 81.48 [92mF1_eeg: 79.09 [92mF1_eog: 73.55 [92mK_combined: 0.8529 [92mK_eeg: 0.8226 [92mK_eog: 0.7961 [34mF1_perclass_combined: [94.53, 45.27, 89.53, 86.99, 91.08] [34mF1_perclass_eeg: [91.52, 42.59, 87.68, 86.06, 87.58] [34mF1_perclass_eog: [91.75, 21.48, 85.31, 80.54, 88.69] 
[37mEpoch 11 step 644 with [31mce_loss_combined : 0.282616 [31mce_loss_eeg : 0.378984 [31mce_loss_eog : 0.419981 [31mtotal : 1.081582 [94mAcc_combined: 89.33 [94mAcc_eeg: 87.37 [94mAcc_eog: 85.47 [92mF1_combined: 81.85 [92mF1_eeg: 79.58 [92mF1_eog: 74.99 [92mK_combined: 0.8523 [92mK_eeg: 0.8253 [92mK_eog: 0.7973 [34mF1_perclass_combined: [94.27, 47.24, 89.38, 87.04, 91.3] [34mF1_perclass_eeg: [92.07, 44.18, 87.83, 86.25, 87.57] [34mF1_perclass_eog: [91.8, 28.71, 85.43, 80.09, 88.92] 
[37mEpoch 11 step 655 with [31mce_loss_combined : 0.279463 [31mce_loss_eeg : 0.379932 [31mce_loss_eog : 0.420548 [31mtotal : 1.079944 [94mAcc_combined: 89.40 [94mAcc_eeg: 87.44 [94mAcc_eog: 85.58 [92mF1_combined: 81.32 [92mF1_eeg: 79.36 [92mF1_eog: 74.64 [92mK_combined: 0.8527 [92mK_eeg: 0.8256 [92mK_eog: 0.7986 [34mF1_perclass_combined: [94.47, 44.5, 89.5, 86.89, 91.23] [34mF1_perclass_eeg: [92.09, 43.21, 87.99, 85.88, 87.62] [34mF1_perclass_eog: [91.93, 26.29, 85.46, 80.67, 88.87] 
[37mEpoch 11 step 663 with [31mce_loss_combined : 0.280890 [31mce_loss_eeg : 0.376873 [31mce_loss_eog : 0.418638 [31mtotal : 1.076401 [94mAcc_combined: 89.36 [94mAcc_eeg: 87.43 [94mAcc_eog: 85.57 [92mF1_combined: 81.38 [92mF1_eeg: 79.07 [92mF1_eog: 74.76 [92mK_combined: 0.8526 [92mK_eeg: 0.8258 [92mK_eog: 0.7986 [34mF1_perclass_combined: [94.41, 44.69, 89.39, 87.18, 91.23] [34mF1_perclass_eeg: [92.14, 41.22, 87.8, 86.32, 87.86] [34mF1_perclass_eog: [91.99, 26.61, 85.35, 80.83, 89.0] 
[37mEpoch 11 step 664 with [31mce_loss_combined : 0.280509 [31mce_loss_eeg : 0.376919 [31mce_loss_eog : 0.417710 [31mtotal : 1.075138 [94mAcc_combined: 89.45 [94mAcc_eeg: 87.50 [94mAcc_eog: 85.52 [92mF1_combined: 81.76 [92mF1_eeg: 79.37 [92mF1_eog: 75.11 [92mK_combined: 0.8540 [92mK_eeg: 0.8270 [92mK_eog: 0.7977 [34mF1_perclass_combined: [94.44, 46.42, 89.5, 87.22, 91.22] [34mF1_perclass_eeg: [92.2, 42.66, 87.86, 86.33, 87.81] [34mF1_perclass_eog: [91.93, 29.18, 85.49, 80.03, 88.92] 
[37mEpoch 11 step 675 with [31mce_loss_combined : 0.278705 [31mce_loss_eeg : 0.374808 [31mce_loss_eog : 0.417546 [31mtotal : 1.071059 [94mAcc_combined: 89.43 [94mAcc_eeg: 87.54 [94mAcc_eog: 85.56 [92mF1_combined: 81.48 [92mF1_eeg: 79.41 [92mF1_eog: 74.35 [92mK_combined: 0.8531 [92mK_eeg: 0.8271 [92mK_eog: 0.7982 [34mF1_perclass_combined: [94.54, 45.23, 89.59, 86.81, 91.22] [34mF1_perclass_eeg: [92.22, 43.01, 88.09, 85.88, 87.87] [34mF1_perclass_eog: [92.0, 24.85, 85.4, 80.61, 88.88] 
[37mEpoch 11 step 676 with [31mce_loss_combined : 0.277611 [31mce_loss_eeg : 0.376307 [31mce_loss_eog : 0.416529 [31mtotal : 1.070447 [94mAcc_combined: 89.48 [94mAcc_eeg: 87.51 [94mAcc_eog: 85.60 [92mF1_combined: 81.71 [92mF1_eeg: 79.56 [92mF1_eog: 74.54 [92mK_combined: 0.8540 [92mK_eeg: 0.8268 [92mK_eog: 0.7990 [34mF1_perclass_combined: [94.51, 46.22, 89.64, 86.91, 91.26] [34mF1_perclass_eeg: [92.07, 43.87, 88.09, 85.88, 87.88] [34mF1_perclass_eog: [91.94, 25.7, 85.46, 80.72, 88.88] 
{'val_loss': {'ce_loss_combined': 0.27761084, 'ce_loss_eeg': 0.37630653, 'ce_loss_eog': 0.41652936, 'total': 1.0704467}, 'val_acc': {'combined': 0.894803009305088, 'eeg': 0.8751336369035835, 'eog': 0.8559592159968323}, 'val_f1': {'combined': 0.8170622567636829, 'eeg': 0.7955879990582126, 'eog': 0.7453904900491419}, 'val_k': {'combined': 0.8539915862311539, 'eeg': 0.8267851855003483, 'eog': 0.7990048791101326}, 'val_perclassf1': {'combined': array([0.94512038, 0.46216041, 0.89639468, 0.86906733, 0.91256848]), 'eeg': array([0.92066951, 0.43872026, 0.88093281, 0.85880509, 0.87881233]), 'eog': array([0.91937253, 0.25701029, 0.85455077, 0.80722226, 0.8887966 ])}}
We are in the final state.
Job finished
