Starting Job
/users/sista/kkontras/Documents/Sleep_Project/main_paper_3.py
/esat/smcdata/users/kkontras/Image_Dataset/no_backup/envs/gl_env/bin/python
Python 3.7.10
/users/sista/kkontras/Documents/Sleep_Project
1
 THE Configuration of your experiment ..
{'agent': 'Sleep_Agent_Init_Train',
 'augmentation': {},
 'channel': 0,
 'dataset': {'cache_datasets': {'test': False, 'train': False, 'valid': False},
             'data_roots': '/esat/biomeddata/SHHS_Dataset/no_backup',
             'data_split': {'split_method': 'patients_test',
                            'test_split_rate': 0.3,
                            'val_split_rate': 0.026},
             'data_view_dir': [{'data_type': 'stft',
                                'list_dir': 'patient_mat_list.txt',
                                'mod': 'eeg',
                                'num_ch': 1},
                               {'data_type': 'stft',
                                'list_dir': 'patient_eog_mat_list.txt',
                                'mod': 'eog',
                                'num_ch': 1}],
             'dataloader_class': 'SleepDataLoader_mat_huy',
             'huy_data': True,
             'inner_overlap': [0.5, 0.5],
             'keep_view': [1, 0],
             'seq_length': [40, 0],
             'seq_views': [False],
             'shuffle_train': True},
 'early_stopping': {'log_interval': 10,
                    'max_epoch': 1000,
                    'n_steps_stop': 250,
                    'n_steps_stop_after': 400,
                    'save_every': 1,
                    'validate_after': 0,
                    'validate_every': 400},
 'exp_name': 'Sleep EEG-EOG BLIP Experiment',
 'lr_finder': False,
 'lr_finder_steps': 100,
 'mode': 'train',
 'model': {'args': {'augment_within': False,
                    'dmodel': 128,
                    'dropout': 0.3,
                    'fc_inner': 1024,
                    'ignore_alignment_val': True,
                    'multi_loss': {'multi_loss_weights': {'alignment_loss': 0.1,
                                                          'multi_supervised_loss': {'combined': 1,
                                                                                    'eeg': 1,
                                                                                    'eog': 1},
                                                          'order_loss': 0}},
                    'num_classes': 5,
                    'shared_pred': False,
                    'three_modes': True,
                    'training_type': 'alignment_order_multisupervised'},
           'encoders': [{'args': {'align_inner': True,
                                  'd_model': 128,
                                  'dim_feedforward': 1024,
                                  'dim_proj': 128,
                                  'dropout': 0.3,
                                  'inner_biased': False,
                                  'mod_token': False,
                                  'num_heads': 8,
                                  'num_layers': 4,
                                  'outer_biased': False,
                                  'outer_rep': False,
                                  'pos': False,
                                  'rpos': True,
                                  'shared': True,
                                  'skip_random_mod': False},
                         'encoders': [],
                         'freeze_encoder': False,
                         'model': 'SleepEnc_BLIP_EEG_EOG_shared_free_cliplike',
                         'pretrainedEncoder': {'dir': '', 'use': False},
                         'savetrainedEncoder': {'dir': '', 'save': False}}],
           'load_ongoing': False,
           'model_class': 'EEG_SLEEP_BLIP_GM_MultiMode',
           'pretrained_model': {'dir': '', 'use': False},
           'save_dir': '/esat/smcdata/users/kkontras/Image_Dataset/no_backup/data/2021_data/shhs1/multi_modal/paper_models/fourier_transformer_eeg_eog_mat_BLIP_al01_shared_b16_freetrain_rpos_nopos_nonsharedpreds_drop03_aligninner_al40_trial1_pt.pth.tar'},
 'normalization': {'calculate_metrics': False,
                   'dir': '/esat/biomeddata/SHHS_Dataset/no_backup/metrics_eeg_eog_emg_stft.pkl',
                   'metrics_type': 'train_dataset',
                   'save_metrics': False,
                   'use': True},
 'num_classes': 5,
 'num_modalities': 1,
 'optimizer': {'beta1': 0.9,
               'beta2': 0.999,
               'learning_rate': 0.0001,
               'momentum': 0.2,
               'type': 'Adam',
               'weight_decay': 0.0001},
 'plots': {'plot_stft_num': 0, 'save': False},
 'post_proc': {'post_proc_step': 15,
               'test_postprocessing': False,
               'val_postprocessing': False},
 'scheduler': {'max_lr': 0.03, 'type': 'cosanneal', 'warm_up': 55},
 'statistics': {'ce_weights': {'temp': 0.1, 'use': False}, 'print': False},
 'training_params': {'adversarial_training': {'adv_epsilon': 0.01,
                                              'use': False},
                     'async_loading': True,
                     'batch_size': 16,
                     'cuda': True,
                     'data_loader_workers': 8,
                     'gpu_device': [0],
                     'pin_memory': True,
                     'rec_test': False,
                     'res': True,
                     'seed': 28,
                     'tdqm_disable': True,
                     'test_batch_size': 16,
                     'test_on_tops': True,
                     'use_test_set': True,
                     'validation': True,
                     'verbose': True,
                     'wandb_disable': False}}
 *************************************** 
The experiment name is Sleep EEG-EOG BLIP Experiment
 *************************************** 
stft_eeg Train 3724 validation 100 test 1639
stft_eog Train 3724 validation 100 test 1639
{'use_type': False, 'skip_skips': True}
{'use_type': False, 'skip_skips': True}
{'use_type': False, 'skip_skips': True}
{'use_type': False, 'skip_skips': True}
Loading metrics from /esat/biomeddata/SHHS_Dataset/no_backup/metrics_eeg_eog_emg_stft.pkl
Weights are [1. 1. 1. 1. 1.]
5822
400
15
tensor([1., 1., 1., 1., 1.], device='cuda:0')
We are not shuffling the data
Training function is sleep_train_one_step_alignment_order_multisupervised
Loss Weights are {'combined': 1, 'eeg': 1, 'eog': 1, 'alignments': 0.1, 'order': 0, 'consistency': 0, 'reconstruction': 0}
We are not shuffling the data
<class 'graphs.models.attention_models.BLIP.SleepEnc_BLIP_EEG_EOG_shared_free_cliplike'>
Total number of trainable parameters are: 10001935
Available cuda devices: 1, current device:0
Total number of trainable parameters are: 10001935
[37mEpoch 0 step 1 with [31mce_loss_combined : 0.736263 [31mce_loss_eeg : 1.176155 [31mce_loss_eog : 1.246863 [31mtotal : 3.159281 [94mAcc_combined: 71.16 [94mAcc_eeg: 70.94 [94mAcc_eog: 61.68 [92mF1_combined: 51.38 [92mF1_eeg: 51.90 [92mF1_eog: 39.85 [92mK_combined: 0.5749 [92mK_eeg: 0.5733 [92mK_eog: 0.4081 [34mF1_perclass_combined: [81.08, 0.0, 77.08, 41.0, 57.72] [34mF1_perclass_eeg: [82.67, 0.0, 75.57, 53.2, 48.07] [34mF1_perclass_eog: [76.44, 0.0, 68.06, 17.72, 37.02] 
[37mEpoch 0 step 2 with [31mce_loss_combined : 0.472780 [31mce_loss_eeg : 1.077642 [31mce_loss_eog : 1.117723 [31mtotal : 2.668145 [94mAcc_combined: 83.41 [94mAcc_eeg: 78.97 [94mAcc_eog: 74.48 [92mF1_combined: 69.64 [92mF1_eeg: 63.20 [92mF1_eog: 59.32 [92mK_combined: 0.7691 [92mK_eeg: 0.7047 [92mK_eog: 0.6371 [34mF1_perclass_combined: [89.76, 10.55, 84.06, 83.59, 80.25] [34mF1_perclass_eeg: [85.55, 0.0, 80.6, 82.88, 66.98] [34mF1_perclass_eog: [79.26, 0.0, 77.47, 71.82, 68.05] 
[37mEpoch 0 step 3 with [31mce_loss_combined : 0.449427 [31mce_loss_eeg : 1.042523 [31mce_loss_eog : 1.066795 [31mtotal : 2.558745 [94mAcc_combined: 84.19 [94mAcc_eeg: 79.95 [94mAcc_eog: 78.02 [92mF1_combined: 69.22 [92mF1_eeg: 64.29 [92mF1_eog: 63.21 [92mK_combined: 0.7784 [92mK_eeg: 0.7199 [92mK_eog: 0.6933 [34mF1_perclass_combined: [88.93, 5.19, 85.17, 82.71, 84.07] [34mF1_perclass_eeg: [87.22, 0.0, 81.45, 79.7, 73.08] [34mF1_perclass_eog: [81.57, 0.0, 79.36, 76.22, 78.92] 
[37mEpoch 0 step 4 with [31mce_loss_combined : 0.425230 [31mce_loss_eeg : 1.039212 [31mce_loss_eog : 1.029701 [31mtotal : 2.494143 [94mAcc_combined: 84.67 [94mAcc_eeg: 78.73 [94mAcc_eog: 79.29 [92mF1_combined: 68.67 [92mF1_eeg: 63.62 [92mF1_eog: 63.61 [92mK_combined: 0.7851 [92mK_eeg: 0.7100 [92mK_eog: 0.7065 [34mF1_perclass_combined: [90.5, 0.33, 85.08, 81.18, 86.28] [34mF1_perclass_eeg: [86.14, 0.0, 78.37, 79.95, 73.63] [34mF1_perclass_eog: [84.65, 0.0, 80.62, 70.75, 82.02] 
[37mEpoch 0 step 6 with [31mce_loss_combined : 0.430768 [31mce_loss_eeg : 0.971546 [31mce_loss_eog : 1.001932 [31mtotal : 2.404246 [94mAcc_combined: 84.17 [94mAcc_eeg: 82.24 [94mAcc_eog: 78.63 [92mF1_combined: 73.61 [92mF1_eeg: 66.39 [92mF1_eog: 62.76 [92mK_combined: 0.7759 [92mK_eeg: 0.7484 [92mK_eog: 0.6926 [34mF1_perclass_combined: [89.63, 26.86, 84.87, 78.38, 88.29] [34mF1_perclass_eeg: [88.1, 0.0, 83.28, 81.43, 79.16] [34mF1_perclass_eog: [84.1, 0.0, 80.22, 65.94, 83.52] 
[37mEpoch 0 step 7 with [31mce_loss_combined : 0.382890 [31mce_loss_eeg : 0.988571 [31mce_loss_eog : 0.965346 [31mtotal : 2.336806 [94mAcc_combined: 85.78 [94mAcc_eeg: 78.58 [94mAcc_eog: 81.15 [92mF1_combined: 75.01 [92mF1_eeg: 62.22 [92mF1_eog: 65.82 [92mK_combined: 0.7987 [92mK_eeg: 0.6893 [92mK_eog: 0.7347 [34mF1_perclass_combined: [91.71, 29.32, 86.42, 78.98, 88.64] [34mF1_perclass_eeg: [88.13, 0.0, 79.91, 75.29, 67.78] [34mF1_perclass_eog: [85.51, 0.0, 81.87, 77.19, 84.52] 
[37mEpoch 0 step 8 with [31mce_loss_combined : 0.379180 [31mce_loss_eeg : 0.926800 [31mce_loss_eog : 0.947728 [31mtotal : 2.253709 [94mAcc_combined: 87.04 [94mAcc_eeg: 83.42 [94mAcc_eog: 81.27 [92mF1_combined: 77.26 [92mF1_eeg: 67.85 [92mF1_eog: 66.03 [92mK_combined: 0.8195 [92mK_eeg: 0.7681 [92mK_eog: 0.7357 [34mF1_perclass_combined: [92.46, 33.6, 87.28, 84.2, 88.76] [34mF1_perclass_eeg: [88.8, 1.77, 84.31, 82.9, 81.47] [34mF1_perclass_eog: [85.78, 0.0, 81.76, 77.59, 85.03] 
[37mEpoch 0 step 10 with [31mce_loss_combined : 0.356201 [31mce_loss_eeg : 0.891201 [31mce_loss_eog : 0.924421 [31mtotal : 2.171824 [94mAcc_combined: 86.80 [94mAcc_eeg: 83.87 [94mAcc_eog: 80.50 [92mF1_combined: 78.90 [92mF1_eeg: 73.21 [92mF1_eog: 64.81 [92mK_combined: 0.8168 [92mK_eeg: 0.7761 [92mK_eog: 0.7231 [34mF1_perclass_combined: [91.43, 41.58, 87.19, 84.73, 89.57] [34mF1_perclass_eeg: [88.55, 25.95, 84.65, 84.32, 82.59] [34mF1_perclass_eog: [85.81, 0.0, 81.63, 71.65, 84.93] 
[37mEpoch 0 step 12 with [31mce_loss_combined : 0.351189 [31mce_loss_eeg : 0.863746 [31mce_loss_eog : 0.888402 [31mtotal : 2.103337 [94mAcc_combined: 86.79 [94mAcc_eeg: 83.62 [94mAcc_eog: 81.32 [92mF1_combined: 77.59 [92mF1_eeg: 74.34 [92mF1_eog: 65.59 [92mK_combined: 0.8150 [92mK_eeg: 0.7715 [92mK_eog: 0.7339 [34mF1_perclass_combined: [92.64, 38.94, 87.23, 79.49, 89.65] [34mF1_perclass_eeg: [89.55, 35.81, 84.42, 78.73, 83.19] [34mF1_perclass_eog: [86.45, 0.16, 82.1, 71.83, 87.42] 
[37mEpoch 0 step 14 with [31mce_loss_combined : 0.327166 [31mce_loss_eeg : 0.824374 [31mce_loss_eog : 0.846308 [31mtotal : 1.997849 [94mAcc_combined: 88.08 [94mAcc_eeg: 84.28 [94mAcc_eog: 82.51 [92mF1_combined: 79.10 [92mF1_eeg: 74.97 [92mF1_eog: 67.71 [92mK_combined: 0.8340 [92mK_eeg: 0.7799 [92mK_eog: 0.7535 [34mF1_perclass_combined: [92.97, 39.06, 88.45, 84.94, 90.08] [34mF1_perclass_eeg: [89.22, 34.95, 85.31, 82.59, 82.79] [34mF1_perclass_eog: [87.06, 4.54, 83.23, 77.09, 86.61] 
[37mEpoch 1 step 16 with [31mce_loss_combined : 0.334416 [31mce_loss_eeg : 0.804123 [31mce_loss_eog : 0.833461 [31mtotal : 1.972000 [94mAcc_combined: 87.50 [94mAcc_eeg: 84.27 [94mAcc_eog: 81.97 [92mF1_combined: 78.49 [92mF1_eeg: 75.35 [92mF1_eog: 68.43 [92mK_combined: 0.8272 [92mK_eeg: 0.7802 [92mK_eog: 0.7500 [34mF1_perclass_combined: [92.68, 36.69, 87.11, 85.49, 90.47] [34mF1_perclass_eeg: [89.1, 35.26, 84.62, 84.99, 82.81] [34mF1_perclass_eog: [87.36, 8.38, 81.64, 79.35, 85.43] 
[37mEpoch 1 step 17 with [31mce_loss_combined : 0.325025 [31mce_loss_eeg : 0.776075 [31mce_loss_eog : 0.829485 [31mtotal : 1.930584 [94mAcc_combined: 88.14 [94mAcc_eeg: 85.18 [94mAcc_eog: 80.88 [92mF1_combined: 80.56 [92mF1_eeg: 76.62 [92mF1_eog: 65.98 [92mK_combined: 0.8354 [92mK_eeg: 0.7933 [92mK_eog: 0.7258 [34mF1_perclass_combined: [93.2, 45.56, 88.29, 85.4, 90.37] [34mF1_perclass_eeg: [89.76, 39.08, 86.05, 84.06, 84.15] [34mF1_perclass_eog: [87.37, 7.02, 81.77, 66.94, 86.82] 
[37mEpoch 1 step 19 with [31mce_loss_combined : 0.326139 [31mce_loss_eeg : 0.748458 [31mce_loss_eog : 0.796471 [31mtotal : 1.871068 [94mAcc_combined: 87.93 [94mAcc_eeg: 85.71 [94mAcc_eog: 82.06 [92mF1_combined: 79.94 [92mF1_eeg: 77.28 [92mF1_eog: 68.92 [92mK_combined: 0.8331 [92mK_eeg: 0.8024 [92mK_eog: 0.7507 [34mF1_perclass_combined: [92.93, 42.88, 88.06, 85.71, 90.12] [34mF1_perclass_eeg: [90.1, 39.35, 86.37, 84.85, 85.72] [34mF1_perclass_eog: [87.76, 9.94, 81.43, 79.01, 86.47] 
[37mEpoch 1 step 20 with [31mce_loss_combined : 0.324304 [31mce_loss_eeg : 0.751778 [31mce_loss_eog : 0.775818 [31mtotal : 1.851900 [94mAcc_combined: 88.20 [94mAcc_eeg: 84.74 [94mAcc_eog: 82.91 [92mF1_combined: 79.72 [92mF1_eeg: 74.89 [92mF1_eog: 69.14 [92mK_combined: 0.8370 [92mK_eeg: 0.7877 [92mK_eog: 0.7603 [34mF1_perclass_combined: [93.24, 40.08, 88.11, 86.4, 90.77] [34mF1_perclass_eeg: [89.81, 30.4, 84.85, 85.1, 84.28] [34mF1_perclass_eog: [87.03, 9.4, 83.4, 77.86, 88.01] 
[37mEpoch 1 step 22 with [31mce_loss_combined : 0.324392 [31mce_loss_eeg : 0.719434 [31mce_loss_eog : 0.760949 [31mtotal : 1.804775 [94mAcc_combined: 87.87 [94mAcc_eeg: 85.45 [94mAcc_eog: 82.52 [92mF1_combined: 78.49 [92mF1_eeg: 76.87 [92mF1_eog: 68.76 [92mK_combined: 0.8318 [92mK_eeg: 0.7989 [92mK_eog: 0.7534 [34mF1_perclass_combined: [92.57, 36.32, 88.21, 85.53, 89.82] [34mF1_perclass_eeg: [89.37, 38.5, 86.39, 84.94, 85.16] [34mF1_perclass_eog: [87.75, 7.91, 82.47, 78.81, 86.87] 
[37mEpoch 1 step 24 with [31mce_loss_combined : 0.325861 [31mce_loss_eeg : 0.703423 [31mce_loss_eog : 0.722862 [31mtotal : 1.752146 [94mAcc_combined: 87.92 [94mAcc_eeg: 85.15 [94mAcc_eog: 83.74 [92mF1_combined: 79.02 [92mF1_eeg: 76.26 [92mF1_eog: 71.48 [92mK_combined: 0.8337 [92mK_eeg: 0.7962 [92mK_eog: 0.7720 [34mF1_perclass_combined: [92.57, 38.25, 87.9, 85.76, 90.65] [34mF1_perclass_eeg: [89.45, 36.19, 85.6, 85.08, 85.0] [34mF1_perclass_eog: [88.86, 17.62, 83.93, 78.78, 88.22] 
[37mEpoch 1 step 26 with [31mce_loss_combined : 0.323485 [31mce_loss_eeg : 0.679371 [31mce_loss_eog : 0.718052 [31mtotal : 1.720907 [94mAcc_combined: 87.84 [94mAcc_eeg: 85.41 [94mAcc_eog: 82.62 [92mF1_combined: 78.16 [92mF1_eeg: 76.71 [92mF1_eog: 69.58 [92mK_combined: 0.8290 [92mK_eeg: 0.7958 [92mK_eog: 0.7527 [34mF1_perclass_combined: [93.26, 34.79, 88.01, 85.29, 89.46] [34mF1_perclass_eeg: [90.18, 38.89, 86.3, 84.48, 83.72] [34mF1_perclass_eog: [88.15, 14.55, 83.32, 73.88, 88.0] 
[37mEpoch 1 step 27 with [31mce_loss_combined : 0.312710 [31mce_loss_eeg : 0.677681 [31mce_loss_eog : 0.700998 [31mtotal : 1.691390 [94mAcc_combined: 88.40 [94mAcc_eeg: 85.00 [94mAcc_eog: 83.36 [92mF1_combined: 79.63 [92mF1_eeg: 75.77 [92mF1_eog: 71.55 [92mK_combined: 0.8400 [92mK_eeg: 0.7910 [92mK_eog: 0.7663 [34mF1_perclass_combined: [93.1, 39.59, 88.62, 86.25, 90.59] [34mF1_perclass_eeg: [88.61, 35.54, 86.45, 85.75, 82.5] [34mF1_perclass_eog: [88.29, 20.36, 83.83, 77.37, 87.89] 
[37mEpoch 1 step 28 with [31mce_loss_combined : 0.329965 [31mce_loss_eeg : 0.666789 [31mce_loss_eog : 0.693893 [31mtotal : 1.690647 [94mAcc_combined: 88.04 [94mAcc_eeg: 85.17 [94mAcc_eog: 83.23 [92mF1_combined: 81.23 [92mF1_eeg: 77.89 [92mF1_eog: 72.48 [92mK_combined: 0.8352 [92mK_eeg: 0.7950 [92mK_eog: 0.7649 [34mF1_perclass_combined: [93.05, 49.49, 88.33, 84.78, 90.48] [34mF1_perclass_eeg: [89.74, 45.44, 86.09, 84.38, 83.82] [34mF1_perclass_eog: [88.44, 25.35, 83.64, 77.64, 87.34] 
[37mEpoch 1 step 29 with [31mce_loss_combined : 0.330226 [31mce_loss_eeg : 0.665846 [31mce_loss_eog : 0.693982 [31mtotal : 1.690054 [94mAcc_combined: 88.06 [94mAcc_eeg: 84.65 [94mAcc_eog: 82.46 [92mF1_combined: 80.10 [92mF1_eeg: 76.67 [92mF1_eog: 71.95 [92mK_combined: 0.8348 [92mK_eeg: 0.7877 [92mK_eog: 0.7518 [34mF1_perclass_combined: [92.52, 43.43, 88.46, 85.68, 90.42] [34mF1_perclass_eeg: [87.69, 40.79, 86.08, 84.74, 84.07] [34mF1_perclass_eog: [89.28, 30.28, 83.1, 68.24, 88.87] 
[37mEpoch 2 step 30 with [31mce_loss_combined : 0.307686 [31mce_loss_eeg : 0.633622 [31mce_loss_eog : 0.670022 [31mtotal : 1.611329 [94mAcc_combined: 88.55 [94mAcc_eeg: 86.04 [94mAcc_eog: 83.89 [92mF1_combined: 81.70 [92mF1_eeg: 78.90 [92mF1_eog: 73.70 [92mK_combined: 0.8424 [92mK_eeg: 0.8070 [92mK_eog: 0.7764 [34mF1_perclass_combined: [93.57, 48.9, 88.66, 86.35, 91.04] [34mF1_perclass_eeg: [90.17, 46.09, 86.68, 84.87, 86.69] [34mF1_perclass_eog: [89.29, 28.18, 83.96, 78.74, 88.32] 
[37mEpoch 2 step 32 with [31mce_loss_combined : 0.313343 [31mce_loss_eeg : 0.616623 [31mce_loss_eog : 0.661820 [31mtotal : 1.591786 [94mAcc_combined: 88.36 [94mAcc_eeg: 86.19 [94mAcc_eog: 83.60 [92mF1_combined: 77.81 [92mF1_eeg: 76.76 [92mF1_eog: 70.89 [92mK_combined: 0.8380 [92mK_eeg: 0.8074 [92mK_eog: 0.7709 [34mF1_perclass_combined: [93.65, 30.15, 88.3, 86.15, 90.8] [34mF1_perclass_eeg: [90.77, 34.89, 86.88, 84.35, 86.94] [34mF1_perclass_eog: [89.03, 14.82, 83.48, 78.95, 88.16] 
[37mEpoch 2 step 34 with [31mce_loss_combined : 0.317034 [31mce_loss_eeg : 0.605932 [31mce_loss_eog : 0.641920 [31mtotal : 1.564886 [94mAcc_combined: 88.10 [94mAcc_eeg: 86.07 [94mAcc_eog: 83.83 [92mF1_combined: 77.68 [92mF1_eeg: 76.67 [92mF1_eog: 70.45 [92mK_combined: 0.8344 [92mK_eeg: 0.8074 [92mK_eog: 0.7726 [34mF1_perclass_combined: [93.05, 30.58, 87.95, 86.32, 90.5] [34mF1_perclass_eeg: [90.58, 34.4, 86.21, 85.31, 86.85] [34mF1_perclass_eog: [88.81, 12.77, 84.25, 78.31, 88.11] 
[37mEpoch 2 step 36 with [31mce_loss_combined : 0.309406 [31mce_loss_eeg : 0.592078 [31mce_loss_eog : 0.637379 [31mtotal : 1.538862 [94mAcc_combined: 88.24 [94mAcc_eeg: 86.27 [94mAcc_eog: 83.58 [92mF1_combined: 79.26 [92mF1_eeg: 77.22 [92mF1_eog: 71.44 [92mK_combined: 0.8371 [92mK_eeg: 0.8099 [92mK_eog: 0.7688 [34mF1_perclass_combined: [93.25, 38.29, 88.22, 86.16, 90.38] [34mF1_perclass_eeg: [90.6, 36.45, 86.65, 85.42, 87.0] [34mF1_perclass_eog: [88.62, 18.6, 84.05, 79.46, 86.49] 
[37mEpoch 2 step 38 with [31mce_loss_combined : 0.317405 [31mce_loss_eeg : 0.583031 [31mce_loss_eog : 0.621226 [31mtotal : 1.521662 [94mAcc_combined: 88.39 [94mAcc_eeg: 85.98 [94mAcc_eog: 83.55 [92mF1_combined: 79.97 [92mF1_eeg: 77.78 [92mF1_eog: 71.51 [92mK_combined: 0.8386 [92mK_eeg: 0.8057 [92mK_eog: 0.7678 [34mF1_perclass_combined: [92.53, 42.15, 89.11, 85.71, 90.34] [34mF1_perclass_eeg: [89.42, 41.24, 87.21, 85.32, 85.69] [34mF1_perclass_eog: [88.57, 20.35, 84.31, 76.39, 87.91] 
[37mEpoch 2 step 39 with [31mce_loss_combined : 0.302537 [31mce_loss_eeg : 0.578764 [31mce_loss_eog : 0.609373 [31mtotal : 1.490673 [94mAcc_combined: 88.78 [94mAcc_eeg: 85.95 [94mAcc_eog: 83.94 [92mF1_combined: 81.68 [92mF1_eeg: 78.86 [92mF1_eog: 72.85 [92mK_combined: 0.8453 [92mK_eeg: 0.8065 [92mK_eog: 0.7744 [34mF1_perclass_combined: [93.57, 48.48, 88.81, 86.52, 91.0] [34mF1_perclass_eeg: [89.86, 46.14, 86.65, 85.45, 86.21] [34mF1_perclass_eog: [89.05, 24.04, 84.25, 78.64, 88.27] 
[37mEpoch 2 step 40 with [31mce_loss_combined : 0.299408 [31mce_loss_eeg : 0.567610 [31mce_loss_eog : 0.623252 [31mtotal : 1.490271 [94mAcc_combined: 88.65 [94mAcc_eeg: 86.10 [94mAcc_eog: 82.72 [92mF1_combined: 81.51 [92mF1_eeg: 79.23 [92mF1_eog: 72.09 [92mK_combined: 0.8431 [92mK_eeg: 0.8082 [92mK_eog: 0.7547 [34mF1_perclass_combined: [93.54, 48.38, 88.82, 85.86, 90.96] [34mF1_perclass_eeg: [90.42, 47.48, 86.81, 84.93, 86.53] [34mF1_perclass_eog: [89.83, 30.37, 83.32, 67.99, 88.94] 
[37mEpoch 2 step 41 with [31mce_loss_combined : 0.309061 [31mce_loss_eeg : 0.559428 [31mce_loss_eog : 0.608586 [31mtotal : 1.477076 [94mAcc_combined: 88.50 [94mAcc_eeg: 86.20 [94mAcc_eog: 83.20 [92mF1_combined: 79.91 [92mF1_eeg: 77.82 [92mF1_eog: 71.17 [92mK_combined: 0.8390 [92mK_eeg: 0.8076 [92mK_eog: 0.7625 [34mF1_perclass_combined: [94.15, 42.6, 88.86, 82.76, 91.17] [34mF1_perclass_eeg: [90.75, 41.48, 87.06, 82.62, 87.19] [34mF1_perclass_eog: [89.0, 21.59, 83.88, 73.07, 88.3] 
[37mEpoch 2 step 43 with [31mce_loss_combined : 0.313385 [31mce_loss_eeg : 0.548061 [31mce_loss_eog : 0.579927 [31mtotal : 1.441373 [94mAcc_combined: 88.65 [94mAcc_eeg: 86.32 [94mAcc_eog: 84.43 [92mF1_combined: 80.04 [92mF1_eeg: 78.41 [92mF1_eog: 72.13 [92mK_combined: 0.8425 [92mK_eeg: 0.8104 [92mK_eog: 0.7823 [34mF1_perclass_combined: [92.91, 41.16, 89.06, 86.11, 90.94] [34mF1_perclass_eeg: [90.35, 43.18, 87.04, 84.36, 87.1] [34mF1_perclass_eog: [89.44, 18.26, 84.53, 79.57, 88.86] 
[37mEpoch 3 step 45 with [31mce_loss_combined : 0.302309 [31mce_loss_eeg : 0.534004 [31mce_loss_eog : 0.568877 [31mtotal : 1.405191 [94mAcc_combined: 88.74 [94mAcc_eeg: 86.55 [94mAcc_eog: 84.48 [92mF1_combined: 81.50 [92mF1_eeg: 78.99 [92mF1_eog: 74.10 [92mK_combined: 0.8453 [92mK_eeg: 0.8149 [92mK_eog: 0.7840 [34mF1_perclass_combined: [93.64, 47.51, 88.68, 86.39, 91.28] [34mF1_perclass_eeg: [90.44, 44.19, 87.17, 85.87, 87.26] [34mF1_perclass_eog: [90.11, 27.42, 84.3, 79.73, 88.96] 
[37mEpoch 3 step 50 with [31mce_loss_combined : 0.304179 [31mce_loss_eeg : 0.516414 [31mce_loss_eog : 0.570111 [31mtotal : 1.390704 [94mAcc_combined: 88.72 [94mAcc_eeg: 86.50 [94mAcc_eog: 83.53 [92mF1_combined: 79.76 [92mF1_eeg: 77.73 [92mF1_eog: 71.61 [92mK_combined: 0.8433 [92mK_eeg: 0.8130 [92mK_eog: 0.7675 [34mF1_perclass_combined: [93.36, 39.32, 89.04, 86.1, 90.96] [34mF1_perclass_eeg: [90.7, 38.81, 87.24, 85.25, 86.67] [34mF1_perclass_eog: [89.09, 21.56, 84.13, 74.87, 88.42] 
[37mEpoch 3 step 52 with [31mce_loss_combined : 0.305261 [31mce_loss_eeg : 0.509336 [31mce_loss_eog : 0.552702 [31mtotal : 1.367299 [94mAcc_combined: 88.52 [94mAcc_eeg: 86.44 [94mAcc_eog: 83.98 [92mF1_combined: 79.38 [92mF1_eeg: 76.99 [92mF1_eog: 71.04 [92mK_combined: 0.8400 [92mK_eeg: 0.8111 [92mK_eog: 0.7747 [34mF1_perclass_combined: [93.78, 38.18, 88.52, 86.57, 89.84] [34mF1_perclass_eeg: [90.94, 34.87, 86.9, 85.85, 86.37] [34mF1_perclass_eog: [89.61, 13.07, 83.59, 80.07, 88.86] 
[37mEpoch 3 step 53 with [31mce_loss_combined : 0.307690 [31mce_loss_eeg : 0.515334 [31mce_loss_eog : 0.542477 [31mtotal : 1.365501 [94mAcc_combined: 88.52 [94mAcc_eeg: 85.85 [94mAcc_eog: 84.25 [92mF1_combined: 81.58 [92mF1_eeg: 78.58 [92mF1_eog: 74.78 [92mK_combined: 0.8411 [92mK_eeg: 0.8049 [92mK_eog: 0.7797 [34mF1_perclass_combined: [93.45, 49.37, 88.79, 85.24, 91.06] [34mF1_perclass_eeg: [90.54, 45.81, 86.58, 84.08, 85.89] [34mF1_perclass_eog: [89.77, 32.81, 84.65, 77.69, 88.97] 
[37mEpoch 3 step 54 with [31mce_loss_combined : 0.308583 [31mce_loss_eeg : 0.502614 [31mce_loss_eog : 0.533891 [31mtotal : 1.345087 [94mAcc_combined: 88.74 [94mAcc_eeg: 86.59 [94mAcc_eog: 84.66 [92mF1_combined: 78.45 [92mF1_eeg: 76.68 [92mF1_eog: 73.18 [92mK_combined: 0.8436 [92mK_eeg: 0.8139 [92mK_eog: 0.7859 [34mF1_perclass_combined: [94.02, 32.07, 88.62, 86.25, 91.29] [34mF1_perclass_eeg: [90.88, 32.5, 87.02, 85.19, 87.8] [34mF1_perclass_eog: [90.39, 21.7, 84.3, 80.07, 89.42] 
[37mEpoch 3 step 56 with [31mce_loss_combined : 0.296083 [31mce_loss_eeg : 0.492547 [31mce_loss_eog : 0.538684 [31mtotal : 1.327313 [94mAcc_combined: 88.86 [94mAcc_eeg: 86.75 [94mAcc_eog: 83.97 [92mF1_combined: 82.04 [92mF1_eeg: 79.95 [92mF1_eog: 74.51 [92mK_combined: 0.8461 [92mK_eeg: 0.8170 [92mK_eog: 0.7742 [34mF1_perclass_combined: [94.0, 49.77, 88.88, 86.74, 90.8] [34mF1_perclass_eeg: [91.12, 48.23, 87.14, 85.95, 87.32] [34mF1_perclass_eog: [90.3, 33.25, 84.36, 75.79, 88.87] 
[37mEpoch 3 step 57 with [31mce_loss_combined : 0.298193 [31mce_loss_eeg : 0.489062 [31mce_loss_eog : 0.528746 [31mtotal : 1.316002 [94mAcc_combined: 88.95 [94mAcc_eeg: 86.76 [94mAcc_eog: 84.53 [92mF1_combined: 81.89 [92mF1_eeg: 79.54 [92mF1_eog: 73.80 [92mK_combined: 0.8474 [92mK_eeg: 0.8171 [92mK_eog: 0.7833 [34mF1_perclass_combined: [94.03, 49.38, 89.08, 85.66, 91.29] [34mF1_perclass_eeg: [91.06, 46.52, 87.17, 84.75, 88.17] [34mF1_perclass_eog: [90.06, 27.13, 84.77, 78.02, 89.02] 
[37mEpoch 4 step 59 with [31mce_loss_combined : 0.299496 [31mce_loss_eeg : 0.485696 [31mce_loss_eog : 0.521777 [31mtotal : 1.306969 [94mAcc_combined: 88.84 [94mAcc_eeg: 86.66 [94mAcc_eog: 84.71 [92mF1_combined: 80.35 [92mF1_eeg: 78.36 [92mF1_eog: 73.00 [92mK_combined: 0.8443 [92mK_eeg: 0.8142 [92mK_eog: 0.7854 [34mF1_perclass_combined: [93.5, 41.91, 89.03, 86.35, 90.95] [34mF1_perclass_eeg: [90.82, 41.09, 87.21, 85.17, 87.53] [34mF1_perclass_eog: [89.85, 21.89, 84.93, 79.19, 89.13] 
[37mEpoch 4 step 60 with [31mce_loss_combined : 0.284845 [31mce_loss_eeg : 0.474904 [31mce_loss_eog : 0.513344 [31mtotal : 1.273093 [94mAcc_combined: 89.18 [94mAcc_eeg: 87.20 [94mAcc_eog: 84.98 [92mF1_combined: 81.51 [92mF1_eeg: 79.69 [92mF1_eog: 74.59 [92mK_combined: 0.8499 [92mK_eeg: 0.8225 [92mK_eog: 0.7895 [34mF1_perclass_combined: [93.99, 46.13, 89.26, 86.51, 91.65] [34mF1_perclass_eeg: [91.28, 45.44, 87.63, 85.54, 88.58] [34mF1_perclass_eog: [90.73, 28.81, 85.0, 78.68, 89.73] 
[37mEpoch 4 step 64 with [31mce_loss_combined : 0.287240 [31mce_loss_eeg : 0.464691 [31mce_loss_eog : 0.503520 [31mtotal : 1.255451 [94mAcc_combined: 89.21 [94mAcc_eeg: 87.26 [94mAcc_eog: 85.14 [92mF1_combined: 81.64 [92mF1_eeg: 79.57 [92mF1_eog: 74.21 [92mK_combined: 0.8507 [92mK_eeg: 0.8238 [92mK_eog: 0.7921 [34mF1_perclass_combined: [93.95, 46.63, 89.23, 86.71, 91.69] [34mF1_perclass_eeg: [91.31, 44.47, 87.6, 85.8, 88.67] [34mF1_perclass_eog: [90.88, 25.72, 85.04, 79.76, 89.65] 
[37mEpoch 4 step 65 with [31mce_loss_combined : 0.282895 [31mce_loss_eeg : 0.462134 [31mce_loss_eog : 0.508886 [31mtotal : 1.253915 [94mAcc_combined: 89.30 [94mAcc_eeg: 87.30 [94mAcc_eog: 84.86 [92mF1_combined: 81.67 [92mF1_eeg: 79.49 [92mF1_eog: 74.16 [92mK_combined: 0.8516 [92mK_eeg: 0.8240 [92mK_eog: 0.7876 [34mF1_perclass_combined: [94.04, 46.58, 89.36, 86.68, 91.7] [34mF1_perclass_eeg: [91.35, 43.91, 87.66, 85.79, 88.74] [34mF1_perclass_eog: [90.65, 27.96, 85.03, 77.5, 89.67] 
[37mEpoch 4 step 71 with [31mce_loss_combined : 0.288412 [31mce_loss_eeg : 0.465418 [31mce_loss_eog : 0.493496 [31mtotal : 1.247326 [94mAcc_combined: 89.14 [94mAcc_eeg: 86.93 [94mAcc_eog: 85.02 [92mF1_combined: 82.17 [92mF1_eeg: 80.10 [92mF1_eog: 75.63 [92mK_combined: 0.8507 [92mK_eeg: 0.8205 [92mK_eog: 0.7928 [34mF1_perclass_combined: [94.33, 49.27, 89.01, 86.49, 91.73] [34mF1_perclass_eeg: [91.01, 48.13, 87.2, 85.31, 88.84] [34mF1_perclass_eog: [90.95, 32.27, 84.49, 80.66, 89.79] 
[37mEpoch 4 step 72 with [31mce_loss_combined : 0.289836 [31mce_loss_eeg : 0.460010 [31mce_loss_eog : 0.491060 [31mtotal : 1.240906 [94mAcc_combined: 89.16 [94mAcc_eeg: 87.00 [94mAcc_eog: 85.10 [92mF1_combined: 81.93 [92mF1_eeg: 79.86 [92mF1_eog: 75.35 [92mK_combined: 0.8498 [92mK_eeg: 0.8204 [92mK_eog: 0.7925 [34mF1_perclass_combined: [94.02, 48.55, 89.31, 86.29, 91.46] [34mF1_perclass_eeg: [91.01, 46.93, 87.43, 85.35, 88.59] [34mF1_perclass_eog: [91.04, 31.11, 84.74, 80.23, 89.61] 
[37mEpoch 5 step 73 with [31mce_loss_combined : 0.281012 [31mce_loss_eeg : 0.452165 [31mce_loss_eog : 0.488754 [31mtotal : 1.221931 [94mAcc_combined: 89.34 [94mAcc_eeg: 87.29 [94mAcc_eog: 85.22 [92mF1_combined: 82.07 [92mF1_eeg: 80.12 [92mF1_eog: 75.12 [92mK_combined: 0.8522 [92mK_eeg: 0.8241 [92mK_eog: 0.7932 [34mF1_perclass_combined: [94.32, 48.29, 89.47, 86.73, 91.53] [34mF1_perclass_eeg: [91.28, 47.04, 87.77, 85.78, 88.73] [34mF1_perclass_eog: [91.23, 30.25, 85.1, 79.37, 89.63] 
[37mEpoch 5 step 74 with [31mce_loss_combined : 0.282231 [31mce_loss_eeg : 0.448740 [31mce_loss_eog : 0.488602 [31mtotal : 1.219574 [94mAcc_combined: 89.30 [94mAcc_eeg: 87.29 [94mAcc_eog: 85.27 [92mF1_combined: 81.71 [92mF1_eeg: 80.06 [92mF1_eog: 74.89 [92mK_combined: 0.8520 [92mK_eeg: 0.8246 [92mK_eog: 0.7940 [34mF1_perclass_combined: [94.18, 46.51, 89.23, 86.98, 91.66] [34mF1_perclass_eeg: [91.3, 46.5, 87.53, 86.15, 88.8] [34mF1_perclass_eog: [90.97, 29.22, 85.34, 79.14, 89.76] 
[37mEpoch 5 step 75 with [31mce_loss_combined : 0.280503 [31mce_loss_eeg : 0.446459 [31mce_loss_eog : 0.486824 [31mtotal : 1.213787 [94mAcc_combined: 89.35 [94mAcc_eeg: 87.34 [94mAcc_eog: 85.34 [92mF1_combined: 81.76 [92mF1_eeg: 80.03 [92mF1_eog: 74.87 [92mK_combined: 0.8524 [92mK_eeg: 0.8248 [92mK_eog: 0.7947 [34mF1_perclass_combined: [94.17, 46.72, 89.38, 86.78, 91.73] [34mF1_perclass_eeg: [91.34, 46.43, 87.69, 85.93, 88.77] [34mF1_perclass_eog: [91.1, 28.61, 85.3, 79.43, 89.9] 
[37mEpoch 5 step 87 with [31mce_loss_combined : 0.289450 [31mce_loss_eeg : 0.442170 [31mce_loss_eog : 0.476573 [31mtotal : 1.208193 [94mAcc_combined: 89.26 [94mAcc_eeg: 87.08 [94mAcc_eog: 85.02 [92mF1_combined: 82.06 [92mF1_eeg: 79.84 [92mF1_eog: 75.42 [92mK_combined: 0.8513 [92mK_eeg: 0.8214 [92mK_eog: 0.7901 [34mF1_perclass_combined: [94.05, 48.78, 89.52, 86.36, 91.6] [34mF1_perclass_eeg: [91.06, 46.62, 87.64, 85.63, 88.27] [34mF1_perclass_eog: [91.0, 33.31, 85.15, 77.97, 89.69] 
[37mEpoch 6 step 89 with [31mce_loss_combined : 0.282747 [31mce_loss_eeg : 0.432577 [31mce_loss_eog : 0.474682 [31mtotal : 1.190006 [94mAcc_combined: 89.19 [94mAcc_eeg: 87.19 [94mAcc_eog: 85.11 [92mF1_combined: 80.78 [92mF1_eeg: 79.18 [92mF1_eog: 74.20 [92mK_combined: 0.8499 [92mK_eeg: 0.8221 [92mK_eog: 0.7912 [34mF1_perclass_combined: [94.11, 42.28, 89.14, 86.86, 91.52] [34mF1_perclass_eeg: [91.17, 42.75, 87.53, 86.08, 88.38] [34mF1_perclass_eog: [91.1, 25.59, 84.85, 79.6, 89.85] 
[37mEpoch 6 step 90 with [31mce_loss_combined : 0.281493 [31mce_loss_eeg : 0.430087 [31mce_loss_eog : 0.473679 [31mtotal : 1.185259 [94mAcc_combined: 89.29 [94mAcc_eeg: 87.20 [94mAcc_eog: 85.20 [92mF1_combined: 81.99 [92mF1_eeg: 79.94 [92mF1_eog: 75.23 [92mK_combined: 0.8521 [92mK_eeg: 0.8232 [92mK_eog: 0.7925 [34mF1_perclass_combined: [94.17, 47.93, 89.24, 86.81, 91.79] [34mF1_perclass_eeg: [91.26, 46.49, 87.52, 85.96, 88.48] [34mF1_perclass_eog: [91.35, 31.89, 85.28, 77.7, 89.93] 
[37mEpoch 6 step 91 with [31mce_loss_combined : 0.278152 [31mce_loss_eeg : 0.430185 [31mce_loss_eog : 0.467295 [31mtotal : 1.175632 [94mAcc_combined: 89.41 [94mAcc_eeg: 87.32 [94mAcc_eog: 85.45 [92mF1_combined: 81.55 [92mF1_eeg: 79.52 [92mF1_eog: 74.71 [92mK_combined: 0.8528 [92mK_eeg: 0.8241 [92mK_eog: 0.7965 [34mF1_perclass_combined: [94.25, 45.55, 89.49, 86.71, 91.74] [34mF1_perclass_eeg: [91.34, 44.08, 87.71, 85.62, 88.86] [34mF1_perclass_eog: [91.16, 26.81, 85.27, 80.23, 90.06] 
[37mEpoch 6 step 92 with [31mce_loss_combined : 0.278922 [31mce_loss_eeg : 0.427153 [31mce_loss_eog : 0.467048 [31mtotal : 1.173122 [94mAcc_combined: 89.35 [94mAcc_eeg: 87.41 [94mAcc_eog: 85.44 [92mF1_combined: 81.74 [92mF1_eeg: 79.65 [92mF1_eog: 74.80 [92mK_combined: 0.8522 [92mK_eeg: 0.8254 [92mK_eog: 0.7965 [34mF1_perclass_combined: [94.2, 46.59, 89.39, 86.76, 91.74] [34mF1_perclass_eeg: [91.39, 44.19, 87.73, 85.93, 89.0] [34mF1_perclass_eog: [91.18, 27.55, 85.37, 80.12, 89.77] 
[37mEpoch 6 step 94 with [31mce_loss_combined : 0.277648 [31mce_loss_eeg : 0.424107 [31mce_loss_eog : 0.469320 [31mtotal : 1.171076 [94mAcc_combined: 89.40 [94mAcc_eeg: 87.48 [94mAcc_eog: 85.32 [92mF1_combined: 81.76 [92mF1_eeg: 79.72 [92mF1_eog: 74.80 [92mK_combined: 0.8530 [92mK_eeg: 0.8264 [92mK_eog: 0.7942 [34mF1_perclass_combined: [94.16, 46.61, 89.48, 86.69, 91.85] [34mF1_perclass_eeg: [91.52, 44.4, 87.85, 85.86, 88.98] [34mF1_perclass_eog: [91.24, 29.1, 85.44, 78.17, 90.03] 
[37mEpoch 6 step 95 with [31mce_loss_combined : 0.278163 [31mce_loss_eeg : 0.423922 [31mce_loss_eog : 0.464997 [31mtotal : 1.167082 [94mAcc_combined: 89.43 [94mAcc_eeg: 87.46 [94mAcc_eog: 85.44 [92mF1_combined: 81.91 [92mF1_eeg: 79.81 [92mF1_eog: 74.78 [92mK_combined: 0.8536 [92mK_eeg: 0.8265 [92mK_eog: 0.7962 [34mF1_perclass_combined: [94.18, 47.17, 89.47, 86.83, 91.9] [34mF1_perclass_eeg: [91.48, 44.82, 87.78, 85.93, 89.04] [34mF1_perclass_eog: [91.4, 27.93, 85.44, 79.2, 89.95] 
[37mEpoch 7 step 111 with [31mce_loss_combined : 0.286018 [31mce_loss_eeg : 0.416466 [31mce_loss_eog : 0.454273 [31mtotal : 1.156757 [94mAcc_combined: 89.27 [94mAcc_eeg: 87.20 [94mAcc_eog: 85.38 [92mF1_combined: 82.00 [92mF1_eeg: 79.95 [92mF1_eog: 74.40 [92mK_combined: 0.8514 [92mK_eeg: 0.8226 [92mK_eog: 0.7965 [34mF1_perclass_combined: [94.12, 48.51, 89.35, 86.18, 91.85] [34mF1_perclass_eeg: [91.43, 47.22, 87.71, 84.61, 88.79] [34mF1_perclass_eog: [91.43, 25.02, 84.85, 80.56, 90.15] 
[37mEpoch 8 step 119 with [31mce_loss_combined : 0.282840 [31mce_loss_eeg : 0.412467 [31mce_loss_eog : 0.455567 [31mtotal : 1.150873 [94mAcc_combined: 89.25 [94mAcc_eeg: 86.98 [94mAcc_eog: 85.26 [92mF1_combined: 82.08 [92mF1_eeg: 79.90 [92mF1_eog: 75.19 [92mK_combined: 0.8507 [92mK_eeg: 0.8190 [92mK_eog: 0.7939 [34mF1_perclass_combined: [94.16, 49.05, 89.35, 86.16, 91.68] [34mF1_perclass_eeg: [91.22, 47.62, 87.45, 85.14, 88.09] [34mF1_perclass_eog: [91.42, 30.51, 85.12, 78.85, 90.04] 
[37mEpoch 8 step 120 with [31mce_loss_combined : 0.282666 [31mce_loss_eeg : 0.409807 [31mce_loss_eog : 0.449368 [31mtotal : 1.141840 [94mAcc_combined: 89.32 [94mAcc_eeg: 87.25 [94mAcc_eog: 85.42 [92mF1_combined: 80.81 [92mF1_eeg: 78.76 [92mF1_eog: 74.10 [92mK_combined: 0.8508 [92mK_eeg: 0.8226 [92mK_eog: 0.7957 [34mF1_perclass_combined: [94.27, 42.42, 89.44, 86.21, 91.69] [34mF1_perclass_eeg: [91.33, 40.28, 87.57, 85.65, 88.99] [34mF1_perclass_eog: [91.07, 24.44, 85.37, 79.52, 90.11] 
[37mEpoch 8 step 121 with [31mce_loss_combined : 0.280189 [31mce_loss_eeg : 0.406046 [31mce_loss_eog : 0.447878 [31mtotal : 1.134113 [94mAcc_combined: 89.30 [94mAcc_eeg: 87.34 [94mAcc_eog: 85.47 [92mF1_combined: 82.13 [92mF1_eeg: 80.23 [92mF1_eog: 75.11 [92mK_combined: 0.8513 [92mK_eeg: 0.8244 [92mK_eog: 0.7968 [34mF1_perclass_combined: [94.3, 49.05, 89.41, 86.21, 91.67] [34mF1_perclass_eeg: [91.49, 47.56, 87.65, 85.32, 89.12] [34mF1_perclass_eog: [91.46, 29.53, 85.43, 79.15, 89.98] 
[37mEpoch 8 step 123 with [31mce_loss_combined : 0.276143 [31mce_loss_eeg : 0.401978 [31mce_loss_eog : 0.447797 [31mtotal : 1.125917 [94mAcc_combined: 89.53 [94mAcc_eeg: 87.43 [94mAcc_eog: 85.37 [92mF1_combined: 81.84 [92mF1_eeg: 79.59 [92mF1_eog: 74.55 [92mK_combined: 0.8545 [92mK_eeg: 0.8253 [92mK_eog: 0.7943 [34mF1_perclass_combined: [94.38, 46.65, 89.69, 86.59, 91.91] [34mF1_perclass_eeg: [91.56, 44.02, 87.83, 85.75, 88.79] [34mF1_perclass_eog: [91.52, 28.45, 85.56, 77.14, 90.07] 
[37mEpoch 8 step 125 with [31mce_loss_combined : 0.275767 [31mce_loss_eeg : 0.399479 [31mce_loss_eog : 0.440516 [31mtotal : 1.115762 [94mAcc_combined: 89.58 [94mAcc_eeg: 87.56 [94mAcc_eog: 85.68 [92mF1_combined: 81.63 [92mF1_eeg: 79.90 [92mF1_eog: 74.70 [92mK_combined: 0.8549 [92mK_eeg: 0.8273 [92mK_eog: 0.7991 [34mF1_perclass_combined: [94.57, 45.5, 89.69, 86.51, 91.89] [34mF1_perclass_eeg: [91.63, 45.21, 87.89, 85.61, 89.18] [34mF1_perclass_eog: [91.81, 26.33, 85.46, 79.75, 90.13] 
[37mEpoch 9 step 131 with [31mce_loss_combined : 0.278374 [31mce_loss_eeg : 0.399220 [31mce_loss_eog : 0.437176 [31mtotal : 1.114771 [94mAcc_combined: 89.61 [94mAcc_eeg: 87.78 [94mAcc_eog: 85.76 [92mF1_combined: 82.57 [92mF1_eeg: 80.54 [92mF1_eog: 76.23 [92mK_combined: 0.8565 [92mK_eeg: 0.8312 [92mK_eog: 0.8018 [34mF1_perclass_combined: [94.39, 49.87, 89.71, 86.83, 92.04] [34mF1_perclass_eeg: [92.06, 47.25, 88.1, 85.92, 89.35] [34mF1_perclass_eog: [91.67, 33.64, 85.6, 80.15, 90.08] 
[37mEpoch 9 step 132 with [31mce_loss_combined : 0.275467 [31mce_loss_eeg : 0.397661 [31mce_loss_eog : 0.437344 [31mtotal : 1.110473 [94mAcc_combined: 89.51 [94mAcc_eeg: 87.83 [94mAcc_eog: 85.77 [92mF1_combined: 82.20 [92mF1_eeg: 80.46 [92mF1_eog: 75.92 [92mK_combined: 0.8548 [92mK_eeg: 0.8316 [92mK_eog: 0.8013 [34mF1_perclass_combined: [94.41, 48.24, 89.46, 87.08, 91.83] [34mF1_perclass_eeg: [92.25, 46.57, 88.04, 86.21, 89.21] [34mF1_perclass_eog: [91.8, 31.95, 85.58, 80.11, 90.17] 
[37mEpoch 9 step 133 with [31mce_loss_combined : 0.273924 [31mce_loss_eeg : 0.396286 [31mce_loss_eog : 0.437349 [31mtotal : 1.107558 [94mAcc_combined: 89.57 [94mAcc_eeg: 87.84 [94mAcc_eog: 85.78 [92mF1_combined: 82.26 [92mF1_eeg: 80.52 [92mF1_eog: 75.70 [92mK_combined: 0.8556 [92mK_eeg: 0.8317 [92mK_eog: 0.8011 [34mF1_perclass_combined: [94.4, 48.47, 89.59, 86.98, 91.85] [34mF1_perclass_eeg: [92.25, 46.95, 88.09, 86.14, 89.17] [34mF1_perclass_eog: [91.76, 31.27, 85.71, 79.55, 90.22] 
[37mEpoch 9 step 134 with [31mce_loss_combined : 0.273933 [31mce_loss_eeg : 0.395924 [31mce_loss_eog : 0.437673 [31mtotal : 1.107530 [94mAcc_combined: 89.59 [94mAcc_eeg: 87.85 [94mAcc_eog: 85.82 [92mF1_combined: 82.29 [92mF1_eeg: 80.64 [92mF1_eog: 75.73 [92mK_combined: 0.8560 [92mK_eeg: 0.8320 [92mK_eog: 0.8017 [34mF1_perclass_combined: [94.42, 48.49, 89.6, 87.0, 91.93] [34mF1_perclass_eeg: [92.27, 47.52, 88.08, 86.14, 89.19] [34mF1_perclass_eog: [91.82, 31.31, 85.77, 79.43, 90.32] 
[37mEpoch 9 step 135 with [31mce_loss_combined : 0.273580 [31mce_loss_eeg : 0.395447 [31mce_loss_eog : 0.437398 [31mtotal : 1.106425 [94mAcc_combined: 89.61 [94mAcc_eeg: 87.88 [94mAcc_eog: 85.83 [92mF1_combined: 82.15 [92mF1_eeg: 80.51 [92mF1_eog: 75.71 [92mK_combined: 0.8561 [92mK_eeg: 0.8322 [92mK_eog: 0.8021 [34mF1_perclass_combined: [94.4, 47.78, 89.65, 87.1, 91.85] [34mF1_perclass_eeg: [92.24, 46.8, 88.14, 86.19, 89.19] [34mF1_perclass_eog: [91.71, 30.96, 85.73, 79.9, 90.22] 
[37mEpoch 11 step 163 with [31mce_loss_combined : 0.277767 [31mce_loss_eeg : 0.389460 [31mce_loss_eog : 0.436232 [31mtotal : 1.103459 [94mAcc_combined: 89.49 [94mAcc_eeg: 87.63 [94mAcc_eog: 85.35 [92mF1_combined: 81.13 [92mF1_eeg: 79.83 [92mF1_eog: 74.35 [92mK_combined: 0.8540 [92mK_eeg: 0.8285 [92mK_eog: 0.7951 [34mF1_perclass_combined: [94.31, 43.15, 89.61, 86.79, 91.8] [34mF1_perclass_eeg: [92.07, 44.74, 88.1, 85.51, 88.75] [34mF1_perclass_eog: [91.58, 25.69, 85.11, 79.35, 90.0] 
[37mEpoch 11 step 174 with [31mce_loss_combined : 0.284222 [31mce_loss_eeg : 0.387582 [31mce_loss_eog : 0.426238 [31mtotal : 1.098041 [94mAcc_combined: 89.34 [94mAcc_eeg: 87.41 [94mAcc_eog: 85.59 [92mF1_combined: 81.74 [92mF1_eeg: 80.16 [92mF1_eog: 75.10 [92mK_combined: 0.8522 [92mK_eeg: 0.8257 [92mK_eog: 0.7993 [34mF1_perclass_combined: [94.09, 47.11, 89.49, 86.2, 91.79] [34mF1_perclass_eeg: [91.75, 47.44, 87.75, 84.83, 89.03] [34mF1_perclass_eog: [91.53, 28.76, 85.51, 80.16, 89.52] 
[37mEpoch 12 step 176 with [31mce_loss_combined : 0.278991 [31mce_loss_eeg : 0.385696 [31mce_loss_eog : 0.426619 [31mtotal : 1.091306 [94mAcc_combined: 89.36 [94mAcc_eeg: 87.41 [94mAcc_eog: 85.64 [92mF1_combined: 82.43 [92mF1_eeg: 80.61 [92mF1_eog: 75.90 [92mK_combined: 0.8535 [92mK_eeg: 0.8267 [92mK_eog: 0.8000 [34mF1_perclass_combined: [94.08, 49.95, 89.35, 86.99, 91.77] [34mF1_perclass_eeg: [91.49, 49.08, 87.72, 86.16, 88.62] [34mF1_perclass_eog: [91.78, 32.61, 85.44, 79.59, 90.09] 
[37mEpoch 12 step 183 with [31mce_loss_combined : 0.277224 [31mce_loss_eeg : 0.377347 [31mce_loss_eog : 0.426535 [31mtotal : 1.081106 [94mAcc_combined: 89.51 [94mAcc_eeg: 87.88 [94mAcc_eog: 85.46 [92mF1_combined: 81.71 [92mF1_eeg: 80.15 [92mF1_eog: 74.69 [92mK_combined: 0.8541 [92mK_eeg: 0.8320 [92mK_eog: 0.7962 [34mF1_perclass_combined: [94.51, 46.08, 89.57, 86.88, 91.49] [34mF1_perclass_eeg: [92.07, 44.85, 88.22, 86.23, 89.39] [34mF1_perclass_eog: [91.76, 26.75, 85.15, 80.04, 89.78] 
[37mEpoch 13 step 191 with [31mce_loss_combined : 0.274001 [31mce_loss_eeg : 0.377354 [31mce_loss_eog : 0.419067 [31mtotal : 1.070422 [94mAcc_combined: 89.53 [94mAcc_eeg: 87.79 [94mAcc_eog: 85.71 [92mF1_combined: 81.59 [92mF1_eeg: 80.28 [92mF1_eog: 74.78 [92mK_combined: 0.8550 [92mK_eeg: 0.8309 [92mK_eog: 0.7999 [34mF1_perclass_combined: [94.3, 45.28, 89.56, 86.97, 91.83] [34mF1_perclass_eeg: [92.04, 45.87, 88.0, 86.03, 89.46] [34mF1_perclass_eog: [91.92, 26.99, 85.61, 79.28, 90.11] 
[37mEpoch 13 step 195 with [31mce_loss_combined : 0.275053 [31mce_loss_eeg : 0.377198 [31mce_loss_eog : 0.416114 [31mtotal : 1.068365 [94mAcc_combined: 89.53 [94mAcc_eeg: 87.91 [94mAcc_eog: 85.89 [92mF1_combined: 82.37 [92mF1_eeg: 80.68 [92mF1_eog: 75.81 [92mK_combined: 0.8554 [92mK_eeg: 0.8329 [92mK_eog: 0.8032 [34mF1_perclass_combined: [94.44, 49.14, 89.54, 86.61, 92.11] [34mF1_perclass_eeg: [92.45, 47.47, 88.11, 86.0, 89.37] [34mF1_perclass_eog: [91.88, 30.95, 85.72, 80.36, 90.13] 
[37mEpoch 13 step 198 with [31mce_loss_combined : 0.269724 [31mce_loss_eeg : 0.372251 [31mce_loss_eog : 0.411986 [31mtotal : 1.053961 [94mAcc_combined: 89.74 [94mAcc_eeg: 87.95 [94mAcc_eog: 85.96 [92mF1_combined: 82.31 [92mF1_eeg: 80.65 [92mF1_eog: 75.50 [92mK_combined: 0.8576 [92mK_eeg: 0.8329 [92mK_eog: 0.8038 [34mF1_perclass_combined: [94.72, 48.25, 89.85, 86.6, 92.11] [34mF1_perclass_eeg: [92.41, 47.48, 88.24, 85.67, 89.48] [34mF1_perclass_eog: [91.98, 29.38, 85.82, 79.97, 90.36] 
[37mEpoch 14 step 211 with [31mce_loss_combined : 0.270989 [31mce_loss_eeg : 0.370401 [31mce_loss_eog : 0.410125 [31mtotal : 1.051515 [94mAcc_combined: 89.74 [94mAcc_eeg: 88.12 [94mAcc_eog: 86.09 [92mF1_combined: 82.49 [92mF1_eeg: 80.80 [92mF1_eog: 76.12 [92mK_combined: 0.8581 [92mK_eeg: 0.8356 [92mK_eog: 0.8057 [34mF1_perclass_combined: [94.48, 48.94, 89.75, 87.1, 92.17] [34mF1_perclass_eeg: [92.58, 47.28, 88.33, 86.16, 89.67] [34mF1_perclass_eog: [92.25, 32.15, 85.94, 79.72, 90.56] 
[37mEpoch 14 step 213 with [31mce_loss_combined : 0.269796 [31mce_loss_eeg : 0.369372 [31mce_loss_eog : 0.409093 [31mtotal : 1.048261 [94mAcc_combined: 89.78 [94mAcc_eeg: 88.15 [94mAcc_eog: 86.15 [92mF1_combined: 82.43 [92mF1_eeg: 80.79 [92mF1_eog: 75.88 [92mK_combined: 0.8583 [92mK_eeg: 0.8358 [92mK_eog: 0.8070 [34mF1_perclass_combined: [94.57, 48.56, 89.8, 87.06, 92.17] [34mF1_perclass_eeg: [92.58, 47.22, 88.42, 86.14, 89.57] [34mF1_perclass_eog: [92.22, 30.12, 85.85, 80.74, 90.48] 
[37mEpoch 21 step 307 with [31mce_loss_combined : 0.273660 [31mce_loss_eeg : 0.366515 [31mce_loss_eog : 0.402891 [31mtotal : 1.043066 [94mAcc_combined: 89.63 [94mAcc_eeg: 88.07 [94mAcc_eog: 85.99 [92mF1_combined: 82.77 [92mF1_eeg: 81.18 [92mF1_eog: 76.58 [92mK_combined: 0.8570 [92mK_eeg: 0.8354 [92mK_eog: 0.8048 [34mF1_perclass_combined: [94.51, 50.77, 89.59, 86.94, 92.03] [34mF1_perclass_eeg: [92.63, 49.43, 88.32, 86.15, 89.39] [34mF1_perclass_eog: [92.21, 34.6, 85.75, 79.79, 90.54] 
[37mEpoch 21 step 314 with [31mce_loss_combined : 0.274537 [31mce_loss_eeg : 0.361384 [31mce_loss_eog : 0.405895 [31mtotal : 1.041816 [94mAcc_combined: 89.60 [94mAcc_eeg: 88.13 [94mAcc_eog: 85.81 [92mF1_combined: 81.98 [92mF1_eeg: 80.64 [92mF1_eog: 75.28 [92mK_combined: 0.8555 [92mK_eeg: 0.8354 [92mK_eog: 0.8014 [34mF1_perclass_combined: [94.7, 47.13, 89.65, 86.96, 91.47] [34mF1_perclass_eeg: [92.7, 46.5, 88.43, 86.33, 89.23] [34mF1_perclass_eog: [92.45, 28.62, 85.52, 80.2, 89.62] 
[37mEpoch 22 step 322 with [31mce_loss_combined : 0.272048 [31mce_loss_eeg : 0.365477 [31mce_loss_eog : 0.400470 [31mtotal : 1.037995 [94mAcc_combined: 89.63 [94mAcc_eeg: 87.79 [94mAcc_eog: 85.95 [92mF1_combined: 81.94 [92mF1_eeg: 80.36 [92mF1_eog: 75.23 [92mK_combined: 0.8566 [92mK_eeg: 0.8311 [92mK_eog: 0.8037 [34mF1_perclass_combined: [94.52, 46.71, 89.57, 86.96, 91.95] [34mF1_perclass_eeg: [92.22, 46.24, 87.96, 86.3, 89.07] [34mF1_perclass_eog: [92.48, 28.17, 85.73, 79.66, 90.12] 
[37mEpoch 22 step 326 with [31mce_loss_combined : 0.273661 [31mce_loss_eeg : 0.365131 [31mce_loss_eog : 0.398055 [31mtotal : 1.036847 [94mAcc_combined: 89.66 [94mAcc_eeg: 87.87 [94mAcc_eog: 86.14 [92mF1_combined: 82.59 [92mF1_eeg: 80.73 [92mF1_eog: 76.19 [92mK_combined: 0.8572 [92mK_eeg: 0.8324 [92mK_eog: 0.8067 [34mF1_perclass_combined: [94.62, 49.89, 89.7, 86.66, 92.08] [34mF1_perclass_eeg: [92.76, 48.16, 88.05, 86.03, 88.65] [34mF1_perclass_eog: [92.45, 32.06, 85.96, 80.26, 90.21] 
[37mEpoch 22 step 329 with [31mce_loss_combined : 0.269246 [31mce_loss_eeg : 0.358466 [31mce_loss_eog : 0.395321 [31mtotal : 1.023032 [94mAcc_combined: 89.81 [94mAcc_eeg: 88.10 [94mAcc_eog: 86.23 [92mF1_combined: 82.65 [92mF1_eeg: 80.89 [92mF1_eog: 76.19 [92mK_combined: 0.8586 [92mK_eeg: 0.8350 [92mK_eog: 0.8079 [34mF1_perclass_combined: [94.85, 49.86, 89.93, 86.54, 92.04] [34mF1_perclass_eeg: [92.72, 48.09, 88.44, 85.7, 89.49] [34mF1_perclass_eog: [92.56, 31.78, 86.02, 80.26, 90.34] 
[37mEpoch 24 step 353 with [31mce_loss_combined : 0.267722 [31mce_loss_eeg : 0.359059 [31mce_loss_eog : 0.393949 [31mtotal : 1.020730 [94mAcc_combined: 89.87 [94mAcc_eeg: 88.09 [94mAcc_eog: 86.24 [92mF1_combined: 82.51 [92mF1_eeg: 80.69 [92mF1_eog: 76.29 [92mK_combined: 0.8595 [92mK_eeg: 0.8347 [92mK_eog: 0.8086 [34mF1_perclass_combined: [94.78, 48.9, 89.94, 86.83, 92.12] [34mF1_perclass_eeg: [92.82, 47.11, 88.4, 86.07, 89.03] [34mF1_perclass_eog: [92.47, 31.79, 85.91, 80.77, 90.5] 
[37mEpoch 24 step 358 with [31mce_loss_combined : 0.268270 [31mce_loss_eeg : 0.356596 [31mce_loss_eog : 0.392410 [31mtotal : 1.017276 [94mAcc_combined: 89.87 [94mAcc_eeg: 88.06 [94mAcc_eog: 86.33 [92mF1_combined: 82.45 [92mF1_eeg: 80.56 [92mF1_eog: 76.14 [92mK_combined: 0.8593 [92mK_eeg: 0.8342 [92mK_eog: 0.8092 [34mF1_perclass_combined: [94.92, 48.59, 89.95, 86.72, 92.05] [34mF1_perclass_eeg: [92.94, 46.64, 88.34, 85.81, 89.06] [34mF1_perclass_eog: [92.75, 30.93, 86.05, 80.57, 90.41] 
[37mEpoch 25 step 370 with [31mce_loss_combined : 0.267533 [31mce_loss_eeg : 0.357590 [31mce_loss_eog : 0.391897 [31mtotal : 1.017020 [94mAcc_combined: 89.88 [94mAcc_eeg: 88.08 [94mAcc_eog: 86.36 [92mF1_combined: 82.58 [92mF1_eeg: 80.71 [92mF1_eog: 76.69 [92mK_combined: 0.8600 [92mK_eeg: 0.8350 [92mK_eog: 0.8100 [34mF1_perclass_combined: [94.82, 49.0, 89.88, 87.1, 92.1] [34mF1_perclass_eeg: [92.78, 46.94, 88.29, 86.42, 89.11] [34mF1_perclass_eog: [92.56, 33.61, 86.15, 80.54, 90.59] 
[37mEpoch 25 step 373 with [31mce_loss_combined : 0.267057 [31mce_loss_eeg : 0.356382 [31mce_loss_eog : 0.391344 [31mtotal : 1.014782 [94mAcc_combined: 89.88 [94mAcc_eeg: 88.11 [94mAcc_eog: 86.36 [92mF1_combined: 82.63 [92mF1_eeg: 80.73 [92mF1_eog: 76.27 [92mK_combined: 0.8599 [92mK_eeg: 0.8352 [92mK_eog: 0.8099 [34mF1_perclass_combined: [94.82, 49.29, 89.91, 87.02, 92.1] [34mF1_perclass_eeg: [92.88, 47.21, 88.38, 86.14, 89.04] [34mF1_perclass_eog: [92.77, 31.33, 86.06, 80.65, 90.53] 
{'val_loss': {'ce_loss_combined': 0.26705673, 'ce_loss_eeg': 0.3563817, 'ce_loss_eog': 0.3913436, 'total': 1.0147821}, 'val_acc': {'combined': 0.8988415841584159, 'eeg': 0.8810792079207921, 'eog': 0.8636435643564356}, 'val_f1': {'combined': 0.8262753516212429, 'eeg': 0.807295678447912, 'eog': 0.7626789586470031}, 'val_k': {'combined': 0.8599261797310245, 'eeg': 0.8352036762641926, 'eog': 0.8099008974105204}, 'val_perclassf1': {'combined': array([0.94822257, 0.49285941, 0.89909441, 0.87023161, 0.92096877]), 'eeg': array([0.92884524, 0.47205765, 0.88375498, 0.86143665, 0.89038388]), 'eog': array([0.92774673, 0.31328512, 0.86057727, 0.80645608, 0.90532959])}}
We are in the final state.
Job finished
