[INFO]: Hi, This is root.
[INFO]: After the configurations are successfully processed and dirs are created.
[INFO]: The pipeline of the project will begin now.
2022/12/30 16:33:09	INFO	wandb	multiprocessing start_methods=fork,spawn,forkserver, using: spawn
2022/12/30 16:33:11	INFO	wandb	communicating current version
2022/12/30 16:33:11	INFO	wandb	got version response upgrade_message: "wandb version 0.13.7 is available!  To upgrade, please run:\n $ pip install wandb --upgrade"

2022/12/30 16:33:14	INFO	wandb	atexit reg
2022/12/30 16:33:14	INFO	wandb	redirect: SettingsConsole.WRAP_RAW
2022/12/30 16:33:14	INFO	wandb	Wrapping output streams.
2022/12/30 16:33:14	INFO	wandb	Redirects installed.
2022/12/30 16:33:19	INFO	wandb	Watching
2022/12/31 22:53:45	INFO	wandb	finishing run kkontras/sleep_transformers/fep498j9
2022/12/31 22:53:45	INFO	wandb	got exitcode: 0
2022/12/31 22:53:45	INFO	wandb	restore
2022/12/31 22:53:45	INFO	wandb	restore done
2022/12/31 22:53:45	INFO	wandb	got exit ret: file_counts {
  wandb_count: 1
}
pusher_stats {
  uploaded_bytes: 636
  total_bytes: 636
}

2022/12/31 22:53:45	INFO	wandb	got exit ret: file_counts {
  wandb_count: 1
}
pusher_stats {
  uploaded_bytes: 636
  total_bytes: 636
}

2022/12/31 22:53:48	INFO	wandb	got exit ret: file_counts {
  wandb_count: 1
}
pusher_stats {
  uploaded_bytes: 636
  total_bytes: 636
}

2022/12/31 22:53:49	INFO	wandb	got exit ret: file_counts {
  wandb_count: 1
}
pusher_stats {
  uploaded_bytes: 636
  total_bytes: 636
}

2022/12/31 22:53:50	INFO	wandb	got exit ret: file_counts {
  wandb_count: 5
}
pusher_stats {
  uploaded_bytes: 636
  total_bytes: 912273
}

2022/12/31 22:53:50	INFO	wandb	got exit ret: file_counts {
  wandb_count: 6
}
pusher_stats {
  uploaded_bytes: 636
  total_bytes: 2005989
}

2022/12/31 22:53:50	INFO	wandb	got exit ret: file_counts {
  wandb_count: 6
}
pusher_stats {
  uploaded_bytes: 636
  total_bytes: 2005989
}

2022/12/31 22:53:50	INFO	wandb	got exit ret: file_counts {
  wandb_count: 6
}
pusher_stats {
  uploaded_bytes: 636
  total_bytes: 2005989
}

2022/12/31 22:53:50	INFO	wandb	got exit ret: file_counts {
  wandb_count: 6
}
pusher_stats {
  uploaded_bytes: 636
  total_bytes: 2005989
}

2022/12/31 22:53:50	INFO	wandb	got exit ret: file_counts {
  wandb_count: 6
}
pusher_stats {
  uploaded_bytes: 2005989
  total_bytes: 2005989
}

2022/12/31 22:53:50	INFO	wandb	got exit ret: file_counts {
  wandb_count: 6
}
pusher_stats {
  uploaded_bytes: 2005989
  total_bytes: 2005989
}

2022/12/31 22:53:50	INFO	wandb	got exit ret: file_counts {
  wandb_count: 6
}
pusher_stats {
  uploaded_bytes: 2005989
  total_bytes: 2005989
}

2022/12/31 22:53:50	INFO	wandb	got exit ret: file_counts {
  wandb_count: 6
}
pusher_stats {
  uploaded_bytes: 2005989
  total_bytes: 2005989
}

2022/12/31 22:53:51	INFO	wandb	got exit ret: file_counts {
  wandb_count: 6
}
pusher_stats {
  uploaded_bytes: 2005989
  total_bytes: 2005989
}

2022/12/31 22:53:51	INFO	wandb	got exit ret: file_counts {
  wandb_count: 6
}
pusher_stats {
  uploaded_bytes: 2005989
  total_bytes: 2005989
}

2022/12/31 22:53:51	INFO	wandb	got exit ret: file_counts {
  wandb_count: 6
}
pusher_stats {
  uploaded_bytes: 2005989
  total_bytes: 2005989
}

2022/12/31 22:53:52	INFO	wandb	got exit ret: done: true
exit_result {
}
file_counts {
  wandb_count: 6
}
pusher_stats {
  uploaded_bytes: 2005989
  total_bytes: 2005989
}
local_info {
}

