000 (1050.003.000) 2022-12-30 16:32:13 Job submitted from host: <10.87.28.129:9618?addrs=10.87.28.129-9618&alias=timmermans.esat.kuleuven.be&noUDP&sock=schedd_2118_59ad>
...
001 (1050.003.000) 2022-12-30 16:32:32 Job executing on host: <10.87.24.4:9618?addrs=10.87.24.4-9618&alias=aristoteles.esat.kuleuven.be&noUDP&sock=startd_2769_e1d5>
...
006 (1050.003.000) 2022-12-30 16:32:41 Image size of job updated: 49812
	28  -  MemoryUsage of job (MB)
	28304  -  ResidentSetSize of job (KB)
...
006 (1050.003.000) 2022-12-30 16:37:42 Image size of job updated: 394378912
	12766  -  MemoryUsage of job (MB)
	13071784  -  ResidentSetSize of job (KB)
...
006 (1050.003.000) 2022-12-30 16:42:42 Image size of job updated: 403405640
	12766  -  MemoryUsage of job (MB)
	13071784  -  ResidentSetSize of job (KB)
...
006 (1050.003.000) 2022-12-30 16:52:42 Image size of job updated: 403440272
	12766  -  MemoryUsage of job (MB)
	13071784  -  ResidentSetSize of job (KB)
...
006 (1050.003.000) 2022-12-30 16:57:44 Image size of job updated: 403446060
	12766  -  MemoryUsage of job (MB)
	13071784  -  ResidentSetSize of job (KB)
...
006 (1050.003.000) 2022-12-30 17:02:44 Image size of job updated: 403449632
	12766  -  MemoryUsage of job (MB)
	13071784  -  ResidentSetSize of job (KB)
...
006 (1050.003.000) 2022-12-30 17:07:44 Image size of job updated: 403454268
	12766  -  MemoryUsage of job (MB)
	13071784  -  ResidentSetSize of job (KB)
...
006 (1050.003.000) 2022-12-30 17:17:46 Image size of job updated: 403556708
	12766  -  MemoryUsage of job (MB)
	13071784  -  ResidentSetSize of job (KB)
...
006 (1050.003.000) 2022-12-30 17:22:46 Image size of job updated: 460295224
	12766  -  MemoryUsage of job (MB)
	13071784  -  ResidentSetSize of job (KB)
...
006 (1050.003.000) 2022-12-30 17:27:46 Image size of job updated: 460427668
	12766  -  MemoryUsage of job (MB)
	13071784  -  ResidentSetSize of job (KB)
...
006 (1050.003.000) 2022-12-30 17:52:50 Image size of job updated: 460461924
	12766  -  MemoryUsage of job (MB)
	13071784  -  ResidentSetSize of job (KB)
...
006 (1050.003.000) 2022-12-30 18:07:51 Image size of job updated: 460504072
	12766  -  MemoryUsage of job (MB)
	13071784  -  ResidentSetSize of job (KB)
...
006 (1050.003.000) 2022-12-30 18:12:52 Image size of job updated: 461060184
	12766  -  MemoryUsage of job (MB)
	13071784  -  ResidentSetSize of job (KB)
...
006 (1050.003.000) 2022-12-30 18:17:52 Image size of job updated: 461125820
	12766  -  MemoryUsage of job (MB)
	13071784  -  ResidentSetSize of job (KB)
...
006 (1050.003.000) 2022-12-30 18:22:53 Image size of job updated: 461167308
	12766  -  MemoryUsage of job (MB)
	13071784  -  ResidentSetSize of job (KB)
...
006 (1050.003.000) 2022-12-30 18:32:54 Image size of job updated: 461185132
	12766  -  MemoryUsage of job (MB)
	13071784  -  ResidentSetSize of job (KB)
...
006 (1050.003.000) 2022-12-30 18:52:56 Image size of job updated: 461635108
	12766  -  MemoryUsage of job (MB)
	13071784  -  ResidentSetSize of job (KB)
...
006 (1050.003.000) 2022-12-30 19:02:56 Image size of job updated: 461673836
	12766  -  MemoryUsage of job (MB)
	13071784  -  ResidentSetSize of job (KB)
...
006 (1050.003.000) 2022-12-30 19:12:58 Image size of job updated: 461730004
	12766  -  MemoryUsage of job (MB)
	13071784  -  ResidentSetSize of job (KB)
...
006 (1050.003.000) 2022-12-30 19:27:59 Image size of job updated: 461751524
	12766  -  MemoryUsage of job (MB)
	13071784  -  ResidentSetSize of job (KB)
...
006 (1050.003.000) 2022-12-30 19:38:00 Image size of job updated: 461751956
	12766  -  MemoryUsage of job (MB)
	13071784  -  ResidentSetSize of job (KB)
...
006 (1050.003.000) 2022-12-30 19:43:00 Image size of job updated: 461777084
	12766  -  MemoryUsage of job (MB)
	13071784  -  ResidentSetSize of job (KB)
...
006 (1050.003.000) 2022-12-30 20:13:03 Image size of job updated: 461865900
	12766  -  MemoryUsage of job (MB)
	13071784  -  ResidentSetSize of job (KB)
...
006 (1050.003.000) 2022-12-30 20:33:05 Image size of job updated: 461912480
	12766  -  MemoryUsage of job (MB)
	13071784  -  ResidentSetSize of job (KB)
...
006 (1050.003.000) 2022-12-30 22:03:14 Image size of job updated: 461918724
	12766  -  MemoryUsage of job (MB)
	13071784  -  ResidentSetSize of job (KB)
...
006 (1050.003.000) 2022-12-31 00:23:29 Image size of job updated: 461991836
	12766  -  MemoryUsage of job (MB)
	13071784  -  ResidentSetSize of job (KB)
...
006 (1050.003.000) 2022-12-31 06:24:07 Image size of job updated: 462016244
	12766  -  MemoryUsage of job (MB)
	13071784  -  ResidentSetSize of job (KB)
...
006 (1050.003.000) 2022-12-31 08:59:24 Image size of job updated: 462020892
	12766  -  MemoryUsage of job (MB)
	13071784  -  ResidentSetSize of job (KB)
...
006 (1050.003.000) 2022-12-31 12:39:47 Image size of job updated: 462059304
	12766  -  MemoryUsage of job (MB)
	13071784  -  ResidentSetSize of job (KB)
...
006 (1050.003.000) 2022-12-31 13:59:56 Image size of job updated: 462129700
	12766  -  MemoryUsage of job (MB)
	13071784  -  ResidentSetSize of job (KB)
...
006 (1050.003.000) 2022-12-31 16:20:08 Image size of job updated: 462151728
	12766  -  MemoryUsage of job (MB)
	13071784  -  ResidentSetSize of job (KB)
...
006 (1050.003.000) 2022-12-31 22:10:43 Image size of job updated: 462172752
	12766  -  MemoryUsage of job (MB)
	13071784  -  ResidentSetSize of job (KB)
...
006 (1050.003.000) 2023-01-01 00:10:55 Image size of job updated: 462175748
	12766  -  MemoryUsage of job (MB)
	13071784  -  ResidentSetSize of job (KB)
...
005 (1050.003.000) 2023-01-01 00:23:37 Job terminated.
	(1) Normal termination (return value 0)
		Usr 3 08:35:44, Sys 1 00:24:53  -  Run Remote Usage
		Usr 0 00:00:00, Sys 0 00:00:00  -  Run Local Usage
		Usr 3 08:35:44, Sys 1 00:24:53  -  Total Remote Usage
		Usr 0 00:00:00, Sys 0 00:00:00  -  Total Local Usage
	0  -  Run Bytes Sent By Job
	0  -  Run Bytes Received By Job
	0  -  Total Bytes Sent By Job
	0  -  Total Bytes Received By Job
	Partitionable Resources :    Usage  Request Allocated Assigned
	   Cpus                 :     2.99       16        16 
	   Disk (KB)            :     1           1    394190 
	   Gpus (Average)       :                 1         1 "CUDA1"
	   GpusMemory (MB)      :  6740                       
	   Memory (MB)          : 12766       16384     16384 

	Job terminated of its own accord at 2022-12-31T23:23:37Z.
...
