Starting Job
/users/sista/kkontras/Documents/Sleep_Project/main_paper_3.py
/esat/smcdata/users/kkontras/Image_Dataset/no_backup/envs/gl_env/bin/python
Python 3.7.10
/users/sista/kkontras/Documents/Sleep_Project
0
 THE Configuration of your experiment ..
{'agent': 'Sleep_Agent_Init_Train',
 'augmentation': {},
 'channel': 0,
 'dataset': {'cache_datasets': {'test': False, 'train': False, 'valid': False},
             'data_roots': '/esat/biomeddata/SHHS_Dataset/no_backup',
             'data_split': {'split_method': 'patients_test',
                            'test_split_rate': 0.3,
                            'val_split_rate': 0.026},
             'data_view_dir': [{'data_type': 'stft',
                                'list_dir': 'patient_mat_list.txt',
                                'mod': 'eeg',
                                'num_ch': 1},
                               {'data_type': 'stft',
                                'list_dir': 'patient_eog_mat_list.txt',
                                'mod': 'eog',
                                'num_ch': 1}],
             'dataloader_class': 'SleepDataLoader_mat_huy',
             'huy_data': True,
             'inner_overlap': [0.5, 0.5],
             'keep_view': [1, 0],
             'seq_length': [10, 0],
             'seq_views': [False],
             'shuffle_train': True},
 'early_stopping': {'log_interval': 10,
                    'max_epoch': 1000,
                    'n_steps_stop': 250,
                    'n_steps_stop_after': 400,
                    'save_every': 1,
                    'validate_after': 0,
                    'validate_every': 400},
 'exp_name': 'Sleep EEG-EOG BLIP Experiment',
 'lr_finder': False,
 'lr_finder_steps': 100,
 'mode': 'train',
 'model': {'args': {'augment_within': False,
                    'dmodel': 128,
                    'dropout': 0.3,
                    'fc_inner': 1024,
                    'ignore_alignment_val': True,
                    'multi_loss': {'multi_loss_weights': {'alignment_loss': 0.1,
                                                          'multi_supervised_loss': {'combined': 1,
                                                                                    'eeg': 1,
                                                                                    'eog': 1},
                                                          'order_loss': 0}},
                    'num_classes': 5,
                    'shared_pred': False,
                    'three_modes': True,
                    'training_type': 'alignment_order_multisupervised'},
           'encoders': [{'args': {'align_inner': True,
                                  'd_model': 128,
                                  'dim_feedforward': 1024,
                                  'dim_proj': 128,
                                  'dropout': 0.3,
                                  'inner_biased': False,
                                  'mod_token': False,
                                  'num_heads': 8,
                                  'num_layers': 4,
                                  'outer_biased': False,
                                  'outer_rep': False,
                                  'pos': False,
                                  'rpos': True,
                                  'shared': True,
                                  'skip_random_mod': False},
                         'encoders': [],
                         'freeze_encoder': False,
                         'model': 'SleepEnc_BLIP_EEG_EOG_shared_free_cliplike',
                         'pretrainedEncoder': {'dir': '', 'use': False},
                         'savetrainedEncoder': {'dir': '', 'save': False}}],
           'load_ongoing': False,
           'model_class': 'EEG_SLEEP_BLIP_GM_MultiMode',
           'pretrained_model': {'dir': '', 'use': False},
           'save_dir': '/esat/smcdata/users/kkontras/Image_Dataset/no_backup/data/2021_data/shhs1/multi_modal/paper_models/fourier_transformer_eeg_eog_mat_BLIP_al01_shared_b16_freetrain_rpos_nopos_nonsharedpreds_drop03_aligninner_al10_trial2_pt.pth.tar'},
 'normalization': {'calculate_metrics': False,
                   'dir': '/esat/biomeddata/SHHS_Dataset/no_backup/metrics_eeg_eog_emg_stft.pkl',
                   'metrics_type': 'train_dataset',
                   'save_metrics': False,
                   'use': True},
 'num_classes': 5,
 'num_modalities': 1,
 'optimizer': {'beta1': 0.9,
               'beta2': 0.999,
               'learning_rate': 0.0001,
               'momentum': 0.2,
               'type': 'Adam',
               'weight_decay': 0.0001},
 'plots': {'plot_stft_num': 0, 'save': False},
 'post_proc': {'post_proc_step': 15,
               'test_postprocessing': False,
               'val_postprocessing': False},
 'scheduler': {'max_lr': 0.03, 'type': 'cosanneal', 'warm_up': 55},
 'statistics': {'ce_weights': {'temp': 0.1, 'use': False}, 'print': False},
 'training_params': {'adversarial_training': {'adv_epsilon': 0.01,
                                              'use': False},
                     'async_loading': True,
                     'batch_size': 16,
                     'cuda': True,
                     'data_loader_workers': 8,
                     'gpu_device': [0],
                     'pin_memory': True,
                     'rec_test': False,
                     'res': True,
                     'seed': 35,
                     'tdqm_disable': True,
                     'test_batch_size': 16,
                     'test_on_tops': True,
                     'use_test_set': True,
                     'validation': True,
                     'verbose': True,
                     'wandb_disable': False}}
 *************************************** 
The experiment name is Sleep EEG-EOG BLIP Experiment
 *************************************** 
stft_eeg Train 3724 validation 100 test 1639
stft_eog Train 3724 validation 100 test 1639
{'use_type': False, 'skip_skips': True}
{'use_type': False, 'skip_skips': True}
{'use_type': False, 'skip_skips': True}
{'use_type': False, 'skip_skips': True}
Loading metrics from /esat/biomeddata/SHHS_Dataset/no_backup/metrics_eeg_eog_emg_stft.pkl
Weights are [1. 1. 1. 1. 1.]
23255
400
59
tensor([1., 1., 1., 1., 1.], device='cuda:0')
We are not shuffling the data
Training function is sleep_train_one_step_alignment_order_multisupervised
Loss Weights are {'combined': 1, 'eeg': 1, 'eog': 1, 'alignments': 0.1, 'order': 0, 'consistency': 0, 'reconstruction': 0}
We are not shuffling the data
<class 'graphs.models.attention_models.BLIP.SleepEnc_BLIP_EEG_EOG_shared_free_cliplike'>
Total number of trainable parameters are: 10001935
Available cuda devices: 1, current device:0
Total number of trainable parameters are: 10001935
[37mEpoch 0 step 1 with [31mce_loss_combined : 1.084921 [31mce_loss_eeg : 1.292729 [31mce_loss_eog : 1.258854 [31mtotal : 3.636504 [94mAcc_combined: 61.79 [94mAcc_eeg: 47.44 [94mAcc_eog: 59.11 [92mF1_combined: 44.97 [92mF1_eeg: 20.22 [92mF1_eog: 31.03 [92mK_combined: 0.4251 [92mK_eeg: 0.1283 [92mK_eog: 0.3514 [34mF1_perclass_combined: [67.82, 0.0, 69.35, 61.46, 26.19] [34mF1_perclass_eeg: [40.29, 0.0, 60.8, 0.0, 0.0] [34mF1_perclass_eog: [76.05, 0.0, 67.71, 7.71, 3.67] 
[37mEpoch 0 step 2 with [31mce_loss_combined : 0.755430 [31mce_loss_eeg : 1.144420 [31mce_loss_eog : 1.175634 [31mtotal : 3.075483 [94mAcc_combined: 73.93 [94mAcc_eeg: 68.34 [94mAcc_eog: 66.79 [92mF1_combined: 59.84 [92mF1_eeg: 54.92 [92mF1_eog: 50.60 [92mK_combined: 0.6429 [92mK_eeg: 0.5661 [92mK_eog: 0.5288 [34mF1_perclass_combined: [84.91, 0.0, 73.75, 76.0, 64.53] [34mF1_perclass_eeg: [80.36, 0.0, 67.95, 73.41, 52.88] [34mF1_perclass_eog: [70.55, 0.0, 73.73, 68.75, 39.95] 
[37mEpoch 0 step 3 with [31mce_loss_combined : 0.650119 [31mce_loss_eeg : 1.095392 [31mce_loss_eog : 1.116531 [31mtotal : 2.862043 [94mAcc_combined: 76.63 [94mAcc_eeg: 71.80 [94mAcc_eog: 69.97 [92mF1_combined: 62.07 [92mF1_eeg: 57.80 [92mF1_eog: 56.24 [92mK_combined: 0.6764 [92mK_eeg: 0.6135 [92mK_eog: 0.5841 [34mF1_perclass_combined: [81.86, 2.96, 78.87, 76.84, 69.81] [34mF1_perclass_eeg: [81.78, 0.0, 72.51, 79.48, 55.25] [34mF1_perclass_eog: [74.55, 0.0, 71.17, 69.47, 66.01] 
[37mEpoch 0 step 4 with [31mce_loss_combined : 0.658245 [31mce_loss_eeg : 1.081073 [31mce_loss_eog : 1.086481 [31mtotal : 2.825799 [94mAcc_combined: 76.70 [94mAcc_eeg: 72.40 [94mAcc_eog: 71.30 [92mF1_combined: 60.99 [92mF1_eeg: 56.08 [92mF1_eog: 54.99 [92mK_combined: 0.6613 [92mK_eeg: 0.5925 [92mK_eog: 0.5820 [34mF1_perclass_combined: [81.19, 0.0, 80.09, 67.65, 76.02] [34mF1_perclass_eeg: [82.73, 0.0, 75.99, 73.59, 48.07] [34mF1_perclass_eog: [73.26, 0.0, 77.41, 54.53, 69.74] 
[37mEpoch 0 step 5 with [31mce_loss_combined : 0.687519 [31mce_loss_eeg : 1.095717 [31mce_loss_eog : 1.041091 [31mtotal : 2.824327 [94mAcc_combined: 74.07 [94mAcc_eeg: 69.55 [94mAcc_eog: 75.06 [92mF1_combined: 55.70 [92mF1_eeg: 53.16 [92mF1_eog: 60.06 [92mK_combined: 0.6135 [92mK_eeg: 0.5548 [92mK_eog: 0.6376 [34mF1_perclass_combined: [82.77, 0.0, 77.88, 40.93, 76.91] [34mF1_perclass_eeg: [76.02, 0.0, 76.54, 56.13, 57.12] [34mF1_perclass_eog: [79.16, 0.0, 77.84, 67.23, 76.08] 
[37mEpoch 0 step 6 with [31mce_loss_combined : 0.562306 [31mce_loss_eeg : 1.003006 [31mce_loss_eog : 1.070184 [31mtotal : 2.635496 [94mAcc_combined: 79.65 [94mAcc_eeg: 77.36 [94mAcc_eog: 71.72 [92mF1_combined: 65.42 [92mF1_eeg: 61.81 [92mF1_eog: 58.77 [92mK_combined: 0.7159 [92mK_eeg: 0.6824 [92mK_eog: 0.5918 [34mF1_perclass_combined: [88.39, 4.17, 79.56, 76.31, 78.68] [34mF1_perclass_eeg: [86.6, 0.0, 78.77, 80.33, 63.33] [34mF1_perclass_eog: [72.75, 0.0, 72.86, 71.21, 77.03] 
[37mEpoch 0 step 7 with [31mce_loss_combined : 0.548407 [31mce_loss_eeg : 0.981185 [31mce_loss_eog : 1.053988 [31mtotal : 2.583580 [94mAcc_combined: 79.24 [94mAcc_eeg: 78.31 [94mAcc_eog: 73.96 [92mF1_combined: 64.40 [92mF1_eeg: 62.55 [92mF1_eog: 58.73 [92mK_combined: 0.7095 [92mK_eeg: 0.6963 [92mK_eog: 0.6264 [34mF1_perclass_combined: [87.36, 1.29, 79.54, 75.63, 78.19] [34mF1_perclass_eeg: [85.0, 0.0, 80.49, 81.09, 66.16] [34mF1_perclass_eog: [81.16, 0.0, 75.95, 71.61, 64.93] 
[37mEpoch 0 step 9 with [31mce_loss_combined : 0.541000 [31mce_loss_eeg : 0.988206 [31mce_loss_eog : 1.000068 [31mtotal : 2.529274 [94mAcc_combined: 80.33 [94mAcc_eeg: 76.43 [94mAcc_eog: 73.60 [92mF1_combined: 67.16 [92mF1_eeg: 61.70 [92mF1_eog: 54.77 [92mK_combined: 0.7177 [92mK_eeg: 0.6734 [92mK_eog: 0.6095 [34mF1_perclass_combined: [87.17, 17.66, 83.31, 75.16, 72.52] [34mF1_perclass_eeg: [85.8, 0.51, 79.4, 78.61, 64.18] [34mF1_perclass_eog: [82.01, 0.0, 77.41, 36.29, 78.14] 
[37mEpoch 0 step 12 with [31mce_loss_combined : 0.498113 [31mce_loss_eeg : 0.925991 [31mce_loss_eog : 0.982792 [31mtotal : 2.406896 [94mAcc_combined: 82.89 [94mAcc_eeg: 78.01 [94mAcc_eog: 75.17 [92mF1_combined: 67.67 [92mF1_eeg: 62.06 [92mF1_eog: 59.75 [92mK_combined: 0.7579 [92mK_eeg: 0.6855 [92mK_eog: 0.6475 [34mF1_perclass_combined: [87.66, 4.55, 84.98, 80.36, 80.81] [34mF1_perclass_eeg: [86.28, 1.74, 80.43, 80.5, 61.35] [34mF1_perclass_eog: [78.78, 0.0, 78.49, 65.74, 75.76] 
[37mEpoch 0 step 13 with [31mce_loss_combined : 0.455716 [31mce_loss_eeg : 0.894127 [31mce_loss_eog : 0.918477 [31mtotal : 2.268320 [94mAcc_combined: 83.84 [94mAcc_eeg: 80.07 [94mAcc_eog: 78.51 [92mF1_combined: 72.40 [92mF1_eeg: 65.73 [92mF1_eog: 63.66 [92mK_combined: 0.7738 [92mK_eeg: 0.7217 [92mK_eog: 0.6971 [34mF1_perclass_combined: [89.12, 23.35, 85.72, 81.11, 82.71] [34mF1_perclass_eeg: [87.24, 6.72, 82.42, 82.03, 70.23] [34mF1_perclass_eog: [84.07, 0.0, 79.41, 73.67, 81.14] 
[37mEpoch 0 step 17 with [31mce_loss_combined : 0.438263 [31mce_loss_eeg : 0.859593 [31mce_loss_eog : 0.927715 [31mtotal : 2.225572 [94mAcc_combined: 84.26 [94mAcc_eeg: 79.95 [94mAcc_eog: 75.34 [92mF1_combined: 72.69 [92mF1_eeg: 66.17 [92mF1_eog: 61.39 [92mK_combined: 0.7800 [92mK_eeg: 0.7215 [92mK_eog: 0.6600 [34mF1_perclass_combined: [88.8, 22.21, 86.02, 81.54, 84.9] [34mF1_perclass_eeg: [87.63, 9.03, 82.09, 82.38, 69.7] [34mF1_perclass_eog: [81.43, 0.0, 74.5, 71.23, 79.81] 
[37mEpoch 0 step 18 with [31mce_loss_combined : 0.438845 [31mce_loss_eeg : 0.847087 [31mce_loss_eog : 0.900404 [31mtotal : 2.186336 [94mAcc_combined: 84.62 [94mAcc_eeg: 81.38 [94mAcc_eog: 77.47 [92mF1_combined: 75.04 [92mF1_eeg: 68.97 [92mF1_eog: 62.27 [92mK_combined: 0.7835 [92mK_eeg: 0.7365 [92mK_eog: 0.6742 [34mF1_perclass_combined: [89.91, 33.33, 85.89, 81.53, 84.56] [34mF1_perclass_eeg: [87.92, 19.12, 83.71, 82.03, 72.08] [34mF1_perclass_eog: [82.56, 0.0, 79.38, 69.33, 80.06] 
[37mEpoch 0 step 19 with [31mce_loss_combined : 0.409315 [31mce_loss_eeg : 0.856896 [31mce_loss_eog : 0.889046 [31mtotal : 2.155257 [94mAcc_combined: 84.95 [94mAcc_eeg: 79.41 [94mAcc_eog: 77.25 [92mF1_combined: 72.04 [92mF1_eeg: 65.99 [92mF1_eog: 62.75 [92mK_combined: 0.7868 [92mK_eeg: 0.7130 [92mK_eog: 0.6833 [34mF1_perclass_combined: [89.36, 17.44, 86.72, 81.42, 85.27] [34mF1_perclass_eeg: [86.33, 10.91, 81.77, 82.2, 68.73] [34mF1_perclass_eog: [82.0, 0.0, 77.61, 73.05, 81.1] 
[37mEpoch 0 step 23 with [31mce_loss_combined : 0.478629 [31mce_loss_eeg : 0.819551 [31mce_loss_eog : 0.838323 [31mtotal : 2.136503 [94mAcc_combined: 82.36 [94mAcc_eeg: 79.51 [94mAcc_eog: 78.86 [92mF1_combined: 71.55 [92mF1_eeg: 66.39 [92mF1_eog: 63.05 [92mK_combined: 0.7563 [92mK_eeg: 0.7167 [92mK_eog: 0.6954 [34mF1_perclass_combined: [86.66, 25.53, 85.77, 81.8, 78.0] [34mF1_perclass_eeg: [85.05, 11.46, 83.36, 83.26, 68.84] [34mF1_perclass_eog: [84.75, 0.0, 80.9, 68.32, 81.28] 
[37mEpoch 0 step 24 with [31mce_loss_combined : 0.431662 [31mce_loss_eeg : 0.779846 [31mce_loss_eog : 0.874429 [31mtotal : 2.085938 [94mAcc_combined: 84.82 [94mAcc_eeg: 81.76 [94mAcc_eog: 76.41 [92mF1_combined: 73.34 [92mF1_eeg: 69.26 [92mF1_eog: 62.04 [92mK_combined: 0.7862 [92mK_eeg: 0.7415 [92mK_eog: 0.6703 [34mF1_perclass_combined: [88.81, 25.31, 87.45, 82.63, 82.5] [34mF1_perclass_eeg: [87.96, 18.84, 84.42, 82.13, 72.95] [34mF1_perclass_eog: [79.48, 0.0, 77.5, 72.49, 80.74] 
[37mEpoch 0 step 26 with [31mce_loss_combined : 0.431976 [31mce_loss_eeg : 0.778638 [31mce_loss_eog : 0.823145 [31mtotal : 2.033759 [94mAcc_combined: 84.59 [94mAcc_eeg: 81.23 [94mAcc_eog: 78.74 [92mF1_combined: 74.11 [92mF1_eeg: 68.65 [92mF1_eog: 63.27 [92mK_combined: 0.7829 [92mK_eeg: 0.7354 [92mK_eog: 0.6977 [34mF1_perclass_combined: [87.98, 30.05, 87.19, 82.58, 82.77] [34mF1_perclass_eeg: [86.36, 18.26, 83.76, 83.95, 70.92] [34mF1_perclass_eog: [83.82, 0.0, 80.78, 73.55, 78.18] 
[37mEpoch 0 step 28 with [31mce_loss_combined : 0.398219 [31mce_loss_eeg : 0.770797 [31mce_loss_eog : 0.800882 [31mtotal : 1.969898 [94mAcc_combined: 85.50 [94mAcc_eeg: 80.81 [94mAcc_eog: 79.45 [92mF1_combined: 75.64 [92mF1_eeg: 68.21 [92mF1_eog: 64.30 [92mK_combined: 0.7956 [92mK_eeg: 0.7281 [92mK_eog: 0.7078 [34mF1_perclass_combined: [90.37, 33.04, 87.38, 82.17, 85.26] [34mF1_perclass_eeg: [88.04, 18.12, 83.74, 80.04, 71.11] [34mF1_perclass_eog: [84.81, 0.0, 80.72, 73.61, 82.34] 
[37mEpoch 0 step 30 with [31mce_loss_combined : 0.388488 [31mce_loss_eeg : 0.752284 [31mce_loss_eog : 0.826521 [31mtotal : 1.967293 [94mAcc_combined: 85.91 [94mAcc_eeg: 81.43 [94mAcc_eog: 77.06 [92mF1_combined: 76.42 [92mF1_eeg: 71.25 [92mF1_eog: 62.75 [92mK_combined: 0.8051 [92mK_eeg: 0.7439 [92mK_eog: 0.6823 [34mF1_perclass_combined: [90.8, 34.36, 86.97, 83.76, 86.19] [34mF1_perclass_eeg: [87.19, 27.71, 83.21, 84.55, 73.59] [34mF1_perclass_eog: [82.31, 0.0, 76.88, 73.0, 81.58] 
[37mEpoch 0 step 31 with [31mce_loss_combined : 0.412691 [31mce_loss_eeg : 0.734863 [31mce_loss_eog : 0.810373 [31mtotal : 1.957928 [94mAcc_combined: 85.29 [94mAcc_eeg: 82.02 [94mAcc_eog: 77.89 [92mF1_combined: 76.99 [92mF1_eeg: 71.78 [92mF1_eog: 63.57 [92mK_combined: 0.7940 [92mK_eeg: 0.7472 [92mK_eog: 0.6870 [34mF1_perclass_combined: [90.52, 41.35, 86.82, 80.3, 85.95] [34mF1_perclass_eeg: [87.83, 29.13, 84.06, 83.27, 74.58] [34mF1_perclass_eog: [83.72, 0.0, 77.98, 74.14, 82.02] 
[37mEpoch 0 step 34 with [31mce_loss_combined : 0.379077 [31mce_loss_eeg : 0.714931 [31mce_loss_eog : 0.773648 [31mtotal : 1.867657 [94mAcc_combined: 85.71 [94mAcc_eeg: 81.82 [94mAcc_eog: 78.68 [92mF1_combined: 72.50 [92mF1_eeg: 69.94 [92mF1_eog: 63.82 [92mK_combined: 0.7971 [92mK_eeg: 0.7437 [92mK_eog: 0.7004 [34mF1_perclass_combined: [91.08, 16.68, 87.04, 80.95, 86.76] [34mF1_perclass_eeg: [88.52, 22.83, 84.66, 79.43, 74.28] [34mF1_perclass_eog: [84.66, 0.0, 79.18, 72.7, 82.56] 
[37mEpoch 0 step 36 with [31mce_loss_combined : 0.392448 [31mce_loss_eeg : 0.709765 [31mce_loss_eog : 0.754834 [31mtotal : 1.857047 [94mAcc_combined: 85.30 [94mAcc_eeg: 81.78 [94mAcc_eog: 79.28 [92mF1_combined: 77.45 [92mF1_eeg: 72.15 [92mF1_eog: 64.44 [92mK_combined: 0.7957 [92mK_eeg: 0.7475 [92mK_eog: 0.7099 [34mF1_perclass_combined: [89.79, 43.06, 87.67, 82.84, 83.9] [34mF1_perclass_eeg: [87.9, 31.11, 83.69, 83.27, 74.77] [34mF1_perclass_eog: [84.33, 0.91, 80.19, 74.17, 82.59] 
[37mEpoch 0 step 38 with [31mce_loss_combined : 0.369553 [31mce_loss_eeg : 0.724247 [31mce_loss_eog : 0.727491 [31mtotal : 1.821291 [94mAcc_combined: 86.41 [94mAcc_eeg: 80.14 [94mAcc_eog: 80.03 [92mF1_combined: 78.49 [92mF1_eeg: 70.74 [92mF1_eog: 65.27 [92mK_combined: 0.8117 [92mK_eeg: 0.7290 [92mK_eog: 0.7173 [34mF1_perclass_combined: [91.81, 43.38, 87.72, 83.98, 85.55] [34mF1_perclass_eeg: [88.16, 29.46, 81.13, 84.14, 70.8] [34mF1_perclass_eog: [86.01, 3.62, 81.12, 72.45, 83.16] 
[37mEpoch 0 step 42 with [31mce_loss_combined : 0.381204 [31mce_loss_eeg : 0.658393 [31mce_loss_eog : 0.706985 [31mtotal : 1.746582 [94mAcc_combined: 85.85 [94mAcc_eeg: 82.64 [94mAcc_eog: 80.46 [92mF1_combined: 77.96 [92mF1_eeg: 73.09 [92mF1_eog: 66.03 [92mK_combined: 0.8032 [92mK_eeg: 0.7558 [92mK_eog: 0.7226 [34mF1_perclass_combined: [90.18, 42.77, 87.7, 83.45, 85.7] [34mF1_perclass_eeg: [88.32, 34.58, 84.86, 83.34, 74.33] [34mF1_perclass_eog: [86.03, 5.26, 81.53, 73.25, 84.06] 
[37mEpoch 0 step 43 with [31mce_loss_combined : 0.354075 [31mce_loss_eeg : 0.640134 [31mce_loss_eog : 0.714000 [31mtotal : 1.708209 [94mAcc_combined: 87.15 [94mAcc_eeg: 83.48 [94mAcc_eog: 79.68 [92mF1_combined: 78.22 [92mF1_eeg: 72.91 [92mF1_eog: 66.83 [92mK_combined: 0.8189 [92mK_eeg: 0.7666 [92mK_eog: 0.7148 [34mF1_perclass_combined: [91.59, 39.33, 88.65, 84.16, 87.34] [34mF1_perclass_eeg: [88.71, 29.65, 85.62, 83.87, 76.69] [34mF1_perclass_eog: [85.27, 10.92, 80.25, 74.6, 83.12] 
[37mEpoch 0 step 49 with [31mce_loss_combined : 0.360846 [31mce_loss_eeg : 0.620048 [31mce_loss_eog : 0.687173 [31mtotal : 1.668067 [94mAcc_combined: 86.65 [94mAcc_eeg: 83.17 [94mAcc_eog: 80.05 [92mF1_combined: 77.46 [92mF1_eeg: 73.23 [92mF1_eog: 67.13 [92mK_combined: 0.8139 [92mK_eeg: 0.7627 [92mK_eog: 0.7165 [34mF1_perclass_combined: [91.67, 36.84, 87.53, 84.29, 86.97] [34mF1_perclass_eeg: [89.3, 32.29, 84.78, 84.48, 75.28] [34mF1_perclass_eog: [86.47, 11.69, 80.95, 73.72, 82.81] 
[37mEpoch 0 step 56 with [31mce_loss_combined : 0.372702 [31mce_loss_eeg : 0.595486 [31mce_loss_eog : 0.662291 [31mtotal : 1.630479 [94mAcc_combined: 86.36 [94mAcc_eeg: 83.08 [94mAcc_eog: 80.00 [92mF1_combined: 76.26 [92mF1_eeg: 72.48 [92mF1_eog: 66.44 [92mK_combined: 0.8060 [92mK_eeg: 0.7605 [92mK_eog: 0.7111 [34mF1_perclass_combined: [91.33, 33.53, 87.92, 81.29, 87.21] [34mF1_perclass_eeg: [88.93, 28.95, 85.15, 83.13, 76.23] [34mF1_perclass_eog: [86.73, 14.42, 81.89, 65.93, 83.24] 
[37mEpoch 0 step 57 with [31mce_loss_combined : 0.365931 [31mce_loss_eeg : 0.590832 [31mce_loss_eog : 0.649475 [31mtotal : 1.606238 [94mAcc_combined: 86.50 [94mAcc_eeg: 83.30 [94mAcc_eog: 80.37 [92mF1_combined: 78.01 [92mF1_eeg: 74.01 [92mF1_eog: 68.21 [92mK_combined: 0.8115 [92mK_eeg: 0.7673 [92mK_eog: 0.7221 [34mF1_perclass_combined: [91.27, 40.72, 87.81, 83.19, 87.07] [34mF1_perclass_eeg: [89.22, 35.17, 84.99, 83.88, 76.78] [34mF1_perclass_eog: [87.46, 15.77, 80.91, 72.79, 84.1] 
[37mEpoch 1 step 60 with [31mce_loss_combined : 0.344739 [31mce_loss_eeg : 0.581019 [31mce_loss_eog : 0.631669 [31mtotal : 1.557428 [94mAcc_combined: 87.08 [94mAcc_eeg: 83.56 [94mAcc_eog: 81.18 [92mF1_combined: 76.10 [92mF1_eeg: 72.54 [92mF1_eog: 67.30 [92mK_combined: 0.8180 [92mK_eeg: 0.7674 [92mK_eog: 0.7329 [34mF1_perclass_combined: [92.5, 28.27, 87.98, 83.74, 87.99] [34mF1_perclass_eeg: [89.41, 26.91, 85.27, 83.65, 77.46] [34mF1_perclass_eog: [87.89, 7.61, 81.52, 74.17, 85.33] 
[37mEpoch 1 step 62 with [31mce_loss_combined : 0.351404 [31mce_loss_eeg : 0.573086 [31mce_loss_eog : 0.630993 [31mtotal : 1.555482 [94mAcc_combined: 86.76 [94mAcc_eeg: 83.88 [94mAcc_eog: 80.96 [92mF1_combined: 78.86 [92mF1_eeg: 74.77 [92mF1_eog: 69.69 [92mK_combined: 0.8165 [92mK_eeg: 0.7759 [92mK_eog: 0.7329 [34mF1_perclass_combined: [91.93, 43.4, 87.71, 83.97, 87.32] [34mF1_perclass_eeg: [89.48, 36.04, 85.58, 84.82, 77.9] [34mF1_perclass_eog: [87.89, 21.34, 81.62, 73.68, 83.91] 
[37mEpoch 1 step 64 with [31mce_loss_combined : 0.333876 [31mce_loss_eeg : 0.565234 [31mce_loss_eog : 0.625259 [31mtotal : 1.524369 [94mAcc_combined: 87.63 [94mAcc_eeg: 84.17 [94mAcc_eog: 80.95 [92mF1_combined: 79.48 [92mF1_eeg: 74.81 [92mF1_eog: 67.79 [92mK_combined: 0.8261 [92mK_eeg: 0.7775 [92mK_eog: 0.7268 [34mF1_perclass_combined: [92.31, 43.6, 88.94, 84.43, 88.13] [34mF1_perclass_eeg: [89.78, 35.55, 86.01, 84.16, 78.58] [34mF1_perclass_eog: [87.59, 12.89, 81.92, 71.54, 85.02] 
[37mEpoch 1 step 65 with [31mce_loss_combined : 0.328503 [31mce_loss_eeg : 0.562263 [31mce_loss_eog : 0.619025 [31mtotal : 1.509791 [94mAcc_combined: 87.77 [94mAcc_eeg: 84.31 [94mAcc_eog: 81.36 [92mF1_combined: 79.66 [92mF1_eeg: 75.13 [92mF1_eog: 69.02 [92mK_combined: 0.8288 [92mK_eeg: 0.7798 [92mK_eog: 0.7359 [34mF1_perclass_combined: [92.52, 43.61, 88.93, 84.97, 88.29] [34mF1_perclass_eeg: [89.88, 36.51, 86.02, 84.79, 78.46] [34mF1_perclass_eog: [87.84, 15.88, 81.93, 74.1, 85.36] 
[37mEpoch 1 step 72 with [31mce_loss_combined : 0.329597 [31mce_loss_eeg : 0.546398 [31mce_loss_eog : 0.612334 [31mtotal : 1.488328 [94mAcc_combined: 87.82 [94mAcc_eeg: 84.46 [94mAcc_eog: 81.13 [92mF1_combined: 77.63 [92mF1_eeg: 74.07 [92mF1_eog: 67.78 [92mK_combined: 0.8285 [92mK_eeg: 0.7803 [92mK_eog: 0.7344 [34mF1_perclass_combined: [92.55, 32.89, 88.84, 85.34, 88.54] [34mF1_perclass_eeg: [89.85, 30.7, 86.05, 84.81, 78.94] [34mF1_perclass_eog: [87.58, 10.13, 81.48, 75.15, 84.55] 
[37mEpoch 1 step 74 with [31mce_loss_combined : 0.325549 [31mce_loss_eeg : 0.541633 [31mce_loss_eog : 0.604568 [31mtotal : 1.471750 [94mAcc_combined: 87.93 [94mAcc_eeg: 84.69 [94mAcc_eog: 81.44 [92mF1_combined: 78.81 [92mF1_eeg: 75.20 [92mF1_eog: 67.98 [92mK_combined: 0.8306 [92mK_eeg: 0.7850 [92mK_eog: 0.7374 [34mF1_perclass_combined: [92.65, 38.54, 88.98, 85.18, 88.72] [34mF1_perclass_eeg: [90.06, 35.0, 86.34, 84.95, 79.63] [34mF1_perclass_eog: [87.63, 10.6, 82.17, 74.42, 85.1] 
[37mEpoch 1 step 75 with [31mce_loss_combined : 0.324559 [31mce_loss_eeg : 0.540789 [31mce_loss_eog : 0.605854 [31mtotal : 1.471202 [94mAcc_combined: 87.88 [94mAcc_eeg: 84.72 [94mAcc_eog: 81.40 [92mF1_combined: 78.96 [92mF1_eeg: 75.29 [92mF1_eog: 68.15 [92mK_combined: 0.8302 [92mK_eeg: 0.7858 [92mK_eog: 0.7371 [34mF1_perclass_combined: [92.71, 39.3, 88.83, 85.29, 88.66] [34mF1_perclass_eeg: [90.23, 35.16, 86.26, 85.25, 79.56] [34mF1_perclass_eog: [87.59, 11.42, 82.06, 74.66, 85.03] 
[37mEpoch 1 step 87 with [31mce_loss_combined : 0.336902 [31mce_loss_eeg : 0.527465 [31mce_loss_eog : 0.599767 [31mtotal : 1.464135 [94mAcc_combined: 87.52 [94mAcc_eeg: 84.52 [94mAcc_eog: 81.08 [92mF1_combined: 77.24 [92mF1_eeg: 74.08 [92mF1_eog: 66.49 [92mK_combined: 0.8234 [92mK_eeg: 0.7817 [92mK_eog: 0.7297 [34mF1_perclass_combined: [92.14, 32.84, 88.8, 84.22, 88.19] [34mF1_perclass_eeg: [89.8, 30.63, 86.39, 83.86, 79.7] [34mF1_perclass_eog: [87.3, 6.81, 82.35, 70.8, 85.2] 
[37mEpoch 1 step 90 with [31mce_loss_combined : 0.334100 [31mce_loss_eeg : 0.526694 [31mce_loss_eog : 0.591194 [31mtotal : 1.451988 [94mAcc_combined: 87.49 [94mAcc_eeg: 84.51 [94mAcc_eog: 81.55 [92mF1_combined: 77.68 [92mF1_eeg: 74.40 [92mF1_eog: 67.82 [92mK_combined: 0.8252 [92mK_eeg: 0.7853 [92mK_eog: 0.7395 [34mF1_perclass_combined: [92.58, 33.86, 88.17, 85.2, 88.6] [34mF1_perclass_eeg: [90.22, 30.66, 85.78, 85.0, 80.33] [34mF1_perclass_eog: [88.43, 8.56, 81.75, 74.55, 85.83] 
[37mEpoch 1 step 91 with [31mce_loss_combined : 0.324986 [31mce_loss_eeg : 0.515452 [31mce_loss_eog : 0.582997 [31mtotal : 1.423434 [94mAcc_combined: 87.99 [94mAcc_eeg: 84.95 [94mAcc_eog: 81.73 [92mF1_combined: 79.27 [92mF1_eeg: 75.59 [92mF1_eog: 68.58 [92mK_combined: 0.8308 [92mK_eeg: 0.7875 [92mK_eog: 0.7401 [34mF1_perclass_combined: [92.53, 40.99, 89.18, 84.95, 88.71] [34mF1_perclass_eeg: [89.97, 36.22, 86.73, 84.66, 80.36] [34mF1_perclass_eog: [88.63, 12.97, 82.37, 73.33, 85.61] 
[37mEpoch 1 step 93 with [31mce_loss_combined : 0.323616 [31mce_loss_eeg : 0.514757 [31mce_loss_eog : 0.581332 [31mtotal : 1.419706 [94mAcc_combined: 87.93 [94mAcc_eeg: 84.91 [94mAcc_eog: 81.74 [92mF1_combined: 79.07 [92mF1_eeg: 75.51 [92mF1_eog: 68.80 [92mK_combined: 0.8303 [92mK_eeg: 0.7886 [92mK_eog: 0.7410 [34mF1_perclass_combined: [92.64, 39.93, 89.04, 85.03, 88.71] [34mF1_perclass_eeg: [90.17, 35.27, 86.46, 84.63, 81.01] [34mF1_perclass_eog: [88.57, 13.44, 82.21, 74.19, 85.59] 
[37mEpoch 1 step 94 with [31mce_loss_combined : 0.322002 [31mce_loss_eeg : 0.511476 [31mce_loss_eog : 0.580435 [31mtotal : 1.413913 [94mAcc_combined: 88.00 [94mAcc_eeg: 85.06 [94mAcc_eog: 81.78 [92mF1_combined: 79.38 [92mF1_eeg: 75.81 [92mF1_eog: 69.07 [92mK_combined: 0.8313 [92mK_eeg: 0.7899 [92mK_eog: 0.7418 [34mF1_perclass_combined: [92.62, 41.3, 89.13, 85.1, 88.77] [34mF1_perclass_eeg: [90.21, 36.45, 86.66, 84.62, 81.09] [34mF1_perclass_eog: [88.53, 14.72, 82.32, 74.13, 85.67] 
[37mEpoch 1 step 116 with [31mce_loss_combined : 0.340352 [31mce_loss_eeg : 0.500325 [31mce_loss_eog : 0.566629 [31mtotal : 1.407305 [94mAcc_combined: 87.42 [94mAcc_eeg: 84.97 [94mAcc_eog: 81.50 [92mF1_combined: 80.31 [92mF1_eeg: 77.15 [92mF1_eog: 71.29 [92mK_combined: 0.8260 [92mK_eeg: 0.7911 [92mK_eog: 0.7423 [34mF1_perclass_combined: [92.5, 47.64, 88.2, 84.72, 88.49] [34mF1_perclass_eeg: [90.56, 43.48, 86.48, 85.39, 79.87] [34mF1_perclass_eog: [88.32, 26.24, 81.59, 74.6, 85.7] 
[37mEpoch 2 step 118 with [31mce_loss_combined : 0.333766 [31mce_loss_eeg : 0.494972 [31mce_loss_eog : 0.559170 [31mtotal : 1.387909 [94mAcc_combined: 87.68 [94mAcc_eeg: 84.78 [94mAcc_eog: 81.71 [92mF1_combined: 77.79 [92mF1_eeg: 75.02 [92mF1_eog: 68.72 [92mK_combined: 0.8258 [92mK_eeg: 0.7842 [92mK_eog: 0.7403 [34mF1_perclass_combined: [92.64, 34.4, 88.63, 84.42, 88.85] [34mF1_perclass_eeg: [90.27, 34.49, 86.5, 83.86, 79.97] [34mF1_perclass_eog: [87.92, 14.5, 82.7, 72.96, 85.53] 
[37mEpoch 2 step 119 with [31mce_loss_combined : 0.327508 [31mce_loss_eeg : 0.494639 [31mce_loss_eog : 0.555717 [31mtotal : 1.377864 [94mAcc_combined: 87.83 [94mAcc_eeg: 85.09 [94mAcc_eog: 82.00 [92mF1_combined: 79.07 [92mF1_eeg: 75.92 [92mF1_eog: 70.75 [92mK_combined: 0.8297 [92mK_eeg: 0.7911 [92mK_eog: 0.7455 [34mF1_perclass_combined: [92.65, 40.13, 88.83, 85.06, 88.65] [34mF1_perclass_eeg: [90.65, 36.54, 86.46, 85.35, 80.63] [34mF1_perclass_eog: [88.47, 22.44, 82.73, 74.31, 85.78] 
[37mEpoch 2 step 123 with [31mce_loss_combined : 0.322135 [31mce_loss_eeg : 0.483385 [31mce_loss_eog : 0.558713 [31mtotal : 1.364233 [94mAcc_combined: 88.10 [94mAcc_eeg: 85.04 [94mAcc_eog: 81.56 [92mF1_combined: 79.04 [92mF1_eeg: 76.03 [92mF1_eog: 69.63 [92mK_combined: 0.8332 [92mK_eeg: 0.7897 [92mK_eog: 0.7411 [34mF1_perclass_combined: [92.85, 38.62, 88.99, 85.84, 88.89] [34mF1_perclass_eeg: [89.9, 36.92, 86.4, 85.6, 81.33] [34mF1_perclass_eog: [88.75, 16.77, 81.46, 75.24, 85.94] 
[37mEpoch 2 step 124 with [31mce_loss_combined : 0.320433 [31mce_loss_eeg : 0.474166 [31mce_loss_eog : 0.558150 [31mtotal : 1.352749 [94mAcc_combined: 88.17 [94mAcc_eeg: 85.61 [94mAcc_eog: 81.60 [92mF1_combined: 80.37 [92mF1_eeg: 77.07 [92mF1_eog: 70.66 [92mK_combined: 0.8351 [92mK_eeg: 0.7987 [92mK_eog: 0.7397 [34mF1_perclass_combined: [92.68, 45.28, 89.25, 85.82, 88.82] [34mF1_perclass_eeg: [90.37, 40.06, 87.16, 85.63, 82.15] [34mF1_perclass_eog: [88.19, 25.77, 82.6, 70.77, 85.98] 
[37mEpoch 2 step 126 with [31mce_loss_combined : 0.318736 [31mce_loss_eeg : 0.475676 [31mce_loss_eog : 0.553390 [31mtotal : 1.347802 [94mAcc_combined: 88.21 [94mAcc_eeg: 85.57 [94mAcc_eog: 81.85 [92mF1_combined: 80.06 [92mF1_eeg: 77.03 [92mF1_eog: 70.15 [92mK_combined: 0.8355 [92mK_eeg: 0.7981 [92mK_eog: 0.7446 [34mF1_perclass_combined: [92.74, 43.69, 89.33, 85.61, 88.92] [34mF1_perclass_eeg: [90.42, 40.18, 87.12, 85.53, 81.87] [34mF1_perclass_eog: [87.9, 20.2, 82.54, 74.01, 86.12] 
[37mEpoch 2 step 127 with [31mce_loss_combined : 0.317776 [31mce_loss_eeg : 0.476732 [31mce_loss_eog : 0.547718 [31mtotal : 1.342226 [94mAcc_combined: 88.14 [94mAcc_eeg: 85.33 [94mAcc_eog: 82.02 [92mF1_combined: 80.35 [92mF1_eeg: 77.28 [92mF1_eog: 70.29 [92mK_combined: 0.8348 [92mK_eeg: 0.7954 [92mK_eog: 0.7450 [34mF1_perclass_combined: [92.91, 45.53, 89.26, 85.68, 88.38] [34mF1_perclass_eeg: [90.13, 41.97, 86.85, 85.61, 81.85] [34mF1_perclass_eog: [88.9, 21.81, 83.05, 72.02, 85.69] 
[37mEpoch 2 step 131 with [31mce_loss_combined : 0.318559 [31mce_loss_eeg : 0.473939 [31mce_loss_eog : 0.544682 [31mtotal : 1.337180 [94mAcc_combined: 88.20 [94mAcc_eeg: 85.53 [94mAcc_eog: 82.25 [92mF1_combined: 79.35 [92mF1_eeg: 76.41 [92mF1_eog: 70.25 [92mK_combined: 0.8342 [92mK_eeg: 0.7966 [92mK_eog: 0.7497 [34mF1_perclass_combined: [92.63, 40.18, 89.32, 85.72, 88.89] [34mF1_perclass_eeg: [90.39, 37.36, 87.03, 85.35, 81.95] [34mF1_perclass_eog: [88.35, 18.8, 82.91, 75.11, 86.05] 
[37mEpoch 2 step 132 with [31mce_loss_combined : 0.316115 [31mce_loss_eeg : 0.472326 [31mce_loss_eog : 0.542167 [31mtotal : 1.330608 [94mAcc_combined: 88.21 [94mAcc_eeg: 85.63 [94mAcc_eog: 82.34 [92mF1_combined: 79.54 [92mF1_eeg: 76.74 [92mF1_eog: 70.11 [92mK_combined: 0.8346 [92mK_eeg: 0.7985 [92mK_eog: 0.7507 [34mF1_perclass_combined: [92.75, 41.08, 89.29, 85.75, 88.82] [34mF1_perclass_eeg: [90.58, 38.39, 87.1, 85.46, 82.14] [34mF1_perclass_eog: [88.87, 17.64, 82.89, 75.05, 86.1] 
[37mEpoch 2 step 133 with [31mce_loss_combined : 0.314587 [31mce_loss_eeg : 0.470315 [31mce_loss_eog : 0.544153 [31mtotal : 1.329055 [94mAcc_combined: 88.24 [94mAcc_eeg: 85.70 [94mAcc_eog: 82.26 [92mF1_combined: 79.59 [92mF1_eeg: 76.81 [92mF1_eog: 70.31 [92mK_combined: 0.8352 [92mK_eeg: 0.7999 [92mK_eog: 0.7497 [34mF1_perclass_combined: [92.83, 41.15, 89.29, 85.81, 88.88] [34mF1_perclass_eeg: [90.71, 38.34, 87.11, 85.62, 82.27] [34mF1_perclass_eog: [88.65, 19.07, 82.86, 74.98, 85.99] 
[37mEpoch 2 step 134 with [31mce_loss_combined : 0.313407 [31mce_loss_eeg : 0.469131 [31mce_loss_eog : 0.543412 [31mtotal : 1.325950 [94mAcc_combined: 88.29 [94mAcc_eeg: 85.73 [94mAcc_eog: 82.29 [92mF1_combined: 79.85 [92mF1_eeg: 76.94 [92mF1_eog: 70.14 [92mK_combined: 0.8357 [92mK_eeg: 0.8000 [92mK_eog: 0.7498 [34mF1_perclass_combined: [92.84, 42.36, 89.37, 85.81, 88.87] [34mF1_perclass_eeg: [90.72, 38.97, 87.15, 85.52, 82.32] [34mF1_perclass_eog: [88.87, 18.04, 82.89, 74.91, 85.99] 
[37mEpoch 2 step 135 with [31mce_loss_combined : 0.312950 [31mce_loss_eeg : 0.468997 [31mce_loss_eog : 0.542776 [31mtotal : 1.324722 [94mAcc_combined: 88.30 [94mAcc_eeg: 85.73 [94mAcc_eog: 82.30 [92mF1_combined: 79.80 [92mF1_eeg: 76.89 [92mF1_eog: 70.12 [92mK_combined: 0.8358 [92mK_eeg: 0.7999 [92mK_eog: 0.7499 [34mF1_perclass_combined: [92.85, 42.06, 89.38, 85.81, 88.9] [34mF1_perclass_eeg: [90.68, 38.8, 87.16, 85.49, 82.34] [34mF1_perclass_eog: [88.83, 17.94, 82.9, 74.88, 86.02] 
