000 (1051.003.000) 2023-01-04 00:31:49 Job submitted from host: <10.87.28.129:9618?addrs=10.87.28.129-9618&alias=timmermans.esat.kuleuven.be&noUDP&sock=schedd_2118_59ad>
...
001 (1051.003.000) 2023-01-04 08:08:30 Job executing on host: <10.87.28.117:9618?addrs=10.87.28.117-9618&alias=stadius-nc-4.esat.kuleuven.be&noUDP&sock=startd_4291_d8fa>
...
006 (1051.003.000) 2023-01-04 08:08:39 Image size of job updated: 43368
	5  -  MemoryUsage of job (MB)
	4204  -  ResidentSetSize of job (KB)
...
006 (1051.003.000) 2023-01-04 08:11:14 Image size of job updated: 138134632
	5  -  MemoryUsage of job (MB)
	4204  -  ResidentSetSize of job (KB)
...
005 (1051.003.000) 2023-01-04 08:11:14 Job terminated.
	(1) Normal termination (return value 0)
		Usr 0 00:00:25, Sys 0 00:00:06  -  Run Remote Usage
		Usr 0 00:00:00, Sys 0 00:00:00  -  Run Local Usage
		Usr 0 00:00:25, Sys 0 00:00:06  -  Total Remote Usage
		Usr 0 00:00:00, Sys 0 00:00:00  -  Total Local Usage
	0  -  Run Bytes Sent By Job
	0  -  Run Bytes Received By Job
	0  -  Total Bytes Sent By Job
	0  -  Total Bytes Received By Job
	Partitionable Resources :    Usage  Request Allocated Assigned
	   Cpus                 :                16        16 
	   Disk (KB)            :        1        1   1649990 
	   Gpus (Average)       :                 1         1 "CUDA0"
	   Memory (MB)          :        5    16384     16384 

	Job terminated of its own accord at 2023-01-04T07:11:14Z.
...
