000 (1051.000.000) 2023-01-04 00:31:49 Job submitted from host: <10.87.28.129:9618?addrs=10.87.28.129-9618&alias=timmermans.esat.kuleuven.be&noUDP&sock=schedd_2118_59ad>
...
001 (1051.000.000) 2023-01-04 00:31:52 Job executing on host: <10.87.24.51:9618?addrs=10.87.24.51-9618&alias=spchcl18.esat.kuleuven.be&noUDP&sock=startd_3964_8d81>
...
006 (1051.000.000) 2023-01-04 00:32:01 Image size of job updated: 12704
	8  -  MemoryUsage of job (MB)
	7812  -  ResidentSetSize of job (KB)
...
006 (1051.000.000) 2023-01-04 00:37:02 Image size of job updated: 210930844
	9788  -  MemoryUsage of job (MB)
	10022680  -  ResidentSetSize of job (KB)
...
006 (1051.000.000) 2023-01-04 00:41:40 Image size of job updated: 407959116
	9788  -  MemoryUsage of job (MB)
	10022684  -  ResidentSetSize of job (KB)
...
005 (1051.000.000) 2023-01-04 00:41:40 Job terminated.
	(1) Normal termination (return value 0)
		Usr 0 00:14:32, Sys 0 00:02:25  -  Run Remote Usage
		Usr 0 00:00:00, Sys 0 00:00:00  -  Run Local Usage
		Usr 0 00:14:32, Sys 0 00:02:25  -  Total Remote Usage
		Usr 0 00:00:00, Sys 0 00:00:00  -  Total Local Usage
	0  -  Run Bytes Sent By Job
	0  -  Run Bytes Received By Job
	0  -  Total Bytes Sent By Job
	0  -  Total Bytes Received By Job
	Partitionable Resources :    Usage  Request Allocated Assigned
	   Cpus                 :     1.84       16        16 
	   Disk (KB)            :     1           1    275681 
	   Gpus (Average)       :     0.12        1         1 "CUDA0"
	   GpusMemory (MB)      :  1559                       
	   Memory (MB)          :  9788       16384     16384 

	Job terminated of its own accord at 2023-01-03T23:41:40Z.
...
