000 (1053.002.000) 2023-01-10 17:35:02 Job submitted from host: <10.87.28.129:9618?addrs=10.87.28.129-9618&alias=timmermans.esat.kuleuven.be&noUDP&sock=schedd_2124_773f>
...
001 (1053.002.000) 2023-01-11 04:13:22 Job executing on host: <10.87.28.118:9618?addrs=10.87.28.118-9618&alias=stadius-nc-5.esat.kuleuven.be&noUDP&sock=startd_4288_ca31>
...
006 (1053.002.000) 2023-01-11 04:13:31 Image size of job updated: 491784
	481  -  MemoryUsage of job (MB)
	491708  -  ResidentSetSize of job (KB)
...
006 (1053.002.000) 2023-01-11 04:13:46 Image size of job updated: 19426428
	481  -  MemoryUsage of job (MB)
	491708  -  ResidentSetSize of job (KB)
...
005 (1053.002.000) 2023-01-11 04:13:46 Job terminated.
	(1) Normal termination (return value 0)
		Usr 0 00:00:16, Sys 0 00:00:06  -  Run Remote Usage
		Usr 0 00:00:00, Sys 0 00:00:00  -  Run Local Usage
		Usr 0 00:00:16, Sys 0 00:00:06  -  Total Remote Usage
		Usr 0 00:00:00, Sys 0 00:00:00  -  Total Local Usage
	0  -  Run Bytes Sent By Job
	0  -  Run Bytes Received By Job
	0  -  Total Bytes Sent By Job
	0  -  Total Bytes Received By Job
	Partitionable Resources :    Usage  Request Allocated Assigned
	   Cpus                 :     1.29       16        16 
	   Disk (KB)            :     1           1   1823526 
	   Gpus (Average)       :     0.00        1         1 "CUDA1"
	   GpusMemory (MB)      :   966                       
	   Memory (MB)          :   481       16384     16384 

	Job terminated of its own accord at 2023-01-11T03:13:46Z.
...
