[INFO]: Hi, This is root.
[INFO]: After the configurations are successfully processed and dirs are created.
[INFO]: The pipeline of the project will begin now.
2023/01/11 04:12:45	INFO	wandb	multiprocessing start_methods=fork,spawn,forkserver, using: spawn
2023/01/11 04:12:47	INFO	wandb	communicating current version
2023/01/11 04:12:47	INFO	wandb	got version response upgrade_message: "wandb version 0.13.8 is available!  To upgrade, please run:\n $ pip install wandb --upgrade"

2023/01/11 04:12:52	INFO	wandb	atexit reg
2023/01/11 04:12:52	INFO	wandb	redirect: SettingsConsole.WRAP_RAW
2023/01/11 04:12:52	INFO	wandb	Wrapping output streams.
2023/01/11 04:12:52	INFO	wandb	Redirects installed.
2023/01/11 04:13:00	INFO	wandb	Watching
wandb: - 0.000 MB of 0.000 MB uploaded (0.000 MB deduped)wandb: \ 0.001 MB of 0.001 MB uploaded (0.000 MB deduped)wandb: | 0.001 MB of 0.001 MB uploaded (0.000 MB deduped)wandb: / 0.001 MB of 1.052 MB uploaded (0.000 MB deduped)wandb: - 0.001 MB of 1.052 MB uploaded (0.000 MB deduped)wandb: \ 1.047 MB of 1.052 MB uploaded (0.000 MB deduped)wandb: | 1.047 MB of 1.052 MB uploaded (0.000 MB deduped)wandb: / 1.052 MB of 1.052 MB uploaded (0.000 MB deduped)wandb: - 1.052 MB of 1.052 MB uploaded (0.000 MB deduped)wandb: \ 1.052 MB of 1.052 MB uploaded (0.000 MB deduped)wandb: | 1.052 MB of 1.052 MB uploaded (0.000 MB deduped)wandb: / 1.052 MB of 1.052 MB uploaded (0.000 MB deduped)wandb: - 1.052 MB of 1.052 MB uploaded (0.000 MB deduped)wandb: \ 1.052 MB of 1.052 MB uploaded (0.000 MB deduped)wandb:                                                                                
Traceback (most recent call last):
  File "/users/sista/kkontras/Documents/Sleep_Project/main_paper_2.py", line 72, in <module>
    main()
  File "/users/sista/kkontras/Documents/Sleep_Project/main_paper_2.py", line 68, in main
    agent.run()
  File "/users/sista/kkontras/Documents/Sleep_Project/agents/sleep_test/train_c_agent.py", line 180, in run
    self.trainer.sleep_train_step(trial)
  File "/users/sista/kkontras/Documents/Sleep_Project/agents/sleep_test/helpers/Trainer.py", line 39, in sleep_train_step
    pbar = tqdm(enumerate(self.agent.data_loader.train_loader), desc="Training", leave=None, disable=self.agent.config.training_params.tdqm_disable, position=0)
  File "/esat/smcdata/users/kkontras/Image_Dataset/no_backup/envs/gl_env/lib/python3.7/site-packages/torch/utils/data/dataloader.py", line 435, in __iter__
    return self._get_iterator()
  File "/esat/smcdata/users/kkontras/Image_Dataset/no_backup/envs/gl_env/lib/python3.7/site-packages/torch/utils/data/dataloader.py", line 381, in _get_iterator
    return _MultiProcessingDataLoaderIter(self)
  File "/esat/smcdata/users/kkontras/Image_Dataset/no_backup/envs/gl_env/lib/python3.7/site-packages/torch/utils/data/dataloader.py", line 1034, in __init__
    w.start()
  File "/esat/smcdata/users/kkontras/Image_Dataset/no_backup/envs/gl_env/lib/python3.7/multiprocessing/process.py", line 112, in start
    self._popen = self._Popen(self)
  File "/esat/smcdata/users/kkontras/Image_Dataset/no_backup/envs/gl_env/lib/python3.7/multiprocessing/context.py", line 223, in _Popen
    return _default_context.get_context().Process._Popen(process_obj)
  File "/esat/smcdata/users/kkontras/Image_Dataset/no_backup/envs/gl_env/lib/python3.7/multiprocessing/context.py", line 277, in _Popen
    return Popen(process_obj)
  File "/esat/smcdata/users/kkontras/Image_Dataset/no_backup/envs/gl_env/lib/python3.7/multiprocessing/popen_fork.py", line 20, in __init__
    self._launch(process_obj)
  File "/esat/smcdata/users/kkontras/Image_Dataset/no_backup/envs/gl_env/lib/python3.7/multiprocessing/popen_fork.py", line 70, in _launch
    self.pid = os.fork()
BlockingIOError: [Errno 11] Resource temporarily unavailable
2023/01/11 04:13:16	WARNING	wandb	message_loop has been closed
