000 (1054.002.000) 2023-01-11 13:37:23 Job submitted from host: <10.87.28.129:9618?addrs=10.87.28.129-9618&alias=timmermans.esat.kuleuven.be&noUDP&sock=schedd_2124_773f>
...
001 (1054.002.000) 2023-01-11 13:38:53 Job executing on host: <10.87.28.118:9618?addrs=10.87.28.118-9618&alias=stadius-nc-5.esat.kuleuven.be&noUDP&sock=startd_4288_ca31>
...
006 (1054.002.000) 2023-01-11 13:39:02 Image size of job updated: 9216800
	473  -  MemoryUsage of job (MB)
	483496  -  ResidentSetSize of job (KB)
...
006 (1054.002.000) 2023-01-11 13:44:03 Image size of job updated: 177018668
	9468  -  MemoryUsage of job (MB)
	9694580  -  ResidentSetSize of job (KB)
...
006 (1054.002.000) 2023-01-11 13:54:04 Image size of job updated: 177018668
	9478  -  MemoryUsage of job (MB)
	9704492  -  ResidentSetSize of job (KB)
...
006 (1054.002.000) 2023-01-11 13:59:05 Image size of job updated: 177018668
	9483  -  MemoryUsage of job (MB)
	9710580  -  ResidentSetSize of job (KB)
...
006 (1054.002.000) 2023-01-11 14:44:08 Image size of job updated: 177018668
	9484  -  MemoryUsage of job (MB)
	9711316  -  ResidentSetSize of job (KB)
...
006 (1054.002.000) 2023-01-11 15:19:13 Image size of job updated: 177018668
	9509  -  MemoryUsage of job (MB)
	9736392  -  ResidentSetSize of job (KB)
...
006 (1054.002.000) 2023-01-11 15:24:13 Image size of job updated: 177018668
	9560  -  MemoryUsage of job (MB)
	9789264  -  ResidentSetSize of job (KB)
...
006 (1054.002.000) 2023-01-11 15:34:14 Image size of job updated: 177018668
	9576  -  MemoryUsage of job (MB)
	9805260  -  ResidentSetSize of job (KB)
...
006 (1054.002.000) 2023-01-11 15:44:14 Image size of job updated: 177018668
	9576  -  MemoryUsage of job (MB)
	9805284  -  ResidentSetSize of job (KB)
...
006 (1054.002.000) 2023-01-11 16:44:21 Image size of job updated: 177018668
	9576  -  MemoryUsage of job (MB)
	9805296  -  ResidentSetSize of job (KB)
...
006 (1054.002.000) 2023-01-11 16:59:22 Image size of job updated: 177018668
	9651  -  MemoryUsage of job (MB)
	9882548  -  ResidentSetSize of job (KB)
...
006 (1054.002.000) 2023-01-11 17:04:22 Image size of job updated: 177018668
	9657  -  MemoryUsage of job (MB)
	9888656  -  ResidentSetSize of job (KB)
...
006 (1054.002.000) 2023-01-11 17:14:24 Image size of job updated: 177018668
	9673  -  MemoryUsage of job (MB)
	9904656  -  ResidentSetSize of job (KB)
...
006 (1054.002.000) 2023-01-11 17:44:28 Image size of job updated: 177018668
	9673  -  MemoryUsage of job (MB)
	9904664  -  ResidentSetSize of job (KB)
...
006 (1054.002.000) 2023-01-11 17:59:30 Image size of job updated: 177018668
	9673  -  MemoryUsage of job (MB)
	9904672  -  ResidentSetSize of job (KB)
...
006 (1054.002.000) 2023-01-11 18:39:32 Image size of job updated: 177018668
	9754  -  MemoryUsage of job (MB)
	9987984  -  ResidentSetSize of job (KB)
...
006 (1054.002.000) 2023-01-11 18:49:34 Image size of job updated: 177018668
	9770  -  MemoryUsage of job (MB)
	10003996  -  ResidentSetSize of job (KB)
...
006 (1054.002.000) 2023-01-11 18:59:35 Image size of job updated: 177018668
	9770  -  MemoryUsage of job (MB)
	10004012  -  ResidentSetSize of job (KB)
...
006 (1054.002.000) 2023-01-11 20:14:44 Image size of job updated: 177018668
	9804  -  MemoryUsage of job (MB)
	10038540  -  ResidentSetSize of job (KB)
...
006 (1054.002.000) 2023-01-11 20:19:44 Image size of job updated: 177018668
	9851  -  MemoryUsage of job (MB)
	10087376  -  ResidentSetSize of job (KB)
...
006 (1054.002.000) 2023-01-11 20:29:46 Image size of job updated: 177018668
	9867  -  MemoryUsage of job (MB)
	10103388  -  ResidentSetSize of job (KB)
...
006 (1054.002.000) 2023-01-11 21:54:55 Image size of job updated: 177018668
	9939  -  MemoryUsage of job (MB)
	10176548  -  ResidentSetSize of job (KB)
...
006 (1054.002.000) 2023-01-11 21:59:55 Image size of job updated: 177018668
	9944  -  MemoryUsage of job (MB)
	10182620  -  ResidentSetSize of job (KB)
...
006 (1054.002.000) 2023-01-11 22:09:57 Image size of job updated: 177018668
	9960  -  MemoryUsage of job (MB)
	10198624  -  ResidentSetSize of job (KB)
...
006 (1054.002.000) 2023-01-11 23:30:05 Image size of job updated: 177018668
	9966  -  MemoryUsage of job (MB)
	10204728  -  ResidentSetSize of job (KB)
...
006 (1054.002.000) 2023-01-11 23:35:05 Image size of job updated: 177018668
	10038  -  MemoryUsage of job (MB)
	10277904  -  ResidentSetSize of job (KB)
...
006 (1054.002.000) 2023-01-11 23:45:07 Image size of job updated: 177018668
	10053  -  MemoryUsage of job (MB)
	10293904  -  ResidentSetSize of job (KB)
...
006 (1054.002.000) 2023-01-12 00:00:09 Image size of job updated: 177018668
	10053  -  MemoryUsage of job (MB)
	10293908  -  ResidentSetSize of job (KB)
...
006 (1054.002.000) 2023-01-12 01:00:15 Image size of job updated: 177018668
	10053  -  MemoryUsage of job (MB)
	10293912  -  ResidentSetSize of job (KB)
...
006 (1054.002.000) 2023-01-12 01:10:15 Image size of job updated: 177018668
	10093  -  MemoryUsage of job (MB)
	10334484  -  ResidentSetSize of job (KB)
...
006 (1054.002.000) 2023-01-12 01:15:16 Image size of job updated: 177018668
	10134  -  MemoryUsage of job (MB)
	10377208  -  ResidentSetSize of job (KB)
...
006 (1054.002.000) 2023-01-12 01:25:16 Image size of job updated: 177018668
	10150  -  MemoryUsage of job (MB)
	10393184  -  ResidentSetSize of job (KB)
...
006 (1054.002.000) 2023-01-12 02:00:20 Image size of job updated: 177018668
	10150  -  MemoryUsage of job (MB)
	10393188  -  ResidentSetSize of job (KB)
...
006 (1054.002.000) 2023-01-12 02:50:26 Image size of job updated: 177018668
	10191  -  MemoryUsage of job (MB)
	10435152  -  ResidentSetSize of job (KB)
...
006 (1054.002.000) 2023-01-12 03:05:28 Image size of job updated: 177018668
	10197  -  MemoryUsage of job (MB)
	10441288  -  ResidentSetSize of job (KB)
...
006 (1054.002.000) 2023-01-12 04:05:34 Image size of job updated: 177018668
	10197  -  MemoryUsage of job (MB)
	10441292  -  ResidentSetSize of job (KB)
...
006 (1054.002.000) 2023-01-12 05:05:41 Image size of job updated: 177018668
	10197  -  MemoryUsage of job (MB)
	10441296  -  ResidentSetSize of job (KB)
...
006 (1054.002.000) 2023-01-12 06:05:47 Image size of job updated: 177018668
	10199  -  MemoryUsage of job (MB)
	10443280  -  ResidentSetSize of job (KB)
...
006 (1054.002.000) 2023-01-12 14:06:40 Image size of job updated: 177018668
	10199  -  MemoryUsage of job (MB)
	10443284  -  ResidentSetSize of job (KB)
...
006 (1054.002.000) 2023-01-12 21:07:21 Image size of job updated: 177018668
	10199  -  MemoryUsage of job (MB)
	10443288  -  ResidentSetSize of job (KB)
...
006 (1054.002.000) 2023-01-13 03:12:57 Image size of job updated: 177018668
	10199  -  MemoryUsage of job (MB)
	10443292  -  ResidentSetSize of job (KB)
...
006 (1054.002.000) 2023-01-13 19:14:36 Image size of job updated: 177018668
	10199  -  MemoryUsage of job (MB)
	10443296  -  ResidentSetSize of job (KB)
...
006 (1054.002.000) 2023-01-14 11:16:11 Image size of job updated: 177018668
	10199  -  MemoryUsage of job (MB)
	10443300  -  ResidentSetSize of job (KB)
...
006 (1054.002.000) 2023-01-14 12:21:19 Image size of job updated: 177018668
	10199  -  MemoryUsage of job (MB)
	10443304  -  ResidentSetSize of job (KB)
...
009 (1054.002.000) 2023-01-14 13:39:15 Job was aborted.
	The system macro SYSTEM_PERIODIC_REMOVE expression '(JobStatus == 5 && CurrentTime - EnteredCurrentStatus > 3600 * 24 * 30) || (JobStatus == 4 && CurrentTime - EnteredCurrentStatus > 3600 * 24 * 30) || (JobStatus == 1 && CurrentTime - EnteredCurrentStatus > 3600 * 24 * 90) || (JobStatus == 2 && (ProportionalSetSizeKb > (1024 * My.RequestMemory))) || (JobStatus == 2 && ((RemoteWallClockTime - CumulativeSuspensionTime) > My.RequestWalltime))' evaluated to TRUE
...
