Starting Job
/users/sista/kkontras/Documents/Sleep_Project/main_paper_2.py
/esat/smcdata/users/kkontras/Image_Dataset/no_backup/envs/gl_env/bin/python
Python 3.7.10
/users/sista/kkontras/Documents/Sleep_Project
0
 THE Configuration of your experiment ..
{'agent': 'Sleep_Agent_Init_Train',
 'augmentation': {},
 'channel': 0,
 'dataset': {'cache_datasets': {'test': False, 'train': False, 'valid': False},
             'data_roots': '/esat/biomeddata/SHHS_Dataset/no_backup',
             'data_split': {'fold': 0,
                            'fold_size': 7,
                            'folds_file': '/users/sista/kkontras/Documents/Huy_shhs1/HUY '
                                          'SHHS1 CODE/data_split_eval.mat',
                            'rand_split': 0,
                            'rand_splits': 13,
                            'split_method': 'patients_huy',
                            'test_split_rate': 0.3,
                            'val_patient_num': 3,
                            'val_split_rate': 0.01692},
             'data_view_dir': [{'data_type': 'stft',
                                'list_dir': 'patient_mat_list.txt',
                                'mod': 'eeg',
                                'num_ch': 1},
                               {'data_type': 'stft',
                                'list_dir': 'patient_eog_mat_list.txt',
                                'mod': 'eog',
                                'num_ch': 1}],
             'dataloader_class': 'SleepDataLoader_mat_huy',
             'huy_data': True,
             'inner_overlap': [0.5, 0.5],
             'keep_view': [1, 0],
             'seq_length': [10, 0],
             'seq_views': [False],
             'shuffle_train': True},
 'early_stopping': {'log_interval': 10,
                    'max_epoch': 1000,
                    'n_steps_stop': 250,
                    'n_steps_stop_after': 400,
                    'save_every': 1,
                    'validate_after': 0,
                    'validate_every': 400},
 'exp_name': 'Sleep EEG-EOG BLIP Experiment',
 'lr_finder': False,
 'lr_finder_steps': 100,
 'mode': 'train',
 'model': {'args': {'augment_within': False,
                    'dmodel': 128,
                    'dropout': 0.3,
                    'fc_inner': 1024,
                    'ignore_alignment_val': True,
                    'multi_loss': {'multi_loss_weights': {'alignment_loss': 0.1,
                                                          'multi_supervised_loss': {'combined': 1,
                                                                                    'eeg': 1,
                                                                                    'eog': 1},
                                                          'order_loss': 0}},
                    'num_classes': 5,
                    'shared_pred': False,
                    'three_modes': True,
                    'training_type': 'alignment_order_multisupervised'},
           'encoders': [{'args': {'align_inner': True,
                                  'd_model': 128,
                                  'dim_feedforward': 1024,
                                  'dim_proj': 128,
                                  'dropout': 0.3,
                                  'inner_biased': False,
                                  'mod_token': False,
                                  'num_heads': 8,
                                  'num_layers': 4,
                                  'outer_biased': False,
                                  'outer_rep': False,
                                  'pos': False,
                                  'rpos': True,
                                  'shared': True,
                                  'skip_random_mod': False},
                         'encoders': [],
                         'freeze_encoder': False,
                         'model': 'SleepEnc_BLIP_EEG_EOG_shared_free_cliplike',
                         'pretrainedEncoder': {'dir': '', 'use': False},
                         'savetrainedEncoder': {'dir': '', 'save': False}}],
           'load_ongoing': False,
           'model_class': 'EEG_SLEEP_BLIP_GM_MultiMode',
           'pretrained_model': {'dir': '', 'use': False},
           'save_dir': '/esat/smcdata/users/kkontras/Image_Dataset/no_backup/data/2021_data/shhs1/multi_modal/paper_models/fourier_transformer_eeg_eog_mat_BLIP_al01_shared_b16_freetrain_rpos_nopos_nonsharedpreds_drop03_aligninner_al10_trial2.pth.tar'},
 'normalization': {'calculate_metrics': False,
                   'dir': '/esat/biomeddata/SHHS_Dataset/no_backup/metrics_eeg_eog_emg_stft.pkl',
                   'metrics_type': 'train_dataset',
                   'save_metrics': False,
                   'use': True},
 'num_classes': 5,
 'num_modalities': 1,
 'optimizer': {'beta1': 0.9,
               'beta2': 0.999,
               'learning_rate': 0.0001,
               'momentum': 0.2,
               'type': 'Adam',
               'weight_decay': 0.0001},
 'plots': {'plot_stft_num': 0, 'save': False},
 'post_proc': {'post_proc_step': 15,
               'test_postprocessing': False,
               'val_postprocessing': False},
 'scheduler': {'max_lr': 0.03, 'type': 'cosanneal', 'warm_up': 55},
 'statistics': {'ce_weights': {'temp': 0.1, 'use': False}, 'print': False},
 'training_params': {'adversarial_training': {'adv_epsilon': 0.01,
                                              'use': False},
                     'async_loading': True,
                     'batch_size': 16,
                     'cuda': True,
                     'data_loader_workers': 8,
                     'gpu_device': [0],
                     'pin_memory': True,
                     'rec_test': False,
                     'res': True,
                     'seed': 35,
                     'tdqm_disable': True,
                     'test_batch_size': 16,
                     'test_on_tops': True,
                     'use_test_set': True,
                     'validation': True,
                     'verbose': True,
                     'wandb_disable': False}}
 *************************************** 
The experiment name is Sleep EEG-EOG BLIP Experiment
 *************************************** 
We are splitting dataset by huy splits
{'use_type': False, 'skip_skips': True}
{'use_type': False, 'skip_skips': True}
{'use_type': False, 'skip_skips': True}
{'use_type': False, 'skip_skips': True}
Loading metrics from /esat/biomeddata/SHHS_Dataset/no_backup/metrics_eeg_eog_emg_stft.pkl
Weights are [1. 1. 1. 1. 1.]
23246
400
59
tensor([1., 1., 1., 1., 1.], device='cuda:0')
We are not shuffling the data
Training function is sleep_train_one_step_alignment_order_multisupervised
Loss Weights are {'combined': 1, 'eeg': 1, 'eog': 1, 'alignments': 0.1, 'order': 0, 'consistency': 0, 'reconstruction': 0}
We are not shuffling the data
<class 'graphs.models.attention_models.BLIP.SleepEnc_BLIP_EEG_EOG_shared_free_cliplike'>
Total number of trainable parameters are: 10001935
Available cuda devices: 1, current device:0
Total number of trainable parameters are: 10001935
torch.Size([10, 128])
torch.Size([10, 128])
[37mEpoch 0 step 1 with [31mce_loss_combined : 0.781593 [31mce_loss_eeg : 1.184690 [31mce_loss_eog : 1.239989 [31mtotal : 3.206272 [94mAcc_combined: 70.50 [94mAcc_eeg: 63.74 [94mAcc_eog: 59.06 [92mF1_combined: 56.09 [92mF1_eeg: 42.98 [92mF1_eog: 31.69 [92mK_combined: 0.5967 [92mK_eeg: 0.4620 [92mK_eog: 0.3642 [34mF1_perclass_combined: [80.92, 0.0, 71.47, 70.15, 57.92] [34mF1_perclass_eeg: [79.25, 0.0, 70.66, 15.31, 49.68] [34mF1_perclass_eog: [74.41, 0.0, 67.34, 16.17, 0.53] 
torch.Size([10, 128])
torch.Size([10, 128])
[37mEpoch 0 step 2 with [31mce_loss_combined : 0.793451 [31mce_loss_eeg : 1.152735 [31mce_loss_eog : 1.149572 [31mtotal : 3.095758 [94mAcc_combined: 70.14 [94mAcc_eeg: 67.41 [94mAcc_eog: 69.72 [92mF1_combined: 56.97 [92mF1_eeg: 51.65 [92mF1_eog: 55.85 [92mK_combined: 0.5994 [92mK_eeg: 0.5471 [92mK_eog: 0.5848 [34mF1_perclass_combined: [78.34, 0.0, 68.29, 77.53, 60.69] [34mF1_perclass_eeg: [84.38, 0.0, 66.5, 49.18, 58.17] [34mF1_perclass_eog: [77.1, 0.0, 70.64, 67.53, 63.97] 
torch.Size([10, 128])
torch.Size([10, 128])
[37mEpoch 0 step 3 with [31mce_loss_combined : 0.681970 [31mce_loss_eeg : 1.070596 [31mce_loss_eog : 1.094637 [31mtotal : 2.847203 [94mAcc_combined: 73.64 [94mAcc_eeg: 75.13 [94mAcc_eog: 73.01 [92mF1_combined: 60.12 [92mF1_eeg: 58.64 [92mF1_eog: 58.71 [92mK_combined: 0.6315 [92mK_eeg: 0.6461 [92mK_eog: 0.6209 [34mF1_perclass_combined: [82.91, 0.0, 71.12, 73.5, 73.06] [34mF1_perclass_eeg: [86.04, 0.0, 74.81, 79.63, 52.72] [34mF1_perclass_eog: [78.42, 0.0, 74.07, 72.24, 68.8] 
torch.Size([10, 128])
torch.Size([10, 128])
torch.Size([10, 128])
torch.Size([10, 128])
[37mEpoch 0 step 5 with [31mce_loss_combined : 0.568421 [31mce_loss_eeg : 1.011718 [31mce_loss_eog : 1.039815 [31mtotal : 2.619953 [94mAcc_combined: 78.71 [94mAcc_eeg: 77.59 [94mAcc_eog: 75.51 [92mF1_combined: 62.39 [92mF1_eeg: 61.57 [92mF1_eog: 61.01 [92mK_combined: 0.6919 [92mK_eeg: 0.6805 [92mK_eog: 0.6530 [34mF1_perclass_combined: [87.64, 3.52, 80.46, 59.72, 80.63] [34mF1_perclass_eeg: [85.43, 0.0, 79.32, 78.0, 65.09] [34mF1_perclass_eog: [79.7, 0.0, 77.06, 72.29, 75.99] 
torch.Size([10, 128])
torch.Size([10, 128])
[37mEpoch 0 step 6 with [31mce_loss_combined : 0.581499 [31mce_loss_eeg : 1.023122 [31mce_loss_eog : 1.009602 [31mtotal : 2.614223 [94mAcc_combined: 80.98 [94mAcc_eeg: 75.87 [94mAcc_eog: 76.94 [92mF1_combined: 64.95 [92mF1_eeg: 57.78 [92mF1_eog: 61.55 [92mK_combined: 0.7291 [92mK_eeg: 0.6493 [92mK_eog: 0.6710 [34mF1_perclass_combined: [85.85, 0.55, 82.82, 81.13, 74.41] [34mF1_perclass_eeg: [82.79, 0.0, 78.98, 80.46, 46.69] [34mF1_perclass_eog: [80.98, 0.0, 79.45, 72.98, 74.36] 
torch.Size([10, 128])
torch.Size([10, 128])
torch.Size([10, 128])
torch.Size([10, 128])
[37mEpoch 0 step 8 with [31mce_loss_combined : 0.553957 [31mce_loss_eeg : 0.988913 [31mce_loss_eog : 0.998792 [31mtotal : 2.541661 [94mAcc_combined: 80.82 [94mAcc_eeg: 76.76 [94mAcc_eog: 76.38 [92mF1_combined: 67.01 [92mF1_eeg: 62.20 [92mF1_eog: 61.11 [92mK_combined: 0.7334 [92mK_eeg: 0.6852 [92mK_eog: 0.6665 [34mF1_perclass_combined: [87.11, 9.72, 82.29, 78.18, 77.73] [34mF1_perclass_eeg: [86.57, 0.44, 76.14, 82.84, 65.0] [34mF1_perclass_eog: [81.03, 0.0, 78.98, 70.38, 75.16] 
torch.Size([10, 128])
torch.Size([10, 128])
torch.Size([10, 128])
torch.Size([10, 128])
[37mEpoch 0 step 10 with [31mce_loss_combined : 0.509770 [31mce_loss_eeg : 0.934220 [31mce_loss_eog : 1.014149 [31mtotal : 2.458139 [94mAcc_combined: 81.56 [94mAcc_eeg: 79.25 [94mAcc_eog: 72.54 [92mF1_combined: 70.56 [92mF1_eeg: 64.84 [92mF1_eog: 59.05 [92mK_combined: 0.7473 [92mK_eeg: 0.7143 [92mK_eog: 0.6141 [34mF1_perclass_combined: [88.5, 21.65, 81.2, 80.58, 80.9] [34mF1_perclass_eeg: [87.04, 4.35, 79.52, 83.42, 69.86] [34mF1_perclass_eog: [74.85, 0.0, 73.8, 72.37, 74.21] 
torch.Size([10, 128])
torch.Size([10, 128])
[37mEpoch 0 step 11 with [31mce_loss_combined : 0.511699 [31mce_loss_eeg : 0.913601 [31mce_loss_eog : 0.971755 [31mtotal : 2.397055 [94mAcc_combined: 81.58 [94mAcc_eeg: 79.89 [94mAcc_eog: 76.63 [92mF1_combined: 69.26 [92mF1_eeg: 65.10 [92mF1_eog: 61.57 [92mK_combined: 0.7477 [92mK_eeg: 0.7206 [92mK_eog: 0.6752 [34mF1_perclass_combined: [87.84, 15.7, 81.7, 80.4, 80.65] [34mF1_perclass_eeg: [85.84, 3.76, 81.34, 82.76, 71.79] [34mF1_perclass_eog: [81.4, 0.0, 78.88, 73.23, 74.32] 
torch.Size([10, 128])
torch.Size([10, 128])
torch.Size([10, 128])
torch.Size([10, 128])
[37mEpoch 0 step 13 with [31mce_loss_combined : 0.523798 [31mce_loss_eeg : 0.896565 [31mce_loss_eog : 0.933081 [31mtotal : 2.353444 [94mAcc_combined: 82.28 [94mAcc_eeg: 79.40 [94mAcc_eog: 77.23 [92mF1_combined: 68.03 [92mF1_eeg: 63.39 [92mF1_eog: 61.44 [92mK_combined: 0.7471 [92mK_eeg: 0.7040 [92mK_eog: 0.6745 [34mF1_perclass_combined: [88.45, 11.96, 83.98, 71.93, 83.84] [34mF1_perclass_eeg: [87.18, 2.85, 81.73, 77.01, 68.18] [34mF1_perclass_eog: [82.06, 0.0, 79.98, 67.1, 78.03] 
torch.Size([10, 128])
torch.Size([10, 128])
[37mEpoch 0 step 14 with [31mce_loss_combined : 0.492592 [31mce_loss_eeg : 0.886804 [31mce_loss_eog : 0.942577 [31mtotal : 2.321973 [94mAcc_combined: 82.14 [94mAcc_eeg: 80.00 [94mAcc_eog: 75.68 [92mF1_combined: 70.11 [92mF1_eeg: 66.36 [92mF1_eog: 61.77 [92mK_combined: 0.7546 [92mK_eeg: 0.7225 [92mK_eog: 0.6574 [34mF1_perclass_combined: [87.78, 17.1, 81.75, 80.72, 83.21] [34mF1_perclass_eeg: [86.44, 10.44, 81.33, 82.72, 70.85] [34mF1_perclass_eog: [77.49, 0.0, 76.65, 75.41, 79.28] 
torch.Size([10, 128])
torch.Size([10, 128])
torch.Size([10, 128])
torch.Size([10, 128])
torch.Size([10, 128])
torch.Size([10, 128])
torch.Size([10, 128])
torch.Size([10, 128])
[37mEpoch 0 step 18 with [31mce_loss_combined : 0.467802 [31mce_loss_eeg : 0.849874 [31mce_loss_eog : 0.965475 [31mtotal : 2.283150 [94mAcc_combined: 84.41 [94mAcc_eeg: 80.05 [94mAcc_eog: 72.34 [92mF1_combined: 74.37 [92mF1_eeg: 68.44 [92mF1_eog: 58.10 [92mK_combined: 0.7813 [92mK_eeg: 0.7250 [92mK_eog: 0.6037 [34mF1_perclass_combined: [89.04, 30.29, 85.52, 83.19, 83.83] [34mF1_perclass_eeg: [87.37, 19.63, 81.18, 83.33, 70.71] [34mF1_perclass_eog: [79.13, 0.0, 72.34, 74.82, 64.22] 
torch.Size([10, 128])
torch.Size([10, 128])
[37mEpoch 0 step 19 with [31mce_loss_combined : 0.457279 [31mce_loss_eeg : 0.844269 [31mce_loss_eog : 0.872417 [31mtotal : 2.173965 [94mAcc_combined: 84.47 [94mAcc_eeg: 80.02 [94mAcc_eog: 78.42 [92mF1_combined: 73.76 [92mF1_eeg: 66.35 [92mF1_eog: 63.07 [92mK_combined: 0.7815 [92mK_eeg: 0.7225 [92mK_eog: 0.6918 [34mF1_perclass_combined: [88.91, 27.62, 85.51, 81.57, 85.18] [34mF1_perclass_eeg: [86.94, 10.32, 81.76, 82.08, 70.67] [34mF1_perclass_eog: [82.98, 0.0, 80.0, 71.22, 81.14] 
torch.Size([10, 128])
torch.Size([10, 128])
[37mEpoch 0 step 20 with [31mce_loss_combined : 0.446236 [31mce_loss_eeg : 0.808728 [31mce_loss_eog : 0.874629 [31mtotal : 2.129593 [94mAcc_combined: 84.29 [94mAcc_eeg: 81.85 [94mAcc_eog: 77.68 [92mF1_combined: 74.73 [92mF1_eeg: 69.70 [92mF1_eog: 62.23 [92mK_combined: 0.7826 [92mK_eeg: 0.7479 [92mK_eog: 0.6844 [34mF1_perclass_combined: [88.98, 32.15, 84.71, 84.49, 83.33] [34mF1_perclass_eeg: [87.46, 18.84, 82.92, 84.2, 75.06] [34mF1_perclass_eog: [81.43, 0.0, 80.42, 71.06, 78.22] 
torch.Size([10, 128])
torch.Size([10, 128])
torch.Size([10, 128])
torch.Size([10, 128])
torch.Size([10, 128])
torch.Size([10, 128])
torch.Size([10, 128])
torch.Size([10, 128])
[37mEpoch 0 step 24 with [31mce_loss_combined : 0.442891 [31mce_loss_eeg : 0.780577 [31mce_loss_eog : 0.837116 [31mtotal : 2.060583 [94mAcc_combined: 84.57 [94mAcc_eeg: 81.45 [94mAcc_eog: 78.43 [92mF1_combined: 71.56 [92mF1_eeg: 68.55 [92mF1_eog: 62.73 [92mK_combined: 0.7813 [92mK_eeg: 0.7364 [92mK_eog: 0.6923 [34mF1_perclass_combined: [89.54, 16.84, 85.66, 80.5, 85.29] [34mF1_perclass_eeg: [87.67, 18.54, 83.18, 81.85, 71.52] [34mF1_perclass_eog: [83.42, 0.0, 80.23, 68.29, 81.72] 
torch.Size([10, 128])
torch.Size([10, 128])
torch.Size([10, 128])
torch.Size([10, 128])
[37mEpoch 0 step 26 with [31mce_loss_combined : 0.440824 [31mce_loss_eeg : 0.762662 [31mce_loss_eog : 0.817073 [31mtotal : 2.020559 [94mAcc_combined: 85.45 [94mAcc_eeg: 82.39 [94mAcc_eog: 79.20 [92mF1_combined: 75.36 [92mF1_eeg: 70.70 [92mF1_eog: 63.99 [92mK_combined: 0.7972 [92mK_eeg: 0.7525 [92mK_eog: 0.7075 [34mF1_perclass_combined: [89.83, 31.25, 86.48, 83.73, 85.53] [34mF1_perclass_eeg: [88.15, 22.83, 83.73, 83.81, 74.97] [34mF1_perclass_eog: [82.84, 0.0, 80.65, 74.76, 81.7] 
torch.Size([10, 128])
torch.Size([10, 128])
torch.Size([10, 128])
torch.Size([10, 128])
[37mEpoch 0 step 28 with [31mce_loss_combined : 0.442649 [31mce_loss_eeg : 0.747525 [31mce_loss_eog : 0.809228 [31mtotal : 1.999402 [94mAcc_combined: 85.66 [94mAcc_eeg: 82.16 [94mAcc_eog: 79.04 [92mF1_combined: 76.50 [92mF1_eeg: 71.59 [92mF1_eog: 63.64 [92mK_combined: 0.8005 [92mK_eeg: 0.7523 [92mK_eog: 0.7052 [34mF1_perclass_combined: [89.82, 36.63, 86.85, 84.13, 85.09] [34mF1_perclass_eeg: [87.49, 28.01, 83.47, 84.56, 74.42] [34mF1_perclass_eog: [83.96, 0.0, 80.36, 73.14, 80.73] 
torch.Size([10, 128])
torch.Size([10, 128])
torch.Size([10, 128])
torch.Size([10, 128])
torch.Size([10, 128])
torch.Size([10, 128])
[37mEpoch 0 step 31 with [31mce_loss_combined : 0.433582 [31mce_loss_eeg : 0.731291 [31mce_loss_eog : 0.791676 [31mtotal : 1.956549 [94mAcc_combined: 84.66 [94mAcc_eeg: 82.00 [94mAcc_eog: 79.13 [92mF1_combined: 71.26 [92mF1_eeg: 70.78 [92mF1_eog: 64.52 [92mK_combined: 0.7853 [92mK_eeg: 0.7506 [92mK_eog: 0.7051 [34mF1_perclass_combined: [90.68, 11.62, 84.29, 82.54, 87.16] [34mF1_perclass_eeg: [87.78, 23.51, 83.03, 83.09, 76.47] [34mF1_perclass_eog: [83.57, 0.0, 79.3, 76.92, 82.81] 
torch.Size([10, 128])
torch.Size([10, 128])
torch.Size([10, 128])
torch.Size([10, 128])
torch.Size([10, 128])
torch.Size([10, 128])
[37mEpoch 0 step 34 with [31mce_loss_combined : 0.393011 [31mce_loss_eeg : 0.730426 [31mce_loss_eog : 0.783067 [31mtotal : 1.906503 [94mAcc_combined: 86.38 [94mAcc_eeg: 80.69 [94mAcc_eog: 78.13 [92mF1_combined: 78.01 [92mF1_eeg: 70.87 [92mF1_eog: 63.95 [92mK_combined: 0.8097 [92mK_eeg: 0.7316 [92mK_eog: 0.6916 [34mF1_perclass_combined: [91.0, 41.11, 87.29, 84.0, 86.65] [34mF1_perclass_eeg: [88.19, 31.52, 81.79, 79.74, 73.1] [34mF1_perclass_eog: [82.06, 0.28, 78.23, 76.81, 82.36] 
torch.Size([10, 128])
torch.Size([10, 128])
torch.Size([10, 128])
torch.Size([10, 128])
torch.Size([10, 128])
torch.Size([10, 128])
[37mEpoch 0 step 37 with [31mce_loss_combined : 0.399595 [31mce_loss_eeg : 0.684570 [31mce_loss_eog : 0.740577 [31mtotal : 1.824741 [94mAcc_combined: 85.72 [94mAcc_eeg: 82.52 [94mAcc_eog: 79.88 [92mF1_combined: 78.43 [92mF1_eeg: 73.31 [92mF1_eog: 67.14 [92mK_combined: 0.8003 [92mK_eeg: 0.7571 [92mK_eog: 0.7146 [34mF1_perclass_combined: [90.57, 45.57, 86.91, 82.43, 86.69] [34mF1_perclass_eeg: [88.16, 34.91, 84.3, 82.88, 76.29] [34mF1_perclass_eog: [85.07, 13.02, 81.11, 75.0, 81.48] 
torch.Size([10, 128])
torch.Size([10, 128])
torch.Size([10, 128])
torch.Size([10, 128])
torch.Size([10, 128])
torch.Size([10, 128])
torch.Size([10, 128])
torch.Size([10, 128])
torch.Size([10, 128])
torch.Size([10, 128])
torch.Size([10, 128])
torch.Size([10, 128])
torch.Size([10, 128])
torch.Size([10, 128])
[37mEpoch 0 step 44 with [31mce_loss_combined : 0.416330 [31mce_loss_eeg : 0.648086 [31mce_loss_eog : 0.726360 [31mtotal : 1.790775 [94mAcc_combined: 85.59 [94mAcc_eeg: 82.46 [94mAcc_eog: 78.11 [92mF1_combined: 75.42 [92mF1_eeg: 71.77 [92mF1_eog: 64.73 [92mK_combined: 0.7970 [92mK_eeg: 0.7537 [92mK_eog: 0.6890 [34mF1_perclass_combined: [90.38, 32.11, 86.94, 82.85, 84.8] [34mF1_perclass_eeg: [88.55, 28.35, 84.21, 81.98, 75.79] [34mF1_perclass_eog: [84.3, 14.12, 80.56, 64.23, 80.46] 
torch.Size([10, 128])
torch.Size([10, 128])
torch.Size([10, 128])
torch.Size([10, 128])
[37mEpoch 0 step 46 with [31mce_loss_combined : 0.393246 [31mce_loss_eeg : 0.637335 [31mce_loss_eog : 0.706507 [31mtotal : 1.737088 [94mAcc_combined: 86.18 [94mAcc_eeg: 82.70 [94mAcc_eog: 79.33 [92mF1_combined: 76.81 [92mF1_eeg: 72.99 [92mF1_eog: 67.14 [92mK_combined: 0.8079 [92mK_eeg: 0.7611 [92mK_eog: 0.7085 [34mF1_perclass_combined: [90.91, 35.05, 86.58, 84.81, 86.68] [34mF1_perclass_eeg: [88.29, 32.18, 83.68, 84.45, 76.35] [34mF1_perclass_eog: [83.54, 15.97, 81.4, 73.54, 81.27] 
torch.Size([10, 128])
torch.Size([10, 128])
torch.Size([10, 128])
torch.Size([10, 128])
[37mEpoch 0 step 48 with [31mce_loss_combined : 0.389798 [31mce_loss_eeg : 0.616118 [31mce_loss_eog : 0.723751 [31mtotal : 1.729668 [94mAcc_combined: 86.50 [94mAcc_eeg: 83.23 [94mAcc_eog: 77.89 [92mF1_combined: 79.01 [92mF1_eeg: 74.46 [92mF1_eog: 66.52 [92mK_combined: 0.8137 [92mK_eeg: 0.7673 [92mK_eog: 0.6882 [34mF1_perclass_combined: [90.83, 44.63, 87.65, 85.72, 86.24] [34mF1_perclass_eeg: [89.25, 37.19, 84.59, 83.91, 77.37] [34mF1_perclass_eog: [84.2, 22.85, 80.5, 65.07, 79.98] 
torch.Size([10, 128])
torch.Size([10, 128])
torch.Size([10, 128])
torch.Size([10, 128])
torch.Size([10, 128])
torch.Size([10, 128])
torch.Size([10, 128])
torch.Size([10, 128])
[37mEpoch 0 step 52 with [31mce_loss_combined : 0.403205 [31mce_loss_eeg : 0.627653 [31mce_loss_eog : 0.677057 [31mtotal : 1.707915 [94mAcc_combined: 86.30 [94mAcc_eeg: 82.56 [94mAcc_eog: 80.02 [92mF1_combined: 77.33 [92mF1_eeg: 70.76 [92mF1_eog: 66.73 [92mK_combined: 0.8096 [92mK_eeg: 0.7583 [92mK_eog: 0.7184 [34mF1_perclass_combined: [90.76, 36.83, 86.63, 84.72, 87.71] [34mF1_perclass_eeg: [87.03, 21.49, 84.48, 84.77, 76.02] [34mF1_perclass_eog: [84.83, 7.44, 80.15, 76.78, 84.45] 
torch.Size([10, 128])
torch.Size([10, 128])
torch.Size([10, 128])
torch.Size([10, 128])
[37mEpoch 0 step 54 with [31mce_loss_combined : 0.395652 [31mce_loss_eeg : 0.634136 [31mce_loss_eog : 0.653812 [31mtotal : 1.683600 [94mAcc_combined: 86.47 [94mAcc_eeg: 81.80 [94mAcc_eog: 81.14 [92mF1_combined: 79.25 [92mF1_eeg: 72.96 [92mF1_eog: 69.89 [92mK_combined: 0.8134 [92mK_eeg: 0.7482 [92mK_eog: 0.7358 [34mF1_perclass_combined: [91.33, 45.78, 86.76, 84.73, 87.68] [34mF1_perclass_eeg: [86.13, 36.29, 83.43, 84.43, 74.52] [34mF1_perclass_eog: [86.28, 20.12, 81.72, 76.68, 84.66] 
torch.Size([10, 128])
torch.Size([10, 128])
[37mEpoch 0 step 55 with [31mce_loss_combined : 0.400534 [31mce_loss_eeg : 0.610161 [31mce_loss_eog : 0.653007 [31mtotal : 1.663702 [94mAcc_combined: 86.34 [94mAcc_eeg: 82.96 [94mAcc_eog: 80.88 [92mF1_combined: 78.70 [92mF1_eeg: 73.40 [92mF1_eog: 69.46 [92mK_combined: 0.8111 [92mK_eeg: 0.7633 [92mK_eog: 0.7320 [34mF1_perclass_combined: [90.78, 43.54, 86.95, 85.1, 87.15] [34mF1_perclass_eeg: [87.93, 33.74, 84.45, 84.51, 76.38] [34mF1_perclass_eog: [85.32, 19.83, 81.99, 76.72, 83.43] 
torch.Size([10, 128])
torch.Size([10, 128])
torch.Size([10, 128])
torch.Size([10, 128])
[37mEpoch 0 step 57 with [31mce_loss_combined : 0.378932 [31mce_loss_eeg : 0.593275 [31mce_loss_eog : 0.644928 [31mtotal : 1.617135 [94mAcc_combined: 86.79 [94mAcc_eeg: 83.62 [94mAcc_eog: 81.11 [92mF1_combined: 78.69 [92mF1_eeg: 74.82 [92mF1_eog: 69.77 [92mK_combined: 0.8159 [92mK_eeg: 0.7711 [92mK_eog: 0.7365 [34mF1_perclass_combined: [91.2, 42.56, 87.54, 84.1, 88.04] [34mF1_perclass_eeg: [87.92, 38.65, 85.68, 83.55, 78.3] [34mF1_perclass_eog: [86.62, 20.09, 81.59, 76.1, 84.47] 
torch.Size([10, 128])
torch.Size([10, 128])
torch.Size([10, 128])
torch.Size([10, 128])
torch.Size([10, 128])
torch.Size([10, 128])
[37mEpoch 1 step 60 with [31mce_loss_combined : 0.367686 [31mce_loss_eeg : 0.567100 [31mce_loss_eog : 0.640092 [31mtotal : 1.574878 [94mAcc_combined: 87.03 [94mAcc_eeg: 84.45 [94mAcc_eog: 81.10 [92mF1_combined: 76.02 [92mF1_eeg: 73.90 [92mF1_eog: 67.49 [92mK_combined: 0.8180 [92mK_eeg: 0.7815 [92mK_eog: 0.7334 [34mF1_perclass_combined: [91.88, 27.71, 87.39, 85.25, 87.86] [34mF1_perclass_eeg: [89.35, 30.0, 85.69, 84.72, 79.74] [34mF1_perclass_eog: [86.16, 8.4, 81.52, 76.71, 84.68] 
torch.Size([10, 128])
torch.Size([10, 128])
torch.Size([10, 128])
torch.Size([10, 128])
torch.Size([10, 128])
torch.Size([10, 128])
torch.Size([10, 128])
torch.Size([10, 128])
[37mEpoch 1 step 64 with [31mce_loss_combined : 0.364348 [31mce_loss_eeg : 0.553528 [31mce_loss_eog : 0.636064 [31mtotal : 1.553939 [94mAcc_combined: 87.28 [94mAcc_eeg: 84.74 [94mAcc_eog: 80.53 [92mF1_combined: 79.05 [92mF1_eeg: 75.75 [92mF1_eog: 67.73 [92mK_combined: 0.8224 [92mK_eeg: 0.7859 [92mK_eog: 0.7235 [34mF1_perclass_combined: [91.89, 41.98, 87.83, 85.43, 88.13] [34mF1_perclass_eeg: [89.99, 37.66, 85.85, 84.26, 80.98] [34mF1_perclass_eog: [85.65, 12.16, 81.26, 75.25, 84.33] 
torch.Size([10, 128])
torch.Size([10, 128])
[37mEpoch 1 step 65 with [31mce_loss_combined : 0.361275 [31mce_loss_eeg : 0.550954 [31mce_loss_eog : 0.619597 [31mtotal : 1.531826 [94mAcc_combined: 87.38 [94mAcc_eeg: 84.85 [94mAcc_eog: 81.45 [92mF1_combined: 78.74 [92mF1_eeg: 75.46 [92mF1_eog: 68.83 [92mK_combined: 0.8237 [92mK_eeg: 0.7873 [92mK_eog: 0.7382 [34mF1_perclass_combined: [91.85, 40.37, 87.9, 85.42, 88.19] [34mF1_perclass_eeg: [89.85, 36.06, 86.03, 84.11, 81.23] [34mF1_perclass_eog: [87.21, 15.01, 82.19, 75.17, 84.55] 
torch.Size([10, 128])
torch.Size([10, 128])
torch.Size([10, 128])
torch.Size([10, 128])
torch.Size([10, 128])
torch.Size([10, 128])
torch.Size([10, 128])
torch.Size([10, 128])
torch.Size([10, 128])
torch.Size([10, 128])
torch.Size([10, 128])
torch.Size([10, 128])
torch.Size([10, 128])
torch.Size([10, 128])
[37mEpoch 1 step 72 with [31mce_loss_combined : 0.355106 [31mce_loss_eeg : 0.538636 [31mce_loss_eog : 0.612814 [31mtotal : 1.506556 [94mAcc_combined: 87.47 [94mAcc_eeg: 84.90 [94mAcc_eog: 81.03 [92mF1_combined: 77.23 [92mF1_eeg: 74.41 [92mF1_eog: 67.00 [92mK_combined: 0.8242 [92mK_eeg: 0.7885 [92mK_eog: 0.7298 [34mF1_perclass_combined: [92.32, 32.12, 87.79, 85.18, 88.74] [34mF1_perclass_eeg: [89.71, 30.06, 86.06, 84.89, 81.32] [34mF1_perclass_eog: [87.03, 8.61, 81.92, 72.62, 84.8] 
torch.Size([10, 128])
torch.Size([10, 128])
[37mEpoch 1 step 73 with [31mce_loss_combined : 0.347200 [31mce_loss_eeg : 0.530872 [31mce_loss_eog : 0.597288 [31mtotal : 1.475360 [94mAcc_combined: 87.67 [94mAcc_eeg: 85.22 [94mAcc_eog: 81.98 [92mF1_combined: 78.69 [92mF1_eeg: 75.62 [92mF1_eog: 68.29 [92mK_combined: 0.8277 [92mK_eeg: 0.7930 [92mK_eog: 0.7456 [34mF1_perclass_combined: [92.21, 38.73, 88.05, 85.7, 88.79] [34mF1_perclass_eeg: [90.11, 34.96, 86.33, 84.8, 81.89] [34mF1_perclass_eog: [88.11, 9.66, 82.32, 76.35, 84.99] 
torch.Size([10, 128])
torch.Size([10, 128])
[37mEpoch 1 step 74 with [31mce_loss_combined : 0.346364 [31mce_loss_eeg : 0.531711 [31mce_loss_eog : 0.596292 [31mtotal : 1.474367 [94mAcc_combined: 87.61 [94mAcc_eeg: 85.19 [94mAcc_eog: 82.00 [92mF1_combined: 78.85 [92mF1_eeg: 75.77 [92mF1_eog: 68.66 [92mK_combined: 0.8271 [92mK_eeg: 0.7924 [92mK_eog: 0.7458 [34mF1_perclass_combined: [92.35, 39.74, 87.86, 85.62, 88.69] [34mF1_perclass_eeg: [89.97, 35.92, 86.24, 84.98, 81.75] [34mF1_perclass_eog: [88.03, 11.46, 82.39, 76.42, 85.02] 
torch.Size([10, 128])
torch.Size([10, 128])
[37mEpoch 1 step 75 with [31mce_loss_combined : 0.344720 [31mce_loss_eeg : 0.529192 [31mce_loss_eog : 0.596166 [31mtotal : 1.470078 [94mAcc_combined: 87.69 [94mAcc_eeg: 85.28 [94mAcc_eog: 82.01 [92mF1_combined: 79.22 [92mF1_eeg: 75.93 [92mF1_eog: 68.97 [92mK_combined: 0.8283 [92mK_eeg: 0.7943 [92mK_eog: 0.7460 [34mF1_perclass_combined: [92.51, 41.24, 87.87, 85.67, 88.81] [34mF1_perclass_eeg: [90.07, 36.15, 86.29, 85.16, 81.99] [34mF1_perclass_eog: [88.04, 13.13, 82.44, 76.22, 85.03] 
torch.Size([10, 128])
torch.Size([10, 128])
torch.Size([10, 128])
torch.Size([10, 128])
torch.Size([10, 128])
torch.Size([10, 128])
torch.Size([10, 128])
torch.Size([10, 128])
torch.Size([10, 128])
torch.Size([10, 128])
torch.Size([10, 128])
torch.Size([10, 128])
torch.Size([10, 128])
torch.Size([10, 128])
torch.Size([10, 128])
torch.Size([10, 128])
torch.Size([10, 128])
torch.Size([10, 128])
torch.Size([10, 128])
torch.Size([10, 128])
torch.Size([10, 128])
torch.Size([10, 128])
torch.Size([10, 128])
torch.Size([10, 128])
torch.Size([10, 128])
torch.Size([10, 128])
[37mEpoch 1 step 88 with [31mce_loss_combined : 0.351440 [31mce_loss_eeg : 0.520409 [31mce_loss_eog : 0.588868 [31mtotal : 1.460716 [94mAcc_combined: 87.56 [94mAcc_eeg: 85.06 [94mAcc_eog: 82.09 [92mF1_combined: 79.86 [92mF1_eeg: 76.99 [92mF1_eog: 69.84 [92mK_combined: 0.8272 [92mK_eeg: 0.7929 [92mK_eog: 0.7482 [34mF1_perclass_combined: [92.13, 45.15, 88.17, 85.36, 88.51] [34mF1_perclass_eeg: [89.42, 42.02, 86.27, 85.33, 81.88] [34mF1_perclass_eog: [87.41, 16.47, 82.59, 77.61, 85.13] 
torch.Size([10, 128])
torch.Size([10, 128])
torch.Size([10, 128])
torch.Size([10, 128])
torch.Size([10, 128])
torch.Size([10, 128])
[37mEpoch 1 step 91 with [31mce_loss_combined : 0.342727 [31mce_loss_eeg : 0.512317 [31mce_loss_eog : 0.575002 [31mtotal : 1.430048 [94mAcc_combined: 87.81 [94mAcc_eeg: 85.23 [94mAcc_eog: 82.41 [92mF1_combined: 79.36 [92mF1_eeg: 75.67 [92mF1_eog: 69.40 [92mK_combined: 0.8293 [92mK_eeg: 0.7933 [92mK_eog: 0.7518 [34mF1_perclass_combined: [92.49, 42.15, 88.38, 84.86, 88.93] [34mF1_perclass_eeg: [89.72, 35.07, 86.52, 84.44, 82.57] [34mF1_perclass_eog: [88.08, 13.13, 82.82, 77.41, 85.56] 
torch.Size([10, 128])
torch.Size([10, 128])
torch.Size([10, 128])
torch.Size([10, 128])
[37mEpoch 1 step 93 with [31mce_loss_combined : 0.338784 [31mce_loss_eeg : 0.507667 [31mce_loss_eog : 0.574036 [31mtotal : 1.420488 [94mAcc_combined: 87.87 [94mAcc_eeg: 85.44 [94mAcc_eog: 82.40 [92mF1_combined: 79.91 [92mF1_eeg: 76.60 [92mF1_eog: 70.04 [92mK_combined: 0.8306 [92mK_eeg: 0.7969 [92mK_eog: 0.7513 [34mF1_perclass_combined: [92.61, 44.38, 88.39, 85.31, 88.89] [34mF1_perclass_eeg: [90.05, 38.74, 86.61, 84.8, 82.79] [34mF1_perclass_eog: [88.33, 16.48, 82.8, 77.08, 85.51] 
torch.Size([10, 128])
torch.Size([10, 128])
[37mEpoch 1 step 94 with [31mce_loss_combined : 0.339725 [31mce_loss_eeg : 0.507531 [31mce_loss_eog : 0.571658 [31mtotal : 1.418914 [94mAcc_combined: 87.92 [94mAcc_eeg: 85.43 [94mAcc_eog: 82.52 [92mF1_combined: 80.18 [92mF1_eeg: 76.57 [92mF1_eog: 70.25 [92mK_combined: 0.8316 [92mK_eeg: 0.7963 [92mK_eog: 0.7536 [34mF1_perclass_combined: [92.53, 45.55, 88.46, 85.53, 88.82] [34mF1_perclass_eeg: [89.83, 38.83, 86.69, 84.72, 82.75] [34mF1_perclass_eog: [88.33, 16.95, 82.94, 77.57, 85.48] 
torch.Size([10, 128])
torch.Size([10, 128])
torch.Size([10, 128])
torch.Size([10, 128])
torch.Size([10, 128])
torch.Size([10, 128])
torch.Size([10, 128])
torch.Size([10, 128])
torch.Size([10, 128])
torch.Size([10, 128])
torch.Size([10, 128])
torch.Size([10, 128])
torch.Size([10, 128])
torch.Size([10, 128])
torch.Size([10, 128])
torch.Size([10, 128])
torch.Size([10, 128])
torch.Size([10, 128])
torch.Size([10, 128])
torch.Size([10, 128])
torch.Size([10, 128])
torch.Size([10, 128])
torch.Size([10, 128])
torch.Size([10, 128])
torch.Size([10, 128])
torch.Size([10, 128])
torch.Size([10, 128])
torch.Size([10, 128])
torch.Size([10, 128])
torch.Size([10, 128])
torch.Size([10, 128])
torch.Size([10, 128])
torch.Size([10, 128])
torch.Size([10, 128])
torch.Size([10, 128])
torch.Size([10, 128])
torch.Size([10, 128])
torch.Size([10, 128])
torch.Size([10, 128])
torch.Size([10, 128])
torch.Size([10, 128])
torch.Size([10, 128])
torch.Size([10, 128])
torch.Size([10, 128])
[37mEpoch 1 step 116 with [31mce_loss_combined : 0.352120 [31mce_loss_eeg : 0.497796 [31mce_loss_eog : 0.559544 [31mtotal : 1.409460 [94mAcc_combined: 87.86 [94mAcc_eeg: 85.17 [94mAcc_eog: 82.05 [92mF1_combined: 79.76 [92mF1_eeg: 76.78 [92mF1_eog: 69.43 [92mK_combined: 0.8310 [92mK_eeg: 0.7932 [92mK_eog: 0.7459 [34mF1_perclass_combined: [92.36, 43.47, 88.4, 86.22, 88.34] [34mF1_perclass_eeg: [89.38, 40.87, 86.5, 85.98, 81.18] [34mF1_perclass_eog: [88.04, 14.88, 82.5, 76.76, 84.98] 
torch.Size([10, 128])
torch.Size([10, 128])
torch.Size([10, 128])
torch.Size([10, 128])
[37mEpoch 2 step 118 with [31mce_loss_combined : 0.348445 [31mce_loss_eeg : 0.475815 [31mce_loss_eog : 0.565754 [31mtotal : 1.390014 [94mAcc_combined: 87.88 [94mAcc_eeg: 86.00 [94mAcc_eog: 81.84 [92mF1_combined: 78.35 [92mF1_eeg: 76.76 [92mF1_eog: 69.16 [92mK_combined: 0.8308 [92mK_eeg: 0.8046 [92mK_eog: 0.7450 [34mF1_perclass_combined: [92.6, 36.29, 88.27, 85.75, 88.85] [34mF1_perclass_eeg: [90.48, 36.89, 86.88, 85.74, 83.8] [34mF1_perclass_eog: [88.14, 16.57, 82.6, 74.42, 84.08] 
torch.Size([10, 128])
torch.Size([10, 128])
[37mEpoch 2 step 119 with [31mce_loss_combined : 0.340629 [31mce_loss_eeg : 0.479164 [31mce_loss_eog : 0.556335 [31mtotal : 1.376129 [94mAcc_combined: 88.13 [94mAcc_eeg: 85.86 [94mAcc_eog: 82.14 [92mF1_combined: 79.09 [92mF1_eeg: 76.75 [92mF1_eog: 69.44 [92mK_combined: 0.8343 [92mK_eeg: 0.8030 [92mK_eog: 0.7475 [34mF1_perclass_combined: [92.63, 38.99, 88.57, 86.44, 88.81] [34mF1_perclass_eeg: [90.57, 37.75, 86.84, 85.82, 82.75] [34mF1_perclass_eog: [87.96, 15.64, 82.9, 76.26, 84.46] 
torch.Size([10, 128])
torch.Size([10, 128])
torch.Size([10, 128])
torch.Size([10, 128])
[37mEpoch 2 step 121 with [31mce_loss_combined : 0.342729 [31mce_loss_eeg : 0.471882 [31mce_loss_eog : 0.549663 [31mtotal : 1.364275 [94mAcc_combined: 87.93 [94mAcc_eeg: 86.03 [94mAcc_eog: 82.41 [92mF1_combined: 78.91 [92mF1_eeg: 76.89 [92mF1_eog: 70.47 [92mK_combined: 0.8320 [92mK_eeg: 0.8059 [92mK_eog: 0.7533 [34mF1_perclass_combined: [92.85, 38.42, 88.09, 86.42, 88.79] [34mF1_perclass_eeg: [90.91, 37.18, 86.8, 85.96, 83.58] [34mF1_perclass_eog: [88.59, 18.26, 82.67, 77.52, 85.33] 
torch.Size([10, 128])
torch.Size([10, 128])
torch.Size([10, 128])
torch.Size([10, 128])
[37mEpoch 2 step 123 with [31mce_loss_combined : 0.338590 [31mce_loss_eeg : 0.469941 [31mce_loss_eog : 0.546794 [31mtotal : 1.355325 [94mAcc_combined: 87.94 [94mAcc_eeg: 86.07 [94mAcc_eog: 82.45 [92mF1_combined: 78.70 [92mF1_eeg: 76.67 [92mF1_eog: 69.64 [92mK_combined: 0.8323 [92mK_eeg: 0.8064 [92mK_eog: 0.7528 [34mF1_perclass_combined: [92.75, 37.47, 88.12, 86.32, 88.82] [34mF1_perclass_eeg: [90.79, 35.96, 86.84, 85.88, 83.88] [34mF1_perclass_eog: [88.84, 14.95, 82.83, 75.99, 85.59] 
torch.Size([10, 128])
torch.Size([10, 128])
[37mEpoch 2 step 124 with [31mce_loss_combined : 0.336658 [31mce_loss_eeg : 0.469219 [31mce_loss_eog : 0.541484 [31mtotal : 1.347361 [94mAcc_combined: 88.12 [94mAcc_eeg: 86.08 [94mAcc_eog: 82.80 [92mF1_combined: 80.62 [92mF1_eeg: 77.92 [92mF1_eog: 72.09 [92mK_combined: 0.8349 [92mK_eeg: 0.8063 [92mK_eog: 0.7599 [34mF1_perclass_combined: [92.8, 46.46, 88.58, 86.26, 88.99] [34mF1_perclass_eeg: [90.68, 42.39, 86.97, 85.38, 84.18] [34mF1_perclass_eog: [88.74, 24.83, 83.13, 77.87, 85.89] 
torch.Size([10, 128])
torch.Size([10, 128])
torch.Size([10, 128])
torch.Size([10, 128])
torch.Size([10, 128])
torch.Size([10, 128])
[37mEpoch 2 step 127 with [31mce_loss_combined : 0.334437 [31mce_loss_eeg : 0.464804 [31mce_loss_eog : 0.540966 [31mtotal : 1.340207 [94mAcc_combined: 88.21 [94mAcc_eeg: 86.29 [94mAcc_eog: 82.61 [92mF1_combined: 80.67 [92mF1_eeg: 78.03 [92mF1_eog: 71.21 [92mK_combined: 0.8364 [92mK_eeg: 0.8096 [92mK_eog: 0.7554 [34mF1_perclass_combined: [92.86, 46.43, 88.57, 86.44, 89.03] [34mF1_perclass_eeg: [91.14, 41.98, 87.06, 85.92, 84.07] [34mF1_perclass_eog: [88.91, 23.01, 83.25, 75.04, 85.82] 
torch.Size([10, 128])
torch.Size([10, 128])
torch.Size([10, 128])
torch.Size([10, 128])
[37mEpoch 2 step 129 with [31mce_loss_combined : 0.334084 [31mce_loss_eeg : 0.463965 [31mce_loss_eog : 0.536581 [31mtotal : 1.334631 [94mAcc_combined: 88.09 [94mAcc_eeg: 86.32 [94mAcc_eog: 82.81 [92mF1_combined: 80.24 [92mF1_eeg: 77.91 [92mF1_eog: 71.42 [92mK_combined: 0.8344 [92mK_eeg: 0.8096 [92mK_eog: 0.7586 [34mF1_perclass_combined: [92.79, 44.67, 88.33, 86.19, 89.25] [34mF1_perclass_eeg: [91.06, 41.24, 87.07, 85.76, 84.45] [34mF1_perclass_eog: [88.88, 22.92, 83.46, 75.75, 86.1] 
torch.Size([10, 128])
torch.Size([10, 128])
[37mEpoch 2 step 130 with [31mce_loss_combined : 0.333010 [31mce_loss_eeg : 0.462999 [31mce_loss_eog : 0.535747 [31mtotal : 1.331755 [94mAcc_combined: 88.07 [94mAcc_eeg: 86.29 [94mAcc_eog: 82.88 [92mF1_combined: 79.38 [92mF1_eeg: 77.27 [92mF1_eog: 70.60 [92mK_combined: 0.8333 [92mK_eeg: 0.8085 [92mK_eog: 0.7596 [34mF1_perclass_combined: [92.76, 40.7, 88.37, 85.84, 89.26] [34mF1_perclass_eeg: [91.06, 38.34, 87.11, 85.3, 84.52] [34mF1_perclass_eog: [88.83, 17.62, 83.3, 77.11, 86.13] 
torch.Size([10, 128])
torch.Size([10, 128])
torch.Size([10, 128])
torch.Size([10, 128])
[37mEpoch 2 step 132 with [31mce_loss_combined : 0.332985 [31mce_loss_eeg : 0.463183 [31mce_loss_eog : 0.534265 [31mtotal : 1.330433 [94mAcc_combined: 88.10 [94mAcc_eeg: 86.35 [94mAcc_eog: 82.86 [92mF1_combined: 79.82 [92mF1_eeg: 77.45 [92mF1_eog: 70.39 [92mK_combined: 0.8340 [92mK_eeg: 0.8093 [92mK_eog: 0.7582 [34mF1_perclass_combined: [92.72, 42.71, 88.43, 86.05, 89.18] [34mF1_perclass_eeg: [91.05, 38.9, 87.13, 85.58, 84.58] [34mF1_perclass_eog: [89.12, 16.83, 83.22, 76.89, 85.87] 
torch.Size([10, 128])
torch.Size([10, 128])
[37mEpoch 2 step 133 with [31mce_loss_combined : 0.331259 [31mce_loss_eeg : 0.461395 [31mce_loss_eog : 0.533401 [31mtotal : 1.326056 [94mAcc_combined: 88.17 [94mAcc_eeg: 86.42 [94mAcc_eog: 82.89 [92mF1_combined: 80.02 [92mF1_eeg: 77.58 [92mF1_eog: 70.70 [92mK_combined: 0.8352 [92mK_eeg: 0.8107 [92mK_eog: 0.7589 [34mF1_perclass_combined: [92.93, 43.35, 88.38, 86.15, 89.3] [34mF1_perclass_eeg: [91.18, 39.16, 87.13, 85.79, 84.64] [34mF1_perclass_eog: [89.14, 18.39, 83.32, 76.64, 85.98] 
torch.Size([10, 128])
torch.Size([10, 128])
[37mEpoch 2 step 134 with [31mce_loss_combined : 0.330416 [31mce_loss_eeg : 0.461033 [31mce_loss_eog : 0.533178 [31mtotal : 1.324627 [94mAcc_combined: 88.19 [94mAcc_eeg: 86.43 [94mAcc_eog: 82.85 [92mF1_combined: 80.26 [92mF1_eeg: 77.80 [92mF1_eog: 70.73 [92mK_combined: 0.8353 [92mK_eeg: 0.8107 [92mK_eog: 0.7581 [34mF1_perclass_combined: [92.99, 44.54, 88.44, 86.01, 89.32] [34mF1_perclass_eeg: [91.24, 40.37, 87.18, 85.59, 84.64] [34mF1_perclass_eog: [89.22, 18.43, 83.16, 76.8, 86.04] 
torch.Size([10, 128])
torch.Size([10, 128])
torch.Size([10, 128])
torch.Size([10, 128])
torch.Size([10, 128])
torch.Size([10, 128])
torch.Size([10, 128])
torch.Size([10, 128])
torch.Size([10, 128])
torch.Size([10, 128])
torch.Size([10, 128])
torch.Size([10, 128])
torch.Size([10, 128])
torch.Size([10, 128])
torch.Size([10, 128])
torch.Size([10, 128])
torch.Size([10, 128])
torch.Size([10, 128])
torch.Size([10, 128])
torch.Size([10, 128])
torch.Size([10, 128])
torch.Size([10, 128])
torch.Size([10, 128])
torch.Size([10, 128])
torch.Size([10, 128])
torch.Size([10, 128])
torch.Size([10, 128])
torch.Size([10, 128])
torch.Size([10, 128])
torch.Size([10, 128])
torch.Size([10, 128])
torch.Size([10, 128])
torch.Size([10, 128])
torch.Size([10, 128])
torch.Size([10, 128])
torch.Size([10, 128])
torch.Size([10, 128])
torch.Size([10, 128])
torch.Size([10, 128])
torch.Size([10, 128])
torch.Size([10, 128])
torch.Size([10, 128])
torch.Size([10, 128])
torch.Size([10, 128])
torch.Size([10, 128])
torch.Size([10, 128])
torch.Size([10, 128])
torch.Size([10, 128])
torch.Size([10, 128])
torch.Size([10, 128])
torch.Size([10, 128])
torch.Size([10, 128])
torch.Size([10, 128])
torch.Size([10, 128])
torch.Size([10, 128])
torch.Size([10, 128])
torch.Size([10, 128])
torch.Size([10, 128])
torch.Size([10, 128])
torch.Size([10, 128])
torch.Size([10, 128])
torch.Size([10, 128])
torch.Size([10, 128])
torch.Size([10, 128])
torch.Size([10, 128])
torch.Size([10, 128])
torch.Size([10, 128])
torch.Size([10, 128])
torch.Size([10, 128])
torch.Size([10, 128])
torch.Size([10, 128])
torch.Size([10, 128])
torch.Size([10, 128])
torch.Size([10, 128])
torch.Size([10, 128])
torch.Size([10, 128])
torch.Size([10, 128])
torch.Size([10, 128])
torch.Size([10, 128])
torch.Size([10, 128])
torch.Size([10, 128])
torch.Size([10, 128])
torch.Size([10, 128])
torch.Size([10, 128])
[37mEpoch 3 step 176 with [31mce_loss_combined : 0.342411 [31mce_loss_eeg : 0.453322 [31mce_loss_eog : 0.524298 [31mtotal : 1.320031 [94mAcc_combined: 87.97 [94mAcc_eeg: 86.04 [94mAcc_eog: 82.50 [92mF1_combined: 78.23 [92mF1_eeg: 76.34 [92mF1_eog: 68.88 [92mK_combined: 0.8321 [92mK_eeg: 0.8059 [92mK_eog: 0.7533 [34mF1_perclass_combined: [92.53, 35.36, 88.39, 85.98, 88.9] [34mF1_perclass_eeg: [90.56, 34.6, 86.88, 85.47, 84.17] [34mF1_perclass_eog: [88.33, 11.15, 83.05, 75.95, 85.94] 
torch.Size([10, 128])
torch.Size([10, 128])
[37mEpoch 3 step 177 with [31mce_loss_combined : 0.333225 [31mce_loss_eeg : 0.439727 [31mce_loss_eog : 0.525869 [31mtotal : 1.298821 [94mAcc_combined: 88.23 [94mAcc_eeg: 86.48 [94mAcc_eog: 82.69 [92mF1_combined: 80.08 [92mF1_eeg: 78.37 [92mF1_eog: 71.09 [92mK_combined: 0.8362 [92mK_eeg: 0.8121 [92mK_eog: 0.7573 [34mF1_perclass_combined: [92.99, 43.44, 88.56, 86.36, 89.06] [34mF1_perclass_eeg: [91.18, 43.03, 87.26, 85.62, 84.75] [34mF1_perclass_eog: [88.82, 19.9, 82.81, 78.59, 85.31] 
torch.Size([10, 128])
torch.Size([10, 128])
torch.Size([10, 128])
torch.Size([10, 128])
torch.Size([10, 128])
torch.Size([10, 128])
torch.Size([10, 128])
torch.Size([10, 128])
torch.Size([10, 128])
torch.Size([10, 128])
[37mEpoch 3 step 182 with [31mce_loss_combined : 0.334084 [31mce_loss_eeg : 0.443199 [31mce_loss_eog : 0.512931 [31mtotal : 1.290213 [94mAcc_combined: 88.13 [94mAcc_eeg: 86.25 [94mAcc_eog: 82.92 [92mF1_combined: 80.69 [92mF1_eeg: 78.12 [92mF1_eog: 72.35 [92mK_combined: 0.8347 [92mK_eeg: 0.8086 [92mK_eog: 0.7613 [34mF1_perclass_combined: [93.05, 47.13, 88.64, 85.72, 88.89] [34mF1_perclass_eeg: [91.0, 42.71, 87.18, 85.12, 84.6] [34mF1_perclass_eog: [89.1, 25.7, 83.25, 77.59, 86.09] 
torch.Size([10, 128])
torch.Size([10, 128])
torch.Size([10, 128])
torch.Size([10, 128])
torch.Size([10, 128])
torch.Size([10, 128])
torch.Size([10, 128])
torch.Size([10, 128])
torch.Size([10, 128])
torch.Size([10, 128])
[37mEpoch 3 step 187 with [31mce_loss_combined : 0.334534 [31mce_loss_eeg : 0.443205 [31mce_loss_eog : 0.503449 [31mtotal : 1.281188 [94mAcc_combined: 87.94 [94mAcc_eeg: 86.36 [94mAcc_eog: 83.14 [92mF1_combined: 79.77 [92mF1_eeg: 77.86 [92mF1_eog: 71.29 [92mK_combined: 0.8322 [92mK_eeg: 0.8108 [92mK_eog: 0.7628 [34mF1_perclass_combined: [92.79, 42.82, 88.09, 86.07, 89.09] [34mF1_perclass_eeg: [90.99, 40.54, 86.93, 85.84, 85.0] [34mF1_perclass_eog: [89.26, 20.33, 83.56, 76.77, 86.53] 
torch.Size([10, 128])
torch.Size([10, 128])
torch.Size([10, 128])
torch.Size([10, 128])
torch.Size([10, 128])
torch.Size([10, 128])
torch.Size([10, 128])
torch.Size([10, 128])
torch.Size([10, 128])
torch.Size([10, 128])
torch.Size([10, 128])
torch.Size([10, 128])
[37mEpoch 3 step 193 with [31mce_loss_combined : 0.330689 [31mce_loss_eeg : 0.441912 [31mce_loss_eog : 0.504626 [31mtotal : 1.277226 [94mAcc_combined: 88.25 [94mAcc_eeg: 86.21 [94mAcc_eog: 83.09 [92mF1_combined: 79.24 [92mF1_eeg: 76.47 [92mF1_eog: 71.27 [92mK_combined: 0.8358 [92mK_eeg: 0.8070 [92mK_eog: 0.7616 [34mF1_perclass_combined: [93.22, 38.92, 88.39, 86.32, 89.36] [34mF1_perclass_eeg: [91.01, 34.48, 86.85, 85.69, 84.32] [34mF1_perclass_eog: [89.73, 20.56, 83.42, 76.74, 85.9] 
torch.Size([10, 128])
torch.Size([10, 128])
[37mEpoch 3 step 194 with [31mce_loss_combined : 0.331113 [31mce_loss_eeg : 0.436800 [31mce_loss_eog : 0.500516 [31mtotal : 1.268429 [94mAcc_combined: 88.41 [94mAcc_eeg: 86.56 [94mAcc_eog: 83.30 [92mF1_combined: 79.89 [92mF1_eeg: 77.10 [92mF1_eog: 71.72 [92mK_combined: 0.8379 [92mK_eeg: 0.8125 [92mK_eog: 0.7661 [34mF1_perclass_combined: [93.44, 41.39, 88.54, 86.44, 89.64] [34mF1_perclass_eeg: [91.51, 35.38, 87.08, 86.17, 85.37] [34mF1_perclass_eog: [89.7, 20.9, 83.33, 77.92, 86.75] 
torch.Size([10, 128])
torch.Size([10, 128])
torch.Size([10, 128])
torch.Size([10, 128])
torch.Size([10, 128])
torch.Size([10, 128])
[37mEpoch 3 step 197 with [31mce_loss_combined : 0.329143 [31mce_loss_eeg : 0.441630 [31mce_loss_eog : 0.496035 [31mtotal : 1.266808 [94mAcc_combined: 88.44 [94mAcc_eeg: 86.26 [94mAcc_eog: 83.32 [92mF1_combined: 80.61 [92mF1_eeg: 77.95 [92mF1_eog: 71.50 [92mK_combined: 0.8389 [92mK_eeg: 0.8082 [92mK_eog: 0.7644 [34mF1_perclass_combined: [93.05, 45.54, 88.89, 86.14, 89.4] [34mF1_perclass_eeg: [90.31, 41.57, 87.27, 85.84, 84.74] [34mF1_perclass_eog: [89.91, 20.92, 83.68, 76.26, 86.75] 
torch.Size([10, 128])
torch.Size([10, 128])
torch.Size([10, 128])
torch.Size([10, 128])
torch.Size([10, 128])
torch.Size([10, 128])
torch.Size([10, 128])
torch.Size([10, 128])
[37mEpoch 3 step 201 with [31mce_loss_combined : 0.322791 [31mce_loss_eeg : 0.433039 [31mce_loss_eog : 0.500735 [31mtotal : 1.256565 [94mAcc_combined: 88.54 [94mAcc_eeg: 86.69 [94mAcc_eog: 83.28 [92mF1_combined: 81.04 [92mF1_eeg: 78.40 [92mF1_eog: 72.22 [92mK_combined: 0.8410 [92mK_eeg: 0.8151 [92mK_eog: 0.7655 [34mF1_perclass_combined: [93.49, 47.27, 88.89, 86.47, 89.09] [34mF1_perclass_eeg: [91.48, 42.15, 87.5, 86.07, 84.82] [34mF1_perclass_eog: [89.93, 24.19, 83.44, 77.42, 86.15] 
torch.Size([10, 128])
torch.Size([10, 128])
[37mEpoch 3 step 202 with [31mce_loss_combined : 0.321408 [31mce_loss_eeg : 0.430103 [31mce_loss_eog : 0.502263 [31mtotal : 1.253774 [94mAcc_combined: 88.59 [94mAcc_eeg: 86.79 [94mAcc_eog: 83.07 [92mF1_combined: 81.03 [92mF1_eeg: 78.51 [92mF1_eog: 71.69 [92mK_combined: 0.8411 [92mK_eeg: 0.8159 [92mK_eog: 0.7608 [34mF1_perclass_combined: [93.47, 46.89, 88.88, 86.33, 89.6] [34mF1_perclass_eeg: [91.46, 42.28, 87.56, 85.79, 85.44] [34mF1_perclass_eog: [89.64, 22.82, 83.41, 75.91, 86.66] 
torch.Size([10, 128])
torch.Size([10, 128])
[37mEpoch 3 step 203 with [31mce_loss_combined : 0.324007 [31mce_loss_eeg : 0.431973 [31mce_loss_eog : 0.494046 [31mtotal : 1.250026 [94mAcc_combined: 88.58 [94mAcc_eeg: 86.68 [94mAcc_eog: 83.65 [92mF1_combined: 80.60 [92mF1_eeg: 78.12 [92mF1_eog: 71.50 [92mK_combined: 0.8411 [92mK_eeg: 0.8146 [92mK_eog: 0.7700 [34mF1_perclass_combined: [93.14, 44.79, 88.98, 86.55, 89.54] [34mF1_perclass_eeg: [90.99, 40.77, 87.59, 85.97, 85.29] [34mF1_perclass_eog: [90.05, 18.98, 83.87, 77.87, 86.72] 
torch.Size([10, 128])
torch.Size([10, 128])
torch.Size([10, 128])
torch.Size([10, 128])
[37mEpoch 3 step 205 with [31mce_loss_combined : 0.322231 [31mce_loss_eeg : 0.429264 [31mce_loss_eog : 0.495010 [31mtotal : 1.246505 [94mAcc_combined: 88.64 [94mAcc_eeg: 86.71 [94mAcc_eog: 83.66 [92mF1_combined: 80.72 [92mF1_eeg: 78.09 [92mF1_eog: 71.87 [92mK_combined: 0.8420 [92mK_eeg: 0.8154 [92mK_eog: 0.7707 [34mF1_perclass_combined: [93.55, 44.76, 88.83, 86.69, 89.74] [34mF1_perclass_eeg: [91.34, 40.3, 87.46, 86.34, 85.02] [34mF1_perclass_eog: [90.13, 20.2, 83.69, 78.56, 86.79] 
torch.Size([10, 128])
torch.Size([10, 128])
torch.Size([10, 128])
torch.Size([10, 128])
torch.Size([10, 128])
torch.Size([10, 128])
torch.Size([10, 128])
torch.Size([10, 128])
torch.Size([10, 128])
torch.Size([10, 128])
[37mEpoch 3 step 210 with [31mce_loss_combined : 0.322554 [31mce_loss_eeg : 0.428494 [31mce_loss_eog : 0.494105 [31mtotal : 1.245152 [94mAcc_combined: 88.57 [94mAcc_eeg: 86.75 [94mAcc_eog: 83.64 [92mF1_combined: 80.72 [92mF1_eeg: 78.13 [92mF1_eog: 71.71 [92mK_combined: 0.8408 [92mK_eeg: 0.8153 [92mK_eog: 0.7698 [34mF1_perclass_combined: [93.32, 45.52, 88.97, 86.27, 89.5] [34mF1_perclass_eeg: [91.26, 40.59, 87.62, 85.74, 85.45] [34mF1_perclass_eog: [90.16, 20.09, 83.87, 77.67, 86.76] 
torch.Size([10, 128])
torch.Size([10, 128])
torch.Size([10, 128])
torch.Size([10, 128])
torch.Size([10, 128])
torch.Size([10, 128])
torch.Size([10, 128])
torch.Size([10, 128])
torch.Size([10, 128])
torch.Size([10, 128])
torch.Size([10, 128])
torch.Size([10, 128])
torch.Size([10, 128])
torch.Size([10, 128])
[37mEpoch 3 step 217 with [31mce_loss_combined : 0.323457 [31mce_loss_eeg : 0.428491 [31mce_loss_eog : 0.493028 [31mtotal : 1.244975 [94mAcc_combined: 88.61 [94mAcc_eeg: 86.77 [94mAcc_eog: 83.53 [92mF1_combined: 81.20 [92mF1_eeg: 78.70 [92mF1_eog: 72.27 [92mK_combined: 0.8419 [92mK_eeg: 0.8162 [92mK_eog: 0.7684 [34mF1_perclass_combined: [93.34, 47.75, 88.93, 86.46, 89.54] [34mF1_perclass_eeg: [91.24, 43.34, 87.58, 86.1, 85.23] [34mF1_perclass_eog: [90.14, 23.84, 83.83, 76.69, 86.84] 
torch.Size([10, 128])
torch.Size([10, 128])
[37mEpoch 3 step 218 with [31mce_loss_combined : 0.323428 [31mce_loss_eeg : 0.428414 [31mce_loss_eog : 0.493069 [31mtotal : 1.244911 [94mAcc_combined: 88.60 [94mAcc_eeg: 86.76 [94mAcc_eog: 83.52 [92mF1_combined: 81.20 [92mF1_eeg: 78.71 [92mF1_eog: 72.29 [92mK_combined: 0.8418 [92mK_eeg: 0.8162 [92mK_eog: 0.7683 [34mF1_perclass_combined: [93.33, 47.78, 88.92, 86.44, 89.56] [34mF1_perclass_eeg: [91.24, 43.38, 87.58, 86.11, 85.23] [34mF1_perclass_eog: [90.14, 23.99, 83.82, 76.65, 86.83] 
torch.Size([10, 128])
torch.Size([10, 128])
torch.Size([10, 128])
torch.Size([10, 128])
torch.Size([10, 128])
torch.Size([10, 128])
torch.Size([10, 128])
torch.Size([10, 128])
torch.Size([10, 128])
torch.Size([10, 128])
torch.Size([10, 128])
torch.Size([10, 128])
torch.Size([10, 128])
torch.Size([10, 128])
torch.Size([10, 128])
torch.Size([10, 128])
torch.Size([10, 128])
torch.Size([10, 128])
torch.Size([10, 128])
torch.Size([10, 128])
torch.Size([10, 128])
torch.Size([10, 128])
torch.Size([10, 128])
torch.Size([10, 128])
torch.Size([10, 128])
torch.Size([10, 128])
torch.Size([10, 128])
torch.Size([10, 128])
torch.Size([10, 128])
torch.Size([10, 128])
torch.Size([10, 128])
torch.Size([10, 128])
torch.Size([10, 128])
torch.Size([10, 128])
torch.Size([10, 128])
torch.Size([10, 128])
torch.Size([10, 128])
torch.Size([10, 128])
torch.Size([10, 128])
torch.Size([10, 128])
torch.Size([10, 128])
torch.Size([10, 128])
torch.Size([10, 128])
torch.Size([10, 128])
torch.Size([10, 128])
torch.Size([10, 128])
torch.Size([10, 128])
torch.Size([10, 128])
torch.Size([10, 128])
torch.Size([10, 128])
torch.Size([10, 128])
torch.Size([10, 128])
torch.Size([10, 128])
torch.Size([10, 128])
torch.Size([10, 128])
torch.Size([10, 128])
torch.Size([10, 128])
torch.Size([10, 128])
torch.Size([10, 128])
torch.Size([10, 128])
torch.Size([10, 128])
torch.Size([10, 128])
torch.Size([10, 128])
torch.Size([10, 128])
torch.Size([10, 128])
torch.Size([10, 128])
torch.Size([10, 128])
torch.Size([10, 128])
torch.Size([10, 128])
torch.Size([10, 128])
torch.Size([10, 128])
torch.Size([10, 128])
torch.Size([10, 128])
torch.Size([10, 128])
torch.Size([10, 128])
torch.Size([10, 128])
torch.Size([10, 128])
torch.Size([10, 128])
torch.Size([10, 128])
torch.Size([10, 128])
torch.Size([10, 128])
torch.Size([10, 128])
torch.Size([10, 128])
torch.Size([10, 128])
torch.Size([10, 128])
torch.Size([10, 128])
torch.Size([10, 128])
torch.Size([10, 128])
torch.Size([10, 128])
torch.Size([10, 128])
torch.Size([10, 128])
torch.Size([10, 128])
torch.Size([10, 128])
torch.Size([10, 128])
torch.Size([10, 128])
torch.Size([10, 128])
torch.Size([10, 128])
torch.Size([10, 128])
torch.Size([10, 128])
torch.Size([10, 128])
torch.Size([10, 128])
torch.Size([10, 128])
torch.Size([10, 128])
torch.Size([10, 128])
torch.Size([10, 128])
torch.Size([10, 128])
torch.Size([10, 128])
torch.Size([10, 128])
torch.Size([10, 128])
torch.Size([10, 128])
torch.Size([10, 128])
torch.Size([10, 128])
torch.Size([10, 128])
torch.Size([10, 128])
torch.Size([10, 128])
torch.Size([10, 128])
torch.Size([10, 128])
torch.Size([10, 128])
torch.Size([10, 128])
torch.Size([10, 128])
torch.Size([10, 128])
torch.Size([10, 128])
torch.Size([10, 128])
torch.Size([10, 128])
torch.Size([10, 128])
torch.Size([10, 128])
torch.Size([10, 128])
torch.Size([10, 128])
torch.Size([10, 128])
torch.Size([10, 128])
torch.Size([10, 128])
torch.Size([10, 128])
torch.Size([10, 128])
torch.Size([10, 128])
torch.Size([10, 128])
torch.Size([10, 128])
torch.Size([10, 128])
torch.Size([10, 128])
torch.Size([10, 128])
torch.Size([10, 128])
torch.Size([10, 128])
torch.Size([10, 128])
torch.Size([10, 128])
torch.Size([10, 128])
torch.Size([10, 128])
torch.Size([10, 128])
torch.Size([10, 128])
torch.Size([10, 128])
torch.Size([10, 128])
torch.Size([10, 128])
torch.Size([10, 128])
torch.Size([10, 128])
[37mEpoch 5 step 294 with [31mce_loss_combined : 0.329338 [31mce_loss_eeg : 0.417189 [31mce_loss_eog : 0.487248 [31mtotal : 1.233775 [94mAcc_combined: 88.29 [94mAcc_eeg: 86.78 [94mAcc_eog: 83.21 [92mF1_combined: 80.74 [92mF1_eeg: 78.96 [92mF1_eog: 71.77 [92mK_combined: 0.8378 [92mK_eeg: 0.8168 [92mK_eog: 0.7638 [34mF1_perclass_combined: [93.06, 46.05, 88.48, 86.77, 89.34] [34mF1_perclass_eeg: [91.6, 44.11, 87.23, 86.33, 85.56] [34mF1_perclass_eog: [89.97, 22.92, 83.56, 75.74, 86.67] 
torch.Size([10, 128])
torch.Size([10, 128])
torch.Size([10, 128])
torch.Size([10, 128])
torch.Size([10, 128])
torch.Size([10, 128])
torch.Size([10, 128])
torch.Size([10, 128])
torch.Size([10, 128])
torch.Size([10, 128])
torch.Size([10, 128])
torch.Size([10, 128])
torch.Size([10, 128])
torch.Size([10, 128])
torch.Size([10, 128])
torch.Size([10, 128])
torch.Size([10, 128])
torch.Size([10, 128])
torch.Size([10, 128])
torch.Size([10, 128])
torch.Size([10, 128])
torch.Size([10, 128])
torch.Size([10, 128])
torch.Size([10, 128])
torch.Size([10, 128])
torch.Size([10, 128])
torch.Size([10, 128])
torch.Size([10, 128])
torch.Size([10, 128])
torch.Size([10, 128])
torch.Size([10, 128])
torch.Size([10, 128])
torch.Size([10, 128])
torch.Size([10, 128])
torch.Size([10, 128])
torch.Size([10, 128])
torch.Size([10, 128])
torch.Size([10, 128])
torch.Size([10, 128])
torch.Size([10, 128])
torch.Size([10, 128])
torch.Size([10, 128])
[37mEpoch 5 step 315 with [31mce_loss_combined : 0.322071 [31mce_loss_eeg : 0.423268 [31mce_loss_eog : 0.481476 [31mtotal : 1.226816 [94mAcc_combined: 88.52 [94mAcc_eeg: 86.39 [94mAcc_eog: 83.50 [92mF1_combined: 81.27 [92mF1_eeg: 78.56 [92mF1_eog: 72.94 [92mK_combined: 0.8410 [92mK_eeg: 0.8110 [92mK_eog: 0.7684 [34mF1_perclass_combined: [93.35, 48.05, 88.84, 86.64, 89.47] [34mF1_perclass_eeg: [90.59, 43.49, 87.05, 86.36, 85.3] [34mF1_perclass_eog: [90.31, 27.62, 83.77, 76.23, 86.79] 
torch.Size([10, 128])
torch.Size([10, 128])
torch.Size([10, 128])
torch.Size([10, 128])
torch.Size([10, 128])
torch.Size([10, 128])
torch.Size([10, 128])
torch.Size([10, 128])
torch.Size([10, 128])
torch.Size([10, 128])
[37mEpoch 5 step 320 with [31mce_loss_combined : 0.326802 [31mce_loss_eeg : 0.420276 [31mce_loss_eog : 0.477488 [31mtotal : 1.224566 [94mAcc_combined: 88.52 [94mAcc_eeg: 86.50 [94mAcc_eog: 83.64 [92mF1_combined: 81.02 [92mF1_eeg: 78.59 [92mF1_eog: 73.28 [92mK_combined: 0.8406 [92mK_eeg: 0.8124 [92mK_eog: 0.7698 [34mF1_perclass_combined: [92.99, 47.19, 89.13, 86.57, 89.2] [34mF1_perclass_eeg: [90.54, 44.15, 87.72, 85.89, 84.68] [34mF1_perclass_eog: [90.43, 29.22, 84.15, 75.78, 86.81] 
torch.Size([10, 128])
torch.Size([10, 128])
[37mEpoch 5 step 321 with [31mce_loss_combined : 0.326764 [31mce_loss_eeg : 0.409944 [31mce_loss_eog : 0.481116 [31mtotal : 1.217824 [94mAcc_combined: 88.35 [94mAcc_eeg: 86.98 [94mAcc_eog: 83.58 [92mF1_combined: 79.48 [92mF1_eeg: 77.98 [92mF1_eog: 70.91 [92mK_combined: 0.8365 [92mK_eeg: 0.8182 [92mK_eog: 0.7687 [34mF1_perclass_combined: [93.32, 40.47, 88.83, 85.39, 89.4] [34mF1_perclass_eeg: [91.74, 38.95, 87.77, 85.65, 85.8] [34mF1_perclass_eog: [89.85, 16.4, 83.82, 77.39, 87.09] 
torch.Size([10, 128])
torch.Size([10, 128])
torch.Size([10, 128])
torch.Size([10, 128])
[37mEpoch 5 step 323 with [31mce_loss_combined : 0.319301 [31mce_loss_eeg : 0.410580 [31mce_loss_eog : 0.475312 [31mtotal : 1.205193 [94mAcc_combined: 88.64 [94mAcc_eeg: 86.94 [94mAcc_eog: 83.88 [92mF1_combined: 81.40 [92mF1_eeg: 79.01 [92mF1_eog: 72.96 [92mK_combined: 0.8423 [92mK_eeg: 0.8187 [92mK_eog: 0.7736 [34mF1_perclass_combined: [93.5, 48.58, 88.97, 86.17, 89.78] [34mF1_perclass_eeg: [91.54, 44.05, 87.58, 86.12, 85.76] [34mF1_perclass_eog: [90.46, 25.77, 84.24, 76.91, 87.41] 
torch.Size([10, 128])
torch.Size([10, 128])
torch.Size([10, 128])
torch.Size([10, 128])
torch.Size([10, 128])
torch.Size([10, 128])
torch.Size([10, 128])
torch.Size([10, 128])
torch.Size([10, 128])
torch.Size([10, 128])
torch.Size([10, 128])
torch.Size([10, 128])
torch.Size([10, 128])
torch.Size([10, 128])
torch.Size([10, 128])
torch.Size([10, 128])
torch.Size([10, 128])
torch.Size([10, 128])
torch.Size([10, 128])
torch.Size([10, 128])
torch.Size([10, 128])
torch.Size([10, 128])
[37mEpoch 5 step 334 with [31mce_loss_combined : 0.321108 [31mce_loss_eeg : 0.407339 [31mce_loss_eog : 0.471274 [31mtotal : 1.199721 [94mAcc_combined: 88.55 [94mAcc_eeg: 87.04 [94mAcc_eog: 83.82 [92mF1_combined: 81.43 [92mF1_eeg: 79.62 [92mF1_eog: 73.54 [92mK_combined: 0.8412 [92mK_eeg: 0.8201 [92mK_eog: 0.7726 [34mF1_perclass_combined: [93.27, 48.85, 88.86, 86.47, 89.71] [34mF1_perclass_eeg: [91.56, 46.46, 87.7, 86.38, 85.98] [34mF1_perclass_eog: [90.48, 29.43, 84.3, 76.28, 87.23] 
torch.Size([10, 128])
torch.Size([10, 128])
torch.Size([10, 128])
torch.Size([10, 128])
torch.Size([10, 128])
torch.Size([10, 128])
torch.Size([10, 128])
torch.Size([10, 128])
torch.Size([10, 128])
torch.Size([10, 128])
torch.Size([10, 128])
torch.Size([10, 128])
[37mEpoch 5 step 340 with [31mce_loss_combined : 0.317168 [31mce_loss_eeg : 0.403518 [31mce_loss_eog : 0.478971 [31mtotal : 1.199657 [94mAcc_combined: 88.76 [94mAcc_eeg: 87.07 [94mAcc_eog: 83.27 [92mF1_combined: 81.46 [92mF1_eeg: 79.39 [92mF1_eog: 73.21 [92mK_combined: 0.8441 [92mK_eeg: 0.8207 [92mK_eog: 0.7647 [34mF1_perclass_combined: [93.35, 48.3, 89.08, 86.79, 89.79] [34mF1_perclass_eeg: [91.66, 45.26, 87.65, 86.61, 85.79] [34mF1_perclass_eog: [90.4, 31.16, 83.86, 74.01, 86.61] 
torch.Size([10, 128])
torch.Size([10, 128])
torch.Size([10, 128])
torch.Size([10, 128])
[37mEpoch 5 step 342 with [31mce_loss_combined : 0.321000 [31mce_loss_eeg : 0.402703 [31mce_loss_eog : 0.473785 [31mtotal : 1.197488 [94mAcc_combined: 88.44 [94mAcc_eeg: 87.10 [94mAcc_eog: 83.86 [92mF1_combined: 80.54 [92mF1_eeg: 79.16 [92mF1_eog: 73.26 [92mK_combined: 0.8397 [92mK_eeg: 0.8213 [92mK_eog: 0.7750 [34mF1_perclass_combined: [93.16, 44.8, 88.62, 86.37, 89.77] [34mF1_perclass_eeg: [91.73, 43.85, 87.56, 86.51, 86.14] [34mF1_perclass_eog: [90.53, 26.59, 83.87, 78.33, 86.99] 
torch.Size([10, 128])
torch.Size([10, 128])
torch.Size([10, 128])
torch.Size([10, 128])
torch.Size([10, 128])
torch.Size([10, 128])
torch.Size([10, 128])
torch.Size([10, 128])
torch.Size([10, 128])
torch.Size([10, 128])
torch.Size([10, 128])
torch.Size([10, 128])
torch.Size([10, 128])
torch.Size([10, 128])
torch.Size([10, 128])
torch.Size([10, 128])
torch.Size([10, 128])
torch.Size([10, 128])
[37mEpoch 6 step 351 with [31mce_loss_combined : 0.315981 [31mce_loss_eeg : 0.401401 [31mce_loss_eog : 0.466086 [31mtotal : 1.183468 [94mAcc_combined: 88.81 [94mAcc_eeg: 87.11 [94mAcc_eog: 83.94 [92mF1_combined: 80.20 [92mF1_eeg: 78.50 [92mF1_eog: 72.73 [92mK_combined: 0.8442 [92mK_eeg: 0.8205 [92mK_eog: 0.7748 [34mF1_perclass_combined: [93.39, 41.81, 89.09, 86.81, 89.92] [34mF1_perclass_eeg: [91.35, 40.76, 87.81, 86.72, 85.85] [34mF1_perclass_eog: [90.91, 24.49, 84.11, 77.26, 86.87] 
torch.Size([10, 128])
torch.Size([10, 128])
[37mEpoch 6 step 352 with [31mce_loss_combined : 0.315584 [31mce_loss_eeg : 0.397475 [31mce_loss_eog : 0.464166 [31mtotal : 1.177224 [94mAcc_combined: 88.81 [94mAcc_eeg: 87.32 [94mAcc_eog: 83.98 [92mF1_combined: 80.65 [92mF1_eeg: 79.12 [92mF1_eog: 72.62 [92mK_combined: 0.8439 [92mK_eeg: 0.8232 [92mK_eog: 0.7746 [34mF1_perclass_combined: [93.51, 44.19, 89.13, 86.58, 89.83] [34mF1_perclass_eeg: [91.83, 43.08, 87.91, 86.53, 86.27] [34mF1_perclass_eog: [90.91, 23.75, 84.2, 77.04, 87.22] 
torch.Size([10, 128])
torch.Size([10, 128])
torch.Size([10, 128])
torch.Size([10, 128])
torch.Size([10, 128])
torch.Size([10, 128])
torch.Size([10, 128])
torch.Size([10, 128])
torch.Size([10, 128])
torch.Size([10, 128])
torch.Size([10, 128])
torch.Size([10, 128])
torch.Size([10, 128])
torch.Size([10, 128])
torch.Size([10, 128])
torch.Size([10, 128])
torch.Size([10, 128])
torch.Size([10, 128])
torch.Size([10, 128])
torch.Size([10, 128])
torch.Size([10, 128])
torch.Size([10, 128])
torch.Size([10, 128])
torch.Size([10, 128])
[37mEpoch 6 step 364 with [31mce_loss_combined : 0.314977 [31mce_loss_eeg : 0.397486 [31mce_loss_eog : 0.462816 [31mtotal : 1.175279 [94mAcc_combined: 88.74 [94mAcc_eeg: 87.31 [94mAcc_eog: 84.09 [92mF1_combined: 80.67 [92mF1_eeg: 79.01 [92mF1_eog: 72.79 [92mK_combined: 0.8433 [92mK_eeg: 0.8233 [92mK_eog: 0.7765 [34mF1_perclass_combined: [93.53, 44.3, 88.95, 86.63, 89.92] [34mF1_perclass_eeg: [92.04, 42.38, 87.8, 86.31, 86.54] [34mF1_perclass_eog: [90.88, 23.7, 84.17, 77.62, 87.6] 
torch.Size([10, 128])
torch.Size([10, 128])
torch.Size([10, 128])
torch.Size([10, 128])
[37mEpoch 6 step 366 with [31mce_loss_combined : 0.314288 [31mce_loss_eeg : 0.397056 [31mce_loss_eog : 0.463688 [31mtotal : 1.175032 [94mAcc_combined: 88.73 [94mAcc_eeg: 87.34 [94mAcc_eog: 84.03 [92mF1_combined: 80.95 [92mF1_eeg: 79.34 [92mF1_eog: 72.86 [92mK_combined: 0.8432 [92mK_eeg: 0.8239 [92mK_eog: 0.7751 [34mF1_perclass_combined: [93.53, 45.8, 88.96, 86.56, 89.88] [34mF1_perclass_eeg: [92.02, 43.94, 87.81, 86.31, 86.6] [34mF1_perclass_eog: [90.87, 24.7, 84.23, 76.99, 87.5] 
torch.Size([10, 128])
torch.Size([10, 128])
[37mEpoch 6 step 367 with [31mce_loss_combined : 0.314452 [31mce_loss_eeg : 0.396948 [31mce_loss_eog : 0.463191 [31mtotal : 1.174591 [94mAcc_combined: 88.77 [94mAcc_eeg: 87.35 [94mAcc_eog: 84.02 [92mF1_combined: 80.99 [92mF1_eeg: 79.39 [92mF1_eog: 72.99 [92mK_combined: 0.8437 [92mK_eeg: 0.8239 [92mK_eog: 0.7752 [34mF1_perclass_combined: [93.56, 45.93, 89.04, 86.53, 89.91] [34mF1_perclass_eeg: [92.03, 44.22, 87.83, 86.23, 86.63] [34mF1_perclass_eog: [90.93, 25.31, 84.21, 77.07, 87.42] 
torch.Size([10, 128])
torch.Size([10, 128])
torch.Size([10, 128])
torch.Size([10, 128])
torch.Size([10, 128])
torch.Size([10, 128])
torch.Size([10, 128])
torch.Size([10, 128])
torch.Size([10, 128])
torch.Size([10, 128])
[37mEpoch 6 step 372 with [31mce_loss_combined : 0.314562 [31mce_loss_eeg : 0.397143 [31mce_loss_eog : 0.461389 [31mtotal : 1.173095 [94mAcc_combined: 88.79 [94mAcc_eeg: 87.32 [94mAcc_eog: 84.14 [92mF1_combined: 80.99 [92mF1_eeg: 79.16 [92mF1_eog: 73.36 [92mK_combined: 0.8440 [92mK_eeg: 0.8235 [92mK_eog: 0.7773 [34mF1_perclass_combined: [93.62, 45.69, 89.02, 86.7, 89.92] [34mF1_perclass_eeg: [92.01, 43.07, 87.8, 86.41, 86.51] [34mF1_perclass_eog: [90.99, 26.48, 84.3, 77.44, 87.58] 
torch.Size([10, 128])
torch.Size([10, 128])
torch.Size([10, 128])
torch.Size([10, 128])
torch.Size([10, 128])
torch.Size([10, 128])
torch.Size([10, 128])
torch.Size([10, 128])
torch.Size([10, 128])
torch.Size([10, 128])
torch.Size([10, 128])
torch.Size([10, 128])
torch.Size([10, 128])
torch.Size([10, 128])
torch.Size([10, 128])
torch.Size([10, 128])
[37mEpoch 6 step 380 with [31mce_loss_combined : 0.313856 [31mce_loss_eeg : 0.396715 [31mce_loss_eog : 0.462435 [31mtotal : 1.173006 [94mAcc_combined: 88.83 [94mAcc_eeg: 87.35 [94mAcc_eog: 84.07 [92mF1_combined: 81.16 [92mF1_eeg: 79.28 [92mF1_eog: 73.50 [92mK_combined: 0.8446 [92mK_eeg: 0.8241 [92mK_eog: 0.7761 [34mF1_perclass_combined: [93.6, 46.52, 89.1, 86.67, 89.9] [34mF1_perclass_eeg: [92.01, 43.58, 87.85, 86.42, 86.56] [34mF1_perclass_eog: [90.93, 28.05, 84.33, 76.68, 87.52] 
torch.Size([10, 128])
torch.Size([10, 128])
[37mEpoch 6 step 381 with [31mce_loss_combined : 0.313849 [31mce_loss_eeg : 0.396717 [31mce_loss_eog : 0.462377 [31mtotal : 1.172943 [94mAcc_combined: 88.83 [94mAcc_eeg: 87.35 [94mAcc_eog: 84.08 [92mF1_combined: 81.16 [92mF1_eeg: 79.28 [92mF1_eog: 73.51 [92mK_combined: 0.8447 [92mK_eeg: 0.8241 [92mK_eog: 0.7762 [34mF1_perclass_combined: [93.6, 46.52, 89.1, 86.67, 89.9] [34mF1_perclass_eeg: [92.01, 43.54, 87.85, 86.41, 86.57] [34mF1_perclass_eog: [90.92, 28.06, 84.33, 76.69, 87.52] 
torch.Size([10, 128])
torch.Size([10, 128])
[37mEpoch 6 step 382 with [31mce_loss_combined : 0.313849 [31mce_loss_eeg : 0.396713 [31mce_loss_eog : 0.462369 [31mtotal : 1.172931 [94mAcc_combined: 88.83 [94mAcc_eeg: 87.35 [94mAcc_eog: 84.08 [92mF1_combined: 81.15 [92mF1_eeg: 79.28 [92mF1_eog: 73.51 [92mK_combined: 0.8447 [92mK_eeg: 0.8241 [92mK_eog: 0.7762 [34mF1_perclass_combined: [93.6, 46.49, 89.1, 86.67, 89.9] [34mF1_perclass_eeg: [92.01, 43.54, 87.85, 86.41, 86.57] [34mF1_perclass_eog: [90.93, 28.05, 84.34, 76.69, 87.53] 
torch.Size([10, 128])
torch.Size([10, 128])
torch.Size([10, 128])
torch.Size([10, 128])
torch.Size([10, 128])
torch.Size([10, 128])
torch.Size([10, 128])
torch.Size([10, 128])
torch.Size([10, 128])
torch.Size([10, 128])
torch.Size([10, 128])
torch.Size([10, 128])
torch.Size([10, 128])
torch.Size([10, 128])
torch.Size([10, 128])
torch.Size([10, 128])
torch.Size([10, 128])
torch.Size([10, 128])
torch.Size([10, 128])
torch.Size([10, 128])
torch.Size([10, 128])
torch.Size([10, 128])
torch.Size([10, 128])
torch.Size([10, 128])
torch.Size([10, 128])
torch.Size([10, 128])
torch.Size([10, 128])
torch.Size([10, 128])
torch.Size([10, 128])
torch.Size([10, 128])
torch.Size([10, 128])
torch.Size([10, 128])
torch.Size([10, 128])
torch.Size([10, 128])
torch.Size([10, 128])
torch.Size([10, 128])
torch.Size([10, 128])
torch.Size([10, 128])
torch.Size([10, 128])
torch.Size([10, 128])
torch.Size([10, 128])
torch.Size([10, 128])
torch.Size([10, 128])
torch.Size([10, 128])
torch.Size([10, 128])
torch.Size([10, 128])
torch.Size([10, 128])
torch.Size([10, 128])
torch.Size([10, 128])
torch.Size([10, 128])
torch.Size([10, 128])
torch.Size([10, 128])
torch.Size([10, 128])
torch.Size([10, 128])
torch.Size([10, 128])
torch.Size([10, 128])
torch.Size([10, 128])
torch.Size([10, 128])
torch.Size([10, 128])
torch.Size([10, 128])
torch.Size([10, 128])
torch.Size([10, 128])
torch.Size([10, 128])
torch.Size([10, 128])
torch.Size([10, 128])
torch.Size([10, 128])
torch.Size([10, 128])
torch.Size([10, 128])
torch.Size([10, 128])
torch.Size([10, 128])
torch.Size([10, 128])
torch.Size([10, 128])
torch.Size([10, 128])
torch.Size([10, 128])
torch.Size([10, 128])
torch.Size([10, 128])
torch.Size([10, 128])
torch.Size([10, 128])
torch.Size([10, 128])
torch.Size([10, 128])
torch.Size([10, 128])
torch.Size([10, 128])
torch.Size([10, 128])
torch.Size([10, 128])
torch.Size([10, 128])
torch.Size([10, 128])
torch.Size([10, 128])
torch.Size([10, 128])
torch.Size([10, 128])
torch.Size([10, 128])
torch.Size([10, 128])
torch.Size([10, 128])
torch.Size([10, 128])
torch.Size([10, 128])
torch.Size([10, 128])
torch.Size([10, 128])
torch.Size([10, 128])
torch.Size([10, 128])
torch.Size([10, 128])
torch.Size([10, 128])
torch.Size([10, 128])
torch.Size([10, 128])
torch.Size([10, 128])
torch.Size([10, 128])
torch.Size([10, 128])
torch.Size([10, 128])
torch.Size([10, 128])
torch.Size([10, 128])
torch.Size([10, 128])
torch.Size([10, 128])
torch.Size([10, 128])
torch.Size([10, 128])
torch.Size([10, 128])
torch.Size([10, 128])
torch.Size([10, 128])
torch.Size([10, 128])
torch.Size([10, 128])
torch.Size([10, 128])
torch.Size([10, 128])
torch.Size([10, 128])
torch.Size([10, 128])
torch.Size([10, 128])
torch.Size([10, 128])
torch.Size([10, 128])
torch.Size([10, 128])
torch.Size([10, 128])
torch.Size([10, 128])
torch.Size([10, 128])
torch.Size([10, 128])
torch.Size([10, 128])
torch.Size([10, 128])
torch.Size([10, 128])
torch.Size([10, 128])
torch.Size([10, 128])
torch.Size([10, 128])
torch.Size([10, 128])
torch.Size([10, 128])
torch.Size([10, 128])
torch.Size([10, 128])
torch.Size([10, 128])
torch.Size([10, 128])
torch.Size([10, 128])
torch.Size([10, 128])
torch.Size([10, 128])
torch.Size([10, 128])
torch.Size([10, 128])
torch.Size([10, 128])
torch.Size([10, 128])
torch.Size([10, 128])
torch.Size([10, 128])
torch.Size([10, 128])
torch.Size([10, 128])
torch.Size([10, 128])
torch.Size([10, 128])
torch.Size([10, 128])
torch.Size([10, 128])
torch.Size([10, 128])
torch.Size([10, 128])
torch.Size([10, 128])
torch.Size([10, 128])
torch.Size([10, 128])
torch.Size([10, 128])
torch.Size([10, 128])
torch.Size([10, 128])
torch.Size([10, 128])
torch.Size([10, 128])
torch.Size([10, 128])
torch.Size([10, 128])
torch.Size([10, 128])
torch.Size([10, 128])
torch.Size([10, 128])
torch.Size([10, 128])
torch.Size([10, 128])
torch.Size([10, 128])
torch.Size([10, 128])
torch.Size([10, 128])
torch.Size([10, 128])
torch.Size([10, 128])
torch.Size([10, 128])
torch.Size([10, 128])
torch.Size([10, 128])
torch.Size([10, 128])
torch.Size([10, 128])
torch.Size([10, 128])
torch.Size([10, 128])
torch.Size([10, 128])
torch.Size([10, 128])
torch.Size([10, 128])
torch.Size([10, 128])
torch.Size([10, 128])
torch.Size([10, 128])
torch.Size([10, 128])
torch.Size([10, 128])
torch.Size([10, 128])
torch.Size([10, 128])
torch.Size([10, 128])
torch.Size([10, 128])
torch.Size([10, 128])
torch.Size([10, 128])
torch.Size([10, 128])
torch.Size([10, 128])
torch.Size([10, 128])
torch.Size([10, 128])
torch.Size([10, 128])
torch.Size([10, 128])
torch.Size([10, 128])
torch.Size([10, 128])
torch.Size([10, 128])
torch.Size([10, 128])
torch.Size([10, 128])
torch.Size([10, 128])
torch.Size([10, 128])
torch.Size([10, 128])
torch.Size([10, 128])
torch.Size([10, 128])
torch.Size([10, 128])
torch.Size([10, 128])
torch.Size([10, 128])
torch.Size([10, 128])
torch.Size([10, 128])
torch.Size([10, 128])
torch.Size([10, 128])
torch.Size([10, 128])
torch.Size([10, 128])
torch.Size([10, 128])
torch.Size([10, 128])
torch.Size([10, 128])
torch.Size([10, 128])
torch.Size([10, 128])
torch.Size([10, 128])
torch.Size([10, 128])
torch.Size([10, 128])
torch.Size([10, 128])
torch.Size([10, 128])
torch.Size([10, 128])
torch.Size([10, 128])
torch.Size([10, 128])
torch.Size([10, 128])
torch.Size([10, 128])
torch.Size([10, 128])
torch.Size([10, 128])
torch.Size([10, 128])
torch.Size([10, 128])
torch.Size([10, 128])
torch.Size([10, 128])
torch.Size([10, 128])
torch.Size([10, 128])
torch.Size([10, 128])
torch.Size([10, 128])
torch.Size([10, 128])
torch.Size([10, 128])
torch.Size([10, 128])
torch.Size([10, 128])
torch.Size([10, 128])
torch.Size([10, 128])
torch.Size([10, 128])
torch.Size([10, 128])
torch.Size([10, 128])
torch.Size([10, 128])
torch.Size([10, 128])
torch.Size([10, 128])
torch.Size([10, 128])
torch.Size([10, 128])
torch.Size([10, 128])
torch.Size([10, 128])
torch.Size([10, 128])
torch.Size([10, 128])
torch.Size([10, 128])
torch.Size([10, 128])
torch.Size([10, 128])
torch.Size([10, 128])
torch.Size([10, 128])
torch.Size([10, 128])
torch.Size([10, 128])
torch.Size([10, 128])
torch.Size([10, 128])
torch.Size([10, 128])
torch.Size([10, 128])
torch.Size([10, 128])
torch.Size([10, 128])
torch.Size([10, 128])
torch.Size([10, 128])
torch.Size([10, 128])
torch.Size([10, 128])
torch.Size([10, 128])
torch.Size([10, 128])
torch.Size([10, 128])
torch.Size([10, 128])
torch.Size([10, 128])
torch.Size([10, 128])
torch.Size([10, 128])
torch.Size([10, 128])
torch.Size([10, 128])
torch.Size([10, 128])
torch.Size([10, 128])
torch.Size([10, 128])
torch.Size([10, 128])
torch.Size([10, 128])
torch.Size([10, 128])
torch.Size([10, 128])
torch.Size([10, 128])
torch.Size([10, 128])
torch.Size([10, 128])
torch.Size([10, 128])
torch.Size([10, 128])
torch.Size([10, 128])
torch.Size([10, 128])
torch.Size([10, 128])
torch.Size([10, 128])
torch.Size([10, 128])
torch.Size([10, 128])
torch.Size([10, 128])
torch.Size([10, 128])
torch.Size([10, 128])
torch.Size([10, 128])
torch.Size([10, 128])
torch.Size([10, 128])
torch.Size([10, 128])
torch.Size([10, 128])
torch.Size([10, 128])
torch.Size([10, 128])
torch.Size([10, 128])
torch.Size([10, 128])
torch.Size([10, 128])
torch.Size([10, 128])
torch.Size([10, 128])
torch.Size([10, 128])
torch.Size([10, 128])
torch.Size([10, 128])
torch.Size([10, 128])
torch.Size([10, 128])
torch.Size([10, 128])
[37mEpoch 9 step 548 with [31mce_loss_combined : 0.314358 [31mce_loss_eeg : 0.401812 [31mce_loss_eog : 0.456510 [31mtotal : 1.172680 [94mAcc_combined: 88.73 [94mAcc_eeg: 86.86 [94mAcc_eog: 84.19 [92mF1_combined: 80.75 [92mF1_eeg: 78.17 [92mF1_eog: 73.01 [92mK_combined: 0.8437 [92mK_eeg: 0.8177 [92mK_eog: 0.7788 [34mF1_perclass_combined: [93.47, 44.81, 88.98, 86.53, 89.94] [34mF1_perclass_eeg: [91.35, 40.2, 87.64, 86.12, 85.52] [34mF1_perclass_eog: [90.39, 24.24, 84.33, 78.51, 87.57] 
torch.Size([10, 128])
torch.Size([10, 128])
torch.Size([10, 128])
torch.Size([10, 128])
torch.Size([10, 128])
torch.Size([10, 128])
torch.Size([10, 128])
torch.Size([10, 128])
torch.Size([10, 128])
torch.Size([10, 128])
torch.Size([10, 128])
torch.Size([10, 128])
torch.Size([10, 128])
torch.Size([10, 128])
torch.Size([10, 128])
torch.Size([10, 128])
torch.Size([10, 128])
torch.Size([10, 128])
[37mEpoch 9 step 557 with [31mce_loss_combined : 0.319509 [31mce_loss_eeg : 0.397775 [31mce_loss_eog : 0.452126 [31mtotal : 1.169409 [94mAcc_combined: 88.68 [94mAcc_eeg: 87.26 [94mAcc_eog: 84.39 [92mF1_combined: 81.66 [92mF1_eeg: 79.86 [92mF1_eog: 74.06 [92mK_combined: 0.8429 [92mK_eeg: 0.8232 [92mK_eog: 0.7815 [34mF1_perclass_combined: [93.48, 49.65, 89.18, 86.13, 89.85] [34mF1_perclass_eeg: [92.02, 46.76, 87.85, 86.0, 86.68] [34mF1_perclass_eog: [91.23, 29.42, 84.65, 77.45, 87.53] 
torch.Size([10, 128])
torch.Size([10, 128])
torch.Size([10, 128])
torch.Size([10, 128])
torch.Size([10, 128])
torch.Size([10, 128])
torch.Size([10, 128])
torch.Size([10, 128])
torch.Size([10, 128])
torch.Size([10, 128])
torch.Size([10, 128])
torch.Size([10, 128])
torch.Size([10, 128])
torch.Size([10, 128])
torch.Size([10, 128])
torch.Size([10, 128])
torch.Size([10, 128])
torch.Size([10, 128])
torch.Size([10, 128])
torch.Size([10, 128])
torch.Size([10, 128])
torch.Size([10, 128])
torch.Size([10, 128])
torch.Size([10, 128])
torch.Size([10, 128])
torch.Size([10, 128])
torch.Size([10, 128])
torch.Size([10, 128])
torch.Size([10, 128])
torch.Size([10, 128])
torch.Size([10, 128])
torch.Size([10, 128])
torch.Size([10, 128])
torch.Size([10, 128])
torch.Size([10, 128])
torch.Size([10, 128])
torch.Size([10, 128])
torch.Size([10, 128])
torch.Size([10, 128])
torch.Size([10, 128])
torch.Size([10, 128])
torch.Size([10, 128])
torch.Size([10, 128])
torch.Size([10, 128])
torch.Size([10, 128])
torch.Size([10, 128])
torch.Size([10, 128])
torch.Size([10, 128])
torch.Size([10, 128])
torch.Size([10, 128])
torch.Size([10, 128])
torch.Size([10, 128])
torch.Size([10, 128])
torch.Size([10, 128])
torch.Size([10, 128])
torch.Size([10, 128])
[37mEpoch 10 step 585 with [31mce_loss_combined : 0.319842 [31mce_loss_eeg : 0.386825 [31mce_loss_eog : 0.455146 [31mtotal : 1.161814 [94mAcc_combined: 88.58 [94mAcc_eeg: 87.47 [94mAcc_eog: 84.02 [92mF1_combined: 81.67 [92mF1_eeg: 79.90 [92mF1_eog: 74.09 [92mK_combined: 0.8415 [92mK_eeg: 0.8260 [92mK_eog: 0.7759 [34mF1_perclass_combined: [93.13, 49.89, 88.86, 86.67, 89.79] [34mF1_perclass_eeg: [92.07, 46.25, 88.05, 86.68, 86.46] [34mF1_perclass_eog: [90.98, 30.8, 84.24, 76.76, 87.7] 
torch.Size([10, 128])
torch.Size([10, 128])
torch.Size([10, 128])
torch.Size([10, 128])
torch.Size([10, 128])
torch.Size([10, 128])
torch.Size([10, 128])
torch.Size([10, 128])
torch.Size([10, 128])
torch.Size([10, 128])
torch.Size([10, 128])
torch.Size([10, 128])
torch.Size([10, 128])
torch.Size([10, 128])
torch.Size([10, 128])
torch.Size([10, 128])
torch.Size([10, 128])
torch.Size([10, 128])
torch.Size([10, 128])
torch.Size([10, 128])
torch.Size([10, 128])
torch.Size([10, 128])
[37mEpoch 10 step 596 with [31mce_loss_combined : 0.316414 [31mce_loss_eeg : 0.383419 [31mce_loss_eog : 0.461780 [31mtotal : 1.161612 [94mAcc_combined: 88.77 [94mAcc_eeg: 87.39 [94mAcc_eog: 83.91 [92mF1_combined: 80.64 [92mF1_eeg: 78.91 [92mF1_eog: 72.05 [92mK_combined: 0.8433 [92mK_eeg: 0.8240 [92mK_eog: 0.7729 [34mF1_perclass_combined: [93.68, 44.08, 88.94, 86.84, 89.67] [34mF1_perclass_eeg: [92.12, 41.51, 87.82, 86.52, 86.6] [34mF1_perclass_eog: [90.92, 20.9, 83.95, 77.43, 87.07] 
torch.Size([10, 128])
torch.Size([10, 128])
torch.Size([10, 128])
torch.Size([10, 128])
torch.Size([10, 128])
torch.Size([10, 128])
torch.Size([10, 128])
torch.Size([10, 128])
torch.Size([10, 128])
torch.Size([10, 128])
torch.Size([10, 128])
torch.Size([10, 128])
torch.Size([10, 128])
torch.Size([10, 128])
torch.Size([10, 128])
torch.Size([10, 128])
[37mEpoch 10 step 604 with [31mce_loss_combined : 0.319066 [31mce_loss_eeg : 0.390309 [31mce_loss_eog : 0.445334 [31mtotal : 1.154709 [94mAcc_combined: 88.86 [94mAcc_eeg: 87.42 [94mAcc_eog: 84.50 [92mF1_combined: 81.73 [92mF1_eeg: 79.76 [92mF1_eog: 74.11 [92mK_combined: 0.8453 [92mK_eeg: 0.8251 [92mK_eog: 0.7817 [34mF1_perclass_combined: [93.82, 49.44, 89.22, 86.13, 90.06] [34mF1_perclass_eeg: [92.09, 45.91, 88.05, 85.99, 86.77] [34mF1_perclass_eog: [91.4, 29.65, 84.85, 76.49, 88.15] 
torch.Size([10, 128])
torch.Size([10, 128])
[37mEpoch 10 step 605 with [31mce_loss_combined : 0.314204 [31mce_loss_eeg : 0.391535 [31mce_loss_eog : 0.447069 [31mtotal : 1.152808 [94mAcc_combined: 88.84 [94mAcc_eeg: 87.37 [94mAcc_eog: 84.55 [92mF1_combined: 81.18 [92mF1_eeg: 78.96 [92mF1_eog: 74.55 [92mK_combined: 0.8447 [92mK_eeg: 0.8246 [92mK_eog: 0.7835 [34mF1_perclass_combined: [93.56, 46.71, 89.2, 86.57, 89.86] [34mF1_perclass_eeg: [92.03, 42.16, 88.01, 86.46, 86.13] [34mF1_perclass_eog: [91.11, 31.29, 84.94, 77.59, 87.81] 
torch.Size([10, 128])
torch.Size([10, 128])
torch.Size([10, 128])
torch.Size([10, 128])
torch.Size([10, 128])
torch.Size([10, 128])
torch.Size([10, 128])
torch.Size([10, 128])
