000 (1055.000.000) 2023-01-11 13:44:02 Job submitted from host: <10.87.28.129:9618?addrs=10.87.28.129-9618&alias=timmermans.esat.kuleuven.be&noUDP&sock=schedd_2124_773f>
...
001 (1055.000.000) 2023-01-11 16:15:14 Job executing on host: <10.87.24.51:9618?addrs=10.87.24.51-9618&alias=spchcl18.esat.kuleuven.be&noUDP&sock=startd_3964_8d81>
...
006 (1055.000.000) 2023-01-11 16:15:23 Image size of job updated: 15520
	8  -  MemoryUsage of job (MB)
	8012  -  ResidentSetSize of job (KB)
...
006 (1055.000.000) 2023-01-11 16:20:24 Image size of job updated: 210854008
	9838  -  MemoryUsage of job (MB)
	10073776  -  ResidentSetSize of job (KB)
...
006 (1055.000.000) 2023-01-11 16:25:24 Image size of job updated: 407871740
	9887  -  MemoryUsage of job (MB)
	10123796  -  ResidentSetSize of job (KB)
...
006 (1055.000.000) 2023-01-11 16:30:24 Image size of job updated: 413551484
	10685  -  MemoryUsage of job (MB)
	10941376  -  ResidentSetSize of job (KB)
...
006 (1055.000.000) 2023-01-11 16:40:26 Image size of job updated: 413552020
	10685  -  MemoryUsage of job (MB)
	10941376  -  ResidentSetSize of job (KB)
...
006 (1055.000.000) 2023-01-11 16:45:26 Image size of job updated: 413554064
	10685  -  MemoryUsage of job (MB)
	10941376  -  ResidentSetSize of job (KB)
...
006 (1055.000.000) 2023-01-11 16:50:26 Image size of job updated: 413556628
	10685  -  MemoryUsage of job (MB)
	10941376  -  ResidentSetSize of job (KB)
...
006 (1055.000.000) 2023-01-11 17:00:28 Image size of job updated: 413557140
	10685  -  MemoryUsage of job (MB)
	10941376  -  ResidentSetSize of job (KB)
...
006 (1055.000.000) 2023-01-11 17:05:28 Image size of job updated: 413557628
	10685  -  MemoryUsage of job (MB)
	10941376  -  ResidentSetSize of job (KB)
...
006 (1055.000.000) 2023-01-11 17:25:30 Image size of job updated: 413557652
	10685  -  MemoryUsage of job (MB)
	10941376  -  ResidentSetSize of job (KB)
...
006 (1055.000.000) 2023-01-11 17:50:33 Image size of job updated: 413564696
	10685  -  MemoryUsage of job (MB)
	10941376  -  ResidentSetSize of job (KB)
...
006 (1055.000.000) 2023-01-11 17:55:33 Image size of job updated: 413633092
	10685  -  MemoryUsage of job (MB)
	10941376  -  ResidentSetSize of job (KB)
...
006 (1055.000.000) 2023-01-11 18:00:33 Image size of job updated: 413633604
	10685  -  MemoryUsage of job (MB)
	10941376  -  ResidentSetSize of job (KB)
...
006 (1055.000.000) 2023-01-11 18:15:35 Image size of job updated: 413633860
	10685  -  MemoryUsage of job (MB)
	10941376  -  ResidentSetSize of job (KB)
...
006 (1055.000.000) 2023-01-11 18:20:35 Image size of job updated: 413634348
	10685  -  MemoryUsage of job (MB)
	10941376  -  ResidentSetSize of job (KB)
...
006 (1055.000.000) 2023-01-11 18:30:37 Image size of job updated: 413634372
	10685  -  MemoryUsage of job (MB)
	10941376  -  ResidentSetSize of job (KB)
...
006 (1055.000.000) 2023-01-11 18:35:37 Image size of job updated: 413636164
	10685  -  MemoryUsage of job (MB)
	10941376  -  ResidentSetSize of job (KB)
...
006 (1055.000.000) 2023-01-11 18:40:38 Image size of job updated: 413636420
	10685  -  MemoryUsage of job (MB)
	10941376  -  ResidentSetSize of job (KB)
...
006 (1055.000.000) 2023-01-11 18:50:39 Image size of job updated: 413650716
	10685  -  MemoryUsage of job (MB)
	10941376  -  ResidentSetSize of job (KB)
...
006 (1055.000.000) 2023-01-11 19:55:46 Image size of job updated: 413656164
	10685  -  MemoryUsage of job (MB)
	10941376  -  ResidentSetSize of job (KB)
...
006 (1055.000.000) 2023-01-11 20:05:46 Image size of job updated: 413698532
	10685  -  MemoryUsage of job (MB)
	10941376  -  ResidentSetSize of job (KB)
...
006 (1055.000.000) 2023-01-12 05:46:46 Image size of job updated: 433125280
	10685  -  MemoryUsage of job (MB)
	10941376  -  ResidentSetSize of job (KB)
...
006 (1055.000.000) 2023-01-12 05:51:47 Image size of job updated: 433127588
	10685  -  MemoryUsage of job (MB)
	10941376  -  ResidentSetSize of job (KB)
...
006 (1055.000.000) 2023-01-12 06:21:49 Image size of job updated: 433141848
	10685  -  MemoryUsage of job (MB)
	10941376  -  ResidentSetSize of job (KB)
...
006 (1055.000.000) 2023-01-12 06:31:50 Image size of job updated: 433195148
	10685  -  MemoryUsage of job (MB)
	10941376  -  ResidentSetSize of job (KB)
...
006 (1055.000.000) 2023-01-13 16:30:23 Image size of job updated: 433218152
	10685  -  MemoryUsage of job (MB)
	10941376  -  ResidentSetSize of job (KB)
...
006 (1055.000.000) 2023-01-13 22:15:57 Image size of job updated: 433401440
	10685  -  MemoryUsage of job (MB)
	10941376  -  ResidentSetSize of job (KB)
...
006 (1055.000.000) 2023-01-13 22:20:58 Image size of job updated: 433401460
	10685  -  MemoryUsage of job (MB)
	10941376  -  ResidentSetSize of job (KB)
...
006 (1055.000.000) 2023-01-14 02:11:22 Image size of job updated: 433414204
	10685  -  MemoryUsage of job (MB)
	10941376  -  ResidentSetSize of job (KB)
...
006 (1055.000.000) 2023-01-14 03:56:33 Image size of job updated: 433449192
	10685  -  MemoryUsage of job (MB)
	10941376  -  ResidentSetSize of job (KB)
...
009 (1055.000.000) 2023-01-14 16:16:22 Job was aborted.
	The system macro SYSTEM_PERIODIC_REMOVE expression '(JobStatus == 5 && CurrentTime - EnteredCurrentStatus > 3600 * 24 * 30) || (JobStatus == 4 && CurrentTime - EnteredCurrentStatus > 3600 * 24 * 30) || (JobStatus == 1 && CurrentTime - EnteredCurrentStatus > 3600 * 24 * 90) || (JobStatus == 2 && (ProportionalSetSizeKb > (1024 * My.RequestMemory))) || (JobStatus == 2 && ((RemoteWallClockTime - CumulativeSuspensionTime) > My.RequestWalltime))' evaluated to TRUE
...
