Starting Job
/users/sista/kkontras/Documents/Sleep_Project/main_paper_1.py
/esat/smcdata/users/kkontras/Image_Dataset/no_backup/envs/gl_env/bin/python
Python 3.7.10
/users/sista/kkontras/Documents/Sleep_Project
0
 THE Configuration of your experiment ..
{'agent': 'Sleep_Agent_Init_Train',
 'augmentation': {},
 'channel': 0,
 'dataset': {'cache_datasets': {'test': False, 'train': False, 'valid': False},
             'data_roots': '/esat/biomeddata/SHHS_Dataset/no_backup',
             'data_split': {'fold': 0,
                            'fold_size': 7,
                            'folds_file': '/users/sista/kkontras/Documents/Huy_shhs1/HUY '
                                          'SHHS1 CODE/data_split_eval.mat',
                            'rand_split': 0,
                            'rand_splits': 13,
                            'split_method': 'patients_huy',
                            'test_split_rate': 0.3,
                            'val_patient_num': 3,
                            'val_split_rate': 0.01692},
             'data_view_dir': [{'data_type': 'stft',
                                'list_dir': 'patient_mat_list.txt',
                                'mod': 'eeg',
                                'num_ch': 1},
                               {'data_type': 'stft',
                                'list_dir': 'patient_eog_mat_list.txt',
                                'mod': 'eog',
                                'num_ch': 1}],
             'dataloader_class': 'SleepDataLoader_mat_huy',
             'huy_data': True,
             'inner_overlap': [0.5, 0.5],
             'keep_view': [1, 0],
             'seq_length': [5, 0],
             'seq_views': [False],
             'shuffle_train': True},
 'early_stopping': {'log_interval': 10,
                    'max_epoch': 1000,
                    'n_steps_stop': 250,
                    'n_steps_stop_after': 400,
                    'save_every': 1,
                    'validate_after': 0,
                    'validate_every': 400},
 'exp_name': 'Sleep EEG-EOG BLIP Experiment',
 'lr_finder': False,
 'lr_finder_steps': 100,
 'mode': 'train',
 'model': {'args': {'augment_within': False,
                    'dmodel': 128,
                    'dropout': 0.3,
                    'fc_inner': 1024,
                    'ignore_alignment_val': True,
                    'multi_loss': {'multi_loss_weights': {'alignment_loss': 0.1,
                                                          'multi_supervised_loss': {'combined': 1,
                                                                                    'eeg': 1,
                                                                                    'eog': 1},
                                                          'order_loss': 0}},
                    'num_classes': 5,
                    'shared_pred': False,
                    'three_modes': True,
                    'training_type': 'alignment_order_multisupervised'},
           'encoders': [{'args': {'align_inner': True,
                                  'd_model': 128,
                                  'dim_feedforward': 1024,
                                  'dim_proj': 128,
                                  'dropout': 0.3,
                                  'inner_biased': False,
                                  'mod_token': False,
                                  'num_heads': 8,
                                  'num_layers': 4,
                                  'outer_biased': False,
                                  'outer_rep': False,
                                  'pos': False,
                                  'rpos': True,
                                  'shared': True,
                                  'skip_random_mod': False},
                         'encoders': [],
                         'freeze_encoder': False,
                         'model': 'SleepEnc_BLIP_EEG_EOG_shared_free_cliplike',
                         'pretrainedEncoder': {'dir': '', 'use': False},
                         'savetrainedEncoder': {'dir': '', 'save': False}}],
           'load_ongoing': False,
           'model_class': 'EEG_SLEEP_BLIP_GM_MultiMode',
           'pretrained_model': {'dir': '', 'use': False},
           'save_dir': '/esat/smcdata/users/kkontras/Image_Dataset/no_backup/data/2021_data/shhs1/multi_modal/paper_models/fourier_transformer_eeg_eog_mat_BLIP_al01_shared_b16_freetrain_rpos_nopos_nonsharedpreds_drop03_aligninner_al5_trial2.pth.tar'},
 'normalization': {'calculate_metrics': False,
                   'dir': '/esat/biomeddata/SHHS_Dataset/no_backup/metrics_eeg_eog_emg_stft.pkl',
                   'metrics_type': 'train_dataset',
                   'save_metrics': False,
                   'use': True},
 'num_classes': 5,
 'num_modalities': 1,
 'optimizer': {'beta1': 0.9,
               'beta2': 0.999,
               'learning_rate': 0.0001,
               'momentum': 0.2,
               'type': 'Adam',
               'weight_decay': 0.0001},
 'plots': {'plot_stft_num': 0, 'save': False},
 'post_proc': {'post_proc_step': 15,
               'test_postprocessing': False,
               'val_postprocessing': False},
 'scheduler': {'max_lr': 0.03, 'type': 'cosanneal', 'warm_up': 55},
 'statistics': {'ce_weights': {'temp': 0.1, 'use': False}, 'print': False},
 'training_params': {'adversarial_training': {'adv_epsilon': 0.01,
                                              'use': False},
                     'async_loading': True,
                     'batch_size': 16,
                     'cuda': True,
                     'data_loader_workers': 8,
                     'gpu_device': [0],
                     'pin_memory': True,
                     'rec_test': False,
                     'res': True,
                     'seed': 35,
                     'tdqm_disable': True,
                     'test_batch_size': 16,
                     'test_on_tops': True,
                     'use_test_set': True,
                     'validation': True,
                     'verbose': True,
                     'wandb_disable': False}}
 *************************************** 
The experiment name is Sleep EEG-EOG BLIP Experiment
 *************************************** 
We are splitting dataset by huy splits
{'use_type': False, 'skip_skips': True}
{'use_type': False, 'skip_skips': True}
{'use_type': False, 'skip_skips': True}
{'use_type': False, 'skip_skips': True}
Loading metrics from /esat/biomeddata/SHHS_Dataset/no_backup/metrics_eeg_eog_emg_stft.pkl
Weights are [1. 1. 1. 1. 1.]
46492
400
117
tensor([1., 1., 1., 1., 1.], device='cuda:0')
We are not shuffling the data
Training function is sleep_train_one_step_alignment_order_multisupervised
Loss Weights are {'combined': 1, 'eeg': 1, 'eog': 1, 'alignments': 0.1, 'order': 0, 'consistency': 0, 'reconstruction': 0}
We are not shuffling the data
<class 'graphs.models.attention_models.BLIP.SleepEnc_BLIP_EEG_EOG_shared_free_cliplike'>
Total number of trainable parameters are: 10001935
Available cuda devices: 1, current device:0
Total number of trainable parameters are: 10001935
[37mEpoch 0 step 1 with [31mce_loss_combined : 1.019460 [31mce_loss_eeg : 1.257459 [31mce_loss_eog : 1.246980 [31mtotal : 3.523899 [94mAcc_combined: 61.17 [94mAcc_eeg: 56.22 [94mAcc_eog: 59.94 [92mF1_combined: 49.61 [92mF1_eeg: 32.39 [92mF1_eog: 33.90 [92mK_combined: 0.4828 [92mK_eeg: 0.3587 [92mK_eog: 0.3828 [34mF1_perclass_combined: [81.82, 0.0, 55.95, 64.48, 45.79] [34mF1_perclass_eeg: [70.97, 0.0, 63.29, 0.0, 27.68] [34mF1_perclass_eog: [74.85, 0.0, 67.85, 26.73, 0.09] 
[37mEpoch 0 step 2 with [31mce_loss_combined : 0.814129 [31mce_loss_eeg : 1.155554 [31mce_loss_eog : 1.250909 [31mtotal : 3.220591 [94mAcc_combined: 69.34 [94mAcc_eeg: 63.63 [94mAcc_eog: 63.51 [92mF1_combined: 54.77 [92mF1_eeg: 42.62 [92mF1_eog: 41.06 [92mK_combined: 0.5799 [92mK_eeg: 0.4743 [92mK_eog: 0.4491 [34mF1_perclass_combined: [77.36, 0.0, 72.46, 75.94, 48.08] [34mF1_perclass_eeg: [81.31, 0.0, 68.91, 6.67, 56.19] [34mF1_perclass_eog: [72.67, 0.0, 69.81, 62.78, 0.03] 
[37mEpoch 0 step 3 with [31mce_loss_combined : 0.754212 [31mce_loss_eeg : 1.101051 [31mce_loss_eog : 1.152752 [31mtotal : 3.008015 [94mAcc_combined: 73.48 [94mAcc_eeg: 75.29 [94mAcc_eog: 70.95 [92mF1_combined: 59.14 [92mF1_eeg: 60.08 [92mF1_eog: 55.34 [92mK_combined: 0.6413 [92mK_eeg: 0.6569 [92mK_eog: 0.5898 [34mF1_perclass_combined: [85.02, 0.0, 71.33, 75.09, 64.29] [34mF1_perclass_eeg: [85.63, 0.0, 75.9, 78.41, 60.43] [34mF1_perclass_eog: [75.94, 0.0, 75.26, 71.09, 54.39] 
[37mEpoch 0 step 6 with [31mce_loss_combined : 0.697688 [31mce_loss_eeg : 1.032799 [31mce_loss_eog : 1.061892 [31mtotal : 2.792379 [94mAcc_combined: 74.99 [94mAcc_eeg: 76.96 [94mAcc_eog: 74.15 [92mF1_combined: 59.00 [92mF1_eeg: 60.28 [92mF1_eog: 59.22 [92mK_combined: 0.6328 [92mK_eeg: 0.6695 [92mK_eog: 0.6315 [34mF1_perclass_combined: [82.65, 0.0, 77.09, 67.1, 68.15] [34mF1_perclass_eeg: [86.01, 0.0, 78.39, 78.91, 58.1] [34mF1_perclass_eog: [77.49, 0.0, 77.24, 73.55, 67.81] 
[37mEpoch 0 step 7 with [31mce_loss_combined : 0.665588 [31mce_loss_eeg : 1.018302 [31mce_loss_eog : 1.075289 [31mtotal : 2.759180 [94mAcc_combined: 77.81 [94mAcc_eeg: 76.68 [94mAcc_eog: 71.81 [92mF1_combined: 68.72 [92mF1_eeg: 61.10 [92mF1_eog: 56.79 [92mK_combined: 0.6946 [92mK_eeg: 0.6764 [92mK_eog: 0.6005 [34mF1_perclass_combined: [84.08, 28.58, 78.84, 76.53, 75.54] [34mF1_perclass_eeg: [85.74, 0.0, 77.03, 78.93, 63.81] [34mF1_perclass_eog: [73.55, 0.0, 76.16, 72.39, 61.84] 
[37mEpoch 0 step 9 with [31mce_loss_combined : 0.609052 [31mce_loss_eeg : 1.022254 [31mce_loss_eog : 1.008209 [31mtotal : 2.639515 [94mAcc_combined: 79.31 [94mAcc_eeg: 75.12 [94mAcc_eog: 76.24 [92mF1_combined: 68.82 [92mF1_eeg: 60.50 [92mF1_eog: 60.96 [92mK_combined: 0.7114 [92mK_eeg: 0.6608 [92mK_eog: 0.6631 [34mF1_perclass_combined: [86.29, 24.36, 80.54, 76.98, 75.91] [34mF1_perclass_eeg: [85.23, 0.0, 74.1, 79.16, 64.02] [34mF1_perclass_eog: [80.64, 0.0, 78.76, 71.25, 74.14] 
[37mEpoch 0 step 10 with [31mce_loss_combined : 0.590494 [31mce_loss_eeg : 0.985501 [31mce_loss_eog : 1.001287 [31mtotal : 2.577283 [94mAcc_combined: 76.25 [94mAcc_eeg: 76.26 [94mAcc_eog: 75.99 [92mF1_combined: 59.72 [92mF1_eeg: 59.05 [92mF1_eog: 60.56 [92mK_combined: 0.6538 [92mK_eeg: 0.6549 [92mK_eog: 0.6542 [34mF1_perclass_combined: [87.24, 12.62, 78.86, 39.68, 80.21] [34mF1_perclass_eeg: [85.75, 0.0, 78.95, 65.99, 64.57] [34mF1_perclass_eog: [80.56, 0.0, 78.6, 67.98, 75.68] 
[37mEpoch 0 step 11 with [31mce_loss_combined : 0.582077 [31mce_loss_eeg : 0.963192 [31mce_loss_eog : 0.986956 [31mtotal : 2.532225 [94mAcc_combined: 79.04 [94mAcc_eeg: 77.78 [94mAcc_eog: 76.56 [92mF1_combined: 66.43 [92mF1_eeg: 61.13 [92mF1_eog: 61.41 [92mK_combined: 0.7007 [92mK_eeg: 0.6814 [92mK_eog: 0.6674 [34mF1_perclass_combined: [87.21, 21.38, 81.2, 63.49, 78.87] [34mF1_perclass_eeg: [86.91, 0.0, 80.06, 70.35, 68.33] [34mF1_perclass_eog: [80.26, 0.0, 79.18, 71.8, 75.79] 
[37mEpoch 0 step 15 with [31mce_loss_combined : 0.534419 [31mce_loss_eeg : 0.944927 [31mce_loss_eog : 0.991974 [31mtotal : 2.471321 [94mAcc_combined: 81.56 [94mAcc_eeg: 77.26 [94mAcc_eog: 74.24 [92mF1_combined: 70.20 [92mF1_eeg: 61.47 [92mF1_eog: 59.68 [92mK_combined: 0.7430 [92mK_eeg: 0.6798 [92mK_eog: 0.6430 [34mF1_perclass_combined: [86.05, 21.92, 83.93, 80.95, 78.15] [34mF1_perclass_eeg: [86.21, 0.99, 79.33, 72.6, 68.24] [34mF1_perclass_eog: [76.74, 0.0, 78.37, 75.55, 67.73] 
[37mEpoch 0 step 16 with [31mce_loss_combined : 0.561857 [31mce_loss_eeg : 0.929797 [31mce_loss_eog : 0.940606 [31mtotal : 2.432259 [94mAcc_combined: 80.17 [94mAcc_eeg: 77.68 [94mAcc_eog: 77.11 [92mF1_combined: 65.12 [92mF1_eeg: 62.76 [92mF1_eog: 62.21 [92mK_combined: 0.7248 [92mK_eeg: 0.6952 [92mK_eog: 0.6773 [34mF1_perclass_combined: [84.5, 2.44, 82.66, 76.68, 79.3] [34mF1_perclass_eeg: [86.19, 0.44, 78.25, 82.18, 66.72] [34mF1_perclass_eog: [80.96, 0.0, 79.01, 74.65, 76.43] 
[37mEpoch 0 step 19 with [31mce_loss_combined : 0.519133 [31mce_loss_eeg : 0.878011 [31mce_loss_eog : 0.922844 [31mtotal : 2.319988 [94mAcc_combined: 81.91 [94mAcc_eeg: 80.05 [94mAcc_eog: 77.23 [92mF1_combined: 72.83 [92mF1_eeg: 65.15 [92mF1_eog: 62.29 [92mK_combined: 0.7519 [92mK_eeg: 0.7243 [92mK_eog: 0.6797 [34mF1_perclass_combined: [86.84, 31.69, 83.63, 83.45, 78.54] [34mF1_perclass_eeg: [87.28, 3.41, 81.26, 83.84, 69.97] [34mF1_perclass_eog: [80.29, 0.0, 79.57, 75.2, 76.41] 
[37mEpoch 0 step 22 with [31mce_loss_combined : 0.532360 [31mce_loss_eeg : 0.841697 [31mce_loss_eog : 0.933235 [31mtotal : 2.307292 [94mAcc_combined: 81.29 [94mAcc_eeg: 80.06 [94mAcc_eog: 75.57 [92mF1_combined: 68.76 [92mF1_eeg: 65.07 [92mF1_eog: 60.54 [92mK_combined: 0.7403 [92mK_eeg: 0.7215 [92mK_eog: 0.6591 [34mF1_perclass_combined: [86.37, 14.98, 82.98, 81.6, 77.86] [34mF1_perclass_eeg: [86.54, 3.75, 81.9, 81.91, 71.28] [34mF1_perclass_eog: [80.6, 0.0, 77.76, 71.66, 72.7] 
[37mEpoch 0 step 24 with [31mce_loss_combined : 0.533071 [31mce_loss_eeg : 0.847944 [31mce_loss_eog : 0.886942 [31mtotal : 2.267957 [94mAcc_combined: 81.53 [94mAcc_eeg: 78.97 [94mAcc_eog: 77.26 [92mF1_combined: 73.45 [92mF1_eeg: 65.04 [92mF1_eog: 62.48 [92mK_combined: 0.7456 [92mK_eeg: 0.7026 [92mK_eog: 0.6826 [34mF1_perclass_combined: [87.71, 36.76, 82.22, 79.61, 80.94] [34mF1_perclass_eeg: [85.69, 12.94, 80.57, 80.94, 65.07] [34mF1_perclass_eog: [81.57, 0.0, 78.33, 75.1, 77.39] 
[37mEpoch 0 step 30 with [31mce_loss_combined : 0.537732 [31mce_loss_eeg : 0.829571 [31mce_loss_eog : 0.870597 [31mtotal : 2.237900 [94mAcc_combined: 81.21 [94mAcc_eeg: 78.10 [94mAcc_eog: 76.40 [92mF1_combined: 65.77 [92mF1_eeg: 61.63 [92mF1_eog: 61.74 [92mK_combined: 0.7311 [92mK_eeg: 0.6878 [92mK_eog: 0.6618 [34mF1_perclass_combined: [87.27, 4.18, 82.32, 81.22, 73.85] [34mF1_perclass_eeg: [84.25, 0.55, 80.13, 81.88, 61.34] [34mF1_perclass_eog: [81.12, 0.0, 77.45, 74.07, 76.05] 
[37mEpoch 0 step 31 with [31mce_loss_combined : 0.521245 [31mce_loss_eeg : 0.796741 [31mce_loss_eog : 0.892539 [31mtotal : 2.210525 [94mAcc_combined: 82.94 [94mAcc_eeg: 80.05 [94mAcc_eog: 74.33 [92mF1_combined: 71.22 [92mF1_eeg: 66.85 [92mF1_eog: 60.39 [92mK_combined: 0.7609 [92mK_eeg: 0.7180 [92mK_eog: 0.6399 [34mF1_perclass_combined: [85.98, 21.16, 85.02, 81.35, 82.58] [34mF1_perclass_eeg: [84.81, 16.19, 82.58, 81.71, 68.96] [34mF1_perclass_eog: [76.06, 0.0, 75.88, 73.79, 76.21] 
[37mEpoch 0 step 36 with [31mce_loss_combined : 0.507716 [31mce_loss_eeg : 0.771588 [31mce_loss_eog : 0.928909 [31mtotal : 2.208212 [94mAcc_combined: 82.87 [94mAcc_eeg: 79.52 [94mAcc_eog: 71.92 [92mF1_combined: 73.26 [92mF1_eeg: 67.17 [92mF1_eog: 56.77 [92mK_combined: 0.7580 [92mK_eeg: 0.7120 [92mK_eog: 0.5929 [34mF1_perclass_combined: [87.92, 30.46, 84.21, 83.26, 80.43] [34mF1_perclass_eeg: [85.71, 16.79, 81.19, 82.03, 70.11] [34mF1_perclass_eog: [78.94, 0.0, 72.69, 76.38, 55.84] 
[37mEpoch 0 step 37 with [31mce_loss_combined : 0.493738 [31mce_loss_eeg : 0.775923 [31mce_loss_eog : 0.846647 [31mtotal : 2.116307 [94mAcc_combined: 83.32 [94mAcc_eeg: 79.28 [94mAcc_eog: 76.11 [92mF1_combined: 69.54 [92mF1_eeg: 63.45 [92mF1_eog: 61.92 [92mK_combined: 0.7656 [92mK_eeg: 0.7035 [92mK_eog: 0.6612 [34mF1_perclass_combined: [87.67, 11.36, 84.76, 82.37, 81.53] [34mF1_perclass_eeg: [87.24, 4.31, 81.32, 80.26, 64.14] [34mF1_perclass_eog: [78.53, 0.0, 77.33, 76.47, 77.25] 
[37mEpoch 0 step 38 with [31mce_loss_combined : 0.481787 [31mce_loss_eeg : 0.779743 [31mce_loss_eog : 0.806461 [31mtotal : 2.067991 [94mAcc_combined: 83.12 [94mAcc_eeg: 78.58 [94mAcc_eog: 78.04 [92mF1_combined: 71.57 [92mF1_eeg: 65.60 [92mF1_eog: 63.10 [92mK_combined: 0.7630 [92mK_eeg: 0.7027 [92mK_eog: 0.6889 [34mF1_perclass_combined: [87.84, 22.57, 84.56, 81.49, 81.42] [34mF1_perclass_eeg: [86.89, 12.92, 80.18, 78.96, 69.03] [34mF1_perclass_eog: [82.2, 0.0, 79.34, 75.23, 78.75] 
[37mEpoch 0 step 39 with [31mce_loss_combined : 0.458689 [31mce_loss_eeg : 0.725536 [31mce_loss_eog : 0.792491 [31mtotal : 1.976716 [94mAcc_combined: 83.94 [94mAcc_eeg: 81.66 [94mAcc_eog: 78.65 [92mF1_combined: 75.86 [92mF1_eeg: 69.97 [92mF1_eog: 63.32 [92mK_combined: 0.7787 [92mK_eeg: 0.7420 [92mK_eog: 0.6971 [34mF1_perclass_combined: [88.41, 38.05, 84.74, 84.55, 83.53] [34mF1_perclass_eeg: [87.66, 21.83, 83.12, 83.64, 73.61] [34mF1_perclass_eog: [82.8, 0.0, 80.39, 75.09, 78.31] 
[37mEpoch 0 step 50 with [31mce_loss_combined : 0.470142 [31mce_loss_eeg : 0.701820 [31mce_loss_eog : 0.802963 [31mtotal : 1.974925 [94mAcc_combined: 83.63 [94mAcc_eeg: 80.67 [94mAcc_eog: 76.87 [92mF1_combined: 73.17 [92mF1_eeg: 68.92 [92mF1_eog: 61.47 [92mK_combined: 0.7728 [92mK_eeg: 0.7286 [92mK_eog: 0.6724 [34mF1_perclass_combined: [87.52, 27.35, 85.47, 84.35, 81.15] [34mF1_perclass_eeg: [86.91, 21.33, 82.46, 83.43, 70.45] [34mF1_perclass_eog: [83.02, 0.0, 78.6, 68.89, 76.85] 
[37mEpoch 0 step 52 with [31mce_loss_combined : 0.475535 [31mce_loss_eeg : 0.680355 [31mce_loss_eog : 0.747852 [31mtotal : 1.903742 [94mAcc_combined: 84.58 [94mAcc_eeg: 81.87 [94mAcc_eog: 78.62 [92mF1_combined: 74.41 [92mF1_eeg: 70.01 [92mF1_eog: 63.07 [92mK_combined: 0.7851 [92mK_eeg: 0.7462 [92mK_eog: 0.6976 [34mF1_perclass_combined: [89.26, 30.78, 86.03, 82.37, 83.59] [34mF1_perclass_eeg: [87.81, 21.43, 83.33, 83.06, 74.42] [34mF1_perclass_eog: [83.68, 0.0, 80.31, 71.46, 79.91] 
[37mEpoch 0 step 56 with [31mce_loss_combined : 0.450153 [31mce_loss_eeg : 0.662140 [31mce_loss_eog : 0.743077 [31mtotal : 1.855370 [94mAcc_combined: 85.34 [94mAcc_eeg: 81.97 [94mAcc_eog: 78.50 [92mF1_combined: 75.14 [92mF1_eeg: 70.01 [92mF1_eog: 63.47 [92mK_combined: 0.7962 [92mK_eeg: 0.7495 [92mK_eog: 0.6987 [34mF1_perclass_combined: [89.58, 30.93, 86.47, 84.82, 83.9] [34mF1_perclass_eeg: [87.44, 20.66, 83.49, 84.42, 74.05] [34mF1_perclass_eog: [83.91, 1.37, 79.75, 74.42, 77.91] 
[37mEpoch 0 step 57 with [31mce_loss_combined : 0.452998 [31mce_loss_eeg : 0.666330 [31mce_loss_eog : 0.726983 [31mtotal : 1.846311 [94mAcc_combined: 85.46 [94mAcc_eeg: 82.03 [94mAcc_eog: 79.10 [92mF1_combined: 74.33 [92mF1_eeg: 69.79 [92mF1_eog: 64.64 [92mK_combined: 0.7961 [92mK_eeg: 0.7478 [92mK_eog: 0.7032 [34mF1_perclass_combined: [89.41, 26.19, 86.79, 84.61, 84.66] [34mF1_perclass_eeg: [86.42, 20.8, 84.19, 84.54, 72.99] [34mF1_perclass_eog: [83.7, 5.39, 80.83, 72.24, 81.05] 
[37mEpoch 0 step 59 with [31mce_loss_combined : 0.423952 [31mce_loss_eeg : 0.666559 [31mce_loss_eog : 0.720282 [31mtotal : 1.810793 [94mAcc_combined: 85.51 [94mAcc_eeg: 81.39 [94mAcc_eog: 78.97 [92mF1_combined: 76.09 [92mF1_eeg: 69.95 [92mF1_eog: 64.80 [92mK_combined: 0.7980 [92mK_eeg: 0.7430 [92mK_eog: 0.7008 [34mF1_perclass_combined: [89.52, 34.56, 86.86, 84.17, 85.33] [34mF1_perclass_eeg: [87.22, 22.09, 82.79, 84.94, 72.7] [34mF1_perclass_eog: [83.8, 5.79, 80.45, 73.54, 80.43] 
[37mEpoch 0 step 64 with [31mce_loss_combined : 0.426440 [31mce_loss_eeg : 0.661625 [31mce_loss_eog : 0.718345 [31mtotal : 1.806410 [94mAcc_combined: 84.96 [94mAcc_eeg: 81.06 [94mAcc_eog: 78.72 [92mF1_combined: 74.94 [92mF1_eeg: 69.29 [92mF1_eog: 63.78 [92mK_combined: 0.7870 [92mK_eeg: 0.7341 [92mK_eog: 0.6946 [34mF1_perclass_combined: [89.75, 33.06, 86.43, 80.75, 84.71] [34mF1_perclass_eeg: [87.12, 22.37, 82.89, 79.35, 74.74] [34mF1_perclass_eog: [83.87, 0.17, 79.5, 74.82, 80.54] 
[37mEpoch 0 step 65 with [31mce_loss_combined : 0.401041 [31mce_loss_eeg : 0.653002 [31mce_loss_eog : 0.704394 [31mtotal : 1.758437 [94mAcc_combined: 85.94 [94mAcc_eeg: 81.75 [94mAcc_eog: 79.50 [92mF1_combined: 76.72 [92mF1_eeg: 70.23 [92mF1_eog: 64.48 [92mK_combined: 0.8035 [92mK_eeg: 0.7458 [92mK_eog: 0.7088 [34mF1_perclass_combined: [90.39, 36.41, 87.08, 83.95, 85.77] [34mF1_perclass_eeg: [87.36, 22.75, 83.35, 83.14, 74.55] [34mF1_perclass_eog: [84.33, 0.22, 80.29, 76.17, 81.42] 
[37mEpoch 0 step 73 with [31mce_loss_combined : 0.408177 [31mce_loss_eeg : 0.636304 [31mce_loss_eog : 0.684813 [31mtotal : 1.729294 [94mAcc_combined: 86.16 [94mAcc_eeg: 81.65 [94mAcc_eog: 79.56 [92mF1_combined: 77.25 [92mF1_eeg: 71.26 [92mF1_eog: 65.91 [92mK_combined: 0.8080 [92mK_eeg: 0.7466 [92mK_eog: 0.7140 [34mF1_perclass_combined: [90.92, 38.03, 87.01, 85.48, 84.82] [34mF1_perclass_eeg: [87.8, 28.11, 82.98, 83.73, 73.71] [34mF1_perclass_eog: [85.38, 8.4, 80.27, 75.92, 79.54] 
[37mEpoch 0 step 74 with [31mce_loss_combined : 0.392500 [31mce_loss_eeg : 0.624100 [31mce_loss_eog : 0.676112 [31mtotal : 1.692712 [94mAcc_combined: 86.56 [94mAcc_eeg: 82.40 [94mAcc_eog: 80.15 [92mF1_combined: 77.70 [92mF1_eeg: 72.04 [92mF1_eog: 66.35 [92mK_combined: 0.8123 [92mK_eeg: 0.7554 [92mK_eog: 0.7198 [34mF1_perclass_combined: [91.11, 38.82, 87.61, 85.04, 85.93] [34mF1_perclass_eeg: [88.03, 29.37, 84.12, 83.42, 75.28] [34mF1_perclass_eog: [85.63, 7.85, 80.92, 76.28, 81.06] 
[37mEpoch 0 step 87 with [31mce_loss_combined : 0.399076 [31mce_loss_eeg : 0.606213 [31mce_loss_eog : 0.669009 [31mtotal : 1.674299 [94mAcc_combined: 85.88 [94mAcc_eeg: 82.55 [94mAcc_eog: 79.42 [92mF1_combined: 76.44 [92mF1_eeg: 72.55 [92mF1_eog: 65.91 [92mK_combined: 0.8026 [92mK_eeg: 0.7573 [92mK_eog: 0.7078 [34mF1_perclass_combined: [90.28, 34.78, 86.88, 85.22, 85.04] [34mF1_perclass_eeg: [87.62, 31.42, 84.43, 85.03, 74.25] [34mF1_perclass_eog: [84.42, 9.77, 80.74, 72.44, 82.17] 
[37mEpoch 0 step 92 with [31mce_loss_combined : 0.397264 [31mce_loss_eeg : 0.595282 [31mce_loss_eog : 0.679169 [31mtotal : 1.671714 [94mAcc_combined: 86.16 [94mAcc_eeg: 82.70 [94mAcc_eog: 78.72 [92mF1_combined: 77.22 [92mF1_eeg: 72.17 [92mF1_eog: 65.68 [92mK_combined: 0.8068 [92mK_eeg: 0.7587 [92mK_eog: 0.6986 [34mF1_perclass_combined: [91.17, 38.3, 87.1, 84.2, 85.33] [34mF1_perclass_eeg: [88.42, 28.46, 84.49, 84.1, 75.37] [34mF1_perclass_eog: [85.1, 13.98, 80.53, 69.29, 79.52] 
[37mEpoch 0 step 93 with [31mce_loss_combined : 0.384610 [31mce_loss_eeg : 0.594934 [31mce_loss_eog : 0.663980 [31mtotal : 1.643524 [94mAcc_combined: 86.58 [94mAcc_eeg: 82.69 [94mAcc_eog: 79.32 [92mF1_combined: 77.12 [92mF1_eeg: 71.87 [92mF1_eog: 65.93 [92mK_combined: 0.8126 [92mK_eeg: 0.7586 [92mK_eog: 0.7052 [34mF1_perclass_combined: [91.23, 35.06, 87.26, 85.73, 86.3] [34mF1_perclass_eeg: [88.22, 26.63, 84.33, 85.17, 75.02] [34mF1_perclass_eog: [85.28, 11.69, 80.76, 70.27, 81.66] 
[37mEpoch 0 step 94 with [31mce_loss_combined : 0.383786 [31mce_loss_eeg : 0.596291 [31mce_loss_eog : 0.653579 [31mtotal : 1.633656 [94mAcc_combined: 86.69 [94mAcc_eeg: 82.56 [94mAcc_eog: 79.97 [92mF1_combined: 77.71 [92mF1_eeg: 71.88 [92mF1_eog: 66.98 [92mK_combined: 0.8147 [92mK_eeg: 0.7580 [92mK_eog: 0.7165 [34mF1_perclass_combined: [91.39, 37.93, 87.45, 85.62, 86.14] [34mF1_perclass_eeg: [88.49, 27.18, 84.17, 84.89, 74.65] [34mF1_perclass_eog: [85.55, 12.76, 81.21, 73.86, 81.51] 
[37mEpoch 0 step 95 with [31mce_loss_combined : 0.383311 [31mce_loss_eeg : 0.591280 [31mce_loss_eog : 0.652991 [31mtotal : 1.627583 [94mAcc_combined: 86.75 [94mAcc_eeg: 82.80 [94mAcc_eog: 80.03 [92mF1_combined: 77.75 [92mF1_eeg: 72.14 [92mF1_eog: 67.11 [92mK_combined: 0.8150 [92mK_eeg: 0.7604 [92mK_eog: 0.7172 [34mF1_perclass_combined: [91.35, 38.03, 87.54, 85.34, 86.5] [34mF1_perclass_eeg: [88.58, 27.93, 84.47, 84.53, 75.18] [34mF1_perclass_eog: [85.68, 13.28, 81.26, 73.67, 81.67] 
[37mEpoch 0 step 115 with [31mce_loss_combined : 0.403939 [31mce_loss_eeg : 0.580049 [31mce_loss_eog : 0.630413 [31mtotal : 1.614401 [94mAcc_combined: 86.32 [94mAcc_eeg: 82.55 [94mAcc_eog: 80.13 [92mF1_combined: 77.17 [92mF1_eeg: 71.88 [92mF1_eog: 67.61 [92mK_combined: 0.8092 [92mK_eeg: 0.7579 [92mK_eog: 0.7199 [34mF1_perclass_combined: [91.16, 37.4, 87.38, 84.27, 85.65] [34mF1_perclass_eeg: [87.65, 27.67, 84.54, 84.28, 75.25] [34mF1_perclass_eog: [86.16, 15.34, 81.24, 74.01, 81.31] 
[37mEpoch 1 step 121 with [31mce_loss_combined : 0.388159 [31mce_loss_eeg : 0.564139 [31mce_loss_eog : 0.658611 [31mtotal : 1.610909 [94mAcc_combined: 86.33 [94mAcc_eeg: 82.79 [94mAcc_eog: 78.52 [92mF1_combined: 77.04 [92mF1_eeg: 71.82 [92mF1_eog: 66.12 [92mK_combined: 0.8100 [92mK_eeg: 0.7613 [92mK_eog: 0.7010 [34mF1_perclass_combined: [91.4, 36.65, 87.25, 85.08, 84.79] [34mF1_perclass_eeg: [88.46, 26.44, 84.45, 84.54, 75.21] [34mF1_perclass_eog: [85.08, 14.89, 79.73, 74.65, 76.24] 
[37mEpoch 1 step 122 with [31mce_loss_combined : 0.394897 [31mce_loss_eeg : 0.561192 [31mce_loss_eog : 0.640972 [31mtotal : 1.597061 [94mAcc_combined: 86.27 [94mAcc_eeg: 83.42 [94mAcc_eog: 79.71 [92mF1_combined: 76.09 [92mF1_eeg: 73.00 [92mF1_eog: 66.53 [92mK_combined: 0.8094 [92mK_eeg: 0.7689 [92mK_eog: 0.7124 [34mF1_perclass_combined: [90.78, 31.41, 86.91, 85.31, 86.05] [34mF1_perclass_eeg: [88.16, 29.92, 84.98, 84.6, 77.33] [34mF1_perclass_eog: [84.44, 8.83, 80.38, 77.01, 81.97] 
[37mEpoch 1 step 123 with [31mce_loss_combined : 0.385920 [31mce_loss_eeg : 0.552972 [31mce_loss_eog : 0.626231 [31mtotal : 1.565123 [94mAcc_combined: 86.34 [94mAcc_eeg: 83.43 [94mAcc_eog: 80.22 [92mF1_combined: 77.02 [92mF1_eeg: 72.51 [92mF1_eog: 66.59 [92mK_combined: 0.8107 [92mK_eeg: 0.7698 [92mK_eog: 0.7206 [34mF1_perclass_combined: [91.37, 35.52, 86.74, 85.36, 86.11] [34mF1_perclass_eeg: [88.98, 26.92, 84.87, 84.95, 76.84] [34mF1_perclass_eog: [85.58, 8.65, 81.07, 75.74, 81.92] 
[37mEpoch 1 step 124 with [31mce_loss_combined : 0.381482 [31mce_loss_eeg : 0.547200 [31mce_loss_eog : 0.625188 [31mtotal : 1.553869 [94mAcc_combined: 86.70 [94mAcc_eeg: 83.64 [94mAcc_eog: 80.42 [92mF1_combined: 78.88 [92mF1_eeg: 74.25 [92mF1_eog: 69.04 [92mK_combined: 0.8162 [92mK_eeg: 0.7732 [92mK_eog: 0.7253 [34mF1_perclass_combined: [91.37, 43.44, 87.46, 86.08, 86.06] [34mF1_perclass_eeg: [88.89, 34.82, 85.29, 85.1, 77.17] [34mF1_perclass_eog: [85.8, 19.1, 81.2, 76.81, 82.28] 
[37mEpoch 1 step 125 with [31mce_loss_combined : 0.381190 [31mce_loss_eeg : 0.545113 [31mce_loss_eog : 0.623870 [31mtotal : 1.550173 [94mAcc_combined: 86.71 [94mAcc_eeg: 83.60 [94mAcc_eog: 80.02 [92mF1_combined: 77.20 [92mF1_eeg: 73.21 [92mF1_eog: 66.66 [92mK_combined: 0.8133 [92mK_eeg: 0.7693 [92mK_eog: 0.7165 [34mF1_perclass_combined: [91.74, 35.72, 87.57, 84.61, 86.34] [34mF1_perclass_eeg: [89.41, 30.32, 85.25, 83.95, 77.1] [34mF1_perclass_eog: [86.0, 11.45, 81.18, 73.02, 81.68] 
[37mEpoch 1 step 126 with [31mce_loss_combined : 0.384297 [31mce_loss_eeg : 0.542277 [31mce_loss_eog : 0.623435 [31mtotal : 1.550008 [94mAcc_combined: 86.58 [94mAcc_eeg: 83.92 [94mAcc_eog: 80.33 [92mF1_combined: 77.74 [92mF1_eeg: 73.72 [92mF1_eog: 67.21 [92mK_combined: 0.8132 [92mK_eeg: 0.7759 [92mK_eog: 0.7211 [34mF1_perclass_combined: [91.43, 38.54, 87.26, 85.81, 85.68] [34mF1_perclass_eeg: [89.31, 31.11, 85.28, 85.32, 77.57] [34mF1_perclass_eog: [86.07, 13.32, 81.58, 72.88, 82.19] 
[37mEpoch 1 step 129 with [31mce_loss_combined : 0.379087 [31mce_loss_eeg : 0.541416 [31mce_loss_eog : 0.623055 [31mtotal : 1.543558 [94mAcc_combined: 86.72 [94mAcc_eeg: 83.88 [94mAcc_eog: 79.84 [92mF1_combined: 76.97 [92mF1_eeg: 72.95 [92mF1_eog: 67.12 [92mK_combined: 0.8142 [92mK_eeg: 0.7736 [92mK_eog: 0.7160 [34mF1_perclass_combined: [91.59, 34.23, 87.47, 85.5, 86.03] [34mF1_perclass_eeg: [89.42, 27.75, 85.34, 84.61, 77.63] [34mF1_perclass_eog: [85.88, 13.96, 81.03, 74.52, 80.19] 
[37mEpoch 1 step 130 with [31mce_loss_combined : 0.376289 [31mce_loss_eeg : 0.541346 [31mce_loss_eog : 0.613511 [31mtotal : 1.531145 [94mAcc_combined: 86.82 [94mAcc_eeg: 83.80 [94mAcc_eog: 80.22 [92mF1_combined: 77.44 [92mF1_eeg: 73.01 [92mF1_eog: 67.09 [92mK_combined: 0.8157 [92mK_eeg: 0.7730 [92mK_eog: 0.7205 [34mF1_perclass_combined: [91.74, 36.67, 87.61, 84.92, 86.27] [34mF1_perclass_eeg: [89.31, 28.58, 85.37, 83.66, 78.13] [34mF1_perclass_eog: [86.35, 11.76, 81.03, 74.62, 81.7] 
[37mEpoch 1 step 131 with [31mce_loss_combined : 0.374430 [31mce_loss_eeg : 0.541036 [31mce_loss_eog : 0.610350 [31mtotal : 1.525816 [94mAcc_combined: 86.92 [94mAcc_eeg: 83.86 [94mAcc_eog: 80.49 [92mF1_combined: 78.24 [92mF1_eeg: 73.85 [92mF1_eog: 67.82 [92mK_combined: 0.8175 [92mK_eeg: 0.7737 [92mK_eog: 0.7242 [34mF1_perclass_combined: [91.73, 39.9, 87.66, 85.43, 86.47] [34mF1_perclass_eeg: [89.18, 32.64, 85.45, 84.29, 77.7] [34mF1_perclass_eog: [86.59, 14.65, 81.37, 74.18, 82.31] 
[37mEpoch 1 step 132 with [31mce_loss_combined : 0.377245 [31mce_loss_eeg : 0.540646 [31mce_loss_eog : 0.607409 [31mtotal : 1.525299 [94mAcc_combined: 86.84 [94mAcc_eeg: 83.97 [94mAcc_eog: 80.75 [92mF1_combined: 78.38 [92mF1_eeg: 74.20 [92mF1_eog: 68.42 [92mK_combined: 0.8171 [92mK_eeg: 0.7764 [92mK_eog: 0.7296 [34mF1_perclass_combined: [91.57, 40.71, 87.57, 85.75, 86.29] [34mF1_perclass_eeg: [89.09, 33.53, 85.47, 84.92, 77.97] [34mF1_perclass_eog: [86.7, 15.78, 81.44, 76.13, 82.05] 
[37mEpoch 1 step 133 with [31mce_loss_combined : 0.375183 [31mce_loss_eeg : 0.540583 [31mce_loss_eog : 0.603927 [31mtotal : 1.519693 [94mAcc_combined: 86.92 [94mAcc_eeg: 83.85 [94mAcc_eog: 80.89 [92mF1_combined: 77.94 [92mF1_eeg: 73.76 [92mF1_eog: 67.85 [92mK_combined: 0.8171 [92mK_eeg: 0.7740 [92mK_eog: 0.7303 [34mF1_perclass_combined: [91.67, 38.54, 87.75, 85.33, 86.41] [34mF1_perclass_eeg: [89.1, 32.13, 85.43, 84.1, 78.06] [34mF1_perclass_eog: [86.78, 12.51, 81.59, 75.74, 82.64] 
[37mEpoch 1 step 134 with [31mce_loss_combined : 0.373238 [31mce_loss_eeg : 0.538011 [31mce_loss_eog : 0.606374 [31mtotal : 1.517622 [94mAcc_combined: 86.96 [94mAcc_eeg: 83.99 [94mAcc_eog: 80.75 [92mF1_combined: 78.26 [92mF1_eeg: 74.06 [92mF1_eog: 68.10 [92mK_combined: 0.8181 [92mK_eeg: 0.7765 [92mK_eog: 0.7286 [34mF1_perclass_combined: [91.78, 39.88, 87.71, 85.51, 86.42] [34mF1_perclass_eeg: [89.4, 32.61, 85.47, 84.52, 78.28] [34mF1_perclass_eog: [86.79, 14.76, 81.56, 75.1, 82.28] 
[37mEpoch 1 step 136 with [31mce_loss_combined : 0.372912 [31mce_loss_eeg : 0.537600 [31mce_loss_eog : 0.607017 [31mtotal : 1.517529 [94mAcc_combined: 86.97 [94mAcc_eeg: 84.03 [94mAcc_eog: 80.64 [92mF1_combined: 78.31 [92mF1_eeg: 74.11 [92mF1_eog: 68.03 [92mK_combined: 0.8184 [92mK_eeg: 0.7770 [92mK_eog: 0.7272 [34mF1_perclass_combined: [91.83, 40.1, 87.74, 85.49, 86.39] [34mF1_perclass_eeg: [89.45, 32.71, 85.5, 84.52, 78.35] [34mF1_perclass_eog: [86.75, 14.99, 81.51, 74.88, 82.03] 
[37mEpoch 1 step 172 with [31mce_loss_combined : 0.386212 [31mce_loss_eeg : 0.531557 [31mce_loss_eog : 0.593608 [31mtotal : 1.511377 [94mAcc_combined: 86.77 [94mAcc_eeg: 83.55 [94mAcc_eog: 80.97 [92mF1_combined: 78.52 [92mF1_eeg: 73.51 [92mF1_eog: 69.18 [92mK_combined: 0.8162 [92mK_eeg: 0.7695 [92mK_eog: 0.7322 [34mF1_perclass_combined: [91.2, 41.78, 87.59, 85.64, 86.41] [34mF1_perclass_eeg: [89.1, 32.54, 85.01, 84.92, 75.97] [34mF1_perclass_eog: [86.63, 19.3, 81.98, 75.33, 82.67] 
[37mEpoch 1 step 181 with [31mce_loss_combined : 0.378070 [31mce_loss_eeg : 0.524039 [31mce_loss_eog : 0.592742 [31mtotal : 1.494850 [94mAcc_combined: 86.56 [94mAcc_eeg: 83.47 [94mAcc_eog: 80.62 [92mF1_combined: 77.78 [92mF1_eeg: 72.87 [92mF1_eog: 66.35 [92mK_combined: 0.8115 [92mK_eeg: 0.7703 [92mK_eog: 0.7232 [34mF1_perclass_combined: [92.0, 40.01, 87.3, 82.38, 87.21] [34mF1_perclass_eeg: [89.19, 28.67, 84.81, 84.17, 77.52] [34mF1_perclass_eog: [86.86, 8.2, 81.73, 71.98, 82.98] 
[37mEpoch 1 step 182 with [31mce_loss_combined : 0.378927 [31mce_loss_eeg : 0.524388 [31mce_loss_eog : 0.577993 [31mtotal : 1.481308 [94mAcc_combined: 86.87 [94mAcc_eeg: 83.51 [94mAcc_eog: 81.12 [92mF1_combined: 77.42 [92mF1_eeg: 72.64 [92mF1_eog: 67.42 [92mK_combined: 0.8163 [92mK_eeg: 0.7702 [92mK_eog: 0.7340 [34mF1_perclass_combined: [91.43, 36.28, 87.73, 85.03, 86.64] [34mF1_perclass_eeg: [88.95, 27.31, 84.93, 83.78, 78.21] [34mF1_perclass_eog: [86.71, 9.21, 81.9, 76.88, 82.42] 
[37mEpoch 1 step 187 with [31mce_loss_combined : 0.372033 [31mce_loss_eeg : 0.512001 [31mce_loss_eog : 0.574578 [31mtotal : 1.458613 [94mAcc_combined: 87.04 [94mAcc_eeg: 84.18 [94mAcc_eog: 81.18 [92mF1_combined: 78.24 [92mF1_eeg: 74.27 [92mF1_eog: 67.46 [92mK_combined: 0.8192 [92mK_eeg: 0.7795 [92mK_eog: 0.7344 [34mF1_perclass_combined: [91.85, 39.77, 87.96, 85.04, 86.61] [34mF1_perclass_eeg: [89.5, 32.76, 85.69, 83.77, 79.63] [34mF1_perclass_eog: [87.08, 9.69, 81.94, 76.36, 82.22] 
[37mEpoch 1 step 197 with [31mce_loss_combined : 0.360187 [31mce_loss_eeg : 0.505896 [31mce_loss_eog : 0.578347 [31mtotal : 1.444430 [94mAcc_combined: 87.32 [94mAcc_eeg: 84.40 [94mAcc_eog: 80.64 [92mF1_combined: 79.47 [92mF1_eeg: 74.51 [92mF1_eog: 69.81 [92mK_combined: 0.8238 [92mK_eeg: 0.7830 [92mK_eog: 0.7270 [34mF1_perclass_combined: [92.2, 44.11, 87.9, 85.88, 87.26] [34mF1_perclass_eeg: [89.34, 32.9, 85.91, 85.57, 78.83] [34mF1_perclass_eog: [86.81, 22.7, 81.57, 74.57, 83.42] 
[37mEpoch 1 step 198 with [31mce_loss_combined : 0.362307 [31mce_loss_eeg : 0.507938 [31mce_loss_eog : 0.568619 [31mtotal : 1.438863 [94mAcc_combined: 87.21 [94mAcc_eeg: 84.21 [94mAcc_eog: 81.21 [92mF1_combined: 78.19 [92mF1_eeg: 73.60 [92mF1_eog: 69.31 [92mK_combined: 0.8223 [92mK_eeg: 0.7805 [92mK_eog: 0.7352 [34mF1_perclass_combined: [92.22, 38.13, 87.69, 85.79, 87.1] [34mF1_perclass_eeg: [89.24, 28.96, 85.65, 85.41, 78.75] [34mF1_perclass_eog: [87.45, 18.45, 81.87, 76.26, 82.51] 
[37mEpoch 1 step 203 with [31mce_loss_combined : 0.359104 [31mce_loss_eeg : 0.504572 [31mce_loss_eog : 0.570546 [31mtotal : 1.434222 [94mAcc_combined: 87.40 [94mAcc_eeg: 84.45 [94mAcc_eog: 81.06 [92mF1_combined: 79.35 [92mF1_eeg: 75.27 [92mF1_eog: 69.37 [92mK_combined: 0.8250 [92mK_eeg: 0.7837 [92mK_eog: 0.7333 [34mF1_perclass_combined: [92.15, 43.09, 87.93, 86.23, 87.34] [34mF1_perclass_eeg: [89.4, 36.41, 85.97, 85.63, 78.94] [34mF1_perclass_eog: [87.28, 20.06, 81.94, 74.74, 82.83] 
[37mEpoch 1 step 210 with [31mce_loss_combined : 0.357905 [31mce_loss_eeg : 0.503436 [31mce_loss_eog : 0.568102 [31mtotal : 1.429443 [94mAcc_combined: 87.44 [94mAcc_eeg: 84.47 [94mAcc_eog: 80.99 [92mF1_combined: 78.61 [92mF1_eeg: 74.37 [92mF1_eog: 68.88 [92mK_combined: 0.8254 [92mK_eeg: 0.7843 [92mK_eog: 0.7314 [34mF1_perclass_combined: [92.41, 39.26, 87.98, 86.3, 87.1] [34mF1_perclass_eeg: [89.57, 31.64, 85.99, 85.68, 78.99] [34mF1_perclass_eog: [87.54, 18.26, 81.92, 74.29, 82.41] 
[37mEpoch 1 step 211 with [31mce_loss_combined : 0.360007 [31mce_loss_eeg : 0.502172 [31mce_loss_eog : 0.567256 [31mtotal : 1.429435 [94mAcc_combined: 87.41 [94mAcc_eeg: 84.45 [94mAcc_eog: 81.04 [92mF1_combined: 78.82 [92mF1_eeg: 74.53 [92mF1_eog: 68.95 [92mK_combined: 0.8243 [92mK_eeg: 0.7830 [92mK_eog: 0.7321 [34mF1_perclass_combined: [92.27, 40.95, 88.1, 85.48, 87.29] [34mF1_perclass_eeg: [89.6, 33.15, 86.08, 84.81, 79.0] [34mF1_perclass_eog: [87.66, 18.58, 81.96, 73.98, 82.57] 
[37mEpoch 1 step 212 with [31mce_loss_combined : 0.361015 [31mce_loss_eeg : 0.501320 [31mce_loss_eog : 0.566729 [31mtotal : 1.429065 [94mAcc_combined: 87.41 [94mAcc_eeg: 84.54 [94mAcc_eog: 81.06 [92mF1_combined: 78.84 [92mF1_eeg: 74.63 [92mF1_eog: 68.86 [92mK_combined: 0.8242 [92mK_eeg: 0.7842 [92mK_eog: 0.7321 [34mF1_perclass_combined: [92.18, 41.17, 88.11, 85.49, 87.26] [34mF1_perclass_eeg: [89.59, 33.31, 86.19, 84.87, 79.17] [34mF1_perclass_eog: [87.76, 18.38, 82.0, 73.55, 82.63] 
[37mEpoch 1 step 213 with [31mce_loss_combined : 0.358375 [31mce_loss_eeg : 0.499922 [31mce_loss_eog : 0.568251 [31mtotal : 1.426549 [94mAcc_combined: 87.48 [94mAcc_eeg: 84.55 [94mAcc_eog: 80.97 [92mF1_combined: 79.03 [92mF1_eeg: 74.58 [92mF1_eog: 68.79 [92mK_combined: 0.8256 [92mK_eeg: 0.7845 [92mK_eog: 0.7312 [34mF1_perclass_combined: [92.31, 41.63, 88.12, 85.86, 87.22] [34mF1_perclass_eeg: [89.61, 32.92, 86.12, 85.09, 79.18] [34mF1_perclass_eog: [87.77, 18.45, 81.92, 73.47, 82.33] 
[37mEpoch 1 step 214 with [31mce_loss_combined : 0.356458 [31mce_loss_eeg : 0.498950 [31mce_loss_eog : 0.566440 [31mtotal : 1.421849 [94mAcc_combined: 87.51 [94mAcc_eeg: 84.56 [94mAcc_eog: 81.09 [92mF1_combined: 78.94 [92mF1_eeg: 74.57 [92mF1_eog: 68.94 [92mK_combined: 0.8259 [92mK_eeg: 0.7845 [92mK_eog: 0.7330 [34mF1_perclass_combined: [92.31, 40.92, 88.1, 85.94, 87.43] [34mF1_perclass_eeg: [89.57, 32.82, 86.13, 85.16, 79.19] [34mF1_perclass_eog: [87.74, 18.43, 82.03, 73.99, 82.53] 
[37mEpoch 1 step 215 with [31mce_loss_combined : 0.356070 [31mce_loss_eeg : 0.498924 [31mce_loss_eog : 0.566397 [31mtotal : 1.421391 [94mAcc_combined: 87.53 [94mAcc_eeg: 84.59 [94mAcc_eog: 81.12 [92mF1_combined: 79.04 [92mF1_eeg: 74.69 [92mF1_eog: 69.13 [92mK_combined: 0.8263 [92mK_eeg: 0.7851 [92mK_eog: 0.7334 [34mF1_perclass_combined: [92.32, 41.22, 88.11, 86.07, 87.45] [34mF1_perclass_eeg: [89.6, 33.23, 86.13, 85.28, 79.21] [34mF1_perclass_eog: [87.76, 19.15, 82.04, 74.17, 82.5] 
[37mEpoch 1 step 216 with [31mce_loss_combined : 0.355749 [31mce_loss_eeg : 0.498672 [31mce_loss_eog : 0.566145 [31mtotal : 1.420567 [94mAcc_combined: 87.52 [94mAcc_eeg: 84.61 [94mAcc_eog: 81.13 [92mF1_combined: 79.00 [92mF1_eeg: 74.71 [92mF1_eog: 69.12 [92mK_combined: 0.8262 [92mK_eeg: 0.7853 [92mK_eog: 0.7333 [34mF1_perclass_combined: [92.32, 41.02, 88.1, 86.06, 87.49] [34mF1_perclass_eeg: [89.6, 33.24, 86.14, 85.35, 79.19] [34mF1_perclass_eog: [87.78, 19.15, 82.06, 74.02, 82.61] 
[37mEpoch 1 step 217 with [31mce_loss_combined : 0.355732 [31mce_loss_eeg : 0.498622 [31mce_loss_eog : 0.565110 [31mtotal : 1.419465 [94mAcc_combined: 87.52 [94mAcc_eeg: 84.61 [94mAcc_eog: 81.17 [92mF1_combined: 79.01 [92mF1_eeg: 74.66 [92mF1_eog: 69.13 [92mK_combined: 0.8261 [92mK_eeg: 0.7853 [92mK_eog: 0.7340 [34mF1_perclass_combined: [92.29, 41.08, 88.09, 86.02, 87.54] [34mF1_perclass_eeg: [89.6, 32.99, 86.15, 85.35, 79.21] [34mF1_perclass_eog: [87.77, 18.95, 82.09, 74.19, 82.67] 
[37mEpoch 1 step 218 with [31mce_loss_combined : 0.355680 [31mce_loss_eeg : 0.498622 [31mce_loss_eog : 0.564674 [31mtotal : 1.418976 [94mAcc_combined: 87.53 [94mAcc_eeg: 84.61 [94mAcc_eog: 81.21 [92mF1_combined: 79.03 [92mF1_eeg: 74.65 [92mF1_eog: 69.20 [92mK_combined: 0.8263 [92mK_eeg: 0.7853 [92mK_eog: 0.7345 [34mF1_perclass_combined: [92.3, 41.16, 88.1, 86.04, 87.58] [34mF1_perclass_eeg: [89.6, 32.91, 86.15, 85.38, 79.19] [34mF1_perclass_eog: [87.8, 19.08, 82.1, 74.31, 82.72] 
[37mEpoch 2 step 301 with [31mce_loss_combined : 0.366195 [31mce_loss_eeg : 0.482480 [31mce_loss_eog : 0.551925 [31mtotal : 1.400600 [94mAcc_combined: 86.98 [94mAcc_eeg: 84.46 [94mAcc_eog: 81.20 [92mF1_combined: 77.71 [92mF1_eeg: 74.09 [92mF1_eog: 67.74 [92mK_combined: 0.8175 [92mK_eeg: 0.7834 [92mK_eog: 0.7336 [34mF1_perclass_combined: [92.26, 36.8, 87.66, 84.58, 87.23] [34mF1_perclass_eeg: [90.01, 30.12, 85.72, 84.72, 79.9] [34mF1_perclass_eog: [87.7, 10.12, 81.58, 76.25, 83.02] 
[37mEpoch 2 step 313 with [31mce_loss_combined : 0.370579 [31mce_loss_eeg : 0.483416 [31mce_loss_eog : 0.546411 [31mtotal : 1.400407 [94mAcc_combined: 86.93 [94mAcc_eeg: 84.47 [94mAcc_eog: 81.39 [92mF1_combined: 79.66 [92mF1_eeg: 75.86 [92mF1_eog: 70.87 [92mK_combined: 0.8200 [92mK_eeg: 0.7850 [92mK_eog: 0.7393 [34mF1_perclass_combined: [92.0, 46.36, 87.23, 85.6, 87.13] [34mF1_perclass_eeg: [89.68, 39.01, 85.47, 85.3, 79.82] [34mF1_perclass_eog: [87.22, 24.56, 82.19, 77.06, 83.3] 
[37mEpoch 2 step 322 with [31mce_loss_combined : 0.359488 [31mce_loss_eeg : 0.476374 [31mce_loss_eog : 0.554907 [31mtotal : 1.390769 [94mAcc_combined: 87.32 [94mAcc_eeg: 84.76 [94mAcc_eog: 80.58 [92mF1_combined: 78.82 [92mF1_eeg: 74.90 [92mF1_eog: 68.71 [92mK_combined: 0.8236 [92mK_eeg: 0.7884 [92mK_eog: 0.7251 [34mF1_perclass_combined: [92.16, 40.5, 87.84, 86.06, 87.52] [34mF1_perclass_eeg: [90.15, 32.99, 86.07, 85.3, 79.98] [34mF1_perclass_eog: [87.73, 21.04, 81.81, 70.85, 82.11] 
[37mEpoch 2 step 323 with [31mce_loss_combined : 0.358413 [31mce_loss_eeg : 0.474238 [31mce_loss_eog : 0.542457 [31mtotal : 1.375108 [94mAcc_combined: 87.30 [94mAcc_eeg: 84.91 [94mAcc_eog: 81.52 [92mF1_combined: 78.15 [92mF1_eeg: 75.05 [92mF1_eog: 69.61 [92mK_combined: 0.8231 [92mK_eeg: 0.7897 [92mK_eog: 0.7405 [34mF1_perclass_combined: [91.85, 37.52, 87.89, 86.28, 87.21] [34mF1_perclass_eeg: [89.79, 33.52, 86.2, 85.34, 80.39] [34mF1_perclass_eog: [87.86, 19.4, 82.26, 75.91, 82.63] 
[37mEpoch 2 step 326 with [31mce_loss_combined : 0.359194 [31mce_loss_eeg : 0.473226 [31mce_loss_eog : 0.541465 [31mtotal : 1.373886 [94mAcc_combined: 87.38 [94mAcc_eeg: 84.80 [94mAcc_eog: 81.93 [92mF1_combined: 79.21 [92mF1_eeg: 75.72 [92mF1_eog: 70.22 [92mK_combined: 0.8255 [92mK_eeg: 0.7902 [92mK_eog: 0.7466 [34mF1_perclass_combined: [92.42, 42.4, 87.6, 86.32, 87.32] [34mF1_perclass_eeg: [90.26, 36.8, 85.72, 85.89, 79.92] [34mF1_perclass_eog: [87.92, 19.04, 82.43, 78.34, 83.38] 
[37mEpoch 2 step 329 with [31mce_loss_combined : 0.354301 [31mce_loss_eeg : 0.461351 [31mce_loss_eog : 0.545092 [31mtotal : 1.360744 [94mAcc_combined: 87.69 [94mAcc_eeg: 85.38 [94mAcc_eog: 81.79 [92mF1_combined: 79.52 [92mF1_eeg: 75.92 [92mF1_eog: 69.89 [92mK_combined: 0.8288 [92mK_eeg: 0.7962 [92mK_eog: 0.7433 [34mF1_perclass_combined: [92.55, 42.89, 88.22, 86.27, 87.64] [34mF1_perclass_eeg: [90.33, 35.81, 86.62, 85.83, 81.0] [34mF1_perclass_eog: [87.8, 19.84, 82.82, 75.53, 83.47] 
[37mEpoch 2 step 336 with [31mce_loss_combined : 0.347725 [31mce_loss_eeg : 0.471607 [31mce_loss_eog : 0.540857 [31mtotal : 1.360189 [94mAcc_combined: 87.57 [94mAcc_eeg: 84.80 [94mAcc_eog: 81.55 [92mF1_combined: 77.95 [92mF1_eeg: 74.87 [92mF1_eog: 67.86 [92mK_combined: 0.8261 [92mK_eeg: 0.7879 [92mK_eog: 0.7407 [34mF1_perclass_combined: [92.58, 35.67, 88.02, 85.69, 87.78] [34mF1_perclass_eeg: [89.7, 32.74, 86.02, 85.39, 80.48] [34mF1_perclass_eog: [88.13, 9.27, 81.82, 77.3, 82.79] 
[37mEpoch 2 step 346 with [31mce_loss_combined : 0.358430 [31mce_loss_eeg : 0.473397 [31mce_loss_eog : 0.526952 [31mtotal : 1.358779 [94mAcc_combined: 87.58 [94mAcc_eeg: 85.03 [94mAcc_eog: 81.99 [92mF1_combined: 79.18 [92mF1_eeg: 75.60 [92mF1_eog: 70.49 [92mK_combined: 0.8272 [92mK_eeg: 0.7918 [92mK_eog: 0.7460 [34mF1_perclass_combined: [92.07, 42.0, 88.28, 86.24, 87.32] [34mF1_perclass_eeg: [89.58, 35.71, 86.51, 85.85, 80.37] [34mF1_perclass_eog: [88.48, 20.88, 82.51, 76.47, 84.09] 
[37mEpoch 3 step 350 with [31mce_loss_combined : 0.348461 [31mce_loss_eeg : 0.468447 [31mce_loss_eog : 0.526803 [31mtotal : 1.343711 [94mAcc_combined: 87.68 [94mAcc_eeg: 85.08 [94mAcc_eog: 82.02 [92mF1_combined: 79.04 [92mF1_eeg: 75.55 [92mF1_eog: 69.85 [92mK_combined: 0.8280 [92mK_eeg: 0.7922 [92mK_eog: 0.7467 [34mF1_perclass_combined: [92.53, 41.1, 88.4, 85.85, 87.32] [34mF1_perclass_eeg: [89.93, 35.3, 86.45, 85.41, 80.67] [34mF1_perclass_eog: [88.44, 18.0, 82.54, 76.39, 83.9] 
[37mEpoch 3 step 352 with [31mce_loss_combined : 0.344048 [31mce_loss_eeg : 0.457302 [31mce_loss_eog : 0.525688 [31mtotal : 1.327038 [94mAcc_combined: 87.77 [94mAcc_eeg: 85.41 [94mAcc_eog: 82.16 [92mF1_combined: 77.43 [92mF1_eeg: 75.00 [92mF1_eog: 68.99 [92mK_combined: 0.8288 [92mK_eeg: 0.7958 [92mK_eog: 0.7486 [34mF1_perclass_combined: [92.75, 32.1, 88.23, 86.27, 87.79] [34mF1_perclass_eeg: [90.53, 31.0, 86.52, 85.56, 81.39] [34mF1_perclass_eog: [88.72, 12.55, 82.4, 77.27, 84.01] 
[37mEpoch 3 step 354 with [31mce_loss_combined : 0.342506 [31mce_loss_eeg : 0.456905 [31mce_loss_eog : 0.523608 [31mtotal : 1.323018 [94mAcc_combined: 87.85 [94mAcc_eeg: 85.38 [94mAcc_eog: 82.21 [92mF1_combined: 78.83 [92mF1_eeg: 75.88 [92mF1_eog: 70.13 [92mK_combined: 0.8304 [92mK_eeg: 0.7959 [92mK_eog: 0.7498 [34mF1_perclass_combined: [92.8, 38.85, 88.32, 86.34, 87.84] [34mF1_perclass_eeg: [90.27, 35.66, 86.59, 85.87, 81.03] [34mF1_perclass_eog: [88.72, 18.38, 82.62, 77.08, 83.85] 
[37mEpoch 3 step 355 with [31mce_loss_combined : 0.341444 [31mce_loss_eeg : 0.456485 [31mce_loss_eog : 0.524352 [31mtotal : 1.322281 [94mAcc_combined: 87.83 [94mAcc_eeg: 85.37 [94mAcc_eog: 82.18 [92mF1_combined: 78.50 [92mF1_eeg: 75.41 [92mF1_eog: 69.60 [92mK_combined: 0.8301 [92mK_eeg: 0.7959 [92mK_eog: 0.7487 [34mF1_perclass_combined: [92.72, 37.34, 88.31, 86.36, 87.78] [34mF1_perclass_eeg: [90.39, 33.09, 86.48, 85.95, 81.13] [34mF1_perclass_eog: [88.8, 16.08, 82.61, 76.66, 83.83] 
[37mEpoch 3 step 362 with [31mce_loss_combined : 0.342720 [31mce_loss_eeg : 0.452897 [31mce_loss_eog : 0.525458 [31mtotal : 1.321074 [94mAcc_combined: 87.85 [94mAcc_eeg: 85.52 [94mAcc_eog: 81.95 [92mF1_combined: 78.94 [92mF1_eeg: 75.99 [92mF1_eog: 69.57 [92mK_combined: 0.8303 [92mK_eeg: 0.7976 [92mK_eog: 0.7451 [34mF1_perclass_combined: [92.88, 39.58, 88.37, 86.06, 87.8] [34mF1_perclass_eeg: [90.71, 35.44, 86.6, 85.51, 81.68] [34mF1_perclass_eog: [88.78, 17.31, 82.51, 75.56, 83.71] 
[37mEpoch 3 step 364 with [31mce_loss_combined : 0.343546 [31mce_loss_eeg : 0.452853 [31mce_loss_eog : 0.523327 [31mtotal : 1.319726 [94mAcc_combined: 87.84 [94mAcc_eeg: 85.52 [94mAcc_eog: 82.06 [92mF1_combined: 79.55 [92mF1_eeg: 76.40 [92mF1_eog: 70.36 [92mK_combined: 0.8306 [92mK_eeg: 0.7982 [92mK_eog: 0.7471 [34mF1_perclass_combined: [92.72, 42.75, 88.4, 86.13, 87.76] [34mF1_perclass_eeg: [90.64, 37.42, 86.6, 85.46, 81.86] [34mF1_perclass_eog: [88.86, 20.84, 82.61, 75.59, 83.93] 
[37mEpoch 3 step 365 with [31mce_loss_combined : 0.343435 [31mce_loss_eeg : 0.452861 [31mce_loss_eog : 0.520357 [31mtotal : 1.316653 [94mAcc_combined: 87.83 [94mAcc_eeg: 85.57 [94mAcc_eog: 82.25 [92mF1_combined: 79.57 [92mF1_eeg: 76.43 [92mF1_eog: 70.34 [92mK_combined: 0.8307 [92mK_eeg: 0.7991 [92mK_eog: 0.7499 [34mF1_perclass_combined: [92.73, 42.77, 88.36, 86.21, 87.75] [34mF1_perclass_eeg: [90.63, 37.27, 86.61, 85.64, 82.01] [34mF1_perclass_eog: [88.96, 19.39, 82.66, 76.6, 84.07] 
[37mEpoch 3 step 370 with [31mce_loss_combined : 0.342192 [31mce_loss_eeg : 0.451307 [31mce_loss_eog : 0.523123 [31mtotal : 1.316622 [94mAcc_combined: 87.89 [94mAcc_eeg: 85.68 [94mAcc_eog: 82.04 [92mF1_combined: 79.62 [92mF1_eeg: 76.66 [92mF1_eog: 70.33 [92mK_combined: 0.8316 [92mK_eeg: 0.8005 [92mK_eog: 0.7467 [34mF1_perclass_combined: [92.87, 42.78, 88.38, 86.29, 87.77] [34mF1_perclass_eeg: [90.78, 37.94, 86.69, 85.81, 82.09] [34mF1_perclass_eog: [88.9, 20.9, 82.61, 75.18, 84.05] 
[37mEpoch 3 step 371 with [31mce_loss_combined : 0.342268 [31mce_loss_eeg : 0.451367 [31mce_loss_eog : 0.522321 [31mtotal : 1.315956 [94mAcc_combined: 87.89 [94mAcc_eeg: 85.68 [94mAcc_eog: 82.10 [92mF1_combined: 79.62 [92mF1_eeg: 76.61 [92mF1_eog: 70.39 [92mK_combined: 0.8316 [92mK_eeg: 0.8005 [92mK_eog: 0.7475 [34mF1_perclass_combined: [92.84, 42.74, 88.36, 86.31, 87.83] [34mF1_perclass_eeg: [90.76, 37.63, 86.66, 85.82, 82.18] [34mF1_perclass_eog: [88.9, 20.89, 82.67, 75.33, 84.14] 
[37mEpoch 3 step 377 with [31mce_loss_combined : 0.342531 [31mce_loss_eeg : 0.451354 [31mce_loss_eog : 0.521696 [31mtotal : 1.315582 [94mAcc_combined: 87.85 [94mAcc_eeg: 85.65 [94mAcc_eog: 82.12 [92mF1_combined: 79.33 [92mF1_eeg: 76.36 [92mF1_eog: 70.17 [92mK_combined: 0.8306 [92mK_eeg: 0.7998 [92mK_eog: 0.7477 [34mF1_perclass_combined: [92.82, 41.59, 88.39, 86.02, 87.8] [34mF1_perclass_eeg: [90.78, 36.63, 86.68, 85.5, 82.2] [34mF1_perclass_eog: [88.85, 19.74, 82.69, 75.37, 84.2] 
[37mEpoch 3 step 378 with [31mce_loss_combined : 0.342323 [31mce_loss_eeg : 0.451114 [31mce_loss_eog : 0.521497 [31mtotal : 1.314934 [94mAcc_combined: 87.84 [94mAcc_eeg: 85.66 [94mAcc_eog: 82.14 [92mF1_combined: 79.29 [92mF1_eeg: 76.37 [92mF1_eog: 70.15 [92mK_combined: 0.8305 [92mK_eeg: 0.7999 [92mK_eog: 0.7480 [34mF1_perclass_combined: [92.83, 41.41, 88.37, 86.02, 87.82] [34mF1_perclass_eeg: [90.79, 36.65, 86.68, 85.52, 82.21] [34mF1_perclass_eog: [88.84, 19.48, 82.72, 75.45, 84.25] 
[37mEpoch 3 step 379 with [31mce_loss_combined : 0.342251 [31mce_loss_eeg : 0.451089 [31mce_loss_eog : 0.521255 [31mtotal : 1.314595 [94mAcc_combined: 87.86 [94mAcc_eeg: 85.66 [94mAcc_eog: 82.14 [92mF1_combined: 79.33 [92mF1_eeg: 76.37 [92mF1_eog: 70.11 [92mK_combined: 0.8307 [92mK_eeg: 0.7999 [92mK_eog: 0.7480 [34mF1_perclass_combined: [92.82, 41.55, 88.39, 86.05, 87.84] [34mF1_perclass_eeg: [90.79, 36.62, 86.69, 85.52, 82.24] [34mF1_perclass_eog: [88.82, 19.25, 82.72, 75.52, 84.23] 
[37mEpoch 3 step 380 with [31mce_loss_combined : 0.342193 [31mce_loss_eeg : 0.451067 [31mce_loss_eog : 0.521222 [31mtotal : 1.314482 [94mAcc_combined: 87.87 [94mAcc_eeg: 85.67 [94mAcc_eog: 82.14 [92mF1_combined: 79.33 [92mF1_eeg: 76.37 [92mF1_eog: 70.07 [92mK_combined: 0.8309 [92mK_eeg: 0.8000 [92mK_eog: 0.7479 [34mF1_perclass_combined: [92.82, 41.51, 88.4, 86.08, 87.84] [34mF1_perclass_eeg: [90.8, 36.6, 86.69, 85.53, 82.25] [34mF1_perclass_eog: [88.82, 19.1, 82.71, 75.52, 84.22] 
[37mEpoch 3 step 381 with [31mce_loss_combined : 0.342130 [31mce_loss_eeg : 0.451037 [31mce_loss_eog : 0.521171 [31mtotal : 1.314338 [94mAcc_combined: 87.87 [94mAcc_eeg: 85.66 [94mAcc_eog: 82.15 [92mF1_combined: 79.33 [92mF1_eeg: 76.37 [92mF1_eog: 70.08 [92mK_combined: 0.8309 [92mK_eeg: 0.7999 [92mK_eog: 0.7481 [34mF1_perclass_combined: [92.82, 41.5, 88.4, 86.09, 87.85] [34mF1_perclass_eeg: [90.79, 36.62, 86.67, 85.52, 82.24] [34mF1_perclass_eog: [88.82, 19.1, 82.72, 75.55, 84.23] 
[37mEpoch 3 step 382 with [31mce_loss_combined : 0.342119 [31mce_loss_eeg : 0.451032 [31mce_loss_eog : 0.521170 [31mtotal : 1.314322 [94mAcc_combined: 87.88 [94mAcc_eeg: 85.66 [94mAcc_eog: 82.15 [92mF1_combined: 79.34 [92mF1_eeg: 76.36 [92mF1_eog: 70.08 [92mK_combined: 0.8310 [92mK_eeg: 0.7999 [92mK_eog: 0.7480 [34mF1_perclass_combined: [92.82, 41.5, 88.41, 86.1, 87.86] [34mF1_perclass_eeg: [90.8, 36.56, 86.68, 85.52, 82.23] [34mF1_perclass_eog: [88.82, 19.1, 82.72, 75.55, 84.23] 
[37mEpoch 5 step 586 with [31mce_loss_combined : 0.344389 [31mce_loss_eeg : 0.443347 [31mce_loss_eog : 0.508179 [31mtotal : 1.295915 [94mAcc_combined: 87.83 [94mAcc_eeg: 85.55 [94mAcc_eog: 82.22 [92mF1_combined: 79.36 [92mF1_eeg: 76.55 [92mF1_eog: 70.32 [92mK_combined: 0.8310 [92mK_eeg: 0.7996 [92mK_eog: 0.7505 [34mF1_perclass_combined: [92.66, 41.59, 88.4, 86.29, 87.85] [34mF1_perclass_eeg: [90.05, 37.87, 86.66, 86.16, 82.0] [34mF1_perclass_eog: [88.74, 20.12, 82.76, 76.31, 83.69] 
[37mEpoch 5 step 588 with [31mce_loss_combined : 0.339897 [31mce_loss_eeg : 0.434038 [31mce_loss_eog : 0.513042 [31mtotal : 1.286977 [94mAcc_combined: 87.82 [94mAcc_eeg: 85.94 [94mAcc_eog: 82.10 [92mF1_combined: 79.12 [92mF1_eeg: 76.78 [92mF1_eog: 70.18 [92mK_combined: 0.8309 [92mK_eeg: 0.8046 [92mK_eog: 0.7478 [34mF1_perclass_combined: [93.05, 40.13, 88.17, 86.59, 87.65] [34mF1_perclass_eeg: [91.21, 36.98, 86.72, 86.33, 82.67] [34mF1_perclass_eog: [88.76, 19.72, 82.72, 75.73, 83.96] 
[37mEpoch 5 step 603 with [31mce_loss_combined : 0.344673 [31mce_loss_eeg : 0.432138 [31mce_loss_eog : 0.506021 [31mtotal : 1.282831 [94mAcc_combined: 87.81 [94mAcc_eeg: 86.12 [94mAcc_eog: 82.39 [92mF1_combined: 79.46 [92mF1_eeg: 77.31 [92mF1_eog: 70.66 [92mK_combined: 0.8309 [92mK_eeg: 0.8073 [92mK_eog: 0.7526 [34mF1_perclass_combined: [93.05, 42.42, 88.3, 86.35, 87.17] [34mF1_perclass_eeg: [91.28, 39.03, 86.9, 86.2, 83.12] [34mF1_perclass_eog: [89.17, 20.53, 82.88, 76.57, 84.17] 
[37mEpoch 5 step 611 with [31mce_loss_combined : 0.339889 [31mce_loss_eeg : 0.430572 [31mce_loss_eog : 0.506031 [31mtotal : 1.276492 [94mAcc_combined: 87.86 [94mAcc_eeg: 86.03 [94mAcc_eog: 82.51 [92mF1_combined: 78.75 [92mF1_eeg: 76.23 [92mF1_eog: 69.73 [92mK_combined: 0.8309 [92mK_eeg: 0.8053 [92mK_eog: 0.7539 [34mF1_perclass_combined: [92.98, 38.29, 88.12, 86.39, 87.96] [34mF1_perclass_eeg: [91.29, 33.98, 86.74, 86.15, 82.99] [34mF1_perclass_eog: [89.41, 14.94, 82.62, 77.4, 84.27] 
