000 (1055.004.000) 2023-01-11 13:44:02 Job submitted from host: <10.87.28.129:9618?addrs=10.87.28.129-9618&alias=timmermans.esat.kuleuven.be&noUDP&sock=schedd_2124_773f>
...
001 (1055.004.000) 2023-01-14 16:16:43 Job executing on host: <10.87.24.51:9618?addrs=10.87.24.51-9618&alias=spchcl18.esat.kuleuven.be&noUDP&sock=startd_3964_8d81>
...
006 (1055.004.000) 2023-01-14 16:16:52 Image size of job updated: 7112
	5  -  MemoryUsage of job (MB)
	4184  -  ResidentSetSize of job (KB)
...
006 (1055.004.000) 2023-01-14 16:21:46 Image size of job updated: 220770960
	5  -  MemoryUsage of job (MB)
	4184  -  ResidentSetSize of job (KB)
...
005 (1055.004.000) 2023-01-14 16:21:46 Job terminated.
	(1) Normal termination (return value 0)
		Usr 0 00:01:16, Sys 0 00:00:43  -  Run Remote Usage
		Usr 0 00:00:00, Sys 0 00:00:00  -  Run Local Usage
		Usr 0 00:01:16, Sys 0 00:00:43  -  Total Remote Usage
		Usr 0 00:00:00, Sys 0 00:00:00  -  Total Local Usage
	0  -  Run Bytes Sent By Job
	0  -  Run Bytes Received By Job
	0  -  Total Bytes Sent By Job
	0  -  Total Bytes Received By Job
	Partitionable Resources :    Usage  Request Allocated Assigned
	   Cpus                 :     0.04       16        16 
	   Disk (KB)            :     1           1    275681 
	   Gpus (Average)       :     0           1         1 "CUDA0"
	   GpusMemory (MB)      :    75                       
	   Memory (MB)          :     5       16384     16384 

	Job terminated of its own accord at 2023-01-14T15:21:46Z.
...
