000 (1055.005.000) 2023-01-11 13:44:02 Job submitted from host: <10.87.28.129:9618?addrs=10.87.28.129-9618&alias=timmermans.esat.kuleuven.be&noUDP&sock=schedd_2124_773f>
...
001 (1055.005.000) 2023-01-14 16:21:47 Job executing on host: <10.87.24.51:9618?addrs=10.87.24.51-9618&alias=spchcl18.esat.kuleuven.be&noUDP&sock=startd_3964_8d81>
...
006 (1055.005.000) 2023-01-14 16:21:55 Image size of job updated: 184740
	181  -  MemoryUsage of job (MB)
	184736  -  ResidentSetSize of job (KB)
...
006 (1055.005.000) 2023-01-14 16:22:53 Image size of job updated: 221013624
	181  -  MemoryUsage of job (MB)
	184736  -  ResidentSetSize of job (KB)
...
005 (1055.005.000) 2023-01-14 16:22:53 Job terminated.
	(1) Normal termination (return value 0)
		Usr 0 00:01:24, Sys 0 00:00:44  -  Run Remote Usage
		Usr 0 00:00:00, Sys 0 00:00:00  -  Run Local Usage
		Usr 0 00:01:24, Sys 0 00:00:44  -  Total Remote Usage
		Usr 0 00:00:00, Sys 0 00:00:00  -  Total Local Usage
	0  -  Run Bytes Sent By Job
	0  -  Run Bytes Received By Job
	0  -  Total Bytes Sent By Job
	0  -  Total Bytes Received By Job
	Partitionable Resources :    Usage  Request Allocated Assigned
	   Cpus                 :                16        16 
	   Disk (KB)            :        1        1    275681 
	   Gpus (Average)       :                 1         1 "CUDA0"
	   Memory (MB)          :      181    16384     16384 

	Job terminated of its own accord at 2023-01-14T15:22:53Z.
...
