Starting Job
/users/sista/kkontras/Documents/Sleep_Project/main_paper_4.py
/esat/smcdata/users/kkontras/Image_Dataset/no_backup/envs/gl_env/bin/python
Python 3.7.10
/users/sista/kkontras/Documents/Sleep_Project
0
 THE Configuration of your experiment ..
{'agent': 'Sleep_Agent_Init_Train',
 'augmentation': {},
 'channel': 0,
 'dataset': {'cache_datasets': {'test': False, 'train': False, 'valid': False},
             'data_roots': '/esat/biomeddata/SHHS_Dataset/no_backup',
             'data_split': {'fold': 0,
                            'fold_size': 7,
                            'folds_file': '/users/sista/kkontras/Documents/Huy_shhs1/HUY '
                                          'SHHS1 CODE/data_split_eval.mat',
                            'rand_split': 0,
                            'rand_splits': 13,
                            'split_method': 'patients_huy',
                            'test_split_rate': 0.3,
                            'val_patient_num': 3,
                            'val_split_rate': 0.01692},
             'data_view_dir': [{'data_type': 'stft',
                                'list_dir': 'patient_mat_list.txt',
                                'mod': 'eeg',
                                'num_ch': 1},
                               {'data_type': 'stft',
                                'list_dir': 'patient_eog_mat_list.txt',
                                'mod': 'eog',
                                'num_ch': 1}],
             'dataloader_class': 'SleepDataLoader_mat_huy',
             'huy_data': True,
             'inner_overlap': [0.5, 0.5],
             'keep_view': [1, 0],
             'seq_length': [60, 0],
             'seq_views': [False],
             'shuffle_train': True},
 'early_stopping': {'log_interval': 10,
                    'max_epoch': 1000,
                    'n_steps_stop': 250,
                    'n_steps_stop_after': 400,
                    'save_every': 1,
                    'validate_after': 0,
                    'validate_every': 400},
 'exp_name': 'Sleep EEG-EOG BLIP Experiment',
 'lr_finder': False,
 'lr_finder_steps': 100,
 'mode': 'train',
 'model': {'args': {'augment_within': False,
                    'dmodel': 128,
                    'dropout': 0.3,
                    'fc_inner': 1024,
                    'ignore_alignment_val': True,
                    'multi_loss': {'multi_loss_weights': {'alignment_loss': 0.1,
                                                          'multi_supervised_loss': {'combined': 1,
                                                                                    'eeg': 1,
                                                                                    'eog': 1},
                                                          'order_loss': 0}},
                    'num_classes': 5,
                    'shared_pred': False,
                    'three_modes': True,
                    'training_type': 'alignment_order_multisupervised'},
           'encoders': [{'args': {'align_inner': True,
                                  'd_model': 128,
                                  'dim_feedforward': 1024,
                                  'dim_proj': 128,
                                  'dropout': 0.3,
                                  'inner_biased': False,
                                  'mod_token': False,
                                  'num_heads': 8,
                                  'num_layers': 4,
                                  'outer_biased': False,
                                  'outer_rep': False,
                                  'pos': False,
                                  'rpos': True,
                                  'shared': True,
                                  'skip_random_mod': False},
                         'encoders': [],
                         'freeze_encoder': False,
                         'model': 'SleepEnc_BLIP_EEG_EOG_shared_free_cliplike',
                         'pretrainedEncoder': {'dir': '', 'use': False},
                         'savetrainedEncoder': {'dir': '', 'save': False}}],
           'load_ongoing': False,
           'model_class': 'EEG_SLEEP_BLIP_GM_MultiMode',
           'pretrained_model': {'dir': '', 'use': False},
           'save_dir': '/esat/smcdata/users/kkontras/Image_Dataset/no_backup/data/2021_data/shhs1/multi_modal/paper_models/fourier_transformer_eeg_eog_mat_BLIP_al01_shared_b16_freetrain_rpos_nopos_nonsharedpreds_drop03_aligninner_al60_trial2.pth.tar'},
 'normalization': {'calculate_metrics': False,
                   'dir': '/esat/biomeddata/SHHS_Dataset/no_backup/metrics_eeg_eog_emg_stft.pkl',
                   'metrics_type': 'train_dataset',
                   'save_metrics': False,
                   'use': True},
 'num_classes': 5,
 'num_modalities': 1,
 'optimizer': {'beta1': 0.9,
               'beta2': 0.999,
               'learning_rate': 0.0001,
               'momentum': 0.2,
               'type': 'Adam',
               'weight_decay': 0.0001},
 'plots': {'plot_stft_num': 0, 'save': False},
 'post_proc': {'post_proc_step': 15,
               'test_postprocessing': False,
               'val_postprocessing': False},
 'scheduler': {'max_lr': 0.03, 'type': 'cosanneal', 'warm_up': 55},
 'statistics': {'ce_weights': {'temp': 0.1, 'use': False}, 'print': False},
 'training_params': {'adversarial_training': {'adv_epsilon': 0.01,
                                              'use': False},
                     'async_loading': True,
                     'batch_size': 16,
                     'cuda': True,
                     'data_loader_workers': 8,
                     'gpu_device': [0],
                     'pin_memory': True,
                     'rec_test': False,
                     'res': True,
                     'seed': 35,
                     'tdqm_disable': True,
                     'test_batch_size': 16,
                     'test_on_tops': True,
                     'use_test_set': True,
                     'validation': True,
                     'verbose': True,
                     'wandb_disable': False}}
 *************************************** 
The experiment name is Sleep EEG-EOG BLIP Experiment
 *************************************** 
We are splitting dataset by huy splits
{'use_type': False, 'skip_skips': True}
{'use_type': False, 'skip_skips': True}
{'use_type': False, 'skip_skips': True}
{'use_type': False, 'skip_skips': True}
Loading metrics from /esat/biomeddata/SHHS_Dataset/no_backup/metrics_eeg_eog_emg_stft.pkl
Weights are [1. 1. 1. 1. 1.]
3875
400
10
tensor([1., 1., 1., 1., 1.], device='cuda:0')
We are not shuffling the data
Training function is sleep_train_one_step_alignment_order_multisupervised
Loss Weights are {'combined': 1, 'eeg': 1, 'eog': 1, 'alignments': 0.1, 'order': 0, 'consistency': 0, 'reconstruction': 0}
We are not shuffling the data
<class 'graphs.models.attention_models.BLIP.SleepEnc_BLIP_EEG_EOG_shared_free_cliplike'>
Total number of trainable parameters are: 10001935
Available cuda devices: 1, current device:0
Total number of trainable parameters are: 10001935
[37mEpoch 0 step 1 with [31mce_loss_combined : 0.614576 [31mce_loss_eeg : 1.123920 [31mce_loss_eog : 1.146274 [31mtotal : 2.884769 [94mAcc_combined: 78.56 [94mAcc_eeg: 70.93 [94mAcc_eog: 71.35 [92mF1_combined: 62.02 [92mF1_eeg: 51.12 [92mF1_eog: 54.23 [92mK_combined: 0.6905 [92mK_eeg: 0.5689 [92mK_eog: 0.5813 [34mF1_perclass_combined: [84.06, 1.9, 82.11, 73.96, 68.07] [34mF1_perclass_eeg: [82.65, 0.0, 75.32, 52.85, 44.79] [34mF1_perclass_eog: [79.25, 0.0, 75.6, 64.68, 51.59] 
[37mEpoch 0 step 2 with [31mce_loss_combined : 0.528226 [31mce_loss_eeg : 1.030459 [31mce_loss_eog : 1.063388 [31mtotal : 2.622072 [94mAcc_combined: 81.09 [94mAcc_eeg: 78.32 [94mAcc_eog: 75.28 [92mF1_combined: 67.88 [92mF1_eeg: 62.85 [92mF1_eog: 60.38 [92mK_combined: 0.7376 [92mK_eeg: 0.6980 [92mK_eog: 0.6551 [34mF1_perclass_combined: [85.93, 10.77, 81.85, 80.24, 80.59] [34mF1_perclass_eeg: [84.42, 0.0, 79.63, 81.17, 69.01] [34mF1_perclass_eog: [80.26, 0.0, 76.94, 74.05, 70.64] 
[37mEpoch 0 step 3 with [31mce_loss_combined : 0.441887 [31mce_loss_eeg : 0.980726 [31mce_loss_eog : 1.032811 [31mtotal : 2.455425 [94mAcc_combined: 84.59 [94mAcc_eeg: 80.74 [94mAcc_eog: 75.88 [92mF1_combined: 72.80 [92mF1_eeg: 65.18 [92mF1_eog: 61.71 [92mK_combined: 0.7855 [92mK_eeg: 0.7338 [92mK_eog: 0.6615 [34mF1_perclass_combined: [90.1, 20.16, 84.96, 84.02, 84.76] [34mF1_perclass_eeg: [87.94, 0.0, 81.43, 83.38, 73.12] [34mF1_perclass_eog: [80.64, 0.0, 76.22, 74.58, 77.12] 
[37mEpoch 0 step 4 with [31mce_loss_combined : 0.455027 [31mce_loss_eeg : 0.956202 [31mce_loss_eog : 1.015725 [31mtotal : 2.426954 [94mAcc_combined: 83.84 [94mAcc_eeg: 80.89 [94mAcc_eog: 76.12 [92mF1_combined: 70.12 [92mF1_eeg: 64.63 [92mF1_eog: 60.49 [92mK_combined: 0.7702 [92mK_eeg: 0.7270 [92mK_eog: 0.6584 [34mF1_perclass_combined: [88.96, 12.57, 85.08, 78.47, 85.53] [34mF1_perclass_eeg: [86.35, 0.0, 82.67, 80.59, 73.56] [34mF1_perclass_eog: [79.76, 0.0, 79.25, 66.55, 76.89] 
[37mEpoch 0 step 5 with [31mce_loss_combined : 0.402766 [31mce_loss_eeg : 0.915985 [31mce_loss_eog : 0.959213 [31mtotal : 2.277964 [94mAcc_combined: 85.85 [94mAcc_eeg: 82.99 [94mAcc_eog: 79.57 [92mF1_combined: 74.79 [92mF1_eeg: 67.29 [92mF1_eog: 64.49 [92mK_combined: 0.8006 [92mK_eeg: 0.7611 [92mK_eog: 0.7118 [34mF1_perclass_combined: [90.72, 26.41, 86.93, 83.15, 86.72] [34mF1_perclass_eeg: [87.75, 1.42, 84.26, 82.65, 80.39] [34mF1_perclass_eog: [83.37, 0.0, 80.72, 75.26, 83.12] 
[37mEpoch 0 step 6 with [31mce_loss_combined : 0.386005 [31mce_loss_eeg : 0.893647 [31mce_loss_eog : 0.935119 [31mtotal : 2.214771 [94mAcc_combined: 86.43 [94mAcc_eeg: 83.13 [94mAcc_eog: 79.87 [92mF1_combined: 75.76 [92mF1_eeg: 67.53 [92mF1_eog: 65.04 [92mK_combined: 0.8108 [92mK_eeg: 0.7648 [92mK_eog: 0.7162 [34mF1_perclass_combined: [90.86, 28.1, 87.09, 84.88, 87.87] [34mF1_perclass_eeg: [88.24, 1.62, 84.59, 83.99, 79.22] [34mF1_perclass_eog: [83.77, 0.0, 80.45, 76.72, 84.24] 
[37mEpoch 0 step 7 with [31mce_loss_combined : 0.394042 [31mce_loss_eeg : 0.863906 [31mce_loss_eog : 0.926168 [31mtotal : 2.184116 [94mAcc_combined: 85.78 [94mAcc_eeg: 84.06 [94mAcc_eog: 79.19 [92mF1_combined: 76.77 [92mF1_eeg: 70.28 [92mF1_eog: 63.95 [92mK_combined: 0.8011 [92mK_eeg: 0.7762 [92mK_eog: 0.7048 [34mF1_perclass_combined: [89.41, 34.61, 86.75, 84.57, 88.49] [34mF1_perclass_eeg: [88.68, 10.84, 85.11, 83.62, 83.13] [34mF1_perclass_eog: [83.13, 0.0, 80.75, 73.25, 82.6] 
[37mEpoch 0 step 8 with [31mce_loss_combined : 0.382108 [31mce_loss_eeg : 0.839442 [31mce_loss_eog : 0.919347 [31mtotal : 2.140897 [94mAcc_combined: 86.31 [94mAcc_eeg: 84.63 [94mAcc_eog: 78.74 [92mF1_combined: 77.89 [92mF1_eeg: 72.77 [92mF1_eog: 62.05 [92mK_combined: 0.8073 [92mK_eeg: 0.7840 [92mK_eog: 0.6945 [34mF1_perclass_combined: [91.33, 41.36, 86.9, 80.3, 89.56] [34mF1_perclass_eeg: [89.21, 22.2, 85.73, 83.04, 83.67] [34mF1_perclass_eog: [85.83, 0.06, 80.24, 58.56, 85.57] 
[37mEpoch 0 step 9 with [31mce_loss_combined : 0.371150 [31mce_loss_eeg : 0.829395 [31mce_loss_eog : 0.877879 [31mtotal : 2.078424 [94mAcc_combined: 87.28 [94mAcc_eeg: 84.49 [94mAcc_eog: 80.84 [92mF1_combined: 78.94 [92mF1_eeg: 73.89 [92mF1_eog: 65.65 [92mK_combined: 0.8229 [92mK_eeg: 0.7828 [92mK_eog: 0.7284 [34mF1_perclass_combined: [91.32, 41.23, 87.96, 85.0, 89.19] [34mF1_perclass_eeg: [88.43, 28.44, 85.83, 84.15, 82.6] [34mF1_perclass_eog: [85.6, 0.44, 81.51, 75.09, 85.59] 
[37mEpoch 1 step 11 with [31mce_loss_combined : 0.375448 [31mce_loss_eeg : 0.797542 [31mce_loss_eog : 0.847740 [31mtotal : 2.020730 [94mAcc_combined: 86.65 [94mAcc_eeg: 84.32 [94mAcc_eog: 81.07 [92mF1_combined: 79.48 [92mF1_eeg: 75.26 [92mF1_eog: 66.47 [92mK_combined: 0.8166 [92mK_eeg: 0.7837 [92mK_eog: 0.7336 [34mF1_perclass_combined: [91.64, 46.09, 86.57, 84.35, 88.75] [34mF1_perclass_eeg: [88.63, 35.0, 84.69, 83.96, 84.03] [34mF1_perclass_eog: [85.19, 4.37, 82.37, 77.12, 83.3] 
[37mEpoch 1 step 12 with [31mce_loss_combined : 0.349828 [31mce_loss_eeg : 0.773227 [31mce_loss_eog : 0.829595 [31mtotal : 1.952649 [94mAcc_combined: 87.73 [94mAcc_eeg: 85.15 [94mAcc_eog: 80.96 [92mF1_combined: 76.86 [92mF1_eeg: 75.67 [92mF1_eog: 65.82 [92mK_combined: 0.8285 [92mK_eeg: 0.7934 [92mK_eog: 0.7298 [34mF1_perclass_combined: [92.42, 28.45, 87.92, 85.48, 90.02] [34mF1_perclass_eeg: [90.21, 34.16, 85.72, 84.58, 83.7] [34mF1_perclass_eog: [86.32, 2.08, 81.88, 73.55, 85.25] 
[37mEpoch 1 step 13 with [31mce_loss_combined : 0.369068 [31mce_loss_eeg : 0.756525 [31mce_loss_eog : 0.819334 [31mtotal : 1.944927 [94mAcc_combined: 86.98 [94mAcc_eeg: 85.19 [94mAcc_eog: 81.06 [92mF1_combined: 77.77 [92mF1_eeg: 75.83 [92mF1_eog: 66.21 [92mK_combined: 0.8159 [92mK_eeg: 0.7918 [92mK_eog: 0.7302 [34mF1_perclass_combined: [92.43, 37.89, 87.32, 81.41, 89.79] [34mF1_perclass_eeg: [89.96, 35.37, 86.0, 82.57, 85.24] [34mF1_perclass_eog: [85.91, 3.99, 82.15, 73.07, 85.94] 
[37mEpoch 1 step 14 with [31mce_loss_combined : 0.357392 [31mce_loss_eeg : 0.751113 [31mce_loss_eog : 0.791105 [31mtotal : 1.899611 [94mAcc_combined: 86.83 [94mAcc_eeg: 84.99 [94mAcc_eog: 82.28 [92mF1_combined: 79.19 [92mF1_eeg: 76.38 [92mF1_eog: 67.87 [92mK_combined: 0.8181 [92mK_eeg: 0.7934 [92mK_eog: 0.7496 [34mF1_perclass_combined: [92.07, 43.33, 86.42, 84.48, 89.65] [34mF1_perclass_eeg: [90.33, 37.88, 85.01, 84.84, 83.85] [34mF1_perclass_eog: [88.02, 4.45, 82.16, 78.43, 86.31] 
[37mEpoch 1 step 16 with [31mce_loss_combined : 0.337646 [31mce_loss_eeg : 0.709827 [31mce_loss_eog : 0.771636 [31mtotal : 1.819110 [94mAcc_combined: 87.97 [94mAcc_eeg: 85.84 [94mAcc_eog: 81.91 [92mF1_combined: 80.65 [92mF1_eeg: 77.75 [92mF1_eog: 69.12 [92mK_combined: 0.8330 [92mK_eeg: 0.8025 [92mK_eog: 0.7439 [34mF1_perclass_combined: [92.42, 46.5, 88.66, 85.55, 90.1] [34mF1_perclass_eeg: [90.31, 41.8, 86.75, 84.34, 85.55] [34mF1_perclass_eog: [86.95, 13.0, 82.32, 76.17, 87.16] 
[37mEpoch 1 step 18 with [31mce_loss_combined : 0.330463 [31mce_loss_eeg : 0.682153 [31mce_loss_eog : 0.740993 [31mtotal : 1.753610 [94mAcc_combined: 88.10 [94mAcc_eeg: 86.07 [94mAcc_eog: 82.41 [92mF1_combined: 80.28 [92mF1_eeg: 77.85 [92mF1_eog: 70.17 [92mK_combined: 0.8341 [92mK_eeg: 0.8060 [92mK_eog: 0.7505 [34mF1_perclass_combined: [92.92, 44.11, 88.32, 86.02, 90.04] [34mF1_perclass_eeg: [90.6, 41.02, 86.52, 85.21, 85.93] [34mF1_perclass_eog: [88.03, 17.18, 83.01, 76.19, 86.45] 
[37mEpoch 2 step 20 with [31mce_loss_combined : 0.337891 [31mce_loss_eeg : 0.654723 [31mce_loss_eog : 0.726379 [31mtotal : 1.718993 [94mAcc_combined: 88.25 [94mAcc_eeg: 86.30 [94mAcc_eog: 82.04 [92mF1_combined: 80.72 [92mF1_eeg: 78.43 [92mF1_eog: 70.46 [92mK_combined: 0.8366 [92mK_eeg: 0.8086 [92mK_eog: 0.7467 [34mF1_perclass_combined: [92.69, 46.43, 88.66, 85.66, 90.17] [34mF1_perclass_eeg: [90.36, 43.22, 87.11, 84.76, 86.71] [34mF1_perclass_eog: [87.58, 21.84, 83.02, 72.89, 86.99] 
[37mEpoch 2 step 21 with [31mce_loss_combined : 0.331481 [31mce_loss_eeg : 0.644274 [31mce_loss_eog : 0.724664 [31mtotal : 1.700420 [94mAcc_combined: 88.27 [94mAcc_eeg: 86.42 [94mAcc_eog: 81.65 [92mF1_combined: 81.47 [92mF1_eeg: 79.07 [92mF1_eog: 69.82 [92mK_combined: 0.8378 [92mK_eeg: 0.8114 [92mK_eog: 0.7401 [34mF1_perclass_combined: [93.0, 49.55, 88.42, 86.13, 90.24] [34mF1_perclass_eeg: [90.61, 45.3, 86.92, 85.83, 86.68] [34mF1_perclass_eog: [88.54, 23.39, 82.62, 67.67, 86.87] 
[37mEpoch 2 step 22 with [31mce_loss_combined : 0.330429 [31mce_loss_eeg : 0.645301 [31mce_loss_eog : 0.712007 [31mtotal : 1.687737 [94mAcc_combined: 88.18 [94mAcc_eeg: 85.87 [94mAcc_eog: 81.90 [92mF1_combined: 79.60 [92mF1_eeg: 76.61 [92mF1_eog: 68.47 [92mK_combined: 0.8354 [92mK_eeg: 0.8011 [92mK_eog: 0.7439 [34mF1_perclass_combined: [93.11, 40.65, 88.06, 85.81, 90.38] [34mF1_perclass_eeg: [91.12, 36.16, 86.18, 84.8, 84.77] [34mF1_perclass_eog: [86.89, 10.01, 82.32, 75.72, 87.42] 
[37mEpoch 2 step 24 with [31mce_loss_combined : 0.346706 [31mce_loss_eeg : 0.637042 [31mce_loss_eog : 0.687223 [31mtotal : 1.670971 [94mAcc_combined: 87.75 [94mAcc_eeg: 84.83 [94mAcc_eog: 82.66 [92mF1_combined: 79.17 [92mF1_eeg: 75.84 [92mF1_eog: 70.74 [92mK_combined: 0.8277 [92mK_eeg: 0.7865 [92mK_eog: 0.7575 [34mF1_perclass_combined: [93.13, 42.27, 88.18, 81.93, 90.35] [34mF1_perclass_eeg: [91.06, 39.6, 85.54, 77.28, 85.74] [34mF1_perclass_eog: [88.06, 17.95, 83.07, 77.93, 86.71] 
[37mEpoch 2 step 25 with [31mce_loss_combined : 0.338720 [31mce_loss_eeg : 0.609520 [31mce_loss_eog : 0.669082 [31mtotal : 1.617322 [94mAcc_combined: 87.71 [94mAcc_eeg: 86.10 [94mAcc_eog: 82.76 [92mF1_combined: 80.31 [92mF1_eeg: 78.02 [92mF1_eog: 70.47 [92mK_combined: 0.8279 [92mK_eeg: 0.8051 [92mK_eog: 0.7557 [34mF1_perclass_combined: [92.74, 46.94, 88.29, 83.54, 90.03] [34mF1_perclass_eeg: [90.93, 42.7, 86.89, 82.52, 87.06] [34mF1_perclass_eog: [88.84, 18.05, 83.42, 74.62, 87.43] 
[37mEpoch 2 step 26 with [31mce_loss_combined : 0.326661 [31mce_loss_eeg : 0.599994 [31mce_loss_eog : 0.652956 [31mtotal : 1.579611 [94mAcc_combined: 88.27 [94mAcc_eeg: 86.28 [94mAcc_eog: 83.11 [92mF1_combined: 80.33 [92mF1_eeg: 78.15 [92mF1_eog: 71.60 [92mK_combined: 0.8357 [92mK_eeg: 0.8080 [92mK_eog: 0.7603 [34mF1_perclass_combined: [93.15, 44.67, 88.52, 85.18, 90.12] [34mF1_perclass_eeg: [90.59, 42.27, 87.13, 84.52, 86.25] [34mF1_perclass_eog: [89.5, 24.19, 83.93, 72.19, 88.19] 
[37mEpoch 2 step 28 with [31mce_loss_combined : 0.322558 [31mce_loss_eeg : 0.584521 [31mce_loss_eog : 0.638235 [31mtotal : 1.545314 [94mAcc_combined: 88.45 [94mAcc_eeg: 86.43 [94mAcc_eog: 83.43 [92mF1_combined: 79.32 [92mF1_eeg: 77.95 [92mF1_eog: 70.47 [92mK_combined: 0.8389 [92mK_eeg: 0.8106 [92mK_eog: 0.7691 [34mF1_perclass_combined: [93.11, 38.5, 88.59, 85.93, 90.45] [34mF1_perclass_eeg: [90.67, 40.18, 86.91, 85.5, 86.5] [34mF1_perclass_eog: [89.32, 13.29, 83.21, 78.42, 88.12] 
[37mEpoch 2 step 29 with [31mce_loss_combined : 0.337716 [31mce_loss_eeg : 0.577677 [31mce_loss_eog : 0.628559 [31mtotal : 1.543952 [94mAcc_combined: 88.24 [94mAcc_eeg: 86.31 [94mAcc_eog: 83.47 [92mF1_combined: 80.20 [92mF1_eeg: 78.32 [92mF1_eog: 73.45 [92mK_combined: 0.8366 [92mK_eeg: 0.8088 [92mK_eog: 0.7696 [34mF1_perclass_combined: [92.29, 43.49, 88.69, 86.03, 90.53] [34mF1_perclass_eeg: [90.48, 42.79, 87.24, 84.97, 86.13] [34mF1_perclass_eog: [89.0, 29.19, 83.8, 77.23, 88.02] 
[37mEpoch 3 step 30 with [31mce_loss_combined : 0.330952 [31mce_loss_eeg : 0.561388 [31mce_loss_eog : 0.629428 [31mtotal : 1.521768 [94mAcc_combined: 88.15 [94mAcc_eeg: 86.74 [94mAcc_eog: 83.07 [92mF1_combined: 81.03 [92mF1_eeg: 79.11 [92mF1_eog: 72.45 [92mK_combined: 0.8364 [92mK_eeg: 0.8159 [92mK_eog: 0.7637 [34mF1_perclass_combined: [93.23, 48.35, 88.23, 85.72, 89.63] [34mF1_perclass_eeg: [91.6, 45.14, 87.11, 84.68, 87.04] [34mF1_perclass_eog: [89.49, 27.28, 83.59, 75.92, 85.98] 
[37mEpoch 3 step 32 with [31mce_loss_combined : 0.329372 [31mce_loss_eeg : 0.549268 [31mce_loss_eog : 0.608689 [31mtotal : 1.487329 [94mAcc_combined: 88.59 [94mAcc_eeg: 86.80 [94mAcc_eog: 83.71 [92mF1_combined: 81.08 [92mF1_eeg: 79.10 [92mF1_eog: 72.80 [92mK_combined: 0.8414 [92mK_eeg: 0.8159 [92mK_eog: 0.7722 [34mF1_perclass_combined: [93.45, 47.29, 88.91, 85.59, 90.16] [34mF1_perclass_eeg: [91.61, 45.3, 87.4, 84.03, 87.15] [34mF1_perclass_eog: [89.49, 25.25, 84.08, 76.96, 88.22] 
[37mEpoch 3 step 34 with [31mce_loss_combined : 0.318539 [31mce_loss_eeg : 0.541657 [31mce_loss_eog : 0.593020 [31mtotal : 1.453215 [94mAcc_combined: 88.48 [94mAcc_eeg: 86.70 [94mAcc_eog: 83.83 [92mF1_combined: 80.45 [92mF1_eeg: 79.00 [92mF1_eog: 73.14 [92mK_combined: 0.8404 [92mK_eeg: 0.8155 [92mK_eog: 0.7743 [34mF1_perclass_combined: [93.24, 44.4, 88.75, 86.17, 89.71] [34mF1_perclass_eeg: [91.23, 44.77, 87.19, 85.16, 86.65] [34mF1_perclass_eog: [89.64, 26.11, 84.17, 77.99, 87.81] 
[37mEpoch 3 step 35 with [31mce_loss_combined : 0.332242 [31mce_loss_eeg : 0.527390 [31mce_loss_eog : 0.590581 [31mtotal : 1.450213 [94mAcc_combined: 88.59 [94mAcc_eeg: 87.12 [94mAcc_eog: 83.67 [92mF1_combined: 80.33 [92mF1_eeg: 78.75 [92mF1_eog: 71.82 [92mK_combined: 0.8413 [92mK_eeg: 0.8203 [92mK_eog: 0.7725 [34mF1_perclass_combined: [92.96, 43.03, 88.98, 86.32, 90.37] [34mF1_perclass_eeg: [91.14, 41.45, 87.66, 85.34, 88.18] [34mF1_perclass_eog: [89.44, 19.96, 83.8, 78.12, 87.8] 
[37mEpoch 3 step 36 with [31mce_loss_combined : 0.322555 [31mce_loss_eeg : 0.530101 [31mce_loss_eog : 0.577378 [31mtotal : 1.430034 [94mAcc_combined: 88.67 [94mAcc_eeg: 86.52 [94mAcc_eog: 84.13 [92mF1_combined: 81.65 [92mF1_eeg: 78.94 [92mF1_eog: 73.66 [92mK_combined: 0.8431 [92mK_eeg: 0.8127 [92mK_eog: 0.7788 [34mF1_perclass_combined: [93.21, 49.56, 88.8, 86.05, 90.63] [34mF1_perclass_eeg: [91.14, 45.53, 87.03, 84.3, 86.67] [34mF1_perclass_eog: [90.01, 27.17, 84.29, 78.51, 88.34] 
[37mEpoch 4 step 40 with [31mce_loss_combined : 0.315886 [31mce_loss_eeg : 0.507430 [31mce_loss_eog : 0.576324 [31mtotal : 1.399640 [94mAcc_combined: 88.46 [94mAcc_eeg: 86.83 [94mAcc_eog: 82.92 [92mF1_combined: 80.89 [92mF1_eeg: 78.56 [92mF1_eog: 72.31 [92mK_combined: 0.8394 [92mK_eeg: 0.8163 [92mK_eog: 0.7584 [34mF1_perclass_combined: [93.31, 46.24, 88.52, 86.06, 90.29] [34mF1_perclass_eeg: [91.3, 41.81, 87.31, 85.13, 87.25] [34mF1_perclass_eog: [89.17, 28.29, 83.84, 72.11, 88.12] 
[37mEpoch 4 step 44 with [31mce_loss_combined : 0.327186 [31mce_loss_eeg : 0.501357 [31mce_loss_eog : 0.561151 [31mtotal : 1.389693 [94mAcc_combined: 88.32 [94mAcc_eeg: 86.61 [94mAcc_eog: 82.87 [92mF1_combined: 78.18 [92mF1_eeg: 76.78 [92mF1_eog: 68.94 [92mK_combined: 0.8367 [92mK_eeg: 0.8122 [92mK_eog: 0.7563 [34mF1_perclass_combined: [93.42, 32.97, 88.4, 85.72, 90.39] [34mF1_perclass_eeg: [91.1, 33.52, 87.08, 84.84, 87.36] [34mF1_perclass_eog: [89.43, 9.48, 83.1, 74.18, 88.53] 
[37mEpoch 4 step 45 with [31mce_loss_combined : 0.318164 [31mce_loss_eeg : 0.488922 [31mce_loss_eog : 0.532428 [31mtotal : 1.339514 [94mAcc_combined: 88.84 [94mAcc_eeg: 86.70 [94mAcc_eog: 84.16 [92mF1_combined: 81.07 [92mF1_eeg: 78.49 [92mF1_eog: 73.62 [92mK_combined: 0.8449 [92mK_eeg: 0.8151 [92mK_eog: 0.7778 [34mF1_perclass_combined: [93.55, 46.24, 89.2, 86.23, 90.14] [34mF1_perclass_eeg: [90.84, 42.24, 87.43, 86.03, 85.92] [34mF1_perclass_eog: [90.41, 28.34, 84.56, 76.53, 88.27] 
[37mEpoch 4 step 46 with [31mce_loss_combined : 0.317784 [31mce_loss_eeg : 0.483559 [31mce_loss_eog : 0.536821 [31mtotal : 1.338163 [94mAcc_combined: 88.63 [94mAcc_eeg: 86.86 [94mAcc_eog: 83.96 [92mF1_combined: 80.83 [92mF1_eeg: 79.27 [92mF1_eog: 74.04 [92mK_combined: 0.8412 [92mK_eeg: 0.8168 [92mK_eog: 0.7744 [34mF1_perclass_combined: [93.3, 45.18, 88.89, 85.97, 90.79] [34mF1_perclass_eeg: [90.84, 44.79, 87.59, 85.82, 87.33] [34mF1_perclass_eog: [90.07, 30.87, 84.58, 76.08, 88.61] 
[37mEpoch 5 step 49 with [31mce_loss_combined : 0.317542 [31mce_loss_eeg : 0.466566 [31mce_loss_eog : 0.529524 [31mtotal : 1.313632 [94mAcc_combined: 88.61 [94mAcc_eeg: 87.19 [94mAcc_eog: 83.66 [92mF1_combined: 80.21 [92mF1_eeg: 78.81 [92mF1_eog: 71.47 [92mK_combined: 0.8408 [92mK_eeg: 0.8212 [92mK_eog: 0.7683 [34mF1_perclass_combined: [93.43, 42.52, 88.74, 86.41, 89.98] [34mF1_perclass_eeg: [91.78, 41.27, 87.42, 86.1, 87.45] [34mF1_perclass_eog: [90.16, 19.85, 84.08, 74.8, 88.44] 
[37mEpoch 5 step 51 with [31mce_loss_combined : 0.321729 [31mce_loss_eeg : 0.465411 [31mce_loss_eog : 0.525476 [31mtotal : 1.312616 [94mAcc_combined: 88.44 [94mAcc_eeg: 87.14 [94mAcc_eog: 83.83 [92mF1_combined: 80.96 [92mF1_eeg: 79.37 [92mF1_eog: 71.29 [92mK_combined: 0.8393 [92mK_eeg: 0.8209 [92mK_eog: 0.7718 [34mF1_perclass_combined: [93.37, 46.91, 88.47, 85.64, 90.39] [34mF1_perclass_eeg: [91.64, 44.39, 87.44, 85.53, 87.87] [34mF1_perclass_eog: [90.3, 17.37, 84.07, 76.68, 88.05] 
[37mEpoch 5 step 54 with [31mce_loss_combined : 0.322744 [31mce_loss_eeg : 0.465053 [31mce_loss_eog : 0.517080 [31mtotal : 1.304877 [94mAcc_combined: 88.28 [94mAcc_eeg: 86.54 [94mAcc_eog: 83.84 [92mF1_combined: 78.92 [92mF1_eeg: 77.27 [92mF1_eog: 70.28 [92mK_combined: 0.8364 [92mK_eeg: 0.8131 [92mK_eog: 0.7720 [34mF1_perclass_combined: [93.06, 37.28, 88.39, 85.03, 90.84] [34mF1_perclass_eeg: [91.13, 36.46, 86.74, 85.09, 86.95] [34mF1_perclass_eog: [90.5, 11.45, 83.75, 76.96, 88.73] 
[37mEpoch 5 step 55 with [31mce_loss_combined : 0.324833 [31mce_loss_eeg : 0.453104 [31mce_loss_eog : 0.524999 [31mtotal : 1.302936 [94mAcc_combined: 88.75 [94mAcc_eeg: 87.30 [94mAcc_eog: 83.09 [92mF1_combined: 81.47 [92mF1_eeg: 79.93 [92mF1_eog: 72.81 [92mK_combined: 0.8438 [92mK_eeg: 0.8238 [92mK_eog: 0.7604 [34mF1_perclass_combined: [93.23, 48.05, 89.08, 86.73, 90.27] [34mF1_perclass_eeg: [91.45, 46.24, 87.61, 86.48, 87.87] [34mF1_perclass_eog: [89.65, 31.07, 84.12, 71.19, 87.99] 
[37mEpoch 5 step 56 with [31mce_loss_combined : 0.318363 [31mce_loss_eeg : 0.446856 [31mce_loss_eog : 0.518751 [31mtotal : 1.283971 [94mAcc_combined: 88.58 [94mAcc_eeg: 87.26 [94mAcc_eog: 83.43 [92mF1_combined: 80.76 [92mF1_eeg: 79.10 [92mF1_eog: 72.69 [92mK_combined: 0.8410 [92mK_eeg: 0.8224 [92mK_eog: 0.7657 [34mF1_perclass_combined: [93.0, 45.26, 88.83, 86.39, 90.32] [34mF1_perclass_eeg: [91.41, 42.6, 87.71, 85.91, 87.87] [34mF1_perclass_eog: [89.72, 27.89, 84.15, 72.91, 88.81] 
[37mEpoch 5 step 57 with [31mce_loss_combined : 0.314269 [31mce_loss_eeg : 0.439276 [31mce_loss_eog : 0.501552 [31mtotal : 1.255098 [94mAcc_combined: 88.57 [94mAcc_eeg: 87.36 [94mAcc_eog: 84.35 [92mF1_combined: 80.88 [92mF1_eeg: 79.32 [92mF1_eog: 74.03 [92mK_combined: 0.8412 [92mK_eeg: 0.8242 [92mK_eog: 0.7814 [34mF1_perclass_combined: [93.27, 46.38, 88.8, 85.66, 90.28] [34mF1_perclass_eeg: [91.8, 43.45, 87.77, 85.63, 87.94] [34mF1_perclass_eog: [90.62, 28.76, 84.47, 77.39, 88.89] 
[37mEpoch 6 step 60 with [31mce_loss_combined : 0.305434 [31mce_loss_eeg : 0.430009 [31mce_loss_eog : 0.499107 [31mtotal : 1.234549 [94mAcc_combined: 89.09 [94mAcc_eeg: 87.80 [94mAcc_eog: 84.14 [92mF1_combined: 82.05 [92mF1_eeg: 80.48 [92mF1_eog: 74.00 [92mK_combined: 0.8485 [92mK_eeg: 0.8303 [92mK_eog: 0.7771 [34mF1_perclass_combined: [93.76, 49.76, 89.22, 86.66, 90.84] [34mF1_perclass_eeg: [92.28, 47.13, 88.04, 86.26, 88.7] [34mF1_perclass_eog: [90.53, 30.72, 84.54, 75.2, 88.99] 
[37mEpoch 6 step 64 with [31mce_loss_combined : 0.305584 [31mce_loss_eeg : 0.430768 [31mce_loss_eog : 0.484331 [31mtotal : 1.220682 [94mAcc_combined: 89.00 [94mAcc_eeg: 87.58 [94mAcc_eog: 84.65 [92mF1_combined: 81.62 [92mF1_eeg: 79.65 [92mF1_eog: 73.40 [92mK_combined: 0.8467 [92mK_eeg: 0.8268 [92mK_eog: 0.7840 [34mF1_perclass_combined: [93.76, 48.34, 89.26, 85.84, 90.88] [34mF1_perclass_eeg: [91.9, 44.37, 88.08, 85.27, 88.61] [34mF1_perclass_eog: [91.17, 24.82, 84.92, 77.13, 88.96] 
[37mEpoch 6 step 65 with [31mce_loss_combined : 0.305013 [31mce_loss_eeg : 0.426884 [31mce_loss_eog : 0.481149 [31mtotal : 1.213046 [94mAcc_combined: 89.06 [94mAcc_eeg: 87.76 [94mAcc_eog: 84.74 [92mF1_combined: 82.09 [92mF1_eeg: 80.26 [92mF1_eog: 74.23 [92mK_combined: 0.8483 [92mK_eeg: 0.8301 [92mK_eog: 0.7857 [34mF1_perclass_combined: [93.73, 50.32, 89.23, 86.43, 90.74] [34mF1_perclass_eeg: [91.99, 46.44, 88.16, 86.24, 88.48] [34mF1_perclass_eog: [91.24, 29.01, 85.03, 76.71, 89.15] 
[37mEpoch 7 step 72 with [31mce_loss_combined : 0.302769 [31mce_loss_eeg : 0.416655 [31mce_loss_eog : 0.479676 [31mtotal : 1.199100 [94mAcc_combined: 89.03 [94mAcc_eeg: 87.72 [94mAcc_eog: 84.63 [92mF1_combined: 81.83 [92mF1_eeg: 80.04 [92mF1_eog: 74.35 [92mK_combined: 0.8477 [92mK_eeg: 0.8294 [92mK_eog: 0.7847 [34mF1_perclass_combined: [93.75, 49.17, 89.21, 86.43, 90.57] [34mF1_perclass_eeg: [91.94, 45.49, 88.07, 86.4, 88.33] [34mF1_perclass_eog: [91.1, 29.73, 84.79, 76.98, 89.13] 
[37mEpoch 7 step 73 with [31mce_loss_combined : 0.306356 [31mce_loss_eeg : 0.417547 [31mce_loss_eog : 0.473971 [31mtotal : 1.197875 [94mAcc_combined: 88.95 [94mAcc_eeg: 87.64 [94mAcc_eog: 84.81 [92mF1_combined: 81.34 [92mF1_eeg: 79.67 [92mF1_eog: 74.01 [92mK_combined: 0.8468 [92mK_eeg: 0.8287 [92mK_eog: 0.7880 [34mF1_perclass_combined: [93.86, 46.39, 88.88, 86.64, 90.93] [34mF1_perclass_eeg: [92.04, 43.36, 87.79, 86.77, 88.4] [34mF1_perclass_eog: [91.49, 25.76, 84.51, 79.0, 89.29] 
[37mEpoch 7 step 74 with [31mce_loss_combined : 0.303568 [31mce_loss_eeg : 0.415925 [31mce_loss_eog : 0.468226 [31mtotal : 1.187720 [94mAcc_combined: 89.10 [94mAcc_eeg: 87.79 [94mAcc_eog: 84.97 [92mF1_combined: 81.95 [92mF1_eeg: 80.19 [92mF1_eog: 74.44 [92mK_combined: 0.8486 [92mK_eeg: 0.8303 [92mK_eog: 0.7894 [34mF1_perclass_combined: [93.78, 49.56, 89.31, 86.34, 90.76] [34mF1_perclass_eeg: [91.99, 46.06, 88.21, 86.07, 88.65] [34mF1_perclass_eog: [91.53, 28.62, 85.1, 77.71, 89.23] 
[37mEpoch 7 step 75 with [31mce_loss_combined : 0.302367 [31mce_loss_eeg : 0.412913 [31mce_loss_eog : 0.469788 [31mtotal : 1.185068 [94mAcc_combined: 89.10 [94mAcc_eeg: 87.89 [94mAcc_eog: 84.84 [92mF1_combined: 82.08 [92mF1_eeg: 80.42 [92mF1_eog: 74.54 [92mK_combined: 0.8488 [92mK_eeg: 0.8319 [92mK_eog: 0.7870 [34mF1_perclass_combined: [93.77, 50.11, 89.27, 86.54, 90.7] [34mF1_perclass_eeg: [92.11, 46.57, 88.21, 86.53, 88.66] [34mF1_perclass_eog: [91.59, 30.62, 85.13, 76.04, 89.32] 
[37mEpoch 8 step 86 with [31mce_loss_combined : 0.309570 [31mce_loss_eeg : 0.404741 [31mce_loss_eog : 0.468338 [31mtotal : 1.182649 [94mAcc_combined: 88.67 [94mAcc_eeg: 87.64 [94mAcc_eog: 84.70 [92mF1_combined: 80.83 [92mF1_eeg: 80.23 [92mF1_eog: 74.95 [92mK_combined: 0.8424 [92mK_eeg: 0.8285 [92mK_eog: 0.7865 [34mF1_perclass_combined: [93.67, 45.39, 88.64, 85.49, 90.96] [34mF1_perclass_eeg: [92.33, 46.71, 87.71, 85.53, 88.85] [34mF1_perclass_eog: [90.95, 32.0, 84.8, 77.53, 89.47] 
[37mEpoch 9 step 88 with [31mce_loss_combined : 0.304250 [31mce_loss_eeg : 0.400604 [31mce_loss_eog : 0.468952 [31mtotal : 1.173806 [94mAcc_combined: 89.08 [94mAcc_eeg: 87.76 [94mAcc_eog: 84.44 [92mF1_combined: 81.66 [92mF1_eeg: 80.24 [92mF1_eog: 74.32 [92mK_combined: 0.8487 [92mK_eeg: 0.8302 [92mK_eog: 0.7817 [34mF1_perclass_combined: [93.84, 47.66, 89.03, 86.7, 91.06] [34mF1_perclass_eeg: [92.31, 46.01, 87.82, 86.74, 88.32] [34mF1_perclass_eog: [90.69, 30.69, 84.76, 76.09, 89.37] 
[37mEpoch 9 step 89 with [31mce_loss_combined : 0.305316 [31mce_loss_eeg : 0.398755 [31mce_loss_eog : 0.462709 [31mtotal : 1.166780 [94mAcc_combined: 88.98 [94mAcc_eeg: 88.03 [94mAcc_eog: 84.79 [92mF1_combined: 82.00 [92mF1_eeg: 80.87 [92mF1_eog: 75.24 [92mK_combined: 0.8475 [92mK_eeg: 0.8341 [92mK_eog: 0.7870 [34mF1_perclass_combined: [93.68, 49.87, 89.05, 86.76, 90.63] [34mF1_perclass_eeg: [92.47, 48.07, 88.15, 86.82, 88.87] [34mF1_perclass_eog: [91.37, 34.07, 85.12, 76.42, 89.23] 
[37mEpoch 9 step 91 with [31mce_loss_combined : 0.301853 [31mce_loss_eeg : 0.398602 [31mce_loss_eog : 0.456550 [31mtotal : 1.157004 [94mAcc_combined: 89.13 [94mAcc_eeg: 87.99 [94mAcc_eog: 84.91 [92mF1_combined: 81.85 [92mF1_eeg: 80.55 [92mF1_eog: 74.86 [92mK_combined: 0.8489 [92mK_eeg: 0.8330 [92mK_eog: 0.7883 [34mF1_perclass_combined: [93.85, 48.92, 89.34, 86.34, 90.81] [34mF1_perclass_eeg: [92.28, 46.91, 88.28, 86.46, 88.82] [34mF1_perclass_eog: [91.47, 31.05, 85.11, 77.06, 89.61] 
[37mEpoch 9 step 92 with [31mce_loss_combined : 0.300162 [31mce_loss_eeg : 0.398291 [31mce_loss_eog : 0.452654 [31mtotal : 1.151106 [94mAcc_combined: 89.24 [94mAcc_eeg: 87.97 [94mAcc_eog: 85.05 [92mF1_combined: 81.91 [92mF1_eeg: 80.42 [92mF1_eog: 74.46 [92mK_combined: 0.8504 [92mK_eeg: 0.8329 [92mK_eog: 0.7904 [34mF1_perclass_combined: [93.88, 48.76, 89.44, 86.72, 90.76] [34mF1_perclass_eeg: [92.29, 46.43, 88.27, 86.51, 88.59] [34mF1_perclass_eog: [91.57, 28.51, 85.18, 77.5, 89.57] 
[37mEpoch 9 step 94 with [31mce_loss_combined : 0.300251 [31mce_loss_eeg : 0.396115 [31mce_loss_eog : 0.453200 [31mtotal : 1.149567 [94mAcc_combined: 89.19 [94mAcc_eeg: 87.96 [94mAcc_eog: 85.00 [92mF1_combined: 82.10 [92mF1_eeg: 80.49 [92mF1_eog: 74.77 [92mK_combined: 0.8499 [92mK_eeg: 0.8329 [92mK_eog: 0.7894 [34mF1_perclass_combined: [93.87, 49.86, 89.35, 86.6, 90.83] [34mF1_perclass_eeg: [92.33, 46.69, 88.23, 86.51, 88.68] [34mF1_perclass_eog: [91.6, 30.72, 85.22, 76.73, 89.61] 
[37mEpoch 12 step 117 with [31mce_loss_combined : 0.304258 [31mce_loss_eeg : 0.388674 [31mce_loss_eog : 0.448474 [31mtotal : 1.141407 [94mAcc_combined: 89.20 [94mAcc_eeg: 87.77 [94mAcc_eog: 84.74 [92mF1_combined: 81.53 [92mF1_eeg: 80.07 [92mF1_eog: 74.45 [92mK_combined: 0.8494 [92mK_eeg: 0.8295 [92mK_eog: 0.7846 [34mF1_perclass_combined: [93.97, 46.79, 89.3, 86.82, 90.78] [34mF1_perclass_eeg: [92.12, 45.43, 88.12, 87.01, 87.67] [34mF1_perclass_eog: [91.6, 30.4, 85.03, 75.9, 89.32] 
[37mEpoch 12 step 122 with [31mce_loss_combined : 0.304359 [31mce_loss_eeg : 0.390910 [31mce_loss_eog : 0.442023 [31mtotal : 1.137292 [94mAcc_combined: 89.06 [94mAcc_eeg: 87.75 [94mAcc_eog: 84.96 [92mF1_combined: 81.52 [92mF1_eeg: 79.79 [92mF1_eog: 74.07 [92mK_combined: 0.8475 [92mK_eeg: 0.8295 [92mK_eog: 0.7887 [34mF1_perclass_combined: [93.88, 47.57, 89.28, 85.9, 90.99] [34mF1_perclass_eeg: [92.34, 44.25, 88.12, 85.76, 88.48] [34mF1_perclass_eog: [91.79, 26.79, 85.03, 77.33, 89.41] 
[37mEpoch 12 step 123 with [31mce_loss_combined : 0.298712 [31mce_loss_eeg : 0.377326 [31mce_loss_eog : 0.442603 [31mtotal : 1.118641 [94mAcc_combined: 89.30 [94mAcc_eeg: 88.09 [94mAcc_eog: 84.85 [92mF1_combined: 82.64 [92mF1_eeg: 81.17 [92mF1_eog: 75.17 [92mK_combined: 0.8517 [92mK_eeg: 0.8349 [92mK_eog: 0.7867 [34mF1_perclass_combined: [93.98, 51.91, 89.4, 86.72, 91.16] [34mF1_perclass_eeg: [92.28, 49.46, 88.33, 86.9, 88.88] [34mF1_perclass_eog: [91.81, 34.23, 85.22, 74.87, 89.72] 
[37mEpoch 13 step 127 with [31mce_loss_combined : 0.300015 [31mce_loss_eeg : 0.374237 [31mce_loss_eog : 0.441256 [31mtotal : 1.115507 [94mAcc_combined: 89.33 [94mAcc_eeg: 88.13 [94mAcc_eog: 84.84 [92mF1_combined: 82.36 [92mF1_eeg: 80.92 [92mF1_eog: 75.17 [92mK_combined: 0.8517 [92mK_eeg: 0.8349 [92mK_eog: 0.7870 [34mF1_perclass_combined: [94.14, 50.7, 89.49, 86.41, 91.06] [34mF1_perclass_eeg: [92.59, 48.28, 88.41, 86.56, 88.77] [34mF1_perclass_eog: [91.74, 33.83, 85.15, 75.51, 89.6] 
[37mEpoch 13 step 131 with [31mce_loss_combined : 0.298698 [31mce_loss_eeg : 0.377032 [31mce_loss_eog : 0.436919 [31mtotal : 1.112648 [94mAcc_combined: 89.30 [94mAcc_eeg: 88.13 [94mAcc_eog: 85.18 [92mF1_combined: 82.21 [92mF1_eeg: 80.82 [92mF1_eog: 75.26 [92mK_combined: 0.8516 [92mK_eeg: 0.8354 [92mK_eog: 0.7924 [34mF1_perclass_combined: [94.01, 49.88, 89.4, 86.9, 90.87] [34mF1_perclass_eeg: [92.46, 47.66, 88.35, 86.98, 88.66] [34mF1_perclass_eog: [91.92, 31.75, 85.19, 77.8, 89.61] 
[37mEpoch 13 step 135 with [31mce_loss_combined : 0.297978 [31mce_loss_eeg : 0.375425 [31mce_loss_eog : 0.436411 [31mtotal : 1.109814 [94mAcc_combined: 89.30 [94mAcc_eeg: 88.15 [94mAcc_eog: 85.10 [92mF1_combined: 82.36 [92mF1_eeg: 80.88 [92mF1_eog: 75.34 [92mK_combined: 0.8514 [92mK_eeg: 0.8354 [92mK_eog: 0.7908 [34mF1_perclass_combined: [93.9, 50.67, 89.46, 86.76, 91.01] [34mF1_perclass_eeg: [92.49, 47.91, 88.41, 86.75, 88.85] [34mF1_perclass_eog: [91.94, 33.3, 85.27, 76.42, 89.79] 
[37mEpoch 18 step 183 with [31mce_loss_combined : 0.306114 [31mce_loss_eeg : 0.371664 [31mce_loss_eog : 0.428690 [31mtotal : 1.106468 [94mAcc_combined: 89.03 [94mAcc_eeg: 87.84 [94mAcc_eog: 85.08 [92mF1_combined: 80.72 [92mF1_eeg: 79.50 [92mF1_eog: 74.40 [92mK_combined: 0.8468 [92mK_eeg: 0.8300 [92mK_eog: 0.7909 [34mF1_perclass_combined: [93.75, 43.36, 89.18, 86.69, 90.62] [34mF1_perclass_eeg: [92.27, 42.27, 88.14, 86.91, 87.93] [34mF1_perclass_eog: [92.02, 27.47, 84.93, 77.99, 89.58] 
[37mEpoch 19 step 189 with [31mce_loss_combined : 0.305908 [31mce_loss_eeg : 0.372743 [31mce_loss_eog : 0.427628 [31mtotal : 1.106279 [94mAcc_combined: 89.21 [94mAcc_eeg: 88.12 [94mAcc_eog: 84.98 [92mF1_combined: 82.63 [92mF1_eeg: 81.15 [92mF1_eog: 75.43 [92mK_combined: 0.8505 [92mK_eeg: 0.8354 [92mK_eog: 0.7890 [34mF1_perclass_combined: [93.93, 52.46, 89.4, 86.79, 90.57] [34mF1_perclass_eeg: [92.53, 49.53, 88.38, 86.77, 88.55] [34mF1_perclass_eog: [91.79, 34.32, 85.24, 76.4, 89.39] 
[37mEpoch 19 step 190 with [31mce_loss_combined : 0.309910 [31mce_loss_eeg : 0.371345 [31mce_loss_eog : 0.424969 [31mtotal : 1.106224 [94mAcc_combined: 89.16 [94mAcc_eeg: 88.06 [94mAcc_eog: 85.17 [92mF1_combined: 82.12 [92mF1_eeg: 80.46 [92mF1_eog: 74.96 [92mK_combined: 0.8495 [92mK_eeg: 0.8338 [92mK_eog: 0.7926 [34mF1_perclass_combined: [93.88, 50.22, 89.36, 86.33, 90.82] [34mF1_perclass_eeg: [92.71, 46.5, 88.32, 86.03, 88.76] [34mF1_perclass_eog: [91.85, 30.45, 85.21, 77.96, 89.35] 
[37mEpoch 19 step 191 with [31mce_loss_combined : 0.302640 [31mce_loss_eeg : 0.366096 [31mce_loss_eog : 0.429842 [31mtotal : 1.098578 [94mAcc_combined: 89.18 [94mAcc_eeg: 88.17 [94mAcc_eog: 84.98 [92mF1_combined: 82.54 [92mF1_eeg: 81.27 [92mF1_eog: 76.07 [92mK_combined: 0.8503 [92mK_eeg: 0.8360 [92mK_eog: 0.7905 [34mF1_perclass_combined: [93.88, 52.12, 89.27, 86.72, 90.72] [34mF1_perclass_eeg: [92.4, 49.71, 88.4, 86.94, 88.91] [34mF1_perclass_eog: [91.79, 37.54, 85.11, 76.8, 89.12] 
[37mEpoch 20 step 195 with [31mce_loss_combined : 0.301885 [31mce_loss_eeg : 0.361370 [31mce_loss_eog : 0.430283 [31mtotal : 1.093539 [94mAcc_combined: 89.17 [94mAcc_eeg: 88.19 [94mAcc_eog: 84.90 [92mF1_combined: 82.19 [92mF1_eeg: 81.10 [92mF1_eog: 75.49 [92mK_combined: 0.8498 [92mK_eeg: 0.8360 [92mK_eog: 0.7882 [34mF1_perclass_combined: [93.84, 50.13, 89.22, 86.71, 91.02] [34mF1_perclass_eeg: [92.65, 48.97, 88.35, 86.7, 88.81] [34mF1_perclass_eog: [91.69, 35.24, 85.19, 75.67, 89.65] 
[37mEpoch 20 step 199 with [31mce_loss_combined : 0.300801 [31mce_loss_eeg : 0.363922 [31mce_loss_eog : 0.423668 [31mtotal : 1.088390 [94mAcc_combined: 89.23 [94mAcc_eeg: 88.09 [94mAcc_eog: 85.28 [92mF1_combined: 81.57 [92mF1_eeg: 80.38 [92mF1_eog: 74.93 [92mK_combined: 0.8504 [92mK_eeg: 0.8347 [92mK_eog: 0.7940 [34mF1_perclass_combined: [94.07, 46.78, 89.24, 86.99, 90.78] [34mF1_perclass_eeg: [92.75, 45.43, 88.16, 87.02, 88.54] [34mF1_perclass_eog: [91.99, 29.63, 85.2, 78.13, 89.7] 
[37mEpoch 21 step 204 with [31mce_loss_combined : 0.298280 [31mce_loss_eeg : 0.357919 [31mce_loss_eog : 0.422050 [31mtotal : 1.078250 [94mAcc_combined: 89.39 [94mAcc_eeg: 88.40 [94mAcc_eog: 85.27 [92mF1_combined: 82.08 [92mF1_eeg: 81.02 [92mF1_eog: 75.24 [92mK_combined: 0.8524 [92mK_eeg: 0.8387 [92mK_eog: 0.7933 [34mF1_perclass_combined: [94.04, 49.03, 89.58, 86.76, 91.0] [34mF1_perclass_eeg: [92.95, 47.78, 88.62, 86.9, 88.86] [34mF1_perclass_eog: [92.1, 31.61, 85.29, 77.49, 89.7] 
