000 (1055.001.000) 2023-01-11 13:44:02 Job submitted from host: <10.87.28.129:9618?addrs=10.87.28.129-9618&alias=timmermans.esat.kuleuven.be&noUDP&sock=schedd_2124_773f>
...
001 (1055.001.000) 2023-01-12 15:23:53 Job executing on host: <10.87.24.53:9618?addrs=10.87.24.53-9618&alias=spchcl21.esat.kuleuven.be&noUDP&sock=startd_22823_4215>
...
006 (1055.001.000) 2023-01-12 15:24:02 Image size of job updated: 126264
	52  -  MemoryUsage of job (MB)
	53144  -  ResidentSetSize of job (KB)
...
006 (1055.001.000) 2023-01-12 15:29:03 Image size of job updated: 213535084
	10720  -  MemoryUsage of job (MB)
	10976816  -  ResidentSetSize of job (KB)
...
006 (1055.001.000) 2023-01-12 15:34:03 Image size of job updated: 416698428
	10720  -  MemoryUsage of job (MB)
	10976816  -  ResidentSetSize of job (KB)
...
006 (1055.001.000) 2023-01-12 15:39:03 Image size of job updated: 420059988
	10720  -  MemoryUsage of job (MB)
	10976816  -  ResidentSetSize of job (KB)
...
006 (1055.001.000) 2023-01-12 15:44:04 Image size of job updated: 420102640
	10720  -  MemoryUsage of job (MB)
	10976816  -  ResidentSetSize of job (KB)
...
006 (1055.001.000) 2023-01-12 15:54:04 Image size of job updated: 421634400
	10720  -  MemoryUsage of job (MB)
	10976816  -  ResidentSetSize of job (KB)
...
006 (1055.001.000) 2023-01-12 15:59:05 Image size of job updated: 421639072
	10720  -  MemoryUsage of job (MB)
	10976816  -  ResidentSetSize of job (KB)
...
006 (1055.001.000) 2023-01-12 19:49:28 Image size of job updated: 421677840
	10720  -  MemoryUsage of job (MB)
	10976816  -  ResidentSetSize of job (KB)
...
006 (1055.001.000) 2023-01-12 21:09:36 Image size of job updated: 421717584
	10720  -  MemoryUsage of job (MB)
	10976816  -  ResidentSetSize of job (KB)
...
006 (1055.001.000) 2023-01-12 22:34:44 Image size of job updated: 443816392
	10720  -  MemoryUsage of job (MB)
	10976816  -  ResidentSetSize of job (KB)
...
006 (1055.001.000) 2023-01-12 22:54:47 Image size of job updated: 443818720
	10720  -  MemoryUsage of job (MB)
	10976816  -  ResidentSetSize of job (KB)
...
006 (1055.001.000) 2023-01-12 23:09:48 Image size of job updated: 443818976
	10720  -  MemoryUsage of job (MB)
	10976816  -  ResidentSetSize of job (KB)
...
006 (1055.001.000) 2023-01-12 23:14:49 Image size of job updated: 443823656
	10720  -  MemoryUsage of job (MB)
	10976816  -  ResidentSetSize of job (KB)
...
006 (1055.001.000) 2023-01-12 23:59:53 Image size of job updated: 443825688
	10720  -  MemoryUsage of job (MB)
	10976816  -  ResidentSetSize of job (KB)
...
006 (1055.001.000) 2023-01-13 00:04:54 Image size of job updated: 443830104
	10720  -  MemoryUsage of job (MB)
	10976816  -  ResidentSetSize of job (KB)
...
006 (1055.001.000) 2023-01-13 00:09:55 Image size of job updated: 443895976
	10720  -  MemoryUsage of job (MB)
	10976816  -  ResidentSetSize of job (KB)
...
006 (1055.001.000) 2023-01-13 04:50:25 Image size of job updated: 444321460
	10720  -  MemoryUsage of job (MB)
	10976816  -  ResidentSetSize of job (KB)
...
006 (1055.001.000) 2023-01-13 04:55:26 Image size of job updated: 444379912
	10720  -  MemoryUsage of job (MB)
	10976816  -  ResidentSetSize of job (KB)
...
006 (1055.001.000) 2023-01-13 12:16:11 Image size of job updated: 444767020
	10720  -  MemoryUsage of job (MB)
	10976816  -  ResidentSetSize of job (KB)
...
006 (1055.001.000) 2023-01-14 01:52:35 Image size of job updated: 444935684
	10720  -  MemoryUsage of job (MB)
	10976816  -  ResidentSetSize of job (KB)
...
006 (1055.001.000) 2023-01-14 03:22:44 Image size of job updated: 444940576
	10720  -  MemoryUsage of job (MB)
	10976816  -  ResidentSetSize of job (KB)
...
006 (1055.001.000) 2023-01-14 03:27:44 Image size of job updated: 444952292
	10720  -  MemoryUsage of job (MB)
	10976816  -  ResidentSetSize of job (KB)
...
006 (1055.001.000) 2023-01-14 04:22:50 Image size of job updated: 445005744
	10720  -  MemoryUsage of job (MB)
	10976816  -  ResidentSetSize of job (KB)
...
006 (1055.001.000) 2023-01-14 06:48:06 Image size of job updated: 445315456
	10720  -  MemoryUsage of job (MB)
	10976816  -  ResidentSetSize of job (KB)
...
006 (1055.001.000) 2023-01-15 06:45:30 Image size of job updated: 445563604
	10720  -  MemoryUsage of job (MB)
	10976816  -  ResidentSetSize of job (KB)
...
009 (1055.001.000) 2023-01-15 15:25:00 Job was aborted.
	The system macro SYSTEM_PERIODIC_REMOVE expression '(JobStatus == 5 && CurrentTime - EnteredCurrentStatus > 3600 * 24 * 30) || (JobStatus == 4 && CurrentTime - EnteredCurrentStatus > 3600 * 24 * 30) || (JobStatus == 1 && CurrentTime - EnteredCurrentStatus > 3600 * 24 * 90) || (JobStatus == 2 && (ProportionalSetSizeKb > (1024 * My.RequestMemory))) || (JobStatus == 2 && ((RemoteWallClockTime - CumulativeSuspensionTime) > My.RequestWalltime))' evaluated to TRUE
...
