000 (636.001.000) 2023-01-05 15:59:33 Job submitted from host: <10.87.28.151:9618?addrs=10.87.28.151-9618&alias=brigand.esat.kuleuven.be&noUDP&sock=schedd_2187_adb6>
...
001 (636.001.000) 2023-01-05 16:00:48 Job executing on host: <10.87.24.51:9618?addrs=10.87.24.51-9618&alias=spchcl18.esat.kuleuven.be&noUDP&sock=startd_3964_8d81>
...
006 (636.001.000) 2023-01-05 16:00:56 Image size of job updated: 114264
	46  -  MemoryUsage of job (MB)
	46536  -  ResidentSetSize of job (KB)
...
006 (636.001.000) 2023-01-05 16:02:00 Image size of job updated: 14612152
	46  -  MemoryUsage of job (MB)
	46704  -  ResidentSetSize of job (KB)
...
005 (636.001.000) 2023-01-05 16:02:00 Job terminated.
	(1) Normal termination (return value 0)
		Usr 0 00:00:24, Sys 0 00:00:09  -  Run Remote Usage
		Usr 0 00:00:00, Sys 0 00:00:00  -  Run Local Usage
		Usr 0 00:00:24, Sys 0 00:00:09  -  Total Remote Usage
		Usr 0 00:00:00, Sys 0 00:00:00  -  Total Local Usage
	0  -  Run Bytes Sent By Job
	0  -  Run Bytes Received By Job
	0  -  Total Bytes Sent By Job
	0  -  Total Bytes Received By Job
	Partitionable Resources :    Usage  Request Allocated Assigned
	   Cpus                 :                16        16 
	   Disk (KB)            :        1        1    275681 
	   Gpus (Average)       :                 1         1 "CUDA0"
	   Memory (MB)          :       46    16384     16384 

	Job terminated of its own accord at 2023-01-05T15:02:00Z.
...
