000 (636.002.000) 2023-01-05 15:59:33 Job submitted from host: <10.87.28.151:9618?addrs=10.87.28.151-9618&alias=brigand.esat.kuleuven.be&noUDP&sock=schedd_2187_adb6>
...
001 (636.002.000) 2023-01-05 16:02:00 Job executing on host: <10.87.24.51:9618?addrs=10.87.24.51-9618&alias=spchcl18.esat.kuleuven.be&noUDP&sock=startd_3964_8d81>
...
006 (636.002.000) 2023-01-05 16:02:10 Image size of job updated: 2324640
	203  -  MemoryUsage of job (MB)
	207704  -  ResidentSetSize of job (KB)
...
006 (636.002.000) 2023-01-05 16:07:10 Image size of job updated: 231479060
	3736  -  MemoryUsage of job (MB)
	3825116  -  ResidentSetSize of job (KB)
...
006 (636.002.000) 2023-01-05 16:12:10 Image size of job updated: 232087408
	3898  -  MemoryUsage of job (MB)
	3991144  -  ResidentSetSize of job (KB)
...
006 (636.002.000) 2023-01-05 16:13:31 Image size of job updated: 232087408
	3898  -  MemoryUsage of job (MB)
	3991148  -  ResidentSetSize of job (KB)
...
004 (636.002.000) 2023-01-05 16:13:31 Job was evicted.
	(0) CPU times
		Usr 0 00:28:47, Sys 0 00:07:46  -  Run Remote Usage
		Usr 0 00:00:00, Sys 0 00:00:00  -  Run Local Usage
	0  -  Run Bytes Sent By Job
	0  -  Run Bytes Received By Job
	Partitionable Resources :    Usage  Request Allocated Assigned
	   Cpus                 :     2.96       16        16 
	   Disk (KB)            :     1           1    275681 
	   Gpus (Average)       :     0.36        1         1 "CUDA0"
	   GpusMemory (MB)      :  1401                       
	   Memory (MB)          :  3898       16384     16384 
...
009 (636.002.000) 2023-01-05 16:13:31 Job was aborted.
	via condor_rm (by user kkontras)
...
