Starting Job
/users/sista/kkontras/Documents/Sleep_Project/main_paper_11.py
/esat/smcdata/users/kkontras/Image_Dataset/no_backup/envs/gl_env/bin/python
Python 3.7.10
/users/sista/kkontras/Documents/Sleep_Project
1
 THE Configuration of your experiment ..
{'agent': 'Sleep_Agent_Init_Train',
 'augmentation': {},
 'channel': 0,
 'dataset': {'cache_datasets': {'test': False, 'train': False, 'valid': False},
             'data_roots': '/esat/biomeddata/SHHS_Dataset/no_backup',
             'data_split': {'split_method': 'patients_test',
                            'test_split_rate': 0.3,
                            'val_split_rate': 0.026},
             'data_view_dir': [{'data_type': 'stft',
                                'list_dir': 'patient_mat_list.txt',
                                'mod': 'eeg',
                                'num_ch': 1}],
             'dataloader_class': 'SleepDataLoader_mat_huy',
             'huy_data': True,
             'inner_overlap': [0.5, 0.5],
             'keep_view': [1, 0],
             'seq_length': [21, 0],
             'seq_views': [False],
             'shuffle_train': True},
 'early_stopping': {'log_interval': 10,
                    'max_epoch': 1000,
                    'n_steps_stop': 1000,
                    'n_steps_stop_after': 600,
                    'save_every': 1,
                    'validate_after': 0,
                    'validate_every': 400},
 'exp_name': 'Sleep EEG-EOG BLIP Experiment',
 'lr_finder': False,
 'lr_finder_steps': 100,
 'mode': 'train',
 'model': {'args': {'dmodel': 128,
                    'dropout': 0.3,
                    'fc_inner': 1024,
                    'num_classes': 5},
           'encoders': [{'args': {'dim_feedforward': 1024,
                                  'dim_proj': 128,
                                  'dmodel': 128,
                                  'dropout': 0.3,
                                  'inner_biased': False,
                                  'outer_biased': False,
                                  'pos': False,
                                  'rpos': True},
                         'freeze_encoder': False,
                         'model': 'SleepEnc_EEG',
                         'pretrainedEncoder': {'dir': '', 'use': False},
                         'savetrainedEncoder': {'dir': '', 'save': False}}],
           'load_ongoing': True,
           'model_class': 'EEG_SLEEP_BLIP_GM_EEG',
           'pretrained_model': {'dir': '', 'use': False},
           'save_dir': '/esat/smcdata/users/kkontras/Image_Dataset/no_backup/data/2021_data/shhs1/multi_modal/paper_models/fourier_transformer_eeg_drop03_trial2_pt.pth.tar'},
 'normalization': {'calculate_metrics': False,
                   'dir': '/esat/biomeddata/SHHS_Dataset/no_backup/metrics_eeg_eog_emg_stft.pkl',
                   'metrics_type': 'train_dataset',
                   'save_metrics': False,
                   'use': True},
 'num_classes': 5,
 'num_modalities': 1,
 'optimizer': {'beta1': 0.9,
               'beta2': 0.999,
               'learning_rate': 0.0001,
               'momentum': 0.2,
               'type': 'Adam',
               'weight_decay': 0.0001},
 'plots': {'plot_stft_num': 0, 'save': False},
 'post_proc': {'post_proc_step': 15,
               'test_postprocessing': False,
               'val_postprocessing': False},
 'scheduler': {'max_lr': 0.03, 'type': 'cosanneal', 'warm_up': 55},
 'statistics': {'ce_weights': {'temp': 0.1, 'use': False}, 'print': False},
 'training_params': {'adversarial_training': {'adv_epsilon': 0.01,
                                              'use': False},
                     'async_loading': True,
                     'batch_size': 16,
                     'cuda': True,
                     'data_loader_workers': 6,
                     'gpu_device': [0],
                     'pin_memory': True,
                     'rec_test': False,
                     'res': True,
                     'seed': 35,
                     'tdqm_disable': True,
                     'test_batch_size': 16,
                     'test_on_tops': True,
                     'use_test_set': True,
                     'validation': True,
                     'verbose': True,
                     'wandb_disable': True}}
 *************************************** 
The experiment name is Sleep EEG-EOG BLIP Experiment
 *************************************** 
stft_eeg Train 3724 validation 100 test 1639
{'use_type': False, 'skip_skips': True}
{'use_type': False, 'skip_skips': True}
{'use_type': False, 'skip_skips': True}
{'use_type': False, 'skip_skips': True}
We are loading weights
Weights are [0. 0. 0. 0. 0.]
11074
400
28
tensor([0., 0., 0., 0., 0.], device='cuda:0')
We are not shuffling the data
Training function is sleep_train_one_step
Loss Weights are {'total': 1}
We are not shuffling the data
<class 'graphs.models.attention_models.windowFeature_base.SleepEnc_EEG'>
Total number of trainable parameters are: 3851397
Available cuda devices: 1, current device:0
Loading from file /esat/smcdata/users/kkontras/Image_Dataset/no_backup/data/2021_data/shhs1/multi_modal/paper_models/fourier_transformer_eeg_drop03_trial2_pt.pth.tar
Model has loaded successfully
Metrics have been loaded
Loaded loss weights are: tensor([1., 1., 1., 1., 1.])
[37mThe best in step: 6 so far 
[31mtotal : 0.603762 [94mAcc_combined: 79.19 [92mF1_combined: 64.91 [92mK_combined: 0.6988 [34mF1_perclass_combined: [85.31, 12.22, 82.29, 79.81, 64.9] 
Total number of trainable parameters are: 3851397
