000 (637.001.000) 2023-01-05 16:13:24 Job submitted from host: <10.87.28.151:9618?addrs=10.87.28.151-9618&alias=brigand.esat.kuleuven.be&noUDP&sock=schedd_2187_adb6>
...
001 (637.001.000) 2023-01-05 16:13:47 Job executing on host: <10.87.28.118:9618?addrs=10.87.28.118-9618&alias=stadius-nc-5.esat.kuleuven.be&noUDP&sock=startd_4288_ca31>
...
006 (637.001.000) 2023-01-05 16:13:56 Image size of job updated: 174552
	77  -  MemoryUsage of job (MB)
	77980  -  ResidentSetSize of job (KB)
...
006 (637.001.000) 2023-01-05 16:14:36 Image size of job updated: 13566236
	77  -  MemoryUsage of job (MB)
	77980  -  ResidentSetSize of job (KB)
...
005 (637.001.000) 2023-01-05 16:14:36 Job terminated.
	(1) Normal termination (return value 0)
		Usr 0 00:00:15, Sys 0 00:00:04  -  Run Remote Usage
		Usr 0 00:00:00, Sys 0 00:00:00  -  Run Local Usage
		Usr 0 00:00:15, Sys 0 00:00:04  -  Total Remote Usage
		Usr 0 00:00:00, Sys 0 00:00:00  -  Total Local Usage
	0  -  Run Bytes Sent By Job
	0  -  Run Bytes Received By Job
	0  -  Total Bytes Sent By Job
	0  -  Total Bytes Received By Job
	Partitionable Resources :    Usage  Request Allocated Assigned
	   Cpus                 :                16        16 
	   Disk (KB)            :        1        1   1823526 
	   Gpus (Average)       :                 1         1 "CUDA1"
	   Memory (MB)          :       77    16384     16384 

	Job terminated of its own accord at 2023-01-05T15:14:36Z.
...
