000 (637.000.000) 2023-01-05 16:13:24 Job submitted from host: <10.87.28.151:9618?addrs=10.87.28.151-9618&alias=brigand.esat.kuleuven.be&noUDP&sock=schedd_2187_adb6>
...
001 (637.000.000) 2023-01-05 16:13:45 Job executing on host: <10.87.24.51:9618?addrs=10.87.24.51-9618&alias=spchcl18.esat.kuleuven.be&noUDP&sock=startd_3964_8d81>
...
006 (637.000.000) 2023-01-05 16:13:54 Image size of job updated: 193244
	189  -  MemoryUsage of job (MB)
	193240  -  ResidentSetSize of job (KB)
...
006 (637.000.000) 2023-01-05 16:18:55 Image size of job updated: 232826836
	3954  -  MemoryUsage of job (MB)
	4048648  -  ResidentSetSize of job (KB)
...
006 (637.000.000) 2023-01-05 16:23:55 Image size of job updated: 232838816
	3954  -  MemoryUsage of job (MB)
	4048648  -  ResidentSetSize of job (KB)
...
006 (637.000.000) 2023-01-05 16:28:55 Image size of job updated: 232878132
	3954  -  MemoryUsage of job (MB)
	4048648  -  ResidentSetSize of job (KB)
...
006 (637.000.000) 2023-01-05 16:33:56 Image size of job updated: 232878132
	3974  -  MemoryUsage of job (MB)
	4068360  -  ResidentSetSize of job (KB)
...
006 (637.000.000) 2023-01-05 16:38:56 Image size of job updated: 233271336
	3974  -  MemoryUsage of job (MB)
	4068360  -  ResidentSetSize of job (KB)
...
006 (637.000.000) 2023-01-05 16:53:58 Image size of job updated: 233644896
	3974  -  MemoryUsage of job (MB)
	4068360  -  ResidentSetSize of job (KB)
...
006 (637.000.000) 2023-01-05 16:58:58 Image size of job updated: 246269028
	3974  -  MemoryUsage of job (MB)
	4068360  -  ResidentSetSize of job (KB)
...
006 (637.000.000) 2023-01-05 17:09:00 Image size of job updated: 246278852
	3974  -  MemoryUsage of job (MB)
	4068360  -  ResidentSetSize of job (KB)
...
006 (637.000.000) 2023-01-05 17:19:00 Image size of job updated: 246301356
	3974  -  MemoryUsage of job (MB)
	4068360  -  ResidentSetSize of job (KB)
...
006 (637.000.000) 2023-01-05 17:59:05 Image size of job updated: 246311564
	3974  -  MemoryUsage of job (MB)
	4068360  -  ResidentSetSize of job (KB)
...
006 (637.000.000) 2023-01-05 18:39:10 Image size of job updated: 246317904
	3974  -  MemoryUsage of job (MB)
	4068360  -  ResidentSetSize of job (KB)
...
006 (637.000.000) 2023-01-05 18:49:10 Image size of job updated: 246328340
	3974  -  MemoryUsage of job (MB)
	4068360  -  ResidentSetSize of job (KB)
...
006 (637.000.000) 2023-01-05 19:39:15 Image size of job updated: 246337556
	3974  -  MemoryUsage of job (MB)
	4068360  -  ResidentSetSize of job (KB)
...
006 (637.000.000) 2023-01-05 19:54:17 Image size of job updated: 246349000
	3974  -  MemoryUsage of job (MB)
	4068360  -  ResidentSetSize of job (KB)
...
006 (637.000.000) 2023-01-05 20:04:17 Image size of job updated: 246358840
	3974  -  MemoryUsage of job (MB)
	4068360  -  ResidentSetSize of job (KB)
...
006 (637.000.000) 2023-01-05 20:59:22 Image size of job updated: 246386952
	3974  -  MemoryUsage of job (MB)
	4068360  -  ResidentSetSize of job (KB)
...
006 (637.000.000) 2023-01-05 22:34:30 Image size of job updated: 246395412
	3974  -  MemoryUsage of job (MB)
	4068360  -  ResidentSetSize of job (KB)
...
006 (637.000.000) 2023-01-05 22:54:32 Image size of job updated: 246399340
	3974  -  MemoryUsage of job (MB)
	4068360  -  ResidentSetSize of job (KB)
...
006 (637.000.000) 2023-01-05 23:49:38 Image size of job updated: 246405580
	3974  -  MemoryUsage of job (MB)
	4068360  -  ResidentSetSize of job (KB)
...
006 (637.000.000) 2023-01-06 00:04:39 Image size of job updated: 246414128
	3974  -  MemoryUsage of job (MB)
	4068360  -  ResidentSetSize of job (KB)
...
006 (637.000.000) 2023-01-06 01:44:50 Image size of job updated: 246432716
	3974  -  MemoryUsage of job (MB)
	4068360  -  ResidentSetSize of job (KB)
...
006 (637.000.000) 2023-01-06 01:59:52 Image size of job updated: 246444396
	3974  -  MemoryUsage of job (MB)
	4068360  -  ResidentSetSize of job (KB)
...
006 (637.000.000) 2023-01-06 03:20:00 Image size of job updated: 246463152
	3974  -  MemoryUsage of job (MB)
	4068360  -  ResidentSetSize of job (KB)
...
006 (637.000.000) 2023-01-06 04:10:04 Image size of job updated: 246482516
	3974  -  MemoryUsage of job (MB)
	4068360  -  ResidentSetSize of job (KB)
...
006 (637.000.000) 2023-01-06 04:50:09 Image size of job updated: 246496100
	3974  -  MemoryUsage of job (MB)
	4068360  -  ResidentSetSize of job (KB)
...
006 (637.000.000) 2023-01-06 07:00:22 Image size of job updated: 246496424
	3974  -  MemoryUsage of job (MB)
	4068360  -  ResidentSetSize of job (KB)
...
006 (637.000.000) 2023-01-06 07:40:26 Image size of job updated: 246498536
	3974  -  MemoryUsage of job (MB)
	4068360  -  ResidentSetSize of job (KB)
...
006 (637.000.000) 2023-01-06 07:50:28 Image size of job updated: 246529876
	3974  -  MemoryUsage of job (MB)
	4068360  -  ResidentSetSize of job (KB)
...
006 (637.000.000) 2023-01-06 09:15:37 Image size of job updated: 246539388
	3974  -  MemoryUsage of job (MB)
	4068360  -  ResidentSetSize of job (KB)
...
006 (637.000.000) 2023-01-06 09:25:38 Image size of job updated: 246565800
	3974  -  MemoryUsage of job (MB)
	4068360  -  ResidentSetSize of job (KB)
...
006 (637.000.000) 2023-01-06 10:10:42 Image size of job updated: 246573956
	3974  -  MemoryUsage of job (MB)
	4068360  -  ResidentSetSize of job (KB)
...
006 (637.000.000) 2023-01-06 10:45:46 Image size of job updated: 246584204
	3974  -  MemoryUsage of job (MB)
	4068360  -  ResidentSetSize of job (KB)
...
004 (637.000.000) 2023-01-06 10:46:03 Job was evicted.
	(0) CPU times
		Usr 2 06:01:50, Sys 0 15:14:26  -  Run Remote Usage
		Usr 0 00:00:00, Sys 0 00:00:00  -  Run Local Usage
	0  -  Run Bytes Sent By Job
	0  -  Run Bytes Received By Job
	Partitionable Resources :    Usage  Request Allocated Assigned
	   Cpus                 :     3.03       16        16 
	   Disk (KB)            :     1           1    275681 
	   Gpus (Average)       :     0.39        1         1 "CUDA0"
	   GpusMemory (MB)      :  1401                       
	   Memory (MB)          :  3974       16384     16384 
...
009 (637.000.000) 2023-01-06 10:46:03 Job was aborted.
	via condor_rm (by user kkontras)
...
