000 (639.001.000) 2023-01-06 10:47:57 Job submitted from host: <10.87.28.151:9618?addrs=10.87.28.151-9618&alias=brigand.esat.kuleuven.be&noUDP&sock=schedd_2187_adb6>
...
001 (639.001.000) 2023-01-06 10:48:15 Job executing on host: <10.87.24.55:9618?addrs=10.87.24.55-9618&alias=spchcl24.esat.kuleuven.be&noUDP&sock=startd_2078_e9e4>
...
006 (639.001.000) 2023-01-06 10:48:24 Image size of job updated: 2275352
	56  -  MemoryUsage of job (MB)
	57116  -  ResidentSetSize of job (KB)
...
006 (639.001.000) 2023-01-06 10:49:22 Image size of job updated: 281955892
	56  -  MemoryUsage of job (MB)
	57116  -  ResidentSetSize of job (KB)
...
005 (639.001.000) 2023-01-06 10:49:22 Job terminated.
	(1) Normal termination (return value 0)
		Usr 0 00:00:16, Sys 0 00:00:06  -  Run Remote Usage
		Usr 0 00:00:00, Sys 0 00:00:00  -  Run Local Usage
		Usr 0 00:00:16, Sys 0 00:00:06  -  Total Remote Usage
		Usr 0 00:00:00, Sys 0 00:00:00  -  Total Local Usage
	0  -  Run Bytes Sent By Job
	0  -  Run Bytes Received By Job
	0  -  Total Bytes Sent By Job
	0  -  Total Bytes Received By Job
	Partitionable Resources :    Usage  Request Allocated Assigned
	   Cpus                 :                16        16 
	   Disk (KB)            :        1        1    265513 
	   Gpus (Average)       :                 1         1 "CUDA0"
	   Memory (MB)          :       56    16384     16384 

	Job terminated of its own accord at 2023-01-06T09:49:22Z.
...
