000 (642.000.000) 2023-01-06 15:12:42 Job submitted from host: <10.87.28.151:9618?addrs=10.87.28.151-9618&alias=brigand.esat.kuleuven.be&noUDP&sock=schedd_2187_adb6>
...
001 (642.000.000) 2023-01-06 15:12:51 Job executing on host: <10.87.28.118:9618?addrs=10.87.28.118-9618&alias=stadius-nc-5.esat.kuleuven.be&noUDP&sock=startd_4288_ca31>
...
006 (642.000.000) 2023-01-06 15:12:58 Image size of job updated: 3256244
	0  -  MemoryUsage of job (MB)
	0  -  ResidentSetSize of job (KB)
...
005 (642.000.000) 2023-01-06 15:12:58 Job terminated.
	(1) Normal termination (return value 0)
		Usr 0 00:00:03, Sys 0 00:00:02  -  Run Remote Usage
		Usr 0 00:00:00, Sys 0 00:00:00  -  Run Local Usage
		Usr 0 00:00:03, Sys 0 00:00:02  -  Total Remote Usage
		Usr 0 00:00:00, Sys 0 00:00:00  -  Total Local Usage
	0  -  Run Bytes Sent By Job
	0  -  Run Bytes Received By Job
	0  -  Total Bytes Sent By Job
	0  -  Total Bytes Received By Job
	Partitionable Resources :    Usage  Request Allocated Assigned
	   Cpus                 :                16        16 
	   Disk (KB)            :        1        1   1823526 
	   Gpus (Average)       :                 1         1 "CUDA0"
	   Memory (MB)          :        0    16384     16384 

	Job terminated of its own accord at 2023-01-06T14:12:58Z.
...
