000 (642.004.000) 2023-01-06 15:12:42 Job submitted from host: <10.87.28.151:9618?addrs=10.87.28.151-9618&alias=brigand.esat.kuleuven.be&noUDP&sock=schedd_2187_adb6>
...
001 (642.004.000) 2023-01-06 15:13:11 Job executing on host: <10.87.28.117:9618?addrs=10.87.28.117-9618&alias=stadius-nc-4.esat.kuleuven.be&noUDP&sock=startd_4291_d8fa>
...
006 (642.004.000) 2023-01-06 15:13:19 Image size of job updated: 602768
	589  -  MemoryUsage of job (MB)
	602756  -  ResidentSetSize of job (KB)
...
006 (642.004.000) 2023-01-06 15:13:24 Image size of job updated: 12430408
	589  -  MemoryUsage of job (MB)
	602804  -  ResidentSetSize of job (KB)
...
005 (642.004.000) 2023-01-06 15:13:24 Job terminated.
	(1) Normal termination (return value 0)
		Usr 0 00:00:24, Sys 0 00:00:06  -  Run Remote Usage
		Usr 0 00:00:00, Sys 0 00:00:00  -  Run Local Usage
		Usr 0 00:00:24, Sys 0 00:00:06  -  Total Remote Usage
		Usr 0 00:00:00, Sys 0 00:00:00  -  Total Local Usage
	0  -  Run Bytes Sent By Job
	0  -  Run Bytes Received By Job
	0  -  Total Bytes Sent By Job
	0  -  Total Bytes Received By Job
	Partitionable Resources :    Usage  Request Allocated Assigned
	   Cpus                 :                16        16 
	   Disk (KB)            :        1        1   1649990 
	   Gpus (Average)       :                 1         1 "CUDA1"
	   Memory (MB)          :      589    16384     16384 

	Job terminated of its own accord at 2023-01-06T14:13:24Z.
...
