Starting Job
/users/sista/kkontras/Documents/Sleep_Project/main_paper.py
/esat/smcdata/users/kkontras/Image_Dataset/no_backup/envs/gl_env/bin/python
Python 3.7.10
/users/sista/kkontras/Documents/Sleep_Project
0
 THE Configuration of your experiment ..
{'agent': 'Sleep_Agent_Init_Train',
 'augmentation': {},
 'channel': 0,
 'dataset': {'cache_datasets': {'test': False, 'train': False, 'valid': False},
             'data_roots': '/esat/biomeddata/SHHS_Dataset/no_backup',
             'data_split': {'split_method': 'patients_test',
                            'test_split_rate': 0.3,
                            'val_split_rate': 0.026},
             'data_view_dir': [{'data_type': 'stft',
                                'list_dir': 'patient_mat_list.txt',
                                'mod': 'eeg',
                                'num_ch': 1},
                               {'data_type': 'stft',
                                'list_dir': 'patient_eog_mat_list.txt',
                                'mod': 'eog',
                                'num_ch': 1}],
             'dataloader_class': 'SleepDataLoader_mat_huy',
             'filter_windows': {'test': {'perc_threshold': 0.4,
                                         'skip_skips': True,
                                         'std_threshold': 41,
                                         'use_type': 'include_only_skipped',
                                         'whole_patient': False},
                                'train': {'perc_threshold': 0.4,
                                          'skip_skips': False,
                                          'std_threshold': 41,
                                          'subsets': {'combined': 100,
                                                      'eeg': 50,
                                                      'eog': 50},
                                          'use_type': 'subsample',
                                          'whole_patient': True},
                                'val': {'skip_skips': True,
                                        'use_type': False,
                                        'whole_patient': False}},
             'huy_data': True,
             'inner_overlap': [0.5, 0.5],
             'keep_view': [1, 0],
             'seq_length': [21, 0],
             'seq_views': [False],
             'shuffle_train': True},
 'early_stopping': {'log_interval': 10,
                    'max_epoch': 1000,
                    'n_steps_stop': 50,
                    'n_steps_stop_after': 30,
                    'save_every': 1,
                    'validate_after': 0,
                    'validate_every': 50},
 'exp_name': 'Sleep EEG-EOG BLIP Experiment',
 'lr_finder': False,
 'lr_finder_steps': 100,
 'mode': 'train',
 'model': {'args': {'augment_within': False,
                    'dmodel': 128,
                    'dropout': 0.3,
                    'fc_inner': 1024,
                    'ignore_alignment_val': True,
                    'multi_loss': {'multi_loss_weights': {'alignment_loss': 0.1,
                                                          'multi_supervised_loss': {'combined': 1,
                                                                                    'eeg': 1,
                                                                                    'eog': 1},
                                                          'order_loss': 0}},
                    'num_classes': 5,
                    'three_modes': True,
                    'training_type': 'alignment_order_multisupervised'},
           'encoders': [{'args': {'align_inner': True,
                                  'd_model': 128,
                                  'dim_feedforward': 1024,
                                  'dim_proj': 128,
                                  'dropout': 0.3,
                                  'inner_biased': False,
                                  'mod_token': False,
                                  'num_heads': 8,
                                  'num_layers': 4,
                                  'outer_biased': False,
                                  'outer_rep': False,
                                  'pos': False,
                                  'rpos': True,
                                  'shared': True,
                                  'skip_random_mod': False},
                         'encoders': [],
                         'freeze_encoder': False,
                         'model': 'SleepEnc_BLIP_EEG_EOG_shared_free_cliplike',
                         'pretrainedEncoder': {'dir': '', 'use': False},
                         'savetrainedEncoder': {'dir': '', 'save': False}}],
           'load_ongoing': False,
           'model_class': 'EEG_SLEEP_BLIP_GM_MultiMode',
           'pretrained_model': {'dir': '', 'use': False},
           'save_dir': '/esat/smcdata/users/kkontras/Image_Dataset/no_backup/data/2021_data/shhs1/multi_modal/paper_models/fourier_transformer_eeg_eog_mat_BLIP_al01_shared_b16_freetrain_rpos_nopos_nonsharedpreds_drop03_align_inner_trial2_pt_incomplete_unsharedpreds_100p_50e_50o.pth.tar'},
 'normalization': {'calculate_metrics': False,
                   'dir': '/esat/biomeddata/SHHS_Dataset/no_backup/metrics_eeg_eog_emg_stft.pkl',
                   'metrics_type': 'train_dataset',
                   'save_metrics': False,
                   'use': True},
 'num_classes': 5,
 'num_modalities': 1,
 'optimizer': {'beta1': 0.9,
               'beta2': 0.999,
               'learning_rate': 0.0001,
               'momentum': 0.2,
               'type': 'Adam',
               'weight_decay': 0.0001},
 'plots': {'plot_stft_num': 0, 'save': False},
 'post_proc': {'post_proc_step': 15,
               'test_postprocessing': False,
               'val_postprocessing': False},
 'scheduler': {'max_lr': 0.03, 'type': 'cosanneal', 'warm_up': 55},
 'statistics': {'ce_weights': {'temp': 0.1, 'use': False}, 'print': False},
 'training_params': {'adversarial_training': {'adv_epsilon': 0.01,
                                              'use': False},
                     'async_loading': True,
                     'batch_size': 32,
                     'cuda': False,
                     'data_loader_workers': 8,
                     'gpu_device': [0],
                     'pin_memory': True,
                     'rec_test': False,
                     'res': True,
                     'seed': 35,
                     'tdqm_disable': True,
                     'test_batch_size': 32,
                     'test_on_tops': True,
                     'use_test_set': True,
                     'validation': True,
                     'verbose': True,
                     'wandb_disable': True}}
 *************************************** 
The experiment name is Sleep EEG-EOG BLIP Experiment
 *************************************** 
stft_eeg Train 3724 validation 100 test 1639
stft_eog Train 3724 validation 100 test 1639
{'use_type': 'subsample', 'skip_skips': False, 'whole_patient': True, 'std_threshold': 41, 'perc_threshold': 0.4, 'subsets': {'combined': 100, 'eeg': 50, 'eog': 50}}
We subsample patients with 100 both mods, 50 only EEG and 50 only EOG and len_skipped is 199.
{'use_type': False, 'skip_skips': True, 'whole_patient': False}
{'use_type': 'include_only_skipped', 'skip_skips': True, 'whole_patient': False, 'std_threshold': 41, 'perc_threshold': 0.4}
Patients with broken modalities are 14
{'use_type': False, 'skip_skips': True}
Loading metrics from /esat/biomeddata/SHHS_Dataset/no_backup/metrics_eeg_eog_emg_stft.pkl
Weights are [1. 1. 1. 1. 1.]
294
50
6
tensor([1., 1., 1., 1., 1.], device='cuda:0')
We are not shuffling the data
Training function is sleep_train_one_step_alignment_order_multisupervised
Loss Weights are {'combined': 1, 'eeg': 1, 'eog': 1, 'alignments': 0.1, 'order': 0, 'consistency': 0, 'reconstruction': 0}
We are not shuffling the data
<class 'graphs.models.attention_models.BLIP.SleepEnc_BLIP_EEG_EOG_shared_free_cliplike'>
Total number of trainable parameters are: 10001935
Available cuda devices: 1, current device:0
Total number of trainable parameters are: 10001935
[37mEpoch 0 step 1 with [31mce_loss_combined : 0.926198 [31mce_loss_eeg : 1.313794 [31mce_loss_eog : 1.321756 [31mtotal : 3.561749 [94mAcc_combined: 63.79 [94mAcc_eeg: 60.32 [94mAcc_eog: 57.10 [92mF1_combined: 42.11 [92mF1_eeg: 29.70 [92mF1_eog: 27.69 [92mK_combined: 0.4729 [92mK_eeg: 0.3759 [92mK_eog: 0.3326 [34mF1_perclass_combined: [80.9, 0.0, 66.26, 63.41, 0.0] [34mF1_perclass_eeg: [81.34, 0.0, 67.15, 0.0, 0.0] [34mF1_perclass_eog: [71.96, 0.0, 65.91, 0.61, 0.0] 
[37mEpoch 0 step 2 with [31mce_loss_combined : 0.858441 [31mce_loss_eeg : 1.238460 [31mce_loss_eog : 1.271113 [31mtotal : 3.368014 [94mAcc_combined: 63.54 [94mAcc_eeg: 61.53 [94mAcc_eog: 57.78 [92mF1_combined: 44.02 [92mF1_eeg: 30.17 [92mF1_eog: 28.20 [92mK_combined: 0.4783 [92mK_eeg: 0.3968 [92mK_eog: 0.3262 [34mF1_perclass_combined: [83.68, 0.0, 67.43, 14.02, 54.98] [34mF1_perclass_eeg: [81.79, 0.0, 69.04, 0.0, 0.0] [34mF1_perclass_eog: [74.27, 0.0, 66.7, 0.0, 0.0] 
[37mEpoch 0 step 3 with [31mce_loss_combined : 0.866507 [31mce_loss_eeg : 1.186150 [31mce_loss_eog : 1.245540 [31mtotal : 3.298198 [94mAcc_combined: 63.47 [94mAcc_eeg: 64.05 [94mAcc_eog: 59.79 [92mF1_combined: 51.74 [92mF1_eeg: 37.00 [92mF1_eog: 33.92 [92mK_combined: 0.5200 [92mK_eeg: 0.4376 [92mK_eog: 0.3810 [34mF1_perclass_combined: [83.47, 0.0, 54.18, 61.85, 59.19] [34mF1_perclass_eeg: [84.54, 0.0, 69.75, 30.72, 0.0] [34mF1_perclass_eog: [71.95, 0.0, 68.35, 29.32, 0.0] 
[37mEpoch 0 step 4 with [31mce_loss_combined : 0.867654 [31mce_loss_eeg : 1.173798 [31mce_loss_eog : 1.224189 [31mtotal : 3.265641 [94mAcc_combined: 67.73 [94mAcc_eeg: 69.45 [94mAcc_eog: 62.98 [92mF1_combined: 45.43 [92mF1_eeg: 47.48 [92mF1_eog: 39.67 [92mK_combined: 0.5228 [92mK_eeg: 0.5497 [92mK_eog: 0.4430 [34mF1_perclass_combined: [74.99, 0.0, 75.94, 63.42, 12.8] [34mF1_perclass_eeg: [77.67, 0.0, 75.75, 73.36, 10.63] [34mF1_perclass_eog: [73.39, 0.0, 70.03, 54.08, 0.85] 
[37mEpoch 0 step 5 with [31mce_loss_combined : 0.783895 [31mce_loss_eeg : 1.157149 [31mce_loss_eog : 1.218618 [31mtotal : 3.159661 [94mAcc_combined: 69.92 [94mAcc_eeg: 69.74 [94mAcc_eog: 64.48 [92mF1_combined: 55.76 [92mF1_eeg: 50.30 [92mF1_eog: 41.28 [92mK_combined: 0.5854 [92mK_eeg: 0.5490 [92mK_eog: 0.4626 [34mF1_perclass_combined: [79.78, 0.0, 70.91, 74.28, 53.85] [34mF1_perclass_eeg: [84.09, 0.0, 74.0, 53.37, 40.06] [34mF1_perclass_eog: [75.27, 0.0, 71.13, 59.88, 0.14] 
[37mEpoch 1 step 6 with [31mce_loss_combined : 0.707502 [31mce_loss_eeg : 1.139402 [31mce_loss_eog : 1.186487 [31mtotal : 3.033391 [94mAcc_combined: 75.17 [94mAcc_eeg: 68.90 [94mAcc_eog: 63.95 [92mF1_combined: 58.82 [92mF1_eeg: 48.51 [92mF1_eog: 41.11 [92mK_combined: 0.6464 [92mK_eeg: 0.5303 [92mK_eog: 0.4438 [34mF1_perclass_combined: [85.7, 0.0, 77.74, 64.64, 66.03] [34mF1_perclass_eeg: [85.38, 0.0, 73.56, 47.87, 35.75] [34mF1_perclass_eog: [76.91, 0.0, 70.47, 51.41, 6.76] 
[37mEpoch 1 step 7 with [31mce_loss_combined : 0.667741 [31mce_loss_eeg : 1.160364 [31mce_loss_eog : 1.162807 [31mtotal : 2.990913 [94mAcc_combined: 75.56 [94mAcc_eeg: 68.22 [94mAcc_eog: 67.74 [92mF1_combined: 59.65 [92mF1_eeg: 44.63 [92mF1_eog: 48.80 [92mK_combined: 0.6503 [92mK_eeg: 0.5205 [92mK_eog: 0.5173 [34mF1_perclass_combined: [84.94, 0.0, 77.1, 73.61, 62.58] [34mF1_perclass_eeg: [81.59, 0.0, 73.23, 65.31, 3.03] [34mF1_perclass_eog: [77.67, 0.0, 73.34, 60.08, 32.93] 
[37mEpoch 1 step 9 with [31mce_loss_combined : 0.636663 [31mce_loss_eeg : 1.099897 [31mce_loss_eog : 1.134184 [31mtotal : 2.870743 [94mAcc_combined: 75.36 [94mAcc_eeg: 75.00 [94mAcc_eog: 71.71 [92mF1_combined: 60.92 [92mF1_eeg: 59.01 [92mF1_eog: 56.12 [92mK_combined: 0.6654 [92mK_eeg: 0.6410 [92mK_eog: 0.5937 [34mF1_perclass_combined: [86.67, 0.0, 75.03, 76.75, 66.18] [34mF1_perclass_eeg: [85.35, 0.0, 78.05, 75.35, 56.29] [34mF1_perclass_eog: [78.51, 0.0, 75.63, 68.56, 57.91] 
[37mEpoch 2 step 13 with [31mce_loss_combined : 0.593969 [31mce_loss_eeg : 1.077331 [31mce_loss_eog : 1.109239 [31mtotal : 2.780539 [94mAcc_combined: 78.62 [94mAcc_eeg: 74.72 [94mAcc_eog: 71.61 [92mF1_combined: 62.79 [92mF1_eeg: 57.65 [92mF1_eog: 54.65 [92mK_combined: 0.6971 [92mK_eeg: 0.6304 [92mK_eog: 0.5867 [34mF1_perclass_combined: [85.53, 0.65, 82.33, 75.09, 70.34] [34mF1_perclass_eeg: [85.68, 0.0, 77.84, 74.83, 49.92] [34mF1_perclass_eog: [79.8, 0.0, 76.46, 53.4, 63.59] 
[37mEpoch 2 step 14 with [31mce_loss_combined : 0.595726 [31mce_loss_eeg : 1.073097 [31mce_loss_eog : 1.100576 [31mtotal : 2.769398 [94mAcc_combined: 79.00 [94mAcc_eeg: 75.69 [94mAcc_eog: 73.07 [92mF1_combined: 63.25 [92mF1_eeg: 58.89 [92mF1_eog: 57.47 [92mK_combined: 0.7039 [92mK_eeg: 0.6477 [92mK_eog: 0.6119 [34mF1_perclass_combined: [87.88, 0.0, 80.67, 75.57, 72.14] [34mF1_perclass_eeg: [84.53, 0.0, 79.2, 71.99, 58.74] [34mF1_perclass_eog: [78.68, 0.0, 76.82, 65.19, 66.67] 
[37mEpoch 2 step 15 with [31mce_loss_combined : 0.584314 [31mce_loss_eeg : 1.061673 [31mce_loss_eog : 1.085844 [31mtotal : 2.731831 [94mAcc_combined: 78.43 [94mAcc_eeg: 76.82 [94mAcc_eog: 73.87 [92mF1_combined: 63.85 [92mF1_eeg: 61.56 [92mF1_eog: 58.58 [92mK_combined: 0.7017 [92mK_eeg: 0.6731 [92mK_eog: 0.6285 [34mF1_perclass_combined: [86.73, 2.71, 80.67, 79.74, 69.42] [34mF1_perclass_eeg: [85.65, 0.0, 79.21, 79.5, 63.47] [34mF1_perclass_eog: [79.83, 0.0, 77.42, 66.41, 69.22] 
[37mEpoch 2 step 16 with [31mce_loss_combined : 0.553014 [31mce_loss_eeg : 1.060680 [31mce_loss_eog : 1.085665 [31mtotal : 2.699360 [94mAcc_combined: 79.59 [94mAcc_eeg: 76.91 [94mAcc_eog: 73.92 [92mF1_combined: 64.94 [92mF1_eeg: 61.75 [92mF1_eog: 59.03 [92mK_combined: 0.7167 [92mK_eeg: 0.6790 [92mK_eog: 0.6302 [34mF1_perclass_combined: [87.21, 4.08, 80.73, 77.56, 75.13] [34mF1_perclass_eeg: [85.91, 0.0, 78.63, 80.65, 63.59] [34mF1_perclass_eog: [78.44, 0.0, 76.63, 70.07, 69.99] 
[37mEpoch 3 step 18 with [31mce_loss_combined : 0.509089 [31mce_loss_eeg : 1.040886 [31mce_loss_eog : 1.066099 [31mtotal : 2.616074 [94mAcc_combined: 81.39 [94mAcc_eeg: 77.90 [94mAcc_eog: 75.34 [92mF1_combined: 66.42 [92mF1_eeg: 62.42 [92mF1_eog: 60.00 [92mK_combined: 0.7389 [92mK_eeg: 0.6888 [92mK_eog: 0.6478 [34mF1_perclass_combined: [88.04, 4.25, 83.54, 81.66, 74.58] [34mF1_perclass_eeg: [85.91, 0.0, 79.96, 81.94, 64.3] [34mF1_perclass_eog: [81.06, 0.0, 78.21, 69.04, 71.7] 
[37mEpoch 4 step 25 with [31mce_loss_combined : 0.526095 [31mce_loss_eeg : 1.052313 [31mce_loss_eog : 1.030650 [31mtotal : 2.609058 [94mAcc_combined: 81.30 [94mAcc_eeg: 74.19 [94mAcc_eog: 76.54 [92mF1_combined: 69.31 [92mF1_eeg: 57.87 [92mF1_eog: 61.26 [92mK_combined: 0.7376 [92mK_eeg: 0.6316 [92mK_eog: 0.6645 [34mF1_perclass_combined: [88.36, 19.59, 83.95, 77.99, 76.67] [34mF1_perclass_eeg: [85.45, 0.0, 77.58, 60.72, 65.62] [34mF1_perclass_eog: [82.11, 0.0, 78.78, 69.49, 75.92] 
[37mEpoch 4 step 27 with [31mce_loss_combined : 0.503949 [31mce_loss_eeg : 1.015040 [31mce_loss_eog : 1.030557 [31mtotal : 2.549546 [94mAcc_combined: 82.21 [94mAcc_eeg: 77.97 [94mAcc_eog: 76.30 [92mF1_combined: 67.75 [92mF1_eeg: 62.30 [92mF1_eog: 61.45 [92mK_combined: 0.7481 [92mK_eeg: 0.6893 [92mK_eog: 0.6609 [34mF1_perclass_combined: [87.49, 8.01, 84.5, 82.06, 76.7] [34mF1_perclass_eeg: [85.41, 0.0, 80.73, 79.45, 65.92] [34mF1_perclass_eog: [81.63, 0.0, 78.13, 71.59, 75.89] 
[37mEpoch 4 step 29 with [31mce_loss_combined : 0.480363 [31mce_loss_eeg : 1.000984 [31mce_loss_eog : 1.042266 [31mtotal : 2.523613 [94mAcc_combined: 83.11 [94mAcc_eeg: 78.91 [94mAcc_eog: 74.95 [92mF1_combined: 68.92 [92mF1_eeg: 62.84 [92mF1_eog: 60.51 [92mK_combined: 0.7596 [92mK_eeg: 0.6968 [92mK_eog: 0.6530 [34mF1_perclass_combined: [87.91, 9.03, 85.06, 82.32, 80.28] [34mF1_perclass_eeg: [85.88, 0.0, 81.56, 80.82, 65.94] [34mF1_perclass_eog: [81.92, 0.0, 75.94, 71.7, 72.98] 
[37mEpoch 5 step 33 with [31mce_loss_combined : 0.504180 [31mce_loss_eeg : 0.989441 [31mce_loss_eog : 1.018327 [31mtotal : 2.511948 [94mAcc_combined: 82.46 [94mAcc_eeg: 79.17 [94mAcc_eog: 76.34 [92mF1_combined: 67.42 [92mF1_eeg: 62.81 [92mF1_eog: 61.04 [92mK_combined: 0.7481 [92mK_eeg: 0.7003 [92mK_eog: 0.6597 [34mF1_perclass_combined: [88.75, 6.71, 84.39, 81.03, 76.23] [34mF1_perclass_eeg: [85.98, 0.1, 81.81, 82.13, 64.05] [34mF1_perclass_eog: [81.8, 0.0, 78.73, 71.49, 73.15] 
[37mEpoch 5 step 35 with [31mce_loss_combined : 0.497276 [31mce_loss_eeg : 1.002492 [31mce_loss_eog : 1.010073 [31mtotal : 2.509841 [94mAcc_combined: 81.58 [94mAcc_eeg: 77.76 [94mAcc_eog: 76.95 [92mF1_combined: 65.55 [92mF1_eeg: 60.63 [92mF1_eog: 61.84 [92mK_combined: 0.7353 [92mK_eeg: 0.6751 [92mK_eog: 0.6743 [34mF1_perclass_combined: [84.95, 1.54, 85.07, 78.17, 78.02] [34mF1_perclass_eeg: [85.27, 0.05, 80.78, 80.71, 56.35] [34mF1_perclass_eog: [82.39, 0.0, 78.95, 71.36, 76.5] 
[37mEpoch 6 step 38 with [31mce_loss_combined : 0.455687 [31mce_loss_eeg : 0.985029 [31mce_loss_eog : 1.023776 [31mtotal : 2.464492 [94mAcc_combined: 83.78 [94mAcc_eeg: 78.98 [94mAcc_eog: 74.80 [92mF1_combined: 68.01 [92mF1_eeg: 62.76 [92mF1_eog: 58.22 [92mK_combined: 0.7687 [92mK_eeg: 0.6987 [92mK_eog: 0.6334 [34mF1_perclass_combined: [90.21, 1.2, 84.88, 82.05, 81.68] [34mF1_perclass_eeg: [86.56, 0.0, 80.88, 83.08, 63.28] [34mF1_perclass_eog: [80.06, 0.0, 79.29, 63.06, 68.69] 
[37mEpoch 6 step 39 with [31mce_loss_combined : 0.451072 [31mce_loss_eeg : 0.981248 [31mce_loss_eog : 1.000742 [31mtotal : 2.433062 [94mAcc_combined: 83.99 [94mAcc_eeg: 78.65 [94mAcc_eog: 77.03 [92mF1_combined: 69.64 [92mF1_eeg: 61.92 [92mF1_eog: 61.98 [92mK_combined: 0.7724 [92mK_eeg: 0.6890 [92mK_eog: 0.6742 [34mF1_perclass_combined: [89.03, 9.52, 85.77, 82.85, 81.06] [34mF1_perclass_eeg: [86.15, 0.66, 81.65, 77.81, 63.32] [34mF1_perclass_eog: [82.22, 0.0, 78.88, 72.32, 76.49] 
[37mEpoch 7 step 45 with [31mce_loss_combined : 0.471296 [31mce_loss_eeg : 0.966651 [31mce_loss_eog : 0.988079 [31mtotal : 2.426026 [94mAcc_combined: 83.21 [94mAcc_eeg: 78.89 [94mAcc_eog: 77.29 [92mF1_combined: 69.84 [92mF1_eeg: 62.64 [92mF1_eog: 61.98 [92mK_combined: 0.7607 [92mK_eeg: 0.6961 [92mK_eog: 0.6768 [34mF1_perclass_combined: [87.94, 15.49, 85.75, 78.49, 81.53] [34mF1_perclass_eeg: [85.52, 1.74, 82.28, 75.44, 68.23] [34mF1_perclass_eog: [81.94, 0.0, 79.62, 71.31, 77.05] 
[37mEpoch 7 step 47 with [31mce_loss_combined : 0.473758 [31mce_loss_eeg : 0.947822 [31mce_loss_eog : 0.981167 [31mtotal : 2.402747 [94mAcc_combined: 82.38 [94mAcc_eeg: 80.51 [94mAcc_eog: 77.36 [92mF1_combined: 70.15 [92mF1_eeg: 65.12 [92mF1_eog: 61.99 [92mK_combined: 0.7550 [92mK_eeg: 0.7252 [92mK_eog: 0.6757 [34mF1_perclass_combined: [85.6, 15.18, 83.46, 82.79, 83.73] [34mF1_perclass_eeg: [87.28, 1.84, 82.14, 83.42, 70.92] [34mF1_perclass_eog: [82.56, 0.0, 79.76, 71.61, 76.01] 
[37mEpoch 8 step 50 with [31mce_loss_combined : 0.458985 [31mce_loss_eeg : 0.952838 [31mce_loss_eog : 0.976644 [31mtotal : 2.388467 [94mAcc_combined: 83.57 [94mAcc_eeg: 79.76 [94mAcc_eog: 77.35 [92mF1_combined: 69.14 [92mF1_eeg: 64.36 [92mF1_eog: 62.21 [92mK_combined: 0.7693 [92mK_eeg: 0.7148 [92mK_eog: 0.6761 [34mF1_perclass_combined: [90.06, 6.16, 84.08, 82.04, 83.35] [34mF1_perclass_eeg: [87.1, 0.65, 81.16, 82.56, 70.31] [34mF1_perclass_eog: [83.02, 0.0, 79.17, 70.84, 78.02] 
[37mEpoch 8 step 52 with [31mce_loss_combined : 0.446996 [31mce_loss_eeg : 0.939186 [31mce_loss_eog : 0.976469 [31mtotal : 2.362652 [94mAcc_combined: 83.63 [94mAcc_eeg: 80.35 [94mAcc_eog: 77.19 [92mF1_combined: 70.64 [92mF1_eeg: 64.65 [92mF1_eog: 61.64 [92mK_combined: 0.7688 [92mK_eeg: 0.7218 [92mK_eog: 0.6736 [34mF1_perclass_combined: [88.4, 14.9, 85.13, 81.84, 82.91] [34mF1_perclass_eeg: [87.35, 0.51, 82.75, 81.29, 71.38] [34mF1_perclass_eog: [82.24, 0.0, 79.93, 71.17, 74.86] 
[37mEpoch 9 step 53 with [31mce_loss_combined : 0.444667 [31mce_loss_eeg : 0.927090 [31mce_loss_eog : 0.973626 [31mtotal : 2.345384 [94mAcc_combined: 83.74 [94mAcc_eeg: 81.29 [94mAcc_eog: 77.02 [92mF1_combined: 73.17 [92mF1_eeg: 65.86 [92mF1_eog: 61.53 [92mK_combined: 0.7729 [92mK_eeg: 0.7344 [92mK_eog: 0.6696 [34mF1_perclass_combined: [87.82, 25.89, 85.28, 83.53, 83.31] [34mF1_perclass_eeg: [87.54, 2.42, 83.24, 83.68, 72.42] [34mF1_perclass_eog: [82.06, 0.0, 79.78, 71.64, 74.18] 
[37mEpoch 9 step 54 with [31mce_loss_combined : 0.437096 [31mce_loss_eeg : 0.935007 [31mce_loss_eog : 0.960625 [31mtotal : 2.332727 [94mAcc_combined: 84.77 [94mAcc_eeg: 80.51 [94mAcc_eog: 78.19 [92mF1_combined: 72.70 [92mF1_eeg: 64.90 [92mF1_eog: 62.40 [92mK_combined: 0.7859 [92mK_eeg: 0.7229 [92mK_eog: 0.6846 [34mF1_perclass_combined: [89.72, 20.34, 86.06, 82.6, 84.78] [34mF1_perclass_eeg: [87.02, 2.37, 82.31, 82.61, 70.2] [34mF1_perclass_eog: [83.76, 0.0, 80.38, 67.09, 80.79] 
[37mEpoch 9 step 56 with [31mce_loss_combined : 0.434182 [31mce_loss_eeg : 0.932467 [31mce_loss_eog : 0.959671 [31mtotal : 2.326320 [94mAcc_combined: 84.54 [94mAcc_eeg: 80.53 [94mAcc_eog: 78.00 [92mF1_combined: 69.77 [92mF1_eeg: 65.28 [92mF1_eog: 62.92 [92mK_combined: 0.7826 [92mK_eeg: 0.7274 [92mK_eog: 0.6853 [34mF1_perclass_combined: [90.86, 5.53, 85.12, 82.88, 84.49] [34mF1_perclass_eeg: [87.78, 1.39, 81.66, 82.3, 73.27] [34mF1_perclass_eog: [83.62, 0.0, 79.48, 71.41, 80.11] 
[37mEpoch 10 step 59 with [31mce_loss_combined : 0.437165 [31mce_loss_eeg : 0.919293 [31mce_loss_eog : 0.957175 [31mtotal : 2.313633 [94mAcc_combined: 83.84 [94mAcc_eeg: 81.25 [94mAcc_eog: 78.00 [92mF1_combined: 73.29 [92mF1_eeg: 65.74 [92mF1_eog: 62.38 [92mK_combined: 0.7734 [92mK_eeg: 0.7324 [92mK_eog: 0.6846 [34mF1_perclass_combined: [89.14, 27.6, 85.5, 81.79, 82.45] [34mF1_perclass_eeg: [87.71, 2.81, 83.34, 81.91, 72.92] [34mF1_perclass_eog: [83.39, 0.0, 80.35, 69.79, 78.36] 
[37mEpoch 10 step 60 with [31mce_loss_combined : 0.421008 [31mce_loss_eeg : 0.919778 [31mce_loss_eog : 0.949070 [31mtotal : 2.289857 [94mAcc_combined: 84.36 [94mAcc_eeg: 81.10 [94mAcc_eog: 78.46 [92mF1_combined: 73.66 [92mF1_eeg: 65.74 [92mF1_eog: 63.27 [92mK_combined: 0.7827 [92mK_eeg: 0.7325 [92mK_eog: 0.6943 [34mF1_perclass_combined: [90.18, 25.96, 85.05, 82.0, 85.09] [34mF1_perclass_eeg: [87.95, 2.38, 82.55, 83.61, 72.19] [34mF1_perclass_eog: [84.21, 0.0, 79.93, 72.3, 79.89] 
[37mEpoch 10 step 64 with [31mce_loss_combined : 0.415938 [31mce_loss_eeg : 0.916110 [31mce_loss_eog : 0.944410 [31mtotal : 2.276457 [94mAcc_combined: 84.98 [94mAcc_eeg: 80.85 [94mAcc_eog: 78.66 [92mF1_combined: 73.43 [92mF1_eeg: 65.68 [92mF1_eog: 62.79 [92mK_combined: 0.7874 [92mK_eeg: 0.7271 [92mK_eog: 0.6946 [34mF1_perclass_combined: [89.88, 23.1, 86.47, 82.09, 85.6] [34mF1_perclass_eeg: [87.33, 3.22, 82.92, 83.0, 71.94] [34mF1_perclass_eog: [84.62, 0.0, 80.6, 67.43, 81.3] 
[37mEpoch 11 step 65 with [31mce_loss_combined : 0.406448 [31mce_loss_eeg : 0.909029 [31mce_loss_eog : 0.938664 [31mtotal : 2.254141 [94mAcc_combined: 85.21 [94mAcc_eeg: 81.54 [94mAcc_eog: 79.04 [92mF1_combined: 74.32 [92mF1_eeg: 66.67 [92mF1_eog: 63.67 [92mK_combined: 0.7922 [92mK_eeg: 0.7397 [92mK_eog: 0.7022 [34mF1_perclass_combined: [89.94, 26.15, 86.51, 83.47, 85.55] [34mF1_perclass_eeg: [87.98, 4.65, 83.33, 83.43, 73.98] [34mF1_perclass_eog: [84.64, 0.0, 80.52, 71.59, 81.62] 
[37mEpoch 12 step 71 with [31mce_loss_combined : 0.413573 [31mce_loss_eeg : 0.898357 [31mce_loss_eog : 0.932919 [31mtotal : 2.244849 [94mAcc_combined: 84.78 [94mAcc_eeg: 81.70 [94mAcc_eog: 78.82 [92mF1_combined: 74.40 [92mF1_eeg: 66.91 [92mF1_eog: 63.39 [92mK_combined: 0.7872 [92mK_eeg: 0.7417 [92mK_eog: 0.6977 [34mF1_perclass_combined: [90.1, 28.85, 86.09, 83.06, 83.91] [34mF1_perclass_eeg: [87.85, 5.28, 83.74, 83.1, 74.57] [34mF1_perclass_eog: [84.73, 0.0, 80.26, 70.34, 81.62] 
[37mEpoch 12 step 73 with [31mce_loss_combined : 0.392394 [31mce_loss_eeg : 0.898589 [31mce_loss_eog : 0.937768 [31mtotal : 2.228750 [94mAcc_combined: 85.69 [94mAcc_eeg: 81.73 [94mAcc_eog: 78.40 [92mF1_combined: 74.55 [92mF1_eeg: 66.69 [92mF1_eog: 62.59 [92mK_combined: 0.7987 [92mK_eeg: 0.7407 [92mK_eog: 0.6899 [34mF1_perclass_combined: [90.76, 25.56, 86.92, 83.19, 86.31] [34mF1_perclass_eeg: [88.41, 4.64, 83.2, 83.69, 73.51] [34mF1_perclass_eog: [83.43, 0.0, 80.69, 68.05, 80.78] 
[37mEpoch 12 step 74 with [31mce_loss_combined : 0.388153 [31mce_loss_eeg : 0.893588 [31mce_loss_eog : 0.928358 [31mtotal : 2.210099 [94mAcc_combined: 85.79 [94mAcc_eeg: 82.07 [94mAcc_eog: 79.05 [92mF1_combined: 75.11 [92mF1_eeg: 67.30 [92mF1_eog: 63.39 [92mK_combined: 0.8003 [92mK_eeg: 0.7470 [92mK_eog: 0.6997 [34mF1_perclass_combined: [90.72, 28.07, 87.02, 83.39, 86.36] [34mF1_perclass_eeg: [88.39, 5.62, 83.82, 83.64, 75.02] [34mF1_perclass_eog: [84.58, 0.0, 80.8, 69.55, 82.0] 
[37mEpoch 12 step 75 with [31mce_loss_combined : 0.388387 [31mce_loss_eeg : 0.893341 [31mce_loss_eog : 0.927207 [31mtotal : 2.208934 [94mAcc_combined: 85.73 [94mAcc_eeg: 82.02 [94mAcc_eog: 79.15 [92mF1_combined: 75.07 [92mF1_eeg: 67.35 [92mF1_eog: 63.63 [92mK_combined: 0.7992 [92mK_eeg: 0.7459 [92mK_eog: 0.7020 [34mF1_perclass_combined: [90.62, 28.37, 87.08, 82.92, 86.34] [34mF1_perclass_eeg: [88.32, 6.34, 83.9, 82.94, 75.24] [34mF1_perclass_eog: [84.58, 0.0, 80.78, 70.71, 82.06] 
[37mEpoch 14 step 86 with [31mce_loss_combined : 0.408308 [31mce_loss_eeg : 0.879323 [31mce_loss_eog : 0.913340 [31mtotal : 2.200971 [94mAcc_combined: 85.70 [94mAcc_eeg: 82.16 [94mAcc_eog: 79.08 [92mF1_combined: 74.10 [92mF1_eeg: 68.22 [92mF1_eog: 64.17 [92mK_combined: 0.7977 [92mK_eeg: 0.7457 [92mK_eog: 0.7045 [34mF1_perclass_combined: [90.02, 24.33, 87.32, 83.02, 85.8] [34mF1_perclass_eeg: [87.74, 11.8, 84.39, 82.06, 75.11] [34mF1_perclass_eog: [85.03, 0.0, 79.65, 73.12, 83.05] 
[37mEpoch 14 step 88 with [31mce_loss_combined : 0.404794 [31mce_loss_eeg : 0.873981 [31mce_loss_eog : 0.912231 [31mtotal : 2.191006 [94mAcc_combined: 85.43 [94mAcc_eeg: 82.35 [94mAcc_eog: 79.08 [92mF1_combined: 74.87 [92mF1_eeg: 68.33 [92mF1_eog: 64.20 [92mK_combined: 0.7956 [92mK_eeg: 0.7500 [92mK_eog: 0.7061 [34mF1_perclass_combined: [89.77, 28.42, 86.84, 83.69, 85.64] [34mF1_perclass_eeg: [87.71, 10.57, 84.35, 83.52, 75.52] [34mF1_perclass_eog: [85.28, 0.0, 79.55, 72.87, 83.28] 
[37mEpoch 15 step 91 with [31mce_loss_combined : 0.386687 [31mce_loss_eeg : 0.868225 [31mce_loss_eog : 0.916259 [31mtotal : 2.171170 [94mAcc_combined: 86.01 [94mAcc_eeg: 82.71 [94mAcc_eog: 78.96 [92mF1_combined: 76.07 [92mF1_eeg: 69.31 [92mF1_eog: 62.96 [92mK_combined: 0.8040 [92mK_eeg: 0.7564 [92mK_eog: 0.6983 [34mF1_perclass_combined: [90.72, 32.35, 87.4, 83.6, 86.28] [34mF1_perclass_eeg: [88.69, 12.98, 84.33, 83.99, 76.55] [34mF1_perclass_eog: [84.62, 0.0, 80.8, 66.3, 83.08] 
[37mEpoch 15 step 92 with [31mce_loss_combined : 0.387446 [31mce_loss_eeg : 0.869433 [31mce_loss_eog : 0.903423 [31mtotal : 2.160302 [94mAcc_combined: 86.10 [94mAcc_eeg: 82.60 [94mAcc_eog: 79.69 [92mF1_combined: 76.04 [92mF1_eeg: 69.56 [92mF1_eog: 64.43 [92mK_combined: 0.8042 [92mK_eeg: 0.7547 [92mK_eog: 0.7108 [34mF1_perclass_combined: [90.65, 32.24, 87.61, 83.15, 86.55] [34mF1_perclass_eeg: [88.63, 15.1, 84.44, 82.72, 76.91] [34mF1_perclass_eog: [85.45, 0.0, 80.67, 72.39, 83.67] 
[37mEpoch 15 step 94 with [31mce_loss_combined : 0.384981 [31mce_loss_eeg : 0.867235 [31mce_loss_eog : 0.903199 [31mtotal : 2.155416 [94mAcc_combined: 86.10 [94mAcc_eeg: 82.71 [94mAcc_eog: 79.75 [92mF1_combined: 76.18 [92mF1_eeg: 69.68 [92mF1_eog: 64.33 [92mK_combined: 0.8048 [92mK_eeg: 0.7564 [92mK_eog: 0.7122 [34mF1_perclass_combined: [90.64, 32.7, 87.5, 83.53, 86.51] [34mF1_perclass_eeg: [88.61, 14.88, 84.44, 83.77, 76.69] [34mF1_perclass_eog: [85.4, 0.0, 80.92, 71.75, 83.59] 
[37mEpoch 16 step 95 with [31mce_loss_combined : 0.384269 [31mce_loss_eeg : 0.867230 [31mce_loss_eog : 0.902941 [31mtotal : 2.154441 [94mAcc_combined: 86.13 [94mAcc_eeg: 82.71 [94mAcc_eog: 79.79 [92mF1_combined: 76.24 [92mF1_eeg: 69.75 [92mF1_eog: 64.40 [92mK_combined: 0.8054 [92mK_eeg: 0.7565 [92mK_eog: 0.7129 [34mF1_perclass_combined: [90.68, 32.8, 87.52, 83.7, 86.52] [34mF1_perclass_eeg: [88.6, 15.19, 84.41, 83.9, 76.67] [34mF1_perclass_eog: [85.43, 0.0, 80.92, 72.08, 83.59] 
[37mEpoch 18 step 107 with [31mce_loss_combined : 0.410550 [31mce_loss_eeg : 0.854042 [31mce_loss_eog : 0.887516 [31mtotal : 2.152108 [94mAcc_combined: 85.85 [94mAcc_eeg: 82.53 [94mAcc_eog: 79.60 [92mF1_combined: 74.44 [92mF1_eeg: 70.71 [92mF1_eog: 63.94 [92mK_combined: 0.8014 [92mK_eeg: 0.7534 [92mK_eog: 0.7080 [34mF1_perclass_combined: [89.94, 24.39, 87.36, 83.79, 86.7] [34mF1_perclass_eeg: [87.99, 21.86, 84.32, 83.8, 75.6] [34mF1_perclass_eog: [85.48, 0.0, 81.08, 69.73, 83.38] 
[37mEpoch 19 step 113 with [31mce_loss_combined : 0.389134 [31mce_loss_eeg : 0.838926 [31mce_loss_eog : 0.878329 [31mtotal : 2.106389 [94mAcc_combined: 86.28 [94mAcc_eeg: 82.91 [94mAcc_eog: 79.75 [92mF1_combined: 76.82 [92mF1_eeg: 71.58 [92mF1_eog: 63.93 [92mK_combined: 0.8079 [92mK_eeg: 0.7588 [92mK_eog: 0.7104 [34mF1_perclass_combined: [90.75, 35.01, 87.75, 83.6, 87.01] [34mF1_perclass_eeg: [88.53, 24.29, 84.71, 83.91, 76.44] [34mF1_perclass_eog: [85.75, 0.0, 81.26, 68.83, 83.81] 
[37mEpoch 20 step 120 with [31mce_loss_combined : 0.383558 [31mce_loss_eeg : 0.833238 [31mce_loss_eog : 0.876307 [31mtotal : 2.093102 [94mAcc_combined: 86.07 [94mAcc_eeg: 83.02 [94mAcc_eog: 79.52 [92mF1_combined: 76.55 [92mF1_eeg: 71.94 [92mF1_eog: 63.43 [92mK_combined: 0.8048 [92mK_eeg: 0.7622 [92mK_eog: 0.7046 [34mF1_perclass_combined: [90.99, 33.43, 87.36, 83.81, 87.18] [34mF1_perclass_eeg: [88.71, 24.49, 84.36, 84.0, 78.15] [34mF1_perclass_eog: [85.69, 0.0, 81.16, 66.04, 84.27] 
[37mEpoch 21 step 124 with [31mce_loss_combined : 0.389773 [31mce_loss_eeg : 0.831121 [31mce_loss_eog : 0.865608 [31mtotal : 2.086503 [94mAcc_combined: 85.95 [94mAcc_eeg: 82.94 [94mAcc_eog: 79.98 [92mF1_combined: 76.63 [92mF1_eeg: 71.83 [92mF1_eog: 64.50 [92mK_combined: 0.8033 [92mK_eeg: 0.7596 [92mK_eog: 0.7159 [34mF1_perclass_combined: [90.69, 35.44, 87.37, 83.72, 85.93] [34mF1_perclass_eeg: [88.52, 24.84, 84.68, 83.65, 77.46] [34mF1_perclass_eog: [86.23, 0.0, 81.0, 71.74, 83.52] 
[37mEpoch 21 step 126 with [31mce_loss_combined : 0.383147 [31mce_loss_eeg : 0.828636 [31mce_loss_eog : 0.872645 [31mtotal : 2.084428 [94mAcc_combined: 86.33 [94mAcc_eeg: 83.09 [94mAcc_eog: 79.68 [92mF1_combined: 77.27 [92mF1_eeg: 72.09 [92mF1_eog: 63.73 [92mK_combined: 0.8089 [92mK_eeg: 0.7623 [92mK_eog: 0.7088 [34mF1_perclass_combined: [91.1, 36.32, 87.52, 84.19, 87.22] [34mF1_perclass_eeg: [88.88, 25.37, 84.43, 84.23, 77.56] [34mF1_perclass_eog: [85.43, 0.0, 81.26, 67.71, 84.25] 
[37mEpoch 21 step 127 with [31mce_loss_combined : 0.382457 [31mce_loss_eeg : 0.829626 [31mce_loss_eog : 0.862378 [31mtotal : 2.074460 [94mAcc_combined: 86.25 [94mAcc_eeg: 83.04 [94mAcc_eog: 80.15 [92mF1_combined: 77.40 [92mF1_eeg: 72.82 [92mF1_eog: 64.92 [92mK_combined: 0.8078 [92mK_eeg: 0.7636 [92mK_eog: 0.7175 [34mF1_perclass_combined: [90.78, 37.44, 87.64, 84.17, 86.97] [34mF1_perclass_eeg: [88.78, 28.91, 84.6, 84.13, 77.71] [34mF1_perclass_eog: [86.34, 0.0, 80.76, 72.88, 84.6] 
[37mEpoch 21 step 129 with [31mce_loss_combined : 0.382347 [31mce_loss_eeg : 0.826886 [31mce_loss_eog : 0.861284 [31mtotal : 2.070517 [94mAcc_combined: 86.32 [94mAcc_eeg: 83.19 [94mAcc_eog: 80.29 [92mF1_combined: 77.39 [92mF1_eeg: 72.73 [92mF1_eog: 64.85 [92mK_combined: 0.8093 [92mK_eeg: 0.7647 [92mK_eog: 0.7205 [34mF1_perclass_combined: [90.79, 37.17, 87.62, 84.35, 87.0] [34mF1_perclass_eeg: [88.74, 27.9, 84.67, 84.09, 78.24] [34mF1_perclass_eog: [86.3, 0.0, 81.18, 72.36, 84.42] 
[37mEpoch 22 step 130 with [31mce_loss_combined : 0.382028 [31mce_loss_eeg : 0.826759 [31mce_loss_eog : 0.860988 [31mtotal : 2.069774 [94mAcc_combined: 86.32 [94mAcc_eeg: 83.18 [94mAcc_eog: 80.27 [92mF1_combined: 77.49 [92mF1_eeg: 72.60 [92mF1_eog: 64.95 [92mK_combined: 0.8091 [92mK_eeg: 0.7642 [92mK_eog: 0.7206 [34mF1_perclass_combined: [90.77, 37.77, 87.66, 84.33, 86.9] [34mF1_perclass_eeg: [88.69, 27.36, 84.73, 84.08, 78.17] [34mF1_perclass_eog: [86.38, 0.0, 81.02, 72.9, 84.43] 
[37mEpoch 22 step 131 with [31mce_loss_combined : 0.381732 [31mce_loss_eeg : 0.826005 [31mce_loss_eog : 0.861226 [31mtotal : 2.068963 [94mAcc_combined: 86.33 [94mAcc_eeg: 83.19 [94mAcc_eog: 80.20 [92mF1_combined: 77.79 [92mF1_eeg: 72.68 [92mF1_eog: 64.72 [92mK_combined: 0.8084 [92mK_eeg: 0.7623 [92mK_eog: 0.7189 [34mF1_perclass_combined: [90.86, 39.73, 87.95, 83.25, 87.14] [34mF1_perclass_eeg: [88.77, 28.48, 84.89, 83.23, 78.06] [34mF1_perclass_eog: [86.25, 0.0, 81.17, 71.94, 84.24] 
[37mEpoch 22 step 132 with [31mce_loss_combined : 0.378852 [31mce_loss_eeg : 0.826215 [31mce_loss_eog : 0.863434 [31mtotal : 2.068501 [94mAcc_combined: 86.45 [94mAcc_eeg: 83.16 [94mAcc_eog: 80.16 [92mF1_combined: 77.60 [92mF1_eeg: 72.39 [92mF1_eog: 64.45 [92mK_combined: 0.8103 [92mK_eeg: 0.7621 [92mK_eog: 0.7172 [34mF1_perclass_combined: [90.94, 37.8, 87.89, 84.19, 87.17] [34mF1_perclass_eeg: [88.85, 26.92, 84.66, 84.12, 77.4] [34mF1_perclass_eog: [86.14, 0.0, 81.32, 70.22, 84.56] 
[37mEpoch 22 step 133 with [31mce_loss_combined : 0.379442 [31mce_loss_eeg : 0.824067 [31mce_loss_eog : 0.860819 [31mtotal : 2.064328 [94mAcc_combined: 86.46 [94mAcc_eeg: 83.37 [94mAcc_eog: 80.31 [92mF1_combined: 77.68 [92mF1_eeg: 72.84 [92mF1_eog: 64.68 [92mK_combined: 0.8106 [92mK_eeg: 0.7660 [92mK_eog: 0.7193 [34mF1_perclass_combined: [90.86, 38.14, 87.89, 84.36, 87.17] [34mF1_perclass_eeg: [88.88, 28.04, 84.88, 84.18, 78.22] [34mF1_perclass_eog: [86.36, 0.0, 81.35, 71.05, 84.64] 
[37mEpoch 25 step 152 with [31mce_loss_combined : 0.393280 [31mce_loss_eeg : 0.806289 [31mce_loss_eog : 0.855183 [31mtotal : 2.054752 [94mAcc_combined: 85.87 [94mAcc_eeg: 83.00 [94mAcc_eog: 79.26 [92mF1_combined: 75.96 [92mF1_eeg: 71.33 [92mF1_eog: 63.72 [92mK_combined: 0.8023 [92mK_eeg: 0.7599 [92mK_eog: 0.7056 [34mF1_perclass_combined: [90.58, 32.96, 87.3, 82.81, 86.16] [34mF1_perclass_eeg: [88.64, 22.84, 84.74, 82.98, 77.44] [34mF1_perclass_eog: [84.76, 0.1, 81.07, 72.27, 80.38] 
[37mEpoch 26 step 153 with [31mce_loss_combined : 0.403978 [31mce_loss_eeg : 0.807781 [31mce_loss_eog : 0.840783 [31mtotal : 2.052542 [94mAcc_combined: 85.57 [94mAcc_eeg: 82.82 [94mAcc_eog: 80.04 [92mF1_combined: 76.35 [92mF1_eeg: 72.03 [92mF1_eog: 64.72 [92mK_combined: 0.7985 [92mK_eeg: 0.7583 [92mK_eog: 0.7163 [34mF1_perclass_combined: [89.62, 34.43, 87.58, 84.62, 85.49] [34mF1_perclass_eeg: [88.12, 26.47, 84.95, 84.3, 76.33] [34mF1_perclass_eog: [86.2, 0.1, 80.98, 72.24, 84.08] 
[37mEpoch 26 step 158 with [31mce_loss_combined : 0.400820 [31mce_loss_eeg : 0.802534 [31mce_loss_eog : 0.840467 [31mtotal : 2.043821 [94mAcc_combined: 85.81 [94mAcc_eeg: 82.83 [94mAcc_eog: 79.77 [92mF1_combined: 76.51 [92mF1_eeg: 71.70 [92mF1_eog: 64.38 [92mK_combined: 0.8016 [92mK_eeg: 0.7604 [92mK_eog: 0.7116 [34mF1_perclass_combined: [90.37, 35.47, 86.91, 83.61, 86.21] [34mF1_perclass_eeg: [88.16, 24.66, 84.47, 83.36, 77.87] [34mF1_perclass_eog: [85.62, 0.25, 81.04, 72.76, 82.24] 
[37mEpoch 27 step 160 with [31mce_loss_combined : 0.385251 [31mce_loss_eeg : 0.793327 [31mce_loss_eog : 0.833327 [31mtotal : 2.011905 [94mAcc_combined: 86.29 [94mAcc_eeg: 83.25 [94mAcc_eog: 79.90 [92mF1_combined: 77.97 [92mF1_eeg: 73.33 [92mF1_eog: 64.08 [92mK_combined: 0.8103 [92mK_eeg: 0.7649 [92mK_eog: 0.7124 [34mF1_perclass_combined: [90.97, 39.71, 87.48, 84.35, 87.35] [34mF1_perclass_eeg: [88.45, 31.41, 84.85, 84.43, 77.5] [34mF1_perclass_eog: [86.21, 1.06, 81.48, 67.89, 83.77] 
[37mEpoch 29 step 171 with [31mce_loss_combined : 0.398232 [31mce_loss_eeg : 0.776493 [31mce_loss_eog : 0.816661 [31mtotal : 1.991387 [94mAcc_combined: 86.17 [94mAcc_eeg: 83.61 [94mAcc_eog: 80.16 [92mF1_combined: 76.69 [92mF1_eeg: 73.84 [92mF1_eog: 65.11 [92mK_combined: 0.8060 [92mK_eeg: 0.7703 [92mK_eog: 0.7176 [34mF1_perclass_combined: [91.1, 34.75, 87.68, 83.77, 86.14] [34mF1_perclass_eeg: [88.79, 31.89, 85.48, 84.55, 78.48] [34mF1_perclass_eog: [86.71, 1.6, 80.85, 72.27, 84.14] 
[37mEpoch 33 step 195 with [31mce_loss_combined : 0.413298 [31mce_loss_eeg : 0.770511 [31mce_loss_eog : 0.800146 [31mtotal : 1.983955 [94mAcc_combined: 86.17 [94mAcc_eeg: 83.13 [94mAcc_eog: 80.33 [92mF1_combined: 77.47 [92mF1_eeg: 73.83 [92mF1_eog: 65.97 [92mK_combined: 0.8075 [92mK_eeg: 0.7631 [92mK_eog: 0.7224 [34mF1_perclass_combined: [91.0, 37.79, 86.98, 84.01, 87.59] [34mF1_perclass_eeg: [88.32, 33.81, 84.53, 84.42, 78.08] [34mF1_perclass_eog: [87.03, 4.59, 80.8, 73.3, 84.15] 
[37mEpoch 33 step 196 with [31mce_loss_combined : 0.398601 [31mce_loss_eeg : 0.766009 [31mce_loss_eog : 0.811753 [31mtotal : 1.976364 [94mAcc_combined: 86.57 [94mAcc_eeg: 83.36 [94mAcc_eog: 80.05 [92mF1_combined: 77.58 [92mF1_eeg: 73.59 [92mF1_eog: 65.76 [92mK_combined: 0.8115 [92mK_eeg: 0.7647 [92mK_eog: 0.7182 [34mF1_perclass_combined: [91.16, 37.52, 87.9, 83.99, 87.33] [34mF1_perclass_eeg: [88.5, 32.11, 85.02, 84.14, 78.17] [34mF1_perclass_eog: [85.84, 6.59, 80.98, 71.31, 84.07] 
[37mEpoch 33 step 197 with [31mce_loss_combined : 0.404543 [31mce_loss_eeg : 0.763814 [31mce_loss_eog : 0.805132 [31mtotal : 1.973489 [94mAcc_combined: 85.97 [94mAcc_eeg: 83.39 [94mAcc_eog: 80.13 [92mF1_combined: 77.77 [92mF1_eeg: 74.21 [92mF1_eog: 64.95 [92mK_combined: 0.8052 [92mK_eeg: 0.7684 [92mK_eog: 0.7164 [34mF1_perclass_combined: [90.82, 39.86, 87.12, 84.26, 86.79] [34mF1_perclass_eeg: [88.36, 34.39, 84.9, 84.27, 79.11] [34mF1_perclass_eog: [86.86, 4.23, 81.27, 68.25, 84.17] 
[37mEpoch 33 step 199 with [31mce_loss_combined : 0.399981 [31mce_loss_eeg : 0.766854 [31mce_loss_eog : 0.802352 [31mtotal : 1.969187 [94mAcc_combined: 86.22 [94mAcc_eeg: 83.08 [94mAcc_eog: 80.26 [92mF1_combined: 77.46 [92mF1_eeg: 73.53 [92mF1_eog: 65.36 [92mK_combined: 0.8069 [92mK_eeg: 0.7624 [92mK_eog: 0.7186 [34mF1_perclass_combined: [90.86, 38.33, 87.7, 83.39, 87.02] [34mF1_perclass_eeg: [88.03, 32.39, 85.05, 83.85, 78.33] [34mF1_perclass_eog: [86.8, 5.43, 81.47, 68.95, 84.15] 
[37mEpoch 34 step 201 with [31mce_loss_combined : 0.402872 [31mce_loss_eeg : 0.764411 [31mce_loss_eog : 0.797024 [31mtotal : 1.964307 [94mAcc_combined: 86.42 [94mAcc_eeg: 83.40 [94mAcc_eog: 80.44 [92mF1_combined: 78.13 [92mF1_eeg: 74.26 [92mF1_eog: 66.28 [92mK_combined: 0.8111 [92mK_eeg: 0.7667 [92mK_eog: 0.7240 [34mF1_perclass_combined: [91.01, 39.99, 87.62, 84.56, 87.47] [34mF1_perclass_eeg: [88.49, 34.92, 84.97, 84.48, 78.42] [34mF1_perclass_eog: [87.01, 5.79, 80.97, 73.28, 84.34] 
[37mEpoch 34 step 202 with [31mce_loss_combined : 0.397702 [31mce_loss_eeg : 0.763210 [31mce_loss_eog : 0.800678 [31mtotal : 1.961590 [94mAcc_combined: 86.51 [94mAcc_eeg: 83.42 [94mAcc_eog: 80.48 [92mF1_combined: 77.81 [92mF1_eeg: 73.94 [92mF1_eog: 66.13 [92mK_combined: 0.8108 [92mK_eeg: 0.7656 [92mK_eog: 0.7235 [34mF1_perclass_combined: [91.13, 38.7, 87.98, 83.83, 87.41] [34mF1_perclass_eeg: [88.56, 33.6, 85.11, 83.93, 78.49] [34mF1_perclass_eog: [86.68, 6.7, 81.34, 71.31, 84.64] 
[37mEpoch 34 step 203 with [31mce_loss_combined : 0.397860 [31mce_loss_eeg : 0.760970 [31mce_loss_eog : 0.797955 [31mtotal : 1.956784 [94mAcc_combined: 86.36 [94mAcc_eeg: 83.54 [94mAcc_eog: 80.50 [92mF1_combined: 77.90 [92mF1_eeg: 74.29 [92mF1_eog: 65.59 [92mK_combined: 0.8102 [92mK_eeg: 0.7694 [92mK_eog: 0.7217 [34mF1_perclass_combined: [91.08, 39.01, 87.55, 84.54, 87.31] [34mF1_perclass_eeg: [88.58, 34.33, 85.01, 84.52, 79.01] [34mF1_perclass_eog: [87.14, 5.12, 81.51, 69.45, 84.75] 
[37mEpoch 34 step 205 with [31mce_loss_combined : 0.399782 [31mce_loss_eeg : 0.761439 [31mce_loss_eog : 0.794851 [31mtotal : 1.956072 [94mAcc_combined: 86.27 [94mAcc_eeg: 83.40 [94mAcc_eog: 80.73 [92mF1_combined: 77.46 [92mF1_eeg: 74.07 [92mF1_eog: 66.07 [92mK_combined: 0.8074 [92mK_eeg: 0.7666 [92mK_eog: 0.7258 [34mF1_perclass_combined: [90.95, 38.15, 87.72, 83.24, 87.24] [34mF1_perclass_eeg: [88.55, 34.07, 85.15, 83.69, 78.89] [34mF1_perclass_eog: [87.12, 5.72, 81.69, 70.98, 84.83] 
[37mEpoch 35 step 206 with [31mce_loss_combined : 0.401667 [31mce_loss_eeg : 0.760779 [31mce_loss_eog : 0.792440 [31mtotal : 1.954886 [94mAcc_combined: 86.29 [94mAcc_eeg: 83.49 [94mAcc_eog: 80.80 [92mF1_combined: 77.88 [92mF1_eeg: 74.31 [92mF1_eog: 66.43 [92mK_combined: 0.8093 [92mK_eeg: 0.7691 [92mK_eog: 0.7282 [34mF1_perclass_combined: [90.86, 39.27, 87.49, 84.58, 87.18] [34mF1_perclass_eeg: [88.57, 34.56, 85.03, 84.43, 78.99] [34mF1_perclass_eog: [87.23, 5.51, 81.4, 73.08, 84.94] 
[37mEpoch 35 step 207 with [31mce_loss_combined : 0.399376 [31mce_loss_eeg : 0.760833 [31mce_loss_eog : 0.794383 [31mtotal : 1.954591 [94mAcc_combined: 86.41 [94mAcc_eeg: 83.49 [94mAcc_eog: 80.59 [92mF1_combined: 78.14 [92mF1_eeg: 74.45 [92mF1_eog: 66.44 [92mK_combined: 0.8109 [92mK_eeg: 0.7686 [92mK_eog: 0.7258 [34mF1_perclass_combined: [91.04, 40.16, 87.67, 84.59, 87.25] [34mF1_perclass_eeg: [88.59, 35.45, 85.13, 84.37, 78.73] [34mF1_perclass_eog: [87.1, 6.15, 81.14, 73.29, 84.52] 
[37mEpoch 35 step 208 with [31mce_loss_combined : 0.397807 [31mce_loss_eeg : 0.760397 [31mce_loss_eog : 0.793940 [31mtotal : 1.952144 [94mAcc_combined: 86.50 [94mAcc_eeg: 83.53 [94mAcc_eog: 80.74 [92mF1_combined: 78.13 [92mF1_eeg: 74.32 [92mF1_eog: 66.42 [92mK_combined: 0.8111 [92mK_eeg: 0.7679 [92mK_eog: 0.7271 [34mF1_perclass_combined: [91.17, 40.08, 87.96, 84.06, 87.39] [34mF1_perclass_eeg: [88.68, 34.99, 85.26, 83.9, 78.76] [34mF1_perclass_eog: [87.18, 6.53, 81.46, 72.03, 84.9] 
[37mEpoch 35 step 209 with [31mce_loss_combined : 0.397837 [31mce_loss_eeg : 0.759708 [31mce_loss_eog : 0.794319 [31mtotal : 1.951865 [94mAcc_combined: 86.46 [94mAcc_eeg: 83.60 [94mAcc_eog: 80.74 [92mF1_combined: 78.11 [92mF1_eeg: 74.43 [92mF1_eog: 66.13 [92mK_combined: 0.8114 [92mK_eeg: 0.7698 [92mK_eog: 0.7257 [34mF1_perclass_combined: [91.16, 39.71, 87.75, 84.59, 87.36] [34mF1_perclass_eeg: [88.7, 34.91, 85.15, 84.58, 78.82] [34mF1_perclass_eog: [87.22, 5.98, 81.64, 70.72, 85.07] 
[37mEpoch 35 step 211 with [31mce_loss_combined : 0.400204 [31mce_loss_eeg : 0.758878 [31mce_loss_eog : 0.792334 [31mtotal : 1.951417 [94mAcc_combined: 86.39 [94mAcc_eeg: 83.60 [94mAcc_eog: 80.88 [92mF1_combined: 77.87 [92mF1_eeg: 74.40 [92mF1_eog: 66.44 [92mK_combined: 0.8094 [92mK_eeg: 0.7694 [92mK_eog: 0.7282 [34mF1_perclass_combined: [91.05, 39.41, 87.88, 83.75, 87.25] [34mF1_perclass_eeg: [88.72, 35.09, 85.32, 83.77, 79.11] [34mF1_perclass_eog: [87.26, 6.25, 81.66, 71.84, 85.19] 
[37mEpoch 36 step 212 with [31mce_loss_combined : 0.398269 [31mce_loss_eeg : 0.758516 [31mce_loss_eog : 0.791729 [31mtotal : 1.948514 [94mAcc_combined: 86.42 [94mAcc_eeg: 83.59 [94mAcc_eog: 80.88 [92mF1_combined: 77.95 [92mF1_eeg: 74.43 [92mF1_eog: 66.45 [92mK_combined: 0.8105 [92mK_eeg: 0.7699 [92mK_eog: 0.7289 [34mF1_perclass_combined: [91.04, 39.41, 87.79, 84.31, 87.22] [34mF1_perclass_eeg: [88.7, 35.0, 85.22, 84.14, 79.08] [34mF1_perclass_eog: [87.32, 5.74, 81.54, 72.52, 85.1] 
[37mEpoch 36 step 213 with [31mce_loss_combined : 0.397494 [31mce_loss_eeg : 0.758557 [31mce_loss_eog : 0.791952 [31mtotal : 1.948003 [94mAcc_combined: 86.44 [94mAcc_eeg: 83.59 [94mAcc_eog: 80.80 [92mF1_combined: 78.03 [92mF1_eeg: 74.52 [92mF1_eog: 66.43 [92mK_combined: 0.8110 [92mK_eeg: 0.7700 [92mK_eog: 0.7281 [34mF1_perclass_combined: [91.08, 39.56, 87.77, 84.47, 87.27] [34mF1_perclass_eeg: [88.7, 35.46, 85.21, 84.22, 79.0] [34mF1_perclass_eog: [87.26, 5.74, 81.44, 72.88, 84.84] 
[37mEpoch 36 step 214 with [31mce_loss_combined : 0.396940 [31mce_loss_eeg : 0.758563 [31mce_loss_eog : 0.792082 [31mtotal : 1.947586 [94mAcc_combined: 86.45 [94mAcc_eeg: 83.58 [94mAcc_eog: 80.84 [92mF1_combined: 78.08 [92mF1_eeg: 74.48 [92mF1_eog: 66.50 [92mK_combined: 0.8110 [92mK_eeg: 0.7695 [92mK_eog: 0.7286 [34mF1_perclass_combined: [91.15, 39.85, 87.83, 84.3, 87.28] [34mF1_perclass_eeg: [88.71, 35.4, 85.24, 84.1, 78.96] [34mF1_perclass_eog: [87.31, 6.2, 81.5, 72.56, 84.94] 
[37mEpoch 36 step 215 with [31mce_loss_combined : 0.396891 [31mce_loss_eeg : 0.758408 [31mce_loss_eog : 0.792054 [31mtotal : 1.947353 [94mAcc_combined: 86.47 [94mAcc_eeg: 83.59 [94mAcc_eog: 80.82 [92mF1_combined: 78.10 [92mF1_eeg: 74.49 [92mF1_eog: 66.43 [92mK_combined: 0.8114 [92mK_eeg: 0.7697 [92mK_eog: 0.7279 [34mF1_perclass_combined: [91.15, 39.75, 87.82, 84.44, 87.32] [34mF1_perclass_eeg: [88.72, 35.32, 85.2, 84.22, 78.97] [34mF1_perclass_eog: [87.34, 6.16, 81.5, 72.14, 84.99] 
[37mEpoch 41 step 242 with [31mce_loss_combined : 0.408677 [31mce_loss_eeg : 0.743052 [31mce_loss_eog : 0.768928 [31mtotal : 1.920658 [94mAcc_combined: 85.76 [94mAcc_eeg: 82.88 [94mAcc_eog: 80.60 [92mF1_combined: 77.34 [92mF1_eeg: 74.05 [92mF1_eog: 67.76 [92mK_combined: 0.8017 [92mK_eeg: 0.7583 [92mK_eog: 0.7266 [34mF1_perclass_combined: [90.77, 38.42, 87.37, 82.82, 87.35] [34mF1_perclass_eeg: [88.47, 37.16, 85.27, 82.18, 77.19] [34mF1_perclass_eog: [86.87, 13.15, 81.22, 73.09, 84.48] 
[37mEpoch 41 step 246 with [31mce_loss_combined : 0.420911 [31mce_loss_eeg : 0.730817 [31mce_loss_eog : 0.765868 [31mtotal : 1.917595 [94mAcc_combined: 85.82 [94mAcc_eeg: 83.15 [94mAcc_eog: 80.54 [92mF1_combined: 77.02 [92mF1_eeg: 73.41 [92mF1_eog: 67.62 [92mK_combined: 0.8003 [92mK_eeg: 0.7623 [92mK_eog: 0.7247 [34mF1_perclass_combined: [90.63, 38.88, 87.21, 82.49, 85.89] [34mF1_perclass_eeg: [88.5, 33.05, 85.16, 81.82, 78.52] [34mF1_perclass_eog: [86.91, 13.38, 81.41, 72.23, 84.18] 
[37mEpoch 42 step 252 with [31mce_loss_combined : 0.425386 [31mce_loss_eeg : 0.724630 [31mce_loss_eog : 0.766769 [31mtotal : 1.916784 [94mAcc_combined: 85.34 [94mAcc_eeg: 83.21 [94mAcc_eog: 80.31 [92mF1_combined: 76.11 [92mF1_eeg: 73.94 [92mF1_eog: 67.66 [92mK_combined: 0.7963 [92mK_eeg: 0.7667 [92mK_eog: 0.7244 [34mF1_perclass_combined: [89.94, 34.69, 86.48, 83.05, 86.4] [34mF1_perclass_eeg: [88.06, 34.06, 84.95, 84.76, 77.88] [34mF1_perclass_eog: [87.18, 13.05, 80.48, 73.5, 84.08] 
[37mEpoch 43 step 254 with [31mce_loss_combined : 0.413043 [31mce_loss_eeg : 0.726369 [31mce_loss_eog : 0.771340 [31mtotal : 1.910752 [94mAcc_combined: 85.91 [94mAcc_eeg: 82.98 [94mAcc_eog: 79.75 [92mF1_combined: 78.09 [92mF1_eeg: 74.36 [92mF1_eog: 67.44 [92mK_combined: 0.8048 [92mK_eeg: 0.7633 [92mK_eog: 0.7119 [34mF1_perclass_combined: [90.59, 41.28, 87.28, 83.51, 87.79] [34mF1_perclass_eeg: [87.85, 36.58, 84.72, 84.42, 78.25] [34mF1_perclass_eog: [84.91, 15.85, 81.02, 70.98, 84.44] 
[37mEpoch 44 step 260 with [31mce_loss_combined : 0.421705 [31mce_loss_eeg : 0.707599 [31mce_loss_eog : 0.753311 [31mtotal : 1.882614 [94mAcc_combined: 85.93 [94mAcc_eeg: 83.83 [94mAcc_eog: 80.43 [92mF1_combined: 77.77 [92mF1_eeg: 74.81 [92mF1_eog: 68.43 [92mK_combined: 0.8053 [92mK_eeg: 0.7736 [92mK_eog: 0.7225 [34mF1_perclass_combined: [90.15, 39.99, 87.37, 84.49, 86.83] [34mF1_perclass_eeg: [88.77, 36.19, 85.5, 84.42, 79.19] [34mF1_perclass_eog: [86.97, 20.13, 81.86, 69.18, 84.01] 
[37mEpoch 46 step 271 with [31mce_loss_combined : 0.402879 [31mce_loss_eeg : 0.704290 [31mce_loss_eog : 0.748886 [31mtotal : 1.856056 [94mAcc_combined: 86.25 [94mAcc_eeg: 83.48 [94mAcc_eog: 80.18 [92mF1_combined: 77.36 [92mF1_eeg: 74.86 [92mF1_eog: 67.20 [92mK_combined: 0.8063 [92mK_eeg: 0.7695 [92mK_eog: 0.7179 [34mF1_perclass_combined: [90.96, 38.52, 87.79, 83.54, 85.99] [34mF1_perclass_eeg: [88.35, 37.39, 85.36, 85.01, 78.19] [34mF1_perclass_eog: [87.22, 12.02, 80.78, 72.7, 83.25] 
[37mEpoch 50 step 299 with [31mce_loss_combined : 0.441672 [31mce_loss_eeg : 0.687794 [31mce_loss_eog : 0.726520 [31mtotal : 1.855985 [94mAcc_combined: 85.99 [94mAcc_eeg: 83.19 [94mAcc_eog: 80.55 [92mF1_combined: 76.99 [92mF1_eeg: 73.34 [92mF1_eog: 68.79 [92mK_combined: 0.8042 [92mK_eeg: 0.7645 [92mK_eog: 0.7246 [34mF1_perclass_combined: [91.05, 36.32, 87.44, 83.96, 86.18] [34mF1_perclass_eeg: [88.36, 31.72, 85.58, 83.9, 77.13] [34mF1_perclass_eog: [86.96, 20.18, 81.63, 71.15, 84.01] 
[37mEpoch 52 step 311 with [31mce_loss_combined : 0.452358 [31mce_loss_eeg : 0.679663 [31mce_loss_eog : 0.719590 [31mtotal : 1.851611 [94mAcc_combined: 85.82 [94mAcc_eeg: 83.40 [94mAcc_eog: 80.69 [92mF1_combined: 77.04 [92mF1_eeg: 74.32 [92mF1_eog: 69.17 [92mK_combined: 0.8023 [92mK_eeg: 0.7679 [92mK_eog: 0.7287 [34mF1_perclass_combined: [91.15, 36.87, 87.11, 83.91, 86.18] [34mF1_perclass_eeg: [88.87, 35.16, 85.01, 84.58, 77.99] [34mF1_perclass_eog: [87.1, 19.44, 81.27, 73.81, 84.23] 
{'val_loss': {'ce_loss_combined': 0.45235848, 'ce_loss_eeg': 0.67966336, 'ce_loss_eog': 0.71958965, 'total': 1.8516113}, 'val_acc': {'combined': 0.8581760911653475, 'eeg': 0.834040546911834, 'eog': 0.8069256773701686}, 'val_f1': {'combined': 0.7704483067938229, 'eeg': 0.7432123926708113, 'eog': 0.691705184408724}, 'val_k': {'combined': 0.8022904357407199, 'eeg': 0.7679132136242881, 'eog': 0.7286583193781457}, 'val_perclassf1': {'combined': array([0.91154245, 0.36867133, 0.87107553, 0.83912967, 0.86182256]), 'eeg': array([0.88871624, 0.35157233, 0.85007724, 0.84579538, 0.77990077]), 'eog': array([0.87095812, 0.19444991, 0.81273215, 0.73807513, 0.84231062])}}
We are in the final state.
Job finished
