Starting Job
/users/sista/kkontras/Documents/Sleep_Project/main_paper_4.py
/esat/smcdata/users/kkontras/Image_Dataset/no_backup/envs/gl_env/bin/python
Python 3.7.10
/users/sista/kkontras/Documents/Sleep_Project
0
 THE Configuration of your experiment ..
{'agent': 'Sleep_Agent_Init_Train',
 'augmentation': {},
 'channel': 0,
 'dataset': {'cache_datasets': {'test': False, 'train': False, 'valid': False},
             'data_roots': '/esat/biomeddata/SHHS_Dataset/no_backup',
             'data_split': {'split_method': 'patients_test',
                            'test_split_rate': 0.3,
                            'val_split_rate': 0.026},
             'data_view_dir': [{'data_type': 'stft',
                                'list_dir': 'patient_mat_list.txt',
                                'mod': 'eeg',
                                'num_ch': 1},
                               {'data_type': 'stft',
                                'list_dir': 'patient_eog_mat_list.txt',
                                'mod': 'eog',
                                'num_ch': 1}],
             'dataloader_class': 'SleepDataLoader_mat_huy',
             'filter_windows': {'test': {'perc_threshold': 0.4,
                                         'skip_skips': True,
                                         'std_threshold': 41,
                                         'use_type': 'include_only_skipped',
                                         'whole_patient': False},
                                'train': {'perc_threshold': 0.4,
                                          'skip_skips': False,
                                          'std_threshold': 41,
                                          'subsets': {'combined': 100,
                                                      'eeg': 100,
                                                      'eog': 100},
                                          'use_type': 'subsample',
                                          'whole_patient': True},
                                'val': {'skip_skips': True,
                                        'use_type': False,
                                        'whole_patient': False}},
             'huy_data': True,
             'inner_overlap': [0.5, 0.5],
             'keep_view': [1, 0],
             'seq_length': [21, 0],
             'seq_views': [False],
             'shuffle_train': True},
 'early_stopping': {'log_interval': 10,
                    'max_epoch': 1000,
                    'n_steps_stop': 50,
                    'n_steps_stop_after': 30,
                    'save_every': 1,
                    'validate_after': 0,
                    'validate_every': 50},
 'exp_name': 'Sleep EEG-EOG BLIP Experiment',
 'lr_finder': False,
 'lr_finder_steps': 100,
 'mode': 'train',
 'model': {'args': {'augment_within': False,
                    'dmodel': 128,
                    'dropout': 0.3,
                    'fc_inner': 1024,
                    'ignore_alignment_val': True,
                    'multi_loss': {'multi_loss_weights': {'alignment_loss': 0.1,
                                                          'multi_supervised_loss': {'combined': 1,
                                                                                    'eeg': 1,
                                                                                    'eog': 1},
                                                          'order_loss': 0}},
                    'num_classes': 5,
                    'three_modes': True,
                    'training_type': 'alignment_order_multisupervised'},
           'encoders': [{'args': {'align_inner': True,
                                  'd_model': 128,
                                  'dim_feedforward': 1024,
                                  'dim_proj': 128,
                                  'dropout': 0.3,
                                  'inner_biased': False,
                                  'mod_token': False,
                                  'num_heads': 8,
                                  'num_layers': 4,
                                  'outer_biased': False,
                                  'outer_rep': False,
                                  'pos': False,
                                  'rpos': True,
                                  'shared': True,
                                  'skip_random_mod': False},
                         'encoders': [],
                         'freeze_encoder': False,
                         'model': 'SleepEnc_BLIP_EEG_EOG_shared_free_cliplike',
                         'pretrainedEncoder': {'dir': '', 'use': False},
                         'savetrainedEncoder': {'dir': '', 'save': False}}],
           'load_ongoing': False,
           'model_class': 'EEG_SLEEP_BLIP_GM_MultiMode',
           'pretrained_model': {'dir': '', 'use': False},
           'save_dir': '/esat/smcdata/users/kkontras/Image_Dataset/no_backup/data/2021_data/shhs1/multi_modal/paper_models/fourier_transformer_eeg_eog_mat_BLIP_al01_shared_b16_freetrain_rpos_nopos_nonsharedpreds_drop03_align_inner_trial1_pt_incomplete_unsharedpreds_100p_100e_100o.pth.tar'},
 'normalization': {'calculate_metrics': False,
                   'dir': '/esat/biomeddata/SHHS_Dataset/no_backup/metrics_eeg_eog_emg_stft.pkl',
                   'metrics_type': 'train_dataset',
                   'save_metrics': False,
                   'use': True},
 'num_classes': 5,
 'num_modalities': 1,
 'optimizer': {'beta1': 0.9,
               'beta2': 0.999,
               'learning_rate': 0.0001,
               'momentum': 0.2,
               'type': 'Adam',
               'weight_decay': 0.0001},
 'plots': {'plot_stft_num': 0, 'save': False},
 'post_proc': {'post_proc_step': 15,
               'test_postprocessing': False,
               'val_postprocessing': False},
 'scheduler': {'max_lr': 0.03, 'type': 'cosanneal', 'warm_up': 55},
 'statistics': {'ce_weights': {'temp': 0.1, 'use': False}, 'print': False},
 'training_params': {'adversarial_training': {'adv_epsilon': 0.01,
                                              'use': False},
                     'async_loading': True,
                     'batch_size': 32,
                     'cuda': False,
                     'data_loader_workers': 8,
                     'gpu_device': [0],
                     'pin_memory': True,
                     'rec_test': False,
                     'res': True,
                     'seed': 28,
                     'tdqm_disable': True,
                     'test_batch_size': 32,
                     'test_on_tops': True,
                     'use_test_set': True,
                     'validation': True,
                     'verbose': True,
                     'wandb_disable': True}}
 *************************************** 
The experiment name is Sleep EEG-EOG BLIP Experiment
 *************************************** 
stft_eeg Train 3724 validation 100 test 1639
stft_eog Train 3724 validation 100 test 1639
{'use_type': 'subsample', 'skip_skips': False, 'whole_patient': True, 'std_threshold': 41, 'perc_threshold': 0.4, 'subsets': {'combined': 100, 'eeg': 100, 'eog': 100}}
We subsample patients with 100 both mods, 100 only EEG and 100 only EOG and len_skipped is 298.
{'use_type': False, 'skip_skips': True, 'whole_patient': False}
{'use_type': 'include_only_skipped', 'skip_skips': True, 'whole_patient': False, 'std_threshold': 41, 'perc_threshold': 0.4}
Patients with broken modalities are 24
{'use_type': False, 'skip_skips': True}
Loading metrics from /esat/biomeddata/SHHS_Dataset/no_backup/metrics_eeg_eog_emg_stft.pkl
Weights are [1. 1. 1. 1. 1.]
440
50
9
tensor([1., 1., 1., 1., 1.], device='cuda:0')
We are not shuffling the data
Training function is sleep_train_one_step_alignment_order_multisupervised
Loss Weights are {'combined': 1, 'eeg': 1, 'eog': 1, 'alignments': 0.1, 'order': 0, 'consistency': 0, 'reconstruction': 0}
We are not shuffling the data
<class 'graphs.models.attention_models.BLIP.SleepEnc_BLIP_EEG_EOG_shared_free_cliplike'>
Total number of trainable parameters are: 10001935
Available cuda devices: 1, current device:0
Total number of trainable parameters are: 10001935
[37mEpoch 0 step 1 with [31mce_loss_combined : 1.123780 [31mce_loss_eeg : 1.375837 [31mce_loss_eog : 1.425912 [31mtotal : 3.925529 [94mAcc_combined: 53.58 [94mAcc_eeg: 56.11 [94mAcc_eog: 50.08 [92mF1_combined: 27.51 [92mF1_eeg: 27.63 [92mF1_eog: 23.59 [92mK_combined: 0.2969 [92mK_eeg: 0.3070 [92mK_eog: 0.1967 [34mF1_perclass_combined: [64.29, 0.0, 63.54, 0.0, 9.73] [34mF1_perclass_eeg: [73.07, 0.0, 65.07, 0.0, 0.0] [34mF1_perclass_eog: [56.64, 0.0, 61.32, 0.0, 0.0] 
[37mEpoch 0 step 2 with [31mce_loss_combined : 0.928273 [31mce_loss_eeg : 1.294151 [31mce_loss_eog : 1.340026 [31mtotal : 3.562449 [94mAcc_combined: 64.15 [94mAcc_eeg: 61.86 [94mAcc_eog: 58.40 [92mF1_combined: 52.35 [92mF1_eeg: 38.09 [92mF1_eog: 34.79 [92mK_combined: 0.5219 [92mK_eeg: 0.4257 [92mK_eog: 0.3701 [34mF1_perclass_combined: [75.7, 0.0, 66.29, 65.88, 53.89] [34mF1_perclass_eeg: [81.47, 0.0, 69.57, 0.0, 39.41] [34mF1_perclass_eog: [71.8, 0.0, 68.08, 1.87, 32.18] 
[37mEpoch 0 step 3 with [31mce_loss_combined : 0.905015 [31mce_loss_eeg : 1.261284 [31mce_loss_eog : 1.319094 [31mtotal : 3.485393 [94mAcc_combined: 65.56 [94mAcc_eeg: 65.12 [94mAcc_eog: 56.86 [92mF1_combined: 52.31 [92mF1_eeg: 43.47 [92mF1_eog: 27.78 [92mK_combined: 0.5321 [92mK_eeg: 0.4826 [92mK_eog: 0.3237 [34mF1_perclass_combined: [81.56, 0.0, 63.75, 59.02, 57.23] [34mF1_perclass_eeg: [79.3, 0.0, 70.56, 27.56, 39.95] [34mF1_perclass_eog: [72.47, 0.0, 66.41, 0.0, 0.0] 
[37mEpoch 0 step 5 with [31mce_loss_combined : 0.739445 [31mce_loss_eeg : 1.204820 [31mce_loss_eog : 1.263535 [31mtotal : 3.207801 [94mAcc_combined: 72.71 [94mAcc_eeg: 72.71 [94mAcc_eog: 62.95 [92mF1_combined: 57.78 [92mF1_eeg: 55.95 [92mF1_eog: 40.54 [92mK_combined: 0.6223 [92mK_eeg: 0.6090 [92mK_eog: 0.4531 [34mF1_perclass_combined: [82.21, 0.0, 73.84, 69.99, 62.87] [34mF1_perclass_eeg: [81.95, 0.0, 76.38, 68.14, 53.27] [34mF1_perclass_eog: [69.67, 0.0, 71.71, 60.54, 0.78] 
[37mEpoch 0 step 8 with [31mce_loss_combined : 0.705743 [31mce_loss_eeg : 1.190419 [31mce_loss_eog : 1.220913 [31mtotal : 3.117074 [94mAcc_combined: 74.79 [94mAcc_eeg: 73.50 [94mAcc_eog: 66.53 [92mF1_combined: 58.70 [92mF1_eeg: 59.04 [92mF1_eog: 45.96 [92mK_combined: 0.6370 [92mK_eeg: 0.6375 [92mK_eog: 0.5053 [34mF1_perclass_combined: [85.31, 0.0, 77.24, 63.7, 67.26] [34mF1_perclass_eeg: [85.27, 0.0, 72.92, 75.41, 61.57] [34mF1_perclass_eog: [75.04, 0.0, 72.6, 68.62, 13.55] 
[37mEpoch 1 step 9 with [31mce_loss_combined : 0.680831 [31mce_loss_eeg : 1.166940 [31mce_loss_eog : 1.202670 [31mtotal : 3.050441 [94mAcc_combined: 74.44 [94mAcc_eeg: 74.40 [94mAcc_eog: 70.11 [92mF1_combined: 60.46 [92mF1_eeg: 58.14 [92mF1_eog: 55.06 [92mK_combined: 0.6495 [92mK_eeg: 0.6347 [92mK_eog: 0.5737 [34mF1_perclass_combined: [85.11, 0.0, 73.03, 76.6, 67.55] [34mF1_perclass_eeg: [85.59, 0.0, 75.87, 78.55, 50.68] [34mF1_perclass_eog: [76.61, 0.0, 73.75, 72.47, 52.45] 
[37mEpoch 1 step 12 with [31mce_loss_combined : 0.664044 [31mce_loss_eeg : 1.137439 [31mce_loss_eog : 1.191459 [31mtotal : 2.992942 [94mAcc_combined: 77.31 [94mAcc_eeg: 74.31 [94mAcc_eog: 68.94 [92mF1_combined: 60.99 [92mF1_eeg: 57.10 [92mF1_eog: 50.56 [92mK_combined: 0.6780 [92mK_eeg: 0.6288 [92mK_eog: 0.5487 [34mF1_perclass_combined: [85.34, 0.0, 79.92, 74.16, 65.52] [34mF1_perclass_eeg: [83.96, 0.0, 77.7, 67.21, 56.61] [34mF1_perclass_eog: [75.95, 0.0, 74.11, 71.53, 31.23] 
[37mEpoch 1 step 13 with [31mce_loss_combined : 0.605024 [31mce_loss_eeg : 1.140483 [31mce_loss_eog : 1.169512 [31mtotal : 2.915019 [94mAcc_combined: 78.01 [94mAcc_eeg: 73.72 [94mAcc_eog: 69.46 [92mF1_combined: 61.89 [92mF1_eeg: 55.70 [92mF1_eog: 52.30 [92mK_combined: 0.6863 [92mK_eeg: 0.6237 [92mK_eog: 0.5462 [34mF1_perclass_combined: [86.79, 0.0, 79.49, 72.74, 70.44] [34mF1_perclass_eeg: [84.41, 0.0, 75.46, 80.62, 38.0] [34mF1_perclass_eog: [78.42, 0.0, 73.77, 50.1, 59.21] 
[37mEpoch 1 step 14 with [31mce_loss_combined : 0.578501 [31mce_loss_eeg : 1.138669 [31mce_loss_eog : 1.179867 [31mtotal : 2.897037 [94mAcc_combined: 79.46 [94mAcc_eeg: 73.25 [94mAcc_eog: 70.38 [92mF1_combined: 63.92 [92mF1_eeg: 56.24 [92mF1_eog: 54.59 [92mK_combined: 0.7162 [92mK_eeg: 0.6181 [92mK_eog: 0.5847 [34mF1_perclass_combined: [85.71, 0.0, 80.63, 80.44, 72.8] [34mF1_perclass_eeg: [84.81, 0.0, 75.87, 56.03, 64.49] [34mF1_perclass_eog: [76.08, 0.0, 73.24, 73.22, 50.42] 
[37mEpoch 1 step 15 with [31mce_loss_combined : 0.599642 [31mce_loss_eeg : 1.120526 [31mce_loss_eog : 1.130688 [31mtotal : 2.850855 [94mAcc_combined: 77.69 [94mAcc_eeg: 75.51 [94mAcc_eog: 75.22 [92mF1_combined: 63.14 [92mF1_eeg: 58.78 [92mF1_eog: 60.62 [92mK_combined: 0.6899 [92mK_eeg: 0.6480 [92mK_eog: 0.6531 [34mF1_perclass_combined: [87.54, 3.04, 76.63, 77.47, 71.05] [34mF1_perclass_eeg: [86.17, 0.0, 77.16, 80.43, 50.16] [34mF1_perclass_eog: [79.35, 0.0, 77.12, 75.14, 71.49] 
[37mEpoch 1 step 17 with [31mce_loss_combined : 0.569498 [31mce_loss_eeg : 1.109328 [31mce_loss_eog : 1.125480 [31mtotal : 2.804306 [94mAcc_combined: 80.49 [94mAcc_eeg: 77.07 [94mAcc_eog: 75.01 [92mF1_combined: 65.68 [92mF1_eeg: 60.95 [92mF1_eog: 60.58 [92mK_combined: 0.7309 [92mK_eeg: 0.6735 [92mK_eog: 0.6524 [34mF1_perclass_combined: [86.81, 3.09, 81.32, 81.67, 75.52] [34mF1_perclass_eeg: [85.21, 0.0, 79.5, 75.61, 64.44] [34mF1_perclass_eog: [78.58, 0.0, 76.54, 75.78, 72.03] 
[37mEpoch 2 step 22 with [31mce_loss_combined : 0.503839 [31mce_loss_eeg : 1.085267 [31mce_loss_eog : 1.105076 [31mtotal : 2.694183 [94mAcc_combined: 81.61 [94mAcc_eeg: 77.92 [94mAcc_eog: 75.30 [92mF1_combined: 66.28 [92mF1_eeg: 61.85 [92mF1_eog: 60.08 [92mK_combined: 0.7399 [92mK_eeg: 0.6864 [92mK_eog: 0.6430 [34mF1_perclass_combined: [87.63, 1.65, 82.63, 79.76, 79.74] [34mF1_perclass_eeg: [86.79, 0.0, 79.34, 81.95, 61.18] [34mF1_perclass_eog: [79.98, 0.0, 77.67, 66.37, 76.39] 
[37mEpoch 3 step 27 with [31mce_loss_combined : 0.519697 [31mce_loss_eeg : 1.073295 [31mce_loss_eog : 1.098415 [31mtotal : 2.691407 [94mAcc_combined: 81.51 [94mAcc_eeg: 77.98 [94mAcc_eog: 74.32 [92mF1_combined: 65.98 [92mF1_eeg: 61.88 [92mF1_eog: 58.78 [92mK_combined: 0.7390 [92mK_eeg: 0.6879 [92mK_eog: 0.6266 [34mF1_perclass_combined: [88.4, 0.43, 81.71, 82.0, 77.38] [34mF1_perclass_eeg: [87.15, 0.0, 79.08, 81.93, 61.24] [34mF1_perclass_eog: [79.15, 0.0, 76.99, 60.71, 77.07] 
[37mEpoch 3 step 28 with [31mce_loss_combined : 0.510631 [31mce_loss_eeg : 1.061687 [31mce_loss_eog : 1.080275 [31mtotal : 2.652593 [94mAcc_combined: 82.06 [94mAcc_eeg: 79.16 [94mAcc_eog: 76.95 [92mF1_combined: 67.65 [92mF1_eeg: 63.42 [92mF1_eog: 62.19 [92mK_combined: 0.7514 [92mK_eeg: 0.7067 [92mK_eog: 0.6784 [34mF1_perclass_combined: [86.66, 5.44, 82.89, 82.32, 80.93] [34mF1_perclass_eeg: [85.89, 0.0, 80.63, 82.13, 68.45] [34mF1_perclass_eog: [80.63, 0.0, 78.6, 74.81, 76.91] 
[37mEpoch 3 step 32 with [31mce_loss_combined : 0.466450 [31mce_loss_eeg : 1.044740 [31mce_loss_eog : 1.052827 [31mtotal : 2.564017 [94mAcc_combined: 82.73 [94mAcc_eeg: 79.56 [94mAcc_eog: 78.57 [92mF1_combined: 71.63 [92mF1_eeg: 64.18 [92mF1_eog: 63.36 [92mK_combined: 0.7624 [92mK_eeg: 0.7172 [92mK_eog: 0.6977 [34mF1_perclass_combined: [88.79, 21.72, 83.26, 82.17, 82.2] [34mF1_perclass_eeg: [86.3, 0.0, 80.61, 82.8, 71.19] [34mF1_perclass_eog: [82.58, 0.0, 80.31, 74.8, 79.11] 
[37mEpoch 3 step 33 with [31mce_loss_combined : 0.452458 [31mce_loss_eeg : 1.038383 [31mce_loss_eog : 1.063166 [31mtotal : 2.554007 [94mAcc_combined: 83.54 [94mAcc_eeg: 79.75 [94mAcc_eog: 77.30 [92mF1_combined: 71.26 [92mF1_eeg: 64.39 [92mF1_eog: 62.03 [92mK_combined: 0.7716 [92mK_eeg: 0.7210 [92mK_eog: 0.6797 [34mF1_perclass_combined: [89.4, 17.18, 83.95, 83.0, 82.78] [34mF1_perclass_eeg: [87.2, 0.0, 80.97, 82.83, 70.96] [34mF1_perclass_eog: [80.31, 0.0, 80.2, 72.24, 77.41] 
[37mEpoch 4 step 40 with [31mce_loss_combined : 0.483877 [31mce_loss_eeg : 1.027562 [31mce_loss_eog : 1.036510 [31mtotal : 2.547949 [94mAcc_combined: 82.39 [94mAcc_eeg: 79.39 [94mAcc_eog: 78.92 [92mF1_combined: 69.29 [92mF1_eeg: 63.54 [92mF1_eog: 63.48 [92mK_combined: 0.7496 [92mK_eeg: 0.7101 [92mK_eog: 0.7006 [34mF1_perclass_combined: [89.68, 18.13, 83.9, 70.64, 84.11] [34mF1_perclass_eeg: [86.22, 0.11, 81.43, 77.26, 72.69] [34mF1_perclass_eog: [83.2, 0.0, 80.73, 72.97, 80.51] 
[37mEpoch 4 step 41 with [31mce_loss_combined : 0.462777 [31mce_loss_eeg : 1.024710 [31mce_loss_eog : 1.039785 [31mtotal : 2.527272 [94mAcc_combined: 82.98 [94mAcc_eeg: 79.71 [94mAcc_eog: 78.29 [92mF1_combined: 72.94 [92mF1_eeg: 63.63 [92mF1_eog: 62.63 [92mK_combined: 0.7654 [92mK_eeg: 0.7125 [92mK_eog: 0.6911 [34mF1_perclass_combined: [88.12, 26.88, 84.52, 83.56, 81.59] [34mF1_perclass_eeg: [85.89, 0.22, 81.57, 82.89, 67.59] [34mF1_perclass_eog: [82.35, 0.0, 80.73, 71.02, 79.05] 
[37mEpoch 5 step 49 with [31mce_loss_combined : 0.461708 [31mce_loss_eeg : 1.013733 [31mce_loss_eog : 1.031567 [31mtotal : 2.507009 [94mAcc_combined: 83.12 [94mAcc_eeg: 79.55 [94mAcc_eog: 78.13 [92mF1_combined: 72.05 [92mF1_eeg: 64.45 [92mF1_eog: 63.45 [92mK_combined: 0.7677 [92mK_eeg: 0.7177 [92mK_eog: 0.6966 [34mF1_perclass_combined: [87.72, 22.67, 84.06, 82.57, 83.21] [34mF1_perclass_eeg: [85.23, 1.9, 80.52, 81.84, 72.79] [34mF1_perclass_eog: [81.33, 0.0, 79.14, 76.81, 79.98] 
[37mEpoch 5 step 50 with [31mce_loss_combined : 0.482019 [31mce_loss_eeg : 0.997290 [31mce_loss_eog : 1.013727 [31mtotal : 2.493035 [94mAcc_combined: 83.01 [94mAcc_eeg: 80.59 [94mAcc_eog: 79.52 [92mF1_combined: 73.42 [92mF1_eeg: 65.03 [92mF1_eog: 64.38 [92mK_combined: 0.7668 [92mK_eeg: 0.7272 [92mK_eog: 0.7129 [34mF1_perclass_combined: [88.1, 28.71, 84.56, 83.94, 81.77] [34mF1_perclass_eeg: [86.14, 1.64, 82.6, 80.22, 74.54] [34mF1_perclass_eog: [83.02, 0.0, 80.99, 77.76, 80.14] 
[37mEpoch 5 step 52 with [31mce_loss_combined : 0.434383 [31mce_loss_eeg : 1.005854 [31mce_loss_eog : 1.007447 [31mtotal : 2.447684 [94mAcc_combined: 84.78 [94mAcc_eeg: 79.38 [94mAcc_eog: 79.75 [92mF1_combined: 70.66 [92mF1_eeg: 64.03 [92mF1_eog: 64.54 [92mK_combined: 0.7860 [92mK_eeg: 0.7155 [92mK_eog: 0.7137 [34mF1_perclass_combined: [89.78, 10.6, 86.04, 83.34, 83.55] [34mF1_perclass_eeg: [86.01, 0.38, 79.86, 80.49, 73.44] [34mF1_perclass_eog: [83.73, 0.0, 81.05, 76.06, 81.88] 
[37mEpoch 6 step 56 with [31mce_loss_combined : 0.454438 [31mce_loss_eeg : 0.976530 [31mce_loss_eog : 1.012796 [31mtotal : 2.443764 [94mAcc_combined: 83.01 [94mAcc_eeg: 81.63 [94mAcc_eog: 78.78 [92mF1_combined: 71.94 [92mF1_eeg: 66.18 [92mF1_eog: 64.20 [92mK_combined: 0.7687 [92mK_eeg: 0.7443 [92mK_eog: 0.7089 [34mF1_perclass_combined: [90.93, 22.12, 82.1, 79.12, 85.41] [34mF1_perclass_eeg: [87.78, 1.29, 82.85, 83.41, 75.56] [34mF1_perclass_eog: [83.54, 0.0, 78.49, 76.53, 82.42] 
[37mEpoch 6 step 58 with [31mce_loss_combined : 0.414962 [31mce_loss_eeg : 0.981397 [31mce_loss_eog : 1.008096 [31mtotal : 2.404455 [94mAcc_combined: 85.35 [94mAcc_eeg: 80.74 [94mAcc_eog: 79.29 [92mF1_combined: 73.51 [92mF1_eeg: 65.63 [92mF1_eog: 64.48 [92mK_combined: 0.7965 [92mK_eeg: 0.7328 [92mK_eog: 0.7120 [34mF1_perclass_combined: [90.29, 21.46, 86.25, 84.28, 85.27] [34mF1_perclass_eeg: [87.19, 2.42, 82.07, 81.92, 74.54] [34mF1_perclass_eog: [83.86, 0.0, 79.52, 77.89, 81.14] 
[37mEpoch 6 step 59 with [31mce_loss_combined : 0.420957 [31mce_loss_eeg : 0.971530 [31mce_loss_eog : 0.998747 [31mtotal : 2.391235 [94mAcc_combined: 85.12 [94mAcc_eeg: 81.62 [94mAcc_eog: 79.82 [92mF1_combined: 73.85 [92mF1_eeg: 66.00 [92mF1_eog: 64.86 [92mK_combined: 0.7930 [92mK_eeg: 0.7410 [92mK_eog: 0.7152 [34mF1_perclass_combined: [90.83, 23.77, 86.25, 84.23, 84.18] [34mF1_perclass_eeg: [87.07, 1.7, 83.29, 82.94, 75.0] [34mF1_perclass_eog: [84.42, 0.0, 80.37, 78.77, 80.75] 
[37mEpoch 6 step 60 with [31mce_loss_combined : 0.403057 [31mce_loss_eeg : 0.968868 [31mce_loss_eog : 0.987723 [31mtotal : 2.359648 [94mAcc_combined: 85.43 [94mAcc_eeg: 81.85 [94mAcc_eog: 80.68 [92mF1_combined: 74.18 [92mF1_eeg: 66.58 [92mF1_eog: 65.49 [92mK_combined: 0.7983 [92mK_eeg: 0.7469 [92mK_eog: 0.7277 [34mF1_perclass_combined: [91.48, 23.34, 85.95, 84.19, 85.95] [34mF1_perclass_eeg: [87.86, 1.97, 82.93, 83.69, 76.46] [34mF1_perclass_eog: [85.08, 0.0, 81.42, 78.07, 82.89] 
[37mEpoch 7 step 65 with [31mce_loss_combined : 0.399604 [31mce_loss_eeg : 0.963852 [31mce_loss_eog : 0.986847 [31mtotal : 2.350302 [94mAcc_combined: 85.79 [94mAcc_eeg: 81.91 [94mAcc_eog: 80.24 [92mF1_combined: 73.66 [92mF1_eeg: 66.45 [92mF1_eog: 65.03 [92mK_combined: 0.8013 [92mK_eeg: 0.7464 [92mK_eog: 0.7216 [34mF1_perclass_combined: [91.19, 20.88, 86.69, 83.7, 85.83] [34mF1_perclass_eeg: [87.83, 1.7, 83.05, 83.37, 76.3] [34mF1_perclass_eog: [83.96, 0.0, 81.34, 76.79, 83.03] 
[37mEpoch 8 step 72 with [31mce_loss_combined : 0.417746 [31mce_loss_eeg : 0.950707 [31mce_loss_eog : 0.981486 [31mtotal : 2.349939 [94mAcc_combined: 84.90 [94mAcc_eeg: 82.33 [94mAcc_eog: 80.00 [92mF1_combined: 73.43 [92mF1_eeg: 67.28 [92mF1_eog: 64.85 [92mK_combined: 0.7912 [92mK_eeg: 0.7547 [92mK_eog: 0.7204 [34mF1_perclass_combined: [89.39, 22.13, 85.34, 83.97, 86.33] [34mF1_perclass_eeg: [88.23, 3.5, 83.54, 83.69, 77.42] [34mF1_perclass_eog: [83.77, 0.0, 81.07, 77.32, 82.1] 
[37mEpoch 8 step 73 with [31mce_loss_combined : 0.397368 [31mce_loss_eeg : 0.948411 [31mce_loss_eog : 0.976338 [31mtotal : 2.322117 [94mAcc_combined: 86.01 [94mAcc_eeg: 82.42 [94mAcc_eog: 80.36 [92mF1_combined: 73.48 [92mF1_eeg: 66.99 [92mF1_eog: 64.94 [92mK_combined: 0.8033 [92mK_eeg: 0.7529 [92mK_eog: 0.7214 [34mF1_perclass_combined: [91.33, 19.3, 86.91, 83.74, 86.1] [34mF1_perclass_eeg: [88.25, 2.42, 83.63, 83.55, 77.09] [34mF1_perclass_eog: [84.51, 0.0, 81.66, 75.41, 83.1] 
[37mEpoch 8 step 74 with [31mce_loss_combined : 0.392910 [31mce_loss_eeg : 0.949326 [31mce_loss_eog : 0.973845 [31mtotal : 2.316082 [94mAcc_combined: 85.96 [94mAcc_eeg: 82.39 [94mAcc_eog: 80.68 [92mF1_combined: 74.47 [92mF1_eeg: 67.10 [92mF1_eog: 65.48 [92mK_combined: 0.8052 [92mK_eeg: 0.7536 [92mK_eog: 0.7285 [34mF1_perclass_combined: [91.68, 23.35, 86.28, 84.15, 86.87] [34mF1_perclass_eeg: [88.37, 2.68, 83.31, 84.24, 76.89] [34mF1_perclass_eog: [84.36, 0.0, 81.66, 77.82, 83.54] 
[37mEpoch 8 step 75 with [31mce_loss_combined : 0.389633 [31mce_loss_eeg : 0.947755 [31mce_loss_eog : 0.975134 [31mtotal : 2.312522 [94mAcc_combined: 86.08 [94mAcc_eeg: 82.51 [94mAcc_eog: 80.42 [92mF1_combined: 74.45 [92mF1_eeg: 67.15 [92mF1_eog: 65.06 [92mK_combined: 0.8064 [92mK_eeg: 0.7552 [92mK_eog: 0.7235 [34mF1_perclass_combined: [91.4, 23.12, 86.62, 84.31, 86.83] [34mF1_perclass_eeg: [88.22, 2.63, 83.62, 84.2, 77.07] [34mF1_perclass_eog: [84.2, 0.0, 81.7, 75.84, 83.54] 
[37mEpoch 9 step 86 with [31mce_loss_combined : 0.413825 [31mce_loss_eeg : 0.935927 [31mce_loss_eog : 0.958194 [31mtotal : 2.307945 [94mAcc_combined: 85.06 [94mAcc_eeg: 82.20 [94mAcc_eog: 80.90 [92mF1_combined: 74.53 [92mF1_eeg: 67.46 [92mF1_eog: 65.59 [92mK_combined: 0.7940 [92mK_eeg: 0.7523 [92mK_eog: 0.7316 [34mF1_perclass_combined: [90.61, 26.56, 85.54, 84.08, 85.84] [34mF1_perclass_eeg: [88.02, 4.88, 83.24, 83.64, 77.51] [34mF1_perclass_eog: [84.96, 0.0, 81.98, 77.68, 83.31] 
[37mEpoch 9 step 87 with [31mce_loss_combined : 0.407625 [31mce_loss_eeg : 0.932519 [31mce_loss_eog : 0.956377 [31mtotal : 2.296520 [94mAcc_combined: 85.43 [94mAcc_eeg: 82.47 [94mAcc_eog: 80.93 [92mF1_combined: 73.08 [92mF1_eeg: 67.33 [92mF1_eog: 65.67 [92mK_combined: 0.7979 [92mK_eeg: 0.7558 [92mK_eog: 0.7327 [34mF1_perclass_combined: [89.95, 18.38, 86.18, 84.74, 86.14] [34mF1_perclass_eeg: [87.5, 3.54, 84.04, 83.81, 77.73] [34mF1_perclass_eog: [84.78, 0.0, 81.94, 78.09, 83.53] 
[37mEpoch 10 step 91 with [31mce_loss_combined : 0.394911 [31mce_loss_eeg : 0.930595 [31mce_loss_eog : 0.956358 [31mtotal : 2.281864 [94mAcc_combined: 85.59 [94mAcc_eeg: 82.42 [94mAcc_eog: 80.79 [92mF1_combined: 74.15 [92mF1_eeg: 67.45 [92mF1_eog: 65.59 [92mK_combined: 0.8007 [92mK_eeg: 0.7547 [92mK_eog: 0.7304 [34mF1_perclass_combined: [91.13, 23.18, 85.85, 84.09, 86.53] [34mF1_perclass_eeg: [88.48, 3.93, 83.18, 83.94, 77.73] [34mF1_perclass_eog: [84.45, 0.0, 81.74, 78.2, 83.53] 
[37mEpoch 10 step 92 with [31mce_loss_combined : 0.392665 [31mce_loss_eeg : 0.926378 [31mce_loss_eog : 0.961152 [31mtotal : 2.280195 [94mAcc_combined: 85.78 [94mAcc_eeg: 82.82 [94mAcc_eog: 80.14 [92mF1_combined: 74.26 [92mF1_eeg: 67.69 [92mF1_eog: 64.50 [92mK_combined: 0.8021 [92mK_eeg: 0.7593 [92mK_eog: 0.7183 [34mF1_perclass_combined: [90.09, 23.33, 86.65, 84.86, 86.38] [34mF1_perclass_eeg: [88.16, 4.13, 84.11, 84.02, 78.02] [34mF1_perclass_eog: [84.28, 0.0, 81.69, 72.9, 83.61] 
[37mEpoch 10 step 93 with [31mce_loss_combined : 0.386672 [31mce_loss_eeg : 0.925120 [31mce_loss_eog : 0.959329 [31mtotal : 2.271121 [94mAcc_combined: 85.98 [94mAcc_eeg: 82.86 [94mAcc_eog: 80.23 [92mF1_combined: 74.35 [92mF1_eeg: 67.75 [92mF1_eog: 64.51 [92mK_combined: 0.8042 [92mK_eeg: 0.7601 [92mK_eog: 0.7188 [34mF1_perclass_combined: [90.52, 23.32, 86.94, 84.45, 86.51] [34mF1_perclass_eeg: [88.05, 4.26, 84.29, 83.74, 78.4] [34mF1_perclass_eog: [84.78, 0.0, 81.72, 72.39, 83.66] 
[37mEpoch 10 step 94 with [31mce_loss_combined : 0.385087 [31mce_loss_eeg : 0.924471 [31mce_loss_eog : 0.955680 [31mtotal : 2.265238 [94mAcc_combined: 86.05 [94mAcc_eeg: 82.91 [94mAcc_eog: 80.64 [92mF1_combined: 74.85 [92mF1_eeg: 67.84 [92mF1_eog: 65.13 [92mK_combined: 0.8058 [92mK_eeg: 0.7613 [92mK_eog: 0.7257 [34mF1_perclass_combined: [90.64, 25.34, 86.95, 84.72, 86.62] [34mF1_perclass_eeg: [88.05, 4.35, 84.38, 83.51, 78.93] [34mF1_perclass_eog: [84.8, 0.0, 81.95, 75.25, 83.64] 
[37mEpoch 10 step 95 with [31mce_loss_combined : 0.383364 [31mce_loss_eeg : 0.923819 [31mce_loss_eog : 0.954803 [31mtotal : 2.261985 [94mAcc_combined: 86.15 [94mAcc_eeg: 82.98 [94mAcc_eog: 80.74 [92mF1_combined: 74.91 [92mF1_eeg: 67.86 [92mF1_eog: 65.26 [92mK_combined: 0.8073 [92mK_eeg: 0.7623 [92mK_eog: 0.7273 [34mF1_perclass_combined: [90.86, 25.14, 86.97, 84.98, 86.62] [34mF1_perclass_eeg: [88.2, 4.07, 84.38, 83.74, 78.91] [34mF1_perclass_eog: [84.88, 0.0, 81.98, 75.8, 83.66] 
[37mEpoch 12 step 111 with [31mce_loss_combined : 0.381518 [31mce_loss_eeg : 0.917007 [31mce_loss_eog : 0.942531 [31mtotal : 2.241055 [94mAcc_combined: 86.42 [94mAcc_eeg: 81.64 [94mAcc_eog: 80.37 [92mF1_combined: 75.33 [92mF1_eeg: 67.48 [92mF1_eog: 65.51 [92mK_combined: 0.8110 [92mK_eeg: 0.7440 [92mK_eog: 0.7274 [34mF1_perclass_combined: [91.53, 26.67, 87.28, 83.96, 87.21] [34mF1_perclass_eeg: [88.63, 8.59, 82.77, 79.58, 77.82] [34mF1_perclass_eog: [85.15, 0.0, 80.17, 78.69, 83.53] 
[37mEpoch 12 step 112 with [31mce_loss_combined : 0.384259 [31mce_loss_eeg : 0.903390 [31mce_loss_eog : 0.928825 [31mtotal : 2.216474 [94mAcc_combined: 86.35 [94mAcc_eeg: 82.61 [94mAcc_eog: 81.12 [92mF1_combined: 75.11 [92mF1_eeg: 68.17 [92mF1_eog: 65.93 [92mK_combined: 0.8094 [92mK_eeg: 0.7553 [92mK_eog: 0.7331 [34mF1_perclass_combined: [91.99, 24.35, 87.0, 84.63, 87.56] [34mF1_perclass_eeg: [88.56, 6.84, 83.68, 83.37, 78.43] [34mF1_perclass_eog: [85.7, 0.0, 81.58, 78.02, 84.36] 
[37mEpoch 13 step 118 with [31mce_loss_combined : 0.368335 [31mce_loss_eeg : 0.891055 [31mce_loss_eog : 0.923679 [31mtotal : 2.183069 [94mAcc_combined: 86.78 [94mAcc_eeg: 83.22 [94mAcc_eog: 80.92 [92mF1_combined: 77.04 [92mF1_eeg: 69.04 [92mF1_eog: 65.36 [92mK_combined: 0.8164 [92mK_eeg: 0.7645 [92mK_eog: 0.7303 [34mF1_perclass_combined: [92.41, 33.19, 87.31, 84.6, 87.66] [34mF1_perclass_eeg: [88.93, 9.31, 84.38, 83.83, 78.74] [34mF1_perclass_eog: [85.37, 0.0, 82.16, 75.03, 84.22] 
[37mEpoch 13 step 121 with [31mce_loss_combined : 0.363804 [31mce_loss_eeg : 0.885270 [31mce_loss_eog : 0.916389 [31mtotal : 2.165462 [94mAcc_combined: 86.89 [94mAcc_eeg: 83.48 [94mAcc_eog: 81.41 [92mF1_combined: 76.65 [92mF1_eeg: 70.05 [92mF1_eog: 65.89 [92mK_combined: 0.8174 [92mK_eeg: 0.7692 [92mK_eog: 0.7375 [34mF1_perclass_combined: [92.43, 30.55, 87.53, 84.7, 88.06] [34mF1_perclass_eeg: [88.98, 12.42, 84.6, 84.0, 80.25] [34mF1_perclass_eog: [86.0, 0.0, 82.25, 76.53, 84.69] 
[37mEpoch 14 step 127 with [31mce_loss_combined : 0.368495 [31mce_loss_eeg : 0.880661 [31mce_loss_eog : 0.915885 [31mtotal : 2.165041 [94mAcc_combined: 86.70 [94mAcc_eeg: 83.67 [94mAcc_eog: 81.34 [92mF1_combined: 76.92 [92mF1_eeg: 70.08 [92mF1_eog: 65.81 [92mK_combined: 0.8160 [92mK_eeg: 0.7722 [92mK_eog: 0.7367 [34mF1_perclass_combined: [91.71, 32.89, 87.13, 84.83, 88.03] [34mF1_perclass_eeg: [89.07, 12.19, 84.72, 84.28, 80.12] [34mF1_perclass_eog: [85.58, 0.0, 82.34, 76.27, 84.85] 
[37mEpoch 14 step 128 with [31mce_loss_combined : 0.360836 [31mce_loss_eeg : 0.879472 [31mce_loss_eog : 0.920055 [31mtotal : 2.160363 [94mAcc_combined: 87.06 [94mAcc_eeg: 83.79 [94mAcc_eog: 80.70 [92mF1_combined: 76.50 [92mF1_eeg: 69.92 [92mF1_eog: 64.74 [92mK_combined: 0.8194 [92mK_eeg: 0.7738 [92mK_eog: 0.7245 [34mF1_perclass_combined: [92.41, 30.0, 87.71, 84.34, 88.03] [34mF1_perclass_eeg: [88.91, 11.06, 85.1, 83.89, 80.63] [34mF1_perclass_eog: [86.14, 0.0, 81.93, 70.71, 84.9] 
[37mEpoch 14 step 129 with [31mce_loss_combined : 0.360235 [31mce_loss_eeg : 0.879179 [31mce_loss_eog : 0.911868 [31mtotal : 2.151283 [94mAcc_combined: 87.04 [94mAcc_eeg: 83.80 [94mAcc_eog: 81.71 [92mF1_combined: 77.34 [92mF1_eeg: 70.21 [92mF1_eog: 66.30 [92mK_combined: 0.8203 [92mK_eeg: 0.7742 [92mK_eog: 0.7421 [34mF1_perclass_combined: [92.41, 33.75, 87.57, 84.85, 88.13] [34mF1_perclass_eeg: [89.04, 12.38, 85.1, 83.7, 80.83] [34mF1_perclass_eog: [85.99, 0.0, 82.48, 78.12, 84.89] 
[37mEpoch 15 step 133 with [31mce_loss_combined : 0.360103 [31mce_loss_eeg : 0.879425 [31mce_loss_eog : 0.909901 [31mtotal : 2.149429 [94mAcc_combined: 87.03 [94mAcc_eeg: 83.66 [94mAcc_eog: 81.81 [92mF1_combined: 76.76 [92mF1_eeg: 70.13 [92mF1_eog: 66.49 [92mK_combined: 0.8201 [92mK_eeg: 0.7721 [92mK_eog: 0.7445 [34mF1_perclass_combined: [92.63, 30.6, 87.36, 85.09, 88.15] [34mF1_perclass_eeg: [89.13, 12.21, 84.71, 84.24, 80.35] [34mF1_perclass_eog: [86.34, 0.0, 82.26, 78.73, 85.12] 
[37mEpoch 15 step 134 with [31mce_loss_combined : 0.358804 [31mce_loss_eeg : 0.879078 [31mce_loss_eog : 0.909921 [31mtotal : 2.147803 [94mAcc_combined: 87.09 [94mAcc_eeg: 83.67 [94mAcc_eog: 81.77 [92mF1_combined: 76.78 [92mF1_eeg: 70.14 [92mF1_eog: 66.42 [92mK_combined: 0.8207 [92mK_eeg: 0.7720 [92mK_eog: 0.7437 [34mF1_perclass_combined: [92.64, 30.55, 87.45, 85.07, 88.19] [34mF1_perclass_eeg: [89.16, 12.23, 84.73, 84.16, 80.39] [34mF1_perclass_eog: [86.31, 0.0, 82.28, 78.46, 85.07] 
[37mEpoch 15 step 135 with [31mce_loss_combined : 0.357775 [31mce_loss_eeg : 0.878751 [31mce_loss_eog : 0.909726 [31mtotal : 2.146252 [94mAcc_combined: 87.13 [94mAcc_eeg: 83.69 [94mAcc_eog: 81.79 [92mF1_combined: 76.79 [92mF1_eeg: 70.13 [92mF1_eog: 66.42 [92mK_combined: 0.8211 [92mK_eeg: 0.7723 [92mK_eog: 0.7440 [34mF1_perclass_combined: [92.62, 30.53, 87.54, 85.02, 88.26] [34mF1_perclass_eeg: [89.17, 12.22, 84.79, 84.04, 80.45] [34mF1_perclass_eog: [86.3, 0.0, 82.35, 78.37, 85.07] 
[37mEpoch 17 step 156 with [31mce_loss_combined : 0.372326 [31mce_loss_eeg : 0.859313 [31mce_loss_eog : 0.884535 [31mtotal : 2.116173 [94mAcc_combined: 86.96 [94mAcc_eeg: 82.97 [94mAcc_eog: 81.63 [92mF1_combined: 76.21 [92mF1_eeg: 69.81 [92mF1_eog: 66.26 [92mK_combined: 0.8174 [92mK_eeg: 0.7603 [92mK_eog: 0.7412 [34mF1_perclass_combined: [92.5, 28.21, 87.51, 84.75, 88.07] [34mF1_perclass_eeg: [88.9, 13.69, 84.05, 83.07, 79.34] [34mF1_perclass_eog: [86.27, 0.05, 82.18, 78.02, 84.77] 
[37mEpoch 18 step 162 with [31mce_loss_combined : 0.371224 [31mce_loss_eeg : 0.844925 [31mce_loss_eog : 0.894450 [31mtotal : 2.110599 [94mAcc_combined: 86.86 [94mAcc_eeg: 83.62 [94mAcc_eog: 80.20 [92mF1_combined: 77.94 [92mF1_eeg: 71.24 [92mF1_eog: 64.14 [92mK_combined: 0.8166 [92mK_eeg: 0.7711 [92mK_eog: 0.7178 [34mF1_perclass_combined: [92.6, 38.18, 87.54, 83.28, 88.12] [34mF1_perclass_eeg: [89.18, 18.52, 84.59, 84.28, 79.66] [34mF1_perclass_eog: [85.78, 0.86, 81.9, 68.22, 83.93] 
[37mEpoch 18 step 164 with [31mce_loss_combined : 0.365845 [31mce_loss_eeg : 0.844055 [31mce_loss_eog : 0.880253 [31mtotal : 2.090153 [94mAcc_combined: 86.90 [94mAcc_eeg: 83.40 [94mAcc_eog: 81.37 [92mF1_combined: 78.01 [92mF1_eeg: 71.62 [92mF1_eog: 66.30 [92mK_combined: 0.8182 [92mK_eeg: 0.7692 [92mK_eog: 0.7386 [34mF1_perclass_combined: [92.29, 37.18, 87.69, 84.5, 88.37] [34mF1_perclass_eeg: [89.24, 20.92, 84.5, 82.4, 81.02] [34mF1_perclass_eog: [85.95, 0.38, 81.63, 79.65, 83.89] 
[37mEpoch 18 step 165 with [31mce_loss_combined : 0.367610 [31mce_loss_eeg : 0.836395 [31mce_loss_eog : 0.875088 [31mtotal : 2.079092 [94mAcc_combined: 86.87 [94mAcc_eeg: 83.90 [94mAcc_eog: 81.60 [92mF1_combined: 77.84 [92mF1_eeg: 72.87 [92mF1_eog: 66.25 [92mK_combined: 0.8178 [92mK_eeg: 0.7763 [92mK_eog: 0.7408 [34mF1_perclass_combined: [92.02, 36.96, 87.59, 84.65, 87.97] [34mF1_perclass_eeg: [89.23, 25.02, 85.07, 83.58, 81.44] [34mF1_perclass_eog: [86.1, 0.86, 82.35, 76.95, 84.98] 
[37mEpoch 19 step 170 with [31mce_loss_combined : 0.367060 [31mce_loss_eeg : 0.834506 [31mce_loss_eog : 0.870731 [31mtotal : 2.072297 [94mAcc_combined: 86.69 [94mAcc_eeg: 83.79 [94mAcc_eog: 81.66 [92mF1_combined: 77.39 [92mF1_eeg: 72.38 [92mF1_eog: 66.43 [92mK_combined: 0.8164 [92mK_eeg: 0.7752 [92mK_eog: 0.7416 [34mF1_perclass_combined: [92.24, 35.09, 87.2, 84.47, 87.95] [34mF1_perclass_eeg: [89.1, 22.67, 84.82, 84.48, 80.83] [34mF1_perclass_eog: [85.65, 1.23, 82.68, 78.37, 84.19] 
[37mEpoch 19 step 173 with [31mce_loss_combined : 0.365652 [31mce_loss_eeg : 0.828886 [31mce_loss_eog : 0.864043 [31mtotal : 2.058580 [94mAcc_combined: 86.93 [94mAcc_eeg: 83.98 [94mAcc_eog: 81.81 [92mF1_combined: 78.56 [92mF1_eeg: 73.02 [92mF1_eog: 66.84 [92mK_combined: 0.8192 [92mK_eeg: 0.7774 [92mK_eog: 0.7438 [34mF1_perclass_combined: [92.29, 40.12, 87.78, 84.85, 87.77] [34mF1_perclass_eeg: [89.0, 25.43, 85.26, 84.2, 81.23] [34mF1_perclass_eog: [86.12, 1.87, 82.42, 79.05, 84.72] 
[37mEpoch 20 step 181 with [31mce_loss_combined : 0.361811 [31mce_loss_eeg : 0.820801 [31mce_loss_eog : 0.853700 [31mtotal : 2.036312 [94mAcc_combined: 87.11 [94mAcc_eeg: 84.07 [94mAcc_eog: 82.21 [92mF1_combined: 78.83 [92mF1_eeg: 74.12 [92mF1_eog: 67.48 [92mK_combined: 0.8214 [92mK_eeg: 0.7789 [92mK_eog: 0.7510 [34mF1_perclass_combined: [92.22, 41.23, 87.85, 84.92, 87.95] [34mF1_perclass_eeg: [88.8, 30.95, 85.55, 84.05, 81.22] [34mF1_perclass_eog: [86.62, 3.07, 82.49, 79.31, 85.89] 
[37mEpoch 21 step 187 with [31mce_loss_combined : 0.366258 [31mce_loss_eeg : 0.816130 [31mce_loss_eog : 0.852504 [31mtotal : 2.034892 [94mAcc_combined: 86.98 [94mAcc_eeg: 84.03 [94mAcc_eog: 81.94 [92mF1_combined: 78.07 [92mF1_eeg: 73.16 [92mF1_eog: 67.33 [92mK_combined: 0.8181 [92mK_eeg: 0.7768 [92mK_eog: 0.7458 [34mF1_perclass_combined: [92.3, 39.54, 87.87, 82.27, 88.4] [34mF1_perclass_eeg: [89.74, 27.09, 85.23, 81.6, 82.14] [34mF1_perclass_eog: [86.36, 5.07, 82.78, 77.17, 85.29] 
[37mEpoch 21 step 188 with [31mce_loss_combined : 0.367121 [31mce_loss_eeg : 0.816803 [31mce_loss_eog : 0.849148 [31mtotal : 2.033072 [94mAcc_combined: 86.43 [94mAcc_eeg: 83.99 [94mAcc_eog: 82.32 [92mF1_combined: 78.49 [92mF1_eeg: 72.99 [92mF1_eog: 68.12 [92mK_combined: 0.8143 [92mK_eeg: 0.7775 [92mK_eog: 0.7544 [34mF1_perclass_combined: [92.74, 41.37, 86.36, 83.64, 88.35] [34mF1_perclass_eeg: [89.54, 24.87, 84.71, 84.56, 81.27] [34mF1_perclass_eog: [87.17, 5.39, 82.18, 79.74, 86.1] 
[37mEpoch 21 step 190 with [31mce_loss_combined : 0.357504 [31mce_loss_eeg : 0.813523 [31mce_loss_eog : 0.846896 [31mtotal : 2.017924 [94mAcc_combined: 87.18 [94mAcc_eeg: 84.19 [94mAcc_eog: 82.39 [92mF1_combined: 78.75 [92mF1_eeg: 74.21 [92mF1_eog: 67.91 [92mK_combined: 0.8227 [92mK_eeg: 0.7809 [92mK_eog: 0.7537 [34mF1_perclass_combined: [92.5, 40.58, 87.72, 84.96, 87.98] [34mF1_perclass_eeg: [88.91, 30.96, 85.53, 84.09, 81.57] [34mF1_perclass_eog: [86.85, 4.38, 82.6, 79.59, 86.13] 
[37mEpoch 21 step 193 with [31mce_loss_combined : 0.357712 [31mce_loss_eeg : 0.812881 [31mce_loss_eog : 0.844880 [31mtotal : 2.015473 [94mAcc_combined: 87.22 [94mAcc_eeg: 84.24 [94mAcc_eog: 82.39 [92mF1_combined: 78.27 [92mF1_eeg: 74.32 [92mF1_eog: 68.27 [92mK_combined: 0.8233 [92mK_eeg: 0.7823 [92mK_eog: 0.7549 [34mF1_perclass_combined: [92.38, 38.19, 87.76, 84.93, 88.1] [34mF1_perclass_eeg: [89.43, 30.91, 85.18, 84.2, 81.89] [34mF1_perclass_eog: [87.2, 6.2, 82.44, 79.42, 86.09] 
[37mEpoch 22 step 196 with [31mce_loss_combined : 0.361307 [31mce_loss_eeg : 0.806528 [31mce_loss_eog : 0.846040 [31mtotal : 2.013875 [94mAcc_combined: 87.21 [94mAcc_eeg: 84.42 [94mAcc_eog: 82.09 [92mF1_combined: 78.13 [92mF1_eeg: 73.85 [92mF1_eog: 67.41 [92mK_combined: 0.8218 [92mK_eeg: 0.7828 [92mK_eog: 0.7476 [34mF1_perclass_combined: [92.09, 38.19, 88.01, 83.75, 88.6] [34mF1_perclass_eeg: [89.84, 28.4, 85.47, 83.0, 82.52] [34mF1_perclass_eog: [86.62, 4.97, 82.93, 76.94, 85.57] 
[37mEpoch 22 step 199 with [31mce_loss_combined : 0.352616 [31mce_loss_eeg : 0.805449 [31mce_loss_eog : 0.840952 [31mtotal : 1.999017 [94mAcc_combined: 87.45 [94mAcc_eeg: 84.55 [94mAcc_eog: 82.53 [92mF1_combined: 78.91 [92mF1_eeg: 74.11 [92mF1_eog: 68.15 [92mK_combined: 0.8261 [92mK_eeg: 0.7854 [92mK_eog: 0.7546 [34mF1_perclass_combined: [92.74, 40.38, 87.98, 85.05, 88.39] [34mF1_perclass_eeg: [89.51, 28.95, 85.66, 83.91, 82.52] [34mF1_perclass_eog: [87.08, 5.52, 82.91, 79.13, 86.11] 
[37mEpoch 23 step 203 with [31mce_loss_combined : 0.351656 [31mce_loss_eeg : 0.805067 [31mce_loss_eog : 0.840672 [31mtotal : 1.997395 [94mAcc_combined: 87.47 [94mAcc_eeg: 84.53 [94mAcc_eog: 82.48 [92mF1_combined: 78.71 [92mF1_eeg: 74.51 [92mF1_eog: 68.50 [92mK_combined: 0.8265 [92mK_eeg: 0.7858 [92mK_eog: 0.7547 [34mF1_perclass_combined: [92.89, 38.98, 87.82, 85.23, 88.61] [34mF1_perclass_eeg: [89.7, 30.46, 85.33, 84.48, 82.59] [34mF1_perclass_eog: [87.28, 6.94, 82.66, 79.47, 86.14] 
[37mEpoch 23 step 207 with [31mce_loss_combined : 0.350613 [31mce_loss_eeg : 0.803129 [31mce_loss_eog : 0.840877 [31mtotal : 1.994619 [94mAcc_combined: 87.50 [94mAcc_eeg: 84.64 [94mAcc_eog: 82.34 [92mF1_combined: 78.78 [92mF1_eeg: 74.19 [92mF1_eog: 67.83 [92mK_combined: 0.8268 [92mK_eeg: 0.7866 [92mK_eog: 0.7502 [34mF1_perclass_combined: [92.61, 39.51, 88.0, 85.16, 88.6] [34mF1_perclass_eeg: [89.72, 28.76, 85.5, 84.49, 82.47] [34mF1_perclass_eog: [87.31, 6.36, 83.08, 76.14, 86.24] 
[37mEpoch 23 step 208 with [31mce_loss_combined : 0.350287 [31mce_loss_eeg : 0.802469 [31mce_loss_eog : 0.838683 [31mtotal : 1.991439 [94mAcc_combined: 87.52 [94mAcc_eeg: 84.65 [94mAcc_eog: 82.53 [92mF1_combined: 78.95 [92mF1_eeg: 74.26 [92mF1_eog: 68.19 [92mK_combined: 0.8269 [92mK_eeg: 0.7866 [92mK_eog: 0.7538 [34mF1_perclass_combined: [92.7, 40.32, 88.08, 85.08, 88.55] [34mF1_perclass_eeg: [89.72, 29.16, 85.64, 84.07, 82.7] [34mF1_perclass_eog: [87.26, 6.37, 83.1, 78.12, 86.09] 
[37mEpoch 23 step 211 with [31mce_loss_combined : 0.351368 [31mce_loss_eeg : 0.802584 [31mce_loss_eog : 0.837407 [31mtotal : 1.991360 [94mAcc_combined: 87.48 [94mAcc_eeg: 84.62 [94mAcc_eog: 82.69 [92mF1_combined: 78.98 [92mF1_eeg: 74.45 [92mF1_eog: 68.74 [92mK_combined: 0.8266 [92mK_eeg: 0.7863 [92mK_eog: 0.7572 [34mF1_perclass_combined: [92.77, 40.45, 87.92, 85.22, 88.56] [34mF1_perclass_eeg: [89.76, 29.99, 85.5, 84.37, 82.62] [34mF1_perclass_eog: [87.4, 7.85, 83.08, 79.14, 86.23] 
[37mEpoch 24 step 213 with [31mce_loss_combined : 0.350947 [31mce_loss_eeg : 0.802512 [31mce_loss_eog : 0.837794 [31mtotal : 1.991253 [94mAcc_combined: 87.49 [94mAcc_eeg: 84.63 [94mAcc_eog: 82.64 [92mF1_combined: 78.82 [92mF1_eeg: 74.40 [92mF1_eog: 68.61 [92mK_combined: 0.8268 [92mK_eeg: 0.7865 [92mK_eog: 0.7563 [34mF1_perclass_combined: [92.87, 39.49, 87.89, 85.24, 88.62] [34mF1_perclass_eeg: [89.8, 29.66, 85.46, 84.43, 82.66] [34mF1_perclass_eog: [87.4, 7.4, 83.0, 79.09, 86.16] 
[37mEpoch 24 step 214 with [31mce_loss_combined : 0.349040 [31mce_loss_eeg : 0.802000 [31mce_loss_eog : 0.837500 [31mtotal : 1.988540 [94mAcc_combined: 87.60 [94mAcc_eeg: 84.60 [94mAcc_eog: 82.71 [92mF1_combined: 78.91 [92mF1_eeg: 74.37 [92mF1_eog: 68.62 [92mK_combined: 0.8279 [92mK_eeg: 0.7859 [92mK_eog: 0.7571 [34mF1_perclass_combined: [92.83, 39.78, 88.1, 85.2, 88.67] [34mF1_perclass_eeg: [89.81, 29.71, 85.49, 84.09, 82.75] [34mF1_perclass_eog: [87.4, 7.3, 83.14, 79.03, 86.23] 
[37mEpoch 24 step 216 with [31mce_loss_combined : 0.349169 [31mce_loss_eeg : 0.802065 [31mce_loss_eog : 0.837305 [31mtotal : 1.988539 [94mAcc_combined: 87.57 [94mAcc_eeg: 84.63 [94mAcc_eog: 82.74 [92mF1_combined: 78.92 [92mF1_eeg: 74.39 [92mF1_eog: 68.64 [92mK_combined: 0.8276 [92mK_eeg: 0.7864 [92mK_eog: 0.7574 [34mF1_perclass_combined: [92.83, 39.87, 88.04, 85.22, 88.63] [34mF1_perclass_eeg: [89.82, 29.68, 85.5, 84.23, 82.72] [34mF1_perclass_eog: [87.43, 7.35, 83.19, 78.96, 86.28] 
[37mEpoch 24 step 217 with [31mce_loss_combined : 0.349201 [31mce_loss_eeg : 0.802023 [31mce_loss_eog : 0.837311 [31mtotal : 1.988536 [94mAcc_combined: 87.57 [94mAcc_eeg: 84.63 [94mAcc_eog: 82.73 [92mF1_combined: 78.92 [92mF1_eeg: 74.36 [92mF1_eog: 68.61 [92mK_combined: 0.8275 [92mK_eeg: 0.7863 [92mK_eog: 0.7574 [34mF1_perclass_combined: [92.83, 39.9, 88.03, 85.21, 88.64] [34mF1_perclass_eeg: [89.81, 29.55, 85.5, 84.22, 82.72] [34mF1_perclass_eog: [87.43, 7.21, 83.18, 78.96, 86.27] 
[37mEpoch 27 step 244 with [31mce_loss_combined : 0.369635 [31mce_loss_eeg : 0.780020 [31mce_loss_eog : 0.811057 [31mtotal : 1.960711 [94mAcc_combined: 87.28 [94mAcc_eeg: 83.82 [94mAcc_eog: 82.40 [92mF1_combined: 78.15 [92mF1_eeg: 73.87 [92mF1_eog: 69.48 [92mK_combined: 0.8233 [92mK_eeg: 0.7741 [92mK_eog: 0.7532 [34mF1_perclass_combined: [92.52, 37.11, 87.88, 84.87, 88.37] [34mF1_perclass_eeg: [89.08, 30.23, 84.88, 83.59, 81.57] [34mF1_perclass_eog: [86.83, 13.12, 83.08, 78.98, 85.41] 
[37mEpoch 28 step 252 with [31mce_loss_combined : 0.366900 [31mce_loss_eeg : 0.770802 [31mce_loss_eog : 0.807706 [31mtotal : 1.945408 [94mAcc_combined: 87.00 [94mAcc_eeg: 83.83 [94mAcc_eog: 81.99 [92mF1_combined: 78.82 [92mF1_eeg: 74.55 [92mF1_eog: 69.09 [92mK_combined: 0.8198 [92mK_eeg: 0.7769 [92mK_eog: 0.7475 [34mF1_perclass_combined: [92.55, 41.78, 87.69, 84.25, 87.82] [34mF1_perclass_eeg: [89.66, 33.67, 84.52, 83.29, 81.61] [34mF1_perclass_eog: [86.38, 12.43, 82.54, 79.91, 84.17] 
[37mEpoch 28 step 253 with [31mce_loss_combined : 0.372008 [31mce_loss_eeg : 0.762691 [31mce_loss_eog : 0.802996 [31mtotal : 1.937695 [94mAcc_combined: 87.04 [94mAcc_eeg: 84.26 [94mAcc_eog: 82.29 [92mF1_combined: 78.16 [92mF1_eeg: 75.42 [92mF1_eog: 70.35 [92mK_combined: 0.8200 [92mK_eeg: 0.7821 [92mK_eog: 0.7516 [34mF1_perclass_combined: [92.02, 38.51, 87.87, 84.61, 87.81] [34mF1_perclass_eeg: [89.43, 36.17, 85.32, 83.56, 82.59] [34mF1_perclass_eog: [86.79, 18.5, 83.09, 77.85, 85.53] 
[37mEpoch 30 step 270 with [31mce_loss_combined : 0.397529 [31mce_loss_eeg : 0.758260 [31mce_loss_eog : 0.779601 [31mtotal : 1.935391 [94mAcc_combined: 86.13 [94mAcc_eeg: 83.46 [94mAcc_eog: 82.61 [92mF1_combined: 78.55 [92mF1_eeg: 74.68 [92mF1_eog: 71.12 [92mK_combined: 0.8095 [92mK_eeg: 0.7716 [92mK_eog: 0.7573 [34mF1_perclass_combined: [91.33, 42.81, 86.84, 84.44, 87.34] [34mF1_perclass_eeg: [88.7, 35.64, 85.16, 83.66, 80.27] [34mF1_perclass_eog: [87.05, 19.82, 83.13, 79.73, 85.86] 
[37mEpoch 30 step 272 with [31mce_loss_combined : 0.366305 [31mce_loss_eeg : 0.745591 [31mce_loss_eog : 0.778294 [31mtotal : 1.890189 [94mAcc_combined: 87.00 [94mAcc_eeg: 84.22 [94mAcc_eog: 82.48 [92mF1_combined: 77.85 [92mF1_eeg: 74.67 [92mF1_eog: 69.98 [92mK_combined: 0.8195 [92mK_eeg: 0.7815 [92mK_eog: 0.7566 [34mF1_perclass_combined: [91.54, 36.95, 87.79, 84.94, 88.04] [34mF1_perclass_eeg: [89.03, 32.88, 85.29, 84.24, 81.93] [34mF1_perclass_eog: [87.56, 13.89, 82.4, 79.83, 86.2] 
[37mEpoch 31 step 281 with [31mce_loss_combined : 0.375258 [31mce_loss_eeg : 0.737026 [31mce_loss_eog : 0.769963 [31mtotal : 1.882247 [94mAcc_combined: 87.17 [94mAcc_eeg: 84.35 [94mAcc_eog: 82.58 [92mF1_combined: 77.96 [92mF1_eeg: 74.35 [92mF1_eog: 70.49 [92mK_combined: 0.8211 [92mK_eeg: 0.7815 [92mK_eog: 0.7586 [34mF1_perclass_combined: [91.95, 36.77, 87.67, 84.77, 88.62] [34mF1_perclass_eeg: [89.16, 31.08, 85.35, 84.12, 82.03] [34mF1_perclass_eog: [87.68, 16.14, 82.57, 79.97, 86.12] 
[37mEpoch 32 step 288 with [31mce_loss_combined : 0.382822 [31mce_loss_eeg : 0.729035 [31mce_loss_eog : 0.762506 [31mtotal : 1.874363 [94mAcc_combined: 87.27 [94mAcc_eeg: 84.37 [94mAcc_eog: 82.70 [92mF1_combined: 78.50 [92mF1_eeg: 74.88 [92mF1_eog: 71.81 [92mK_combined: 0.8231 [92mK_eeg: 0.7819 [92mK_eog: 0.7581 [34mF1_perclass_combined: [92.16, 39.03, 87.9, 84.87, 88.54] [34mF1_perclass_eeg: [89.58, 32.96, 85.24, 83.86, 82.75] [34mF1_perclass_eog: [87.48, 22.77, 83.25, 79.69, 85.88] 
[37mEpoch 33 step 294 with [31mce_loss_combined : 0.357347 [31mce_loss_eeg : 0.723861 [31mce_loss_eog : 0.765452 [31mtotal : 1.846660 [94mAcc_combined: 87.15 [94mAcc_eeg: 84.47 [94mAcc_eog: 81.99 [92mF1_combined: 79.33 [92mF1_eeg: 74.91 [92mF1_eog: 69.68 [92mK_combined: 0.8224 [92mK_eeg: 0.7834 [92mK_eog: 0.7443 [34mF1_perclass_combined: [92.67, 43.48, 87.59, 84.55, 88.37] [34mF1_perclass_eeg: [89.86, 33.69, 85.35, 84.14, 81.49] [34mF1_perclass_eog: [87.6, 18.29, 82.95, 73.38, 86.17] 
[37mEpoch 35 step 313 with [31mce_loss_combined : 0.375799 [31mce_loss_eeg : 0.722094 [31mce_loss_eog : 0.744606 [31mtotal : 1.842499 [94mAcc_combined: 87.01 [94mAcc_eeg: 83.95 [94mAcc_eog: 83.15 [92mF1_combined: 79.24 [92mF1_eeg: 75.36 [92mF1_eog: 71.32 [92mK_combined: 0.8199 [92mK_eeg: 0.7776 [92mK_eog: 0.7651 [34mF1_perclass_combined: [91.96, 43.98, 87.92, 84.74, 87.62] [34mF1_perclass_eeg: [88.54, 37.94, 85.79, 84.61, 79.94] [34mF1_perclass_eog: [87.88, 18.25, 83.27, 80.08, 87.13] 
[37mEpoch 35 step 314 with [31mce_loss_combined : 0.375968 [31mce_loss_eeg : 0.709852 [31mce_loss_eog : 0.745157 [31mtotal : 1.830977 [94mAcc_combined: 87.16 [94mAcc_eeg: 84.56 [94mAcc_eog: 82.99 [92mF1_combined: 79.61 [92mF1_eeg: 76.58 [92mF1_eog: 72.00 [92mK_combined: 0.8231 [92mK_eeg: 0.7875 [92mK_eog: 0.7628 [34mF1_perclass_combined: [92.25, 44.43, 87.82, 85.13, 88.43] [34mF1_perclass_eeg: [89.9, 40.23, 85.49, 84.62, 82.64] [34mF1_perclass_eog: [87.65, 22.14, 83.26, 80.3, 86.65] 
[37mEpoch 37 step 329 with [31mce_loss_combined : 0.374952 [31mce_loss_eeg : 0.703161 [31mce_loss_eog : 0.742226 [31mtotal : 1.820339 [94mAcc_combined: 86.91 [94mAcc_eeg: 84.76 [94mAcc_eog: 82.63 [92mF1_combined: 79.02 [92mF1_eeg: 76.03 [92mF1_eog: 71.51 [92mK_combined: 0.8200 [92mK_eeg: 0.7886 [92mK_eog: 0.7602 [34mF1_perclass_combined: [92.41, 42.45, 87.36, 84.7, 88.16] [34mF1_perclass_eeg: [89.82, 37.24, 85.59, 84.65, 82.84] [34mF1_perclass_eog: [88.13, 20.69, 82.44, 79.37, 86.9] 
[37mEpoch 37 step 332 with [31mce_loss_combined : 0.383478 [31mce_loss_eeg : 0.699543 [31mce_loss_eog : 0.734523 [31mtotal : 1.817543 [94mAcc_combined: 87.16 [94mAcc_eeg: 84.80 [94mAcc_eog: 83.22 [92mF1_combined: 79.41 [92mF1_eeg: 76.58 [92mF1_eog: 72.42 [92mK_combined: 0.8228 [92mK_eeg: 0.7900 [92mK_eog: 0.7661 [34mF1_perclass_combined: [92.22, 43.69, 87.77, 85.05, 88.32] [34mF1_perclass_eeg: [89.89, 39.46, 85.68, 84.69, 83.21] [34mF1_perclass_eog: [88.04, 23.29, 83.6, 80.29, 86.9] 
[37mEpoch 38 step 338 with [31mce_loss_combined : 0.369006 [31mce_loss_eeg : 0.699536 [31mce_loss_eog : 0.732418 [31mtotal : 1.800961 [94mAcc_combined: 87.27 [94mAcc_eeg: 84.83 [94mAcc_eog: 83.15 [92mF1_combined: 79.38 [92mF1_eeg: 76.11 [92mF1_eog: 72.08 [92mK_combined: 0.8244 [92mK_eeg: 0.7895 [92mK_eog: 0.7653 [34mF1_perclass_combined: [92.76, 43.1, 87.74, 85.03, 88.28] [34mF1_perclass_eeg: [89.94, 37.38, 85.6, 84.72, 82.93] [34mF1_perclass_eog: [88.1, 22.32, 83.61, 79.63, 86.75] 
[37mEpoch 39 step 347 with [31mce_loss_combined : 0.371617 [31mce_loss_eeg : 0.694602 [31mce_loss_eog : 0.733236 [31mtotal : 1.799455 [94mAcc_combined: 87.26 [94mAcc_eeg: 85.02 [94mAcc_eog: 83.10 [92mF1_combined: 79.23 [92mF1_eeg: 76.50 [92mF1_eog: 72.06 [92mK_combined: 0.8241 [92mK_eeg: 0.7924 [92mK_eog: 0.7636 [34mF1_perclass_combined: [92.52, 42.51, 87.75, 84.9, 88.46] [34mF1_perclass_eeg: [90.23, 38.65, 85.71, 84.79, 83.1] [34mF1_perclass_eog: [87.89, 23.27, 83.75, 78.68, 86.72] 
[37mEpoch 40 step 356 with [31mce_loss_combined : 0.372864 [31mce_loss_eeg : 0.693235 [31mce_loss_eog : 0.732046 [31mtotal : 1.798145 [94mAcc_combined: 87.41 [94mAcc_eeg: 85.09 [94mAcc_eog: 83.14 [92mF1_combined: 79.28 [92mF1_eeg: 76.61 [92mF1_eog: 71.90 [92mK_combined: 0.8258 [92mK_eeg: 0.7933 [92mK_eog: 0.7636 [34mF1_perclass_combined: [92.5, 42.33, 87.96, 85.05, 88.55] [34mF1_perclass_eeg: [90.3, 38.95, 85.78, 84.87, 83.15] [34mF1_perclass_eog: [88.0, 22.75, 83.86, 78.09, 86.8] 
[37mEpoch 40 step 357 with [31mce_loss_combined : 0.373642 [31mce_loss_eeg : 0.692915 [31mce_loss_eog : 0.730338 [31mtotal : 1.796895 [94mAcc_combined: 87.41 [94mAcc_eeg: 85.03 [94mAcc_eog: 83.07 [92mF1_combined: 79.51 [92mF1_eeg: 76.47 [92mF1_eog: 71.48 [92mK_combined: 0.8255 [92mK_eeg: 0.7926 [92mK_eog: 0.7615 [34mF1_perclass_combined: [92.6, 43.61, 88.08, 84.9, 88.36] [34mF1_perclass_eeg: [90.13, 38.48, 85.86, 84.7, 83.19] [34mF1_perclass_eog: [88.26, 21.18, 83.78, 77.4, 86.78] 
[37mEpoch 41 step 364 with [31mce_loss_combined : 0.376431 [31mce_loss_eeg : 0.691517 [31mce_loss_eog : 0.728454 [31mtotal : 1.796402 [94mAcc_combined: 87.46 [94mAcc_eeg: 85.10 [94mAcc_eog: 83.33 [92mF1_combined: 79.28 [92mF1_eeg: 76.76 [92mF1_eog: 71.96 [92mK_combined: 0.8262 [92mK_eeg: 0.7935 [92mK_eog: 0.7673 [34mF1_perclass_combined: [92.46, 42.23, 88.14, 85.0, 88.56] [34mF1_perclass_eeg: [90.28, 39.54, 85.83, 84.6, 83.53] [34mF1_perclass_eog: [88.19, 21.18, 83.71, 79.75, 86.95] 
[37mEpoch 41 step 365 with [31mce_loss_combined : 0.375022 [31mce_loss_eeg : 0.692536 [31mce_loss_eog : 0.728373 [31mtotal : 1.795930 [94mAcc_combined: 87.44 [94mAcc_eeg: 85.07 [94mAcc_eog: 83.34 [92mF1_combined: 79.27 [92mF1_eeg: 76.58 [92mF1_eog: 72.08 [92mK_combined: 0.8261 [92mK_eeg: 0.7930 [92mK_eog: 0.7668 [34mF1_perclass_combined: [92.45, 42.19, 88.04, 85.1, 88.55] [34mF1_perclass_eeg: [90.25, 38.8, 85.79, 84.87, 83.17] [34mF1_perclass_eog: [88.18, 22.3, 83.9, 79.09, 86.91] 
[37mEpoch 41 step 366 with [31mce_loss_combined : 0.375424 [31mce_loss_eeg : 0.692096 [31mce_loss_eog : 0.727565 [31mtotal : 1.795086 [94mAcc_combined: 87.43 [94mAcc_eeg: 85.05 [94mAcc_eog: 83.35 [92mF1_combined: 79.41 [92mF1_eeg: 76.54 [92mF1_eog: 71.92 [92mK_combined: 0.8258 [92mK_eeg: 0.7928 [92mK_eog: 0.7665 [34mF1_perclass_combined: [92.48, 42.96, 88.09, 85.09, 88.42] [34mF1_perclass_eeg: [90.2, 38.66, 85.83, 84.79, 83.23] [34mF1_perclass_eog: [88.28, 21.44, 83.91, 79.05, 86.95] 
[37mEpoch 42 step 373 with [31mce_loss_combined : 0.375862 [31mce_loss_eeg : 0.691669 [31mce_loss_eog : 0.727056 [31mtotal : 1.794587 [94mAcc_combined: 87.41 [94mAcc_eeg: 85.05 [94mAcc_eog: 83.36 [92mF1_combined: 79.36 [92mF1_eeg: 76.69 [92mF1_eog: 72.09 [92mK_combined: 0.8255 [92mK_eeg: 0.7930 [92mK_eog: 0.7678 [34mF1_perclass_combined: [92.49, 42.76, 88.08, 84.99, 88.48] [34mF1_perclass_eeg: [90.22, 39.33, 85.81, 84.63, 83.44] [34mF1_perclass_eog: [88.31, 21.57, 83.75, 79.82, 86.99] 
[37mEpoch 42 step 374 with [31mce_loss_combined : 0.375698 [31mce_loss_eeg : 0.691837 [31mce_loss_eog : 0.726836 [31mtotal : 1.794371 [94mAcc_combined: 87.42 [94mAcc_eeg: 85.06 [94mAcc_eog: 83.38 [92mF1_combined: 79.38 [92mF1_eeg: 76.67 [92mF1_eog: 72.08 [92mK_combined: 0.8258 [92mK_eeg: 0.7931 [92mK_eog: 0.7677 [34mF1_perclass_combined: [92.48, 42.8, 88.07, 85.07, 88.51] [34mF1_perclass_eeg: [90.22, 39.16, 85.81, 84.72, 83.42] [34mF1_perclass_eog: [88.32, 21.72, 83.82, 79.6, 86.96] 
[37mEpoch 45 step 404 with [31mce_loss_combined : 0.376532 [31mce_loss_eeg : 0.677896 [31mce_loss_eog : 0.713679 [31mtotal : 1.768107 [94mAcc_combined: 87.09 [94mAcc_eeg: 84.66 [94mAcc_eog: 82.93 [92mF1_combined: 78.65 [92mF1_eeg: 75.81 [92mF1_eog: 70.96 [92mK_combined: 0.8209 [92mK_eeg: 0.7880 [92mK_eog: 0.7622 [34mF1_perclass_combined: [92.08, 40.83, 88.07, 84.83, 87.45] [34mF1_perclass_eeg: [89.72, 36.31, 85.44, 84.6, 82.95] [34mF1_perclass_eog: [87.99, 17.37, 83.07, 80.13, 86.26] 
[37mEpoch 48 step 426 with [31mce_loss_combined : 0.371997 [31mce_loss_eeg : 0.661556 [31mce_loss_eog : 0.709426 [31mtotal : 1.742980 [94mAcc_combined: 86.56 [94mAcc_eeg: 84.48 [94mAcc_eog: 81.70 [92mF1_combined: 78.58 [92mF1_eeg: 75.66 [92mF1_eog: 70.26 [92mK_combined: 0.8121 [92mK_eeg: 0.7837 [92mK_eog: 0.7411 [34mF1_perclass_combined: [92.75, 43.58, 87.15, 80.68, 88.73] [34mF1_perclass_eeg: [89.91, 37.12, 85.23, 83.79, 82.28] [34mF1_perclass_eog: [87.75, 24.19, 82.84, 69.94, 86.55] 
[37mEpoch 50 step 448 with [31mce_loss_combined : 0.407746 [31mce_loss_eeg : 0.653312 [31mce_loss_eog : 0.681078 [31mtotal : 1.742135 [94mAcc_combined: 86.78 [94mAcc_eeg: 84.13 [94mAcc_eog: 82.73 [92mF1_combined: 78.99 [92mF1_eeg: 75.71 [92mF1_eog: 71.69 [92mK_combined: 0.8170 [92mK_eeg: 0.7820 [92mK_eog: 0.7599 [34mF1_perclass_combined: [92.19, 43.34, 87.43, 84.17, 87.83] [34mF1_perclass_eeg: [89.76, 37.57, 84.56, 84.54, 82.13] [34mF1_perclass_eog: [87.46, 21.99, 83.22, 79.99, 85.8] 
[37mEpoch 51 step 457 with [31mce_loss_combined : 0.421252 [31mce_loss_eeg : 0.642349 [31mce_loss_eog : 0.673517 [31mtotal : 1.737119 [94mAcc_combined: 86.39 [94mAcc_eeg: 84.45 [94mAcc_eog: 82.85 [92mF1_combined: 79.12 [92mF1_eeg: 76.33 [92mF1_eog: 72.25 [92mK_combined: 0.8125 [92mK_eeg: 0.7863 [92mK_eog: 0.7626 [34mF1_perclass_combined: [90.89, 44.88, 87.3, 84.47, 88.07] [34mF1_perclass_eeg: [89.85, 39.28, 84.97, 84.65, 82.91] [34mF1_perclass_eog: [87.86, 23.96, 83.03, 80.03, 86.38] 
[37mEpoch 53 step 468 with [31mce_loss_combined : 0.407876 [31mce_loss_eeg : 0.630052 [31mce_loss_eog : 0.690048 [31mtotal : 1.727976 [94mAcc_combined: 86.64 [94mAcc_eeg: 84.47 [94mAcc_eog: 81.84 [92mF1_combined: 78.14 [92mF1_eeg: 76.20 [92mF1_eog: 70.64 [92mK_combined: 0.8153 [92mK_eeg: 0.7847 [92mK_eog: 0.7487 [34mF1_perclass_combined: [91.51, 39.5, 87.25, 84.47, 87.95] [34mF1_perclass_eeg: [89.99, 39.07, 85.54, 83.72, 82.68] [34mF1_perclass_eog: [86.39, 20.79, 82.4, 79.65, 83.97] 
[37mEpoch 53 step 470 with [31mce_loss_combined : 0.375323 [31mce_loss_eeg : 0.628085 [31mce_loss_eog : 0.682254 [31mtotal : 1.685662 [94mAcc_combined: 86.98 [94mAcc_eeg: 84.57 [94mAcc_eog: 81.65 [92mF1_combined: 78.87 [92mF1_eeg: 75.94 [92mF1_eog: 71.04 [92mK_combined: 0.8193 [92mK_eeg: 0.7857 [92mK_eog: 0.7415 [34mF1_perclass_combined: [92.69, 42.55, 87.68, 83.37, 88.08] [34mF1_perclass_eeg: [89.63, 37.57, 85.41, 83.71, 83.4] [34mF1_perclass_eog: [87.48, 27.29, 83.09, 72.15, 85.19] 
[37mEpoch 57 step 505 with [31mce_loss_combined : 0.407831 [31mce_loss_eeg : 0.621481 [31mce_loss_eog : 0.648728 [31mtotal : 1.678040 [94mAcc_combined: 86.27 [94mAcc_eeg: 84.05 [94mAcc_eog: 82.54 [92mF1_combined: 78.17 [92mF1_eeg: 75.65 [92mF1_eog: 72.49 [92mK_combined: 0.8111 [92mK_eeg: 0.7784 [92mK_eog: 0.7586 [34mF1_perclass_combined: [92.29, 40.4, 86.98, 84.35, 86.83] [34mF1_perclass_eeg: [89.67, 38.66, 85.15, 81.34, 83.46] [34mF1_perclass_eog: [88.05, 25.55, 82.57, 79.92, 86.34] 
[37mEpoch 58 step 514 with [31mce_loss_combined : 0.404072 [31mce_loss_eeg : 0.608640 [31mce_loss_eog : 0.649754 [31mtotal : 1.662466 [94mAcc_combined: 86.86 [94mAcc_eeg: 84.46 [94mAcc_eog: 82.35 [92mF1_combined: 79.20 [92mF1_eeg: 75.98 [92mF1_eog: 72.10 [92mK_combined: 0.8183 [92mK_eeg: 0.7849 [92mK_eog: 0.7520 [34mF1_perclass_combined: [92.5, 43.55, 87.41, 84.18, 88.37] [34mF1_perclass_eeg: [89.88, 37.85, 85.33, 83.72, 83.1] [34mF1_perclass_eog: [87.99, 28.17, 83.41, 74.66, 86.3] 
[37mEpoch 63 step 558 with [31mce_loss_combined : 0.431693 [31mce_loss_eeg : 0.599830 [31mce_loss_eog : 0.630521 [31mtotal : 1.662044 [94mAcc_combined: 86.22 [94mAcc_eeg: 84.37 [94mAcc_eog: 82.64 [92mF1_combined: 78.27 [92mF1_eeg: 76.01 [92mF1_eog: 72.63 [92mK_combined: 0.8102 [92mK_eeg: 0.7838 [92mK_eog: 0.7565 [34mF1_perclass_combined: [91.85, 40.82, 87.03, 84.04, 87.6] [34mF1_perclass_eeg: [89.63, 38.25, 85.32, 83.83, 83.0] [34mF1_perclass_eog: [87.95, 28.19, 83.71, 77.18, 86.11] 
{'val_loss': {'ce_loss_combined': 0.43169263, 'ce_loss_eeg': 0.59983045, 'ce_loss_eog': 0.6305209, 'total': 1.6620438}, 'val_acc': {'combined': 0.8621621621621621, 'eeg': 0.8436788436788437, 'eog': 0.8263538263538264}, 'val_f1': {'combined': 0.7826875043534743, 'eeg': 0.7600527251319125, 'eog': 0.7262853091534652}, 'val_k': {'combined': 0.8102382199123899, 'eeg': 0.7837842882974846, 'eog': 0.7565208085697785}, 'val_perclassf1': {'combined': array([0.91846058, 0.40816864, 0.87034515, 0.84043165, 0.87603149]), 'eeg': array([0.89625413, 0.38246891, 0.8532351 , 0.83830423, 0.83000126]), 'eog': array([0.87954943, 0.28186196, 0.83713887, 0.7717967 , 0.86107959])}}
We are in the final state.
Job finished
