Starting Job
/users/sista/kkontras/Documents/Sleep_Project/main_paper_2.py
/esat/smcdata/users/kkontras/Image_Dataset/no_backup/envs/gl_env/bin/python
Python 3.7.10
/users/sista/kkontras/Documents/Sleep_Project
0
 THE Configuration of your experiment ..
{'agent': 'Sleep_Agent_Init_Train',
 'augmentation': {},
 'channel': 0,
 'dataset': {'cache_datasets': {'test': False, 'train': False, 'valid': False},
             'data_roots': '/esat/biomeddata/SHHS_Dataset/no_backup',
             'data_split': {'fold': 0,
                            'fold_size': 7,
                            'folds_file': '/users/sista/kkontras/Documents/Huy_shhs1/HUY '
                                          'SHHS1 CODE/data_split_eval.mat',
                            'rand_split': 0,
                            'rand_splits': 13,
                            'split_method': 'patients_huy',
                            'test_split_rate': 0.3,
                            'val_patient_num': 3,
                            'val_split_rate': 0.01692},
             'data_view_dir': [{'data_type': 'stft',
                                'list_dir': 'patient_mat_list.txt',
                                'mod': 'eeg',
                                'num_ch': 1},
                               {'data_type': 'stft',
                                'list_dir': 'patient_eog_mat_list.txt',
                                'mod': 'eog',
                                'num_ch': 1}],
             'dataloader_class': 'SleepDataLoader_mat_huy',
             'filter_windows': {'test': {'perc_threshold': 0.4,
                                         'skip_skips': True,
                                         'std_threshold': 41,
                                         'use_type': 'include_only_skipped',
                                         'whole_patient': False},
                                'train': {'perc_threshold': 0.4,
                                          'skip_skips': False,
                                          'std_threshold': 41,
                                          'subsets': {'combined': 100,
                                                      'eeg': 50,
                                                      'eog': 50},
                                          'use_type': 'subsample',
                                          'whole_patient': True},
                                'val': {'skip_skips': True,
                                        'use_type': False,
                                        'whole_patient': False}},
             'huy_data': True,
             'inner_overlap': [0.5, 0.5],
             'keep_view': [1, 0],
             'seq_length': [21, 0],
             'seq_views': [False],
             'shuffle_train': True},
 'early_stopping': {'log_interval': 10,
                    'max_epoch': 1000,
                    'n_steps_stop': 200,
                    'n_steps_stop_after': 400,
                    'save_every': 1,
                    'validate_after': 0,
                    'validate_every': 50},
 'exp_name': 'Sleep EEG-EOG BLIP Experiment',
 'lr_finder': False,
 'lr_finder_steps': 100,
 'mode': 'train',
 'model': {'args': {'augment_within': False,
                    'dmodel': 128,
                    'dropout': 0.3,
                    'fc_inner': 1024,
                    'ignore_alignment_val': True,
                    'multi_loss': {'multi_loss_weights': {'alignment_loss': 0.1,
                                                          'multi_supervised_loss': {'combined': 1,
                                                                                    'eeg': 1,
                                                                                    'eog': 1},
                                                          'order_loss': 0}},
                    'num_classes': 5,
                    'three_modes': True,
                    'training_type': 'alignment_order_multisupervised'},
           'encoders': [{'args': {'align_inner': True,
                                  'd_model': 128,
                                  'dim_feedforward': 1024,
                                  'dim_proj': 128,
                                  'dropout': 0.3,
                                  'inner_biased': False,
                                  'mod_token': False,
                                  'num_heads': 8,
                                  'num_layers': 4,
                                  'outer_biased': False,
                                  'outer_rep': False,
                                  'pos': False,
                                  'rpos': True,
                                  'shared': True,
                                  'skip_random_mod': False},
                         'encoders': [],
                         'freeze_encoder': False,
                         'model': 'SleepEnc_BLIP_EEG_EOG_shared_free_cliplike',
                         'pretrainedEncoder': {'dir': '', 'use': False},
                         'savetrainedEncoder': {'dir': '', 'save': False}}],
           'load_ongoing': False,
           'model_class': 'EEG_SLEEP_BLIP_GM_MultiMode',
           'pretrained_model': {'dir': '', 'use': False},
           'save_dir': '/esat/smcdata/users/kkontras/Image_Dataset/no_backup/data/2021_data/shhs1/multi_modal/paper_models/fourier_transformer_eeg_eog_mat_BLIP_al01_shared_b16_freetrain_rpos_nopos_nonsharedpreds_drop03_align_inner_trial1_incomplete_unsharedpreds_100p_50e_50o.pth.tar'},
 'normalization': {'calculate_metrics': False,
                   'dir': '/esat/biomeddata/SHHS_Dataset/no_backup/metrics_eeg_eog_emg_stft.pkl',
                   'metrics_type': 'train_dataset',
                   'save_metrics': False,
                   'use': True},
 'num_classes': 5,
 'num_modalities': 1,
 'optimizer': {'beta1': 0.9,
               'beta2': 0.999,
               'learning_rate': 0.0001,
               'momentum': 0.2,
               'type': 'Adam',
               'weight_decay': 0.0001},
 'plots': {'plot_stft_num': 0, 'save': False},
 'post_proc': {'post_proc_step': 15,
               'test_postprocessing': False,
               'val_postprocessing': False},
 'scheduler': {'max_lr': 0.03, 'type': 'cosanneal', 'warm_up': 55},
 'statistics': {'ce_weights': {'temp': 0.1, 'use': False}, 'print': False},
 'training_params': {'adversarial_training': {'adv_epsilon': 0.01,
                                              'use': False},
                     'async_loading': True,
                     'batch_size': 32,
                     'cuda': False,
                     'data_loader_workers': 8,
                     'gpu_device': [0],
                     'pin_memory': True,
                     'rec_test': False,
                     'res': True,
                     'seed': 28,
                     'tdqm_disable': False,
                     'test_batch_size': 32,
                     'test_on_tops': True,
                     'use_test_set': True,
                     'validation': True,
                     'verbose': True,
                     'wandb_disable': True}}
 *************************************** 
The experiment name is Sleep EEG-EOG BLIP Experiment
 *************************************** 
We are splitting dataset by huy splits
{'use_type': 'subsample', 'skip_skips': False, 'whole_patient': True, 'std_threshold': 41, 'perc_threshold': 0.4, 'subsets': {'combined': 100, 'eeg': 50, 'eog': 50}}
We subsample patients with 100 both mods, 50 only EEG and 50 only EOG and len_skipped is 200.
{'use_type': False, 'skip_skips': True, 'whole_patient': False}
{'use_type': 'include_only_skipped', 'skip_skips': True, 'whole_patient': False, 'std_threshold': 41, 'perc_threshold': 0.4}
Patients with broken modalities are 27
{'use_type': False, 'skip_skips': True}
Loading metrics from /esat/biomeddata/SHHS_Dataset/no_backup/metrics_eeg_eog_emg_stft.pkl
Weights are [1. 1. 1. 1. 1.]
295
50
6
tensor([1., 1., 1., 1., 1.], device='cuda:0')
We are not shuffling the data
Training function is sleep_train_one_step_alignment_order_multisupervised
Loss Weights are {'combined': 1, 'eeg': 1, 'eog': 1, 'alignments': 0.1, 'order': 0, 'consistency': 0, 'reconstruction': 0}
We are not shuffling the data
<class 'graphs.models.attention_models.BLIP.SleepEnc_BLIP_EEG_EOG_shared_free_cliplike'>
Total number of trainable parameters are: 10001935
Available cuda devices: 1, current device:0
Total number of trainable parameters are: 10001935

[37mEpoch 0 step 1 with [31mce_loss_combined : 0.901199 [31mce_loss_eeg : 1.336249 [31mce_loss_eog : 1.401899 [31mtotal : 3.639347 [94mAcc_combined: 64.50 [94mAcc_eeg: 60.90 [94mAcc_eog: 53.25 [92mF1_combined: 48.55 [92mF1_eeg: 32.16 [92mF1_eog: 25.46 [92mK_combined: 0.5090 [92mK_eeg: 0.3961 [92mK_eog: 0.2639 [34mF1_perclass_combined: [76.82, 0.0, 63.98, 63.56, 38.38] [34mF1_perclass_eeg: [80.34, 0.0, 67.71, 0.0, 12.77] [34mF1_perclass_eog: [63.42, 0.0, 63.86, 0.0, 0.0] 

[37mEpoch 0 step 2 with [31mce_loss_combined : 0.935429 [31mce_loss_eeg : 1.268325 [31mce_loss_eog : 1.353982 [31mtotal : 3.557735 [94mAcc_combined: 59.25 [94mAcc_eeg: 61.13 [94mAcc_eog: 56.96 [92mF1_combined: 48.62 [92mF1_eeg: 34.04 [92mF1_eog: 27.69 [92mK_combined: 0.4701 [92mK_eeg: 0.4003 [92mK_eog: 0.3335 [34mF1_perclass_combined: [77.95, 0.0, 45.68, 70.96, 48.5] [34mF1_perclass_eeg: [82.87, 0.0, 68.13, 2.7, 16.5] [34mF1_perclass_eog: [73.29, 0.0, 65.15, 0.0, 0.0] 

[37mEpoch 0 step 4 with [31mce_loss_combined : 0.754960 [31mce_loss_eeg : 1.202717 [31mce_loss_eog : 1.272532 [31mtotal : 3.230209 [94mAcc_combined: 74.07 [94mAcc_eeg: 71.18 [94mAcc_eog: 58.96 [92mF1_combined: 58.49 [92mF1_eeg: 52.96 [92mF1_eog: 30.18 [92mK_combined: 0.6378 [92mK_eeg: 0.5792 [92mK_eog: 0.3615 [34mF1_perclass_combined: [83.14, 0.0, 74.7, 74.51, 60.08] [34mF1_perclass_eeg: [84.43, 0.0, 74.12, 54.59, 51.65] [34mF1_perclass_eog: [76.62, 0.0, 66.71, 0.4, 7.19] 

[37mEpoch 1 step 6 with [31mce_loss_combined : 0.711904 [31mce_loss_eeg : 1.202764 [31mce_loss_eog : 1.252092 [31mtotal : 3.166759 [94mAcc_combined: 76.52 [94mAcc_eeg: 66.21 [94mAcc_eog: 67.04 [92mF1_combined: 60.80 [92mF1_eeg: 42.59 [92mF1_eog: 48.66 [92mK_combined: 0.6694 [92mK_eeg: 0.4966 [92mK_eog: 0.5224 [34mF1_perclass_combined: [83.62, 0.0, 77.95, 75.31, 67.14] [34mF1_perclass_eeg: [84.09, 0.0, 70.66, 4.65, 53.53] [34mF1_perclass_eog: [73.02, 0.0, 72.37, 67.95, 29.98] 

[37mEpoch 1 step 7 with [31mce_loss_combined : 0.657970 [31mce_loss_eeg : 1.171142 [31mce_loss_eog : 1.265034 [31mtotal : 3.094147 [94mAcc_combined: 76.36 [94mAcc_eeg: 71.01 [94mAcc_eog: 63.08 [92mF1_combined: 59.84 [92mF1_eeg: 51.12 [92mF1_eog: 44.81 [92mK_combined: 0.6649 [92mK_eeg: 0.5680 [92mK_eog: 0.4739 [34mF1_perclass_combined: [85.31, 0.0, 77.37, 76.7, 59.83] [34mF1_perclass_eeg: [85.25, 0.0, 74.51, 57.66, 38.2] [34mF1_perclass_eog: [76.26, 0.0, 64.19, 65.09, 18.51] 

[37mEpoch 1 step 8 with [31mce_loss_combined : 0.674338 [31mce_loss_eeg : 1.180725 [31mce_loss_eog : 1.204134 [31mtotal : 3.059196 [94mAcc_combined: 75.54 [94mAcc_eeg: 71.93 [94mAcc_eog: 71.62 [92mF1_combined: 60.62 [92mF1_eeg: 53.08 [92mF1_eog: 55.47 [92mK_combined: 0.6643 [92mK_eeg: 0.5943 [92mK_eog: 0.5924 [34mF1_perclass_combined: [84.69, 0.0, 75.38, 74.28, 68.78] [34mF1_perclass_eeg: [84.98, 0.0, 73.49, 79.59, 27.32] [34mF1_perclass_eog: [78.12, 0.0, 74.89, 70.69, 53.67] 

[37mEpoch 1 step 10 with [31mce_loss_combined : 0.623910 [31mce_loss_eeg : 1.143073 [31mce_loss_eog : 1.202606 [31mtotal : 2.969589 [94mAcc_combined: 78.45 [94mAcc_eeg: 74.96 [94mAcc_eog: 72.39 [92mF1_combined: 62.30 [92mF1_eeg: 58.72 [92mF1_eog: 57.26 [92mK_combined: 0.6952 [92mK_eeg: 0.6442 [92mK_eog: 0.6118 [34mF1_perclass_combined: [85.45, 0.0, 81.24, 75.39, 69.43] [34mF1_perclass_eeg: [85.78, 0.0, 77.16, 70.43, 60.23] [34mF1_perclass_eog: [78.58, 0.0, 76.2, 66.4, 65.1] 

[37mEpoch 2 step 12 with [31mce_loss_combined : 0.623916 [31mce_loss_eeg : 1.139237 [31mce_loss_eog : 1.170441 [31mtotal : 2.933594 [94mAcc_combined: 78.49 [94mAcc_eeg: 73.35 [94mAcc_eog: 70.94 [92mF1_combined: 62.13 [92mF1_eeg: 55.43 [92mF1_eog: 53.90 [92mK_combined: 0.6915 [92mK_eeg: 0.6098 [92mK_eog: 0.5746 [34mF1_perclass_combined: [86.26, 0.39, 80.31, 76.26, 67.44] [34mF1_perclass_eeg: [85.6, 0.0, 76.24, 62.16, 53.17] [34mF1_perclass_eog: [79.26, 0.0, 74.55, 49.78, 65.94] 

[37mEpoch 2 step 14 with [31mce_loss_combined : 0.611367 [31mce_loss_eeg : 1.146230 [31mce_loss_eog : 1.145844 [31mtotal : 2.903441 [94mAcc_combined: 78.81 [94mAcc_eeg: 75.05 [94mAcc_eog: 74.99 [92mF1_combined: 63.44 [92mF1_eeg: 58.45 [92mF1_eog: 60.38 [92mK_combined: 0.7050 [92mK_eeg: 0.6472 [92mK_eog: 0.6490 [34mF1_perclass_combined: [86.48, 0.0, 79.08, 76.25, 75.41] [34mF1_perclass_eeg: [86.42, 0.0, 75.27, 79.2, 51.36] [34mF1_perclass_eog: [79.56, 0.0, 76.71, 72.75, 72.89] 

[37mEpoch 2 step 16 with [31mce_loss_combined : 0.603444 [31mce_loss_eeg : 1.115184 [31mce_loss_eog : 1.158814 [31mtotal : 2.877442 [94mAcc_combined: 79.13 [94mAcc_eeg: 76.52 [94mAcc_eog: 70.58 [92mF1_combined: 63.72 [92mF1_eeg: 60.42 [92mF1_eog: 54.32 [92mK_combined: 0.7021 [92mK_eeg: 0.6676 [92mK_eog: 0.5640 [34mF1_perclass_combined: [86.19, 3.13, 80.58, 81.01, 67.7] [34mF1_perclass_eeg: [85.96, 0.0, 77.84, 80.9, 57.41] [34mF1_perclass_eog: [77.82, 0.0, 74.2, 52.53, 67.06] 

[37mEpoch 3 step 20 with [31mce_loss_combined : 0.625611 [31mce_loss_eeg : 1.108892 [31mce_loss_eog : 1.109316 [31mtotal : 2.843819 [94mAcc_combined: 78.83 [94mAcc_eeg: 76.30 [94mAcc_eog: 76.11 [92mF1_combined: 63.85 [92mF1_eeg: 60.29 [92mF1_eog: 60.74 [92mK_combined: 0.7042 [92mK_eeg: 0.6692 [92mK_eog: 0.6589 [34mF1_perclass_combined: [83.29, 1.87, 80.06, 78.47, 75.57] [34mF1_perclass_eeg: [84.72, 0.0, 76.6, 80.1, 60.03] [34mF1_perclass_eog: [80.31, 0.0, 78.79, 71.25, 73.37] 

[37mEpoch 3 step 21 with [31mce_loss_combined : 0.579446 [31mce_loss_eeg : 1.090539 [31mce_loss_eog : 1.144497 [31mtotal : 2.814482 [94mAcc_combined: 79.82 [94mAcc_eeg: 77.72 [94mAcc_eog: 71.65 [92mF1_combined: 64.23 [92mF1_eeg: 61.94 [92mF1_eog: 56.07 [92mK_combined: 0.7079 [92mK_eeg: 0.6873 [92mK_eog: 0.5806 [34mF1_perclass_combined: [85.62, 0.61, 81.23, 74.69, 79.03] [34mF1_perclass_eeg: [85.92, 0.0, 78.93, 80.19, 64.66] [34mF1_perclass_eog: [77.65, 0.0, 74.72, 61.83, 66.16] 

[37mEpoch 4 step 25 with [31mce_loss_combined : 0.571079 [31mce_loss_eeg : 1.095294 [31mce_loss_eog : 1.130683 [31mtotal : 2.797056 [94mAcc_combined: 80.37 [94mAcc_eeg: 76.14 [94mAcc_eog: 72.54 [92mF1_combined: 67.99 [92mF1_eeg: 61.35 [92mF1_eog: 56.81 [92mK_combined: 0.7304 [92mK_eeg: 0.6756 [92mK_eog: 0.6088 [34mF1_perclass_combined: [85.31, 13.98, 80.65, 79.46, 80.56] [34mF1_perclass_eeg: [85.86, 0.0, 74.99, 82.03, 63.85] [34mF1_perclass_eog: [77.13, 0.0, 75.86, 57.75, 73.3] 

[37mEpoch 4 step 26 with [31mce_loss_combined : 0.543908 [31mce_loss_eeg : 1.071056 [31mce_loss_eog : 1.086682 [31mtotal : 2.701646 [94mAcc_combined: 81.61 [94mAcc_eeg: 78.42 [94mAcc_eog: 77.00 [92mF1_combined: 66.93 [92mF1_eeg: 62.65 [92mF1_eog: 61.85 [92mK_combined: 0.7415 [92mK_eeg: 0.6979 [92mK_eog: 0.6745 [34mF1_perclass_combined: [85.63, 5.16, 83.01, 81.36, 79.5] [34mF1_perclass_eeg: [86.38, 0.0, 79.58, 81.53, 65.76] [34mF1_perclass_eog: [81.1, 0.0, 79.0, 74.51, 74.67] 

[37mEpoch 5 step 32 with [31mce_loss_combined : 0.510178 [31mce_loss_eeg : 1.050657 [31mce_loss_eog : 1.065969 [31mtotal : 2.626805 [94mAcc_combined: 82.63 [94mAcc_eeg: 79.07 [94mAcc_eog: 77.48 [92mF1_combined: 70.19 [92mF1_eeg: 63.35 [92mF1_eog: 62.26 [92mK_combined: 0.7565 [92mK_eeg: 0.7081 [92mK_eog: 0.6811 [34mF1_perclass_combined: [87.97, 16.77, 83.36, 81.68, 81.15] [34mF1_perclass_eeg: [86.81, 0.0, 80.29, 82.77, 66.86] [34mF1_perclass_eog: [81.42, 0.0, 79.51, 74.25, 76.11] 

[37mEpoch 6 step 38 with [31mce_loss_combined : 0.520636 [31mce_loss_eeg : 1.044273 [31mce_loss_eog : 1.047828 [31mtotal : 2.612738 [94mAcc_combined: 81.93 [94mAcc_eeg: 78.28 [94mAcc_eog: 78.12 [92mF1_combined: 70.88 [92mF1_eeg: 62.82 [92mF1_eog: 63.07 [92mK_combined: 0.7492 [92mK_eeg: 0.6997 [92mK_eog: 0.6928 [34mF1_perclass_combined: [88.32, 21.81, 81.73, 79.96, 82.58] [34mF1_perclass_eeg: [86.69, 0.06, 78.86, 81.78, 66.73] [34mF1_perclass_eog: [81.98, 0.0, 79.6, 74.43, 79.33] 

[37mEpoch 7 step 44 with [31mce_loss_combined : 0.531868 [31mce_loss_eeg : 1.025905 [31mce_loss_eog : 1.038055 [31mtotal : 2.595829 [94mAcc_combined: 82.08 [94mAcc_eeg: 79.13 [94mAcc_eog: 78.00 [92mF1_combined: 70.73 [92mF1_eeg: 63.75 [92mF1_eog: 63.04 [92mK_combined: 0.7508 [92mK_eeg: 0.7118 [92mK_eog: 0.6918 [34mF1_perclass_combined: [87.9, 21.22, 82.2, 79.67, 82.66] [34mF1_perclass_eeg: [87.02, 0.5, 79.44, 82.2, 69.6] [34mF1_perclass_eog: [81.63, 0.0, 79.43, 74.54, 79.58] 

[37mEpoch 8 step 50 with [31mce_loss_combined : 0.518248 [31mce_loss_eeg : 1.005939 [31mce_loss_eog : 1.023351 [31mtotal : 2.547537 [94mAcc_combined: 82.92 [94mAcc_eeg: 80.47 [94mAcc_eog: 78.46 [92mF1_combined: 71.17 [92mF1_eeg: 64.86 [92mF1_eog: 62.96 [92mK_combined: 0.7584 [92mK_eeg: 0.7268 [92mK_eog: 0.6958 [34mF1_perclass_combined: [88.64, 22.13, 84.09, 76.94, 84.03] [34mF1_perclass_eeg: [87.21, 0.88, 81.56, 83.02, 71.63] [34mF1_perclass_eog: [83.09, 0.0, 80.16, 70.55, 81.02] 

[37mEpoch 9 step 54 with [31mce_loss_combined : 0.485827 [31mce_loss_eeg : 1.015826 [31mce_loss_eog : 1.028571 [31mtotal : 2.530224 [94mAcc_combined: 83.41 [94mAcc_eeg: 78.61 [94mAcc_eog: 77.64 [92mF1_combined: 71.00 [92mF1_eeg: 62.78 [92mF1_eog: 62.72 [92mK_combined: 0.7674 [92mK_eeg: 0.6985 [92mK_eog: 0.6902 [34mF1_perclass_combined: [89.71, 19.47, 84.42, 78.39, 83.01] [34mF1_perclass_eeg: [83.66, 0.5, 81.16, 81.74, 66.82] [34mF1_perclass_eog: [83.07, 0.0, 78.19, 74.51, 77.85] 

[37mEpoch 9 step 56 with [31mce_loss_combined : 0.486843 [31mce_loss_eeg : 0.989792 [31mce_loss_eog : 1.009393 [31mtotal : 2.486029 [94mAcc_combined: 83.83 [94mAcc_eeg: 80.91 [94mAcc_eog: 78.87 [92mF1_combined: 72.28 [92mF1_eeg: 65.43 [92mF1_eog: 63.51 [92mK_combined: 0.7724 [92mK_eeg: 0.7321 [92mK_eog: 0.7028 [34mF1_perclass_combined: [88.47, 22.99, 85.06, 80.29, 84.59] [34mF1_perclass_eeg: [87.46, 2.08, 82.13, 82.81, 72.69] [34mF1_perclass_eog: [83.35, 0.0, 80.25, 72.46, 81.52] 

[37mEpoch 9 step 58 with [31mce_loss_combined : 0.460329 [31mce_loss_eeg : 1.001749 [31mce_loss_eog : 1.013439 [31mtotal : 2.475518 [94mAcc_combined: 84.37 [94mAcc_eeg: 79.38 [94mAcc_eog: 78.37 [92mF1_combined: 74.56 [92mF1_eeg: 65.12 [92mF1_eog: 63.35 [92mK_combined: 0.7840 [92mK_eeg: 0.7165 [92mK_eog: 0.6939 [34mF1_perclass_combined: [89.83, 30.4, 84.92, 83.83, 83.84] [34mF1_perclass_eeg: [86.94, 6.16, 79.98, 82.01, 70.52] [34mF1_perclass_eog: [82.75, 0.0, 79.77, 74.33, 79.9] 

[37mEpoch 10 step 60 with [31mce_loss_combined : 0.475512 [31mce_loss_eeg : 0.981381 [31mce_loss_eog : 0.996086 [31mtotal : 2.452980 [94mAcc_combined: 84.49 [94mAcc_eeg: 81.30 [94mAcc_eog: 79.79 [92mF1_combined: 72.02 [92mF1_eeg: 65.85 [92mF1_eog: 64.41 [92mK_combined: 0.7820 [92mK_eeg: 0.7365 [92mK_eog: 0.7155 [34mF1_perclass_combined: [88.91, 18.17, 85.57, 81.75, 85.7] [34mF1_perclass_eeg: [87.1, 3.13, 82.9, 82.14, 73.98] [34mF1_perclass_eog: [84.4, 0.0, 81.03, 74.54, 82.07] 

[37mEpoch 11 step 65 with [31mce_loss_combined : 0.457448 [31mce_loss_eeg : 0.977599 [31mce_loss_eog : 0.997307 [31mtotal : 2.432353 [94mAcc_combined: 85.04 [94mAcc_eeg: 80.98 [94mAcc_eog: 78.84 [92mF1_combined: 74.88 [92mF1_eeg: 66.46 [92mF1_eog: 63.42 [92mK_combined: 0.7919 [92mK_eeg: 0.7363 [92mK_eog: 0.6992 [34mF1_perclass_combined: [89.63, 28.89, 85.78, 84.11, 86.0] [34mF1_perclass_eeg: [87.69, 6.05, 81.96, 83.86, 72.74] [34mF1_perclass_eog: [83.82, 0.0, 80.29, 71.3, 81.68] 

[37mEpoch 11 step 69 with [31mce_loss_combined : 0.467993 [31mce_loss_eeg : 0.972124 [31mce_loss_eog : 0.987391 [31mtotal : 2.427508 [94mAcc_combined: 85.03 [94mAcc_eeg: 81.01 [94mAcc_eog: 79.61 [92mF1_combined: 74.50 [92mF1_eeg: 66.58 [92mF1_eog: 64.30 [92mK_combined: 0.7909 [92mK_eeg: 0.7359 [92mK_eog: 0.7143 [34mF1_perclass_combined: [89.91, 28.36, 85.97, 82.34, 85.91] [34mF1_perclass_eeg: [87.8, 6.81, 82.33, 83.09, 72.89] [34mF1_perclass_eog: [84.32, 0.0, 80.72, 75.0, 81.44] 

[37mEpoch 12 step 72 with [31mce_loss_combined : 0.445733 [31mce_loss_eeg : 0.958688 [31mce_loss_eog : 0.985092 [31mtotal : 2.389513 [94mAcc_combined: 85.54 [94mAcc_eeg: 82.02 [94mAcc_eog: 79.71 [92mF1_combined: 74.94 [92mF1_eeg: 67.09 [92mF1_eog: 64.46 [92mK_combined: 0.7978 [92mK_eeg: 0.7471 [92mK_eog: 0.7158 [34mF1_perclass_combined: [90.3, 28.29, 86.4, 83.67, 86.05] [34mF1_perclass_eeg: [87.85, 5.49, 83.35, 83.43, 75.31] [34mF1_perclass_eog: [84.28, 0.0, 80.75, 75.94, 81.32] 

[37mEpoch 12 step 73 with [31mce_loss_combined : 0.442484 [31mce_loss_eeg : 0.957713 [31mce_loss_eog : 0.982005 [31mtotal : 2.382202 [94mAcc_combined: 85.53 [94mAcc_eeg: 82.01 [94mAcc_eog: 79.88 [92mF1_combined: 75.24 [92mF1_eeg: 67.30 [92mF1_eog: 64.69 [92mK_combined: 0.7985 [92mK_eeg: 0.7489 [92mK_eog: 0.7191 [34mF1_perclass_combined: [90.51, 30.09, 86.36, 83.5, 85.76] [34mF1_perclass_eeg: [88.02, 5.98, 83.08, 84.05, 75.37] [34mF1_perclass_eog: [84.31, 0.0, 80.73, 76.39, 82.03] 

[37mEpoch 12 step 74 with [31mce_loss_combined : 0.438604 [31mce_loss_eeg : 0.955844 [31mce_loss_eog : 0.977278 [31mtotal : 2.371726 [94mAcc_combined: 85.54 [94mAcc_eeg: 82.12 [94mAcc_eog: 80.20 [92mF1_combined: 75.27 [92mF1_eeg: 67.29 [92mF1_eog: 64.94 [92mK_combined: 0.7987 [92mK_eeg: 0.7500 [92mK_eog: 0.7211 [34mF1_perclass_combined: [90.04, 29.4, 86.27, 83.9, 86.75] [34mF1_perclass_eeg: [87.98, 5.62, 83.08, 84.15, 75.62] [34mF1_perclass_eog: [84.58, 0.0, 81.19, 76.06, 82.85] 

[37mEpoch 12 step 75 with [31mce_loss_combined : 0.435301 [31mce_loss_eeg : 0.955633 [31mce_loss_eog : 0.977023 [31mtotal : 2.367957 [94mAcc_combined: 85.69 [94mAcc_eeg: 82.16 [94mAcc_eog: 80.22 [92mF1_combined: 75.15 [92mF1_eeg: 67.30 [92mF1_eog: 64.98 [92mK_combined: 0.8000 [92mK_eeg: 0.7501 [92mK_eog: 0.7210 [34mF1_perclass_combined: [90.25, 28.54, 86.55, 83.61, 86.81] [34mF1_perclass_eeg: [88.06, 5.62, 83.28, 83.95, 75.6] [34mF1_perclass_eog: [84.66, 0.0, 81.14, 76.07, 83.02] 

[37mEpoch 14 step 88 with [31mce_loss_combined : 0.453037 [31mce_loss_eeg : 0.938425 [31mce_loss_eog : 0.962714 [31mtotal : 2.354175 [94mAcc_combined: 85.54 [94mAcc_eeg: 82.38 [94mAcc_eog: 79.98 [92mF1_combined: 75.60 [92mF1_eeg: 69.10 [92mF1_eog: 64.46 [92mK_combined: 0.7976 [92mK_eeg: 0.7547 [92mK_eog: 0.7172 [34mF1_perclass_combined: [90.5, 32.2, 86.66, 82.26, 86.38] [34mF1_perclass_eeg: [88.34, 13.65, 83.65, 83.88, 75.96] [34mF1_perclass_eog: [85.17, 0.0, 81.07, 73.31, 82.75] 

[37mEpoch 15 step 91 with [31mce_loss_combined : 0.446452 [31mce_loss_eeg : 0.933140 [31mce_loss_eog : 0.956002 [31mtotal : 2.335594 [94mAcc_combined: 85.62 [94mAcc_eeg: 82.53 [94mAcc_eog: 80.59 [92mF1_combined: 76.26 [92mF1_eeg: 68.71 [92mF1_eog: 65.41 [92mK_combined: 0.8009 [92mK_eeg: 0.7575 [92mK_eog: 0.7282 [34mF1_perclass_combined: [90.26, 33.96, 86.17, 83.88, 87.05] [34mF1_perclass_eeg: [88.52, 10.56, 83.24, 84.06, 77.19] [34mF1_perclass_eog: [85.28, 0.0, 81.1, 76.94, 83.71] 

[37mEpoch 15 step 92 with [31mce_loss_combined : 0.445930 [31mce_loss_eeg : 0.931198 [31mce_loss_eog : 0.956904 [31mtotal : 2.334032 [94mAcc_combined: 85.64 [94mAcc_eeg: 82.81 [94mAcc_eog: 80.38 [92mF1_combined: 75.49 [92mF1_eeg: 68.65 [92mF1_eog: 65.15 [92mK_combined: 0.7980 [92mK_eeg: 0.7583 [92mK_eog: 0.7222 [34mF1_perclass_combined: [90.21, 31.14, 86.68, 82.52, 86.91] [34mF1_perclass_eeg: [88.57, 9.99, 84.11, 83.34, 77.26] [34mF1_perclass_eog: [85.02, 0.0, 81.16, 75.91, 83.66] 

[37mEpoch 15 step 93 with [31mce_loss_combined : 0.443050 [31mce_loss_eeg : 0.932732 [31mce_loss_eog : 0.957056 [31mtotal : 2.332839 [94mAcc_combined: 85.69 [94mAcc_eeg: 82.67 [94mAcc_eog: 80.35 [92mF1_combined: 75.67 [92mF1_eeg: 68.74 [92mF1_eog: 65.01 [92mK_combined: 0.7992 [92mK_eeg: 0.7575 [92mK_eog: 0.7220 [34mF1_perclass_combined: [90.28, 31.72, 86.68, 82.65, 87.03] [34mF1_perclass_eeg: [88.64, 10.68, 83.93, 83.68, 76.75] [34mF1_perclass_eog: [85.02, 0.0, 81.29, 74.95, 83.77] 

[37mEpoch 15 step 94 with [31mce_loss_combined : 0.438962 [31mce_loss_eeg : 0.933366 [31mce_loss_eog : 0.958287 [31mtotal : 2.330615 [94mAcc_combined: 85.72 [94mAcc_eeg: 82.48 [94mAcc_eog: 80.19 [92mF1_combined: 75.47 [92mF1_eeg: 68.41 [92mF1_eog: 64.78 [92mK_combined: 0.8003 [92mK_eeg: 0.7559 [92mK_eog: 0.7196 [34mF1_perclass_combined: [90.31, 30.04, 86.66, 83.42, 86.93] [34mF1_perclass_eeg: [88.45, 9.39, 83.65, 84.33, 76.21] [34mF1_perclass_eog: [84.99, 0.0, 81.23, 74.13, 83.56] 

[37mEpoch 16 step 95 with [31mce_loss_combined : 0.439189 [31mce_loss_eeg : 0.930306 [31mce_loss_eog : 0.956849 [31mtotal : 2.326344 [94mAcc_combined: 85.80 [94mAcc_eeg: 82.79 [94mAcc_eog: 80.34 [92mF1_combined: 75.71 [92mF1_eeg: 68.90 [92mF1_eog: 64.94 [92mK_combined: 0.8012 [92mK_eeg: 0.7598 [92mK_eog: 0.7218 [34mF1_perclass_combined: [90.33, 31.07, 86.7, 83.44, 87.01] [34mF1_perclass_eeg: [88.66, 10.7, 83.88, 84.32, 76.91] [34mF1_perclass_eog: [85.1, 0.0, 81.33, 74.55, 83.74] 

[37mEpoch 18 step 109 with [31mce_loss_combined : 0.460956 [31mce_loss_eeg : 0.907727 [31mce_loss_eog : 0.941862 [31mtotal : 2.310545 [94mAcc_combined: 84.83 [94mAcc_eeg: 82.99 [94mAcc_eog: 80.09 [92mF1_combined: 75.48 [92mF1_eeg: 70.62 [92mF1_eog: 64.80 [92mK_combined: 0.7882 [92mK_eeg: 0.7617 [92mK_eog: 0.7198 [34mF1_perclass_combined: [89.48, 33.9, 85.42, 82.67, 85.93] [34mF1_perclass_eeg: [88.93, 18.76, 83.98, 83.8, 77.64] [34mF1_perclass_eog: [84.33, 0.0, 81.08, 74.73, 83.87] 

[37mEpoch 19 step 114 with [31mce_loss_combined : 0.466401 [31mce_loss_eeg : 0.901813 [31mce_loss_eog : 0.941822 [31mtotal : 2.310036 [94mAcc_combined: 85.22 [94mAcc_eeg: 82.97 [94mAcc_eog: 79.72 [92mF1_combined: 76.87 [92mF1_eeg: 71.23 [92mF1_eog: 64.69 [92mK_combined: 0.7940 [92mK_eeg: 0.7604 [92mK_eog: 0.7169 [34mF1_perclass_combined: [89.73, 39.58, 86.43, 81.46, 87.15] [34mF1_perclass_eeg: [88.67, 22.58, 84.34, 82.78, 77.8] [34mF1_perclass_eog: [83.61, 0.0, 80.42, 75.94, 83.49] 

[37mEpoch 19 step 115 with [31mce_loss_combined : 0.459872 [31mce_loss_eeg : 0.903430 [31mce_loss_eog : 0.937415 [31mtotal : 2.300716 [94mAcc_combined: 85.00 [94mAcc_eeg: 82.78 [94mAcc_eog: 79.85 [92mF1_combined: 75.24 [92mF1_eeg: 71.22 [92mF1_eog: 64.20 [92mK_combined: 0.7886 [92mK_eeg: 0.7569 [92mK_eog: 0.7149 [34mF1_perclass_combined: [89.06, 33.23, 86.18, 81.11, 86.64] [34mF1_perclass_eeg: [88.72, 23.57, 84.11, 81.31, 78.4] [34mF1_perclass_eog: [84.83, 0.0, 81.07, 71.21, 83.91] 

[37mEpoch 19 step 116 with [31mce_loss_combined : 0.464793 [31mce_loss_eeg : 0.904942 [31mce_loss_eog : 0.929554 [31mtotal : 2.299288 [94mAcc_combined: 85.18 [94mAcc_eeg: 82.48 [94mAcc_eog: 80.47 [92mF1_combined: 75.97 [92mF1_eeg: 70.99 [92mF1_eog: 65.07 [92mK_combined: 0.7916 [92mK_eeg: 0.7565 [92mK_eog: 0.7259 [34mF1_perclass_combined: [90.0, 36.29, 86.19, 80.16, 87.19] [34mF1_perclass_eeg: [89.13, 23.18, 83.47, 82.43, 76.73] [34mF1_perclass_eog: [85.39, 0.06, 81.33, 75.57, 82.99] 

[37mEpoch 20 step 119 with [31mce_loss_combined : 0.444567 [31mce_loss_eeg : 0.891804 [31mce_loss_eog : 0.929517 [31mtotal : 2.265888 [94mAcc_combined: 85.82 [94mAcc_eeg: 83.43 [94mAcc_eog: 80.38 [92mF1_combined: 76.35 [92mF1_eeg: 72.24 [92mF1_eog: 64.98 [92mK_combined: 0.8015 [92mK_eeg: 0.7680 [92mK_eog: 0.7246 [34mF1_perclass_combined: [89.71, 34.57, 86.84, 82.95, 87.68] [34mF1_perclass_eeg: [88.89, 25.63, 84.63, 82.9, 79.18] [34mF1_perclass_eog: [85.13, 0.11, 81.42, 75.45, 82.77] 

[37mEpoch 21 step 124 with [31mce_loss_combined : 0.445141 [31mce_loss_eeg : 0.887035 [31mce_loss_eog : 0.920965 [31mtotal : 2.253140 [94mAcc_combined: 85.97 [94mAcc_eeg: 83.61 [94mAcc_eog: 80.75 [92mF1_combined: 76.68 [92mF1_eeg: 72.56 [92mF1_eog: 65.51 [92mK_combined: 0.8039 [92mK_eeg: 0.7708 [92mK_eog: 0.7297 [34mF1_perclass_combined: [89.85, 35.19, 86.82, 84.01, 87.56] [34mF1_perclass_eeg: [88.14, 26.12, 85.04, 84.12, 79.39] [34mF1_perclass_eog: [85.56, 0.0, 81.29, 77.05, 83.64] 

[37mEpoch 21 step 125 with [31mce_loss_combined : 0.441032 [31mce_loss_eeg : 0.884336 [31mce_loss_eog : 0.920072 [31mtotal : 2.245440 [94mAcc_combined: 85.99 [94mAcc_eeg: 83.75 [94mAcc_eog: 80.87 [92mF1_combined: 76.77 [92mF1_eeg: 73.10 [92mF1_eog: 65.40 [92mK_combined: 0.8041 [92mK_eeg: 0.7732 [92mK_eog: 0.7307 [34mF1_perclass_combined: [89.91, 35.78, 86.92, 83.62, 87.61] [34mF1_perclass_eeg: [89.17, 28.3, 84.95, 83.84, 79.22] [34mF1_perclass_eog: [85.58, 0.06, 81.8, 75.47, 84.09] 

[37mEpoch 21 step 127 with [31mce_loss_combined : 0.442637 [31mce_loss_eeg : 0.881029 [31mce_loss_eog : 0.917934 [31mtotal : 2.241601 [94mAcc_combined: 85.64 [94mAcc_eeg: 83.94 [94mAcc_eog: 80.78 [92mF1_combined: 77.39 [92mF1_eeg: 73.31 [92mF1_eog: 65.38 [92mK_combined: 0.8001 [92mK_eeg: 0.7757 [92mK_eog: 0.7280 [34mF1_perclass_combined: [89.58, 39.99, 86.49, 84.05, 86.83] [34mF1_perclass_eeg: [89.21, 28.42, 84.93, 84.58, 79.41] [34mF1_perclass_eog: [85.58, 0.11, 81.67, 75.63, 83.92] 

[37mEpoch 22 step 130 with [31mce_loss_combined : 0.436322 [31mce_loss_eeg : 0.879533 [31mce_loss_eog : 0.916020 [31mtotal : 2.231876 [94mAcc_combined: 86.17 [94mAcc_eeg: 84.03 [94mAcc_eog: 80.95 [92mF1_combined: 77.77 [92mF1_eeg: 73.57 [92mF1_eog: 65.51 [92mK_combined: 0.8070 [92mK_eeg: 0.7772 [92mK_eog: 0.7309 [34mF1_perclass_combined: [90.18, 40.02, 86.97, 83.99, 87.71] [34mF1_perclass_eeg: [89.19, 29.36, 85.08, 84.43, 79.81] [34mF1_perclass_eog: [85.83, 0.11, 81.81, 75.47, 84.31] 

[37mEpoch 22 step 135 with [31mce_loss_combined : 0.436430 [31mce_loss_eeg : 0.879845 [31mce_loss_eog : 0.915232 [31mtotal : 2.231507 [94mAcc_combined: 86.13 [94mAcc_eeg: 83.95 [94mAcc_eog: 81.02 [92mF1_combined: 77.84 [92mF1_eeg: 73.25 [92mF1_eog: 65.63 [92mK_combined: 0.8066 [92mK_eeg: 0.7763 [92mK_eog: 0.7326 [34mF1_perclass_combined: [90.14, 40.59, 86.95, 83.88, 87.62] [34mF1_perclass_eeg: [89.32, 27.97, 85.07, 84.39, 79.49] [34mF1_perclass_eog: [85.83, 0.17, 81.8, 76.06, 84.3] 

[37mEpoch 23 step 136 with [31mce_loss_combined : 0.436095 [31mce_loss_eeg : 0.879792 [31mce_loss_eog : 0.915217 [31mtotal : 2.231103 [94mAcc_combined: 86.14 [94mAcc_eeg: 83.95 [94mAcc_eog: 81.02 [92mF1_combined: 77.84 [92mF1_eeg: 73.24 [92mF1_eog: 65.63 [92mK_combined: 0.8068 [92mK_eeg: 0.7764 [92mK_eog: 0.7326 [34mF1_perclass_combined: [90.17, 40.57, 86.95, 83.89, 87.64] [34mF1_perclass_eeg: [89.33, 27.91, 85.07, 84.4, 79.5] [34mF1_perclass_eog: [85.84, 0.17, 81.8, 76.03, 84.31] 

[37mEpoch 25 step 153 with [31mce_loss_combined : 0.465495 [31mce_loss_eeg : 0.862252 [31mce_loss_eog : 0.896044 [31mtotal : 2.223791 [94mAcc_combined: 85.16 [94mAcc_eeg: 83.19 [94mAcc_eog: 80.78 [92mF1_combined: 75.24 [92mF1_eeg: 72.97 [92mF1_eog: 65.39 [92mK_combined: 0.7918 [92mK_eeg: 0.7675 [92mK_eog: 0.7294 [34mF1_perclass_combined: [89.87, 31.81, 86.11, 81.03, 87.37] [34mF1_perclass_eeg: [89.22, 29.33, 83.91, 83.5, 78.89] [34mF1_perclass_eog: [85.78, 0.61, 81.75, 75.01, 83.81] 

[37mEpoch 26 step 159 with [31mce_loss_combined : 0.450863 [31mce_loss_eeg : 0.851466 [31mce_loss_eog : 0.888042 [31mtotal : 2.190371 [94mAcc_combined: 85.63 [94mAcc_eeg: 83.50 [94mAcc_eog: 80.70 [92mF1_combined: 76.21 [92mF1_eeg: 72.96 [92mF1_eog: 65.52 [92mK_combined: 0.7999 [92mK_eeg: 0.7688 [92mK_eog: 0.7290 [34mF1_perclass_combined: [89.82, 33.99, 86.23, 83.74, 87.28] [34mF1_perclass_eeg: [89.62, 29.42, 84.15, 84.71, 76.93] [34mF1_perclass_eog: [85.5, 1.1, 81.55, 75.66, 83.81] 

[37mEpoch 28 step 168 with [31mce_loss_combined : 0.466339 [31mce_loss_eeg : 0.847071 [31mce_loss_eog : 0.876034 [31mtotal : 2.189445 [94mAcc_combined: 85.06 [94mAcc_eeg: 83.03 [94mAcc_eog: 80.76 [92mF1_combined: 76.43 [92mF1_eeg: 74.07 [92mF1_eog: 65.85 [92mK_combined: 0.7920 [92mK_eeg: 0.7633 [92mK_eog: 0.7295 [34mF1_perclass_combined: [89.78, 37.78, 85.59, 83.57, 85.43] [34mF1_perclass_eeg: [87.74, 34.73, 84.07, 84.76, 79.04] [34mF1_perclass_eog: [85.33, 1.96, 81.51, 76.51, 83.96] 

[37mEpoch 28 step 171 with [31mce_loss_combined : 0.449369 [31mce_loss_eeg : 0.833912 [31mce_loss_eog : 0.870836 [31mtotal : 2.154116 [94mAcc_combined: 86.22 [94mAcc_eeg: 83.91 [94mAcc_eog: 80.94 [92mF1_combined: 77.10 [92mF1_eeg: 73.44 [92mF1_eog: 66.03 [92mK_combined: 0.8076 [92mK_eeg: 0.7739 [92mK_eog: 0.7329 [34mF1_perclass_combined: [90.27, 36.48, 87.04, 84.26, 87.43] [34mF1_perclass_eeg: [88.65, 30.01, 85.39, 84.47, 78.69] [34mF1_perclass_eog: [85.92, 1.9, 81.46, 76.52, 84.36] 

[37mEpoch 30 step 178 with [31mce_loss_combined : 0.456146 [31mce_loss_eeg : 0.825228 [31mce_loss_eog : 0.871039 [31mtotal : 2.152413 [94mAcc_combined: 85.77 [94mAcc_eeg: 84.02 [94mAcc_eog: 80.65 [92mF1_combined: 77.42 [92mF1_eeg: 74.91 [92mF1_eog: 66.22 [92mK_combined: 0.8021 [92mK_eeg: 0.7779 [92mK_eog: 0.7300 [34mF1_perclass_combined: [90.06, 40.38, 86.61, 83.28, 86.78] [34mF1_perclass_eeg: [89.35, 36.13, 85.24, 83.67, 80.16] [34mF1_perclass_eog: [85.9, 5.11, 81.49, 76.39, 82.22] 

[37mEpoch 31 step 184 with [31mce_loss_combined : 0.461728 [31mce_loss_eeg : 0.816557 [31mce_loss_eog : 0.861173 [31mtotal : 2.139458 [94mAcc_combined: 86.10 [94mAcc_eeg: 84.23 [94mAcc_eog: 81.04 [92mF1_combined: 77.80 [92mF1_eeg: 74.90 [92mF1_eog: 66.70 [92mK_combined: 0.8070 [92mK_eeg: 0.7810 [92mK_eog: 0.7353 [34mF1_perclass_combined: [90.08, 40.38, 86.87, 84.33, 87.37] [34mF1_perclass_eeg: [89.39, 34.79, 85.35, 84.39, 80.58] [34mF1_perclass_eog: [86.11, 5.31, 81.73, 76.96, 83.38] 

[37mEpoch 32 step 190 with [31mce_loss_combined : 0.460047 [31mce_loss_eeg : 0.811006 [31mce_loss_eog : 0.855628 [31mtotal : 2.126680 [94mAcc_combined: 86.21 [94mAcc_eeg: 84.50 [94mAcc_eog: 81.18 [92mF1_combined: 77.96 [92mF1_eeg: 75.20 [92mF1_eog: 67.09 [92mK_combined: 0.8080 [92mK_eeg: 0.7838 [92mK_eog: 0.7363 [34mF1_perclass_combined: [90.24, 40.82, 87.1, 84.1, 87.53] [34mF1_perclass_eeg: [89.46, 35.38, 85.71, 84.25, 81.2] [34mF1_perclass_eog: [85.99, 7.1, 82.06, 76.29, 84.0] 

[37mEpoch 34 step 201 with [31mce_loss_combined : 0.470096 [31mce_loss_eeg : 0.806592 [31mce_loss_eog : 0.848079 [31mtotal : 2.124768 [94mAcc_combined: 86.03 [94mAcc_eeg: 84.58 [94mAcc_eog: 81.37 [92mF1_combined: 77.94 [92mF1_eeg: 75.38 [92mF1_eog: 67.24 [92mK_combined: 0.8055 [92mK_eeg: 0.7851 [92mK_eog: 0.7376 [34mF1_perclass_combined: [90.05, 41.46, 86.92, 83.78, 87.49] [34mF1_perclass_eeg: [89.37, 35.68, 85.61, 84.18, 82.08] [34mF1_perclass_eog: [86.29, 7.3, 82.33, 75.75, 84.53] 

[37mEpoch 34 step 204 with [31mce_loss_combined : 0.464974 [31mce_loss_eeg : 0.805861 [31mce_loss_eog : 0.848625 [31mtotal : 2.119460 [94mAcc_combined: 85.89 [94mAcc_eeg: 84.49 [94mAcc_eog: 81.24 [92mF1_combined: 77.88 [92mF1_eeg: 75.31 [92mF1_eog: 67.55 [92mK_combined: 0.8030 [92mK_eeg: 0.7832 [92mK_eog: 0.7355 [34mF1_perclass_combined: [89.99, 41.67, 86.75, 83.83, 87.15] [34mF1_perclass_eeg: [89.37, 35.38, 85.48, 84.2, 82.1] [34mF1_perclass_eog: [86.4, 8.31, 81.78, 76.89, 84.36] 

[37mEpoch 35 step 207 with [31mce_loss_combined : 0.466699 [31mce_loss_eeg : 0.803746 [31mce_loss_eog : 0.847637 [31mtotal : 2.118082 [94mAcc_combined: 86.11 [94mAcc_eeg: 84.66 [94mAcc_eog: 81.32 [92mF1_combined: 78.13 [92mF1_eeg: 75.47 [92mF1_eog: 67.26 [92mK_combined: 0.8067 [92mK_eeg: 0.7863 [92mK_eog: 0.7367 [34mF1_perclass_combined: [90.13, 42.05, 86.96, 83.85, 87.64] [34mF1_perclass_eeg: [89.35, 35.42, 85.63, 84.78, 82.17] [34mF1_perclass_eog: [86.4, 7.92, 82.33, 75.16, 84.48] 

[37mEpoch 35 step 210 with [31mce_loss_combined : 0.461334 [31mce_loss_eeg : 0.803437 [31mce_loss_eog : 0.845963 [31mtotal : 2.110734 [94mAcc_combined: 86.13 [94mAcc_eeg: 84.62 [94mAcc_eog: 81.44 [92mF1_combined: 78.36 [92mF1_eeg: 75.47 [92mF1_eog: 67.69 [92mK_combined: 0.8071 [92mK_eeg: 0.7858 [92mK_eog: 0.7392 [34mF1_perclass_combined: [90.09, 42.83, 86.96, 84.26, 87.66] [34mF1_perclass_eeg: [89.35, 35.55, 85.61, 84.73, 82.11] [34mF1_perclass_eog: [86.48, 8.37, 82.08, 76.93, 84.57] 

[37mEpoch 38 step 230 with [31mce_loss_combined : 0.456109 [31mce_loss_eeg : 0.800541 [31mce_loss_eog : 0.843295 [31mtotal : 2.099945 [94mAcc_combined: 85.64 [94mAcc_eeg: 83.87 [94mAcc_eog: 80.71 [92mF1_combined: 77.25 [92mF1_eeg: 74.45 [92mF1_eog: 66.26 [92mK_combined: 0.7995 [92mK_eeg: 0.7745 [92mK_eog: 0.7268 [34mF1_perclass_combined: [90.0, 39.5, 86.41, 83.83, 86.5] [34mF1_perclass_eeg: [88.68, 34.79, 85.2, 83.86, 79.73] [34mF1_perclass_eog: [85.85, 5.05, 81.65, 75.88, 82.86] 

[37mEpoch 40 step 237 with [31mce_loss_combined : 0.469131 [31mce_loss_eeg : 0.788938 [31mce_loss_eog : 0.833262 [31mtotal : 2.091331 [94mAcc_combined: 85.71 [94mAcc_eeg: 84.04 [94mAcc_eog: 80.77 [92mF1_combined: 76.81 [92mF1_eeg: 74.91 [92mF1_eog: 67.87 [92mK_combined: 0.8013 [92mK_eeg: 0.7787 [92mK_eog: 0.7330 [34mF1_perclass_combined: [89.76, 37.1, 86.5, 83.71, 87.0] [34mF1_perclass_eeg: [89.06, 35.49, 85.35, 84.22, 80.43] [34mF1_perclass_eog: [86.12, 11.75, 81.21, 77.18, 83.1] 

[37mEpoch 43 step 254 with [31mce_loss_combined : 0.468494 [31mce_loss_eeg : 0.757979 [31mce_loss_eog : 0.815723 [31mtotal : 2.042197 [94mAcc_combined: 85.60 [94mAcc_eeg: 84.61 [94mAcc_eog: 80.58 [92mF1_combined: 77.52 [92mF1_eeg: 75.48 [92mF1_eog: 67.55 [92mK_combined: 0.8000 [92mK_eeg: 0.7859 [92mK_eog: 0.7252 [34mF1_perclass_combined: [89.56, 39.9, 86.61, 84.17, 87.35] [34mF1_perclass_eeg: [89.71, 35.9, 85.65, 84.23, 81.95] [34mF1_perclass_eog: [85.73, 11.75, 81.48, 74.73, 84.07] 

[37mEpoch 43 step 259 with [31mce_loss_combined : 0.468948 [31mce_loss_eeg : 0.762701 [31mce_loss_eog : 0.804458 [31mtotal : 2.036107 [94mAcc_combined: 85.66 [94mAcc_eeg: 83.76 [94mAcc_eog: 80.99 [92mF1_combined: 76.69 [92mF1_eeg: 74.20 [92mF1_eog: 69.50 [92mK_combined: 0.8002 [92mK_eeg: 0.7739 [92mK_eog: 0.7333 [34mF1_perclass_combined: [90.2, 35.71, 86.09, 84.0, 87.47] [34mF1_perclass_eeg: [88.86, 32.61, 84.42, 84.05, 81.06] [34mF1_perclass_eog: [86.59, 20.65, 82.08, 74.72, 83.46] 

[37mEpoch 45 step 271 with [31mce_loss_combined : 0.484400 [31mce_loss_eeg : 0.740269 [31mce_loss_eog : 0.791345 [31mtotal : 2.016014 [94mAcc_combined: 85.79 [94mAcc_eeg: 84.56 [94mAcc_eog: 81.15 [92mF1_combined: 77.03 [92mF1_eeg: 75.15 [92mF1_eog: 68.76 [92mK_combined: 0.8015 [92mK_eeg: 0.7853 [92mK_eog: 0.7361 [34mF1_perclass_combined: [90.27, 38.02, 86.66, 83.17, 87.05] [34mF1_perclass_eeg: [89.66, 34.13, 85.47, 84.81, 81.7] [34mF1_perclass_eog: [86.63, 16.12, 82.07, 75.77, 83.24] 

[37mEpoch 47 step 283 with [31mce_loss_combined : 0.466043 [31mce_loss_eeg : 0.731668 [31mce_loss_eog : 0.783160 [31mtotal : 1.980871 [94mAcc_combined: 85.62 [94mAcc_eeg: 84.54 [94mAcc_eog: 81.12 [92mF1_combined: 78.51 [92mF1_eeg: 76.13 [92mF1_eog: 68.37 [92mK_combined: 0.8015 [92mK_eeg: 0.7861 [92mK_eog: 0.7344 [34mF1_perclass_combined: [90.01, 44.12, 86.62, 84.27, 87.54] [34mF1_perclass_eeg: [89.5, 38.98, 85.69, 84.74, 81.76] [34mF1_perclass_eog: [86.46, 14.23, 82.15, 76.21, 82.8] 

[37mEpoch 48 step 289 with [31mce_loss_combined : 0.471987 [31mce_loss_eeg : 0.727327 [31mce_loss_eog : 0.773549 [31mtotal : 1.972863 [94mAcc_combined: 86.13 [94mAcc_eeg: 84.46 [94mAcc_eog: 81.43 [92mF1_combined: 78.55 [92mF1_eeg: 75.93 [92mF1_eog: 68.56 [92mK_combined: 0.8077 [92mK_eeg: 0.7845 [92mK_eog: 0.7396 [34mF1_perclass_combined: [90.57, 43.37, 87.02, 84.27, 87.5] [34mF1_perclass_eeg: [89.39, 38.48, 85.62, 84.56, 81.58] [34mF1_perclass_eog: [86.9, 13.07, 82.06, 76.94, 83.8] 

[37mEpoch 65 step 388 with [31mce_loss_combined : 0.472076 [31mce_loss_eeg : 0.720928 [31mce_loss_eog : 0.765976 [31mtotal : 1.958979 [94mAcc_combined: 85.37 [94mAcc_eeg: 83.08 [94mAcc_eog: 80.06 [92mF1_combined: 77.49 [92mF1_eeg: 74.71 [92mF1_eog: 67.98 [92mK_combined: 0.7958 [92mK_eeg: 0.7662 [92mK_eog: 0.7165 [34mF1_perclass_combined: [89.44, 42.04, 87.0, 83.67, 85.32] [34mF1_perclass_eeg: [87.83, 38.24, 85.01, 84.27, 78.18] [34mF1_perclass_eog: [86.38, 20.18, 81.65, 67.78, 83.93] 

[37mEpoch 65 step 389 with [31mce_loss_combined : 0.439959 [31mce_loss_eeg : 0.706816 [31mce_loss_eog : 0.752197 [31mtotal : 1.898971 [94mAcc_combined: 85.27 [94mAcc_eeg: 83.84 [94mAcc_eog: 81.17 [92mF1_combined: 76.25 [92mF1_eeg: 75.07 [92mF1_eog: 69.52 [92mK_combined: 0.7948 [92mK_eeg: 0.7772 [92mK_eog: 0.7369 [34mF1_perclass_combined: [90.04, 37.02, 86.56, 82.76, 84.88] [34mF1_perclass_eeg: [88.97, 37.21, 84.91, 84.23, 80.01] [34mF1_perclass_eog: [86.51, 19.56, 82.05, 75.77, 83.71] 

[37mEpoch 66 step 395 with [31mce_loss_combined : 0.469038 [31mce_loss_eeg : 0.686392 [31mce_loss_eog : 0.739595 [31mtotal : 1.895025 [94mAcc_combined: 85.69 [94mAcc_eeg: 84.65 [94mAcc_eog: 81.40 [92mF1_combined: 78.07 [92mF1_eeg: 76.35 [92mF1_eog: 69.03 [92mK_combined: 0.8013 [92mK_eeg: 0.7875 [92mK_eog: 0.7394 [34mF1_perclass_combined: [89.84, 43.27, 86.45, 83.59, 87.2] [34mF1_perclass_eeg: [89.77, 39.74, 85.51, 84.76, 81.97] [34mF1_perclass_eog: [86.91, 15.58, 82.04, 77.03, 83.58] 

[37mEpoch 75 step 448 with [31mce_loss_combined : 0.524641 [31mce_loss_eeg : 0.665155 [31mce_loss_eog : 0.696622 [31mtotal : 1.886418 [94mAcc_combined: 85.46 [94mAcc_eeg: 83.66 [94mAcc_eog: 81.45 [92mF1_combined: 77.38 [92mF1_eeg: 75.23 [92mF1_eog: 71.11 [92mK_combined: 0.7982 [92mK_eeg: 0.7756 [92mK_eog: 0.7420 [34mF1_perclass_combined: [90.3, 40.52, 86.02, 83.41, 86.65] [34mF1_perclass_eeg: [89.55, 37.71, 84.02, 84.48, 80.4] [34mF1_perclass_eog: [87.2, 25.27, 82.0, 76.67, 84.4] 
{'val_loss': {'ce_loss_combined': 0.5246406, 'ce_loss_eeg': 0.66515505, 'ce_loss_eog': 0.69662166, 'total': 1.8864176}, 'val_acc': {'combined': 0.8545510730982785, 'eeg': 0.8366179211898283, 'eog': 0.8144581676086805}, 'val_f1': {'combined': 0.7738257099863919, 'eeg': 0.7523204960599346, 'eog': 0.7110754130592081}, 'val_k': {'combined': 0.798200098670488, 'eeg': 0.7755888767402391, 'eog': 0.7420393518262867}, 'val_perclassf1': {'combined': array([0.903011  , 0.40524321, 0.86018435, 0.83414036, 0.86654964]), 'eeg': array([0.89546924, 0.37706543, 0.84021842, 0.84482271, 0.80402667]), 'eog': array([0.87200401, 0.25268618, 0.81999024, 0.76673046, 0.84396618])}}
We are in the final state.
Job finished
