000 (643.002.000) 2023-01-06 15:15:29 Job submitted from host: <10.87.28.151:9618?addrs=10.87.28.151-9618&alias=brigand.esat.kuleuven.be&noUDP&sock=schedd_2187_adb6>
...
001 (643.002.000) 2023-01-07 19:22:31 Job executing on host: <10.87.28.118:9618?addrs=10.87.28.118-9618&alias=stadius-nc-5.esat.kuleuven.be&noUDP&sock=startd_4288_ca31>
...
006 (643.002.000) 2023-01-07 19:22:39 Image size of job updated: 8112280
	426  -  MemoryUsage of job (MB)
	435556  -  ResidentSetSize of job (KB)
...
006 (643.002.000) 2023-01-07 19:27:39 Image size of job updated: 433556112
	4403  -  MemoryUsage of job (MB)
	4507732  -  ResidentSetSize of job (KB)
...
006 (643.002.000) 2023-01-07 19:32:40 Image size of job updated: 434607428
	5618  -  MemoryUsage of job (MB)
	5751856  -  ResidentSetSize of job (KB)
...
006 (643.002.000) 2023-01-07 20:02:43 Image size of job updated: 436945148
	5618  -  MemoryUsage of job (MB)
	5751856  -  ResidentSetSize of job (KB)
...
006 (643.002.000) 2023-01-07 20:42:48 Image size of job updated: 439523728
	5618  -  MemoryUsage of job (MB)
	5751856  -  ResidentSetSize of job (KB)
...
006 (643.002.000) 2023-01-08 00:38:10 Image size of job updated: 439636840
	5618  -  MemoryUsage of job (MB)
	5751856  -  ResidentSetSize of job (KB)
...
005 (643.002.000) 2023-01-08 02:36:34 Job terminated.
	(1) Normal termination (return value 0)
		Usr 0 21:10:09, Sys 0 14:20:14  -  Run Remote Usage
		Usr 0 00:00:00, Sys 0 00:00:00  -  Run Local Usage
		Usr 0 21:10:09, Sys 0 14:20:14  -  Total Remote Usage
		Usr 0 00:00:00, Sys 0 00:00:00  -  Total Local Usage
	0  -  Run Bytes Sent By Job
	0  -  Run Bytes Received By Job
	0  -  Total Bytes Sent By Job
	0  -  Total Bytes Received By Job
	Partitionable Resources :    Usage  Request Allocated Assigned
	   Cpus                 :     7.08       16        16 
	   Disk (KB)            :     1           1   1823526 
	   Gpus (Average)       :     0.45        1         1 "CUDA0"
	   GpusMemory (MB)      :  7324                       
	   Memory (MB)          :  5618       16384     16384 

	Job terminated of its own accord at 2023-01-08T01:36:34Z.
...
