000 (643.001.000) 2023-01-06 15:15:29 Job submitted from host: <10.87.28.151:9618?addrs=10.87.28.151-9618&alias=brigand.esat.kuleuven.be&noUDP&sock=schedd_2187_adb6>
...
001 (643.001.000) 2023-01-07 19:01:31 Job executing on host: <10.87.24.53:9618?addrs=10.87.24.53-9618&alias=spchcl21.esat.kuleuven.be&noUDP&sock=startd_22823_4215>
...
006 (643.001.000) 2023-01-07 19:01:40 Image size of job updated: 20216
	11  -  MemoryUsage of job (MB)
	10664  -  ResidentSetSize of job (KB)
...
006 (643.001.000) 2023-01-07 19:06:41 Image size of job updated: 423090632
	10285  -  MemoryUsage of job (MB)
	10531560  -  ResidentSetSize of job (KB)
...
006 (643.001.000) 2023-01-07 19:11:41 Image size of job updated: 435362880
	10286  -  MemoryUsage of job (MB)
	10532408  -  ResidentSetSize of job (KB)
...
006 (643.001.000) 2023-01-07 19:16:41 Image size of job updated: 478251940
	10286  -  MemoryUsage of job (MB)
	10532408  -  ResidentSetSize of job (KB)
...
006 (643.001.000) 2023-01-07 19:56:46 Image size of job updated: 479711576
	10286  -  MemoryUsage of job (MB)
	10532408  -  ResidentSetSize of job (KB)
...
006 (643.001.000) 2023-01-07 20:01:46 Image size of job updated: 479920520
	10286  -  MemoryUsage of job (MB)
	10532408  -  ResidentSetSize of job (KB)
...
006 (643.001.000) 2023-01-07 20:56:51 Image size of job updated: 483426084
	10286  -  MemoryUsage of job (MB)
	10532408  -  ResidentSetSize of job (KB)
...
005 (643.001.000) 2023-01-08 03:38:59 Job terminated.
	(1) Normal termination (return value 0)
		Usr 0 21:45:22, Sys 0 08:42:04  -  Run Remote Usage
		Usr 0 00:00:00, Sys 0 00:00:00  -  Run Local Usage
		Usr 0 21:45:22, Sys 0 08:42:04  -  Total Remote Usage
		Usr 0 00:00:00, Sys 0 00:00:00  -  Total Local Usage
	0  -  Run Bytes Sent By Job
	0  -  Run Bytes Received By Job
	0  -  Total Bytes Sent By Job
	0  -  Total Bytes Received By Job
	Partitionable Resources :    Usage  Request Allocated Assigned
	   Cpus                 :     2.53       16        16 
	   Disk (KB)            :     1           1    265513 
	   Gpus (Average)       :     0.41        1         1 "CUDA0"
	   GpusMemory (MB)      :  6958                       
	   Memory (MB)          : 10286       16384     16384 

	Job terminated of its own accord at 2023-01-08T02:38:59Z.
...
