000 (643.000.000) 2023-01-06 15:15:29 Job submitted from host: <10.87.28.151:9618?addrs=10.87.28.151-9618&alias=brigand.esat.kuleuven.be&noUDP&sock=schedd_2187_adb6>
...
001 (643.000.000) 2023-01-07 12:13:20 Job executing on host: <10.87.24.51:9618?addrs=10.87.24.51-9618&alias=spchcl18.esat.kuleuven.be&noUDP&sock=startd_3964_8d81>
...
006 (643.000.000) 2023-01-07 12:13:28 Image size of job updated: 167864
	164  -  MemoryUsage of job (MB)
	167860  -  ResidentSetSize of job (KB)
...
006 (643.000.000) 2023-01-07 12:18:28 Image size of job updated: 432995232
	9724  -  MemoryUsage of job (MB)
	9957056  -  ResidentSetSize of job (KB)
...
006 (643.000.000) 2023-01-07 12:23:28 Image size of job updated: 435039316
	9724  -  MemoryUsage of job (MB)
	9957056  -  ResidentSetSize of job (KB)
...
006 (643.000.000) 2023-01-07 12:28:29 Image size of job updated: 476680408
	9724  -  MemoryUsage of job (MB)
	9957056  -  ResidentSetSize of job (KB)
...
006 (643.000.000) 2023-01-07 15:33:48 Image size of job updated: 477159468
	9724  -  MemoryUsage of job (MB)
	9957056  -  ResidentSetSize of job (KB)
...
006 (643.000.000) 2023-01-07 15:58:52 Image size of job updated: 478811980
	9724  -  MemoryUsage of job (MB)
	9957056  -  ResidentSetSize of job (KB)
...
006 (643.000.000) 2023-01-07 16:18:54 Image size of job updated: 479327540
	9724  -  MemoryUsage of job (MB)
	9957056  -  ResidentSetSize of job (KB)
...
006 (643.000.000) 2023-01-07 16:23:54 Image size of job updated: 479472736
	9724  -  MemoryUsage of job (MB)
	9957056  -  ResidentSetSize of job (KB)
...
006 (643.000.000) 2023-01-07 16:28:54 Image size of job updated: 479737928
	9724  -  MemoryUsage of job (MB)
	9957056  -  ResidentSetSize of job (KB)
...
006 (643.000.000) 2023-01-07 18:54:11 Image size of job updated: 479934924
	9724  -  MemoryUsage of job (MB)
	9957056  -  ResidentSetSize of job (KB)
...
005 (643.000.000) 2023-01-07 21:56:08 Job terminated.
	(1) Normal termination (return value 0)
		Usr 1 03:11:22, Sys 0 11:13:15  -  Run Remote Usage
		Usr 0 00:00:00, Sys 0 00:00:00  -  Run Local Usage
		Usr 1 03:11:22, Sys 0 11:13:15  -  Total Remote Usage
		Usr 0 00:00:00, Sys 0 00:00:00  -  Total Local Usage
	0  -  Run Bytes Sent By Job
	0  -  Run Bytes Received By Job
	0  -  Total Bytes Sent By Job
	0  -  Total Bytes Received By Job
	Partitionable Resources :    Usage  Request Allocated Assigned
	   Cpus                 :     4.60       16        16 
	   Disk (KB)            :     1           1    275681 
	   Gpus (Average)       :     0.50        1         1 "CUDA0"
	   GpusMemory (MB)      :  6859                       
	   Memory (MB)          :  9724       16384     16384 

	Job terminated of its own accord at 2023-01-07T20:56:08Z.
...
