Starting Job
/users/sista/kkontras/Documents/Sleep_Project/main_paper_5.py
/esat/smcdata/users/kkontras/Image_Dataset/no_backup/envs/gl_env/bin/python
Python 3.7.10
/users/sista/kkontras/Documents/Sleep_Project
0
 THE Configuration of your experiment ..
{'agent': 'Sleep_Agent_Init_Train',
 'augmentation': {},
 'channel': 0,
 'dataset': {'cache_datasets': {'test': False, 'train': False, 'valid': False},
             'data_roots': '/esat/biomeddata/SHHS_Dataset/no_backup',
             'data_split': {'fold': 0,
                            'fold_size': 7,
                            'folds_file': '/users/sista/kkontras/Documents/Huy_shhs1/HUY '
                                          'SHHS1 CODE/data_split_eval.mat',
                            'rand_split': 0,
                            'rand_splits': 13,
                            'split_method': 'patients_huy',
                            'test_split_rate': 0.3,
                            'val_patient_num': 3,
                            'val_split_rate': 0.01692},
             'data_view_dir': [{'data_type': 'stft',
                                'list_dir': 'patient_mat_list.txt',
                                'mod': 'eeg',
                                'num_ch': 1},
                               {'data_type': 'stft',
                                'list_dir': 'patient_eog_mat_list.txt',
                                'mod': 'eog',
                                'num_ch': 1}],
             'dataloader_class': 'SleepDataLoader_mat_huy',
             'filter_windows': {'test': {'perc_threshold': 0.4,
                                         'skip_skips': True,
                                         'std_threshold': 41,
                                         'use_type': 'include_only_skipped',
                                         'whole_patient': False},
                                'train': {'perc_threshold': 0.4,
                                          'skip_skips': False,
                                          'std_threshold': 41,
                                          'subsets': {'combined': 100,
                                                      'eeg': 100,
                                                      'eog': 100},
                                          'use_type': 'subsample',
                                          'whole_patient': True},
                                'val': {'skip_skips': True,
                                        'use_type': False,
                                        'whole_patient': False}},
             'huy_data': True,
             'inner_overlap': [0.5, 0.5],
             'keep_view': [1, 0],
             'seq_length': [21, 0],
             'seq_views': [False],
             'shuffle_train': True},
 'early_stopping': {'log_interval': 10,
                    'max_epoch': 1000,
                    'n_steps_stop': 200,
                    'n_steps_stop_after': 400,
                    'save_every': 1,
                    'validate_after': 0,
                    'validate_every': 50},
 'exp_name': 'Sleep EEG-EOG BLIP Experiment',
 'lr_finder': False,
 'lr_finder_steps': 100,
 'mode': 'train',
 'model': {'args': {'augment_within': False,
                    'dmodel': 128,
                    'dropout': 0.3,
                    'fc_inner': 1024,
                    'ignore_alignment_val': True,
                    'multi_loss': {'multi_loss_weights': {'alignment_loss': 0.1,
                                                          'multi_supervised_loss': {'combined': 1,
                                                                                    'eeg': 1,
                                                                                    'eog': 1},
                                                          'order_loss': 0}},
                    'num_classes': 5,
                    'three_modes': True,
                    'training_type': 'alignment_order_multisupervised'},
           'encoders': [{'args': {'align_inner': True,
                                  'd_model': 128,
                                  'dim_feedforward': 1024,
                                  'dim_proj': 128,
                                  'dropout': 0.3,
                                  'inner_biased': False,
                                  'mod_token': False,
                                  'num_heads': 8,
                                  'num_layers': 4,
                                  'outer_biased': False,
                                  'outer_rep': False,
                                  'pos': False,
                                  'rpos': True,
                                  'shared': True,
                                  'skip_random_mod': False},
                         'encoders': [],
                         'freeze_encoder': False,
                         'model': 'SleepEnc_BLIP_EEG_EOG_shared_free_cliplike',
                         'pretrainedEncoder': {'dir': '', 'use': False},
                         'savetrainedEncoder': {'dir': '', 'save': False}}],
           'load_ongoing': False,
           'model_class': 'EEG_SLEEP_BLIP_GM_MultiMode',
           'pretrained_model': {'dir': '', 'use': False},
           'save_dir': '/esat/smcdata/users/kkontras/Image_Dataset/no_backup/data/2021_data/shhs1/multi_modal/paper_models/fourier_transformer_eeg_eog_mat_BLIP_al01_shared_b16_freetrain_rpos_nopos_nonsharedpreds_drop03_align_inner_trial1_incomplete_unsharedpreds_100p_100e_100o.pth.tar'},
 'normalization': {'calculate_metrics': False,
                   'dir': '/esat/biomeddata/SHHS_Dataset/no_backup/metrics_eeg_eog_emg_stft.pkl',
                   'metrics_type': 'train_dataset',
                   'save_metrics': False,
                   'use': True},
 'num_classes': 5,
 'num_modalities': 1,
 'optimizer': {'beta1': 0.9,
               'beta2': 0.999,
               'learning_rate': 0.0001,
               'momentum': 0.2,
               'type': 'Adam',
               'weight_decay': 0.0001},
 'plots': {'plot_stft_num': 0, 'save': False},
 'post_proc': {'post_proc_step': 15,
               'test_postprocessing': False,
               'val_postprocessing': False},
 'scheduler': {'max_lr': 0.03, 'type': 'cosanneal', 'warm_up': 55},
 'statistics': {'ce_weights': {'temp': 0.1, 'use': False}, 'print': False},
 'training_params': {'adversarial_training': {'adv_epsilon': 0.01,
                                              'use': False},
                     'async_loading': True,
                     'batch_size': 32,
                     'cuda': False,
                     'data_loader_workers': 8,
                     'gpu_device': [0],
                     'pin_memory': True,
                     'rec_test': False,
                     'res': True,
                     'seed': 28,
                     'tdqm_disable': True,
                     'test_batch_size': 32,
                     'test_on_tops': True,
                     'use_test_set': True,
                     'validation': True,
                     'verbose': True,
                     'wandb_disable': True}}
 *************************************** 
The experiment name is Sleep EEG-EOG BLIP Experiment
 *************************************** 
We are splitting dataset by huy splits
{'use_type': 'subsample', 'skip_skips': False, 'whole_patient': True, 'std_threshold': 41, 'perc_threshold': 0.4, 'subsets': {'combined': 100, 'eeg': 100, 'eog': 100}}
We subsample patients with 100 both mods, 100 only EEG and 100 only EOG and len_skipped is 298.
{'use_type': False, 'skip_skips': True, 'whole_patient': False}
{'use_type': 'include_only_skipped', 'skip_skips': True, 'whole_patient': False, 'std_threshold': 41, 'perc_threshold': 0.4}
Patients with broken modalities are 27
{'use_type': False, 'skip_skips': True}
Loading metrics from /esat/biomeddata/SHHS_Dataset/no_backup/metrics_eeg_eog_emg_stft.pkl
Weights are [1. 1. 1. 1. 1.]
440
50
9
tensor([1., 1., 1., 1., 1.], device='cuda:0')
We are not shuffling the data
Training function is sleep_train_one_step_alignment_order_multisupervised
Loss Weights are {'combined': 1, 'eeg': 1, 'eog': 1, 'alignments': 0.1, 'order': 0, 'consistency': 0, 'reconstruction': 0}
We are not shuffling the data
<class 'graphs.models.attention_models.BLIP.SleepEnc_BLIP_EEG_EOG_shared_free_cliplike'>
Total number of trainable parameters are: 10001935
Available cuda devices: 1, current device:0
Total number of trainable parameters are: 10001935
[37mEpoch 0 step 1 with [31mce_loss_combined : 1.101305 [31mce_loss_eeg : 1.347542 [31mce_loss_eog : 1.414471 [31mtotal : 3.863318 [94mAcc_combined: 59.12 [94mAcc_eeg: 59.44 [94mAcc_eog: 49.78 [92mF1_combined: 29.54 [92mF1_eeg: 28.99 [92mF1_eog: 23.11 [92mK_combined: 0.3727 [92mK_eeg: 0.3754 [92mK_eog: 0.1945 [34mF1_perclass_combined: [74.14, 0.0, 67.96, 5.58, 0.0] [34mF1_perclass_eeg: [77.21, 0.0, 67.26, 0.0, 0.47] [34mF1_perclass_eog: [54.1, 0.0, 61.47, 0.0, 0.0] 
[37mEpoch 0 step 2 with [31mce_loss_combined : 0.916281 [31mce_loss_eeg : 1.262344 [31mce_loss_eog : 1.362555 [31mtotal : 3.541180 [94mAcc_combined: 61.22 [94mAcc_eeg: 63.58 [94mAcc_eog: 55.00 [92mF1_combined: 49.36 [92mF1_eeg: 40.24 [92mF1_eog: 26.41 [92mK_combined: 0.4881 [92mK_eeg: 0.4651 [92mK_eog: 0.2984 [34mF1_perclass_combined: [79.31, 0.0, 50.96, 73.44, 43.09] [34mF1_perclass_eeg: [81.8, 0.0, 67.63, 0.0, 51.78] [34mF1_perclass_eog: [66.7, 0.0, 65.35, 0.0, 0.0] 
[37mEpoch 0 step 3 with [31mce_loss_combined : 0.905085 [31mce_loss_eeg : 1.247163 [31mce_loss_eog : 1.321717 [31mtotal : 3.473965 [94mAcc_combined: 60.21 [94mAcc_eeg: 63.38 [94mAcc_eog: 57.45 [92mF1_combined: 48.04 [92mF1_eeg: 40.44 [92mF1_eog: 28.08 [92mK_combined: 0.4658 [92mK_eeg: 0.4649 [92mK_eog: 0.3357 [34mF1_perclass_combined: [80.75, 0.0, 51.89, 58.3, 49.25] [34mF1_perclass_eeg: [83.27, 0.0, 67.46, 0.0, 51.49] [34mF1_perclass_eog: [74.8, 0.0, 65.59, 0.0, 0.0] 
[37mEpoch 0 step 4 with [31mce_loss_combined : 0.807184 [31mce_loss_eeg : 1.220771 [31mce_loss_eog : 1.306490 [31mtotal : 3.334445 [94mAcc_combined: 69.79 [94mAcc_eeg: 61.57 [94mAcc_eog: 57.40 [92mF1_combined: 50.00 [92mF1_eeg: 32.95 [92mF1_eog: 27.86 [92mK_combined: 0.5603 [92mK_eeg: 0.4050 [92mK_eog: 0.3380 [34mF1_perclass_combined: [84.64, 0.0, 70.91, 74.61, 19.85] [34mF1_perclass_eeg: [84.4, 0.0, 67.9, 0.0, 12.47] [34mF1_perclass_eog: [73.01, 0.0, 66.29, 0.0, 0.0] 
[37mEpoch 0 step 5 with [31mce_loss_combined : 0.746804 [31mce_loss_eeg : 1.203176 [31mce_loss_eog : 1.274810 [31mtotal : 3.224790 [94mAcc_combined: 73.28 [94mAcc_eeg: 65.84 [94mAcc_eog: 58.87 [92mF1_combined: 56.58 [92mF1_eeg: 42.09 [92mF1_eog: 28.52 [92mK_combined: 0.6155 [92mK_eeg: 0.4806 [92mK_eog: 0.3675 [34mF1_perclass_combined: [84.64, 0.0, 75.01, 72.42, 50.83] [34mF1_perclass_eeg: [85.28, 0.0, 70.5, 32.45, 22.19] [34mF1_perclass_eog: [74.41, 0.0, 67.85, 0.0, 0.34] 
[37mEpoch 0 step 6 with [31mce_loss_combined : 0.737918 [31mce_loss_eeg : 1.188420 [31mce_loss_eog : 1.291830 [31mtotal : 3.218168 [94mAcc_combined: 74.51 [94mAcc_eeg: 71.20 [94mAcc_eog: 56.25 [92mF1_combined: 58.06 [92mF1_eeg: 52.58 [92mF1_eog: 28.85 [92mK_combined: 0.6321 [92mK_eeg: 0.5767 [92mK_eog: 0.3429 [34mF1_perclass_combined: [84.26, 0.0, 76.47, 70.48, 59.08] [34mF1_perclass_eeg: [84.19, 0.0, 74.02, 60.74, 43.97] [34mF1_perclass_eog: [66.81, 0.0, 67.06, 1.86, 8.5] 
[37mEpoch 0 step 7 with [31mce_loss_combined : 0.772439 [31mce_loss_eeg : 1.188109 [31mce_loss_eog : 1.242614 [31mtotal : 3.203162 [94mAcc_combined: 72.81 [94mAcc_eeg: 73.00 [94mAcc_eog: 63.98 [92mF1_combined: 55.94 [92mF1_eeg: 55.41 [92mF1_eog: 41.35 [92mK_combined: 0.6100 [92mK_eeg: 0.6106 [92mK_eog: 0.4567 [34mF1_perclass_combined: [84.79, 0.0, 74.65, 70.63, 49.65] [34mF1_perclass_eeg: [85.56, 0.0, 74.7, 76.49, 40.32] [34mF1_perclass_eog: [75.2, 0.0, 70.42, 53.29, 7.81] 
[37mEpoch 1 step 9 with [31mce_loss_combined : 0.706187 [31mce_loss_eeg : 1.183006 [31mce_loss_eog : 1.226157 [31mtotal : 3.115350 [94mAcc_combined: 74.85 [94mAcc_eeg: 66.11 [94mAcc_eog: 64.08 [92mF1_combined: 57.93 [92mF1_eeg: 41.92 [92mF1_eog: 42.09 [92mK_combined: 0.6410 [92mK_eeg: 0.4914 [92mK_eog: 0.4682 [34mF1_perclass_combined: [84.95, 0.0, 76.09, 76.18, 52.45] [34mF1_perclass_eeg: [85.51, 0.0, 70.44, 2.81, 50.85] [34mF1_perclass_eog: [74.38, 0.0, 71.8, 18.99, 45.3] 
[37mEpoch 1 step 11 with [31mce_loss_combined : 0.670917 [31mce_loss_eeg : 1.161754 [31mce_loss_eog : 1.198913 [31mtotal : 3.031583 [94mAcc_combined: 76.45 [94mAcc_eeg: 71.52 [94mAcc_eog: 68.33 [92mF1_combined: 60.42 [92mF1_eeg: 54.35 [92mF1_eog: 49.32 [92mK_combined: 0.6687 [92mK_eeg: 0.5931 [92mK_eog: 0.5365 [34mF1_perclass_combined: [84.89, 0.0, 78.66, 68.65, 69.92] [34mF1_perclass_eeg: [86.11, 0.0, 73.66, 51.87, 60.13] [34mF1_perclass_eog: [73.6, 0.0, 74.94, 64.98, 33.11] 
[37mEpoch 1 step 13 with [31mce_loss_combined : 0.634498 [31mce_loss_eeg : 1.137628 [31mce_loss_eog : 1.160358 [31mtotal : 2.932484 [94mAcc_combined: 78.29 [94mAcc_eeg: 72.58 [94mAcc_eog: 73.05 [92mF1_combined: 61.46 [92mF1_eeg: 55.08 [92mF1_eog: 56.98 [92mK_combined: 0.6872 [92mK_eeg: 0.6040 [92mK_eog: 0.6082 [34mF1_perclass_combined: [86.93, 0.0, 79.52, 79.05, 61.81] [34mF1_perclass_eeg: [86.49, 0.0, 74.82, 54.67, 59.44] [34mF1_perclass_eog: [79.34, 0.0, 76.37, 64.83, 64.35] 
[37mEpoch 1 step 14 with [31mce_loss_combined : 0.631653 [31mce_loss_eeg : 1.127043 [31mce_loss_eog : 1.156430 [31mtotal : 2.915126 [94mAcc_combined: 78.58 [94mAcc_eeg: 75.26 [94mAcc_eog: 73.28 [92mF1_combined: 62.37 [92mF1_eeg: 59.40 [92mF1_eog: 58.65 [92mK_combined: 0.6927 [92mK_eeg: 0.6505 [92mK_eog: 0.6233 [34mF1_perclass_combined: [86.24, 0.0, 80.65, 74.12, 70.84] [34mF1_perclass_eeg: [86.55, 0.0, 76.69, 71.96, 61.78] [34mF1_perclass_eog: [77.42, 0.0, 76.11, 72.5, 67.2] 
[37mEpoch 1 step 16 with [31mce_loss_combined : 0.650076 [31mce_loss_eeg : 1.120955 [31mce_loss_eog : 1.138503 [31mtotal : 2.909534 [94mAcc_combined: 77.75 [94mAcc_eeg: 75.22 [94mAcc_eog: 74.43 [92mF1_combined: 62.75 [92mF1_eeg: 59.16 [92mF1_eog: 59.21 [92mK_combined: 0.6948 [92mK_eeg: 0.6475 [92mK_eog: 0.6384 [34mF1_perclass_combined: [85.23, 0.72, 78.5, 79.74, 69.59] [34mF1_perclass_eeg: [86.21, 0.0, 77.25, 71.85, 60.47] [34mF1_perclass_eog: [78.48, 0.0, 77.79, 70.26, 69.54] 
[37mEpoch 2 step 18 with [31mce_loss_combined : 0.622514 [31mce_loss_eeg : 1.113589 [31mce_loss_eog : 1.146395 [31mtotal : 2.882497 [94mAcc_combined: 78.78 [94mAcc_eeg: 76.33 [94mAcc_eog: 72.29 [92mF1_combined: 63.20 [92mF1_eeg: 59.71 [92mF1_eog: 56.86 [92mK_combined: 0.6969 [92mK_eeg: 0.6601 [92mK_eog: 0.6048 [34mF1_perclass_combined: [85.2, 0.93, 80.37, 76.13, 73.37] [34mF1_perclass_eeg: [86.62, 0.0, 78.17, 74.75, 59.01] [34mF1_perclass_eog: [78.16, 0.0, 75.71, 60.57, 69.88] 
[37mEpoch 2 step 21 with [31mce_loss_combined : 0.569006 [31mce_loss_eeg : 1.106189 [31mce_loss_eog : 1.132842 [31mtotal : 2.808038 [94mAcc_combined: 80.39 [94mAcc_eeg: 75.05 [94mAcc_eog: 73.93 [92mF1_combined: 64.36 [92mF1_eeg: 58.83 [92mF1_eog: 58.68 [92mK_combined: 0.7209 [92mK_eeg: 0.6455 [92mK_eog: 0.6252 [34mF1_perclass_combined: [87.72, 0.0, 81.04, 80.15, 72.89] [34mF1_perclass_eeg: [86.81, 0.0, 77.06, 66.77, 63.51] [34mF1_perclass_eog: [79.91, 0.0, 75.74, 73.22, 64.51] 
[37mEpoch 2 step 25 with [31mce_loss_combined : 0.614250 [31mce_loss_eeg : 1.088043 [31mce_loss_eog : 1.103939 [31mtotal : 2.806232 [94mAcc_combined: 79.61 [94mAcc_eeg: 77.48 [94mAcc_eog: 75.15 [92mF1_combined: 65.42 [92mF1_eeg: 61.97 [92mF1_eog: 59.49 [92mK_combined: 0.7192 [92mK_eeg: 0.6876 [92mK_eog: 0.6450 [34mF1_perclass_combined: [86.18, 5.53, 79.58, 79.28, 76.54] [34mF1_perclass_eeg: [85.53, 0.0, 78.16, 81.53, 64.64] [34mF1_perclass_eog: [80.06, 0.0, 78.24, 66.1, 73.06] 
[37mEpoch 3 step 27 with [31mce_loss_combined : 0.571383 [31mce_loss_eeg : 1.078976 [31mce_loss_eog : 1.117708 [31mtotal : 2.768067 [94mAcc_combined: 80.09 [94mAcc_eeg: 78.08 [94mAcc_eog: 72.84 [92mF1_combined: 66.53 [92mF1_eeg: 62.14 [92mF1_eog: 57.27 [92mK_combined: 0.7179 [92mK_eeg: 0.6924 [92mK_eog: 0.6128 [34mF1_perclass_combined: [86.36, 11.58, 82.0, 77.18, 75.52] [34mF1_perclass_eeg: [86.56, 0.0, 79.2, 81.6, 63.34] [34mF1_perclass_eog: [78.32, 0.0, 76.53, 60.92, 70.55] 
[37mEpoch 3 step 28 with [31mce_loss_combined : 0.535209 [31mce_loss_eeg : 1.076536 [31mce_loss_eog : 1.089911 [31mtotal : 2.701656 [94mAcc_combined: 81.47 [94mAcc_eeg: 78.21 [94mAcc_eog: 76.50 [92mF1_combined: 69.30 [92mF1_eeg: 62.55 [92mF1_eog: 61.45 [92mK_combined: 0.7401 [92mK_eeg: 0.6965 [92mK_eog: 0.6681 [34mF1_perclass_combined: [87.56, 18.62, 83.13, 78.12, 79.07] [34mF1_perclass_eeg: [86.6, 0.0, 79.26, 81.47, 65.44] [34mF1_perclass_eog: [80.79, 0.0, 78.67, 71.59, 76.18] 
[37mEpoch 4 step 37 with [31mce_loss_combined : 0.532401 [31mce_loss_eeg : 1.048550 [31mce_loss_eog : 1.072094 [31mtotal : 2.653045 [94mAcc_combined: 81.90 [94mAcc_eeg: 78.80 [94mAcc_eog: 76.75 [92mF1_combined: 68.11 [92mF1_eeg: 62.39 [92mF1_eog: 61.31 [92mK_combined: 0.7452 [92mK_eeg: 0.6990 [92mK_eog: 0.6699 [34mF1_perclass_combined: [86.23, 10.69, 83.41, 82.63, 77.58] [34mF1_perclass_eeg: [85.81, 0.0, 80.48, 81.84, 63.8] [34mF1_perclass_eog: [81.24, 0.0, 79.25, 69.39, 76.66] 
[37mEpoch 4 step 39 with [31mce_loss_combined : 0.531136 [31mce_loss_eeg : 1.038339 [31mce_loss_eog : 1.066401 [31mtotal : 2.635875 [94mAcc_combined: 80.72 [94mAcc_eeg: 79.28 [94mAcc_eog: 76.65 [92mF1_combined: 68.22 [92mF1_eeg: 63.64 [92mF1_eog: 61.54 [92mK_combined: 0.7329 [92mK_eeg: 0.7123 [92mK_eog: 0.6707 [34mF1_perclass_combined: [88.44, 13.37, 79.99, 79.0, 80.28] [34mF1_perclass_eeg: [86.69, 0.0, 80.01, 82.64, 68.87] [34mF1_perclass_eog: [81.28, 0.0, 78.26, 74.73, 73.44] 
[37mEpoch 4 step 41 with [31mce_loss_combined : 0.490092 [31mce_loss_eeg : 1.035656 [31mce_loss_eog : 1.049648 [31mtotal : 2.575397 [94mAcc_combined: 83.07 [94mAcc_eeg: 78.91 [94mAcc_eog: 78.00 [92mF1_combined: 68.40 [92mF1_eeg: 63.52 [92mF1_eog: 63.07 [92mK_combined: 0.7633 [92mK_eeg: 0.7092 [92mK_eog: 0.6915 [34mF1_perclass_combined: [88.61, 5.37, 83.7, 82.73, 81.62] [34mF1_perclass_eeg: [86.7, 0.0, 79.98, 82.25, 68.65] [34mF1_perclass_eog: [82.66, 0.0, 79.11, 74.58, 78.98] 
[37mEpoch 6 step 53 with [31mce_loss_combined : 0.508826 [31mce_loss_eeg : 1.007247 [31mce_loss_eog : 1.031518 [31mtotal : 2.547591 [94mAcc_combined: 83.17 [94mAcc_eeg: 79.86 [94mAcc_eog: 77.78 [92mF1_combined: 70.51 [92mF1_eeg: 64.14 [92mF1_eog: 62.53 [92mK_combined: 0.7652 [92mK_eeg: 0.7199 [92mK_eog: 0.6861 [34mF1_perclass_combined: [87.7, 15.29, 83.97, 84.01, 81.57] [34mF1_perclass_eeg: [86.78, 0.0, 80.78, 82.94, 70.19] [34mF1_perclass_eog: [81.63, 0.0, 79.76, 73.16, 78.08] 
[37mEpoch 6 step 57 with [31mce_loss_combined : 0.495187 [31mce_loss_eeg : 0.996089 [31mce_loss_eog : 1.013134 [31mtotal : 2.504411 [94mAcc_combined: 82.35 [94mAcc_eeg: 80.21 [94mAcc_eog: 78.97 [92mF1_combined: 69.90 [92mF1_eeg: 64.54 [92mF1_eog: 64.01 [92mK_combined: 0.7545 [92mK_eeg: 0.7248 [92mK_eog: 0.7026 [34mF1_perclass_combined: [88.7, 14.38, 81.95, 80.99, 83.47] [34mF1_perclass_eeg: [87.07, 0.0, 81.46, 83.41, 70.75] [34mF1_perclass_eog: [83.41, 0.0, 79.88, 75.75, 81.01] 
[37mEpoch 6 step 59 with [31mce_loss_combined : 0.453224 [31mce_loss_eeg : 0.996126 [31mce_loss_eog : 1.015296 [31mtotal : 2.464646 [94mAcc_combined: 84.55 [94mAcc_eeg: 79.94 [94mAcc_eog: 78.62 [92mF1_combined: 71.61 [92mF1_eeg: 64.47 [92mF1_eog: 63.35 [92mK_combined: 0.7823 [92mK_eeg: 0.7233 [92mK_eog: 0.6954 [34mF1_perclass_combined: [89.63, 15.25, 85.26, 83.65, 84.26] [34mF1_perclass_eeg: [87.09, 0.0, 81.09, 83.91, 70.24] [34mF1_perclass_eog: [83.3, 0.0, 80.03, 73.31, 80.1] 
[37mEpoch 7 step 65 with [31mce_loss_combined : 0.458857 [31mce_loss_eeg : 0.980127 [31mce_loss_eog : 1.016096 [31mtotal : 2.455081 [94mAcc_combined: 84.53 [94mAcc_eeg: 81.07 [94mAcc_eog: 78.22 [92mF1_combined: 74.31 [92mF1_eeg: 65.17 [92mF1_eog: 63.06 [92mK_combined: 0.7846 [92mK_eeg: 0.7348 [92mK_eog: 0.6941 [34mF1_perclass_combined: [89.34, 29.02, 85.42, 83.14, 84.63] [34mF1_perclass_eeg: [87.13, 0.06, 82.48, 83.26, 72.93] [34mF1_perclass_eog: [82.46, 0.0, 79.48, 72.95, 80.42] 
[37mEpoch 8 step 71 with [31mce_loss_combined : 0.459533 [31mce_loss_eeg : 0.972201 [31mce_loss_eog : 1.000615 [31mtotal : 2.432349 [94mAcc_combined: 84.44 [94mAcc_eeg: 80.97 [94mAcc_eog: 78.66 [92mF1_combined: 72.59 [92mF1_eeg: 65.26 [92mF1_eog: 63.26 [92mK_combined: 0.7818 [92mK_eeg: 0.7345 [92mK_eog: 0.6969 [34mF1_perclass_combined: [89.09, 20.26, 85.32, 83.17, 85.09] [34mF1_perclass_eeg: [87.45, 0.39, 82.19, 83.26, 72.99] [34mF1_perclass_eog: [83.67, 0.0, 80.08, 71.34, 81.2] 
[37mEpoch 8 step 74 with [31mce_loss_combined : 0.444571 [31mce_loss_eeg : 0.967035 [31mce_loss_eog : 0.994805 [31mtotal : 2.406411 [94mAcc_combined: 84.90 [94mAcc_eeg: 81.40 [94mAcc_eog: 79.23 [92mF1_combined: 74.40 [92mF1_eeg: 65.52 [92mF1_eog: 63.99 [92mK_combined: 0.7893 [92mK_eeg: 0.7396 [92mK_eog: 0.7074 [34mF1_perclass_combined: [89.57, 27.92, 85.8, 83.41, 85.28] [34mF1_perclass_eeg: [87.2, 0.17, 82.79, 83.58, 73.85] [34mF1_perclass_eog: [83.4, 0.0, 80.53, 74.59, 81.45] 
[37mEpoch 8 step 75 with [31mce_loss_combined : 0.442584 [31mce_loss_eeg : 0.966971 [31mce_loss_eog : 0.993153 [31mtotal : 2.402708 [94mAcc_combined: 84.89 [94mAcc_eeg: 81.41 [94mAcc_eog: 79.31 [92mF1_combined: 74.45 [92mF1_eeg: 65.54 [92mF1_eog: 64.10 [92mK_combined: 0.7896 [92mK_eeg: 0.7399 [92mK_eog: 0.7083 [34mF1_perclass_combined: [89.49, 27.83, 85.69, 83.82, 85.41] [34mF1_perclass_eeg: [87.21, 0.17, 82.72, 83.71, 73.89] [34mF1_perclass_eog: [83.41, 0.0, 80.58, 75.05, 81.48] 
[37mEpoch 10 step 89 with [31mce_loss_combined : 0.456326 [31mce_loss_eeg : 0.948260 [31mce_loss_eog : 0.979553 [31mtotal : 2.384139 [94mAcc_combined: 84.58 [94mAcc_eeg: 81.64 [94mAcc_eog: 79.15 [92mF1_combined: 72.65 [92mF1_eeg: 66.03 [92mF1_eog: 64.15 [92mK_combined: 0.7830 [92mK_eeg: 0.7423 [92mK_eog: 0.7040 [34mF1_perclass_combined: [88.96, 20.0, 85.61, 83.24, 85.44] [34mF1_perclass_eeg: [87.57, 1.85, 83.06, 82.81, 74.88] [34mF1_perclass_eog: [83.2, 0.0, 80.23, 75.23, 82.1] 
[37mEpoch 10 step 92 with [31mce_loss_combined : 0.449848 [31mce_loss_eeg : 0.945599 [31mce_loss_eog : 0.975304 [31mtotal : 2.370751 [94mAcc_combined: 84.72 [94mAcc_eeg: 81.83 [94mAcc_eog: 79.50 [92mF1_combined: 74.21 [92mF1_eeg: 66.22 [92mF1_eog: 64.33 [92mK_combined: 0.7876 [92mK_eeg: 0.7464 [92mK_eog: 0.7109 [34mF1_perclass_combined: [89.05, 26.98, 85.52, 83.92, 85.57] [34mF1_perclass_eeg: [87.64, 1.37, 82.88, 83.94, 75.28] [34mF1_perclass_eog: [83.44, 0.0, 80.76, 75.9, 81.56] 
[37mEpoch 10 step 93 with [31mce_loss_combined : 0.448279 [31mce_loss_eeg : 0.943875 [31mce_loss_eog : 0.973108 [31mtotal : 2.365262 [94mAcc_combined: 84.73 [94mAcc_eeg: 81.87 [94mAcc_eog: 79.59 [92mF1_combined: 73.68 [92mF1_eeg: 66.08 [92mF1_eog: 64.41 [92mK_combined: 0.7859 [92mK_eeg: 0.7448 [92mK_eog: 0.7112 [34mF1_perclass_combined: [88.99, 24.83, 85.79, 83.2, 85.55] [34mF1_perclass_eeg: [87.65, 1.21, 83.27, 83.08, 75.2] [34mF1_perclass_eog: [83.8, 0.0, 80.79, 75.64, 81.8] 
[37mEpoch 10 step 95 with [31mce_loss_combined : 0.447896 [31mce_loss_eeg : 0.945100 [31mce_loss_eog : 0.971873 [31mtotal : 2.364869 [94mAcc_combined: 84.72 [94mAcc_eeg: 81.80 [94mAcc_eog: 79.69 [92mF1_combined: 73.42 [92mF1_eeg: 66.09 [92mF1_eog: 64.52 [92mK_combined: 0.7856 [92mK_eeg: 0.7444 [92mK_eog: 0.7127 [34mF1_perclass_combined: [89.16, 23.91, 85.81, 82.68, 85.56] [34mF1_perclass_eeg: [87.83, 1.37, 83.18, 82.85, 75.22] [34mF1_perclass_eog: [83.96, 0.0, 80.78, 75.6, 82.26] 
[37mEpoch 12 step 109 with [31mce_loss_combined : 0.451800 [31mce_loss_eeg : 0.928695 [31mce_loss_eog : 0.954772 [31mtotal : 2.335267 [94mAcc_combined: 84.75 [94mAcc_eeg: 81.66 [94mAcc_eog: 79.53 [92mF1_combined: 70.89 [92mF1_eeg: 66.51 [92mF1_eog: 64.67 [92mK_combined: 0.7857 [92mK_eeg: 0.7421 [92mK_eog: 0.7119 [34mF1_perclass_combined: [89.71, 12.19, 85.99, 82.18, 84.38] [34mF1_perclass_eeg: [88.01, 4.35, 83.08, 82.0, 75.11] [34mF1_perclass_eog: [83.92, 0.0, 79.97, 76.22, 83.24] 
[37mEpoch 13 step 115 with [31mce_loss_combined : 0.446304 [31mce_loss_eeg : 0.911686 [31mce_loss_eog : 0.949589 [31mtotal : 2.307579 [94mAcc_combined: 85.13 [94mAcc_eeg: 82.45 [94mAcc_eog: 79.23 [92mF1_combined: 74.42 [92mF1_eeg: 67.74 [92mF1_eog: 63.68 [92mK_combined: 0.7919 [92mK_eeg: 0.7544 [92mK_eog: 0.7043 [34mF1_perclass_combined: [89.32, 26.18, 86.02, 83.79, 86.8] [34mF1_perclass_eeg: [88.29, 6.36, 83.64, 83.66, 76.77] [34mF1_perclass_eog: [84.36, 0.0, 80.61, 70.58, 82.84] 
[37mEpoch 13 step 118 with [31mce_loss_combined : 0.446362 [31mce_loss_eeg : 0.910894 [31mce_loss_eog : 0.944893 [31mtotal : 2.302150 [94mAcc_combined: 85.12 [94mAcc_eeg: 82.45 [94mAcc_eog: 79.62 [92mF1_combined: 75.05 [92mF1_eeg: 67.64 [92mF1_eog: 64.34 [92mK_combined: 0.7925 [92mK_eeg: 0.7550 [92mK_eog: 0.7109 [34mF1_perclass_combined: [89.09, 29.96, 86.05, 83.44, 86.72] [34mF1_perclass_eeg: [87.6, 5.51, 83.59, 84.21, 77.28] [34mF1_perclass_eog: [83.89, 0.0, 80.8, 73.94, 83.1] 
[37mEpoch 13 step 122 with [31mce_loss_combined : 0.445534 [31mce_loss_eeg : 0.903248 [31mce_loss_eog : 0.934600 [31mtotal : 2.283383 [94mAcc_combined: 85.34 [94mAcc_eeg: 82.76 [94mAcc_eog: 80.22 [92mF1_combined: 75.99 [92mF1_eeg: 68.23 [92mF1_eog: 64.90 [92mK_combined: 0.7967 [92mK_eeg: 0.7588 [92mK_eog: 0.7200 [34mF1_perclass_combined: [89.61, 33.26, 86.13, 84.32, 86.65] [34mF1_perclass_eeg: [88.54, 7.6, 83.89, 84.19, 76.91] [34mF1_perclass_eog: [84.76, 0.0, 81.23, 75.14, 83.36] 
[37mEpoch 14 step 124 with [31mce_loss_combined : 0.443121 [31mce_loss_eeg : 0.901626 [31mce_loss_eog : 0.933238 [31mtotal : 2.277984 [94mAcc_combined: 85.53 [94mAcc_eeg: 82.82 [94mAcc_eog: 80.21 [92mF1_combined: 74.85 [92mF1_eeg: 68.30 [92mF1_eog: 64.92 [92mK_combined: 0.7979 [92mK_eeg: 0.7598 [92mK_eog: 0.7201 [34mF1_perclass_combined: [89.73, 27.3, 86.41, 83.92, 86.87] [34mF1_perclass_eeg: [88.58, 7.41, 83.97, 83.86, 77.69] [34mF1_perclass_eog: [84.78, 0.0, 81.15, 75.04, 83.64] 
[37mEpoch 14 step 125 with [31mce_loss_combined : 0.442465 [31mce_loss_eeg : 0.899124 [31mce_loss_eog : 0.932738 [31mtotal : 2.274327 [94mAcc_combined: 85.59 [94mAcc_eeg: 82.98 [94mAcc_eog: 80.19 [92mF1_combined: 75.06 [92mF1_eeg: 68.36 [92mF1_eog: 64.94 [92mK_combined: 0.7985 [92mK_eeg: 0.7605 [92mK_eog: 0.7204 [34mF1_perclass_combined: [89.7, 28.39, 86.5, 83.68, 87.04] [34mF1_perclass_eeg: [88.65, 7.56, 84.22, 83.73, 77.66] [34mF1_perclass_eog: [84.74, 0.0, 81.08, 75.24, 83.63] 
[37mEpoch 14 step 128 with [31mce_loss_combined : 0.439671 [31mce_loss_eeg : 0.899139 [31mce_loss_eog : 0.930694 [31mtotal : 2.269504 [94mAcc_combined: 85.51 [94mAcc_eeg: 82.83 [94mAcc_eog: 80.35 [92mF1_combined: 75.56 [92mF1_eeg: 68.07 [92mF1_eog: 65.09 [92mK_combined: 0.7968 [92mK_eeg: 0.7578 [92mK_eog: 0.7214 [34mF1_perclass_combined: [89.71, 31.51, 86.48, 83.09, 87.02] [34mF1_perclass_eeg: [88.64, 7.03, 84.16, 82.14, 78.36] [34mF1_perclass_eog: [84.96, 0.0, 81.21, 75.54, 83.74] 
[37mEpoch 14 step 131 with [31mce_loss_combined : 0.437655 [31mce_loss_eeg : 0.899195 [31mce_loss_eog : 0.929299 [31mtotal : 2.266148 [94mAcc_combined: 85.45 [94mAcc_eeg: 82.87 [94mAcc_eog: 80.42 [92mF1_combined: 75.26 [92mF1_eeg: 68.13 [92mF1_eog: 65.14 [92mK_combined: 0.7971 [92mK_eeg: 0.7608 [92mK_eog: 0.7232 [34mF1_perclass_combined: [89.66, 29.32, 86.24, 84.03, 87.06] [34mF1_perclass_eeg: [88.85, 6.16, 83.9, 84.33, 77.42] [34mF1_perclass_eog: [85.06, 0.0, 81.24, 75.29, 84.12] 
[37mEpoch 15 step 133 with [31mce_loss_combined : 0.439510 [31mce_loss_eeg : 0.896587 [31mce_loss_eog : 0.928479 [31mtotal : 2.264576 [94mAcc_combined: 85.66 [94mAcc_eeg: 83.05 [94mAcc_eog: 80.45 [92mF1_combined: 75.47 [92mF1_eeg: 68.47 [92mF1_eog: 65.20 [92mK_combined: 0.7995 [92mK_eeg: 0.7627 [92mK_eog: 0.7237 [34mF1_perclass_combined: [89.85, 30.07, 86.53, 83.81, 87.1] [34mF1_perclass_eeg: [88.8, 7.32, 84.14, 83.95, 78.15] [34mF1_perclass_eog: [85.03, 0.0, 81.22, 75.59, 84.18] 
[37mEpoch 18 step 159 with [31mce_loss_combined : 0.457534 [31mce_loss_eeg : 0.866928 [31mce_loss_eog : 0.909580 [31mtotal : 2.234041 [94mAcc_combined: 85.26 [94mAcc_eeg: 82.82 [94mAcc_eog: 79.50 [92mF1_combined: 75.65 [92mF1_eeg: 69.46 [92mF1_eog: 63.92 [92mK_combined: 0.7938 [92mK_eeg: 0.7599 [92mK_eog: 0.7075 [34mF1_perclass_combined: [89.37, 32.23, 86.27, 83.37, 87.0] [34mF1_perclass_eeg: [88.82, 13.24, 83.97, 83.65, 77.64] [34mF1_perclass_eog: [85.01, 0.17, 80.62, 69.82, 83.98] 
[37mEpoch 18 step 160 with [31mce_loss_combined : 0.445223 [31mce_loss_eeg : 0.869896 [31mce_loss_eog : 0.910807 [31mtotal : 2.225926 [94mAcc_combined: 85.19 [94mAcc_eeg: 82.61 [94mAcc_eog: 79.49 [92mF1_combined: 74.90 [92mF1_eeg: 69.38 [92mF1_eog: 64.06 [92mK_combined: 0.7932 [92mK_eeg: 0.7579 [92mK_eog: 0.7109 [34mF1_perclass_combined: [90.35, 30.72, 86.1, 81.82, 85.5] [34mF1_perclass_eeg: [88.61, 13.66, 83.86, 83.71, 77.03] [34mF1_perclass_eog: [84.91, 0.06, 80.49, 72.71, 82.13] 
[37mEpoch 18 step 162 with [31mce_loss_combined : 0.434908 [31mce_loss_eeg : 0.871046 [31mce_loss_eog : 0.917748 [31mtotal : 2.223702 [94mAcc_combined: 85.22 [94mAcc_eeg: 82.43 [94mAcc_eog: 79.00 [92mF1_combined: 76.55 [92mF1_eeg: 69.46 [92mF1_eog: 63.63 [92mK_combined: 0.7939 [92mK_eeg: 0.7543 [92mK_eog: 0.7017 [34mF1_perclass_combined: [89.68, 36.9, 86.19, 82.98, 87.01] [34mF1_perclass_eeg: [87.56, 14.9, 83.82, 83.99, 77.05] [34mF1_perclass_eog: [82.93, 0.11, 80.7, 71.95, 82.47] 
[37mEpoch 18 step 166 with [31mce_loss_combined : 0.463965 [31mce_loss_eeg : 0.857707 [31mce_loss_eog : 0.893243 [31mtotal : 2.214915 [94mAcc_combined: 84.98 [94mAcc_eeg: 82.86 [94mAcc_eog: 80.42 [92mF1_combined: 73.90 [92mF1_eeg: 69.78 [92mF1_eog: 65.43 [92mK_combined: 0.7914 [92mK_eeg: 0.7589 [92mK_eog: 0.7243 [34mF1_perclass_combined: [89.53, 24.0, 85.59, 84.09, 86.26] [34mF1_perclass_eeg: [89.01, 15.58, 84.05, 84.07, 76.2] [34mF1_perclass_eog: [84.75, 0.72, 81.13, 76.65, 83.89] 
[37mEpoch 19 step 168 with [31mce_loss_combined : 0.436836 [31mce_loss_eeg : 0.853056 [31mce_loss_eog : 0.893147 [31mtotal : 2.183039 [94mAcc_combined: 85.58 [94mAcc_eeg: 83.11 [94mAcc_eog: 80.10 [92mF1_combined: 76.80 [92mF1_eeg: 70.74 [92mF1_eog: 65.11 [92mK_combined: 0.7990 [92mK_eeg: 0.7645 [92mK_eog: 0.7183 [34mF1_perclass_combined: [89.73, 36.56, 86.66, 83.86, 87.19] [34mF1_perclass_eeg: [89.24, 18.29, 84.22, 83.6, 78.35] [34mF1_perclass_eog: [84.65, 1.16, 80.99, 74.97, 83.81] 
[37mEpoch 19 step 175 with [31mce_loss_combined : 0.450682 [31mce_loss_eeg : 0.844902 [31mce_loss_eog : 0.883535 [31mtotal : 2.179119 [94mAcc_combined: 85.61 [94mAcc_eeg: 83.22 [94mAcc_eog: 80.44 [92mF1_combined: 75.02 [92mF1_eeg: 70.37 [92mF1_eog: 65.81 [92mK_combined: 0.7988 [92mK_eeg: 0.7631 [92mK_eog: 0.7261 [34mF1_perclass_combined: [89.74, 27.81, 86.51, 83.99, 87.07] [34mF1_perclass_eeg: [89.24, 17.21, 84.56, 83.25, 77.61] [34mF1_perclass_eog: [85.12, 2.08, 80.74, 77.2, 83.9] 
[37mEpoch 20 step 177 with [31mce_loss_combined : 0.441546 [31mce_loss_eeg : 0.843832 [31mce_loss_eog : 0.887023 [31mtotal : 2.172401 [94mAcc_combined: 85.78 [94mAcc_eeg: 83.17 [94mAcc_eog: 79.94 [92mF1_combined: 76.84 [92mF1_eeg: 71.33 [92mF1_eog: 65.55 [92mK_combined: 0.8006 [92mK_eeg: 0.7644 [92mK_eog: 0.7157 [34mF1_perclass_combined: [90.12, 36.79, 86.78, 83.53, 86.99] [34mF1_perclass_eeg: [89.13, 21.78, 84.33, 82.04, 79.36] [34mF1_perclass_eog: [84.15, 2.34, 80.38, 76.42, 84.48] 
[37mEpoch 20 step 184 with [31mce_loss_combined : 0.441270 [31mce_loss_eeg : 0.831997 [31mce_loss_eog : 0.870840 [31mtotal : 2.144108 [94mAcc_combined: 85.95 [94mAcc_eeg: 83.77 [94mAcc_eog: 80.94 [92mF1_combined: 77.13 [92mF1_eeg: 71.68 [92mF1_eog: 66.32 [92mK_combined: 0.8041 [92mK_eeg: 0.7732 [92mK_eog: 0.7328 [34mF1_perclass_combined: [89.95, 37.3, 86.74, 84.08, 87.57] [34mF1_perclass_eeg: [89.35, 20.57, 84.87, 84.58, 79.04] [34mF1_perclass_eog: [85.7, 3.02, 81.38, 76.97, 84.53] 
[37mEpoch 21 step 193 with [31mce_loss_combined : 0.443325 [31mce_loss_eeg : 0.824523 [31mce_loss_eog : 0.864411 [31mtotal : 2.132260 [94mAcc_combined: 85.90 [94mAcc_eeg: 83.94 [94mAcc_eog: 80.99 [92mF1_combined: 76.84 [92mF1_eeg: 71.82 [92mF1_eog: 66.51 [92mK_combined: 0.8027 [92mK_eeg: 0.7749 [92mK_eog: 0.7314 [34mF1_perclass_combined: [89.99, 36.0, 86.73, 84.14, 87.32] [34mF1_perclass_eeg: [89.58, 20.62, 84.99, 84.62, 79.3] [34mF1_perclass_eog: [85.84, 3.9, 81.49, 76.35, 84.97] 
[37mEpoch 22 step 198 with [31mce_loss_combined : 0.442113 [31mce_loss_eeg : 0.820565 [31mce_loss_eog : 0.863505 [31mtotal : 2.126183 [94mAcc_combined: 85.78 [94mAcc_eeg: 84.15 [94mAcc_eog: 80.99 [92mF1_combined: 77.91 [92mF1_eeg: 72.44 [92mF1_eog: 66.31 [92mK_combined: 0.8023 [92mK_eeg: 0.7786 [92mK_eog: 0.7311 [34mF1_perclass_combined: [89.96, 41.97, 86.33, 84.06, 87.21] [34mF1_perclass_eeg: [89.8, 22.46, 85.05, 84.5, 80.36] [34mF1_perclass_eog: [85.81, 3.28, 81.65, 76.12, 84.67] 
[37mEpoch 22 step 202 with [31mce_loss_combined : 0.435489 [31mce_loss_eeg : 0.818768 [31mce_loss_eog : 0.860749 [31mtotal : 2.115006 [94mAcc_combined: 86.09 [94mAcc_eeg: 84.18 [94mAcc_eog: 81.11 [92mF1_combined: 77.69 [92mF1_eeg: 72.48 [92mF1_eog: 66.68 [92mK_combined: 0.8058 [92mK_eeg: 0.7784 [92mK_eog: 0.7328 [34mF1_perclass_combined: [90.2, 39.68, 86.91, 84.06, 87.62] [34mF1_perclass_eeg: [89.67, 22.75, 85.21, 84.65, 80.09] [34mF1_perclass_eog: [86.08, 4.68, 81.67, 75.78, 85.22] 
[37mEpoch 26 step 236 with [31mce_loss_combined : 0.455611 [31mce_loss_eeg : 0.803121 [31mce_loss_eog : 0.848142 [31mtotal : 2.106874 [94mAcc_combined: 85.59 [94mAcc_eeg: 83.64 [94mAcc_eog: 80.48 [92mF1_combined: 77.11 [92mF1_eeg: 73.43 [92mF1_eog: 66.94 [92mK_combined: 0.7998 [92mK_eeg: 0.7724 [92mK_eog: 0.7234 [34mF1_perclass_combined: [89.81, 39.04, 86.64, 84.07, 86.01] [34mF1_perclass_eeg: [89.24, 29.95, 84.98, 84.31, 78.69] [34mF1_perclass_eog: [85.37, 9.83, 81.63, 73.83, 84.02] 
[37mEpoch 27 step 241 with [31mce_loss_combined : 0.457836 [31mce_loss_eeg : 0.800109 [31mce_loss_eog : 0.848323 [31mtotal : 2.106268 [94mAcc_combined: 84.91 [94mAcc_eeg: 83.28 [94mAcc_eog: 80.18 [92mF1_combined: 74.13 [92mF1_eeg: 72.00 [92mF1_eog: 66.63 [92mK_combined: 0.7864 [92mK_eeg: 0.7644 [92mK_eog: 0.7221 [34mF1_perclass_combined: [89.75, 28.29, 85.81, 79.95, 86.88] [34mF1_perclass_eeg: [88.87, 24.75, 84.43, 82.28, 79.68] [34mF1_perclass_eog: [84.6, 7.67, 80.69, 76.06, 84.14] 
[37mEpoch 27 step 244 with [31mce_loss_combined : 0.452304 [31mce_loss_eeg : 0.796062 [31mce_loss_eog : 0.842190 [31mtotal : 2.090555 [94mAcc_combined: 85.95 [94mAcc_eeg: 83.38 [94mAcc_eog: 80.37 [92mF1_combined: 76.97 [92mF1_eeg: 73.05 [92mF1_eog: 67.45 [92mK_combined: 0.8034 [92mK_eeg: 0.7655 [92mK_eog: 0.7223 [34mF1_perclass_combined: [90.11, 36.56, 86.8, 84.48, 86.91] [34mF1_perclass_eeg: [88.74, 29.73, 84.74, 83.54, 78.49] [34mF1_perclass_eog: [84.84, 11.59, 81.38, 76.55, 82.9] 
[37mEpoch 27 step 245 with [31mce_loss_combined : 0.453361 [31mce_loss_eeg : 0.783755 [31mce_loss_eog : 0.839270 [31mtotal : 2.076386 [94mAcc_combined: 85.72 [94mAcc_eeg: 84.18 [94mAcc_eog: 80.32 [92mF1_combined: 77.53 [92mF1_eeg: 74.39 [92mF1_eog: 67.33 [92mK_combined: 0.8024 [92mK_eeg: 0.7797 [92mK_eog: 0.7203 [34mF1_perclass_combined: [89.95, 40.43, 86.49, 84.53, 86.26] [34mF1_perclass_eeg: [89.52, 32.89, 85.28, 83.97, 80.3] [34mF1_perclass_eog: [85.18, 12.25, 81.4, 73.31, 84.53] 
[37mEpoch 28 step 253 with [31mce_loss_combined : 0.451539 [31mce_loss_eeg : 0.782273 [31mce_loss_eog : 0.831439 [31mtotal : 2.065251 [94mAcc_combined: 85.87 [94mAcc_eeg: 83.65 [94mAcc_eog: 80.39 [92mF1_combined: 77.57 [92mF1_eeg: 74.15 [92mF1_eog: 67.85 [92mK_combined: 0.8038 [92mK_eeg: 0.7726 [92mK_eog: 0.7223 [34mF1_perclass_combined: [89.97, 38.85, 87.05, 84.72, 87.25] [34mF1_perclass_eeg: [88.72, 33.05, 85.12, 84.88, 78.97] [34mF1_perclass_eog: [85.11, 13.71, 81.28, 74.63, 84.52] 
[37mEpoch 29 step 256 with [31mce_loss_combined : 0.427252 [31mce_loss_eeg : 0.781074 [31mce_loss_eog : 0.821536 [31mtotal : 2.029862 [94mAcc_combined: 86.16 [94mAcc_eeg: 83.31 [94mAcc_eog: 80.87 [92mF1_combined: 78.54 [92mF1_eeg: 74.18 [92mF1_eog: 68.34 [92mK_combined: 0.8080 [92mK_eeg: 0.7694 [92mK_eog: 0.7303 [34mF1_perclass_combined: [90.24, 43.02, 87.1, 84.6, 87.74] [34mF1_perclass_eeg: [89.81, 35.18, 84.15, 83.35, 78.42] [34mF1_perclass_eog: [85.85, 14.25, 81.62, 75.33, 84.67] 
[37mEpoch 29 step 263 with [31mce_loss_combined : 0.440336 [31mce_loss_eeg : 0.774142 [31mce_loss_eog : 0.815383 [31mtotal : 2.029861 [94mAcc_combined: 85.96 [94mAcc_eeg: 83.30 [94mAcc_eog: 80.84 [92mF1_combined: 76.12 [92mF1_eeg: 73.17 [92mF1_eog: 68.19 [92mK_combined: 0.8032 [92mK_eeg: 0.7638 [92mK_eog: 0.7320 [34mF1_perclass_combined: [90.33, 31.75, 86.77, 84.01, 87.76] [34mF1_perclass_eeg: [89.44, 31.66, 84.72, 81.57, 78.46] [34mF1_perclass_eog: [85.73, 12.28, 81.09, 77.26, 84.6] 
[37mEpoch 30 step 265 with [31mce_loss_combined : 0.431850 [31mce_loss_eeg : 0.770044 [31mce_loss_eog : 0.825492 [31mtotal : 2.027386 [94mAcc_combined: 86.17 [94mAcc_eeg: 83.42 [94mAcc_eog: 80.07 [92mF1_combined: 77.88 [92mF1_eeg: 74.19 [92mF1_eog: 67.76 [92mK_combined: 0.8062 [92mK_eeg: 0.7689 [92mK_eog: 0.7179 [34mF1_perclass_combined: [90.66, 41.15, 87.26, 83.38, 86.93] [34mF1_perclass_eeg: [89.38, 35.44, 84.32, 81.68, 80.14] [34mF1_perclass_eog: [84.41, 12.46, 80.34, 76.79, 84.81] 
[37mEpoch 30 step 272 with [31mce_loss_combined : 0.438733 [31mce_loss_eeg : 0.749483 [31mce_loss_eog : 0.803828 [31mtotal : 1.992044 [94mAcc_combined: 86.23 [94mAcc_eeg: 84.50 [94mAcc_eog: 81.07 [92mF1_combined: 77.33 [92mF1_eeg: 74.84 [92mF1_eog: 68.94 [92mK_combined: 0.8074 [92mK_eeg: 0.7840 [92mK_eog: 0.7356 [34mF1_perclass_combined: [90.6, 37.51, 87.11, 83.99, 87.42] [34mF1_perclass_eeg: [89.83, 33.66, 85.51, 84.49, 80.73] [34mF1_perclass_eog: [86.02, 15.97, 81.59, 76.52, 84.6] 
[37mEpoch 32 step 282 with [31mce_loss_combined : 0.442480 [31mce_loss_eeg : 0.739952 [31mce_loss_eog : 0.798139 [31mtotal : 1.980570 [94mAcc_combined: 86.03 [94mAcc_eeg: 84.42 [94mAcc_eog: 80.73 [92mF1_combined: 77.96 [92mF1_eeg: 74.84 [92mF1_eog: 68.25 [92mK_combined: 0.8042 [92mK_eeg: 0.7812 [92mK_eog: 0.7272 [34mF1_perclass_combined: [90.46, 41.93, 86.99, 82.87, 87.55] [34mF1_perclass_eeg: [90.0, 34.64, 85.45, 82.46, 81.66] [34mF1_perclass_eog: [86.15, 15.69, 81.68, 72.95, 84.77] 
[37mEpoch 33 step 291 with [31mce_loss_combined : 0.445327 [31mce_loss_eeg : 0.726458 [31mce_loss_eog : 0.794074 [31mtotal : 1.965860 [94mAcc_combined: 86.06 [94mAcc_eeg: 84.96 [94mAcc_eog: 80.44 [92mF1_combined: 78.17 [92mF1_eeg: 75.49 [92mF1_eog: 68.41 [92mK_combined: 0.8057 [92mK_eeg: 0.7899 [92mK_eog: 0.7228 [34mF1_perclass_combined: [90.25, 42.37, 86.87, 83.64, 87.7] [34mF1_perclass_eeg: [90.23, 34.78, 85.82, 84.17, 82.43] [34mF1_perclass_eog: [86.17, 18.67, 81.61, 71.07, 84.55] 
[37mEpoch 33 step 299 with [31mce_loss_combined : 0.453650 [31mce_loss_eeg : 0.726516 [31mce_loss_eog : 0.779744 [31mtotal : 1.959911 [94mAcc_combined: 86.13 [94mAcc_eeg: 84.61 [94mAcc_eog: 81.32 [92mF1_combined: 77.63 [92mF1_eeg: 75.84 [92mF1_eog: 68.89 [92mK_combined: 0.8060 [92mK_eeg: 0.7852 [92mK_eog: 0.7371 [34mF1_perclass_combined: [90.46, 39.89, 87.03, 83.14, 87.65] [34mF1_perclass_eeg: [89.91, 38.27, 85.64, 82.96, 82.43] [34mF1_perclass_eog: [86.36, 14.95, 82.02, 76.56, 84.57] 
[37mEpoch 34 step 300 with [31mce_loss_combined : 0.444748 [31mce_loss_eeg : 0.723247 [31mce_loss_eog : 0.782487 [31mtotal : 1.950482 [94mAcc_combined: 86.07 [94mAcc_eeg: 84.74 [94mAcc_eog: 81.01 [92mF1_combined: 78.55 [92mF1_eeg: 75.91 [92mF1_eog: 69.32 [92mK_combined: 0.8070 [92mK_eeg: 0.7881 [92mK_eog: 0.7325 [34mF1_perclass_combined: [90.38, 43.75, 86.76, 84.2, 87.65] [34mF1_perclass_eeg: [90.2, 37.48, 85.54, 84.34, 81.98] [34mF1_perclass_eog: [86.51, 19.63, 81.87, 73.86, 84.7] 
[37mEpoch 35 step 309 with [31mce_loss_combined : 0.450020 [31mce_loss_eeg : 0.724574 [31mce_loss_eog : 0.774256 [31mtotal : 1.948849 [94mAcc_combined: 86.14 [94mAcc_eeg: 84.31 [94mAcc_eog: 81.31 [92mF1_combined: 78.12 [92mF1_eeg: 75.56 [92mF1_eog: 69.59 [92mK_combined: 0.8064 [92mK_eeg: 0.7812 [92mK_eog: 0.7362 [34mF1_perclass_combined: [90.46, 42.33, 87.13, 83.39, 87.32] [34mF1_perclass_eeg: [89.93, 38.28, 85.18, 82.42, 81.96] [34mF1_perclass_eog: [86.33, 18.38, 81.97, 76.03, 85.25] 
[37mEpoch 35 step 316 with [31mce_loss_combined : 0.445421 [31mce_loss_eeg : 0.720853 [31mce_loss_eog : 0.767826 [31mtotal : 1.934100 [94mAcc_combined: 85.82 [94mAcc_eeg: 84.41 [94mAcc_eog: 81.55 [92mF1_combined: 77.56 [92mF1_eeg: 75.04 [92mF1_eog: 70.53 [92mK_combined: 0.8032 [92mK_eeg: 0.7829 [92mK_eog: 0.7430 [34mF1_perclass_combined: [90.7, 39.63, 86.23, 83.46, 87.78] [34mF1_perclass_eeg: [89.78, 34.32, 85.2, 84.38, 81.52] [34mF1_perclass_eog: [86.75, 21.34, 81.85, 77.63, 85.09] 
[37mEpoch 36 step 325 with [31mce_loss_combined : 0.441712 [31mce_loss_eeg : 0.713362 [31mce_loss_eog : 0.764821 [31mtotal : 1.919896 [94mAcc_combined: 86.31 [94mAcc_eeg: 84.76 [94mAcc_eog: 81.59 [92mF1_combined: 77.92 [92mF1_eeg: 75.61 [92mF1_eog: 70.31 [92mK_combined: 0.8094 [92mK_eeg: 0.7883 [92mK_eog: 0.7421 [34mF1_perclass_combined: [90.71, 39.58, 87.1, 84.19, 88.04] [34mF1_perclass_eeg: [89.96, 35.51, 85.7, 84.87, 82.0] [34mF1_perclass_eog: [86.76, 20.34, 82.05, 77.25, 85.16] 
[37mEpoch 37 step 330 with [31mce_loss_combined : 0.442760 [31mce_loss_eeg : 0.706676 [31mce_loss_eog : 0.763079 [31mtotal : 1.912515 [94mAcc_combined: 85.87 [94mAcc_eeg: 85.07 [94mAcc_eog: 81.49 [92mF1_combined: 78.38 [92mF1_eeg: 76.35 [92mF1_eog: 69.88 [92mK_combined: 0.8043 [92mK_eeg: 0.7922 [92mK_eog: 0.7394 [34mF1_perclass_combined: [90.1, 43.63, 86.47, 84.21, 87.48] [34mF1_perclass_eeg: [90.49, 38.23, 85.84, 84.7, 82.49] [34mF1_perclass_eog: [86.77, 19.07, 82.06, 76.73, 84.76] 
[37mEpoch 38 step 339 with [31mce_loss_combined : 0.442297 [31mce_loss_eeg : 0.705973 [31mce_loss_eog : 0.758710 [31mtotal : 1.906980 [94mAcc_combined: 86.11 [94mAcc_eeg: 84.87 [94mAcc_eog: 81.66 [92mF1_combined: 78.33 [92mF1_eeg: 76.01 [92mF1_eog: 70.20 [92mK_combined: 0.8063 [92mK_eeg: 0.7882 [92mK_eog: 0.7416 [34mF1_perclass_combined: [90.29, 42.92, 86.98, 84.0, 87.44] [34mF1_perclass_eeg: [90.16, 37.59, 85.86, 83.94, 82.49] [34mF1_perclass_eog: [87.0, 20.25, 82.27, 76.25, 85.24] 
[37mEpoch 45 step 400 with [31mce_loss_combined : 0.448779 [31mce_loss_eeg : 0.691755 [31mce_loss_eog : 0.761136 [31mtotal : 1.901670 [94mAcc_combined: 85.08 [94mAcc_eeg: 84.57 [94mAcc_eog: 80.78 [92mF1_combined: 78.30 [92mF1_eeg: 76.58 [92mF1_eog: 69.60 [92mK_combined: 0.7954 [92mK_eeg: 0.7868 [92mK_eog: 0.7309 [34mF1_perclass_combined: [90.61, 45.77, 85.22, 82.31, 87.61] [34mF1_perclass_eeg: [90.12, 40.6, 85.33, 84.76, 82.08] [34mF1_perclass_eog: [85.23, 20.02, 81.55, 76.81, 84.38] 
[37mEpoch 45 step 404 with [31mce_loss_combined : 0.428753 [31mce_loss_eeg : 0.687127 [31mce_loss_eog : 0.746449 [31mtotal : 1.862329 [94mAcc_combined: 86.36 [94mAcc_eeg: 84.78 [94mAcc_eog: 81.25 [92mF1_combined: 77.79 [92mF1_eeg: 75.92 [92mF1_eog: 69.95 [92mK_combined: 0.8096 [92mK_eeg: 0.7890 [92mK_eog: 0.7385 [34mF1_perclass_combined: [91.24, 39.74, 87.27, 83.63, 87.06] [34mF1_perclass_eeg: [90.12, 37.35, 85.59, 84.82, 81.73] [34mF1_perclass_eog: [86.37, 20.27, 81.82, 77.14, 84.16] 
[37mEpoch 49 step 433 with [31mce_loss_combined : 0.440877 [31mce_loss_eeg : 0.666771 [31mce_loss_eog : 0.730955 [31mtotal : 1.838603 [94mAcc_combined: 85.78 [94mAcc_eeg: 84.55 [94mAcc_eog: 80.94 [92mF1_combined: 76.95 [92mF1_eeg: 76.04 [92mF1_eog: 69.70 [92mK_combined: 0.8024 [92mK_eeg: 0.7853 [92mK_eog: 0.7346 [34mF1_perclass_combined: [90.12, 37.77, 86.63, 83.72, 86.52] [34mF1_perclass_eeg: [90.2, 39.49, 85.26, 84.57, 80.67] [34mF1_perclass_eog: [86.31, 20.76, 81.64, 76.47, 83.3] 
[37mEpoch 50 step 448 with [31mce_loss_combined : 0.437275 [31mce_loss_eeg : 0.659339 [31mce_loss_eog : 0.707459 [31mtotal : 1.804074 [94mAcc_combined: 86.16 [94mAcc_eeg: 84.48 [94mAcc_eog: 81.45 [92mF1_combined: 77.85 [92mF1_eeg: 75.53 [92mF1_eog: 71.07 [92mK_combined: 0.8077 [92mK_eeg: 0.7853 [92mK_eog: 0.7418 [34mF1_perclass_combined: [90.97, 40.57, 87.06, 83.72, 86.91] [34mF1_perclass_eeg: [89.86, 37.02, 85.57, 84.82, 80.36] [34mF1_perclass_eog: [86.84, 24.38, 81.69, 77.33, 85.09] 
[37mEpoch 57 step 509 with [31mce_loss_combined : 0.488298 [31mce_loss_eeg : 0.622356 [31mce_loss_eog : 0.685902 [31mtotal : 1.796556 [94mAcc_combined: 85.76 [94mAcc_eeg: 84.40 [94mAcc_eog: 81.01 [92mF1_combined: 78.21 [92mF1_eeg: 76.10 [92mF1_eog: 70.76 [92mK_combined: 0.8025 [92mK_eeg: 0.7841 [92mK_eog: 0.7328 [34mF1_perclass_combined: [90.23, 43.45, 86.68, 83.61, 87.07] [34mF1_perclass_eeg: [90.01, 39.59, 85.37, 84.3, 81.24] [34mF1_perclass_eog: [86.86, 27.52, 82.22, 72.57, 84.65] 
[37mEpoch 59 step 521 with [31mce_loss_combined : 0.496494 [31mce_loss_eeg : 0.614603 [31mce_loss_eog : 0.670668 [31mtotal : 1.781765 [94mAcc_combined: 86.07 [94mAcc_eeg: 84.56 [94mAcc_eog: 81.62 [92mF1_combined: 78.22 [92mF1_eeg: 76.56 [92mF1_eog: 71.60 [92mK_combined: 0.8066 [92mK_eeg: 0.7863 [92mK_eog: 0.7441 [34mF1_perclass_combined: [90.55, 42.69, 86.72, 83.85, 87.29] [34mF1_perclass_eeg: [90.31, 41.12, 85.22, 84.64, 81.51] [34mF1_perclass_eog: [87.11, 27.46, 82.17, 76.42, 84.85] 
[37mEpoch 81 step 717 with [31mce_loss_combined : 0.431450 [31mce_loss_eeg : 0.621869 [31mce_loss_eog : 0.654200 [31mtotal : 1.707519 [94mAcc_combined: 85.75 [94mAcc_eeg: 82.93 [94mAcc_eog: 81.16 [92mF1_combined: 76.75 [92mF1_eeg: 73.35 [92mF1_eog: 70.38 [92mK_combined: 0.8016 [92mK_eeg: 0.7643 [92mK_eog: 0.7371 [34mF1_perclass_combined: [90.46, 36.23, 86.15, 83.88, 87.04] [34mF1_perclass_eeg: [89.09, 32.03, 83.43, 84.49, 77.71] [34mF1_perclass_eog: [86.2, 22.87, 81.64, 76.65, 84.55] 
[37mEpoch 81 step 719 with [31mce_loss_combined : 0.446691 [31mce_loss_eeg : 0.590856 [31mce_loss_eog : 0.656214 [31mtotal : 1.693761 [94mAcc_combined: 86.03 [94mAcc_eeg: 84.28 [94mAcc_eog: 80.95 [92mF1_combined: 78.15 [92mF1_eeg: 75.91 [92mF1_eog: 70.45 [92mK_combined: 0.8056 [92mK_eeg: 0.7823 [92mK_eog: 0.7319 [34mF1_perclass_combined: [90.22, 42.22, 87.01, 83.82, 87.49] [34mF1_perclass_eeg: [89.41, 39.04, 85.19, 84.88, 81.03] [34mF1_perclass_eog: [86.68, 25.91, 82.02, 73.21, 84.41] 
{'val_loss': {'ce_loss_combined': 0.4466912, 'ce_loss_eeg': 0.5908559, 'ce_loss_eog': 0.65621406, 'total': 1.693761}, 'val_acc': {'combined': 0.8603427135978947, 'eeg': 0.8427983292961313, 'eog': 0.8095437463241525}, 'val_f1': {'combined': 0.7815066382869255, 'eeg': 0.7591313057116731, 'eog': 0.7044556097310555}, 'val_k': {'combined': 0.8055577509987424, 'eeg': 0.7822758673299596, 'eog': 0.7319361328319586}, 'val_perclassf1': {'combined': array([0.90217612, 0.42215707, 0.87013051, 0.8382037 , 0.87486579]), 'eeg': array([0.89414434, 0.39042821, 0.8518908 , 0.84884714, 0.81034604]), 'eog': array([0.86680474, 0.25906542, 0.82022245, 0.73209137, 0.84409406])}}
We are in the final state.
Job finished
