000 (643.004.000) 2023-01-06 15:15:29 Job submitted from host: <10.87.28.151:9618?addrs=10.87.28.151-9618&alias=brigand.esat.kuleuven.be&noUDP&sock=schedd_2187_adb6>
...
001 (643.004.000) 2023-01-07 21:56:32 Job executing on host: <10.87.24.51:9618?addrs=10.87.24.51-9618&alias=spchcl18.esat.kuleuven.be&noUDP&sock=startd_3964_8d81>
...
006 (643.004.000) 2023-01-07 21:56:41 Image size of job updated: 5520
	5  -  MemoryUsage of job (MB)
	4376  -  ResidentSetSize of job (KB)
...
006 (643.004.000) 2023-01-07 22:01:42 Image size of job updated: 431218284
	10148  -  MemoryUsage of job (MB)
	10391052  -  ResidentSetSize of job (KB)
...
006 (643.004.000) 2023-01-07 22:06:43 Image size of job updated: 432660920
	10148  -  MemoryUsage of job (MB)
	10391052  -  ResidentSetSize of job (KB)
...
006 (643.004.000) 2023-01-07 22:11:43 Image size of job updated: 470604232
	10148  -  MemoryUsage of job (MB)
	10391052  -  ResidentSetSize of job (KB)
...
006 (643.004.000) 2023-01-07 22:16:44 Image size of job updated: 473006472
	10148  -  MemoryUsage of job (MB)
	10391052  -  ResidentSetSize of job (KB)
...
006 (643.004.000) 2023-01-07 22:31:46 Image size of job updated: 473947984
	10148  -  MemoryUsage of job (MB)
	10391052  -  ResidentSetSize of job (KB)
...
006 (643.004.000) 2023-01-07 22:36:47 Image size of job updated: 473949200
	10148  -  MemoryUsage of job (MB)
	10391052  -  ResidentSetSize of job (KB)
...
006 (643.004.000) 2023-01-07 23:11:51 Image size of job updated: 475314328
	10148  -  MemoryUsage of job (MB)
	10391052  -  ResidentSetSize of job (KB)
...
006 (643.004.000) 2023-01-07 23:26:52 Image size of job updated: 476038952
	10148  -  MemoryUsage of job (MB)
	10391052  -  ResidentSetSize of job (KB)
...
006 (643.004.000) 2023-01-07 23:31:53 Image size of job updated: 476161284
	10148  -  MemoryUsage of job (MB)
	10391052  -  ResidentSetSize of job (KB)
...
006 (643.004.000) 2023-01-07 23:36:53 Image size of job updated: 476979752
	10148  -  MemoryUsage of job (MB)
	10391052  -  ResidentSetSize of job (KB)
...
006 (643.004.000) 2023-01-08 00:41:59 Image size of job updated: 477071004
	10148  -  MemoryUsage of job (MB)
	10391052  -  ResidentSetSize of job (KB)
...
006 (643.004.000) 2023-01-08 02:52:13 Image size of job updated: 477168252
	10148  -  MemoryUsage of job (MB)
	10391052  -  ResidentSetSize of job (KB)
...
006 (643.004.000) 2023-01-08 05:07:27 Image size of job updated: 477212824
	10148  -  MemoryUsage of job (MB)
	10391052  -  ResidentSetSize of job (KB)
...
006 (643.004.000) 2023-01-08 10:38:04 Image size of job updated: 477215488
	10148  -  MemoryUsage of job (MB)
	10391052  -  ResidentSetSize of job (KB)
...
006 (643.004.000) 2023-01-08 11:48:09 Image size of job updated: 477216848
	10148  -  MemoryUsage of job (MB)
	10391052  -  ResidentSetSize of job (KB)
...
005 (643.004.000) 2023-01-08 13:33:59 Job terminated.
	(1) Normal termination (return value 0)
		Usr 1 20:33:39, Sys 0 19:56:40  -  Run Remote Usage
		Usr 0 00:00:00, Sys 0 00:00:00  -  Run Local Usage
		Usr 1 20:33:39, Sys 0 19:56:40  -  Total Remote Usage
		Usr 0 00:00:00, Sys 0 00:00:00  -  Total Local Usage
	0  -  Run Bytes Sent By Job
	0  -  Run Bytes Received By Job
	0  -  Total Bytes Sent By Job
	0  -  Total Bytes Received By Job
	Partitionable Resources :    Usage  Request Allocated Assigned
	   Cpus                 :     5.29       16        16 
	   Disk (KB)            :     1           1    275681 
	   Gpus (Average)       :     0.48        1         1 "CUDA0"
	   GpusMemory (MB)      :  6879                       
	   Memory (MB)          : 10148       16384     16384 

	Job terminated of its own accord at 2023-01-08T12:33:59Z.
...
