000 (643.005.000) 2023-01-06 15:15:29 Job submitted from host: <10.87.28.151:9618?addrs=10.87.28.151-9618&alias=brigand.esat.kuleuven.be&noUDP&sock=schedd_2187_adb6>
...
001 (643.005.000) 2023-01-08 02:36:58 Job executing on host: <10.87.28.118:9618?addrs=10.87.28.118-9618&alias=stadius-nc-5.esat.kuleuven.be&noUDP&sock=startd_4288_ca31>
...
006 (643.005.000) 2023-01-08 02:37:07 Image size of job updated: 342624
	79  -  MemoryUsage of job (MB)
	79888  -  ResidentSetSize of job (KB)
...
006 (643.005.000) 2023-01-08 02:42:08 Image size of job updated: 385438740
	10575  -  MemoryUsage of job (MB)
	10828528  -  ResidentSetSize of job (KB)
...
006 (643.005.000) 2023-01-08 02:47:09 Image size of job updated: 434964148
	10908  -  MemoryUsage of job (MB)
	11169176  -  ResidentSetSize of job (KB)
...
006 (643.005.000) 2023-01-08 02:52:09 Image size of job updated: 434964148
	10908  -  MemoryUsage of job (MB)
	11169184  -  ResidentSetSize of job (KB)
...
006 (643.005.000) 2023-01-08 03:02:11 Image size of job updated: 439205176
	10908  -  MemoryUsage of job (MB)
	11169184  -  ResidentSetSize of job (KB)
...
006 (643.005.000) 2023-01-08 03:52:16 Image size of job updated: 439359088
	10908  -  MemoryUsage of job (MB)
	11169184  -  ResidentSetSize of job (KB)
...
006 (643.005.000) 2023-01-08 06:07:29 Image size of job updated: 439477928
	10908  -  MemoryUsage of job (MB)
	11169184  -  ResidentSetSize of job (KB)
...
006 (643.005.000) 2023-01-08 07:02:35 Image size of job updated: 439543248
	10908  -  MemoryUsage of job (MB)
	11169184  -  ResidentSetSize of job (KB)
...
006 (643.005.000) 2023-01-08 07:27:36 Image size of job updated: 439556748
	10908  -  MemoryUsage of job (MB)
	11169184  -  ResidentSetSize of job (KB)
...
006 (643.005.000) 2023-01-08 08:22:43 Image size of job updated: 439594552
	10908  -  MemoryUsage of job (MB)
	11169184  -  ResidentSetSize of job (KB)
...
006 (643.005.000) 2023-01-08 11:08:01 Image size of job updated: 440080604
	10908  -  MemoryUsage of job (MB)
	11169184  -  ResidentSetSize of job (KB)
...
006 (643.005.000) 2023-01-08 11:23:03 Image size of job updated: 442202468
	10908  -  MemoryUsage of job (MB)
	11169184  -  ResidentSetSize of job (KB)
...
005 (643.005.000) 2023-01-08 11:54:03 Job terminated.
	(1) Normal termination (return value 0)
		Usr 1 05:34:42, Sys 0 17:27:55  -  Run Remote Usage
		Usr 0 00:00:00, Sys 0 00:00:00  -  Run Local Usage
		Usr 1 05:34:42, Sys 0 17:27:55  -  Total Remote Usage
		Usr 0 00:00:00, Sys 0 00:00:00  -  Total Local Usage
	0  -  Run Bytes Sent By Job
	0  -  Run Bytes Received By Job
	0  -  Total Bytes Sent By Job
	0  -  Total Bytes Received By Job
	Partitionable Resources :    Usage  Request Allocated Assigned
	   Cpus                 :     6.40       16        16 
	   Disk (KB)            :     1           1   1823526 
	   Gpus (Average)       :     0.44        1         1 "CUDA0"
	   GpusMemory (MB)      :  5812                       
	   Memory (MB)          : 10908       16384     16384 

	Job terminated of its own accord at 2023-01-08T10:54:03Z.
...
